1.7140 	WARNING 	We strongly recommend you activate the PTB sound engine in PsychoPy prefs as the preferred audio engine. Its timing is vastly superior. Your prefs are currently set to use ['sounddevice', 'PTB', 'pyo', 'pygame'] (in that order).
8.4452 	EXP 	Created window1 = Window(allowGUI=False, allowStencil=False, args=UNKNOWN, autoLog=True, bitsMode=UNKNOWN, blendMode='avg', bpc=(8, 8, 8), color=array([0., 0., 0.]), colorSpace='rgb', depthBits=8, fullscr=<method-wrapper '__getattribute__' of attributeSetter object at 0x0000024D11FF2588>, gamma=None, gammaErrorPolicy='raise', kwargs=UNKNOWN, lms=UNKNOWN, monitor=<psychopy.monitors.calibTools.Monitor object at 0x0000024D11E80550>, multiSample=False, name='window1', numSamples=2, pos=[0.0, 0.0], screen=0, size=array([1366,  768]), stencilBits=0, stereo=False, units='height', useFBO=True, useRetina=False, viewOri=0.0, viewPos=None, viewScale=None, waitBlanking=True, winType='pyglet')
8.4453 	EXP 	window1: mouseVisible = True
8.4453 	EXP 	window1: recordFrameIntervals = False
8.6120 	EXP 	window1: recordFrameIntervals = True
8.7953 	EXP 	window1: recordFrameIntervals = False
8.9597 	EXP 	Created press_space = TextStim(__class__=<class 'psychopy.visual.text.TextStim'>, alignHoriz=method-wrapper(...), alignText='center', alignVert=method-wrapper(...), anchorHoriz='center', anchorVert='center', antialias=True, autoLog=True, bold=False, color='white', colorSpace='named', contrast=1.0, depth=0.0, flipHoriz=False, flipVert=False, font='Arial', fontFiles=[], height=0.05, italic=False, languageStyle='LTR', name='press_space', opacity=1.0, ori=0, pos=array([ 0. , -0.2]), rgb=array([255., 255., 255.]), text='Press space to continue', units='height', win=Window(...), wrapWidth=1)
8.9811 	EXP 	Created title_text = TextStim(__class__=<class 'psychopy.visual.text.TextStim'>, alignHoriz=method-wrapper(...), alignText='center', alignVert=method-wrapper(...), anchorHoriz='center', anchorVert='center', antialias=True, autoLog=True, bold=False, color='white', colorSpace='named', contrast=1.0, depth=-1.0, flipHoriz=False, flipVert=False, font='Arial', fontFiles=[], height=0.1, italic=False, languageStyle='LTR', name='title_text', opacity=1.0, ori=0, pos=array([0., 0.]), rgb=array([255., 255., 255.]), text='Headphone Calibration Check', units='height', win=Window(...), wrapWidth=1)
9.0014 	EXP 	Created text_2 = TextStim(__class__=<class 'psychopy.visual.text.TextStim'>, alignHoriz=method-wrapper(...), alignText='center', alignVert=method-wrapper(...), anchorHoriz='center', anchorVert='center', antialias=True, autoLog=True, bold=False, color='white', colorSpace='named', contrast=1.0, depth=-1.0, flipHoriz=False, flipVert=False, font='Arial', fontFiles=[], height=0.03, italic=False, languageStyle='LTR', name='text_2', opacity=1.0, ori=0, pos=array([0. , 0.1]), rgb=array([255., 255., 255.]), text=str(...), units='height', win=Window(...), wrapWidth=1)
9.0063 	EXP 	Created text = TextStim(__class__=<class 'psychopy.visual.text.TextStim'>, alignHoriz=method-wrapper(...), alignText='center', alignVert=method-wrapper(...), anchorHoriz='center', anchorVert='center', antialias=True, autoLog=True, bold=False, color='white', colorSpace='named', contrast=1.0, depth=-2.0, flipHoriz=False, flipVert=False, font='Arial', fontFiles=[], height=0.1, italic=False, languageStyle='LTR', name='text', opacity=1.0, ori=0, pos=array([0., 0.]), rgb=array([255., 255., 255.]), text='default text', units='height', win=Window(...), wrapWidth=1)
9.0194 	EXP 	Sound sound_1 set volume 1.000
9.0488 	EXP 	press_space: autoDraw = True
9.0488 	EXP 	title_text: autoDraw = True
9.5689 	EXP 	Imported desired_db.xlsx as conditions, 15 conditions, 1 params
9.5692 	EXP 	Created sequence: sequential, trialTypes=15, nReps=1, seed=None
9.5693 	EXP 	New trial (rep=0, index=0): OrderedDict([('desired_db', 30)])
9.6648 	EXP 	window1: mouseVisible = True
1.6827 	WARNING 	We strongly recommend you activate the PTB sound engine in PsychoPy prefs as the preferred audio engine. Its timing is vastly superior. Your prefs are currently set to use ['sounddevice', 'PTB', 'pyo', 'pygame'] (in that order).
8.1267 	EXP 	Created window1 = Window(allowGUI=False, allowStencil=False, args=UNKNOWN, autoLog=True, bitsMode=UNKNOWN, blendMode='avg', bpc=(8, 8, 8), color=array([0., 0., 0.]), colorSpace='rgb', depthBits=8, fullscr=<method-wrapper '__getattribute__' of attributeSetter object at 0x00000246120E2518>, gamma=None, gammaErrorPolicy='raise', kwargs=UNKNOWN, lms=UNKNOWN, monitor=<psychopy.monitors.calibTools.Monitor object at 0x0000024611F714E0>, multiSample=False, name='window1', numSamples=2, pos=[0.0, 0.0], screen=0, size=array([1366,  768]), stencilBits=0, stereo=False, units='height', useFBO=True, useRetina=False, viewOri=0.0, viewPos=None, viewScale=None, waitBlanking=True, winType='pyglet')
8.1268 	EXP 	window1: mouseVisible = True
8.1268 	EXP 	window1: recordFrameIntervals = False
8.2925 	EXP 	window1: recordFrameIntervals = True
8.4768 	EXP 	window1: recordFrameIntervals = False
8.6409 	EXP 	Created press_space = TextStim(__class__=<class 'psychopy.visual.text.TextStim'>, alignHoriz=method-wrapper(...), alignText='center', alignVert=method-wrapper(...), anchorHoriz='center', anchorVert='center', antialias=True, autoLog=True, bold=False, color='white', colorSpace='named', contrast=1.0, depth=0.0, flipHoriz=False, flipVert=False, font='Arial', fontFiles=[], height=0.05, italic=False, languageStyle='LTR', name='press_space', opacity=1.0, ori=0, pos=array([ 0. , -0.2]), rgb=array([255., 255., 255.]), text='Press space to continue', units='height', win=Window(...), wrapWidth=1)
8.6626 	EXP 	Created title_text = TextStim(__class__=<class 'psychopy.visual.text.TextStim'>, alignHoriz=method-wrapper(...), alignText='center', alignVert=method-wrapper(...), anchorHoriz='center', anchorVert='center', antialias=True, autoLog=True, bold=False, color='white', colorSpace='named', contrast=1.0, depth=-1.0, flipHoriz=False, flipVert=False, font='Arial', fontFiles=[], height=0.1, italic=False, languageStyle='LTR', name='title_text', opacity=1.0, ori=0, pos=array([0., 0.]), rgb=array([255., 255., 255.]), text='Headphone Calibration Check', units='height', win=Window(...), wrapWidth=1)
8.6809 	EXP 	Created text_2 = TextStim(__class__=<class 'psychopy.visual.text.TextStim'>, alignHoriz=method-wrapper(...), alignText='center', alignVert=method-wrapper(...), anchorHoriz='center', anchorVert='center', antialias=True, autoLog=True, bold=False, color='white', colorSpace='named', contrast=1.0, depth=-1.0, flipHoriz=False, flipVert=False, font='Arial', fontFiles=[], height=0.03, italic=False, languageStyle='LTR', name='text_2', opacity=1.0, ori=0, pos=array([0. , 0.1]), rgb=array([255., 255., 255.]), text=str(...), units='height', win=Window(...), wrapWidth=1)
8.6856 	EXP 	Created text = TextStim(__class__=<class 'psychopy.visual.text.TextStim'>, alignHoriz=method-wrapper(...), alignText='center', alignVert=method-wrapper(...), anchorHoriz='center', anchorVert='center', antialias=True, autoLog=True, bold=False, color='white', colorSpace='named', contrast=1.0, depth=-2.0, flipHoriz=False, flipVert=False, font='Arial', fontFiles=[], height=0.1, italic=False, languageStyle='LTR', name='text', opacity=1.0, ori=0, pos=array([0., 0.]), rgb=array([255., 255., 255.]), text='default text', units='height', win=Window(...), wrapWidth=1)
8.6983 	EXP 	Sound sound_1 set volume 1.000
8.7282 	EXP 	press_space: autoDraw = True
8.7282 	EXP 	title_text: autoDraw = True
9.1487 	DATA 	Keypress: n
9.5317 	DATA 	Keypress: space
9.5847 	EXP 	Imported desired_db.xlsx as conditions, 15 conditions, 1 params
9.5849 	EXP 	Created sequence: sequential, trialTypes=15, nReps=1, seed=None
9.5850 	EXP 	New trial (rep=0, index=0): OrderedDict([('desired_db', 30)])
9.5956 	EXP 	press_space: autoDraw = False
9.5956 	EXP 	title_text: autoDraw = False
9.5956 	EXP 	text: text = 30.0
9.5956 	EXP 	text_2: autoDraw = True
9.5956 	EXP 	text: autoDraw = True
11.4841 	DATA 	Keypress: up
12.3021 	EXP 	New trial (rep=0, index=1): OrderedDict([('desired_db', 35)])
12.3077 	DATA 	Keypress: space
12.3136 	EXP 	text_2: autoDraw = False
12.3136 	EXP 	text: autoDraw = False
12.3136 	EXP 	text: text = 35.0
12.3136 	EXP 	text_2: autoDraw = True
12.3136 	EXP 	text: autoDraw = True
12.6849 	EXP 	New trial (rep=0, index=2): OrderedDict([('desired_db', 40)])
12.6902 	DATA 	Keypress: space
12.6972 	EXP 	text_2: autoDraw = False
12.6972 	EXP 	text: autoDraw = False
12.6972 	EXP 	text: text = 40.0
12.6972 	EXP 	text_2: autoDraw = True
12.6972 	EXP 	text: autoDraw = True
12.9856 	EXP 	New trial (rep=0, index=3): OrderedDict([('desired_db', 45)])
12.9904 	DATA 	Keypress: space
12.9975 	EXP 	text_2: autoDraw = False
12.9975 	EXP 	text: autoDraw = False
12.9975 	EXP 	text: text = 45.0
12.9975 	EXP 	text_2: autoDraw = True
12.9975 	EXP 	text: autoDraw = True
13.1697 	EXP 	New trial (rep=0, index=4): OrderedDict([('desired_db', 50)])
13.1737 	DATA 	Keypress: space
13.1812 	EXP 	text_2: autoDraw = False
13.1812 	EXP 	text: autoDraw = False
13.1812 	EXP 	text: text = 50.0
13.1812 	EXP 	text_2: autoDraw = True
13.1812 	EXP 	text: autoDraw = True
13.3362 	EXP 	New trial (rep=0, index=5): OrderedDict([('desired_db', 55)])
13.3405 	DATA 	Keypress: space
13.3479 	EXP 	text_2: autoDraw = False
13.3479 	EXP 	text: autoDraw = False
13.3479 	EXP 	text: text = 55.0
13.3479 	EXP 	text_2: autoDraw = True
13.3479 	EXP 	text: autoDraw = True
13.6001 	WARNING 	Got keycode {} but that code isn't yet known
13.6001 	WARNING 	Keypress was given unknown key code (176)
14.2018 	WARNING 	Got keycode {} but that code isn't yet known
14.2019 	WARNING 	Keypress was given unknown key code (174)
14.6035 	EXP 	New trial (rep=0, index=6): OrderedDict([('desired_db', 60)])
14.6099 	DATA 	Keypress: space
14.6159 	EXP 	text_2: autoDraw = False
14.6159 	EXP 	text: autoDraw = False
14.6159 	EXP 	text: text = 60.0
14.6159 	EXP 	text_2: autoDraw = True
14.6159 	EXP 	text: autoDraw = True
14.7701 	DATA 	Keypress: space
14.7868 	EXP 	New trial (rep=0, index=7): OrderedDict([('desired_db', 65)])
14.7998 	EXP 	text_2: autoDraw = False
14.7998 	EXP 	text: autoDraw = False
14.7998 	EXP 	text: text = 65.0
14.7998 	EXP 	text_2: autoDraw = True
14.7998 	EXP 	text: autoDraw = True
15.2214 	EXP 	New trial (rep=0, index=8): OrderedDict([('desired_db', 70)])
15.2282 	DATA 	Keypress: space
15.2331 	EXP 	text_2: autoDraw = False
15.2331 	EXP 	text: autoDraw = False
15.2331 	EXP 	text: text = 70.0
15.2331 	EXP 	text_2: autoDraw = True
15.2331 	EXP 	text: autoDraw = True
15.5212 	EXP 	New trial (rep=0, index=9): OrderedDict([('desired_db', 75)])
15.5262 	DATA 	Keypress: space
15.5335 	EXP 	text_2: autoDraw = False
15.5335 	EXP 	text: autoDraw = False
15.5335 	EXP 	text: text = 75.0
15.5335 	EXP 	text_2: autoDraw = True
15.5335 	EXP 	text: autoDraw = True
16.1885 	EXP 	New trial (rep=0, index=10): OrderedDict([('desired_db', 80)])
16.1950 	DATA 	Keypress: space
16.2010 	EXP 	text_2: autoDraw = False
16.2010 	EXP 	text: autoDraw = False
16.2010 	EXP 	text: text = 80.0
16.2010 	EXP 	text_2: autoDraw = True
16.2010 	EXP 	text: autoDraw = True
17.2736 	EXP 	New trial (rep=0, index=11): OrderedDict([('desired_db', 85)])
17.2779 	DATA 	Keypress: space
17.2851 	EXP 	text_2: autoDraw = False
17.2851 	EXP 	text: autoDraw = False
17.2851 	EXP 	text: text = 85.0
17.2851 	EXP 	text_2: autoDraw = True
17.2851 	EXP 	text: autoDraw = True
18.0068 	EXP 	New trial (rep=0, index=12): OrderedDict([('desired_db', 90)])
18.0128 	DATA 	Keypress: space
18.0193 	EXP 	text_2: autoDraw = False
18.0193 	EXP 	text: autoDraw = False
18.0193 	EXP 	text: text = 90.0
18.0193 	EXP 	text_2: autoDraw = True
18.0193 	EXP 	text: autoDraw = True
19.7249 	DATA 	Keypress: space
19.7428 	EXP 	New trial (rep=0, index=13): OrderedDict([('desired_db', 95)])
19.7544 	EXP 	text_2: autoDraw = False
19.7544 	EXP 	text: autoDraw = False
19.7544 	EXP 	text: text = 95.0
19.7544 	EXP 	text_2: autoDraw = True
19.7544 	EXP 	text: autoDraw = True
20.4605 	DATA 	Keypress: escape
20.7172 	EXP 	window1: mouseVisible = True
