0.9933 	WARNING 	We strongly recommend you activate the PTB sound engine in PsychoPy prefs as the preferred audio engine. Its timing is vastly superior. Your prefs are currently set to use ['sounddevice', 'PTB', 'pyo', 'pygame'] (in that order).
7.2103 	EXP 	Created window1 = Window(allowGUI=False, allowStencil=False, args=UNKNOWN, autoLog=True, bitsMode=UNKNOWN, blendMode='avg', bpc=(8, 8, 8), color=array([0., 0., 0.]), colorSpace='rgb', depthBits=8, fullscr=<method-wrapper '__getattribute__' of attributeSetter object at 0x000001E5B3F84A90>, gamma=None, gammaErrorPolicy='raise', kwargs=UNKNOWN, lms=UNKNOWN, monitor=<psychopy.monitors.calibTools.Monitor object at 0x000001E5B3FEC358>, multiSample=False, name='window1', numSamples=2, pos=[0.0, 0.0], screen=0, size=array([1366,  768]), stencilBits=0, stereo=False, units='height', useFBO=True, useRetina=False, viewOri=0.0, viewPos=None, viewScale=None, waitBlanking=True, winType='pyglet')
7.2104 	EXP 	window1: recordFrameIntervals = False
7.3764 	EXP 	window1: recordFrameIntervals = True
7.5597 	EXP 	window1: recordFrameIntervals = False
7.8176 	EXP 	Created text = TextStim(__class__=<class 'psychopy.visual.text.TextStim'>, alignHoriz=method-wrapper(...), alignText='center', alignVert=method-wrapper(...), anchorHoriz='center', anchorVert='center', antialias=True, autoLog=True, bold=False, color='white', colorSpace='named', contrast=1.0, depth=-1.0, flipHoriz=False, flipVert=False, font='Arial', fontFiles=[], height=0.1, italic=False, languageStyle='LTR', name='text', opacity=1.0, ori=0, pos=array([0., 0.]), rgb=array([255., 255., 255.]), text=str(...), units='height', win=Window(...), wrapWidth=1)
7.8535 	EXP 	Created text_2 = TextStim(__class__=<class 'psychopy.visual.text.TextStim'>, alignHoriz=method-wrapper(...), alignText='center', alignVert=method-wrapper(...), anchorHoriz='center', anchorVert='center', antialias=True, autoLog=True, bold=False, color='white', colorSpace='named', contrast=1.0, depth=0.0, flipHoriz=False, flipVert=False, font='Arial', fontFiles=[], height=0.05, italic=False, languageStyle='LTR', name='text_2', opacity=1.0, ori=0, pos=array([0., 0.]), rgb=array([255., 255., 255.]), text=str(...), units='height', win=Window(...), wrapWidth=1)
7.8687 	EXP 	Created text_3 = TextStim(__class__=<class 'psychopy.visual.text.TextStim'>, alignHoriz=method-wrapper(...), alignText='center', alignVert=method-wrapper(...), anchorHoriz='center', anchorVert='center', antialias=True, autoLog=True, bold=False, color='white', colorSpace='named', contrast=1.0, depth=0.0, flipHoriz=False, flipVert=False, font='Arial', fontFiles=[], height=0.05, italic=False, languageStyle='LTR', name='text_3', opacity=1.0, ori=0, pos=array([0., 0.]), rgb=array([255., 255., 255.]), text=str(...), units='height', win=Window(...), wrapWidth=1)
7.9061 	EXP 	Created text_4 = TextStim(__class__=<class 'psychopy.visual.text.TextStim'>, alignHoriz=method-wrapper(...), alignText='center', alignVert=method-wrapper(...), anchorHoriz='center', anchorVert='center', antialias=True, autoLog=True, bold=False, color='white', colorSpace='named', contrast=1.0, depth=0.0, flipHoriz=False, flipVert=False, font='Arial', fontFiles=[], height=0.05, italic=False, languageStyle='LTR', name='text_4', opacity=1.0, ori=0, pos=array([0., 0.]), rgb=array([255., 255., 255.]), text=str(...), units='height', win=Window(...), wrapWidth=1)
8.1631 	EXP 	Sound sound_1 set volume 1.000
8.1848 	EXP 	Created question_text = TextStim(__class__=<class 'psychopy.visual.text.TextStim'>, alignHoriz=method-wrapper(...), alignText='center', alignVert=method-wrapper(...), anchorHoriz='center', anchorVert='center', antialias=True, autoLog=True, bold=False, color='white', colorSpace='named', contrast=1.0, depth=-3.0, flipHoriz=False, flipVert=False, font='Arial', fontFiles=[], height=0.1, italic=False, languageStyle='LTR', name='question_text', opacity=1.0, ori=0, pos=array([ 0. , -0.2]), rgb=array([255., 255., 255.]), text="'Does your db SPL meter read 113 db SPL?'", units='height', win=Window(...), wrapWidth=1)
8.1927 	EXP 	Created level_text = TextStim(__class__=<class 'psychopy.visual.text.TextStim'>, alignHoriz=method-wrapper(...), alignText='center', alignVert=method-wrapper(...), anchorHoriz='center', anchorVert='center', antialias=True, autoLog=True, bold=False, color='white', colorSpace='named', contrast=1.0, depth=-4.0, flipHoriz=False, flipVert=False, font='Arial', fontFiles=[], height=0.1, italic=False, languageStyle='LTR', name='level_text', opacity=1.0, ori=0, pos=array([0., 0.]), rgb=array([255., 255., 255.]), text='default text', units='height', win=Window(...), wrapWidth=1)
8.2240 	EXP 	text: autoDraw = True
8.5771 	WARNING 	Got keycode {} but that code isn't yet known
8.5771 	WARNING 	Keypress was given unknown key code (174)
8.7783 	WARNING 	Got keycode {} but that code isn't yet known
8.7783 	WARNING 	Keypress was given unknown key code (174)
9.3483 	DATA 	Keypress: space
9.3582 	EXP 	text: autoDraw = False
9.3582 	EXP 	text_2: autoDraw = True
14.2937 	DATA 	Keypress: space
14.3030 	EXP 	text_2: autoDraw = False
14.3030 	EXP 	text_3: autoDraw = True
15.2379 	WARNING 	Got keycode {} but that code isn't yet known
15.2379 	WARNING 	Keypress was given unknown key code (174)
15.9031 	WARNING 	Got keycode {} but that code isn't yet known
15.9031 	WARNING 	Keypress was given unknown key code (174)
16.1037 	WARNING 	Got keycode {} but that code isn't yet known
16.1037 	WARNING 	Keypress was given unknown key code (174)
16.2525 	WARNING 	Got keycode {} but that code isn't yet known
16.2525 	WARNING 	Keypress was given unknown key code (174)
16.4031 	WARNING 	Got keycode {} but that code isn't yet known
16.4032 	WARNING 	Keypress was given unknown key code (174)
16.5692 	WARNING 	Got keycode {} but that code isn't yet known
16.5692 	WARNING 	Keypress was given unknown key code (174)
16.7188 	WARNING 	Got keycode {} but that code isn't yet known
16.7188 	WARNING 	Keypress was given unknown key code (174)
16.8694 	WARNING 	Got keycode {} but that code isn't yet known
16.8694 	WARNING 	Keypress was given unknown key code (174)
17.0189 	WARNING 	Got keycode {} but that code isn't yet known
17.0190 	WARNING 	Keypress was given unknown key code (174)
17.1526 	WARNING 	Got keycode {} but that code isn't yet known
17.1526 	WARNING 	Keypress was given unknown key code (174)
17.3022 	WARNING 	Got keycode {} but that code isn't yet known
17.3023 	WARNING 	Keypress was given unknown key code (174)
17.4518 	WARNING 	Got keycode {} but that code isn't yet known
17.4518 	WARNING 	Keypress was given unknown key code (174)
17.6183 	WARNING 	Got keycode {} but that code isn't yet known
17.6183 	WARNING 	Keypress was given unknown key code (174)
17.7699 	WARNING 	Got keycode {} but that code isn't yet known
17.7700 	WARNING 	Keypress was given unknown key code (174)
17.9345 	WARNING 	Got keycode {} but that code isn't yet known
17.9345 	WARNING 	Keypress was given unknown key code (174)
18.1010 	WARNING 	Got keycode {} but that code isn't yet known
18.1010 	WARNING 	Keypress was given unknown key code (174)
18.2672 	WARNING 	Got keycode {} but that code isn't yet known
18.2672 	WARNING 	Keypress was given unknown key code (174)
18.4172 	WARNING 	Got keycode {} but that code isn't yet known
18.4172 	WARNING 	Keypress was given unknown key code (174)
18.5839 	WARNING 	Got keycode {} but that code isn't yet known
18.5839 	WARNING 	Keypress was given unknown key code (174)
18.7675 	WARNING 	Got keycode {} but that code isn't yet known
18.7675 	WARNING 	Keypress was given unknown key code (174)
18.9499 	WARNING 	Got keycode {} but that code isn't yet known
18.9499 	WARNING 	Keypress was given unknown key code (174)
19.1334 	WARNING 	Got keycode {} but that code isn't yet known
19.1334 	WARNING 	Keypress was given unknown key code (174)
19.3498 	WARNING 	Got keycode {} but that code isn't yet known
19.3498 	WARNING 	Keypress was given unknown key code (174)
21.3047 	DATA 	Keypress: space
21.3136 	EXP 	text_3: autoDraw = False
21.3136 	EXP 	text_4: autoDraw = True
22.3127 	WARNING 	Increasing number of minimum required reversals to the number of step sizes, (11).
22.3292 	EXP 	text_4: autoDraw = False
22.3292 	EXP 	level_text: text = 0.1
22.3292 	EXP 	question_text: autoDraw = True
22.3292 	EXP 	level_text: autoDraw = True
23.2329 	DATA 	Keypress: escape
23.6141 	EXP 	window1: mouseVisible = True
