2.0639 	WARNING 	We strongly recommend you activate the PTB sound engine in PsychoPy prefs as the preferred audio engine. Its timing is vastly superior. Your prefs are currently set to use ['sounddevice', 'PTB', 'pyo', 'pygame'] (in that order).
13.5074 	EXP 	Created window1 = Window(allowGUI=False, allowStencil=False, args=UNKNOWN, autoLog=True, bitsMode=UNKNOWN, blendMode='avg', bpc=(8, 8, 8), color=array([0., 0., 0.]), colorSpace='rgb', depthBits=8, fullscr=<method-wrapper '__getattribute__' of attributeSetter object at 0x00000250061025C0>, gamma=None, gammaErrorPolicy='raise', kwargs=UNKNOWN, lms=UNKNOWN, monitor=<psychopy.monitors.calibTools.Monitor object at 0x0000025005F905C0>, multiSample=False, name='window1', numSamples=2, pos=[0.0, 0.0], screen=0, size=array([1366,  768]), stencilBits=0, stereo=False, units='height', useFBO=True, useRetina=False, viewOri=0.0, viewPos=None, viewScale=None, waitBlanking=True, winType='pyglet')
13.5075 	EXP 	window1: mouseVisible = True
13.5075 	EXP 	window1: recordFrameIntervals = False
13.6735 	EXP 	window1: recordFrameIntervals = True
13.8574 	EXP 	window1: recordFrameIntervals = False
14.0676 	EXP 	Created press_space = TextStim(__class__=<class 'psychopy.visual.text.TextStim'>, alignHoriz=method-wrapper(...), alignText='center', alignVert=method-wrapper(...), anchorHoriz='center', anchorVert='center', antialias=True, autoLog=True, bold=False, color='white', colorSpace='named', contrast=1.0, depth=0.0, flipHoriz=False, flipVert=False, font='Arial', fontFiles=[], height=0.05, italic=False, languageStyle='LTR', name='press_space', opacity=1.0, ori=0, pos=array([ 0. , -0.2]), rgb=array([255., 255., 255.]), text='Press space to continue', units='height', win=Window(...), wrapWidth=1)
14.0961 	EXP 	Created title_text = TextStim(__class__=<class 'psychopy.visual.text.TextStim'>, alignHoriz=method-wrapper(...), alignText='center', alignVert=method-wrapper(...), anchorHoriz='center', anchorVert='center', antialias=True, autoLog=True, bold=False, color='white', colorSpace='named', contrast=1.0, depth=-1.0, flipHoriz=False, flipVert=False, font='Arial', fontFiles=[], height=0.1, italic=False, languageStyle='LTR', name='title_text', opacity=1.0, ori=0, pos=array([0., 0.]), rgb=array([255., 255., 255.]), text='Headphone Calibration Check', units='height', win=Window(...), wrapWidth=1)
14.1215 	EXP 	Created text_2 = TextStim(__class__=<class 'psychopy.visual.text.TextStim'>, alignHoriz=method-wrapper(...), alignText='center', alignVert=method-wrapper(...), anchorHoriz='center', anchorVert='center', antialias=True, autoLog=True, bold=False, color='white', colorSpace='named', contrast=1.0, depth=-1.0, flipHoriz=False, flipVert=False, font='Arial', fontFiles=[], height=0.03, italic=False, languageStyle='LTR', name='text_2', opacity=1.0, ori=0, pos=array([0. , 0.1]), rgb=array([255., 255., 255.]), text=str(...), units='height', win=Window(...), wrapWidth=1)
14.1288 	EXP 	Created text = TextStim(__class__=<class 'psychopy.visual.text.TextStim'>, alignHoriz=method-wrapper(...), alignText='center', alignVert=method-wrapper(...), anchorHoriz='center', anchorVert='center', antialias=True, autoLog=True, bold=False, color='white', colorSpace='named', contrast=1.0, depth=-2.0, flipHoriz=False, flipVert=False, font='Arial', fontFiles=[], height=0.1, italic=False, languageStyle='LTR', name='text', opacity=1.0, ori=0, pos=array([0., 0.]), rgb=array([255., 255., 255.]), text='default text', units='height', win=Window(...), wrapWidth=1)
14.1461 	EXP 	Sound sound_1 set volume 1.000
14.1785 	EXP 	press_space: autoDraw = True
14.1785 	EXP 	title_text: autoDraw = True
15.3128 	DATA 	Keypress: space
15.3735 	EXP 	Imported desired_db.xlsx as conditions, 15 conditions, 1 params
15.3738 	EXP 	Created sequence: sequential, trialTypes=15, nReps=1, seed=None
15.3740 	EXP 	New trial (rep=0, index=0): OrderedDict([('desired_db', 30)])
15.3846 	EXP 	press_space: autoDraw = False
15.3846 	EXP 	title_text: autoDraw = False
15.3846 	EXP 	text: text = 30.0
15.3846 	EXP 	text_2: autoDraw = True
15.3846 	EXP 	text: autoDraw = True
16.3139 	DATA 	Keypress: space
16.3318 	EXP 	New trial (rep=0, index=1): OrderedDict([('desired_db', 35)])
16.3428 	EXP 	text_2: autoDraw = False
16.3428 	EXP 	text: autoDraw = False
16.3428 	EXP 	text: text = 35.0
16.3428 	EXP 	text_2: autoDraw = True
16.3428 	EXP 	text: autoDraw = True
16.4805 	EXP 	New trial (rep=0, index=2): OrderedDict([('desired_db', 40)])
16.4876 	DATA 	Keypress: space
16.4929 	EXP 	text_2: autoDraw = False
16.4929 	EXP 	text: autoDraw = False
16.4929 	EXP 	text: text = 40.0
16.4929 	EXP 	text_2: autoDraw = True
16.4929 	EXP 	text: autoDraw = True
16.6150 	EXP 	New trial (rep=0, index=3): OrderedDict([('desired_db', 45)])
16.6205 	DATA 	Keypress: space
16.6263 	EXP 	text_2: autoDraw = False
16.6263 	EXP 	text: autoDraw = False
16.6263 	EXP 	text: text = 45.0
16.6263 	EXP 	text_2: autoDraw = True
16.6263 	EXP 	text: autoDraw = True
16.7481 	EXP 	New trial (rep=0, index=4): OrderedDict([('desired_db', 50)])
16.7530 	DATA 	Keypress: space
16.7599 	EXP 	text_2: autoDraw = False
16.7599 	EXP 	text: autoDraw = False
16.7599 	EXP 	text: text = 50.0
16.7599 	EXP 	text_2: autoDraw = True
16.7599 	EXP 	text: autoDraw = True
16.8980 	EXP 	New trial (rep=0, index=5): OrderedDict([('desired_db', 55)])
16.9029 	DATA 	Keypress: space
16.9102 	EXP 	text_2: autoDraw = False
16.9102 	EXP 	text: autoDraw = False
16.9102 	EXP 	text: text = 55.0
16.9102 	EXP 	text_2: autoDraw = True
16.9102 	EXP 	text: autoDraw = True
17.0488 	EXP 	New trial (rep=0, index=6): OrderedDict([('desired_db', 60)])
17.0554 	DATA 	Keypress: space
17.0602 	EXP 	text_2: autoDraw = False
17.0602 	EXP 	text: autoDraw = False
17.0602 	EXP 	text: text = 60.0
17.0602 	EXP 	text_2: autoDraw = True
17.0602 	EXP 	text: autoDraw = True
17.2156 	EXP 	New trial (rep=0, index=7): OrderedDict([('desired_db', 65)])
17.2211 	DATA 	Keypress: space
17.2273 	EXP 	text_2: autoDraw = False
17.2273 	EXP 	text: autoDraw = False
17.2273 	EXP 	text: text = 65.0
17.2273 	EXP 	text_2: autoDraw = True
17.2273 	EXP 	text: autoDraw = True
17.5650 	EXP 	New trial (rep=0, index=8): OrderedDict([('desired_db', 70)])
17.5718 	DATA 	Keypress: space
17.5773 	EXP 	text_2: autoDraw = False
17.5773 	EXP 	text: autoDraw = False
17.5773 	EXP 	text: text = 70.0
17.5773 	EXP 	text_2: autoDraw = True
17.5773 	EXP 	text: autoDraw = True
18.0493 	EXP 	New trial (rep=0, index=9): OrderedDict([('desired_db', 75)])
18.0544 	DATA 	Keypress: space
18.0611 	EXP 	text_2: autoDraw = False
18.0611 	EXP 	text: autoDraw = False
18.0611 	EXP 	text: text = 75.0
18.0611 	EXP 	text_2: autoDraw = True
18.0611 	EXP 	text: autoDraw = True
21.8000 	WARNING 	Got keycode {} but that code isn't yet known
21.8000 	WARNING 	Keypress was given unknown key code (176)
22.3525 	WARNING 	Got keycode {} but that code isn't yet known
22.3526 	WARNING 	Keypress was given unknown key code (174)
28.2596 	EXP 	New trial (rep=0, index=10): OrderedDict([('desired_db', 80)])
28.2667 	DATA 	Keypress: space
28.2714 	EXP 	text_2: autoDraw = False
28.2714 	EXP 	text: autoDraw = False
28.2714 	EXP 	text: text = 80.0
28.2714 	EXP 	text_2: autoDraw = True
28.2714 	EXP 	text: autoDraw = True
29.9614 	DATA 	Keypress: escape
30.2351 	EXP 	window1: mouseVisible = True
