2.4629 	WARNING 	We strongly recommend you activate the PTB sound engine in PsychoPy prefs as the preferred audio engine. Its timing is vastly superior. Your prefs are currently set to use ['sounddevice', 'PTB', 'pyo', 'pygame'] (in that order).
12.9184 	WARNING 	User requested fullscreen with size [1024  768], but screen is actually [1366, 768]. Using actual size
15.4750 	EXP 	Created window1 = Window(allowGUI=False, allowStencil=False, args=UNKNOWN, autoLog=True, bitsMode=UNKNOWN, blendMode='avg', bpc=(8, 8, 8), color=array([0., 0., 0.]), colorSpace='rgb', depthBits=8, fullscr=<method-wrapper '__getattribute__' of attributeSetter object at 0x00000248B50613C8>, gamma=None, gammaErrorPolicy='raise', kwargs=UNKNOWN, lms=UNKNOWN, monitor=<psychopy.monitors.calibTools.Monitor object at 0x00000248B4FF1390>, multiSample=False, name='window1', numSamples=2, pos=[0.0, 0.0], screen=0, size=array([1366,  768]), stencilBits=0, stereo=False, units='height', useFBO=True, useRetina=False, viewOri=0.0, viewPos=None, viewScale=None, waitBlanking=True, winType='pyglet')
15.4752 	EXP 	window1: mouseVisible = True
15.4753 	EXP 	window1: recordFrameIntervals = False
15.6404 	EXP 	window1: recordFrameIntervals = True
15.8240 	EXP 	window1: recordFrameIntervals = False
16.1433 	EXP 	Created press_space = TextStim(__class__=<class 'psychopy.visual.text.TextStim'>, alignHoriz=method-wrapper(...), alignText='center', alignVert=method-wrapper(...), anchorHoriz='center', anchorVert='center', antialias=True, autoLog=True, bold=False, color='white', colorSpace='named', contrast=1.0, depth=0.0, flipHoriz=False, flipVert=False, font='Arial', fontFiles=[], height=0.05, italic=False, languageStyle='LTR', name='press_space', opacity=1.0, ori=0, pos=array([ 0. , -0.2]), rgb=array([255., 255., 255.]), text='Press space to continue', units='height', win=Window(...), wrapWidth=1)
16.1743 	EXP 	Created title_text = TextStim(__class__=<class 'psychopy.visual.text.TextStim'>, alignHoriz=method-wrapper(...), alignText='center', alignVert=method-wrapper(...), anchorHoriz='center', anchorVert='center', antialias=True, autoLog=True, bold=False, color='white', colorSpace='named', contrast=1.0, depth=-1.0, flipHoriz=False, flipVert=False, font='Arial', fontFiles=[], height=0.1, italic=False, languageStyle='LTR', name='title_text', opacity=1.0, ori=0, pos=array([0., 0.]), rgb=array([255., 255., 255.]), text='Headphone Calibration Check', units='height', win=Window(...), wrapWidth=1)
16.2071 	EXP 	Created text_2 = TextStim(__class__=<class 'psychopy.visual.text.TextStim'>, alignHoriz=method-wrapper(...), alignText='center', alignVert=method-wrapper(...), anchorHoriz='center', anchorVert='center', antialias=True, autoLog=True, bold=False, color='white', colorSpace='named', contrast=1.0, depth=0.0, flipHoriz=False, flipVert=False, font='Arial', fontFiles=[], height=0.03, italic=False, languageStyle='LTR', name='text_2', opacity=1.0, ori=0, pos=array([0. , 0.1]), rgb=array([255., 255., 255.]), text=str(...), units='height', win=Window(...), wrapWidth=1)
16.2140 	EXP 	Created text = TextStim(__class__=<class 'psychopy.visual.text.TextStim'>, alignHoriz=method-wrapper(...), alignText='center', alignVert=method-wrapper(...), anchorHoriz='center', anchorVert='center', antialias=True, autoLog=True, bold=False, color='white', colorSpace='named', contrast=1.0, depth=-1.0, flipHoriz=False, flipVert=False, font='Arial', fontFiles=[], height=0.1, italic=False, languageStyle='LTR', name='text', opacity=1.0, ori=0, pos=array([0., 0.]), rgb=array([255., 255., 255.]), text='default text', units='height', win=Window(...), wrapWidth=1)
16.6700 	EXP 	Sound sound_1 set volume 1.000
16.7020 	EXP 	press_space: autoDraw = True
16.7020 	EXP 	title_text: autoDraw = True
18.2314 	DATA 	Keypress: space
18.3205 	EXP 	Imported desired_db.xlsx as conditions, 15 conditions, 1 params
18.3209 	EXP 	Created sequence: sequential, trialTypes=15, nReps=1, seed=None
18.3213 	EXP 	New trial (rep=0, index=0): OrderedDict([('desired_db', 30)])
18.3320 	EXP 	press_space: autoDraw = False
18.3320 	EXP 	title_text: autoDraw = False
18.3320 	EXP 	text: text = 30
18.3320 	EXP 	text_2: autoDraw = True
18.3320 	EXP 	text: autoDraw = True
20.0824 	DATA 	Keypress: up
21.1174 	EXP 	New trial (rep=0, index=1): OrderedDict([('desired_db', 35)])
21.1228 	DATA 	Keypress: space
21.1291 	EXP 	text_2: autoDraw = False
21.1291 	EXP 	text: autoDraw = False
21.1291 	EXP 	text: text = 35
21.1291 	EXP 	text_2: autoDraw = True
21.1291 	EXP 	text: autoDraw = True
22.1682 	EXP 	New trial (rep=0, index=2): OrderedDict([('desired_db', 40)])
22.1741 	DATA 	Keypress: space
22.1805 	EXP 	text_2: autoDraw = False
22.1805 	EXP 	text: autoDraw = False
22.1805 	EXP 	text: text = 40
22.1805 	EXP 	text_2: autoDraw = True
22.1805 	EXP 	text: autoDraw = True
23.0865 	DATA 	Keypress: escape
23.3817 	EXP 	window1: mouseVisible = True
