3.3014 	WARNING 	We strongly recommend you activate the PTB sound engine in PsychoPy prefs as the preferred audio engine. Its timing is vastly superior. Your prefs are currently set to use ['sounddevice', 'PTB', 'pyo', 'pygame'] (in that order).
20.1461 	EXP 	Created window1 = Window(allowGUI=False, allowStencil=False, args=UNKNOWN, autoLog=True, bitsMode=UNKNOWN, blendMode='avg', bpc=(8, 8, 8), color=array([0., 0., 0.]), colorSpace='rgb', depthBits=8, fullscr=<method-wrapper '__getattribute__' of attributeSetter object at 0x00000215A475C1D0>, gamma=None, gammaErrorPolicy='raise', kwargs=UNKNOWN, lms=UNKNOWN, monitor=<psychopy.monitors.calibTools.Monitor object at 0x00000215A47B8A58>, multiSample=False, name='window1', numSamples=2, pos=[0.0, 0.0], screen=0, size=array([1366,  768]), stencilBits=0, stereo=False, units='height', useFBO=True, useRetina=False, viewOri=0.0, viewPos=None, viewScale=None, waitBlanking=True, winType='pyglet')
20.1462 	EXP 	window1: recordFrameIntervals = False
20.3125 	EXP 	window1: recordFrameIntervals = True
20.4052 	WARNING 	t of last frame was 25.98ms (=1/38)
20.5794 	EXP 	window1: recordFrameIntervals = False
20.8309 	EXP 	Created text = TextStim(__class__=<class 'psychopy.visual.text.TextStim'>, alignHoriz=method-wrapper(...), alignText='center', alignVert=method-wrapper(...), anchorHoriz='center', anchorVert='center', antialias=True, autoLog=True, bold=False, color='white', colorSpace='named', contrast=1.0, depth=-1.0, flipHoriz=False, flipVert=False, font='Arial', fontFiles=[], height=0.1, italic=False, languageStyle='LTR', name='text', opacity=1.0, ori=0, pos=array([0. , 0.5]), rgb=array([255., 255., 255.]), text=str(...), units='height', win=Window(...), wrapWidth=1)
20.8532 	EXP 	Sound sound_1 set volume 1.000
20.8702 	EXP 	Created question_text = TextStim(__class__=<class 'psychopy.visual.text.TextStim'>, alignHoriz=method-wrapper(...), alignText='center', alignVert=method-wrapper(...), anchorHoriz='center', anchorVert='center', antialias=True, autoLog=True, bold=False, color='white', colorSpace='named', contrast=1.0, depth=-3.0, flipHoriz=False, flipVert=False, font='Arial', fontFiles=[], height=0.1, italic=False, languageStyle='LTR', name='question_text', opacity=1.0, ori=0, pos=array([0. , 0.2]), rgb=array([255., 255., 255.]), text="'Does your db SPL meter read 113 db SPL?'", units='height', win=Window(...), wrapWidth=1)
20.8753 	EXP 	Created level_text = TextStim(__class__=<class 'psychopy.visual.text.TextStim'>, alignHoriz=method-wrapper(...), alignText='center', alignVert=method-wrapper(...), anchorHoriz='center', anchorVert='center', antialias=True, autoLog=True, bold=False, color='white', colorSpace='named', contrast=1.0, depth=-4.0, flipHoriz=False, flipVert=False, font='Arial', fontFiles=[], height=0.1, italic=False, languageStyle='LTR', name='level_text', opacity=1.0, ori=0, pos=array([ 0. , -0.2]), rgb=array([255., 255., 255.]), text='default text', units='height', win=Window(...), wrapWidth=1)
20.9047 	EXP 	text: autoDraw = True
21.5677 	DATA 	Mouse: Left button down, pos=(671,1)
21.6504 	DATA 	Mouse:  Left button up, pos=(671,1)
21.7839 	WARNING 	Increasing number of minimum required reversals to the number of step sizes, (11).
21.7912 	DATA 	Keypress: space
21.7967 	EXP 	text: autoDraw = False
21.7967 	EXP 	level_text: text = 0.1
21.7967 	EXP 	question_text: autoDraw = True
21.7967 	EXP 	level_text: autoDraw = True
23.8158 	DATA 	Keypress: up
23.8184 	EXP 	question_text: autoDraw = False
23.8184 	EXP 	level_text: autoDraw = False
23.8184 	EXP 	level_text: text = 0.6309573444801934
23.8184 	EXP 	question_text: autoDraw = True
23.8184 	EXP 	level_text: autoDraw = True
24.2913 	DATA 	Keypress: up
24.2995 	EXP 	question_text: autoDraw = False
24.2995 	EXP 	level_text: autoDraw = False
24.2995 	EXP 	level_text: text = 1
24.2995 	EXP 	question_text: autoDraw = True
24.2995 	EXP 	level_text: autoDraw = True
24.9455 	DATA 	Keypress: down
24.9499 	EXP 	question_text: autoDraw = False
24.9499 	EXP 	level_text: autoDraw = False
24.9499 	EXP 	level_text: text = 0.15848931924611132
24.9499 	EXP 	question_text: autoDraw = True
24.9499 	EXP 	level_text: autoDraw = True
25.1046 	DATA 	Keypress: down
25.1335 	EXP 	question_text: autoDraw = False
25.1335 	EXP 	level_text: autoDraw = False
25.1335 	EXP 	level_text: text = 0.02511886431509579
25.1335 	EXP 	question_text: autoDraw = True
25.1335 	EXP 	level_text: autoDraw = True
25.2604 	DATA 	Keypress: down
25.2670 	EXP 	question_text: autoDraw = False
25.2670 	EXP 	level_text: autoDraw = False
25.2670 	EXP 	level_text: text = 0.00398107170553497
25.2670 	EXP 	question_text: autoDraw = True
25.2670 	EXP 	level_text: autoDraw = True
25.3926 	DATA 	Keypress: down
25.4006 	EXP 	question_text: autoDraw = False
25.4006 	EXP 	level_text: autoDraw = False
25.4006 	EXP 	level_text: text = 0.0006309573444801928
25.4006 	EXP 	question_text: autoDraw = True
25.4006 	EXP 	level_text: autoDraw = True
26.4741 	DATA 	Keypress: up
26.5017 	EXP 	question_text: autoDraw = False
26.5017 	EXP 	level_text: autoDraw = False
26.5017 	EXP 	level_text: text = 0.002511886431509578
26.5017 	EXP 	question_text: autoDraw = True
26.5017 	EXP 	level_text: autoDraw = True
26.9792 	DATA 	Keypress: up
26.9856 	EXP 	question_text: autoDraw = False
26.9856 	EXP 	level_text: autoDraw = False
26.9856 	EXP 	level_text: text = 0.009999999999999992
26.9856 	EXP 	question_text: autoDraw = True
26.9856 	EXP 	level_text: autoDraw = True
27.2144 	DATA 	Keypress: up
27.2191 	EXP 	question_text: autoDraw = False
27.2191 	EXP 	level_text: autoDraw = False
27.2191 	EXP 	level_text: text = 0.039810717055349686
27.2191 	EXP 	question_text: autoDraw = True
27.2191 	EXP 	level_text: autoDraw = True
27.4129 	DATA 	Keypress: up
27.4191 	EXP 	question_text: autoDraw = False
27.4191 	EXP 	level_text: autoDraw = False
27.4191 	EXP 	level_text: text = 0.15848931924611118
27.4191 	EXP 	question_text: autoDraw = True
27.4191 	EXP 	level_text: autoDraw = True
27.8146 	DATA 	Keypress: down
27.8194 	EXP 	question_text: autoDraw = False
27.8194 	EXP 	level_text: autoDraw = False
27.8194 	EXP 	level_text: text = 0.039810717055349686
27.8194 	EXP 	question_text: autoDraw = True
27.8194 	EXP 	level_text: autoDraw = True
28.4423 	DATA 	Keypress: down
28.4702 	EXP 	question_text: autoDraw = False
28.4702 	EXP 	level_text: autoDraw = False
28.4702 	EXP 	level_text: text = 0.009999999999999992
28.4702 	EXP 	question_text: autoDraw = True
28.4702 	EXP 	level_text: autoDraw = True
29.1812 	DATA 	Keypress: down
29.1875 	EXP 	question_text: autoDraw = False
29.1875 	EXP 	level_text: autoDraw = False
29.1875 	EXP 	level_text: text = 0.002511886431509578
29.1875 	EXP 	question_text: autoDraw = True
29.1875 	EXP 	level_text: autoDraw = True
30.0424 	DATA 	Keypress: up
30.0720 	EXP 	question_text: autoDraw = False
30.0720 	EXP 	level_text: autoDraw = False
30.0720 	EXP 	level_text: text = 0.006309573444801928
30.0720 	EXP 	question_text: autoDraw = True
30.0720 	EXP 	level_text: autoDraw = True
30.6983 	DATA 	Keypress: up
30.7058 	EXP 	question_text: autoDraw = False
30.7058 	EXP 	level_text: autoDraw = False
30.7058 	EXP 	level_text: text = 0.015848931924611124
30.7058 	EXP 	question_text: autoDraw = True
30.7058 	EXP 	level_text: autoDraw = True
31.0431 	DATA 	Keypress: down
31.9503 	DATA 	Keypress: down
31.9568 	EXP 	question_text: autoDraw = False
31.9568 	EXP 	level_text: autoDraw = False
31.9568 	EXP 	level_text: text = 0.006309573444801928
31.9568 	EXP 	question_text: autoDraw = True
31.9568 	EXP 	level_text: autoDraw = True
32.9632 	DATA 	Keypress: down
32.9915 	EXP 	question_text: autoDraw = False
32.9915 	EXP 	level_text: autoDraw = False
32.9915 	EXP 	level_text: text = 0.002511886431509578
32.9915 	EXP 	question_text: autoDraw = True
32.9915 	EXP 	level_text: autoDraw = True
34.2188 	DATA 	Keypress: up
34.2262 	EXP 	question_text: autoDraw = False
34.2262 	EXP 	level_text: autoDraw = False
34.2262 	EXP 	level_text: text = 0.0031622776601683772
34.2262 	EXP 	question_text: autoDraw = True
34.2262 	EXP 	level_text: autoDraw = True
35.1378 	DATA 	Keypress: up
35.1438 	EXP 	question_text: autoDraw = False
35.1438 	EXP 	level_text: autoDraw = False
35.1438 	EXP 	level_text: text = 0.00398107170553497
35.1438 	EXP 	question_text: autoDraw = True
35.1438 	EXP 	level_text: autoDraw = True
39.7409 	DATA 	Keypress: up
39.7483 	EXP 	question_text: autoDraw = False
39.7483 	EXP 	level_text: autoDraw = False
39.7483 	EXP 	level_text: text = 0.00501187233627272
39.7483 	EXP 	question_text: autoDraw = True
39.7483 	EXP 	level_text: autoDraw = True
40.9929 	DATA 	Keypress: up
40.9993 	EXP 	question_text: autoDraw = False
40.9993 	EXP 	level_text: autoDraw = False
40.9993 	EXP 	level_text: text = 0.006309573444801929
40.9993 	EXP 	question_text: autoDraw = True
40.9993 	EXP 	level_text: autoDraw = True
42.6950 	DATA 	Keypress: up
42.7011 	EXP 	question_text: autoDraw = False
42.7011 	EXP 	level_text: autoDraw = False
42.7011 	EXP 	level_text: text = 0.007943282347242812
42.7011 	EXP 	question_text: autoDraw = True
42.7011 	EXP 	level_text: autoDraw = True
44.1120 	DATA 	Keypress: down
44.1192 	EXP 	question_text: autoDraw = False
44.1192 	EXP 	level_text: autoDraw = False
44.1192 	EXP 	level_text: text = 0.006309573444801929
44.1192 	EXP 	question_text: autoDraw = True
44.1192 	EXP 	level_text: autoDraw = True
44.9794 	DATA 	Keypress: up
44.9865 	EXP 	question_text: autoDraw = False
44.9865 	EXP 	level_text: autoDraw = False
44.9865 	EXP 	level_text: text = 0.007079457843841375
44.9865 	EXP 	question_text: autoDraw = True
44.9865 	EXP 	level_text: autoDraw = True
62.4974 	DATA 	Keypress: up
62.5042 	EXP 	question_text: autoDraw = False
62.5042 	EXP 	level_text: autoDraw = False
62.5042 	EXP 	level_text: text = 0.00794328234724281
62.5042 	EXP 	question_text: autoDraw = True
62.5042 	EXP 	level_text: autoDraw = True
62.6422 	DATA 	Keypress: up
62.6712 	EXP 	question_text: autoDraw = False
62.6712 	EXP 	level_text: autoDraw = False
62.6712 	EXP 	level_text: text = 0.008912509381337448
62.6712 	EXP 	question_text: autoDraw = True
62.6712 	EXP 	level_text: autoDraw = True
62.7972 	DATA 	Keypress: up
62.8043 	EXP 	question_text: autoDraw = False
62.8043 	EXP 	level_text: autoDraw = False
62.8043 	EXP 	level_text: text = 0.009999999999999992
62.8043 	EXP 	question_text: autoDraw = True
62.8043 	EXP 	level_text: autoDraw = True
62.9310 	DATA 	Keypress: up
62.9380 	EXP 	question_text: autoDraw = False
62.9380 	EXP 	level_text: autoDraw = False
62.9380 	EXP 	level_text: text = 0.011220184543019623
62.9380 	EXP 	question_text: autoDraw = True
62.9380 	EXP 	level_text: autoDraw = True
63.0590 	DATA 	Keypress: up
63.0879 	EXP 	question_text: autoDraw = False
63.0879 	EXP 	level_text: autoDraw = False
63.0879 	EXP 	level_text: text = 0.01258925411794166
63.0879 	EXP 	question_text: autoDraw = True
63.0879 	EXP 	level_text: autoDraw = True
63.1925 	DATA 	Keypress: up
63.2216 	EXP 	question_text: autoDraw = False
63.2216 	EXP 	level_text: autoDraw = False
63.2216 	EXP 	level_text: text = 0.014125375446227528
63.2216 	EXP 	question_text: autoDraw = True
63.2216 	EXP 	level_text: autoDraw = True
63.3321 	DATA 	Keypress: up
63.3383 	EXP 	question_text: autoDraw = False
63.3383 	EXP 	level_text: autoDraw = False
63.3383 	EXP 	level_text: text = 0.015848931924611117
63.3383 	EXP 	question_text: autoDraw = True
63.3383 	EXP 	level_text: autoDraw = True
63.4816 	DATA 	Keypress: up
63.4884 	EXP 	question_text: autoDraw = False
63.4884 	EXP 	level_text: autoDraw = False
63.4884 	EXP 	level_text: text = 0.017782794100389205
63.4884 	EXP 	question_text: autoDraw = True
63.4884 	EXP 	level_text: autoDraw = True
63.6097 	DATA 	Keypress: up
63.6387 	EXP 	question_text: autoDraw = False
63.6387 	EXP 	level_text: autoDraw = False
63.6387 	EXP 	level_text: text = 0.019952623149688768
63.6387 	EXP 	question_text: autoDraw = True
63.6387 	EXP 	level_text: autoDraw = True
63.7661 	DATA 	Keypress: up
63.7723 	EXP 	question_text: autoDraw = False
63.7723 	EXP 	level_text: autoDraw = False
63.7723 	EXP 	level_text: text = 0.02238721138568336
63.7723 	EXP 	question_text: autoDraw = True
63.7723 	EXP 	level_text: autoDraw = True
63.9162 	DATA 	Keypress: up
63.9220 	EXP 	question_text: autoDraw = False
63.9220 	EXP 	level_text: autoDraw = False
63.9220 	EXP 	level_text: text = 0.02511886431509576
63.9220 	EXP 	question_text: autoDraw = True
63.9220 	EXP 	level_text: autoDraw = True
64.0492 	DATA 	Keypress: up
64.0559 	EXP 	question_text: autoDraw = False
64.0559 	EXP 	level_text: autoDraw = False
64.0559 	EXP 	level_text: text = 0.02818382931264449
64.0559 	EXP 	question_text: autoDraw = True
64.0559 	EXP 	level_text: autoDraw = True
64.2001 	DATA 	Keypress: up
64.2058 	EXP 	question_text: autoDraw = False
64.2058 	EXP 	level_text: autoDraw = False
64.2058 	EXP 	level_text: text = 0.031622776601683736
64.2058 	EXP 	question_text: autoDraw = True
64.2058 	EXP 	level_text: autoDraw = True
64.3504 	DATA 	Keypress: up
64.3561 	EXP 	question_text: autoDraw = False
64.3561 	EXP 	level_text: autoDraw = False
64.3561 	EXP 	level_text: text = 0.035481338923357475
64.3561 	EXP 	question_text: autoDraw = True
64.3561 	EXP 	level_text: autoDraw = True
64.4944 	DATA 	Keypress: up
64.6653 	DATA 	Keypress: up
64.6729 	EXP 	question_text: autoDraw = False
64.6729 	EXP 	level_text: autoDraw = False
64.6729 	EXP 	level_text: text = 0.039810717055349644
64.6729 	EXP 	question_text: autoDraw = True
64.6729 	EXP 	level_text: autoDraw = True
64.8168 	DATA 	Keypress: up
64.8233 	EXP 	question_text: autoDraw = False
64.8233 	EXP 	level_text: autoDraw = False
64.8233 	EXP 	level_text: text = 0.044668359215096216
64.8233 	EXP 	question_text: autoDraw = True
64.8233 	EXP 	level_text: autoDraw = True
64.9668 	DATA 	Keypress: up
64.9732 	EXP 	question_text: autoDraw = False
64.9732 	EXP 	level_text: autoDraw = False
64.9732 	EXP 	level_text: text = 0.050118723362727116
64.9732 	EXP 	question_text: autoDraw = True
64.9732 	EXP 	level_text: autoDraw = True
65.1176 	DATA 	Keypress: up
65.1241 	EXP 	question_text: autoDraw = False
65.1241 	EXP 	level_text: autoDraw = False
65.1241 	EXP 	level_text: text = 0.05623413251903478
65.1241 	EXP 	question_text: autoDraw = True
65.1241 	EXP 	level_text: autoDraw = True
65.2614 	DATA 	Keypress: up
65.2902 	EXP 	question_text: autoDraw = False
65.2902 	EXP 	level_text: autoDraw = False
65.2902 	EXP 	level_text: text = 0.06309573444801918
65.2902 	EXP 	question_text: autoDraw = True
65.2902 	EXP 	level_text: autoDraw = True
65.4349 	DATA 	Keypress: up
65.4401 	EXP 	question_text: autoDraw = False
65.4401 	EXP 	level_text: autoDraw = False
65.4401 	EXP 	level_text: text = 0.07079457843841362
65.4401 	EXP 	question_text: autoDraw = True
65.4401 	EXP 	level_text: autoDraw = True
65.5858 	DATA 	Keypress: up
65.5906 	EXP 	question_text: autoDraw = False
65.5906 	EXP 	level_text: autoDraw = False
65.5906 	EXP 	level_text: text = 0.07943282347242796
65.5906 	EXP 	question_text: autoDraw = True
65.5906 	EXP 	level_text: autoDraw = True
65.7300 	DATA 	Keypress: up
65.7575 	EXP 	question_text: autoDraw = False
65.7575 	EXP 	level_text: autoDraw = False
65.7575 	EXP 	level_text: text = 0.08912509381337433
65.7575 	EXP 	question_text: autoDraw = True
65.7575 	EXP 	level_text: autoDraw = True
65.9005 	DATA 	Keypress: up
65.9075 	EXP 	question_text: autoDraw = False
65.9075 	EXP 	level_text: autoDraw = False
65.9075 	EXP 	level_text: text = 0.09999999999999974
65.9075 	EXP 	question_text: autoDraw = True
65.9075 	EXP 	level_text: autoDraw = True
66.0508 	DATA 	Keypress: up
66.0576 	EXP 	question_text: autoDraw = False
66.0576 	EXP 	level_text: autoDraw = False
66.0576 	EXP 	level_text: text = 0.11220184543019604
66.0576 	EXP 	question_text: autoDraw = True
66.0576 	EXP 	level_text: autoDraw = True
66.2185 	DATA 	Keypress: up
66.2254 	EXP 	question_text: autoDraw = False
66.2254 	EXP 	level_text: autoDraw = False
66.2254 	EXP 	level_text: text = 0.12589254117941637
66.2254 	EXP 	question_text: autoDraw = True
66.2254 	EXP 	level_text: autoDraw = True
66.3690 	DATA 	Keypress: up
66.3748 	EXP 	question_text: autoDraw = False
66.3748 	EXP 	level_text: autoDraw = False
66.3748 	EXP 	level_text: text = 0.14125375446227503
66.3748 	EXP 	question_text: autoDraw = True
66.3748 	EXP 	level_text: autoDraw = True
66.5366 	DATA 	Keypress: up
66.5414 	EXP 	question_text: autoDraw = False
66.5414 	EXP 	level_text: autoDraw = False
66.5414 	EXP 	level_text: text = 0.1584893192461109
66.5414 	EXP 	question_text: autoDraw = True
66.5414 	EXP 	level_text: autoDraw = True
66.6801 	DATA 	Keypress: up
66.7082 	EXP 	question_text: autoDraw = False
66.7082 	EXP 	level_text: autoDraw = False
66.7082 	EXP 	level_text: text = 0.17782794100389177
66.7082 	EXP 	question_text: autoDraw = True
66.7082 	EXP 	level_text: autoDraw = True
66.8523 	DATA 	Keypress: up
66.8587 	EXP 	question_text: autoDraw = False
66.8587 	EXP 	level_text: autoDraw = False
66.8587 	EXP 	level_text: text = 0.19952623149688736
66.8587 	EXP 	question_text: autoDraw = True
66.8587 	EXP 	level_text: autoDraw = True
67.0190 	DATA 	Keypress: up
67.0255 	EXP 	question_text: autoDraw = False
67.0255 	EXP 	level_text: autoDraw = False
67.0255 	EXP 	level_text: text = 0.22387211385683328
67.0255 	EXP 	question_text: autoDraw = True
67.0255 	EXP 	level_text: autoDraw = True
67.1680 	DATA 	Keypress: up
67.1753 	EXP 	question_text: autoDraw = False
67.1753 	EXP 	level_text: autoDraw = False
67.1753 	EXP 	level_text: text = 0.25118864315095724
67.1753 	EXP 	question_text: autoDraw = True
67.1753 	EXP 	level_text: autoDraw = True
67.3360 	DATA 	Keypress: up
67.3421 	EXP 	question_text: autoDraw = False
67.3421 	EXP 	level_text: autoDraw = False
67.3421 	EXP 	level_text: text = 0.2818382931264445
67.3421 	EXP 	question_text: autoDraw = True
67.3421 	EXP 	level_text: autoDraw = True
67.4803 	DATA 	Keypress: up
67.5089 	EXP 	question_text: autoDraw = False
67.5089 	EXP 	level_text: autoDraw = False
67.5089 	EXP 	level_text: text = 0.3162277660168369
67.5089 	EXP 	question_text: autoDraw = True
67.5089 	EXP 	level_text: autoDraw = True
67.6521 	DATA 	Keypress: up
67.6589 	EXP 	question_text: autoDraw = False
67.6589 	EXP 	level_text: autoDraw = False
67.6589 	EXP 	level_text: text = 0.35481338923357425
67.6589 	EXP 	question_text: autoDraw = True
67.6589 	EXP 	level_text: autoDraw = True
67.8195 	DATA 	Keypress: up
67.8260 	EXP 	question_text: autoDraw = False
67.8260 	EXP 	level_text: autoDraw = False
67.8260 	EXP 	level_text: text = 0.39810717055349587
67.8260 	EXP 	question_text: autoDraw = True
67.8260 	EXP 	level_text: autoDraw = True
67.9475 	DATA 	Keypress: up
67.9763 	EXP 	question_text: autoDraw = False
67.9763 	EXP 	level_text: autoDraw = False
67.9763 	EXP 	level_text: text = 0.44668359215096154
67.9763 	EXP 	question_text: autoDraw = True
67.9763 	EXP 	level_text: autoDraw = True
68.1201 	DATA 	Keypress: up
68.1264 	EXP 	question_text: autoDraw = False
68.1264 	EXP 	level_text: autoDraw = False
68.1264 	EXP 	level_text: text = 0.5011872336272705
68.1264 	EXP 	question_text: autoDraw = True
68.1264 	EXP 	level_text: autoDraw = True
68.2860 	DATA 	Keypress: up
68.2929 	EXP 	question_text: autoDraw = False
68.2929 	EXP 	level_text: autoDraw = False
68.2929 	EXP 	level_text: text = 0.562341325190347
68.2929 	EXP 	question_text: autoDraw = True
68.2929 	EXP 	level_text: autoDraw = True
68.4370 	DATA 	Keypress: up
68.4437 	EXP 	question_text: autoDraw = False
68.4437 	EXP 	level_text: autoDraw = False
68.4437 	EXP 	level_text: text = 0.6309573444801908
68.4437 	EXP 	question_text: autoDraw = True
68.4437 	EXP 	level_text: autoDraw = True
68.6041 	DATA 	Keypress: up
68.6102 	EXP 	question_text: autoDraw = False
68.6102 	EXP 	level_text: autoDraw = False
68.6102 	EXP 	level_text: text = 0.7079457843841351
68.6102 	EXP 	question_text: autoDraw = True
68.6102 	EXP 	level_text: autoDraw = True
69.3053 	DATA 	Keypress: up
69.3109 	EXP 	question_text: autoDraw = False
69.3109 	EXP 	level_text: autoDraw = False
69.3109 	EXP 	level_text: text = 0.7943282347242783
69.3109 	EXP 	question_text: autoDraw = True
69.3109 	EXP 	level_text: autoDraw = True
70.1210 	DATA 	Keypress: up
70.1283 	EXP 	question_text: autoDraw = False
70.1283 	EXP 	level_text: autoDraw = False
70.1283 	EXP 	level_text: text = 0.8912509381337418
70.1283 	EXP 	question_text: autoDraw = True
70.1283 	EXP 	level_text: autoDraw = True
87.4369 	DATA 	Mouse: Left button down, pos=(613,271)
87.5361 	DATA 	Mouse:  Left button up, pos=(613,271)
88.0235 	DATA 	Keypress: down
88.0297 	EXP 	question_text: autoDraw = False
88.0297 	EXP 	level_text: autoDraw = False
88.0297 	EXP 	level_text: text = 0.7943282347242783
88.0297 	EXP 	question_text: autoDraw = True
88.0297 	EXP 	level_text: autoDraw = True
88.4568 	DATA 	Keypress: down
88.4636 	EXP 	question_text: autoDraw = False
88.4636 	EXP 	level_text: autoDraw = False
88.4636 	EXP 	level_text: text = 0.7079457843841351
88.4636 	EXP 	question_text: autoDraw = True
88.4636 	EXP 	level_text: autoDraw = True
88.9072 	DATA 	Keypress: down
88.9141 	EXP 	question_text: autoDraw = False
88.9141 	EXP 	level_text: autoDraw = False
88.9141 	EXP 	level_text: text = 0.6309573444801908
88.9141 	EXP 	question_text: autoDraw = True
88.9141 	EXP 	level_text: autoDraw = True
89.2401 	DATA 	Keypress: down
89.2473 	EXP 	question_text: autoDraw = False
89.2473 	EXP 	level_text: autoDraw = False
89.2473 	EXP 	level_text: text = 0.562341325190347
89.2473 	EXP 	question_text: autoDraw = True
89.2473 	EXP 	level_text: autoDraw = True
89.6076 	DATA 	Keypress: down
89.6143 	EXP 	question_text: autoDraw = False
89.6143 	EXP 	level_text: autoDraw = False
89.6143 	EXP 	level_text: text = 0.5011872336272705
89.6143 	EXP 	question_text: autoDraw = True
89.6143 	EXP 	level_text: autoDraw = True
89.7918 	DATA 	Keypress: down
89.7979 	EXP 	question_text: autoDraw = False
89.7979 	EXP 	level_text: autoDraw = False
89.7979 	EXP 	level_text: text = 0.44668359215096154
89.7979 	EXP 	question_text: autoDraw = True
89.7979 	EXP 	level_text: autoDraw = True
89.9419 	DATA 	Keypress: down
89.9480 	EXP 	question_text: autoDraw = False
89.9480 	EXP 	level_text: autoDraw = False
89.9480 	EXP 	level_text: text = 0.39810717055349587
89.9480 	EXP 	question_text: autoDraw = True
89.9480 	EXP 	level_text: autoDraw = True
90.0914 	DATA 	Keypress: down
90.0986 	EXP 	question_text: autoDraw = False
90.0986 	EXP 	level_text: autoDraw = False
90.0986 	EXP 	level_text: text = 0.35481338923357425
90.0986 	EXP 	question_text: autoDraw = True
90.0986 	EXP 	level_text: autoDraw = True
91.9932 	DATA 	Keypress: down
92.0000 	EXP 	question_text: autoDraw = False
92.0000 	EXP 	level_text: autoDraw = False
92.0000 	EXP 	level_text: text = 0.3162277660168369
92.0000 	EXP 	question_text: autoDraw = True
92.0000 	EXP 	level_text: autoDraw = True
92.2777 	DATA 	Keypress: down
92.2842 	EXP 	question_text: autoDraw = False
92.2842 	EXP 	level_text: autoDraw = False
92.2842 	EXP 	level_text: text = 0.2818382931264445
92.2842 	EXP 	question_text: autoDraw = True
92.2842 	EXP 	level_text: autoDraw = True
92.4452 	DATA 	Keypress: down
92.4508 	EXP 	question_text: autoDraw = False
92.4508 	EXP 	level_text: autoDraw = False
92.4508 	EXP 	level_text: text = 0.25118864315095724
92.4508 	EXP 	question_text: autoDraw = True
92.4508 	EXP 	level_text: autoDraw = True
93.0788 	DATA 	Keypress: down
93.0849 	EXP 	question_text: autoDraw = False
93.0849 	EXP 	level_text: autoDraw = False
93.0849 	EXP 	level_text: text = 0.22387211385683328
93.0849 	EXP 	question_text: autoDraw = True
93.0849 	EXP 	level_text: autoDraw = True
93.2282 	DATA 	Keypress: down
93.2351 	EXP 	question_text: autoDraw = False
93.2351 	EXP 	level_text: autoDraw = False
93.2351 	EXP 	level_text: text = 0.19952623149688736
93.2351 	EXP 	question_text: autoDraw = True
93.2351 	EXP 	level_text: autoDraw = True
93.3785 	DATA 	Keypress: down
93.3851 	EXP 	question_text: autoDraw = False
93.3851 	EXP 	level_text: autoDraw = False
93.3851 	EXP 	level_text: text = 0.17782794100389177
93.3851 	EXP 	question_text: autoDraw = True
93.3851 	EXP 	level_text: autoDraw = True
93.5286 	DATA 	Keypress: down
93.5354 	EXP 	question_text: autoDraw = False
93.5354 	EXP 	level_text: autoDraw = False
93.5354 	EXP 	level_text: text = 0.1584893192461109
93.5354 	EXP 	question_text: autoDraw = True
93.5354 	EXP 	level_text: autoDraw = True
93.6777 	DATA 	Keypress: down
93.6854 	EXP 	question_text: autoDraw = False
93.6854 	EXP 	level_text: autoDraw = False
93.6854 	EXP 	level_text: text = 0.14125375446227503
93.6854 	EXP 	question_text: autoDraw = True
93.6854 	EXP 	level_text: autoDraw = True
93.8126 	DATA 	Keypress: down
93.8188 	EXP 	question_text: autoDraw = False
93.8188 	EXP 	level_text: autoDraw = False
93.8188 	EXP 	level_text: text = 0.12589254117941637
93.8188 	EXP 	question_text: autoDraw = True
93.8188 	EXP 	level_text: autoDraw = True
94.2287 	DATA 	Keypress: down
94.2357 	EXP 	question_text: autoDraw = False
94.2357 	EXP 	level_text: autoDraw = False
94.2357 	EXP 	level_text: text = 0.11220184543019604
94.2357 	EXP 	question_text: autoDraw = True
94.2357 	EXP 	level_text: autoDraw = True
94.3796 	DATA 	Keypress: down
94.3859 	EXP 	question_text: autoDraw = False
94.3859 	EXP 	level_text: autoDraw = False
94.3859 	EXP 	level_text: text = 0.09999999999999974
94.3859 	EXP 	question_text: autoDraw = True
94.3859 	EXP 	level_text: autoDraw = True
94.5310 	DATA 	Keypress: down
94.5360 	EXP 	question_text: autoDraw = False
94.5360 	EXP 	level_text: autoDraw = False
94.5360 	EXP 	level_text: text = 0.08912509381337433
94.5360 	EXP 	question_text: autoDraw = True
94.5360 	EXP 	level_text: autoDraw = True
94.6745 	DATA 	Keypress: down
94.7031 	EXP 	question_text: autoDraw = False
94.7031 	EXP 	level_text: autoDraw = False
94.7031 	EXP 	level_text: text = 0.07943282347242796
94.7031 	EXP 	question_text: autoDraw = True
94.7031 	EXP 	level_text: autoDraw = True
94.8646 	DATA 	Keypress: down
94.8696 	EXP 	question_text: autoDraw = False
94.8696 	EXP 	level_text: autoDraw = False
94.8696 	EXP 	level_text: text = 0.07079457843841362
94.8696 	EXP 	question_text: autoDraw = True
94.8696 	EXP 	level_text: autoDraw = True
95.0410 	DATA 	Keypress: down
95.0698 	EXP 	question_text: autoDraw = False
95.0698 	EXP 	level_text: autoDraw = False
95.0698 	EXP 	level_text: text = 0.06309573444801918
95.0698 	EXP 	question_text: autoDraw = True
95.0698 	EXP 	level_text: autoDraw = True
95.3969 	DATA 	Keypress: down
95.4037 	EXP 	question_text: autoDraw = False
95.4037 	EXP 	level_text: autoDraw = False
95.4037 	EXP 	level_text: text = 0.05623413251903478
95.4037 	EXP 	question_text: autoDraw = True
95.4037 	EXP 	level_text: autoDraw = True
95.5474 	DATA 	Keypress: down
95.5541 	EXP 	question_text: autoDraw = False
95.5541 	EXP 	level_text: autoDraw = False
95.5541 	EXP 	level_text: text = 0.050118723362727116
95.5541 	EXP 	question_text: autoDraw = True
95.5541 	EXP 	level_text: autoDraw = True
95.7153 	DATA 	Keypress: down
95.7207 	EXP 	question_text: autoDraw = False
95.7207 	EXP 	level_text: autoDraw = False
95.7207 	EXP 	level_text: text = 0.044668359215096216
95.7207 	EXP 	question_text: autoDraw = True
95.7207 	EXP 	level_text: autoDraw = True
95.8812 	DATA 	Keypress: down
95.8874 	EXP 	question_text: autoDraw = False
95.8874 	EXP 	level_text: autoDraw = False
95.8874 	EXP 	level_text: text = 0.039810717055349644
95.8874 	EXP 	question_text: autoDraw = True
95.8874 	EXP 	level_text: autoDraw = True
96.0304 	DATA 	Keypress: down
96.0376 	EXP 	question_text: autoDraw = False
96.0376 	EXP 	level_text: autoDraw = False
96.0376 	EXP 	level_text: text = 0.035481338923357475
96.0376 	EXP 	question_text: autoDraw = True
96.0376 	EXP 	level_text: autoDraw = True
96.3313 	DATA 	Keypress: down
96.3378 	EXP 	question_text: autoDraw = False
96.3378 	EXP 	level_text: autoDraw = False
96.3378 	EXP 	level_text: text = 0.031622776601683736
96.3378 	EXP 	question_text: autoDraw = True
96.3378 	EXP 	level_text: autoDraw = True
96.4759 	DATA 	Keypress: down
96.5049 	EXP 	question_text: autoDraw = False
96.5049 	EXP 	level_text: autoDraw = False
96.5049 	EXP 	level_text: text = 0.02818382931264449
96.5049 	EXP 	question_text: autoDraw = True
96.5049 	EXP 	level_text: autoDraw = True
96.6824 	DATA 	Keypress: down
96.6880 	EXP 	question_text: autoDraw = False
96.6880 	EXP 	level_text: autoDraw = False
96.6880 	EXP 	level_text: text = 0.02511886431509576
96.6880 	EXP 	question_text: autoDraw = True
96.6880 	EXP 	level_text: autoDraw = True
97.3815 	DATA 	Keypress: down
97.3888 	EXP 	question_text: autoDraw = False
97.3888 	EXP 	level_text: autoDraw = False
97.3888 	EXP 	level_text: text = 0.02238721138568336
97.3888 	EXP 	question_text: autoDraw = True
97.3888 	EXP 	level_text: autoDraw = True
97.5319 	DATA 	Keypress: down
97.5393 	EXP 	question_text: autoDraw = False
97.5393 	EXP 	level_text: autoDraw = False
97.5393 	EXP 	level_text: text = 0.019952623149688768
97.5393 	EXP 	question_text: autoDraw = True
97.5393 	EXP 	level_text: autoDraw = True
97.6820 	DATA 	Keypress: down
97.6894 	EXP 	question_text: autoDraw = False
97.6894 	EXP 	level_text: autoDraw = False
97.6894 	EXP 	level_text: text = 0.017782794100389205
97.6894 	EXP 	question_text: autoDraw = True
97.6894 	EXP 	level_text: autoDraw = True
98.0166 	DATA 	Keypress: down
98.0227 	EXP 	question_text: autoDraw = False
98.0227 	EXP 	level_text: autoDraw = False
98.0227 	EXP 	level_text: text = 0.015848931924611117
98.0227 	EXP 	question_text: autoDraw = True
98.0227 	EXP 	level_text: autoDraw = True
98.2494 	DATA 	Keypress: down
98.2565 	EXP 	question_text: autoDraw = False
98.2565 	EXP 	level_text: autoDraw = False
98.2565 	EXP 	level_text: text = 0.014125375446227528
98.2565 	EXP 	question_text: autoDraw = True
98.2565 	EXP 	level_text: autoDraw = True
98.4167 	DATA 	Keypress: down
98.4233 	EXP 	question_text: autoDraw = False
98.4233 	EXP 	level_text: autoDraw = False
98.4233 	EXP 	level_text: text = 0.01258925411794166
98.4233 	EXP 	question_text: autoDraw = True
98.4233 	EXP 	level_text: autoDraw = True
98.5791 	DATA 	Keypress: down
98.6068 	EXP 	question_text: autoDraw = False
98.6068 	EXP 	level_text: autoDraw = False
98.6068 	EXP 	level_text: text = 0.011220184543019623
98.6068 	EXP 	question_text: autoDraw = True
98.6068 	EXP 	level_text: autoDraw = True
98.7682 	DATA 	Keypress: down
98.7739 	EXP 	question_text: autoDraw = False
98.7739 	EXP 	level_text: autoDraw = False
98.7739 	EXP 	level_text: text = 0.009999999999999992
98.7739 	EXP 	question_text: autoDraw = True
98.7739 	EXP 	level_text: autoDraw = True
98.9328 	DATA 	Keypress: down
98.9405 	EXP 	question_text: autoDraw = False
98.9405 	EXP 	level_text: autoDraw = False
98.9405 	EXP 	level_text: text = 0.008912509381337448
98.9405 	EXP 	question_text: autoDraw = True
98.9405 	EXP 	level_text: autoDraw = True
99.5679 	DATA 	Keypress: down
99.5745 	EXP 	question_text: autoDraw = False
99.5745 	EXP 	level_text: autoDraw = False
99.5745 	EXP 	level_text: text = 0.00794328234724281
99.5745 	EXP 	question_text: autoDraw = True
99.5745 	EXP 	level_text: autoDraw = True
100.4183 	DATA 	Keypress: down
100.4255 	EXP 	question_text: autoDraw = False
100.4255 	EXP 	level_text: autoDraw = False
100.4255 	EXP 	level_text: text = 0.007079457843841375
100.4255 	EXP 	question_text: autoDraw = True
100.4255 	EXP 	level_text: autoDraw = True
100.9516 	DATA 	Keypress: down
100.9595 	EXP 	question_text: autoDraw = False
100.9595 	EXP 	level_text: autoDraw = False
100.9595 	EXP 	level_text: text = 0.006309573444801929
100.9595 	EXP 	question_text: autoDraw = True
100.9595 	EXP 	level_text: autoDraw = True
101.1361 	DATA 	Keypress: down
101.1428 	EXP 	question_text: autoDraw = False
101.1428 	EXP 	level_text: autoDraw = False
101.1428 	EXP 	level_text: text = 0.005623413251903488
101.1428 	EXP 	question_text: autoDraw = True
101.1428 	EXP 	level_text: autoDraw = True
101.2484 	DATA 	Keypress: down
101.2762 	EXP 	question_text: autoDraw = False
101.2762 	EXP 	level_text: autoDraw = False
101.2762 	EXP 	level_text: text = 0.005011872336272721
101.2762 	EXP 	question_text: autoDraw = True
101.2762 	EXP 	level_text: autoDraw = True
101.4360 	DATA 	Keypress: down
101.4434 	EXP 	question_text: autoDraw = False
101.4434 	EXP 	level_text: autoDraw = False
101.4434 	EXP 	level_text: text = 0.00446683592150963
101.4434 	EXP 	question_text: autoDraw = True
101.4434 	EXP 	level_text: autoDraw = True
101.5866 	DATA 	Keypress: down
101.5931 	EXP 	question_text: autoDraw = False
101.5931 	EXP 	level_text: autoDraw = False
101.5931 	EXP 	level_text: text = 0.003981071705534972
101.5931 	EXP 	question_text: autoDraw = True
101.5931 	EXP 	level_text: autoDraw = True
101.7540 	DATA 	Keypress: down
101.7599 	EXP 	question_text: autoDraw = False
101.7599 	EXP 	level_text: autoDraw = False
101.7599 	EXP 	level_text: text = 0.003548133892335754
101.7599 	EXP 	question_text: autoDraw = True
101.7599 	EXP 	level_text: autoDraw = True
103.1323 	DATA 	Keypress: up
103.1615 	EXP 	question_text: autoDraw = False
103.1615 	EXP 	level_text: autoDraw = False
103.1615 	EXP 	level_text: text = 0.0036307805477010127
103.1615 	EXP 	question_text: autoDraw = True
103.1615 	EXP 	level_text: autoDraw = True
103.8716 	DATA 	Keypress: up
103.8788 	EXP 	question_text: autoDraw = False
103.8788 	EXP 	level_text: autoDraw = False
103.8788 	EXP 	level_text: text = 0.0037153522909717245
103.8788 	EXP 	question_text: autoDraw = True
103.8788 	EXP 	level_text: autoDraw = True
104.3174 	DATA 	Keypress: up
104.3458 	EXP 	question_text: autoDraw = False
104.3458 	EXP 	level_text: autoDraw = False
104.3458 	EXP 	level_text: text = 0.003801893963205611
104.3458 	EXP 	question_text: autoDraw = True
104.3458 	EXP 	level_text: autoDraw = True
105.5740 	DATA 	Keypress: up
105.5806 	EXP 	question_text: autoDraw = False
105.5806 	EXP 	level_text: autoDraw = False
105.5806 	EXP 	level_text: text = 0.003890451449942805
105.5806 	EXP 	question_text: autoDraw = True
105.5806 	EXP 	level_text: autoDraw = True
106.2075 	DATA 	Keypress: up
106.2144 	EXP 	question_text: autoDraw = False
106.2144 	EXP 	level_text: autoDraw = False
106.2144 	EXP 	level_text: text = 0.003981071705534971
106.2144 	EXP 	question_text: autoDraw = True
106.2144 	EXP 	level_text: autoDraw = True
109.5790 	DATA 	Keypress: up
109.5843 	EXP 	question_text: autoDraw = False
109.5843 	EXP 	level_text: autoDraw = False
109.5843 	EXP 	level_text: text = 0.004073802778041125
109.5843 	EXP 	question_text: autoDraw = True
109.5843 	EXP 	level_text: autoDraw = True
109.8611 	DATA 	Keypress: up
109.8682 	EXP 	question_text: autoDraw = False
109.8682 	EXP 	level_text: autoDraw = False
109.8682 	EXP 	level_text: text = 0.004168693834703352
109.8682 	EXP 	question_text: autoDraw = True
109.8682 	EXP 	level_text: autoDraw = True
110.0720 	DATA 	Keypress: up
110.1016 	EXP 	question_text: autoDraw = False
110.1016 	EXP 	level_text: autoDraw = False
110.1016 	EXP 	level_text: text = 0.004265795188015924
110.1016 	EXP 	question_text: autoDraw = True
110.1016 	EXP 	level_text: autoDraw = True
110.2616 	DATA 	Keypress: up
110.2686 	EXP 	question_text: autoDraw = False
110.2686 	EXP 	level_text: autoDraw = False
110.2686 	EXP 	level_text: text = 0.0043651583224016575
110.2686 	EXP 	question_text: autoDraw = True
110.2686 	EXP 	level_text: autoDraw = True
110.4618 	DATA 	Keypress: up
110.4686 	EXP 	question_text: autoDraw = False
110.4686 	EXP 	level_text: autoDraw = False
110.4686 	EXP 	level_text: text = 0.004466835921509629
110.4686 	EXP 	question_text: autoDraw = True
110.4686 	EXP 	level_text: autoDraw = True
110.7280 	DATA 	Keypress: up
110.7356 	EXP 	question_text: autoDraw = False
110.7356 	EXP 	level_text: autoDraw = False
110.7356 	EXP 	level_text: text = 0.004570881896148748
110.7356 	EXP 	question_text: autoDraw = True
110.7356 	EXP 	level_text: autoDraw = True
115.9845 	DATA 	Mouse: Left button down, pos=(206,746)
116.0966 	DATA 	Mouse:  Left button up, pos=(206,746)
117.1291 	DATA 	Keypress: up
117.1589 	EXP 	question_text: autoDraw = False
117.1589 	EXP 	level_text: autoDraw = False
117.1589 	EXP 	level_text: text = 0.004677351412871979
117.1589 	EXP 	question_text: autoDraw = True
117.1589 	EXP 	level_text: autoDraw = True
117.3178 	DATA 	Keypress: up
117.3257 	EXP 	question_text: autoDraw = False
117.3257 	EXP 	level_text: autoDraw = False
117.3257 	EXP 	level_text: text = 0.004786300923226381
117.3257 	EXP 	question_text: autoDraw = True
117.3257 	EXP 	level_text: autoDraw = True
117.4688 	DATA 	Keypress: up
117.4759 	EXP 	question_text: autoDraw = False
117.4759 	EXP 	level_text: autoDraw = False
117.4759 	EXP 	level_text: text = 0.004897788193684459
117.4759 	EXP 	question_text: autoDraw = True
117.4759 	EXP 	level_text: autoDraw = True
117.6146 	DATA 	Keypress: up
117.6427 	EXP 	question_text: autoDraw = False
117.6427 	EXP 	level_text: autoDraw = False
117.6427 	EXP 	level_text: text = 0.00501187233627272
117.6427 	EXP 	question_text: autoDraw = True
117.6427 	EXP 	level_text: autoDraw = True
117.7696 	DATA 	Keypress: up
117.7760 	EXP 	question_text: autoDraw = False
117.7760 	EXP 	level_text: autoDraw = False
117.7760 	EXP 	level_text: text = 0.005128613839913646
117.7760 	EXP 	question_text: autoDraw = True
117.7760 	EXP 	level_text: autoDraw = True
117.9660 	DATA 	Keypress: up
117.9931 	EXP 	question_text: autoDraw = False
117.9931 	EXP 	level_text: autoDraw = False
117.9931 	EXP 	level_text: text = 0.005248074602497724
117.9931 	EXP 	question_text: autoDraw = True
117.9931 	EXP 	level_text: autoDraw = True
118.4160 	DATA 	Keypress: up
118.4432 	EXP 	question_text: autoDraw = False
118.4432 	EXP 	level_text: autoDraw = False
118.4432 	EXP 	level_text: text = 0.005370317963702525
118.4432 	EXP 	question_text: autoDraw = True
118.4432 	EXP 	level_text: autoDraw = True
119.2811 	DATA 	Keypress: up
119.3110 	EXP 	question_text: autoDraw = False
119.3110 	EXP 	level_text: autoDraw = False
119.3110 	EXP 	level_text: text = 0.005495408738576243
119.3110 	EXP 	question_text: autoDraw = True
119.3110 	EXP 	level_text: autoDraw = True
119.5665 	DATA 	Keypress: up
119.5944 	EXP 	question_text: autoDraw = False
119.5944 	EXP 	level_text: autoDraw = False
119.5944 	EXP 	level_text: text = 0.005623413251903488
119.5944 	EXP 	question_text: autoDraw = True
119.5944 	EXP 	level_text: autoDraw = True
119.8369 	DATA 	Keypress: up
119.8451 	EXP 	question_text: autoDraw = False
119.8451 	EXP 	level_text: autoDraw = False
119.8451 	EXP 	level_text: text = 0.005754399373371567
119.8451 	EXP 	question_text: autoDraw = True
119.8451 	EXP 	level_text: autoDraw = True
120.1227 	DATA 	Keypress: up
120.1283 	EXP 	question_text: autoDraw = False
120.1283 	EXP 	level_text: autoDraw = False
120.1283 	EXP 	level_text: text = 0.005888436553555886
120.1283 	EXP 	question_text: autoDraw = True
120.1283 	EXP 	level_text: autoDraw = True
120.4384 	DATA 	Keypress: up
120.4455 	EXP 	question_text: autoDraw = False
120.4455 	EXP 	level_text: autoDraw = False
120.4455 	EXP 	level_text: text = 0.0060255958607435735
120.4455 	EXP 	question_text: autoDraw = True
120.4455 	EXP 	level_text: autoDraw = True
120.8223 	DATA 	Keypress: up
120.8292 	EXP 	question_text: autoDraw = False
120.8292 	EXP 	level_text: autoDraw = False
120.8292 	EXP 	level_text: text = 0.006165950018614817
120.8292 	EXP 	question_text: autoDraw = True
120.8292 	EXP 	level_text: autoDraw = True
121.1562 	DATA 	Keypress: up
121.1626 	EXP 	question_text: autoDraw = False
121.1626 	EXP 	level_text: autoDraw = False
121.1626 	EXP 	level_text: text = 0.006309573444801928
121.1626 	EXP 	question_text: autoDraw = True
121.1626 	EXP 	level_text: autoDraw = True
135.8362 	DATA 	Keypress: up
135.8440 	EXP 	question_text: autoDraw = False
135.8440 	EXP 	level_text: autoDraw = False
135.8440 	EXP 	level_text: text = 0.00645654229034655
135.8440 	EXP 	question_text: autoDraw = True
135.8440 	EXP 	level_text: autoDraw = True
136.0368 	DATA 	Keypress: up
136.0441 	EXP 	question_text: autoDraw = False
136.0441 	EXP 	level_text: autoDraw = False
136.0441 	EXP 	level_text: text = 0.006606934480075955
136.0441 	EXP 	question_text: autoDraw = True
136.0441 	EXP 	level_text: autoDraw = True
136.1991 	DATA 	Keypress: up
136.2275 	EXP 	question_text: autoDraw = False
136.2275 	EXP 	level_text: autoDraw = False
136.2275 	EXP 	level_text: text = 0.006760829753919812
136.2275 	EXP 	question_text: autoDraw = True
136.2275 	EXP 	level_text: autoDraw = True
136.3720 	DATA 	Keypress: up
136.3776 	EXP 	question_text: autoDraw = False
136.3776 	EXP 	level_text: autoDraw = False
136.3776 	EXP 	level_text: text = 0.006918309709189359
136.3776 	EXP 	question_text: autoDraw = True
136.3776 	EXP 	level_text: autoDraw = True
136.4993 	DATA 	Keypress: up
136.5282 	EXP 	question_text: autoDraw = False
136.5282 	EXP 	level_text: autoDraw = False
136.5282 	EXP 	level_text: text = 0.0070794578438413735
136.5282 	EXP 	question_text: autoDraw = True
136.5282 	EXP 	level_text: autoDraw = True
136.6712 	DATA 	Keypress: up
136.6783 	EXP 	question_text: autoDraw = False
136.6783 	EXP 	level_text: autoDraw = False
136.6783 	EXP 	level_text: text = 0.007244359600749895
136.6783 	EXP 	question_text: autoDraw = True
136.6783 	EXP 	level_text: autoDraw = True
136.8212 	DATA 	Keypress: up
136.8282 	EXP 	question_text: autoDraw = False
136.8282 	EXP 	level_text: autoDraw = False
136.8282 	EXP 	level_text: text = 0.007413102413009169
136.8282 	EXP 	question_text: autoDraw = True
136.8282 	EXP 	level_text: autoDraw = True
136.9716 	DATA 	Keypress: up
136.9785 	EXP 	question_text: autoDraw = False
136.9785 	EXP 	level_text: autoDraw = False
136.9785 	EXP 	level_text: text = 0.007585775750291831
136.9785 	EXP 	question_text: autoDraw = True
136.9785 	EXP 	level_text: autoDraw = True
137.1179 	DATA 	Keypress: up
137.1455 	EXP 	question_text: autoDraw = False
137.1455 	EXP 	level_text: autoDraw = False
137.1455 	EXP 	level_text: text = 0.00776247116628691
137.1455 	EXP 	question_text: autoDraw = True
137.1455 	EXP 	level_text: autoDraw = True
137.2716 	DATA 	Keypress: up
137.2788 	EXP 	question_text: autoDraw = False
137.2788 	EXP 	level_text: autoDraw = False
137.2788 	EXP 	level_text: text = 0.007943282347242807
137.2788 	EXP 	question_text: autoDraw = True
137.2788 	EXP 	level_text: autoDraw = True
137.4213 	DATA 	Keypress: up
137.4287 	EXP 	question_text: autoDraw = False
137.4287 	EXP 	level_text: autoDraw = False
137.4287 	EXP 	level_text: text = 0.008128305161640984
137.4287 	EXP 	question_text: autoDraw = True
137.4287 	EXP 	level_text: autoDraw = True
137.5718 	DATA 	Keypress: up
137.5792 	EXP 	question_text: autoDraw = False
137.5792 	EXP 	level_text: autoDraw = False
137.5792 	EXP 	level_text: text = 0.008317637711026702
137.5792 	EXP 	question_text: autoDraw = True
137.5792 	EXP 	level_text: autoDraw = True
137.7234 	DATA 	Keypress: up
137.7292 	EXP 	question_text: autoDraw = False
137.7292 	EXP 	level_text: autoDraw = False
137.7292 	EXP 	level_text: text = 0.008511380382023757
137.7292 	EXP 	question_text: autoDraw = True
137.7292 	EXP 	level_text: autoDraw = True
137.8895 	DATA 	Keypress: up
137.8960 	EXP 	question_text: autoDraw = False
137.8960 	EXP 	level_text: autoDraw = False
137.8960 	EXP 	level_text: text = 0.008709635899560798
137.8960 	EXP 	question_text: autoDraw = True
137.8960 	EXP 	level_text: autoDraw = True
138.0343 	DATA 	Keypress: up
138.0626 	EXP 	question_text: autoDraw = False
138.0626 	EXP 	level_text: autoDraw = False
138.0626 	EXP 	level_text: text = 0.008912509381337447
138.0626 	EXP 	question_text: autoDraw = True
138.0626 	EXP 	level_text: autoDraw = True
138.2219 	DATA 	Keypress: up
138.2296 	EXP 	question_text: autoDraw = False
138.2296 	EXP 	level_text: autoDraw = False
138.2296 	EXP 	level_text: text = 0.009120108393559088
138.2296 	EXP 	question_text: autoDraw = True
138.2296 	EXP 	level_text: autoDraw = True
138.3744 	DATA 	Keypress: up
138.3798 	EXP 	question_text: autoDraw = False
138.3798 	EXP 	level_text: autoDraw = False
138.3798 	EXP 	level_text: text = 0.009332543007969901
138.3798 	EXP 	question_text: autoDraw = True
138.3798 	EXP 	level_text: autoDraw = True
138.5402 	DATA 	Keypress: up
138.5468 	EXP 	question_text: autoDraw = False
138.5468 	EXP 	level_text: autoDraw = False
138.5468 	EXP 	level_text: text = 0.00954992586021435
138.5468 	EXP 	question_text: autoDraw = True
138.5468 	EXP 	level_text: autoDraw = True
138.7076 	DATA 	Keypress: up
138.7135 	EXP 	question_text: autoDraw = False
138.7135 	EXP 	level_text: autoDraw = False
138.7135 	EXP 	level_text: text = 0.009772372209558096
138.7135 	EXP 	question_text: autoDraw = True
138.7135 	EXP 	level_text: autoDraw = True
138.8564 	DATA 	Keypress: up
138.8639 	EXP 	question_text: autoDraw = False
138.8639 	EXP 	level_text: autoDraw = False
138.8639 	EXP 	level_text: text = 0.009999999999999988
138.8639 	EXP 	question_text: autoDraw = True
138.8639 	EXP 	level_text: autoDraw = True
139.0231 	DATA 	Keypress: up
139.0305 	EXP 	question_text: autoDraw = False
139.0305 	EXP 	level_text: autoDraw = False
139.0305 	EXP 	level_text: text = 0.010232929922807528
139.0305 	EXP 	question_text: autoDraw = True
139.0305 	EXP 	level_text: autoDraw = True
139.1865 	DATA 	Keypress: up
139.2141 	EXP 	question_text: autoDraw = False
139.2141 	EXP 	level_text: autoDraw = False
139.2141 	EXP 	level_text: text = 0.010471285480508982
139.2141 	EXP 	question_text: autoDraw = True
139.2141 	EXP 	level_text: autoDraw = True
139.3752 	DATA 	Keypress: up
139.3810 	EXP 	question_text: autoDraw = False
139.3810 	EXP 	level_text: autoDraw = False
139.3810 	EXP 	level_text: text = 0.01071519305237605
139.3810 	EXP 	question_text: autoDraw = True
139.3810 	EXP 	level_text: autoDraw = True
139.5412 	DATA 	Keypress: up
139.5478 	EXP 	question_text: autoDraw = False
139.5478 	EXP 	level_text: autoDraw = False
139.5478 	EXP 	level_text: text = 0.010964781961431835
139.5478 	EXP 	question_text: autoDraw = True
139.5478 	EXP 	level_text: autoDraw = True
139.7077 	DATA 	Keypress: up
139.7146 	EXP 	question_text: autoDraw = False
139.7146 	EXP 	level_text: autoDraw = False
139.7146 	EXP 	level_text: text = 0.011220184543019618
139.7146 	EXP 	question_text: autoDraw = True
139.7146 	EXP 	level_text: autoDraw = True
139.8759 	DATA 	Keypress: up
139.8815 	EXP 	question_text: autoDraw = False
139.8815 	EXP 	level_text: autoDraw = False
139.8815 	EXP 	level_text: text = 0.01148153621496881
139.8815 	EXP 	question_text: autoDraw = True
139.8815 	EXP 	level_text: autoDraw = True
140.0417 	DATA 	Keypress: up
140.0481 	EXP 	question_text: autoDraw = False
140.0481 	EXP 	level_text: autoDraw = False
140.0481 	EXP 	level_text: text = 0.011748975549395278
140.0481 	EXP 	question_text: autoDraw = True
140.0481 	EXP 	level_text: autoDraw = True
140.2087 	DATA 	Keypress: up
140.2152 	EXP 	question_text: autoDraw = False
140.2152 	EXP 	level_text: autoDraw = False
140.2152 	EXP 	level_text: text = 0.012022644346174111
140.2152 	EXP 	question_text: autoDraw = True
140.2152 	EXP 	level_text: autoDraw = True
140.3756 	DATA 	Keypress: up
140.3817 	EXP 	question_text: autoDraw = False
140.3817 	EXP 	level_text: autoDraw = False
140.3817 	EXP 	level_text: text = 0.012302687708123797
140.3817 	EXP 	question_text: autoDraw = True
140.3817 	EXP 	level_text: autoDraw = True
140.5093 	DATA 	Keypress: up
140.5155 	EXP 	question_text: autoDraw = False
140.5155 	EXP 	level_text: autoDraw = False
140.5155 	EXP 	level_text: text = 0.012589254117941652
140.5155 	EXP 	question_text: autoDraw = True
140.5155 	EXP 	level_text: autoDraw = True
140.6584 	DATA 	Keypress: up
140.6658 	EXP 	question_text: autoDraw = False
140.6658 	EXP 	level_text: autoDraw = False
140.6658 	EXP 	level_text: text = 0.01288249551693132
140.6658 	EXP 	question_text: autoDraw = True
140.6658 	EXP 	level_text: autoDraw = True
140.8042 	DATA 	Keypress: up
140.8325 	EXP 	question_text: autoDraw = False
140.8325 	EXP 	level_text: autoDraw = False
140.8325 	EXP 	level_text: text = 0.01318256738556405
140.8325 	EXP 	question_text: autoDraw = True
140.8325 	EXP 	level_text: autoDraw = True
141.3702 	DATA 	Keypress: down
141.3829 	EXP 	question_text: autoDraw = False
141.3829 	EXP 	level_text: autoDraw = False
141.4364 	EXP 	window1: mouseVisible = True
