3.0354 	WARNING 	We strongly recommend you activate the PTB sound engine in PsychoPy prefs as the preferred audio engine. Its timing is vastly superior. Your prefs are currently set to use ['sounddevice', 'PTB', 'pyo', 'pygame'] (in that order).
11.6487 	WARNING 	Couldn't measure a consistent frame rate.
  - Is your graphics card set to sync to vertical blank?
  - Are you running other processes on your computer?

11.6490 	EXP 	Created window1 = Window(allowGUI=False, allowStencil=False, args=UNKNOWN, autoLog=True, bitsMode=UNKNOWN, blendMode='avg', bpc=(8, 8, 8), color=array([0., 0., 0.]), colorSpace='rgb', depthBits=8, fullscr=<method-wrapper '__getattribute__' of attributeSetter object at 0x000002A53F9E62B0>, gamma=None, gammaErrorPolicy='raise', kwargs=UNKNOWN, lms=UNKNOWN, monitor=<psychopy.monitors.calibTools.Monitor object at 0x000002A53FA38B38>, multiSample=False, name='window1', numSamples=2, pos=[0.0, 0.0], screen=0, size=array([1366,  768]), stencilBits=0, stereo=False, units='height', useFBO=True, useRetina=False, viewOri=0.0, viewPos=None, viewScale=None, waitBlanking=True, winType='pyglet')
11.6490 	EXP 	window1: recordFrameIntervals = False
11.8086 	EXP 	window1: recordFrameIntervals = True
11.9017 	WARNING 	t of last frame was 26.77ms (=1/37)
11.9686 	WARNING 	t of last frame was 27.00ms (=1/37)
12.0351 	WARNING 	t of last frame was 26.45ms (=1/37)
12.1021 	WARNING 	t of last frame was 26.94ms (=1/37)
12.1684 	WARNING 	Multiple dropped frames have occurred - I'll stop bothering you about them!
13.4760 	WARNING 	Couldn't measure a consistent frame rate.
  - Is your graphics card set to sync to vertical blank?
  - Are you running other processes on your computer?

13.7357 	EXP 	Created text = TextStim(__class__=<class 'psychopy.visual.text.TextStim'>, alignHoriz=method-wrapper(...), alignText='center', alignVert=method-wrapper(...), anchorHoriz='center', anchorVert='center', antialias=True, autoLog=True, bold=False, color='white', colorSpace='named', contrast=1.0, depth=-1.0, flipHoriz=False, flipVert=False, font='Arial', fontFiles=[], height=0.1, italic=False, languageStyle='LTR', name='text', opacity=1.0, ori=0, pos=array([0. , 0.5]), rgb=array([255., 255., 255.]), text=str(...), units='height', win=Window(...), wrapWidth=1)
13.7493 	EXP 	Sound sound_1 set volume 1.000
13.7648 	EXP 	Created question_text = TextStim(__class__=<class 'psychopy.visual.text.TextStim'>, alignHoriz=method-wrapper(...), alignText='center', alignVert=method-wrapper(...), anchorHoriz='center', anchorVert='center', antialias=True, autoLog=True, bold=False, color='white', colorSpace='named', contrast=1.0, depth=-3.0, flipHoriz=False, flipVert=False, font='Arial', fontFiles=[], height=0.1, italic=False, languageStyle='LTR', name='question_text', opacity=1.0, ori=0, pos=array([0. , 0.2]), rgb=array([255., 255., 255.]), text="'Does your db SPL meter read 113 db SPL?'", units='height', win=Window(...), wrapWidth=1)
13.7700 	EXP 	Created level_text = TextStim(__class__=<class 'psychopy.visual.text.TextStim'>, alignHoriz=method-wrapper(...), alignText='center', alignVert=method-wrapper(...), anchorHoriz='center', anchorVert='center', antialias=True, autoLog=True, bold=False, color='white', colorSpace='named', contrast=1.0, depth=-4.0, flipHoriz=False, flipVert=False, font='Arial', fontFiles=[], height=0.1, italic=False, languageStyle='LTR', name='level_text', opacity=1.0, ori=0, pos=array([ 0. , -0.2]), rgb=array([255., 255., 255.]), text='default text', units='height', win=Window(...), wrapWidth=1)
13.7998 	EXP 	text: autoDraw = True
14.9209 	DATA 	Mouse: Left button down, pos=(546,633)
15.0546 	DATA 	Mouse:  Left button up, pos=(546,633)
15.4808 	WARNING 	Increasing number of minimum required reversals to the number of step sizes, (11).
15.4879 	DATA 	Keypress: space
15.4911 	EXP 	text: autoDraw = False
15.4911 	EXP 	level_text: text = 0.1
15.4911 	EXP 	question_text: autoDraw = True
15.4911 	EXP 	level_text: autoDraw = True
17.0423 	DATA 	Keypress: up
17.0451 	EXP 	question_text: autoDraw = False
17.0451 	EXP 	level_text: autoDraw = False
17.0451 	EXP 	level_text: text = 0.6309573444801934
17.0451 	EXP 	question_text: autoDraw = True
17.0451 	EXP 	level_text: autoDraw = True
19.2428 	DATA 	Keypress: up
19.2779 	EXP 	question_text: autoDraw = False
19.2779 	EXP 	level_text: autoDraw = False
19.2779 	EXP 	level_text: text = 1
19.2779 	EXP 	question_text: autoDraw = True
19.2779 	EXP 	level_text: autoDraw = True
20.5889 	DATA 	Keypress: down
20.6260 	EXP 	question_text: autoDraw = False
20.6260 	EXP 	level_text: autoDraw = False
20.6260 	EXP 	level_text: text = 0.15848931924611132
20.6260 	EXP 	question_text: autoDraw = True
20.6260 	EXP 	level_text: autoDraw = True
21.7278 	DATA 	Keypress: up
21.7320 	EXP 	question_text: autoDraw = False
21.7320 	EXP 	level_text: autoDraw = False
21.7320 	EXP 	level_text: text = 0.630957344480193
21.7320 	EXP 	question_text: autoDraw = True
21.7320 	EXP 	level_text: autoDraw = True
22.7014 	DATA 	Keypress: up
22.7057 	EXP 	question_text: autoDraw = False
22.7057 	EXP 	level_text: autoDraw = False
22.7057 	EXP 	level_text: text = 1
22.7057 	EXP 	question_text: autoDraw = True
22.7057 	EXP 	level_text: autoDraw = True
26.1968 	DATA 	Keypress: down
26.2007 	EXP 	question_text: autoDraw = False
26.2007 	EXP 	level_text: autoDraw = False
26.2007 	EXP 	level_text: text = 0.251188643150958
26.2007 	EXP 	question_text: autoDraw = True
26.2007 	EXP 	level_text: autoDraw = True
26.9968 	DATA 	Keypress: up
27.0008 	EXP 	question_text: autoDraw = False
27.0008 	EXP 	level_text: autoDraw = False
27.0008 	EXP 	level_text: text = 0.6309573444801932
27.0008 	EXP 	question_text: autoDraw = True
27.0008 	EXP 	level_text: autoDraw = True
28.0904 	DATA 	Keypress: up
28.0944 	EXP 	question_text: autoDraw = False
28.0944 	EXP 	level_text: autoDraw = False
28.0944 	EXP 	level_text: text = 1
28.0944 	EXP 	question_text: autoDraw = True
28.0944 	EXP 	level_text: autoDraw = True
31.7583 	DATA 	Keypress: down
31.7627 	EXP 	question_text: autoDraw = False
31.7627 	EXP 	level_text: autoDraw = False
31.7627 	EXP 	level_text: text = 0.39810717055349726
31.7627 	EXP 	question_text: autoDraw = True
31.7627 	EXP 	level_text: autoDraw = True
31.9573 	DATA 	Keypress: down
31.9623 	EXP 	question_text: autoDraw = False
31.9623 	EXP 	level_text: autoDraw = False
31.9623 	EXP 	level_text: text = 0.15848931924611134
31.9623 	EXP 	question_text: autoDraw = True
31.9623 	EXP 	level_text: autoDraw = True
32.3985 	DATA 	Keypress: down
32.4159 	EXP 	question_text: autoDraw = False
32.4159 	EXP 	level_text: autoDraw = False
32.4159 	EXP 	level_text: text = 0.06309573444801932
32.4159 	EXP 	question_text: autoDraw = True
32.4159 	EXP 	level_text: autoDraw = True
32.6654 	DATA 	Keypress: down
32.6826 	EXP 	question_text: autoDraw = False
32.6826 	EXP 	level_text: autoDraw = False
32.6826 	EXP 	level_text: text = 0.025118864315095798
32.6826 	EXP 	question_text: autoDraw = True
32.6826 	EXP 	level_text: autoDraw = True
32.8475 	DATA 	Keypress: down
32.8827 	EXP 	question_text: autoDraw = False
32.8827 	EXP 	level_text: autoDraw = False
32.8827 	EXP 	level_text: text = 0.009999999999999998
32.8827 	EXP 	question_text: autoDraw = True
32.8827 	EXP 	level_text: autoDraw = True
36.4940 	DATA 	Mouse: Left button down, pos=(428,448)
36.7151 	DATA 	Mouse:  Left button up, pos=(428,448)
38.1344 	DATA 	Keypress: down
38.1384 	EXP 	question_text: autoDraw = False
38.1384 	EXP 	level_text: autoDraw = False
38.1384 	EXP 	level_text: text = 0.003981071705534972
38.1384 	EXP 	question_text: autoDraw = True
38.1384 	EXP 	level_text: autoDraw = True
38.8674 	DATA 	Keypress: down
38.8717 	EXP 	question_text: autoDraw = False
38.8717 	EXP 	level_text: autoDraw = False
38.8717 	EXP 	level_text: text = 0.0015848931924611132
38.8717 	EXP 	question_text: autoDraw = True
38.8717 	EXP 	level_text: autoDraw = True
39.6679 	DATA 	Keypress: down
39.6721 	EXP 	question_text: autoDraw = False
39.6721 	EXP 	level_text: autoDraw = False
39.6721 	EXP 	level_text: text = 0.0006309573444801931
39.6721 	EXP 	question_text: autoDraw = True
39.6721 	EXP 	level_text: autoDraw = True
41.3093 	DATA 	Keypress: up
41.3135 	EXP 	question_text: autoDraw = False
41.3135 	EXP 	level_text: autoDraw = False
41.3135 	EXP 	level_text: text = 0.0007943282347242813
41.3135 	EXP 	question_text: autoDraw = True
41.3135 	EXP 	level_text: autoDraw = True
43.4419 	DATA 	Keypress: up
43.4466 	EXP 	question_text: autoDraw = False
43.4466 	EXP 	level_text: autoDraw = False
43.4466 	EXP 	level_text: text = 0.0009999999999999998
43.4466 	EXP 	question_text: autoDraw = True
43.4466 	EXP 	level_text: autoDraw = True
45.5242 	DATA 	Keypress: down
45.5286 	EXP 	question_text: autoDraw = False
45.5286 	EXP 	level_text: autoDraw = False
45.5286 	EXP 	level_text: text = 0.0007943282347242813
45.5286 	EXP 	question_text: autoDraw = True
45.5286 	EXP 	level_text: autoDraw = True
48.4717 	DATA 	Keypress: up
48.4759 	EXP 	question_text: autoDraw = False
48.4759 	EXP 	level_text: autoDraw = False
48.4759 	EXP 	level_text: text = 0.0008912509381337453
48.4759 	EXP 	question_text: autoDraw = True
48.4759 	EXP 	level_text: autoDraw = True
48.9923 	DATA 	Keypress: down
48.9963 	EXP 	question_text: autoDraw = False
48.9963 	EXP 	level_text: autoDraw = False
48.9963 	EXP 	level_text: text = 0.0007943282347242813
48.9963 	EXP 	question_text: autoDraw = True
48.9963 	EXP 	level_text: autoDraw = True
55.1487 	DATA 	Keypress: escape
55.4210 	EXP 	window1: mouseVisible = True
