2.2690 	WARNING 	We strongly recommend you activate the PTB sound engine in PsychoPy prefs as the preferred audio engine. Its timing is vastly superior. Your prefs are currently set to use ['sounddevice', 'PTB', 'pyo', 'pygame'] (in that order).
24.6365 	EXP 	Created window1 = Window(allowGUI=False, allowStencil=False, args=UNKNOWN, autoLog=True, bitsMode=UNKNOWN, blendMode='avg', bpc=(8, 8, 8), color=array([0., 0., 0.]), colorSpace='rgb', depthBits=8, fullscr=<method-wrapper '__getattribute__' of attributeSetter object at 0x0000018275AC25C0>, gamma=None, gammaErrorPolicy='raise', kwargs=UNKNOWN, lms=UNKNOWN, monitor=<psychopy.monitors.calibTools.Monitor object at 0x0000018275954588>, multiSample=False, name='window1', numSamples=2, pos=[0.0, 0.0], screen=0, size=array([1366,  768]), stencilBits=0, stereo=False, units='height', useFBO=True, useRetina=False, viewOri=0.0, viewPos=None, viewScale=None, waitBlanking=True, winType='pyglet')
24.6366 	EXP 	window1: mouseVisible = True
24.6366 	EXP 	window1: recordFrameIntervals = False
24.8029 	EXP 	window1: recordFrameIntervals = True
24.9864 	EXP 	window1: recordFrameIntervals = False
25.2009 	EXP 	Created press_space = TextStim(__class__=<class 'psychopy.visual.text.TextStim'>, alignHoriz=method-wrapper(...), alignText='center', alignVert=method-wrapper(...), anchorHoriz='center', anchorVert='center', antialias=True, autoLog=True, bold=False, color='white', colorSpace='named', contrast=1.0, depth=0.0, flipHoriz=False, flipVert=False, font='Arial', fontFiles=[], height=0.05, italic=False, languageStyle='LTR', name='press_space', opacity=1.0, ori=0, pos=array([ 0. , -0.2]), rgb=array([255., 255., 255.]), text='Press space to continue', units='height', win=Window(...), wrapWidth=1)
25.2310 	EXP 	Created title_text = TextStim(__class__=<class 'psychopy.visual.text.TextStim'>, alignHoriz=method-wrapper(...), alignText='center', alignVert=method-wrapper(...), anchorHoriz='center', anchorVert='center', antialias=True, autoLog=True, bold=False, color='white', colorSpace='named', contrast=1.0, depth=-1.0, flipHoriz=False, flipVert=False, font='Arial', fontFiles=[], height=0.1, italic=False, languageStyle='LTR', name='title_text', opacity=1.0, ori=0, pos=array([0., 0.]), rgb=array([255., 255., 255.]), text='Headphone Calibration Check', units='height', win=Window(...), wrapWidth=1)
25.2568 	EXP 	Created text_2 = TextStim(__class__=<class 'psychopy.visual.text.TextStim'>, alignHoriz=method-wrapper(...), alignText='center', alignVert=method-wrapper(...), anchorHoriz='center', anchorVert='center', antialias=True, autoLog=True, bold=False, color='white', colorSpace='named', contrast=1.0, depth=-1.0, flipHoriz=False, flipVert=False, font='Arial', fontFiles=[], height=0.03, italic=False, languageStyle='LTR', name='text_2', opacity=1.0, ori=0, pos=array([0. , 0.1]), rgb=array([255., 255., 255.]), text=str(...), units='height', win=Window(...), wrapWidth=1)
25.2640 	EXP 	Created text = TextStim(__class__=<class 'psychopy.visual.text.TextStim'>, alignHoriz=method-wrapper(...), alignText='center', alignVert=method-wrapper(...), anchorHoriz='center', anchorVert='center', antialias=True, autoLog=True, bold=False, color='white', colorSpace='named', contrast=1.0, depth=-2.0, flipHoriz=False, flipVert=False, font='Arial', fontFiles=[], height=0.1, italic=False, languageStyle='LTR', name='text', opacity=1.0, ori=0, pos=array([0., 0.]), rgb=array([255., 255., 255.]), text='default text', units='height', win=Window(...), wrapWidth=1)
25.2815 	EXP 	Sound sound_1 set volume 1.000
25.3142 	EXP 	press_space: autoDraw = True
25.3142 	EXP 	title_text: autoDraw = True
26.5603 	EXP 	Imported desired_db.xlsx as conditions, 15 conditions, 1 params
26.5606 	EXP 	Created sequence: sequential, trialTypes=15, nReps=1, seed=None
26.5609 	EXP 	New trial (rep=0, index=0): OrderedDict([('desired_db', 30)])
26.5699 	DATA 	Keypress: space
26.5721 	EXP 	press_space: autoDraw = False
26.5721 	EXP 	title_text: autoDraw = False
26.5721 	EXP 	text: text = 30.0
26.5721 	EXP 	text_2: autoDraw = True
26.5721 	EXP 	text: autoDraw = True
27.2268 	DATA 	Keypress: space
27.2438 	EXP 	New trial (rep=0, index=1): OrderedDict([('desired_db', 35)])
27.2551 	EXP 	text_2: autoDraw = False
27.2551 	EXP 	text: autoDraw = False
27.2551 	EXP 	text: text = 35.0
27.2551 	EXP 	text_2: autoDraw = True
27.2551 	EXP 	text: autoDraw = True
27.5432 	EXP 	New trial (rep=0, index=2): OrderedDict([('desired_db', 40)])
27.5492 	DATA 	Keypress: space
27.5555 	EXP 	text_2: autoDraw = False
27.5555 	EXP 	text: autoDraw = False
27.5555 	EXP 	text: text = 40.0
27.5555 	EXP 	text_2: autoDraw = True
27.5555 	EXP 	text: autoDraw = True
27.7109 	EXP 	New trial (rep=0, index=3): OrderedDict([('desired_db', 45)])
27.7166 	DATA 	Keypress: space
27.7223 	EXP 	text_2: autoDraw = False
27.7223 	EXP 	text: autoDraw = False
27.7223 	EXP 	text: text = 45.0
27.7223 	EXP 	text_2: autoDraw = True
27.7223 	EXP 	text: autoDraw = True
27.8598 	EXP 	New trial (rep=0, index=4): OrderedDict([('desired_db', 50)])
27.8640 	DATA 	Keypress: space
27.8726 	EXP 	text_2: autoDraw = False
27.8726 	EXP 	text: autoDraw = False
27.8726 	EXP 	text: text = 50.0
27.8726 	EXP 	text_2: autoDraw = True
27.8726 	EXP 	text: autoDraw = True
28.0100 	EXP 	New trial (rep=0, index=5): OrderedDict([('desired_db', 55)])
28.0148 	DATA 	Keypress: space
28.0227 	EXP 	text_2: autoDraw = False
28.0227 	EXP 	text: autoDraw = False
28.0227 	EXP 	text: text = 55.0
28.0227 	EXP 	text_2: autoDraw = True
28.0227 	EXP 	text: autoDraw = True
28.1442 	EXP 	New trial (rep=0, index=6): OrderedDict([('desired_db', 60)])
28.1518 	DATA 	Keypress: space
28.1560 	EXP 	text_2: autoDraw = False
28.1560 	EXP 	text: autoDraw = False
28.1560 	EXP 	text: text = 60.0
28.1560 	EXP 	text_2: autoDraw = True
28.1560 	EXP 	text: autoDraw = True
28.6608 	EXP 	New trial (rep=0, index=7): OrderedDict([('desired_db', 65)])
28.6659 	DATA 	Keypress: space
28.6734 	EXP 	text_2: autoDraw = False
28.6734 	EXP 	text: autoDraw = False
28.6734 	EXP 	text: text = 65.0
28.6734 	EXP 	text_2: autoDraw = True
28.6734 	EXP 	text: autoDraw = True
28.9285 	EXP 	New trial (rep=0, index=8): OrderedDict([('desired_db', 70)])
28.9348 	DATA 	Keypress: space
28.9402 	EXP 	text_2: autoDraw = False
28.9402 	EXP 	text: autoDraw = False
28.9402 	EXP 	text: text = 70.0
28.9402 	EXP 	text_2: autoDraw = True
28.9402 	EXP 	text: autoDraw = True
29.3955 	EXP 	New trial (rep=0, index=9): OrderedDict([('desired_db', 75)])
29.4006 	DATA 	Keypress: space
29.4073 	EXP 	text_2: autoDraw = False
29.4073 	EXP 	text: autoDraw = False
29.4073 	EXP 	text: text = 75.0
29.4073 	EXP 	text_2: autoDraw = True
29.4073 	EXP 	text: autoDraw = True
29.7626 	EXP 	New trial (rep=0, index=10): OrderedDict([('desired_db', 80)])
29.7690 	DATA 	Keypress: space
29.7748 	EXP 	text_2: autoDraw = False
29.7748 	EXP 	text: autoDraw = False
29.7748 	EXP 	text: text = 80.0
29.7748 	EXP 	text_2: autoDraw = True
29.7748 	EXP 	text: autoDraw = True
30.1115 	DATA 	Keypress: space
30.1289 	EXP 	New trial (rep=0, index=11): OrderedDict([('desired_db', 85)])
30.1414 	EXP 	text_2: autoDraw = False
30.1414 	EXP 	text: autoDraw = False
30.1414 	EXP 	text: text = 85.0
30.1414 	EXP 	text_2: autoDraw = True
30.1414 	EXP 	text: autoDraw = True
30.5303 	EXP 	New trial (rep=0, index=12): OrderedDict([('desired_db', 90)])
30.5376 	DATA 	Keypress: space
30.5418 	EXP 	text_2: autoDraw = False
30.5418 	EXP 	text: autoDraw = False
30.5418 	EXP 	text: text = 90.0
30.5418 	EXP 	text_2: autoDraw = True
30.5418 	EXP 	text: autoDraw = True
31.4310 	EXP 	New trial (rep=0, index=13): OrderedDict([('desired_db', 95)])
31.4365 	DATA 	Keypress: space
31.4427 	EXP 	text_2: autoDraw = False
31.4427 	EXP 	text: autoDraw = False
31.4427 	EXP 	text: text = 95.0
31.4427 	EXP 	text_2: autoDraw = True
31.4427 	EXP 	text: autoDraw = True
32.5320 	EXP 	New trial (rep=0, index=14): OrderedDict([('desired_db', 100)])
32.5390 	DATA 	Keypress: space
32.5442 	EXP 	text_2: autoDraw = False
32.5442 	EXP 	text: autoDraw = False
32.5442 	EXP 	text: text = 100.0
32.5442 	EXP 	text_2: autoDraw = True
32.5442 	EXP 	text: autoDraw = True
38.6049 	DATA 	Keypress: escape
38.8338 	EXP 	window1: mouseVisible = True
