3.8931 	WARNING 	We strongly recommend you activate the PTB sound engine in PsychoPy prefs as the preferred audio engine. Its timing is vastly superior. Your prefs are currently set to use ['sounddevice', 'PTB', 'pyo', 'pygame'] (in that order).
11.7393 	EXP 	Created window1 = Window(allowGUI=False, allowStencil=False, args=UNKNOWN, autoLog=True, bitsMode=UNKNOWN, blendMode='avg', bpc=(8, 8, 8), color=array([0., 0., 0.]), colorSpace='rgb', depthBits=8, fullscr=<method-wrapper '__getattribute__' of attributeSetter object at 0x000002BB353BB198>, gamma=None, gammaErrorPolicy='raise', kwargs=UNKNOWN, lms=UNKNOWN, monitor=<psychopy.monitors.calibTools.Monitor object at 0x000002BB3540BA20>, multiSample=False, name='window1', numSamples=2, pos=[0.0, 0.0], screen=0, size=array([1366,  768]), stencilBits=0, stereo=False, units='height', useFBO=True, useRetina=False, viewOri=0.0, viewPos=None, viewScale=None, waitBlanking=True, winType='pyglet')
11.7394 	EXP 	window1: recordFrameIntervals = False
11.9052 	EXP 	window1: recordFrameIntervals = True
12.0885 	EXP 	window1: recordFrameIntervals = False
12.3305 	EXP 	Created text = TextStim(__class__=<class 'psychopy.visual.text.TextStim'>, alignHoriz=method-wrapper(...), alignText='center', alignVert=method-wrapper(...), anchorHoriz='center', anchorVert='center', antialias=True, autoLog=True, bold=False, color='white', colorSpace='named', contrast=1.0, depth=-1.0, flipHoriz=False, flipVert=False, font='Helvetica', fontFiles=[], height=0.05, italic=False, languageStyle='LTR', name='text', opacity=1.0, ori=0, pos=array([ 0. , -0.2]), rgb=array([255., 255., 255.]), text='\nPress space to start', units='height', win=Window(...), wrapWidth=1)
12.3850 	EXP 	Created title_text = TextStim(__class__=<class 'psychopy.visual.text.TextStim'>, alignHoriz=method-wrapper(...), alignText='center', alignVert=method-wrapper(...), anchorHoriz='center', anchorVert='center', antialias=True, autoLog=True, bold=False, color='white', colorSpace='named', contrast=1.0, depth=-2.0, flipHoriz=False, flipVert=False, font='Helvetica', fontFiles=[], height=0.1, italic=False, languageStyle='LTR', name='title_text', opacity=1.0, ori=0, pos=array([0., 0.]), rgb=array([255., 255., 255.]), text='Headphone calibration\n', units='height', win=Window(...), wrapWidth=1)
12.4302 	EXP 	Created text_2 = TextStim(__class__=<class 'psychopy.visual.text.TextStim'>, alignHoriz=method-wrapper(...), alignText='center', alignVert=method-wrapper(...), anchorHoriz='center', anchorVert='center', antialias=True, autoLog=True, bold=False, color='white', colorSpace='named', contrast=1.0, depth=0.0, flipHoriz=False, flipVert=False, font='Arial', fontFiles=[], height=0.03, italic=False, languageStyle='LTR', name='text_2', opacity=1.0, ori=0, pos=array([0., 0.]), rgb=array([255., 255., 255.]), text=str(...), units='height', win=Window(...), wrapWidth=1)
12.4440 	EXP 	Created text_3 = TextStim(__class__=<class 'psychopy.visual.text.TextStim'>, alignHoriz=method-wrapper(...), alignText='center', alignVert=method-wrapper(...), anchorHoriz='center', anchorVert='center', antialias=True, autoLog=True, bold=False, color='white', colorSpace='named', contrast=1.0, depth=0.0, flipHoriz=False, flipVert=False, font='Arial', fontFiles=[], height=0.03, italic=False, languageStyle='LTR', name='text_3', opacity=1.0, ori=0, pos=array([0., 0.]), rgb=array([255., 255., 255.]), text=str(...), units='height', win=Window(...), wrapWidth=1)
12.4801 	EXP 	Created text_4 = TextStim(__class__=<class 'psychopy.visual.text.TextStim'>, alignHoriz=method-wrapper(...), alignText='center', alignVert=method-wrapper(...), anchorHoriz='center', anchorVert='center', antialias=True, autoLog=True, bold=False, color='white', colorSpace='named', contrast=1.0, depth=0.0, flipHoriz=False, flipVert=False, font='Arial', fontFiles=[], height=0.03, italic=False, languageStyle='LTR', name='text_4', opacity=1.0, ori=0, pos=array([0., 0.]), rgb=array([255., 255., 255.]), text=str(...), units='height', win=Window(...), wrapWidth=1)
12.7366 	EXP 	Sound sound_1 set volume 1.000
12.7592 	EXP 	Created question_text = TextStim(__class__=<class 'psychopy.visual.text.TextStim'>, alignHoriz=method-wrapper(...), alignText='center', alignVert=method-wrapper(...), anchorHoriz='center', anchorVert='center', antialias=True, autoLog=True, bold=False, color='white', colorSpace='named', contrast=1.0, depth=-3.0, flipHoriz=False, flipVert=False, font='Helvetica', fontFiles=[], height=0.03, italic=False, languageStyle='LTR', name='question_text', opacity=1.0, ori=0, pos=array([ 0. , -0.2]), rgb=array([255., 255., 255.]), text=str(...), units='height', win=Window(...), wrapWidth=1)
12.7771 	EXP 	Created level_text = TextStim(__class__=<class 'psychopy.visual.text.TextStim'>, alignHoriz=method-wrapper(...), alignText='center', alignVert=method-wrapper(...), anchorHoriz='center', anchorVert='center', antialias=True, autoLog=True, bold=False, color='white', colorSpace='named', contrast=1.0, depth=-4.0, flipHoriz=False, flipVert=False, font='Arial', fontFiles=[], height=0.1, italic=False, languageStyle='LTR', name='level_text', opacity=1.0, ori=0, pos=array([0., 0.]), rgb=array([255., 255., 255.]), text='default text', units='height', win=Window(...), wrapWidth=1)
12.8038 	EXP 	Created text_6 = TextStim(__class__=<class 'psychopy.visual.text.TextStim'>, alignHoriz=method-wrapper(...), alignText='center', alignVert=method-wrapper(...), anchorHoriz='center', anchorVert='center', antialias=True, autoLog=True, bold=False, color='white', colorSpace='named', contrast=1.0, depth=-1.0, flipHoriz=False, flipVert=False, font='Arial', fontFiles=[], height=0.05, italic=False, languageStyle='LTR', name='text_6', opacity=1.0, ori=0, pos=array([0. , 0.3]), rgb=array([255., 255., 255.]), text=str(...), units='height', win=Window(...), wrapWidth=1)
12.8064 	EXP 	Created last_level_text = TextStim(__class__=<class 'psychopy.visual.text.TextStim'>, alignHoriz=method-wrapper(...), alignText='center', alignVert=method-wrapper(...), anchorHoriz='center', anchorVert='center', antialias=True, autoLog=True, bold=False, color='white', colorSpace='named', contrast=1.0, depth=-2.0, flipHoriz=False, flipVert=False, font='Arial', fontFiles=[], height=0.1, italic=False, languageStyle='LTR', name='last_level_text', opacity=1.0, ori=0, pos=array([0., 0.]), rgb=array([255., 255., 255.]), text='default text', units='height', win=Window(...), wrapWidth=1)
12.8111 	EXP 	Created text_5 = TextStim(__class__=<class 'psychopy.visual.text.TextStim'>, alignHoriz=method-wrapper(...), alignText='center', alignVert=method-wrapper(...), anchorHoriz='center', anchorVert='center', antialias=True, autoLog=True, bold=False, color='white', colorSpace='named', contrast=1.0, depth=-3.0, flipHoriz=False, flipVert=False, font='Arial', fontFiles=[], height=0.05, italic=False, languageStyle='LTR', name='text_5', opacity=1.0, ori=0, pos=array([ 0. , -0.3]), rgb=array([255., 255., 255.]), text=str(...), units='height', win=Window(...), wrapWidth=1)
12.8433 	EXP 	text: autoDraw = True
12.8433 	EXP 	title_text: autoDraw = True
13.8431 	DATA 	Keypress: space
13.8536 	EXP 	text: autoDraw = False
13.8536 	EXP 	title_text: autoDraw = False
13.8536 	EXP 	text_2: autoDraw = True
14.6265 	DATA 	Keypress: space
14.6360 	EXP 	text_2: autoDraw = False
14.6360 	EXP 	text_3: autoDraw = True
16.3907 	DATA 	Keypress: space
16.4015 	EXP 	text_3: autoDraw = False
16.4015 	EXP 	text_4: autoDraw = True
23.6647 	WARNING 	Increasing number of minimum required reversals to the number of step sizes, (10).
23.6758 	DATA 	Keypress: space
23.6777 	EXP 	text_4: autoDraw = False
23.6777 	EXP 	level_text: color = 'white (named)'
23.6777 	EXP 	level_text: text = 0.1
23.6777 	EXP 	question_text: autoDraw = True
23.6777 	EXP 	level_text: autoDraw = True
24.5493 	DATA 	Keypress: up
24.5511 	EXP 	question_text: autoDraw = False
24.5511 	EXP 	level_text: autoDraw = False
24.5511 	EXP 	level_text: color = 'white (named)'
24.5511 	EXP 	level_text: text = 0.19952623149688797
24.5511 	EXP 	question_text: autoDraw = True
24.5511 	EXP 	level_text: autoDraw = True
24.6923 	DATA 	Keypress: up
24.6943 	EXP 	question_text: autoDraw = False
24.6943 	EXP 	level_text: autoDraw = False
24.6943 	EXP 	level_text: color = 'white (named)'
24.6943 	EXP 	level_text: text = 0.39810717055349726
24.6943 	EXP 	question_text: autoDraw = True
24.6943 	EXP 	level_text: autoDraw = True
24.8595 	DATA 	Keypress: up
24.8616 	EXP 	question_text: autoDraw = False
24.8616 	EXP 	level_text: autoDraw = False
24.8616 	EXP 	level_text: color = 'white (named)'
24.8616 	EXP 	level_text: text = 0.7943282347242815
24.8616 	EXP 	question_text: autoDraw = True
24.8616 	EXP 	level_text: autoDraw = True
25.0011 	DATA 	Keypress: up
25.0092 	EXP 	question_text: autoDraw = False
25.0092 	EXP 	level_text: autoDraw = False
25.0092 	EXP 	level_text: color = 'white (named)'
25.0092 	EXP 	level_text: text = 1
25.0092 	EXP 	question_text: autoDraw = True
25.0092 	EXP 	level_text: autoDraw = True
25.3022 	DATA 	Keypress: up
25.3089 	EXP 	question_text: autoDraw = False
25.3089 	EXP 	level_text: autoDraw = False
25.3089 	EXP 	level_text: color = 'white (named)'
25.3089 	EXP 	level_text: text = 1
25.3089 	EXP 	question_text: autoDraw = True
25.3089 	EXP 	level_text: autoDraw = True
25.8633 	DATA 	Keypress: down
25.8920 	EXP 	question_text: autoDraw = False
25.8920 	EXP 	level_text: autoDraw = False
25.8920 	EXP 	level_text: color = 'white (named)'
25.8920 	EXP 	level_text: text = 0.5011872336272724
25.8920 	EXP 	question_text: autoDraw = True
25.8920 	EXP 	level_text: autoDraw = True
26.0143 	DATA 	Keypress: down
26.0449 	EXP 	question_text: autoDraw = False
26.0449 	EXP 	level_text: autoDraw = False
26.0449 	EXP 	level_text: color = 'white (named)'
26.0449 	EXP 	level_text: text = 0.25118864315095807
26.0449 	EXP 	question_text: autoDraw = True
26.0449 	EXP 	level_text: autoDraw = True
26.1631 	DATA 	Keypress: down
26.1915 	EXP 	question_text: autoDraw = False
26.1915 	EXP 	level_text: autoDraw = False
26.1915 	EXP 	level_text: color = 'white (named)'
26.1915 	EXP 	level_text: text = 0.12589254117941676
26.1915 	EXP 	question_text: autoDraw = True
26.1915 	EXP 	level_text: autoDraw = True
26.3363 	DATA 	Keypress: down
26.3415 	EXP 	question_text: autoDraw = False
26.3415 	EXP 	level_text: autoDraw = False
26.3415 	EXP 	level_text: color = 'white (named)'
26.3415 	EXP 	level_text: text = 0.06309573444801934
26.3415 	EXP 	question_text: autoDraw = True
26.3415 	EXP 	level_text: autoDraw = True
26.6351 	DATA 	Keypress: up
26.6411 	EXP 	question_text: autoDraw = False
26.6411 	EXP 	level_text: autoDraw = False
26.6411 	EXP 	level_text: color = 'white (named)'
26.6411 	EXP 	level_text: text = 0.10000000000000003
26.6411 	EXP 	question_text: autoDraw = True
26.6411 	EXP 	level_text: autoDraw = True
26.8128 	DATA 	Keypress: up
26.8409 	EXP 	question_text: autoDraw = False
26.8409 	EXP 	level_text: autoDraw = False
26.8409 	EXP 	level_text: color = 'LightGreen (named)'
26.8409 	EXP 	level_text: text = 0.15848931924611143
26.8409 	EXP 	question_text: autoDraw = True
26.8409 	EXP 	level_text: autoDraw = True
26.9617 	DATA 	Keypress: up
26.9907 	EXP 	question_text: autoDraw = False
26.9907 	EXP 	level_text: autoDraw = False
26.9907 	EXP 	level_text: color = 'LightGreen (named)'
26.9907 	EXP 	level_text: text = 0.2511886431509582
26.9907 	EXP 	question_text: autoDraw = True
26.9907 	EXP 	level_text: autoDraw = True
27.1373 	DATA 	Keypress: up
27.1407 	EXP 	question_text: autoDraw = False
27.1407 	EXP 	level_text: autoDraw = False
27.1407 	EXP 	level_text: color = 'LightGreen (named)'
27.1407 	EXP 	level_text: text = 0.39810717055349754
27.1407 	EXP 	question_text: autoDraw = True
27.1407 	EXP 	level_text: autoDraw = True
27.3024 	DATA 	Keypress: up
27.3070 	EXP 	question_text: autoDraw = False
27.3070 	EXP 	level_text: autoDraw = False
27.3070 	EXP 	level_text: color = 'LightGreen (named)'
27.3070 	EXP 	level_text: text = 0.6309573444801937
27.3070 	EXP 	question_text: autoDraw = True
27.3070 	EXP 	level_text: autoDraw = True
27.5527 	DATA 	Keypress: down
27.5568 	EXP 	question_text: autoDraw = False
27.5568 	EXP 	level_text: autoDraw = False
27.5568 	EXP 	level_text: color = 'LightGreen (named)'
27.5568 	EXP 	level_text: text = 0.3981071705534975
27.5568 	EXP 	question_text: autoDraw = True
27.5568 	EXP 	level_text: autoDraw = True
27.7846 	DATA 	Keypress: down
27.7899 	EXP 	question_text: autoDraw = False
27.7899 	EXP 	level_text: autoDraw = False
27.7899 	EXP 	level_text: color = 'LightGreen (named)'
27.7899 	EXP 	level_text: text = 0.2511886431509581
27.7899 	EXP 	question_text: autoDraw = True
27.7899 	EXP 	level_text: autoDraw = True
27.9615 	DATA 	Keypress: down
27.9897 	EXP 	question_text: autoDraw = False
27.9897 	EXP 	level_text: autoDraw = False
27.9897 	EXP 	level_text: color = 'LightGreen (named)'
27.9897 	EXP 	level_text: text = 0.1584893192461114
27.9897 	EXP 	question_text: autoDraw = True
27.9897 	EXP 	level_text: autoDraw = True
28.3004 	DATA 	Keypress: up
28.3061 	EXP 	question_text: autoDraw = False
28.3061 	EXP 	level_text: autoDraw = False
28.3061 	EXP 	level_text: color = 'LightGreen (named)'
28.3061 	EXP 	level_text: text = 0.19952623149688803
28.3061 	EXP 	question_text: autoDraw = True
28.3061 	EXP 	level_text: autoDraw = True
28.4846 	DATA 	Keypress: up
28.4892 	EXP 	question_text: autoDraw = False
28.4892 	EXP 	level_text: autoDraw = False
28.4892 	EXP 	level_text: color = 'LightGreen (named)'
28.4892 	EXP 	level_text: text = 0.2511886431509581
28.4892 	EXP 	question_text: autoDraw = True
28.4892 	EXP 	level_text: autoDraw = True
28.6657 	DATA 	Keypress: up
28.6723 	EXP 	question_text: autoDraw = False
28.6723 	EXP 	level_text: autoDraw = False
28.6723 	EXP 	level_text: color = 'LightGreen (named)'
28.6723 	EXP 	level_text: text = 0.3162277660168381
28.6723 	EXP 	question_text: autoDraw = True
28.6723 	EXP 	level_text: autoDraw = True
28.7600 	DATA 	Keypress: up
28.7889 	EXP 	question_text: autoDraw = False
28.7889 	EXP 	level_text: autoDraw = False
28.7889 	EXP 	level_text: color = 'LightGreen (named)'
28.7889 	EXP 	level_text: text = 0.3981071705534975
28.7889 	EXP 	question_text: autoDraw = True
28.7889 	EXP 	level_text: autoDraw = True
29.1024 	DATA 	Keypress: up
29.1052 	EXP 	question_text: autoDraw = False
29.1052 	EXP 	level_text: autoDraw = False
29.1052 	EXP 	level_text: color = 'LightGreen (named)'
29.1052 	EXP 	level_text: text = 0.5011872336272726
29.1052 	EXP 	question_text: autoDraw = True
29.1052 	EXP 	level_text: autoDraw = True
29.9830 	DATA 	Keypress: down
29.9878 	EXP 	question_text: autoDraw = False
29.9878 	EXP 	level_text: autoDraw = False
29.9878 	EXP 	level_text: color = 'LightGreen (named)'
29.9878 	EXP 	level_text: text = 0.3981071705534975
29.9878 	EXP 	question_text: autoDraw = True
29.9878 	EXP 	level_text: autoDraw = True
30.1653 	DATA 	Keypress: down
30.1710 	EXP 	question_text: autoDraw = False
30.1710 	EXP 	level_text: autoDraw = False
30.1710 	EXP 	level_text: color = 'LightGreen (named)'
30.1710 	EXP 	level_text: text = 0.3162277660168381
30.1710 	EXP 	question_text: autoDraw = True
30.1710 	EXP 	level_text: autoDraw = True
30.5145 	DATA 	Keypress: down
30.5206 	EXP 	question_text: autoDraw = False
30.5206 	EXP 	level_text: autoDraw = False
30.5206 	EXP 	level_text: color = 'LightGreen (named)'
30.5206 	EXP 	level_text: text = 0.2511886431509581
30.5206 	EXP 	question_text: autoDraw = True
30.5206 	EXP 	level_text: autoDraw = True
30.8330 	DATA 	Keypress: down
30.8369 	EXP 	question_text: autoDraw = False
30.8369 	EXP 	level_text: autoDraw = False
30.8369 	EXP 	level_text: color = 'LightGreen (named)'
30.8369 	EXP 	level_text: text = 0.19952623149688803
30.8369 	EXP 	question_text: autoDraw = True
30.8369 	EXP 	level_text: autoDraw = True
35.9373 	DATA 	Keypress: escape
36.3211 	EXP 	window1: mouseVisible = True
