3.1461 	WARNING 	We strongly recommend you activate the PTB sound engine in PsychoPy prefs as the preferred audio engine. Its timing is vastly superior. Your prefs are currently set to use ['sounddevice', 'PTB', 'pyo', 'pygame'] (in that order).
16.3870 	EXP 	Created window1 = Window(allowGUI=False, allowStencil=False, args=UNKNOWN, autoLog=True, bitsMode=UNKNOWN, blendMode='avg', bpc=(8, 8, 8), color=array([0., 0., 0.]), colorSpace='rgb', depthBits=8, fullscr=<method-wrapper '__getattribute__' of attributeSetter object at 0x0000023839EA4240>, gamma=None, gammaErrorPolicy='raise', kwargs=UNKNOWN, lms=UNKNOWN, monitor=<psychopy.monitors.calibTools.Monitor object at 0x0000023839EF8AC8>, multiSample=False, name='window1', numSamples=2, pos=[0.0, 0.0], screen=0, size=array([1366,  768]), stencilBits=0, stereo=False, units='height', useFBO=True, useRetina=False, viewOri=0.0, viewPos=None, viewScale=None, waitBlanking=True, winType='pyglet')
16.3871 	EXP 	window1: recordFrameIntervals = False
16.5534 	EXP 	window1: recordFrameIntervals = True
16.7376 	EXP 	window1: recordFrameIntervals = False
16.9816 	EXP 	Created text = TextStim(__class__=<class 'psychopy.visual.text.TextStim'>, alignHoriz=method-wrapper(...), alignText='center', alignVert=method-wrapper(...), anchorHoriz='center', anchorVert='center', antialias=True, autoLog=True, bold=False, color='white', colorSpace='named', contrast=1.0, depth=-1.0, flipHoriz=False, flipVert=False, font='Arial', fontFiles=[], height=0.1, italic=False, languageStyle='LTR', name='text', opacity=1.0, ori=0, pos=array([0. , 0.5]), rgb=array([255., 255., 255.]), text=str(...), units='height', win=Window(...), wrapWidth=1)
17.0039 	EXP 	Sound sound_1 set volume 1.000
17.0190 	EXP 	Created question_text = TextStim(__class__=<class 'psychopy.visual.text.TextStim'>, alignHoriz=method-wrapper(...), alignText='center', alignVert=method-wrapper(...), anchorHoriz='center', anchorVert='center', antialias=True, autoLog=True, bold=False, color='white', colorSpace='named', contrast=1.0, depth=-3.0, flipHoriz=False, flipVert=False, font='Arial', fontFiles=[], height=0.1, italic=False, languageStyle='LTR', name='question_text', opacity=1.0, ori=0, pos=array([0. , 0.2]), rgb=array([255., 255., 255.]), text="'Does your db SPL meter read 113 db SPL?'", units='height', win=Window(...), wrapWidth=1)
17.0240 	EXP 	Created level_text = TextStim(__class__=<class 'psychopy.visual.text.TextStim'>, alignHoriz=method-wrapper(...), alignText='center', alignVert=method-wrapper(...), anchorHoriz='center', anchorVert='center', antialias=True, autoLog=True, bold=False, color='white', colorSpace='named', contrast=1.0, depth=-4.0, flipHoriz=False, flipVert=False, font='Arial', fontFiles=[], height=0.1, italic=False, languageStyle='LTR', name='level_text', opacity=1.0, ori=0, pos=array([ 0. , -0.2]), rgb=array([255., 255., 255.]), text='default text', units='height', win=Window(...), wrapWidth=1)
17.0538 	EXP 	text: autoDraw = True
17.1920 	DATA 	Mouse: Left button down, pos=(355,407)
17.4084 	DATA 	Mouse:  Left button up, pos=(355,407)
17.7583 	WARNING 	Increasing number of minimum required reversals to the number of step sizes, (11).
17.7654 	DATA 	Keypress: space
17.7712 	EXP 	text: autoDraw = False
17.7712 	EXP 	level_text: text = 0.1
17.7712 	EXP 	question_text: autoDraw = True
17.7712 	EXP 	level_text: autoDraw = True
18.7223 	DATA 	Keypress: up
18.7250 	EXP 	question_text: autoDraw = False
18.7250 	EXP 	level_text: autoDraw = False
18.7250 	EXP 	level_text: text = 0.6309573444801934
18.7250 	EXP 	question_text: autoDraw = True
18.7250 	EXP 	level_text: autoDraw = True
26.3016 	DATA 	Keypress: down
26.3298 	EXP 	question_text: autoDraw = False
26.3298 	EXP 	level_text: autoDraw = False
26.3298 	EXP 	level_text: text = 0.1
26.3298 	EXP 	question_text: autoDraw = True
26.3298 	EXP 	level_text: autoDraw = True
27.6204 	DATA 	Keypress: up
27.6475 	EXP 	question_text: autoDraw = False
27.6475 	EXP 	level_text: autoDraw = False
27.6475 	EXP 	level_text: text = 0.39810717055349726
27.6475 	EXP 	question_text: autoDraw = True
27.6475 	EXP 	level_text: autoDraw = True
28.2066 	DATA 	Keypress: up
28.2151 	EXP 	question_text: autoDraw = False
28.2151 	EXP 	level_text: autoDraw = False
28.2151 	EXP 	level_text: text = 1
28.2151 	EXP 	question_text: autoDraw = True
28.2151 	EXP 	level_text: autoDraw = True
30.7438 	DATA 	Keypress: down
30.7505 	EXP 	question_text: autoDraw = False
30.7505 	EXP 	level_text: autoDraw = False
30.7505 	EXP 	level_text: text = 0.251188643150958
30.7505 	EXP 	question_text: autoDraw = True
30.7505 	EXP 	level_text: autoDraw = True
31.7934 	DATA 	Keypress: up
31.8021 	EXP 	question_text: autoDraw = False
31.8021 	EXP 	level_text: autoDraw = False
31.8021 	EXP 	level_text: text = 0.6309573444801932
31.8021 	EXP 	question_text: autoDraw = True
31.8021 	EXP 	level_text: autoDraw = True
33.0933 	DATA 	Keypress: up
33.1031 	EXP 	question_text: autoDraw = False
33.1031 	EXP 	level_text: autoDraw = False
33.1031 	EXP 	level_text: text = 1
33.1031 	EXP 	question_text: autoDraw = True
33.1031 	EXP 	level_text: autoDraw = True
34.5925 	DATA 	Keypress: down
34.6213 	EXP 	question_text: autoDraw = False
34.6213 	EXP 	level_text: autoDraw = False
34.6213 	EXP 	level_text: text = 0.39810717055349726
34.6213 	EXP 	question_text: autoDraw = True
34.6213 	EXP 	level_text: autoDraw = True
35.5822 	DATA 	Keypress: up
35.5888 	EXP 	question_text: autoDraw = False
35.5888 	EXP 	level_text: autoDraw = False
35.5888 	EXP 	level_text: text = 0.5011872336272724
35.5888 	EXP 	question_text: autoDraw = True
35.5888 	EXP 	level_text: autoDraw = True
36.6170 	DATA 	Keypress: up
36.6232 	EXP 	question_text: autoDraw = False
36.6232 	EXP 	level_text: autoDraw = False
36.6232 	EXP 	level_text: text = 0.6309573444801934
36.6232 	EXP 	question_text: autoDraw = True
36.6232 	EXP 	level_text: autoDraw = True
37.4341 	DATA 	Keypress: up
37.4411 	EXP 	question_text: autoDraw = False
37.4411 	EXP 	level_text: autoDraw = False
37.4411 	EXP 	level_text: text = 0.7943282347242817
37.4411 	EXP 	question_text: autoDraw = True
37.4411 	EXP 	level_text: autoDraw = True
38.2468 	DATA 	Keypress: up
38.2752 	EXP 	question_text: autoDraw = False
38.2752 	EXP 	level_text: autoDraw = False
38.2752 	EXP 	level_text: text = 1
38.2752 	EXP 	question_text: autoDraw = True
38.2752 	EXP 	level_text: autoDraw = True
39.3025 	DATA 	Keypress: down
39.3092 	EXP 	question_text: autoDraw = False
39.3092 	EXP 	level_text: autoDraw = False
39.3092 	EXP 	level_text: text = 0.7943282347242815
39.3092 	EXP 	question_text: autoDraw = True
39.3092 	EXP 	level_text: autoDraw = True
40.6866 	DATA 	Keypress: up
40.6941 	EXP 	question_text: autoDraw = False
40.6941 	EXP 	level_text: autoDraw = False
40.6941 	EXP 	level_text: text = 0.8912509381337455
40.6941 	EXP 	question_text: autoDraw = True
40.6941 	EXP 	level_text: autoDraw = True
64.9805 	DATA 	Mouse: Left button down, pos=(504,326)
65.0721 	DATA 	Mouse:  Left button up, pos=(504,326)
66.3629 	DATA 	Keypress: down
66.3695 	EXP 	question_text: autoDraw = False
66.3695 	EXP 	level_text: autoDraw = False
66.3695 	EXP 	level_text: text = 0.7943282347242815
66.3695 	EXP 	question_text: autoDraw = True
66.3695 	EXP 	level_text: autoDraw = True
66.7582 	DATA 	Keypress: down
66.7868 	EXP 	question_text: autoDraw = False
66.7868 	EXP 	level_text: autoDraw = False
66.7868 	EXP 	level_text: text = 0.7079457843841379
66.7868 	EXP 	question_text: autoDraw = True
66.7868 	EXP 	level_text: autoDraw = True
67.2477 	DATA 	Keypress: down
67.2540 	EXP 	question_text: autoDraw = False
67.2540 	EXP 	level_text: autoDraw = False
67.2540 	EXP 	level_text: text = 0.6309573444801932
67.2540 	EXP 	question_text: autoDraw = True
67.2540 	EXP 	level_text: autoDraw = True
67.3918 	DATA 	Keypress: down
67.4206 	EXP 	question_text: autoDraw = False
67.4206 	EXP 	level_text: autoDraw = False
67.4206 	EXP 	level_text: text = 0.5623413251903491
67.4206 	EXP 	question_text: autoDraw = True
67.4206 	EXP 	level_text: autoDraw = True
67.5478 	DATA 	Keypress: down
67.5541 	EXP 	question_text: autoDraw = False
67.5541 	EXP 	level_text: autoDraw = False
67.5541 	EXP 	level_text: text = 0.5011872336272724
67.5541 	EXP 	question_text: autoDraw = True
67.5541 	EXP 	level_text: autoDraw = True
67.7155 	DATA 	Keypress: down
67.7210 	EXP 	question_text: autoDraw = False
67.7210 	EXP 	level_text: autoDraw = False
67.7210 	EXP 	level_text: text = 0.4466835921509632
67.7210 	EXP 	question_text: autoDraw = True
67.7210 	EXP 	level_text: autoDraw = True
67.8807 	DATA 	Keypress: down
67.8878 	EXP 	question_text: autoDraw = False
67.8878 	EXP 	level_text: autoDraw = False
67.8878 	EXP 	level_text: text = 0.39810717055349737
67.8878 	EXP 	question_text: autoDraw = True
67.8878 	EXP 	level_text: autoDraw = True
68.0098 	DATA 	Keypress: down
68.0379 	EXP 	question_text: autoDraw = False
68.0379 	EXP 	level_text: autoDraw = False
68.0379 	EXP 	level_text: text = 0.3548133892335756
68.0379 	EXP 	question_text: autoDraw = True
68.0379 	EXP 	level_text: autoDraw = True
68.1632 	DATA 	Keypress: down
68.1715 	EXP 	question_text: autoDraw = False
68.1715 	EXP 	level_text: autoDraw = False
68.1715 	EXP 	level_text: text = 0.31622776601683805
68.1715 	EXP 	question_text: autoDraw = True
68.1715 	EXP 	level_text: autoDraw = True
68.3307 	DATA 	Keypress: down
68.3383 	EXP 	question_text: autoDraw = False
68.3383 	EXP 	level_text: autoDraw = False
68.3383 	EXP 	level_text: text = 0.28183829312644554
68.3383 	EXP 	question_text: autoDraw = True
68.3383 	EXP 	level_text: autoDraw = True
68.4658 	DATA 	Keypress: down
68.4718 	EXP 	question_text: autoDraw = False
68.4718 	EXP 	level_text: autoDraw = False
68.4718 	EXP 	level_text: text = 0.2511886431509582
68.4718 	EXP 	question_text: autoDraw = True
68.4718 	EXP 	level_text: autoDraw = True
68.6163 	DATA 	Keypress: down
68.6219 	EXP 	question_text: autoDraw = False
68.6219 	EXP 	level_text: autoDraw = False
68.6219 	EXP 	level_text: text = 0.22387211385683414
68.6219 	EXP 	question_text: autoDraw = True
68.6219 	EXP 	level_text: autoDraw = True
68.7646 	DATA 	Keypress: down
68.7721 	EXP 	question_text: autoDraw = False
68.7721 	EXP 	level_text: autoDraw = False
68.7721 	EXP 	level_text: text = 0.19952623149688814
68.7721 	EXP 	question_text: autoDraw = True
68.7721 	EXP 	level_text: autoDraw = True
68.9101 	DATA 	Keypress: down
68.9387 	EXP 	question_text: autoDraw = False
68.9387 	EXP 	level_text: autoDraw = False
68.9387 	EXP 	level_text: text = 0.17782794100389246
68.9387 	EXP 	question_text: autoDraw = True
68.9387 	EXP 	level_text: autoDraw = True
69.0823 	DATA 	Keypress: down
69.0889 	EXP 	question_text: autoDraw = False
69.0889 	EXP 	level_text: autoDraw = False
69.0889 	EXP 	level_text: text = 0.1584893192461115
69.0889 	EXP 	question_text: autoDraw = True
69.0889 	EXP 	level_text: autoDraw = True
69.2163 	DATA 	Keypress: down
69.2226 	EXP 	question_text: autoDraw = False
69.2226 	EXP 	level_text: autoDraw = False
69.2226 	EXP 	level_text: text = 0.1412537544622756
69.2226 	EXP 	question_text: autoDraw = True
69.2226 	EXP 	level_text: autoDraw = True
69.3601 	DATA 	Keypress: down
69.3894 	EXP 	question_text: autoDraw = False
69.3894 	EXP 	level_text: autoDraw = False
69.3894 	EXP 	level_text: text = 0.12589254117941687
69.3894 	EXP 	question_text: autoDraw = True
69.3894 	EXP 	level_text: autoDraw = True
69.5166 	DATA 	Keypress: down
69.5227 	EXP 	question_text: autoDraw = False
69.5227 	EXP 	level_text: autoDraw = False
69.5227 	EXP 	level_text: text = 0.11220184543019648
69.5227 	EXP 	question_text: autoDraw = True
69.5227 	EXP 	level_text: autoDraw = True
69.6816 	DATA 	Keypress: down
69.6895 	EXP 	question_text: autoDraw = False
69.6895 	EXP 	level_text: autoDraw = False
69.6895 	EXP 	level_text: text = 0.10000000000000013
69.6895 	EXP 	question_text: autoDraw = True
69.6895 	EXP 	level_text: autoDraw = True
69.8126 	DATA 	Keypress: down
69.8400 	EXP 	question_text: autoDraw = False
69.8400 	EXP 	level_text: autoDraw = False
69.8400 	EXP 	level_text: text = 0.08912509381337468
69.8400 	EXP 	question_text: autoDraw = True
69.8400 	EXP 	level_text: autoDraw = True
69.9832 	DATA 	Keypress: down
69.9898 	EXP 	question_text: autoDraw = False
69.9898 	EXP 	level_text: autoDraw = False
69.9898 	EXP 	level_text: text = 0.07943282347242826
69.9898 	EXP 	question_text: autoDraw = True
69.9898 	EXP 	level_text: autoDraw = True
70.1340 	DATA 	Keypress: down
70.1401 	EXP 	question_text: autoDraw = False
70.1401 	EXP 	level_text: autoDraw = False
70.1401 	EXP 	level_text: text = 0.0707945784384139
70.1401 	EXP 	question_text: autoDraw = True
70.1401 	EXP 	level_text: autoDraw = True
70.2784 	DATA 	Keypress: down
70.3069 	EXP 	question_text: autoDraw = False
70.3069 	EXP 	level_text: autoDraw = False
70.3069 	EXP 	level_text: text = 0.06309573444801943
70.3069 	EXP 	question_text: autoDraw = True
70.3069 	EXP 	level_text: autoDraw = True
70.4282 	DATA 	Keypress: down
70.4570 	EXP 	question_text: autoDraw = False
70.4570 	EXP 	level_text: autoDraw = False
70.4570 	EXP 	level_text: text = 0.056234132519035
70.4570 	EXP 	question_text: autoDraw = True
70.4570 	EXP 	level_text: autoDraw = True
70.6002 	DATA 	Keypress: down
70.6071 	EXP 	question_text: autoDraw = False
70.6071 	EXP 	level_text: autoDraw = False
70.6071 	EXP 	level_text: text = 0.05011872336272732
70.6071 	EXP 	question_text: autoDraw = True
70.6071 	EXP 	level_text: autoDraw = True
70.7513 	DATA 	Keypress: down
70.7573 	EXP 	question_text: autoDraw = False
70.7573 	EXP 	level_text: autoDraw = False
70.7573 	EXP 	level_text: text = 0.0446683592150964
70.7573 	EXP 	question_text: autoDraw = True
70.7573 	EXP 	level_text: autoDraw = True
70.9009 	DATA 	Keypress: down
70.9075 	EXP 	question_text: autoDraw = False
70.9075 	EXP 	level_text: autoDraw = False
70.9075 	EXP 	level_text: text = 0.039810717055349804
70.9075 	EXP 	question_text: autoDraw = True
70.9075 	EXP 	level_text: autoDraw = True
71.0512 	DATA 	Keypress: down
71.0575 	EXP 	question_text: autoDraw = False
71.0575 	EXP 	level_text: autoDraw = False
71.0575 	EXP 	level_text: text = 0.03548133892335762
71.0575 	EXP 	question_text: autoDraw = True
71.0575 	EXP 	level_text: autoDraw = True
71.2010 	DATA 	Keypress: down
71.2077 	EXP 	question_text: autoDraw = False
71.2077 	EXP 	level_text: autoDraw = False
71.2077 	EXP 	level_text: text = 0.03162277660168386
71.2077 	EXP 	question_text: autoDraw = True
71.2077 	EXP 	level_text: autoDraw = True
71.3346 	DATA 	Keypress: down
71.3413 	EXP 	question_text: autoDraw = False
71.3413 	EXP 	level_text: autoDraw = False
71.3413 	EXP 	level_text: text = 0.0281838293126446
71.3413 	EXP 	question_text: autoDraw = True
71.3413 	EXP 	level_text: autoDraw = True
71.4788 	DATA 	Keypress: down
71.5081 	EXP 	question_text: autoDraw = False
71.5081 	EXP 	level_text: autoDraw = False
71.5081 	EXP 	level_text: text = 0.02511886431509586
71.5081 	EXP 	question_text: autoDraw = True
71.5081 	EXP 	level_text: autoDraw = True
71.6346 	DATA 	Keypress: down
71.6415 	EXP 	question_text: autoDraw = False
71.6415 	EXP 	level_text: autoDraw = False
71.6415 	EXP 	level_text: text = 0.02238721138568345
71.6415 	EXP 	question_text: autoDraw = True
71.6415 	EXP 	level_text: autoDraw = True
71.8013 	DATA 	Keypress: down
71.8084 	EXP 	question_text: autoDraw = False
71.8084 	EXP 	level_text: autoDraw = False
71.8084 	EXP 	level_text: text = 0.019952623149688847
71.8084 	EXP 	question_text: autoDraw = True
71.8084 	EXP 	level_text: autoDraw = True
71.9515 	DATA 	Keypress: down
71.9586 	EXP 	question_text: autoDraw = False
71.9586 	EXP 	level_text: autoDraw = False
71.9586 	EXP 	level_text: text = 0.017782794100389274
71.9586 	EXP 	question_text: autoDraw = True
71.9586 	EXP 	level_text: autoDraw = True
72.1004 	DATA 	Keypress: down
72.1088 	EXP 	question_text: autoDraw = False
72.1088 	EXP 	level_text: autoDraw = False
72.1088 	EXP 	level_text: text = 0.015848931924611176
72.1088 	EXP 	question_text: autoDraw = True
72.1088 	EXP 	level_text: autoDraw = True
72.2467 	DATA 	Keypress: down
72.2756 	EXP 	question_text: autoDraw = False
72.2756 	EXP 	level_text: autoDraw = False
72.2756 	EXP 	level_text: text = 0.01412537544622758
72.2756 	EXP 	question_text: autoDraw = True
72.2756 	EXP 	level_text: autoDraw = True
72.4198 	DATA 	Keypress: down
72.4259 	EXP 	question_text: autoDraw = False
72.4259 	EXP 	level_text: autoDraw = False
72.4259 	EXP 	level_text: text = 0.012589254117941706
72.4259 	EXP 	question_text: autoDraw = True
72.4259 	EXP 	level_text: autoDraw = True
72.5685 	DATA 	Keypress: down
72.5759 	EXP 	question_text: autoDraw = False
72.5759 	EXP 	level_text: autoDraw = False
72.5759 	EXP 	level_text: text = 0.011220184543019665
72.5759 	EXP 	question_text: autoDraw = True
72.5759 	EXP 	level_text: autoDraw = True
72.7351 	DATA 	Keypress: down
72.7428 	EXP 	question_text: autoDraw = False
72.7428 	EXP 	level_text: autoDraw = False
72.7428 	EXP 	level_text: text = 0.010000000000000028
72.7428 	EXP 	question_text: autoDraw = True
72.7428 	EXP 	level_text: autoDraw = True
72.9017 	DATA 	Keypress: down
72.9094 	EXP 	question_text: autoDraw = False
72.9094 	EXP 	level_text: autoDraw = False
72.9094 	EXP 	level_text: text = 0.008912509381337481
72.9094 	EXP 	question_text: autoDraw = True
72.9094 	EXP 	level_text: autoDraw = True
73.0693 	DATA 	Keypress: down
73.0765 	EXP 	question_text: autoDraw = False
73.0765 	EXP 	level_text: autoDraw = False
73.0765 	EXP 	level_text: text = 0.00794328234724284
73.0765 	EXP 	question_text: autoDraw = True
73.0765 	EXP 	level_text: autoDraw = True
73.2358 	DATA 	Keypress: down
73.2432 	EXP 	question_text: autoDraw = False
73.2432 	EXP 	level_text: autoDraw = False
73.2432 	EXP 	level_text: text = 0.007079457843841402
73.2432 	EXP 	question_text: autoDraw = True
73.2432 	EXP 	level_text: autoDraw = True
73.5809 	DATA 	Keypress: down
73.6102 	EXP 	question_text: autoDraw = False
73.6102 	EXP 	level_text: autoDraw = False
73.6102 	EXP 	level_text: text = 0.006309573444801954
73.6102 	EXP 	question_text: autoDraw = True
73.6102 	EXP 	level_text: autoDraw = True
73.7881 	DATA 	Keypress: down
73.7940 	EXP 	question_text: autoDraw = False
73.7940 	EXP 	level_text: autoDraw = False
73.7940 	EXP 	level_text: text = 0.00562341325190351
73.7940 	EXP 	question_text: autoDraw = True
73.7940 	EXP 	level_text: autoDraw = True
74.2212 	DATA 	Keypress: down
74.2274 	EXP 	question_text: autoDraw = False
74.2274 	EXP 	level_text: autoDraw = False
74.2274 	EXP 	level_text: text = 0.00501187233627274
74.2274 	EXP 	question_text: autoDraw = True
74.2274 	EXP 	level_text: autoDraw = True
74.6886 	DATA 	Keypress: down
74.6952 	EXP 	question_text: autoDraw = False
74.6952 	EXP 	level_text: autoDraw = False
74.6952 	EXP 	level_text: text = 0.004466835921509647
74.6952 	EXP 	question_text: autoDraw = True
74.6952 	EXP 	level_text: autoDraw = True
74.9542 	DATA 	Keypress: down
74.9616 	EXP 	question_text: autoDraw = False
74.9616 	EXP 	level_text: autoDraw = False
74.9616 	EXP 	level_text: text = 0.003981071705534987
74.9616 	EXP 	question_text: autoDraw = True
74.9616 	EXP 	level_text: autoDraw = True
75.2565 	DATA 	Keypress: down
75.2617 	EXP 	question_text: autoDraw = False
75.2617 	EXP 	level_text: autoDraw = False
75.2617 	EXP 	level_text: text = 0.003548133892335768
75.2617 	EXP 	question_text: autoDraw = True
75.2617 	EXP 	level_text: autoDraw = True
76.7073 	DATA 	Keypress: up
76.7131 	EXP 	question_text: autoDraw = False
76.7131 	EXP 	level_text: autoDraw = False
76.7131 	EXP 	level_text: text = 0.003630780547701027
76.7131 	EXP 	question_text: autoDraw = True
76.7131 	EXP 	level_text: autoDraw = True
78.4909 	DATA 	Keypress: up
78.4984 	EXP 	question_text: autoDraw = False
78.4984 	EXP 	level_text: autoDraw = False
78.4984 	EXP 	level_text: text = 0.003715352290971739
78.4984 	EXP 	question_text: autoDraw = True
78.4984 	EXP 	level_text: autoDraw = True
82.9082 	DATA 	Keypress: up
82.9365 	EXP 	question_text: autoDraw = False
82.9365 	EXP 	level_text: autoDraw = False
82.9365 	EXP 	level_text: text = 0.003801893963205626
82.9365 	EXP 	question_text: autoDraw = True
82.9365 	EXP 	level_text: autoDraw = True
84.0129 	DATA 	Keypress: up
84.0206 	EXP 	question_text: autoDraw = False
84.0206 	EXP 	level_text: autoDraw = False
84.0206 	EXP 	level_text: text = 0.0038904514499428205
84.0206 	EXP 	question_text: autoDraw = True
84.0206 	EXP 	level_text: autoDraw = True
84.4309 	DATA 	Keypress: up
84.4377 	EXP 	question_text: autoDraw = False
84.4377 	EXP 	level_text: autoDraw = False
84.4377 	EXP 	level_text: text = 0.003981071705534987
84.4377 	EXP 	question_text: autoDraw = True
84.4377 	EXP 	level_text: autoDraw = True
84.8153 	DATA 	Keypress: up
84.8215 	EXP 	question_text: autoDraw = False
84.8215 	EXP 	level_text: autoDraw = False
84.8215 	EXP 	level_text: text = 0.004073802778041142
84.8215 	EXP 	question_text: autoDraw = True
84.8215 	EXP 	level_text: autoDraw = True
85.0813 	DATA 	Keypress: up
85.0883 	EXP 	question_text: autoDraw = False
85.0883 	EXP 	level_text: autoDraw = False
85.0883 	EXP 	level_text: text = 0.004168693834703369
85.0883 	EXP 	question_text: autoDraw = True
85.0883 	EXP 	level_text: autoDraw = True
85.2977 	DATA 	Keypress: up
85.3052 	EXP 	question_text: autoDraw = False
85.3052 	EXP 	level_text: autoDraw = False
85.3052 	EXP 	level_text: text = 0.0042657951880159415
85.3052 	EXP 	question_text: autoDraw = True
85.3052 	EXP 	level_text: autoDraw = True
85.4602 	DATA 	Keypress: up
85.4888 	EXP 	question_text: autoDraw = False
85.4888 	EXP 	level_text: autoDraw = False
85.4888 	EXP 	level_text: text = 0.004365158322401675
85.4888 	EXP 	question_text: autoDraw = True
85.4888 	EXP 	level_text: autoDraw = True
85.6274 	DATA 	Keypress: up
85.6556 	EXP 	question_text: autoDraw = False
85.6556 	EXP 	level_text: autoDraw = False
85.6556 	EXP 	level_text: text = 0.004466835921509647
85.6556 	EXP 	question_text: autoDraw = True
85.6556 	EXP 	level_text: autoDraw = True
86.2486 	DATA 	Keypress: up
86.2563 	EXP 	question_text: autoDraw = False
86.2563 	EXP 	level_text: autoDraw = False
86.2563 	EXP 	level_text: text = 0.004570881896148766
86.2563 	EXP 	question_text: autoDraw = True
86.2563 	EXP 	level_text: autoDraw = True
86.4439 	DATA 	Keypress: up
86.7669 	DATA 	Keypress: up
86.7733 	EXP 	question_text: autoDraw = False
86.7733 	EXP 	level_text: autoDraw = False
86.7733 	EXP 	level_text: text = 0.004677351412871998
86.7733 	EXP 	question_text: autoDraw = True
86.7733 	EXP 	level_text: autoDraw = True
86.9988 	DATA 	Keypress: up
87.0070 	EXP 	question_text: autoDraw = False
87.0070 	EXP 	level_text: autoDraw = False
87.0070 	EXP 	level_text: text = 0.004786300923226399
87.0070 	EXP 	question_text: autoDraw = True
87.0070 	EXP 	level_text: autoDraw = True
87.1674 	DATA 	Keypress: up
87.1736 	EXP 	question_text: autoDraw = False
87.1736 	EXP 	level_text: autoDraw = False
87.1736 	EXP 	level_text: text = 0.004897788193684478
87.1736 	EXP 	question_text: autoDraw = True
87.1736 	EXP 	level_text: autoDraw = True
87.3163 	DATA 	Keypress: up
87.3238 	EXP 	question_text: autoDraw = False
87.3238 	EXP 	level_text: autoDraw = False
87.3238 	EXP 	level_text: text = 0.005011872336272739
87.3238 	EXP 	question_text: autoDraw = True
87.3238 	EXP 	level_text: autoDraw = True
87.4684 	DATA 	Keypress: up
87.4740 	EXP 	question_text: autoDraw = False
87.4740 	EXP 	level_text: autoDraw = False
87.4740 	EXP 	level_text: text = 0.005128613839913665
87.4740 	EXP 	question_text: autoDraw = True
87.4740 	EXP 	level_text: autoDraw = True
87.6842 	DATA 	Keypress: up
87.6909 	EXP 	question_text: autoDraw = False
87.6909 	EXP 	level_text: autoDraw = False
87.6909 	EXP 	level_text: text = 0.005248074602497743
87.6909 	EXP 	question_text: autoDraw = True
87.6909 	EXP 	level_text: autoDraw = True
87.9009 	DATA 	Keypress: up
87.9077 	EXP 	question_text: autoDraw = False
87.9077 	EXP 	level_text: autoDraw = False
87.9077 	EXP 	level_text: text = 0.005370317963702544
87.9077 	EXP 	question_text: autoDraw = True
87.9077 	EXP 	level_text: autoDraw = True
88.1359 	DATA 	Keypress: up
88.1417 	EXP 	question_text: autoDraw = False
88.1417 	EXP 	level_text: autoDraw = False
88.1417 	EXP 	level_text: text = 0.005495408738576263
88.1417 	EXP 	question_text: autoDraw = True
88.1417 	EXP 	level_text: autoDraw = True
88.3012 	DATA 	Keypress: up
88.3082 	EXP 	question_text: autoDraw = False
88.3082 	EXP 	level_text: autoDraw = False
88.3082 	EXP 	level_text: text = 0.005623413251903508
88.3082 	EXP 	question_text: autoDraw = True
88.3082 	EXP 	level_text: autoDraw = True
88.4680 	DATA 	Keypress: up
88.4751 	EXP 	question_text: autoDraw = False
88.4751 	EXP 	level_text: autoDraw = False
88.4751 	EXP 	level_text: text = 0.0057543993733715874
88.4751 	EXP 	question_text: autoDraw = True
88.4751 	EXP 	level_text: autoDraw = True
88.6352 	DATA 	Keypress: up
88.6418 	EXP 	question_text: autoDraw = False
88.6418 	EXP 	level_text: autoDraw = False
88.6418 	EXP 	level_text: text = 0.005888436553555908
88.6418 	EXP 	question_text: autoDraw = True
88.6418 	EXP 	level_text: autoDraw = True
88.8007 	DATA 	Keypress: up
88.8088 	EXP 	question_text: autoDraw = False
88.8088 	EXP 	level_text: autoDraw = False
88.8088 	EXP 	level_text: text = 0.006025595860743596
88.8088 	EXP 	question_text: autoDraw = True
88.8088 	EXP 	level_text: autoDraw = True
91.7159 	DATA 	Keypress: up
91.7453 	EXP 	question_text: autoDraw = False
91.7453 	EXP 	level_text: autoDraw = False
91.7453 	EXP 	level_text: text = 0.0061659500186148405
91.7453 	EXP 	question_text: autoDraw = True
91.7453 	EXP 	level_text: autoDraw = True
92.1667 	DATA 	Keypress: up
92.1956 	EXP 	question_text: autoDraw = False
92.1956 	EXP 	level_text: autoDraw = False
92.1956 	EXP 	level_text: text = 0.006309573444801952
92.1956 	EXP 	question_text: autoDraw = True
92.1956 	EXP 	level_text: autoDraw = True
98.1611 	DATA 	Keypress: up
98.1681 	EXP 	question_text: autoDraw = False
98.1681 	EXP 	level_text: autoDraw = False
98.1681 	EXP 	level_text: text = 0.006456542290346575
98.1681 	EXP 	question_text: autoDraw = True
98.1681 	EXP 	level_text: autoDraw = True
99.5790 	DATA 	Keypress: down
99.5861 	EXP 	question_text: autoDraw = False
99.5861 	EXP 	level_text: autoDraw = False
99.5861 	EXP 	level_text: text = 0.006309573444801952
99.5861 	EXP 	question_text: autoDraw = True
99.5861 	EXP 	level_text: autoDraw = True
101.7427 	DATA 	Keypress: quoteleft
101.7594 	DATA 	Keypress: escape
102.0123 	EXP 	window1: mouseVisible = True
