4.8817 	WARNING 	We strongly recommend you activate the PTB sound engine in PsychoPy prefs as the preferred audio engine. Its timing is vastly superior. Your prefs are currently set to use ['sounddevice', 'PTB', 'pyo', 'pygame'] (in that order).
86.4341 	EXP 	Created window1 = Window(allowGUI=False, allowStencil=False, args=UNKNOWN, autoLog=True, bitsMode=UNKNOWN, blendMode='avg', bpc=(8, 8, 8), color=array([0., 0., 0.]), colorSpace='rgb', depthBits=8, fullscr=<method-wrapper '__getattribute__' of attributeSetter object at 0x0000020E5EA71160>, gamma=None, gammaErrorPolicy='raise', kwargs=UNKNOWN, lms=UNKNOWN, monitor=<psychopy.monitors.calibTools.Monitor object at 0x0000020E5EAC79E8>, multiSample=False, name='window1', numSamples=2, pos=[0.0, 0.0], screen=0, size=array([1366,  768]), stencilBits=0, stereo=False, units='height', useFBO=True, useRetina=False, viewOri=0.0, viewPos=None, viewScale=None, waitBlanking=True, winType='pyglet')
86.4341 	EXP 	window1: recordFrameIntervals = False
86.6000 	EXP 	window1: recordFrameIntervals = True
86.7835 	EXP 	window1: recordFrameIntervals = False
87.1240 	EXP 	Created text = TextStim(__class__=<class 'psychopy.visual.text.TextStim'>, alignHoriz=method-wrapper(...), alignText='center', alignVert=method-wrapper(...), anchorHoriz='center', anchorVert='center', antialias=True, autoLog=True, bold=False, color='white', colorSpace='named', contrast=1.0, depth=0.0, flipHoriz=False, flipVert=False, font='Arial', fontFiles=[], height=0.1, italic=False, languageStyle='LTR', name='text', opacity=1.0, ori=0, pos=array([0., 0.]), rgb=array([255., 255., 255.]), text='press space to start\n', units='height', win=Window(...), wrapWidth=1)
87.2686 	EXP 	Sound sound_1 set volume 1.000
87.2787 	EXP 	Created text_2 = TextStim(__class__=<class 'psychopy.visual.text.TextStim'>, alignHoriz=method-wrapper(...), alignText='center', alignVert=method-wrapper(...), anchorHoriz='center', anchorVert='center', antialias=True, autoLog=True, bold=False, color='white', colorSpace='named', contrast=1.0, depth=-3.0, flipHoriz=False, flipVert=False, font='Arial', fontFiles=[], height=0.1, italic=False, languageStyle='LTR', name='text_2', opacity=1.0, ori=0, pos=array([ 0. , -0.2]), rgb=array([255., 255., 255.]), text='default text', units='height', win=Window(...), wrapWidth=1)
87.2954 	EXP 	Created text_3 = TextStim(__class__=<class 'psychopy.visual.text.TextStim'>, alignHoriz=method-wrapper(...), alignText='center', alignVert=method-wrapper(...), anchorHoriz='center', anchorVert='center', antialias=True, autoLog=True, bold=False, color='white', colorSpace='named', contrast=1.0, depth=-4.0, flipHoriz=False, flipVert=False, font='Arial', fontFiles=[], height=0.1, italic=False, languageStyle='LTR', name='text_3', opacity=1.0, ori=0, pos=array([0. , 0.2]), rgb=array([255., 255., 255.]), text="'Does your db SPL meter read 113 db SPL?'", units='height', win=Window(...), wrapWidth=1)
87.3268 	EXP 	text: autoDraw = True
93.7476 	DATA 	Mouse: Left button down, pos=(716,587)
93.9137 	DATA 	Mouse:  Left button up, pos=(709,587)
95.6117 	WARNING 	Increasing number of minimum required reversals to the number of step sizes, (5).
95.6205 	DATA 	Keypress: space
95.6244 	EXP 	text: autoDraw = False
95.6244 	EXP 	text_2: text = 0.1
95.6244 	EXP 	text_2: autoDraw = True
95.6244 	EXP 	text_3: autoDraw = True
97.6607 	DATA 	Mouse: Left button down, pos=(709,587)
97.8769 	DATA 	Mouse:  Left button up, pos=(709,587)
98.4268 	DATA 	Keypress: d
98.4559 	EXP 	text_2: autoDraw = False
98.4559 	EXP 	text_3: autoDraw = False
98.4559 	EXP 	text_2: text = 0.015848931924611134
98.4559 	EXP 	text_2: autoDraw = True
98.4559 	EXP 	text_3: autoDraw = True
98.7443 	DATA 	Mouse: Left button down, pos=(709,587)
98.9599 	DATA 	Mouse:  Left button up, pos=(709,587)
105.8353 	DATA 	Keypress: left
107.1187 	DATA 	Keypress: escape
107.5158 	EXP 	window1: mouseVisible = True
