4.1019 	WARNING 	We strongly recommend you activate the PTB sound engine in PsychoPy prefs as the preferred audio engine. Its timing is vastly superior. Your prefs are currently set to use ['sounddevice', 'PTB', 'pyo', 'pygame'] (in that order).
56.7776 	WARNING 	Couldn't measure a consistent frame rate.
  - Is your graphics card set to sync to vertical blank?
  - Are you running other processes on your computer?

56.7793 	EXP 	Created window1 = Window(allowGUI=False, allowStencil=False, args=UNKNOWN, autoLog=True, bitsMode=UNKNOWN, blendMode='avg', bpc=(8, 8, 8), color=array([0., 0., 0.]), colorSpace='rgb', depthBits=8, fullscr=<method-wrapper '__getattribute__' of attributeSetter object at 0x00000207E808CCF8>, gamma=None, gammaErrorPolicy='raise', kwargs=UNKNOWN, lms=UNKNOWN, monitor=<psychopy.monitors.calibTools.Monitor object at 0x00000207E81065C0>, multiSample=False, name='window1', numSamples=2, pos=[0.0, 0.0], screen=0, size=array([1366,  768]), stencilBits=0, stereo=False, units='height', useFBO=True, useRetina=False, viewOri=0.0, viewPos=None, viewScale=None, waitBlanking=True, winType='pyglet')
56.7793 	EXP 	window1: recordFrameIntervals = False
56.9512 	EXP 	window1: recordFrameIntervals = True
57.0050 	WARNING 	t of last frame was 27.54ms (=1/36)
57.0711 	WARNING 	t of last frame was 26.66ms (=1/37)
57.1377 	WARNING 	t of last frame was 26.66ms (=1/37)
57.2044 	WARNING 	t of last frame was 26.91ms (=1/37)
57.2710 	WARNING 	Multiple dropped frames have occurred - I'll stop bothering you about them!
57.5387 	DATA 	Mouse: Left button down, pos=(493,296)
57.7518 	DATA 	Mouse:  Left button up, pos=(493,296)
58.6187 	WARNING 	Couldn't measure a consistent frame rate.
  - Is your graphics card set to sync to vertical blank?
  - Are you running other processes on your computer?

59.9803 	EXP 	Created text = TextStim(__class__=<class 'psychopy.visual.text.TextStim'>, alignHoriz=method-wrapper(...), alignText='center', alignVert=method-wrapper(...), anchorHoriz='center', anchorVert='center', antialias=True, autoLog=True, bold=False, color='white', colorSpace='named', contrast=1.0, depth=0.0, flipHoriz=False, flipVert=False, font='Arial', fontFiles=[], height=1, italic=False, languageStyle='LTR', name='text', opacity=1.0, ori=0, pos=array([0., 0.]), rgb=array([255., 255., 255.]), text='Press space to start\n', units='height', win=Window(...), wrapWidth=1)
60.0055 	EXP 	Sound sound_1 set volume 1.000
60.0240 	EXP 	Created text_2 = TextStim(__class__=<class 'psychopy.visual.text.TextStim'>, alignHoriz=method-wrapper(...), alignText='center', alignVert=method-wrapper(...), anchorHoriz='center', anchorVert='center', antialias=True, autoLog=True, bold=False, color='white', colorSpace='named', contrast=1.0, depth=-3.0, flipHoriz=False, flipVert=False, font='Arial', fontFiles=[], height=0.1, italic=False, languageStyle='LTR', name='text_2', opacity=1.0, ori=0, pos=array([0., 0.]), rgb=array([255., 255., 255.]), text='default text', units='height', win=Window(...), wrapWidth=1)
60.0522 	EXP 	text: autoDraw = True
60.0522 	EXP 	text: autoDraw = False
60.4872 	EXP 	Created sequence: random, trialTypes=1, nReps=1000, seed=None
60.4907 	EXP 	New trial (rep=0, index=0): None
60.4994 	DATA 	Keypress: space
60.5042 	EXP 	text: autoDraw = False
60.5042 	EXP 	text_2: autoDraw = True
62.2351 	WARNING 	Got keycode {} but that code isn't yet known
62.2351 	WARNING 	Keypress was given unknown key code (176)
62.3943 	WARNING 	Got keycode {} but that code isn't yet known
62.3943 	WARNING 	Keypress was given unknown key code (176)
62.5684 	WARNING 	Got keycode {} but that code isn't yet known
62.5684 	WARNING 	Keypress was given unknown key code (176)
63.1421 	WARNING 	Got keycode {} but that code isn't yet known
63.1421 	WARNING 	Keypress was given unknown key code (174)
63.3419 	WARNING 	Got keycode {} but that code isn't yet known
63.3419 	WARNING 	Keypress was given unknown key code (174)
63.7295 	WARNING 	Got keycode {} but that code isn't yet known
63.7295 	WARNING 	Keypress was given unknown key code (174)
64.5863 	DATA 	Keypress: u
64.6183 	EXP 	New trial (rep=1, index=0): None
64.6280 	EXP 	text_2: autoDraw = False
64.6280 	EXP 	text_2: autoDraw = True
64.7652 	EXP 	New trial (rep=2, index=0): None
64.7740 	DATA 	Keypress: u
64.7768 	EXP 	text_2: autoDraw = False
64.7768 	EXP 	text_2: autoDraw = True
64.8994 	EXP 	New trial (rep=3, index=0): None
64.9065 	DATA 	Keypress: u
64.9093 	EXP 	text_2: autoDraw = False
64.9093 	EXP 	text_2: autoDraw = True
65.0455 	EXP 	New trial (rep=4, index=0): None
65.0534 	DATA 	Keypress: u
65.0556 	EXP 	text_2: autoDraw = False
65.0556 	EXP 	text_2: autoDraw = True
65.1604 	DATA 	Keypress: u
65.2058 	EXP 	New trial (rep=5, index=0): None
65.2132 	EXP 	text_2: autoDraw = False
65.2132 	EXP 	text_2: autoDraw = True
65.3388 	EXP 	New trial (rep=6, index=0): None
65.3461 	DATA 	Keypress: u
65.3483 	EXP 	text_2: autoDraw = False
65.3483 	EXP 	text_2: autoDraw = True
65.4864 	EXP 	New trial (rep=7, index=0): None
65.4933 	DATA 	Keypress: u
65.4954 	EXP 	text_2: autoDraw = False
65.4954 	EXP 	text_2: autoDraw = True
65.6335 	EXP 	New trial (rep=8, index=0): None
65.6400 	DATA 	Keypress: u
65.6423 	EXP 	text_2: autoDraw = False
65.6423 	EXP 	text_2: autoDraw = True
65.7773 	EXP 	New trial (rep=9, index=0): None
65.7853 	DATA 	Keypress: u
65.7876 	EXP 	text_2: autoDraw = False
65.7876 	EXP 	text_2: autoDraw = True
65.9179 	EXP 	New trial (rep=10, index=0): None
65.9239 	DATA 	Keypress: u
65.9271 	EXP 	text_2: autoDraw = False
65.9271 	EXP 	text_2: autoDraw = True
66.0889 	EXP 	New trial (rep=11, index=0): None
66.0954 	DATA 	Keypress: u
66.0980 	EXP 	text_2: autoDraw = False
66.0980 	EXP 	text_2: autoDraw = True
66.2233 	EXP 	New trial (rep=12, index=0): None
66.2294 	DATA 	Keypress: u
66.2318 	EXP 	text_2: autoDraw = False
66.2318 	EXP 	text_2: autoDraw = True
66.3494 	DATA 	Keypress: u
66.4050 	EXP 	New trial (rep=13, index=0): None
66.4174 	EXP 	text_2: autoDraw = False
66.4174 	EXP 	text_2: autoDraw = True
66.5349 	EXP 	New trial (rep=14, index=0): None
66.5425 	DATA 	Keypress: u
66.5449 	EXP 	text_2: autoDraw = False
66.5449 	EXP 	text_2: autoDraw = True
66.6649 	EXP 	New trial (rep=15, index=0): None
66.6713 	DATA 	Keypress: u
66.6752 	EXP 	text_2: autoDraw = False
66.6752 	EXP 	text_2: autoDraw = True
66.8258 	EXP 	New trial (rep=16, index=0): None
66.8322 	DATA 	Keypress: u
66.8346 	EXP 	text_2: autoDraw = False
66.8346 	EXP 	text_2: autoDraw = True
66.9583 	EXP 	New trial (rep=17, index=0): None
66.9646 	DATA 	Keypress: u
66.9671 	EXP 	text_2: autoDraw = False
66.9671 	EXP 	text_2: autoDraw = True
67.1191 	EXP 	New trial (rep=18, index=0): None
67.1276 	DATA 	Keypress: u
67.1300 	EXP 	text_2: autoDraw = False
67.1300 	EXP 	text_2: autoDraw = True
67.2145 	DATA 	Keypress: u
67.2528 	EXP 	New trial (rep=19, index=0): None
67.2622 	EXP 	text_2: autoDraw = False
67.2622 	EXP 	text_2: autoDraw = True
67.3845 	EXP 	New trial (rep=20, index=0): None
67.3907 	DATA 	Keypress: u
67.3947 	EXP 	text_2: autoDraw = False
67.3947 	EXP 	text_2: autoDraw = True
67.5579 	EXP 	New trial (rep=21, index=0): None
67.5650 	DATA 	Keypress: u
67.5687 	EXP 	text_2: autoDraw = False
67.5687 	EXP 	text_2: autoDraw = True
67.6688 	DATA 	Keypress: u
67.7054 	EXP 	New trial (rep=22, index=0): None
67.7139 	EXP 	text_2: autoDraw = False
67.7139 	EXP 	text_2: autoDraw = True
67.8315 	DATA 	Keypress: u
67.8636 	EXP 	New trial (rep=23, index=0): None
67.8716 	EXP 	text_2: autoDraw = False
67.8716 	EXP 	text_2: autoDraw = True
67.9781 	DATA 	Keypress: u
68.0094 	EXP 	New trial (rep=24, index=0): None
68.0169 	EXP 	text_2: autoDraw = False
68.0169 	EXP 	text_2: autoDraw = True
68.1697 	EXP 	New trial (rep=25, index=0): None
68.1754 	DATA 	Keypress: u
68.1777 	EXP 	text_2: autoDraw = False
68.1777 	EXP 	text_2: autoDraw = True
68.3262 	EXP 	New trial (rep=26, index=0): None
68.3334 	DATA 	Keypress: u
68.3358 	EXP 	text_2: autoDraw = False
68.3358 	EXP 	text_2: autoDraw = True
68.4429 	DATA 	Keypress: u
68.4770 	EXP 	New trial (rep=27, index=0): None
68.4853 	EXP 	text_2: autoDraw = False
68.4853 	EXP 	text_2: autoDraw = True
68.6357 	EXP 	New trial (rep=28, index=0): None
68.6420 	DATA 	Keypress: u
68.6444 	EXP 	text_2: autoDraw = False
68.6444 	EXP 	text_2: autoDraw = True
68.7500 	DATA 	Keypress: u
68.7836 	EXP 	New trial (rep=29, index=0): None
68.7927 	EXP 	text_2: autoDraw = False
68.7927 	EXP 	text_2: autoDraw = True
68.9179 	DATA 	Keypress: u
68.9502 	EXP 	New trial (rep=30, index=0): None
68.9587 	EXP 	text_2: autoDraw = False
68.9587 	EXP 	text_2: autoDraw = True
69.0717 	DATA 	Keypress: u
69.1119 	EXP 	New trial (rep=31, index=0): None
69.1205 	EXP 	text_2: autoDraw = False
69.1205 	EXP 	text_2: autoDraw = True
69.2316 	DATA 	Keypress: u
69.2749 	EXP 	New trial (rep=32, index=0): None
69.2844 	EXP 	text_2: autoDraw = False
69.2844 	EXP 	text_2: autoDraw = True
69.3900 	DATA 	Keypress: u
69.4409 	EXP 	New trial (rep=33, index=0): None
69.4500 	EXP 	text_2: autoDraw = False
69.4500 	EXP 	text_2: autoDraw = True
69.5733 	EXP 	New trial (rep=34, index=0): None
69.5795 	DATA 	Keypress: u
69.5821 	EXP 	text_2: autoDraw = False
69.5821 	EXP 	text_2: autoDraw = True
69.7175 	EXP 	New trial (rep=35, index=0): None
69.7240 	DATA 	Keypress: u
69.7264 	EXP 	text_2: autoDraw = False
69.7264 	EXP 	text_2: autoDraw = True
69.8440 	DATA 	Keypress: u
69.8789 	EXP 	New trial (rep=36, index=0): None
69.8867 	EXP 	text_2: autoDraw = False
69.8867 	EXP 	text_2: autoDraw = True
70.0369 	EXP 	New trial (rep=37, index=0): None
70.0425 	DATA 	Keypress: u
70.0449 	EXP 	text_2: autoDraw = False
70.0449 	EXP 	text_2: autoDraw = True
70.1490 	DATA 	Keypress: u
70.1830 	EXP 	New trial (rep=38, index=0): None
70.1909 	EXP 	text_2: autoDraw = False
70.1909 	EXP 	text_2: autoDraw = True
70.3170 	EXP 	New trial (rep=39, index=0): None
70.3224 	DATA 	Keypress: u
70.3248 	EXP 	text_2: autoDraw = False
70.3248 	EXP 	text_2: autoDraw = True
70.4636 	EXP 	New trial (rep=40, index=0): None
70.4692 	DATA 	Keypress: u
70.4716 	EXP 	text_2: autoDraw = False
70.4716 	EXP 	text_2: autoDraw = True
70.5897 	DATA 	Keypress: u
70.6222 	EXP 	New trial (rep=41, index=0): None
70.6298 	EXP 	text_2: autoDraw = False
70.6298 	EXP 	text_2: autoDraw = True
70.7825 	EXP 	New trial (rep=42, index=0): None
70.7879 	DATA 	Keypress: u
70.7902 	EXP 	text_2: autoDraw = False
70.7902 	EXP 	text_2: autoDraw = True
70.9185 	EXP 	New trial (rep=43, index=0): None
70.9255 	DATA 	Keypress: u
70.9282 	EXP 	text_2: autoDraw = False
70.9282 	EXP 	text_2: autoDraw = True
71.0883 	EXP 	New trial (rep=44, index=0): None
71.0935 	DATA 	Keypress: u
71.0959 	EXP 	text_2: autoDraw = False
71.0959 	EXP 	text_2: autoDraw = True
71.2504 	EXP 	New trial (rep=45, index=0): None
71.2550 	DATA 	Keypress: u
71.2575 	EXP 	text_2: autoDraw = False
71.2575 	EXP 	text_2: autoDraw = True
71.3763 	DATA 	Keypress: u
71.4067 	EXP 	New trial (rep=46, index=0): None
71.4146 	EXP 	text_2: autoDraw = False
71.4146 	EXP 	text_2: autoDraw = True
71.5348 	DATA 	Keypress: u
71.5801 	EXP 	New trial (rep=47, index=0): None
71.5879 	EXP 	text_2: autoDraw = False
71.5879 	EXP 	text_2: autoDraw = True
71.6884 	EXP 	New trial (rep=48, index=0): None
71.6940 	DATA 	Keypress: u
71.6962 	EXP 	text_2: autoDraw = False
71.6962 	EXP 	text_2: autoDraw = True
71.8227 	EXP 	New trial (rep=49, index=0): None
71.8282 	DATA 	Keypress: u
71.8305 	EXP 	text_2: autoDraw = False
71.8305 	EXP 	text_2: autoDraw = True
71.9818 	EXP 	New trial (rep=50, index=0): None
71.9858 	DATA 	Keypress: u
71.9881 	EXP 	text_2: autoDraw = False
71.9881 	EXP 	text_2: autoDraw = True
72.1352 	DATA 	Keypress: u
72.1797 	EXP 	New trial (rep=51, index=0): None
72.1863 	EXP 	text_2: autoDraw = False
72.1863 	EXP 	text_2: autoDraw = True
72.3269 	EXP 	New trial (rep=52, index=0): None
72.3317 	DATA 	Keypress: u
72.3339 	EXP 	text_2: autoDraw = False
72.3339 	EXP 	text_2: autoDraw = True
72.4751 	EXP 	New trial (rep=53, index=0): None
72.4804 	DATA 	Keypress: u
72.4828 	EXP 	text_2: autoDraw = False
72.4828 	EXP 	text_2: autoDraw = True
72.6073 	EXP 	New trial (rep=54, index=0): None
72.6124 	DATA 	Keypress: u
72.6146 	EXP 	text_2: autoDraw = False
72.6146 	EXP 	text_2: autoDraw = True
72.7098 	DATA 	Keypress: u
72.7402 	EXP 	New trial (rep=55, index=0): None
72.7469 	EXP 	text_2: autoDraw = False
72.7469 	EXP 	text_2: autoDraw = True
72.9128 	EXP 	New trial (rep=56, index=0): None
72.9183 	DATA 	Keypress: u
72.9208 	EXP 	text_2: autoDraw = False
72.9208 	EXP 	text_2: autoDraw = True
73.0547 	EXP 	New trial (rep=57, index=0): None
73.0614 	DATA 	Keypress: u
73.0637 	EXP 	text_2: autoDraw = False
73.0637 	EXP 	text_2: autoDraw = True
73.2264 	EXP 	New trial (rep=58, index=0): None
73.2346 	DATA 	Keypress: u
73.2370 	EXP 	text_2: autoDraw = False
73.2370 	EXP 	text_2: autoDraw = True
73.3582 	EXP 	New trial (rep=59, index=0): None
73.3644 	DATA 	Keypress: u
73.3666 	EXP 	text_2: autoDraw = False
73.3666 	EXP 	text_2: autoDraw = True
73.4773 	EXP 	New trial (rep=60, index=0): None
73.4831 	DATA 	Keypress: u
73.4859 	EXP 	text_2: autoDraw = False
73.4859 	EXP 	text_2: autoDraw = True
73.6030 	DATA 	Keypress: u
73.6394 	EXP 	New trial (rep=61, index=0): None
73.6476 	EXP 	text_2: autoDraw = False
73.6476 	EXP 	text_2: autoDraw = True
73.8389 	EXP 	New trial (rep=62, index=0): None
73.8446 	DATA 	Keypress: u
73.8470 	EXP 	text_2: autoDraw = False
73.8470 	EXP 	text_2: autoDraw = True
73.9902 	DATA 	Keypress: u
74.0242 	EXP 	New trial (rep=63, index=0): None
74.0321 	EXP 	text_2: autoDraw = False
74.0321 	EXP 	text_2: autoDraw = True
74.1373 	DATA 	Keypress: u
74.1722 	EXP 	New trial (rep=64, index=0): None
74.1818 	EXP 	text_2: autoDraw = False
74.1818 	EXP 	text_2: autoDraw = True
74.3379 	DATA 	Keypress: u
74.3696 	EXP 	New trial (rep=65, index=0): None
74.3776 	EXP 	text_2: autoDraw = False
74.3776 	EXP 	text_2: autoDraw = True
74.5291 	EXP 	New trial (rep=66, index=0): None
74.5348 	DATA 	Keypress: u
74.5372 	EXP 	text_2: autoDraw = False
74.5372 	EXP 	text_2: autoDraw = True
74.6307 	DATA 	Keypress: u
74.6628 	EXP 	New trial (rep=67, index=0): None
74.6709 	EXP 	text_2: autoDraw = False
74.6709 	EXP 	text_2: autoDraw = True
74.8087 	EXP 	New trial (rep=68, index=0): None
74.8141 	DATA 	Keypress: u
74.8168 	EXP 	text_2: autoDraw = False
74.8168 	EXP 	text_2: autoDraw = True
74.9458 	EXP 	New trial (rep=69, index=0): None
74.9530 	DATA 	Keypress: u
74.9554 	EXP 	text_2: autoDraw = False
74.9554 	EXP 	text_2: autoDraw = True
75.0922 	EXP 	New trial (rep=70, index=0): None
75.0971 	DATA 	Keypress: u
75.0995 	EXP 	text_2: autoDraw = False
75.0995 	EXP 	text_2: autoDraw = True
75.2652 	EXP 	New trial (rep=71, index=0): None
75.2707 	DATA 	Keypress: u
75.2732 	EXP 	text_2: autoDraw = False
75.2732 	EXP 	text_2: autoDraw = True
75.3968 	EXP 	New trial (rep=72, index=0): None
75.4029 	DATA 	Keypress: u
75.4052 	EXP 	text_2: autoDraw = False
75.4052 	EXP 	text_2: autoDraw = True
75.5431 	EXP 	New trial (rep=73, index=0): None
75.5492 	DATA 	Keypress: u
75.5517 	EXP 	text_2: autoDraw = False
75.5517 	EXP 	text_2: autoDraw = True
75.7035 	EXP 	New trial (rep=74, index=0): None
75.7098 	DATA 	Keypress: u
75.7123 	EXP 	text_2: autoDraw = False
75.7123 	EXP 	text_2: autoDraw = True
75.8489 	EXP 	New trial (rep=75, index=0): None
75.8551 	DATA 	Keypress: u
75.8576 	EXP 	text_2: autoDraw = False
75.8576 	EXP 	text_2: autoDraw = True
75.9674 	DATA 	Keypress: u
76.0123 	EXP 	New trial (rep=76, index=0): None
76.0204 	EXP 	text_2: autoDraw = False
76.0204 	EXP 	text_2: autoDraw = True
76.1437 	EXP 	New trial (rep=77, index=0): None
76.1500 	DATA 	Keypress: u
76.1525 	EXP 	text_2: autoDraw = False
76.1525 	EXP 	text_2: autoDraw = True
76.2601 	DATA 	Keypress: u
76.2918 	EXP 	New trial (rep=78, index=0): None
76.3002 	EXP 	text_2: autoDraw = False
76.3002 	EXP 	text_2: autoDraw = True
76.4487 	EXP 	New trial (rep=79, index=0): None
76.4552 	DATA 	Keypress: u
76.4575 	EXP 	text_2: autoDraw = False
76.4575 	EXP 	text_2: autoDraw = True
76.6090 	EXP 	New trial (rep=80, index=0): None
76.6150 	DATA 	Keypress: u
76.6174 	EXP 	text_2: autoDraw = False
76.6174 	EXP 	text_2: autoDraw = True
76.7384 	DATA 	Keypress: u
76.7679 	EXP 	New trial (rep=81, index=0): None
76.7764 	EXP 	text_2: autoDraw = False
76.7764 	EXP 	text_2: autoDraw = True
76.9419 	EXP 	New trial (rep=82, index=0): None
76.9480 	DATA 	Keypress: u
76.9504 	EXP 	text_2: autoDraw = False
76.9504 	EXP 	text_2: autoDraw = True
77.0753 	EXP 	New trial (rep=83, index=0): None
77.0814 	DATA 	Keypress: u
77.0840 	EXP 	text_2: autoDraw = False
77.0840 	EXP 	text_2: autoDraw = True
77.2184 	DATA 	Keypress: u
77.2476 	EXP 	New trial (rep=84, index=0): None
77.2563 	EXP 	text_2: autoDraw = False
77.2563 	EXP 	text_2: autoDraw = True
77.4087 	EXP 	New trial (rep=85, index=0): None
77.4139 	DATA 	Keypress: u
77.4166 	EXP 	text_2: autoDraw = False
77.4166 	EXP 	text_2: autoDraw = True
77.5376 	DATA 	Keypress: u
77.5686 	EXP 	New trial (rep=86, index=0): None
77.5770 	EXP 	text_2: autoDraw = False
77.5770 	EXP 	text_2: autoDraw = True
77.6989 	DATA 	Keypress: u
77.7415 	EXP 	New trial (rep=87, index=0): None
77.7499 	EXP 	text_2: autoDraw = False
77.7499 	EXP 	text_2: autoDraw = True
77.8890 	EXP 	New trial (rep=88, index=0): None
77.8942 	DATA 	Keypress: u
77.8967 	EXP 	text_2: autoDraw = False
77.8967 	EXP 	text_2: autoDraw = True
78.0502 	EXP 	New trial (rep=89, index=0): None
78.0556 	DATA 	Keypress: u
78.0580 	EXP 	text_2: autoDraw = False
78.0580 	EXP 	text_2: autoDraw = True
78.2237 	EXP 	New trial (rep=90, index=0): None
78.2299 	DATA 	Keypress: u
78.2326 	EXP 	text_2: autoDraw = False
78.2326 	EXP 	text_2: autoDraw = True
78.3515 	DATA 	Keypress: u
78.3826 	EXP 	New trial (rep=91, index=0): None
78.3901 	EXP 	text_2: autoDraw = False
78.3901 	EXP 	text_2: autoDraw = True
78.5292 	EXP 	New trial (rep=92, index=0): None
78.5356 	DATA 	Keypress: u
78.5382 	EXP 	text_2: autoDraw = False
78.5382 	EXP 	text_2: autoDraw = True
78.6457 	DATA 	Keypress: u
78.6903 	EXP 	New trial (rep=93, index=0): None
78.6982 	EXP 	text_2: autoDraw = False
78.6982 	EXP 	text_2: autoDraw = True
78.8404 	EXP 	New trial (rep=94, index=0): None
78.8475 	DATA 	Keypress: u
78.8501 	EXP 	text_2: autoDraw = False
78.8501 	EXP 	text_2: autoDraw = True
78.9866 	EXP 	New trial (rep=95, index=0): None
78.9929 	DATA 	Keypress: u
78.9954 	EXP 	text_2: autoDraw = False
78.9954 	EXP 	text_2: autoDraw = True
79.1584 	EXP 	New trial (rep=96, index=0): None
79.1639 	DATA 	Keypress: u
79.1668 	EXP 	text_2: autoDraw = False
79.1668 	EXP 	text_2: autoDraw = True
79.2868 	DATA 	Keypress: u
79.3158 	EXP 	New trial (rep=97, index=0): None
79.3240 	EXP 	text_2: autoDraw = False
79.3240 	EXP 	text_2: autoDraw = True
79.4512 	EXP 	New trial (rep=98, index=0): None
79.4560 	DATA 	Keypress: u
79.4589 	EXP 	text_2: autoDraw = False
79.4589 	EXP 	text_2: autoDraw = True
79.5964 	EXP 	New trial (rep=99, index=0): None
79.6025 	DATA 	Keypress: u
79.6048 	EXP 	text_2: autoDraw = False
79.6048 	EXP 	text_2: autoDraw = True
79.7572 	EXP 	New trial (rep=100, index=0): None
79.7628 	DATA 	Keypress: u
79.7652 	EXP 	text_2: autoDraw = False
79.7652 	EXP 	text_2: autoDraw = True
79.9053 	EXP 	New trial (rep=101, index=0): None
79.9116 	DATA 	Keypress: u
79.9141 	EXP 	text_2: autoDraw = False
79.9141 	EXP 	text_2: autoDraw = True
80.0198 	DATA 	Keypress: u
80.0513 	EXP 	New trial (rep=102, index=0): None
80.0600 	EXP 	text_2: autoDraw = False
80.0600 	EXP 	text_2: autoDraw = True
80.1848 	EXP 	New trial (rep=103, index=0): None
80.1913 	DATA 	Keypress: u
80.1938 	EXP 	text_2: autoDraw = False
80.1938 	EXP 	text_2: autoDraw = True
80.3583 	EXP 	New trial (rep=104, index=0): None
80.3643 	DATA 	Keypress: u
80.3670 	EXP 	text_2: autoDraw = False
80.3670 	EXP 	text_2: autoDraw = True
80.4860 	DATA 	Keypress: u
80.5175 	EXP 	New trial (rep=105, index=0): None
80.5255 	EXP 	text_2: autoDraw = False
80.5255 	EXP 	text_2: autoDraw = True
80.6760 	EXP 	New trial (rep=106, index=0): None
80.6825 	DATA 	Keypress: u
80.6849 	EXP 	text_2: autoDraw = False
80.6849 	EXP 	text_2: autoDraw = True
80.8372 	EXP 	New trial (rep=107, index=0): None
80.8429 	DATA 	Keypress: u
80.8454 	EXP 	text_2: autoDraw = False
80.8454 	EXP 	text_2: autoDraw = True
80.9696 	EXP 	New trial (rep=108, index=0): None
80.9750 	DATA 	Keypress: u
80.9775 	EXP 	text_2: autoDraw = False
80.9775 	EXP 	text_2: autoDraw = True
81.1180 	EXP 	New trial (rep=109, index=0): None
81.1237 	DATA 	Keypress: u
81.1265 	EXP 	text_2: autoDraw = False
81.1265 	EXP 	text_2: autoDraw = True
81.3835 	EXP 	New trial (rep=110, index=0): None
81.3904 	DATA 	Keypress: u
81.3930 	EXP 	text_2: autoDraw = False
81.3930 	EXP 	text_2: autoDraw = True
81.5309 	EXP 	New trial (rep=111, index=0): None
81.5367 	DATA 	Keypress: u
81.5395 	EXP 	text_2: autoDraw = False
81.5395 	EXP 	text_2: autoDraw = True
81.6643 	EXP 	New trial (rep=112, index=0): None
81.6706 	DATA 	Keypress: u
81.6733 	EXP 	text_2: autoDraw = False
81.6733 	EXP 	text_2: autoDraw = True
81.8366 	EXP 	New trial (rep=113, index=0): None
81.8429 	DATA 	Keypress: u
81.8454 	EXP 	text_2: autoDraw = False
81.8454 	EXP 	text_2: autoDraw = True
81.9589 	EXP 	New trial (rep=114, index=0): None
81.9646 	DATA 	Keypress: u
81.9675 	EXP 	text_2: autoDraw = False
81.9675 	EXP 	text_2: autoDraw = True
82.1050 	EXP 	New trial (rep=115, index=0): None
82.1110 	DATA 	Keypress: u
82.1135 	EXP 	text_2: autoDraw = False
82.1135 	EXP 	text_2: autoDraw = True
82.2203 	DATA 	Keypress: u
82.2513 	EXP 	New trial (rep=116, index=0): None
82.2599 	EXP 	text_2: autoDraw = False
82.2599 	EXP 	text_2: autoDraw = True
82.3855 	EXP 	New trial (rep=117, index=0): None
82.3920 	DATA 	Keypress: u
82.3945 	EXP 	text_2: autoDraw = False
82.3945 	EXP 	text_2: autoDraw = True
82.5025 	DATA 	Keypress: u
82.5318 	EXP 	New trial (rep=118, index=0): None
82.5402 	EXP 	text_2: autoDraw = False
82.5402 	EXP 	text_2: autoDraw = True
82.6778 	EXP 	New trial (rep=119, index=0): None
82.6860 	DATA 	Keypress: u
82.6883 	EXP 	text_2: autoDraw = False
82.6883 	EXP 	text_2: autoDraw = True
82.8393 	EXP 	New trial (rep=120, index=0): None
82.8486 	DATA 	Keypress: u
82.8517 	EXP 	text_2: autoDraw = False
82.8517 	EXP 	text_2: autoDraw = True
82.9586 	EXP 	New trial (rep=121, index=0): None
82.9653 	DATA 	Keypress: u
82.9677 	EXP 	text_2: autoDraw = False
82.9677 	EXP 	text_2: autoDraw = True
83.0748 	DATA 	Keypress: u
83.1192 	EXP 	New trial (rep=122, index=0): None
83.1267 	EXP 	text_2: autoDraw = False
83.1267 	EXP 	text_2: autoDraw = True
83.2339 	DATA 	Keypress: u
83.2654 	EXP 	New trial (rep=123, index=0): None
83.2734 	EXP 	text_2: autoDraw = False
83.2734 	EXP 	text_2: autoDraw = True
83.3814 	DATA 	Keypress: u
83.4110 	EXP 	New trial (rep=124, index=0): None
83.4197 	EXP 	text_2: autoDraw = False
83.4197 	EXP 	text_2: autoDraw = True
83.5578 	EXP 	New trial (rep=125, index=0): None
83.5646 	DATA 	Keypress: u
83.5673 	EXP 	text_2: autoDraw = False
83.5673 	EXP 	text_2: autoDraw = True
83.6744 	DATA 	Keypress: u
83.7187 	EXP 	New trial (rep=126, index=0): None
83.7271 	EXP 	text_2: autoDraw = False
83.7271 	EXP 	text_2: autoDraw = True
83.8209 	DATA 	Keypress: u
83.8574 	EXP 	New trial (rep=127, index=0): None
83.8662 	EXP 	text_2: autoDraw = False
83.8662 	EXP 	text_2: autoDraw = True
83.9898 	EXP 	New trial (rep=128, index=0): None
83.9970 	DATA 	Keypress: u
83.9994 	EXP 	text_2: autoDraw = False
83.9994 	EXP 	text_2: autoDraw = True
84.1358 	EXP 	New trial (rep=129, index=0): None
84.1432 	DATA 	Keypress: u
84.1457 	EXP 	text_2: autoDraw = False
84.1457 	EXP 	text_2: autoDraw = True
84.2937 	EXP 	New trial (rep=130, index=0): None
84.2998 	DATA 	Keypress: u
84.3022 	EXP 	text_2: autoDraw = False
84.3022 	EXP 	text_2: autoDraw = True
84.4524 	EXP 	New trial (rep=131, index=0): None
84.4580 	DATA 	Keypress: u
84.4605 	EXP 	text_2: autoDraw = False
84.4605 	EXP 	text_2: autoDraw = True
84.5992 	EXP 	New trial (rep=132, index=0): None
84.6043 	DATA 	Keypress: u
84.6071 	EXP 	text_2: autoDraw = False
84.6071 	EXP 	text_2: autoDraw = True
84.7286 	DATA 	Keypress: u
84.7585 	EXP 	New trial (rep=133, index=0): None
84.7678 	EXP 	text_2: autoDraw = False
84.7678 	EXP 	text_2: autoDraw = True
84.9194 	EXP 	New trial (rep=134, index=0): None
84.9252 	DATA 	Keypress: u
84.9277 	EXP 	text_2: autoDraw = False
84.9277 	EXP 	text_2: autoDraw = True
85.0653 	EXP 	New trial (rep=135, index=0): None
85.0718 	DATA 	Keypress: u
85.0742 	EXP 	text_2: autoDraw = False
85.0742 	EXP 	text_2: autoDraw = True
85.1945 	DATA 	Keypress: u
85.2274 	EXP 	New trial (rep=136, index=0): None
85.2358 	EXP 	text_2: autoDraw = False
85.2358 	EXP 	text_2: autoDraw = True
85.3753 	EXP 	New trial (rep=137, index=0): None
85.3822 	DATA 	Keypress: u
85.3846 	EXP 	text_2: autoDraw = False
85.3846 	EXP 	text_2: autoDraw = True
85.5335 	EXP 	New trial (rep=138, index=0): None
85.5398 	DATA 	Keypress: u
85.5423 	EXP 	text_2: autoDraw = False
85.5423 	EXP 	text_2: autoDraw = True
85.6361 	DATA 	Keypress: u
85.6658 	EXP 	New trial (rep=139, index=0): None
85.6746 	EXP 	text_2: autoDraw = False
85.6746 	EXP 	text_2: autoDraw = True
85.8083 	DATA 	Keypress: u
85.8387 	EXP 	New trial (rep=140, index=0): None
85.8463 	EXP 	text_2: autoDraw = False
85.8463 	EXP 	text_2: autoDraw = True
85.9728 	EXP 	New trial (rep=141, index=0): None
85.9797 	DATA 	Keypress: u
85.9824 	EXP 	text_2: autoDraw = False
85.9824 	EXP 	text_2: autoDraw = True
86.1335 	EXP 	New trial (rep=142, index=0): None
86.1393 	DATA 	Keypress: u
86.1417 	EXP 	text_2: autoDraw = False
86.1417 	EXP 	text_2: autoDraw = True
86.2788 	EXP 	New trial (rep=143, index=0): None
86.2843 	DATA 	Keypress: u
86.2868 	EXP 	text_2: autoDraw = False
86.2868 	EXP 	text_2: autoDraw = True
86.4273 	EXP 	New trial (rep=144, index=0): None
86.4342 	DATA 	Keypress: u
86.4369 	EXP 	text_2: autoDraw = False
86.4369 	EXP 	text_2: autoDraw = True
86.5998 	EXP 	New trial (rep=145, index=0): None
86.6057 	DATA 	Keypress: u
86.6082 	EXP 	text_2: autoDraw = False
86.6082 	EXP 	text_2: autoDraw = True
86.7164 	DATA 	Keypress: u
86.7479 	EXP 	New trial (rep=146, index=0): None
86.7573 	EXP 	text_2: autoDraw = False
86.7573 	EXP 	text_2: autoDraw = True
86.8979 	EXP 	New trial (rep=147, index=0): None
86.9044 	DATA 	Keypress: u
86.9069 	EXP 	text_2: autoDraw = False
86.9069 	EXP 	text_2: autoDraw = True
86.9952 	DATA 	Keypress: u
87.0300 	EXP 	New trial (rep=148, index=0): None
87.0383 	EXP 	text_2: autoDraw = False
87.0383 	EXP 	text_2: autoDraw = True
87.1766 	EXP 	New trial (rep=149, index=0): None
87.1831 	DATA 	Keypress: u
87.1856 	EXP 	text_2: autoDraw = False
87.1856 	EXP 	text_2: autoDraw = True
87.2773 	DATA 	Keypress: u
87.3088 	EXP 	New trial (rep=150, index=0): None
87.3172 	EXP 	text_2: autoDraw = False
87.3172 	EXP 	text_2: autoDraw = True
87.4743 	EXP 	New trial (rep=151, index=0): None
87.4813 	DATA 	Keypress: u
87.4838 	EXP 	text_2: autoDraw = False
87.4838 	EXP 	text_2: autoDraw = True
87.5879 	DATA 	Keypress: u
87.6218 	EXP 	New trial (rep=152, index=0): None
87.6322 	EXP 	text_2: autoDraw = False
87.6322 	EXP 	text_2: autoDraw = True
87.7214 	DATA 	Keypress: u
87.7762 	EXP 	New trial (rep=153, index=0): None
87.7900 	EXP 	text_2: autoDraw = False
87.7900 	EXP 	text_2: autoDraw = True
87.8633 	DATA 	Keypress: u
87.9065 	EXP 	New trial (rep=154, index=0): None
87.9183 	EXP 	text_2: autoDraw = False
87.9183 	EXP 	text_2: autoDraw = True
87.9958 	DATA 	Keypress: u
88.0351 	EXP 	New trial (rep=155, index=0): None
88.0440 	EXP 	text_2: autoDraw = False
88.0440 	EXP 	text_2: autoDraw = True
88.1704 	EXP 	New trial (rep=156, index=0): None
88.1780 	DATA 	Keypress: u
88.1804 	EXP 	text_2: autoDraw = False
88.1804 	EXP 	text_2: autoDraw = True
88.3025 	EXP 	New trial (rep=157, index=0): None
88.3095 	DATA 	Keypress: u
88.3119 	EXP 	text_2: autoDraw = False
88.3119 	EXP 	text_2: autoDraw = True
88.4478 	EXP 	New trial (rep=158, index=0): None
88.4553 	DATA 	Keypress: u
88.4577 	EXP 	text_2: autoDraw = False
88.4577 	EXP 	text_2: autoDraw = True
88.5916 	EXP 	New trial (rep=159, index=0): None
88.5983 	DATA 	Keypress: u
88.6021 	EXP 	text_2: autoDraw = False
88.6021 	EXP 	text_2: autoDraw = True
88.7037 	DATA 	Keypress: u
88.7520 	EXP 	New trial (rep=160, index=0): None
88.7600 	EXP 	text_2: autoDraw = False
88.7600 	EXP 	text_2: autoDraw = True
88.8722 	EXP 	New trial (rep=161, index=0): None
88.8791 	DATA 	Keypress: u
88.8830 	EXP 	text_2: autoDraw = False
88.8830 	EXP 	text_2: autoDraw = True
89.0169 	EXP 	New trial (rep=162, index=0): None
89.0231 	DATA 	Keypress: u
89.0257 	EXP 	text_2: autoDraw = False
89.0257 	EXP 	text_2: autoDraw = True
89.1696 	EXP 	New trial (rep=163, index=0): None
89.1748 	DATA 	Keypress: u
89.1773 	EXP 	text_2: autoDraw = False
89.1773 	EXP 	text_2: autoDraw = True
89.2922 	DATA 	Keypress: u
89.3223 	EXP 	New trial (rep=164, index=0): None
89.3308 	EXP 	text_2: autoDraw = False
89.3308 	EXP 	text_2: autoDraw = True
89.4817 	EXP 	New trial (rep=165, index=0): None
89.4874 	DATA 	Keypress: u
89.4900 	EXP 	text_2: autoDraw = False
89.4900 	EXP 	text_2: autoDraw = True
89.5971 	DATA 	Keypress: u
89.6272 	EXP 	New trial (rep=166, index=0): None
89.6356 	EXP 	text_2: autoDraw = False
89.6356 	EXP 	text_2: autoDraw = True
89.7560 	DATA 	Keypress: u
89.7868 	EXP 	New trial (rep=167, index=0): None
89.7954 	EXP 	text_2: autoDraw = False
89.7954 	EXP 	text_2: autoDraw = True
89.9215 	EXP 	New trial (rep=168, index=0): None
89.9280 	DATA 	Keypress: u
89.9305 	EXP 	text_2: autoDraw = False
89.9305 	EXP 	text_2: autoDraw = True
90.0633 	DATA 	Keypress: u
90.0943 	EXP 	New trial (rep=169, index=0): None
90.1029 	EXP 	text_2: autoDraw = False
90.1029 	EXP 	text_2: autoDraw = True
90.2288 	EXP 	New trial (rep=170, index=0): None
90.2344 	DATA 	Keypress: u
90.2372 	EXP 	text_2: autoDraw = False
90.2372 	EXP 	text_2: autoDraw = True
90.3918 	EXP 	New trial (rep=171, index=0): None
90.3972 	DATA 	Keypress: u
90.3996 	EXP 	text_2: autoDraw = False
90.3996 	EXP 	text_2: autoDraw = True
90.5367 	EXP 	New trial (rep=172, index=0): None
90.5433 	DATA 	Keypress: u
90.5456 	EXP 	text_2: autoDraw = False
90.5456 	EXP 	text_2: autoDraw = True
90.6781 	DATA 	Keypress: u
90.7087 	EXP 	New trial (rep=173, index=0): None
90.7175 	EXP 	text_2: autoDraw = False
90.7175 	EXP 	text_2: autoDraw = True
90.8363 	DATA 	Keypress: u
90.8702 	EXP 	New trial (rep=174, index=0): None
90.8784 	EXP 	text_2: autoDraw = False
90.8784 	EXP 	text_2: autoDraw = True
91.0297 	EXP 	New trial (rep=175, index=0): None
91.0352 	DATA 	Keypress: u
91.0378 	EXP 	text_2: autoDraw = False
91.0378 	EXP 	text_2: autoDraw = True
91.1575 	DATA 	Keypress: u
91.1880 	EXP 	New trial (rep=176, index=0): None
91.1967 	EXP 	text_2: autoDraw = False
91.1967 	EXP 	text_2: autoDraw = True
91.3618 	EXP 	New trial (rep=177, index=0): None
91.3671 	DATA 	Keypress: u
91.3696 	EXP 	text_2: autoDraw = False
91.3696 	EXP 	text_2: autoDraw = True
91.5129 	EXP 	New trial (rep=178, index=0): None
91.5192 	DATA 	Keypress: u
91.5217 	EXP 	text_2: autoDraw = False
91.5217 	EXP 	text_2: autoDraw = True
91.6699 	EXP 	New trial (rep=179, index=0): None
91.6755 	DATA 	Keypress: u
91.6780 	EXP 	text_2: autoDraw = False
91.6780 	EXP 	text_2: autoDraw = True
91.8297 	EXP 	New trial (rep=180, index=0): None
91.8352 	DATA 	Keypress: u
91.8377 	EXP 	text_2: autoDraw = False
91.8377 	EXP 	text_2: autoDraw = True
91.9505 	EXP 	New trial (rep=181, index=0): None
91.9566 	DATA 	Keypress: u
91.9589 	EXP 	text_2: autoDraw = False
91.9589 	EXP 	text_2: autoDraw = True
92.1094 	EXP 	New trial (rep=182, index=0): None
92.1157 	DATA 	Keypress: u
92.1182 	EXP 	text_2: autoDraw = False
92.1182 	EXP 	text_2: autoDraw = True
92.2566 	EXP 	New trial (rep=183, index=0): None
92.2625 	DATA 	Keypress: u
92.2651 	EXP 	text_2: autoDraw = False
92.2651 	EXP 	text_2: autoDraw = True
92.4290 	EXP 	New trial (rep=184, index=0): None
92.4352 	DATA 	Keypress: u
92.4377 	EXP 	text_2: autoDraw = False
92.4377 	EXP 	text_2: autoDraw = True
92.5449 	DATA 	Keypress: u
92.5751 	EXP 	New trial (rep=185, index=0): None
92.5834 	EXP 	text_2: autoDraw = False
92.5834 	EXP 	text_2: autoDraw = True
92.9097 	EXP 	New trial (rep=186, index=0): None
92.9168 	DATA 	Keypress: u
92.9193 	EXP 	text_2: autoDraw = False
92.9193 	EXP 	text_2: autoDraw = True
93.2144 	EXP 	New trial (rep=187, index=0): None
93.2207 	DATA 	Keypress: u
93.2232 	EXP 	text_2: autoDraw = False
93.2232 	EXP 	text_2: autoDraw = True
93.3759 	EXP 	New trial (rep=188, index=0): None
93.3826 	DATA 	Keypress: u
93.3851 	EXP 	text_2: autoDraw = False
93.3851 	EXP 	text_2: autoDraw = True
93.6689 	EXP 	New trial (rep=189, index=0): None
93.6748 	DATA 	Keypress: u
93.6775 	EXP 	text_2: autoDraw = False
93.6775 	EXP 	text_2: autoDraw = True
93.9477 	EXP 	New trial (rep=190, index=0): None
93.9542 	DATA 	Keypress: u
93.9569 	EXP 	text_2: autoDraw = False
93.9569 	EXP 	text_2: autoDraw = True
94.2803 	EXP 	New trial (rep=191, index=0): None
94.2868 	DATA 	Keypress: u
94.2892 	EXP 	text_2: autoDraw = False
94.2892 	EXP 	text_2: autoDraw = True
94.4522 	DATA 	Keypress: u
94.4822 	EXP 	New trial (rep=192, index=0): None
94.4922 	EXP 	text_2: autoDraw = False
94.4922 	EXP 	text_2: autoDraw = True
94.6430 	EXP 	New trial (rep=193, index=0): None
94.6497 	DATA 	Keypress: u
94.6521 	EXP 	text_2: autoDraw = False
94.6521 	EXP 	text_2: autoDraw = True
94.7586 	DATA 	Keypress: u
94.7902 	EXP 	New trial (rep=194, index=0): None
94.7978 	EXP 	text_2: autoDraw = False
94.7978 	EXP 	text_2: autoDraw = True
94.9365 	EXP 	New trial (rep=195, index=0): None
94.9437 	DATA 	Keypress: u
94.9461 	EXP 	text_2: autoDraw = False
94.9461 	EXP 	text_2: autoDraw = True
95.1117 	EXP 	New trial (rep=196, index=0): None
95.1175 	DATA 	Keypress: u
95.1201 	EXP 	text_2: autoDraw = False
95.1201 	EXP 	text_2: autoDraw = True
95.2273 	DATA 	Keypress: u
95.2563 	EXP 	New trial (rep=197, index=0): None
95.2639 	EXP 	text_2: autoDraw = False
95.2639 	EXP 	text_2: autoDraw = True
95.3860 	DATA 	Keypress: u
95.4169 	EXP 	New trial (rep=198, index=0): None
95.4254 	EXP 	text_2: autoDraw = False
95.4254 	EXP 	text_2: autoDraw = True
95.5680 	EXP 	New trial (rep=199, index=0): None
95.5742 	DATA 	Keypress: u
95.5767 	EXP 	text_2: autoDraw = False
95.5767 	EXP 	text_2: autoDraw = True
95.7272 	EXP 	New trial (rep=200, index=0): None
95.7334 	DATA 	Keypress: u
95.7359 	EXP 	text_2: autoDraw = False
95.7359 	EXP 	text_2: autoDraw = True
95.8537 	DATA 	Keypress: u
95.8850 	EXP 	New trial (rep=201, index=0): None
95.8934 	EXP 	text_2: autoDraw = False
95.8934 	EXP 	text_2: autoDraw = True
96.0585 	EXP 	New trial (rep=202, index=0): None
96.0654 	DATA 	Keypress: u
96.0679 	EXP 	text_2: autoDraw = False
96.0679 	EXP 	text_2: autoDraw = True
96.1601 	DATA 	Keypress: u
96.1902 	EXP 	New trial (rep=203, index=0): None
96.1988 	EXP 	text_2: autoDraw = False
96.1988 	EXP 	text_2: autoDraw = True
96.3067 	DATA 	Keypress: u
96.3396 	EXP 	New trial (rep=204, index=0): None
96.3479 	EXP 	text_2: autoDraw = False
96.3479 	EXP 	text_2: autoDraw = True
96.4664 	DATA 	Keypress: u
96.5003 	EXP 	New trial (rep=205, index=0): None
96.5096 	EXP 	text_2: autoDraw = False
96.5096 	EXP 	text_2: autoDraw = True
96.6345 	EXP 	New trial (rep=206, index=0): None
96.6412 	DATA 	Keypress: u
96.6436 	EXP 	text_2: autoDraw = False
96.6436 	EXP 	text_2: autoDraw = True
96.7945 	EXP 	New trial (rep=207, index=0): None
96.8033 	DATA 	Keypress: u
96.8057 	EXP 	text_2: autoDraw = False
96.8057 	EXP 	text_2: autoDraw = True
96.9402 	EXP 	New trial (rep=208, index=0): None
96.9468 	DATA 	Keypress: u
96.9493 	EXP 	text_2: autoDraw = False
96.9493 	EXP 	text_2: autoDraw = True
97.0628 	EXP 	New trial (rep=209, index=0): None
97.0689 	DATA 	Keypress: u
97.0729 	EXP 	text_2: autoDraw = False
97.0729 	EXP 	text_2: autoDraw = True
97.1774 	DATA 	Keypress: u
97.2231 	EXP 	New trial (rep=210, index=0): None
97.2340 	EXP 	text_2: autoDraw = False
97.2340 	EXP 	text_2: autoDraw = True
97.2803 	DATA 	Keypress: u
97.3190 	EXP 	New trial (rep=211, index=0): None
97.3276 	EXP 	text_2: autoDraw = False
97.3276 	EXP 	text_2: autoDraw = True
97.4315 	EXP 	New trial (rep=212, index=0): None
97.4400 	DATA 	Keypress: u
97.4423 	EXP 	text_2: autoDraw = False
97.4423 	EXP 	text_2: autoDraw = True
97.5966 	EXP 	New trial (rep=213, index=0): None
97.6043 	DATA 	Keypress: u
97.6067 	EXP 	text_2: autoDraw = False
97.6067 	EXP 	text_2: autoDraw = True
97.7680 	EXP 	New trial (rep=214, index=0): None
97.7753 	DATA 	Keypress: u
97.7778 	EXP 	text_2: autoDraw = False
97.7778 	EXP 	text_2: autoDraw = True
97.8939 	DATA 	Keypress: u
97.9415 	EXP 	New trial (rep=215, index=0): None
97.9508 	EXP 	text_2: autoDraw = False
97.9508 	EXP 	text_2: autoDraw = True
98.0073 	EXP 	New trial (rep=216, index=0): None
98.0140 	DATA 	Keypress: u
98.0170 	EXP 	text_2: autoDraw = False
98.0170 	EXP 	text_2: autoDraw = True
98.0858 	EXP 	New trial (rep=217, index=0): None
98.0929 	DATA 	Keypress: u
98.0953 	EXP 	text_2: autoDraw = False
98.0953 	EXP 	text_2: autoDraw = True
98.1694 	EXP 	New trial (rep=218, index=0): None
98.1774 	DATA 	Keypress: u
98.1802 	EXP 	text_2: autoDraw = False
98.1802 	EXP 	text_2: autoDraw = True
98.2467 	EXP 	New trial (rep=219, index=0): None
98.2531 	DATA 	Keypress: u
98.2557 	EXP 	text_2: autoDraw = False
98.2557 	EXP 	text_2: autoDraw = True
98.3286 	EXP 	New trial (rep=220, index=0): None
98.3366 	DATA 	Keypress: u
98.3402 	EXP 	text_2: autoDraw = False
98.3402 	EXP 	text_2: autoDraw = True
98.4060 	EXP 	New trial (rep=221, index=0): None
98.4124 	DATA 	Keypress: u
98.4149 	EXP 	text_2: autoDraw = False
98.4149 	EXP 	text_2: autoDraw = True
98.5856 	EXP 	New trial (rep=222, index=0): None
98.5921 	DATA 	Keypress: u
98.5946 	EXP 	text_2: autoDraw = False
98.5946 	EXP 	text_2: autoDraw = True
98.7216 	DATA 	Keypress: u
98.7546 	EXP 	New trial (rep=223, index=0): None
98.7642 	EXP 	text_2: autoDraw = False
98.7642 	EXP 	text_2: autoDraw = True
98.7996 	DATA 	Keypress: u
98.8382 	EXP 	New trial (rep=224, index=0): None
98.8491 	EXP 	text_2: autoDraw = False
98.8491 	EXP 	text_2: autoDraw = True
98.9136 	EXP 	New trial (rep=225, index=0): None
98.9202 	DATA 	Keypress: u
98.9227 	EXP 	text_2: autoDraw = False
98.9227 	EXP 	text_2: autoDraw = True
98.9941 	EXP 	New trial (rep=226, index=0): None
99.0016 	DATA 	Keypress: u
99.0040 	EXP 	text_2: autoDraw = False
99.0040 	EXP 	text_2: autoDraw = True
99.0751 	EXP 	New trial (rep=227, index=0): None
99.0808 	DATA 	Keypress: u
99.0833 	EXP 	text_2: autoDraw = False
99.0833 	EXP 	text_2: autoDraw = True
99.1682 	EXP 	New trial (rep=228, index=0): None
99.1746 	DATA 	Keypress: u
99.1774 	EXP 	text_2: autoDraw = False
99.1774 	EXP 	text_2: autoDraw = True
99.2134 	DATA 	Keypress: u
99.2481 	EXP 	New trial (rep=229, index=0): None
99.2570 	EXP 	text_2: autoDraw = False
99.2570 	EXP 	text_2: autoDraw = True
99.2942 	DATA 	Keypress: u
99.3262 	EXP 	New trial (rep=230, index=0): None
99.3355 	EXP 	text_2: autoDraw = False
99.3355 	EXP 	text_2: autoDraw = True
99.3862 	DATA 	Keypress: u
99.4318 	EXP 	New trial (rep=231, index=0): None
99.4422 	EXP 	text_2: autoDraw = False
99.4422 	EXP 	text_2: autoDraw = True
99.5693 	EXP 	New trial (rep=232, index=0): None
99.5769 	DATA 	Keypress: u
99.5809 	EXP 	text_2: autoDraw = False
99.5809 	EXP 	text_2: autoDraw = True
99.6266 	DATA 	Keypress: u
99.6597 	EXP 	New trial (rep=233, index=0): None
99.6682 	EXP 	text_2: autoDraw = False
99.6682 	EXP 	text_2: autoDraw = True
99.7081 	DATA 	Keypress: u
99.7421 	EXP 	New trial (rep=234, index=0): None
99.7504 	EXP 	text_2: autoDraw = False
99.7504 	EXP 	text_2: autoDraw = True
99.7998 	DATA 	Keypress: u
99.8335 	EXP 	New trial (rep=235, index=0): None
99.8419 	EXP 	text_2: autoDraw = False
99.8419 	EXP 	text_2: autoDraw = True
99.8942 	DATA 	Keypress: u
99.9290 	EXP 	New trial (rep=236, index=0): None
99.9375 	EXP 	text_2: autoDraw = False
99.9375 	EXP 	text_2: autoDraw = True
99.9951 	EXP 	New trial (rep=237, index=0): None
100.0020 	DATA 	Keypress: u
100.0045 	EXP 	text_2: autoDraw = False
100.0045 	EXP 	text_2: autoDraw = True
100.0899 	EXP 	New trial (rep=238, index=0): None
100.0970 	DATA 	Keypress: u
100.1001 	EXP 	text_2: autoDraw = False
100.1001 	EXP 	text_2: autoDraw = True
100.1679 	EXP 	New trial (rep=239, index=0): None
100.1736 	DATA 	Keypress: u
100.1761 	EXP 	text_2: autoDraw = False
100.1761 	EXP 	text_2: autoDraw = True
100.2634 	EXP 	New trial (rep=240, index=0): None
100.2700 	DATA 	Keypress: u
100.2725 	EXP 	text_2: autoDraw = False
100.2725 	EXP 	text_2: autoDraw = True
100.4229 	EXP 	New trial (rep=241, index=0): None
100.4298 	DATA 	Keypress: u
100.4337 	EXP 	text_2: autoDraw = False
100.4337 	EXP 	text_2: autoDraw = True
100.5347 	DATA 	Keypress: u
100.5683 	EXP 	New trial (rep=242, index=0): None
100.5780 	EXP 	text_2: autoDraw = False
100.5780 	EXP 	text_2: autoDraw = True
100.7600 	EXP 	New trial (rep=243, index=0): None
100.7668 	DATA 	Keypress: u
100.7693 	EXP 	text_2: autoDraw = False
100.7693 	EXP 	text_2: autoDraw = True
100.8200 	EXP 	New trial (rep=244, index=0): None
100.8268 	DATA 	Keypress: u
100.8292 	EXP 	text_2: autoDraw = False
100.8292 	EXP 	text_2: autoDraw = True
100.9561 	EXP 	New trial (rep=245, index=0): None
100.9635 	DATA 	Keypress: u
100.9660 	EXP 	text_2: autoDraw = False
100.9660 	EXP 	text_2: autoDraw = True
101.0811 	DATA 	Keypress: u
101.1163 	EXP 	New trial (rep=246, index=0): None
101.1252 	EXP 	text_2: autoDraw = False
101.1252 	EXP 	text_2: autoDraw = True
101.2502 	EXP 	New trial (rep=247, index=0): None
101.2579 	DATA 	Keypress: u
101.2604 	EXP 	text_2: autoDraw = False
101.2604 	EXP 	text_2: autoDraw = True
101.4246 	EXP 	New trial (rep=248, index=0): None
101.4315 	DATA 	Keypress: u
101.4340 	EXP 	text_2: autoDraw = False
101.4340 	EXP 	text_2: autoDraw = True
101.5569 	EXP 	New trial (rep=249, index=0): None
101.5633 	DATA 	Keypress: u
101.5657 	EXP 	text_2: autoDraw = False
101.5657 	EXP 	text_2: autoDraw = True
101.7039 	EXP 	New trial (rep=250, index=0): None
101.7102 	DATA 	Keypress: u
101.7127 	EXP 	text_2: autoDraw = False
101.7127 	EXP 	text_2: autoDraw = True
102.3784 	EXP 	New trial (rep=251, index=0): None
102.3843 	DATA 	Keypress: u
102.3870 	EXP 	text_2: autoDraw = False
102.3870 	EXP 	text_2: autoDraw = True
102.5136 	EXP 	New trial (rep=252, index=0): None
102.5204 	DATA 	Keypress: u
102.5229 	EXP 	text_2: autoDraw = False
102.5229 	EXP 	text_2: autoDraw = True
102.6291 	DATA 	Keypress: u
102.6625 	EXP 	New trial (rep=253, index=0): None
102.6708 	EXP 	text_2: autoDraw = False
102.6708 	EXP 	text_2: autoDraw = True
102.9280 	EXP 	New trial (rep=254, index=0): None
102.9346 	DATA 	Keypress: u
102.9372 	EXP 	text_2: autoDraw = False
102.9372 	EXP 	text_2: autoDraw = True
103.1038 	EXP 	New trial (rep=255, index=0): None
103.1101 	DATA 	Keypress: u
103.1127 	EXP 	text_2: autoDraw = False
103.1127 	EXP 	text_2: autoDraw = True
103.2097 	EXP 	New trial (rep=256, index=0): None
103.2177 	DATA 	Keypress: u
103.2216 	EXP 	text_2: autoDraw = False
103.2216 	EXP 	text_2: autoDraw = True
103.3706 	EXP 	New trial (rep=257, index=0): None
103.3769 	DATA 	Keypress: u
103.3794 	EXP 	text_2: autoDraw = False
103.3794 	EXP 	text_2: autoDraw = True
103.4409 	DATA 	Keypress: u
103.4770 	EXP 	New trial (rep=258, index=0): None
103.4862 	EXP 	text_2: autoDraw = False
103.4862 	EXP 	text_2: autoDraw = True
103.6373 	EXP 	New trial (rep=259, index=0): None
103.6440 	DATA 	Keypress: u
103.6479 	EXP 	text_2: autoDraw = False
103.6479 	EXP 	text_2: autoDraw = True
103.7503 	DATA 	Keypress: u
103.7871 	EXP 	New trial (rep=260, index=0): None
103.7966 	EXP 	text_2: autoDraw = False
103.7966 	EXP 	text_2: autoDraw = True
103.8970 	DATA 	Keypress: u
103.9335 	EXP 	New trial (rep=261, index=0): None
103.9431 	EXP 	text_2: autoDraw = False
103.9431 	EXP 	text_2: autoDraw = True
104.0795 	EXP 	New trial (rep=262, index=0): None
104.0869 	DATA 	Keypress: u
104.0894 	EXP 	text_2: autoDraw = False
104.0894 	EXP 	text_2: autoDraw = True
104.2099 	EXP 	New trial (rep=263, index=0): None
104.2172 	DATA 	Keypress: u
104.2197 	EXP 	text_2: autoDraw = False
104.2197 	EXP 	text_2: autoDraw = True
104.3707 	EXP 	New trial (rep=264, index=0): None
104.3773 	DATA 	Keypress: u
104.3797 	EXP 	text_2: autoDraw = False
104.3797 	EXP 	text_2: autoDraw = True
104.5052 	EXP 	New trial (rep=265, index=0): None
104.5126 	DATA 	Keypress: u
104.5157 	EXP 	text_2: autoDraw = False
104.5157 	EXP 	text_2: autoDraw = True
104.6297 	DATA 	Keypress: u
104.6647 	EXP 	New trial (rep=266, index=0): None
104.6729 	EXP 	text_2: autoDraw = False
104.6729 	EXP 	text_2: autoDraw = True
104.7780 	DATA 	Keypress: u
104.8134 	EXP 	New trial (rep=267, index=0): None
104.8231 	EXP 	text_2: autoDraw = False
104.8231 	EXP 	text_2: autoDraw = True
104.9089 	DATA 	Keypress: u
104.9444 	EXP 	New trial (rep=268, index=0): None
104.9532 	EXP 	text_2: autoDraw = False
104.9532 	EXP 	text_2: autoDraw = True
105.0549 	DATA 	Keypress: u
105.1055 	EXP 	New trial (rep=269, index=0): None
105.1143 	EXP 	text_2: autoDraw = False
105.1143 	EXP 	text_2: autoDraw = True
105.2524 	EXP 	New trial (rep=270, index=0): None
105.2593 	DATA 	Keypress: u
105.2618 	EXP 	text_2: autoDraw = False
105.2618 	EXP 	text_2: autoDraw = True
105.3839 	EXP 	New trial (rep=271, index=0): None
105.3913 	DATA 	Keypress: u
105.3951 	EXP 	text_2: autoDraw = False
105.3951 	EXP 	text_2: autoDraw = True
105.5323 	EXP 	New trial (rep=272, index=0): None
105.5385 	DATA 	Keypress: u
105.5425 	EXP 	text_2: autoDraw = False
105.5425 	EXP 	text_2: autoDraw = True
105.6445 	DATA 	Keypress: u
105.6798 	EXP 	New trial (rep=273, index=0): None
105.6897 	EXP 	text_2: autoDraw = False
105.6897 	EXP 	text_2: autoDraw = True
105.8166 	EXP 	New trial (rep=274, index=0): None
105.8242 	DATA 	Keypress: u
105.8274 	EXP 	text_2: autoDraw = False
105.8274 	EXP 	text_2: autoDraw = True
105.9605 	EXP 	New trial (rep=275, index=0): None
105.9677 	DATA 	Keypress: u
105.9702 	EXP 	text_2: autoDraw = False
105.9702 	EXP 	text_2: autoDraw = True
106.1185 	EXP 	New trial (rep=276, index=0): None
106.1248 	DATA 	Keypress: u
106.1290 	EXP 	text_2: autoDraw = False
106.1290 	EXP 	text_2: autoDraw = True
106.2152 	DATA 	Keypress: u
106.2513 	EXP 	New trial (rep=277, index=0): None
106.2595 	EXP 	text_2: autoDraw = False
106.2595 	EXP 	text_2: autoDraw = True
106.3980 	EXP 	New trial (rep=278, index=0): None
106.4058 	DATA 	Keypress: u
106.4087 	EXP 	text_2: autoDraw = False
106.4087 	EXP 	text_2: autoDraw = True
106.5220 	DATA 	Keypress: u
106.5577 	EXP 	New trial (rep=279, index=0): None
106.5660 	EXP 	text_2: autoDraw = False
106.5660 	EXP 	text_2: autoDraw = True
106.6924 	EXP 	New trial (rep=280, index=0): None
106.6995 	DATA 	Keypress: u
106.7037 	EXP 	text_2: autoDraw = False
106.7037 	EXP 	text_2: autoDraw = True
106.8532 	EXP 	New trial (rep=281, index=0): None
106.8605 	DATA 	Keypress: u
106.8630 	EXP 	text_2: autoDraw = False
106.8630 	EXP 	text_2: autoDraw = True
106.9634 	DATA 	Keypress: u
106.9987 	EXP 	New trial (rep=282, index=0): None
107.0071 	EXP 	text_2: autoDraw = False
107.0071 	EXP 	text_2: autoDraw = True
107.1101 	DATA 	Keypress: u
107.1450 	EXP 	New trial (rep=283, index=0): None
107.1536 	EXP 	text_2: autoDraw = False
107.1536 	EXP 	text_2: autoDraw = True
107.2786 	EXP 	New trial (rep=284, index=0): None
107.2852 	DATA 	Keypress: u
107.2889 	EXP 	text_2: autoDraw = False
107.2889 	EXP 	text_2: autoDraw = True
107.3904 	DATA 	Keypress: u
107.4271 	EXP 	New trial (rep=285, index=0): None
107.4372 	EXP 	text_2: autoDraw = False
107.4372 	EXP 	text_2: autoDraw = True
107.5852 	EXP 	New trial (rep=286, index=0): None
107.5912 	DATA 	Keypress: u
107.5935 	EXP 	text_2: autoDraw = False
107.5935 	EXP 	text_2: autoDraw = True
107.7323 	EXP 	New trial (rep=287, index=0): None
107.7389 	DATA 	Keypress: u
107.7414 	EXP 	text_2: autoDraw = False
107.7414 	EXP 	text_2: autoDraw = True
107.8916 	EXP 	New trial (rep=288, index=0): None
107.8975 	DATA 	Keypress: u
107.8999 	EXP 	text_2: autoDraw = False
107.8999 	EXP 	text_2: autoDraw = True
108.0050 	DATA 	Keypress: u
108.0364 	EXP 	New trial (rep=289, index=0): None
108.0453 	EXP 	text_2: autoDraw = False
108.0453 	EXP 	text_2: autoDraw = True
108.1972 	EXP 	New trial (rep=290, index=0): None
108.2028 	DATA 	Keypress: u
108.2052 	EXP 	text_2: autoDraw = False
108.2052 	EXP 	text_2: autoDraw = True
108.3436 	EXP 	New trial (rep=291, index=0): None
108.3500 	DATA 	Keypress: u
108.3524 	EXP 	text_2: autoDraw = False
108.3524 	EXP 	text_2: autoDraw = True
108.4922 	EXP 	New trial (rep=292, index=0): None
108.4984 	DATA 	Keypress: u
108.5009 	EXP 	text_2: autoDraw = False
108.5009 	EXP 	text_2: autoDraw = True
108.6174 	DATA 	Keypress: u
108.6630 	EXP 	New trial (rep=293, index=0): None
108.6718 	EXP 	text_2: autoDraw = False
108.6718 	EXP 	text_2: autoDraw = True
108.8095 	EXP 	New trial (rep=294, index=0): None
108.8154 	DATA 	Keypress: u
108.8179 	EXP 	text_2: autoDraw = False
108.8179 	EXP 	text_2: autoDraw = True
108.9572 	EXP 	New trial (rep=295, index=0): None
108.9635 	DATA 	Keypress: u
108.9660 	EXP 	text_2: autoDraw = False
108.9660 	EXP 	text_2: autoDraw = True
109.1297 	EXP 	New trial (rep=296, index=0): None
109.1357 	DATA 	Keypress: u
109.1382 	EXP 	text_2: autoDraw = False
109.1382 	EXP 	text_2: autoDraw = True
109.2563 	DATA 	Keypress: u
109.2905 	EXP 	New trial (rep=297, index=0): None
109.2984 	EXP 	text_2: autoDraw = False
109.2984 	EXP 	text_2: autoDraw = True
109.4041 	DATA 	Keypress: u
109.4365 	EXP 	New trial (rep=298, index=0): None
109.4455 	EXP 	text_2: autoDraw = False
109.4455 	EXP 	text_2: autoDraw = True
109.5956 	EXP 	New trial (rep=299, index=0): None
109.6028 	DATA 	Keypress: u
109.6051 	EXP 	text_2: autoDraw = False
109.6051 	EXP 	text_2: autoDraw = True
109.7305 	EXP 	New trial (rep=300, index=0): None
109.7363 	DATA 	Keypress: u
109.7388 	EXP 	text_2: autoDraw = False
109.7388 	EXP 	text_2: autoDraw = True
109.8444 	DATA 	Keypress: u
109.8756 	EXP 	New trial (rep=301, index=0): None
109.8848 	EXP 	text_2: autoDraw = False
109.8848 	EXP 	text_2: autoDraw = True
110.0118 	EXP 	New trial (rep=302, index=0): None
110.0179 	DATA 	Keypress: u
110.0204 	EXP 	text_2: autoDraw = False
110.0204 	EXP 	text_2: autoDraw = True
110.1383 	DATA 	Keypress: u
110.1704 	EXP 	New trial (rep=303, index=0): None
110.1797 	EXP 	text_2: autoDraw = False
110.1797 	EXP 	text_2: autoDraw = True
110.3439 	EXP 	New trial (rep=304, index=0): None
110.3503 	DATA 	Keypress: u
110.3528 	EXP 	text_2: autoDraw = False
110.3528 	EXP 	text_2: autoDraw = True
110.4764 	EXP 	New trial (rep=305, index=0): None
110.4831 	DATA 	Keypress: u
110.4855 	EXP 	text_2: autoDraw = False
110.4855 	EXP 	text_2: autoDraw = True
110.5951 	DATA 	Keypress: u
110.6403 	EXP 	New trial (rep=306, index=0): None
110.6494 	EXP 	text_2: autoDraw = False
110.6494 	EXP 	text_2: autoDraw = True
110.7799 	EXP 	New trial (rep=307, index=0): None
110.7900 	DATA 	Keypress: u
110.7925 	EXP 	text_2: autoDraw = False
110.7925 	EXP 	text_2: autoDraw = True
110.8850 	DATA 	Keypress: u
110.9235 	EXP 	New trial (rep=308, index=0): None
110.9334 	EXP 	text_2: autoDraw = False
110.9334 	EXP 	text_2: autoDraw = True
111.0961 	EXP 	New trial (rep=309, index=0): None
111.1036 	DATA 	Keypress: u
111.1061 	EXP 	text_2: autoDraw = False
111.1061 	EXP 	text_2: autoDraw = True
111.6757 	EXP 	New trial (rep=310, index=0): None
111.6813 	DATA 	Keypress: u
111.6838 	EXP 	text_2: autoDraw = False
111.6838 	EXP 	text_2: autoDraw = True
111.8357 	EXP 	New trial (rep=311, index=0): None
111.8419 	DATA 	Keypress: u
111.8444 	EXP 	text_2: autoDraw = False
111.8444 	EXP 	text_2: autoDraw = True
111.9680 	DATA 	Keypress: u
112.0091 	EXP 	New trial (rep=312, index=0): None
112.0171 	EXP 	text_2: autoDraw = False
112.0171 	EXP 	text_2: autoDraw = True
112.1122 	DATA 	Keypress: u
112.1422 	EXP 	New trial (rep=313, index=0): None
112.1503 	EXP 	text_2: autoDraw = False
112.1503 	EXP 	text_2: autoDraw = True
112.2893 	EXP 	New trial (rep=314, index=0): None
112.2968 	DATA 	Keypress: u
112.2993 	EXP 	text_2: autoDraw = False
112.2993 	EXP 	text_2: autoDraw = True
112.4202 	DATA 	Keypress: u
112.4492 	EXP 	New trial (rep=315, index=0): None
112.4584 	EXP 	text_2: autoDraw = False
112.4584 	EXP 	text_2: autoDraw = True
112.5968 	EXP 	New trial (rep=316, index=0): None
112.6036 	DATA 	Keypress: u
112.6060 	EXP 	text_2: autoDraw = False
112.6060 	EXP 	text_2: autoDraw = True
112.7378 	DATA 	Keypress: u
112.7699 	EXP 	New trial (rep=317, index=0): None
112.7778 	EXP 	text_2: autoDraw = False
112.7778 	EXP 	text_2: autoDraw = True
112.9168 	EXP 	New trial (rep=318, index=0): None
112.9240 	DATA 	Keypress: u
112.9266 	EXP 	text_2: autoDraw = False
112.9266 	EXP 	text_2: autoDraw = True
113.0319 	DATA 	Keypress: u
113.0636 	EXP 	New trial (rep=319, index=0): None
113.0721 	EXP 	text_2: autoDraw = False
113.0721 	EXP 	text_2: autoDraw = True
113.2188 	DATA 	Keypress: u
113.2501 	EXP 	New trial (rep=320, index=0): None
113.2583 	EXP 	text_2: autoDraw = False
113.2583 	EXP 	text_2: autoDraw = True
113.6619 	EXP 	New trial (rep=321, index=0): None
113.6687 	DATA 	Keypress: u
113.6711 	EXP 	text_2: autoDraw = False
113.6711 	EXP 	text_2: autoDraw = True
113.8351 	EXP 	New trial (rep=322, index=0): None
113.8412 	DATA 	Keypress: u
113.8436 	EXP 	text_2: autoDraw = False
113.8436 	EXP 	text_2: autoDraw = True
113.9823 	EXP 	New trial (rep=323, index=0): None
113.9883 	DATA 	Keypress: u
113.9907 	EXP 	text_2: autoDraw = False
113.9907 	EXP 	text_2: autoDraw = True
114.1560 	EXP 	New trial (rep=324, index=0): None
114.1623 	DATA 	Keypress: u
114.1647 	EXP 	text_2: autoDraw = False
114.1647 	EXP 	text_2: autoDraw = True
114.3029 	EXP 	New trial (rep=325, index=0): None
114.3095 	DATA 	Keypress: u
114.3119 	EXP 	text_2: autoDraw = False
114.3119 	EXP 	text_2: autoDraw = True
114.4644 	EXP 	New trial (rep=326, index=0): None
114.4703 	DATA 	Keypress: u
114.4728 	EXP 	text_2: autoDraw = False
114.4728 	EXP 	text_2: autoDraw = True
114.6897 	EXP 	New trial (rep=327, index=0): None
114.6957 	DATA 	Keypress: u
114.6981 	EXP 	text_2: autoDraw = False
114.6981 	EXP 	text_2: autoDraw = True
114.8914 	EXP 	New trial (rep=328, index=0): None
114.8984 	DATA 	Keypress: u
114.9008 	EXP 	text_2: autoDraw = False
114.9008 	EXP 	text_2: autoDraw = True
115.2587 	DATA 	Keypress: u
115.3019 	EXP 	New trial (rep=329, index=0): None
115.3095 	EXP 	text_2: autoDraw = False
115.3095 	EXP 	text_2: autoDraw = True
115.5690 	EXP 	New trial (rep=330, index=0): None
115.5744 	DATA 	Keypress: u
115.5771 	EXP 	text_2: autoDraw = False
115.5771 	EXP 	text_2: autoDraw = True
115.7964 	EXP 	New trial (rep=331, index=0): None
115.8028 	DATA 	Keypress: u
115.8051 	EXP 	text_2: autoDraw = False
115.8051 	EXP 	text_2: autoDraw = True
116.1253 	DATA 	Keypress: u
116.1713 	EXP 	New trial (rep=332, index=0): None
116.1805 	EXP 	text_2: autoDraw = False
116.1805 	EXP 	text_2: autoDraw = True
116.5694 	EXP 	New trial (rep=333, index=0): None
116.5757 	DATA 	Keypress: u
116.5786 	EXP 	text_2: autoDraw = False
116.5786 	EXP 	text_2: autoDraw = True
116.7294 	EXP 	New trial (rep=334, index=0): None
116.7345 	DATA 	Keypress: u
116.7370 	EXP 	text_2: autoDraw = False
116.7370 	EXP 	text_2: autoDraw = True
117.0206 	DATA 	Keypress: u
117.0496 	EXP 	New trial (rep=335, index=0): None
117.0572 	EXP 	text_2: autoDraw = False
117.0572 	EXP 	text_2: autoDraw = True
117.1669 	DATA 	Keypress: u
117.1975 	EXP 	New trial (rep=336, index=0): None
117.2053 	EXP 	text_2: autoDraw = False
117.2053 	EXP 	text_2: autoDraw = True
117.3533 	DATA 	Keypress: u
117.3823 	EXP 	New trial (rep=337, index=0): None
117.3904 	EXP 	text_2: autoDraw = False
117.3904 	EXP 	text_2: autoDraw = True
117.5327 	EXP 	New trial (rep=338, index=0): None
117.5386 	DATA 	Keypress: u
117.5410 	EXP 	text_2: autoDraw = False
117.5410 	EXP 	text_2: autoDraw = True
117.7219 	EXP 	New trial (rep=339, index=0): None
117.7280 	DATA 	Keypress: u
117.7304 	EXP 	text_2: autoDraw = False
117.7304 	EXP 	text_2: autoDraw = True
118.3302 	EXP 	New trial (rep=340, index=0): None
118.3391 	DATA 	Keypress: u
118.3419 	EXP 	text_2: autoDraw = False
118.3419 	EXP 	text_2: autoDraw = True
118.4515 	DATA 	Keypress: u
118.5002 	EXP 	New trial (rep=341, index=0): None
118.5136 	EXP 	text_2: autoDraw = False
118.5136 	EXP 	text_2: autoDraw = True
118.5986 	DATA 	Keypress: u
118.6474 	EXP 	New trial (rep=342, index=0): None
118.6603 	EXP 	text_2: autoDraw = False
118.6603 	EXP 	text_2: autoDraw = True
118.7477 	DATA 	Keypress: u
118.7955 	EXP 	New trial (rep=343, index=0): None
118.8088 	EXP 	text_2: autoDraw = False
118.8088 	EXP 	text_2: autoDraw = True
119.0095 	EXP 	New trial (rep=344, index=0): None
119.0200 	DATA 	Keypress: u
119.0227 	EXP 	text_2: autoDraw = False
119.0227 	EXP 	text_2: autoDraw = True
119.1753 	EXP 	New trial (rep=345, index=0): None
119.1838 	DATA 	Keypress: u
119.1866 	EXP 	text_2: autoDraw = False
119.1866 	EXP 	text_2: autoDraw = True
119.3086 	EXP 	New trial (rep=346, index=0): None
119.3176 	DATA 	Keypress: u
119.3213 	EXP 	text_2: autoDraw = False
119.3213 	EXP 	text_2: autoDraw = True
119.4691 	EXP 	New trial (rep=347, index=0): None
119.4770 	DATA 	Keypress: u
119.4794 	EXP 	text_2: autoDraw = False
119.4794 	EXP 	text_2: autoDraw = True
119.6142 	EXP 	New trial (rep=348, index=0): None
119.6228 	DATA 	Keypress: u
119.6254 	EXP 	text_2: autoDraw = False
119.6254 	EXP 	text_2: autoDraw = True
119.7524 	EXP 	New trial (rep=349, index=0): None
119.7606 	DATA 	Keypress: u
119.7630 	EXP 	text_2: autoDraw = False
119.7630 	EXP 	text_2: autoDraw = True
119.9242 	EXP 	New trial (rep=350, index=0): None
119.9328 	DATA 	Keypress: u
119.9351 	EXP 	text_2: autoDraw = False
119.9351 	EXP 	text_2: autoDraw = True
120.0568 	EXP 	New trial (rep=351, index=0): None
120.0651 	DATA 	Keypress: u
120.0684 	EXP 	text_2: autoDraw = False
120.0684 	EXP 	text_2: autoDraw = True
120.1826 	DATA 	Keypress: u
120.2164 	EXP 	New trial (rep=352, index=0): None
120.2258 	EXP 	text_2: autoDraw = False
120.2258 	EXP 	text_2: autoDraw = True
120.3283 	DATA 	Keypress: u
120.3646 	EXP 	New trial (rep=353, index=0): None
120.3739 	EXP 	text_2: autoDraw = False
120.3739 	EXP 	text_2: autoDraw = True
120.4772 	DATA 	Keypress: u
120.5125 	EXP 	New trial (rep=354, index=0): None
120.5218 	EXP 	text_2: autoDraw = False
120.5218 	EXP 	text_2: autoDraw = True
120.6232 	DATA 	Keypress: u
120.6742 	EXP 	New trial (rep=355, index=0): None
120.6827 	EXP 	text_2: autoDraw = False
120.6827 	EXP 	text_2: autoDraw = True
120.8295 	EXP 	New trial (rep=356, index=0): None
120.8372 	DATA 	Keypress: u
120.8410 	EXP 	text_2: autoDraw = False
120.8410 	EXP 	text_2: autoDraw = True
121.0029 	EXP 	New trial (rep=357, index=0): None
121.0093 	DATA 	Keypress: u
121.0117 	EXP 	text_2: autoDraw = False
121.0117 	EXP 	text_2: autoDraw = True
121.1286 	DATA 	Keypress: u
121.1637 	EXP 	New trial (rep=358, index=0): None
121.1725 	EXP 	text_2: autoDraw = False
121.1725 	EXP 	text_2: autoDraw = True
121.2775 	DATA 	Keypress: u
121.3110 	EXP 	New trial (rep=359, index=0): None
121.3201 	EXP 	text_2: autoDraw = False
121.3201 	EXP 	text_2: autoDraw = True
121.4503 	DATA 	Keypress: u
121.4842 	EXP 	New trial (rep=360, index=0): None
121.4932 	EXP 	text_2: autoDraw = False
121.4932 	EXP 	text_2: autoDraw = True
121.6158 	EXP 	New trial (rep=361, index=0): None
121.6222 	DATA 	Keypress: u
121.6247 	EXP 	text_2: autoDraw = False
121.6247 	EXP 	text_2: autoDraw = True
121.7570 	DATA 	Keypress: u
121.8015 	EXP 	New trial (rep=362, index=0): None
121.8097 	EXP 	text_2: autoDraw = False
121.8097 	EXP 	text_2: autoDraw = True
121.9157 	DATA 	Keypress: u
121.9465 	EXP 	New trial (rep=363, index=0): None
121.9548 	EXP 	text_2: autoDraw = False
121.9548 	EXP 	text_2: autoDraw = True
122.0892 	DATA 	Keypress: u
122.1325 	EXP 	New trial (rep=364, index=0): None
122.1417 	EXP 	text_2: autoDraw = False
122.1417 	EXP 	text_2: autoDraw = True
122.2478 	DATA 	Keypress: u
122.2813 	EXP 	New trial (rep=365, index=0): None
122.2901 	EXP 	text_2: autoDraw = False
122.2901 	EXP 	text_2: autoDraw = True
122.4272 	EXP 	New trial (rep=366, index=0): None
122.4332 	DATA 	Keypress: u
122.4357 	EXP 	text_2: autoDraw = False
122.4357 	EXP 	text_2: autoDraw = True
122.5687 	DATA 	Keypress: u
122.6149 	EXP 	New trial (rep=367, index=0): None
122.6238 	EXP 	text_2: autoDraw = False
122.6238 	EXP 	text_2: autoDraw = True
122.7505 	EXP 	New trial (rep=368, index=0): None
122.7575 	DATA 	Keypress: u
122.7600 	EXP 	text_2: autoDraw = False
122.7600 	EXP 	text_2: autoDraw = True
122.8911 	DATA 	Keypress: u
122.9209 	EXP 	New trial (rep=369, index=0): None
122.9300 	EXP 	text_2: autoDraw = False
122.9300 	EXP 	text_2: autoDraw = True
123.0827 	EXP 	New trial (rep=370, index=0): None
123.0887 	DATA 	Keypress: u
123.0912 	EXP 	text_2: autoDraw = False
123.0912 	EXP 	text_2: autoDraw = True
123.2117 	DATA 	Keypress: u
123.2421 	EXP 	New trial (rep=371, index=0): None
123.2517 	EXP 	text_2: autoDraw = False
123.2517 	EXP 	text_2: autoDraw = True
123.4277 	EXP 	New trial (rep=372, index=0): None
123.4338 	DATA 	Keypress: u
123.4365 	EXP 	text_2: autoDraw = False
123.4365 	EXP 	text_2: autoDraw = True
123.5740 	EXP 	New trial (rep=373, index=0): None
123.5801 	DATA 	Keypress: u
123.5825 	EXP 	text_2: autoDraw = False
123.5825 	EXP 	text_2: autoDraw = True
123.7288 	DATA 	Keypress: u
123.7626 	EXP 	New trial (rep=374, index=0): None
123.7712 	EXP 	text_2: autoDraw = False
123.7712 	EXP 	text_2: autoDraw = True
123.9090 	EXP 	New trial (rep=375, index=0): None
123.9159 	DATA 	Keypress: u
123.9183 	EXP 	text_2: autoDraw = False
123.9183 	EXP 	text_2: autoDraw = True
124.0823 	EXP 	New trial (rep=376, index=0): None
124.0895 	DATA 	Keypress: u
124.0920 	EXP 	text_2: autoDraw = False
124.0920 	EXP 	text_2: autoDraw = True
124.2415 	EXP 	New trial (rep=377, index=0): None
124.2485 	DATA 	Keypress: u
124.2511 	EXP 	text_2: autoDraw = False
124.2511 	EXP 	text_2: autoDraw = True
124.3572 	DATA 	Keypress: u
124.3866 	EXP 	New trial (rep=378, index=0): None
124.3956 	EXP 	text_2: autoDraw = False
124.3956 	EXP 	text_2: autoDraw = True
124.5220 	EXP 	New trial (rep=379, index=0): None
124.5301 	DATA 	Keypress: u
124.5326 	EXP 	text_2: autoDraw = False
124.5326 	EXP 	text_2: autoDraw = True
124.6839 	EXP 	New trial (rep=380, index=0): None
124.6912 	DATA 	Keypress: u
124.6934 	EXP 	text_2: autoDraw = False
124.6934 	EXP 	text_2: autoDraw = True
125.0412 	EXP 	New trial (rep=381, index=0): None
125.0479 	DATA 	Keypress: u
125.0504 	EXP 	text_2: autoDraw = False
125.0504 	EXP 	text_2: autoDraw = True
125.1823 	DATA 	Keypress: u
125.2270 	EXP 	New trial (rep=382, index=0): None
125.2351 	EXP 	text_2: autoDraw = False
125.2351 	EXP 	text_2: autoDraw = True
125.2910 	DATA 	Keypress: u
125.3223 	EXP 	New trial (rep=383, index=0): None
125.3311 	EXP 	text_2: autoDraw = False
125.3311 	EXP 	text_2: autoDraw = True
125.3739 	EXP 	New trial (rep=384, index=0): None
125.3806 	DATA 	Keypress: u
125.3830 	EXP 	text_2: autoDraw = False
125.3830 	EXP 	text_2: autoDraw = True
125.4375 	DATA 	Keypress: u
125.4718 	EXP 	New trial (rep=385, index=0): None
125.4805 	EXP 	text_2: autoDraw = False
125.4805 	EXP 	text_2: autoDraw = True
125.5482 	EXP 	New trial (rep=386, index=0): None
125.5538 	DATA 	Keypress: u
125.5564 	EXP 	text_2: autoDraw = False
125.5564 	EXP 	text_2: autoDraw = True
125.6228 	DATA 	Keypress: u
125.6625 	EXP 	New trial (rep=387, index=0): None
125.6722 	EXP 	text_2: autoDraw = False
125.6722 	EXP 	text_2: autoDraw = True
125.7025 	DATA 	Keypress: u
125.7363 	EXP 	New trial (rep=388, index=0): None
125.7462 	EXP 	text_2: autoDraw = False
125.7462 	EXP 	text_2: autoDraw = True
125.8078 	EXP 	New trial (rep=389, index=0): None
125.8147 	DATA 	Keypress: u
125.8172 	EXP 	text_2: autoDraw = False
125.8172 	EXP 	text_2: autoDraw = True
125.8978 	EXP 	New trial (rep=390, index=0): None
125.9042 	DATA 	Keypress: u
125.9069 	EXP 	text_2: autoDraw = False
125.9069 	EXP 	text_2: autoDraw = True
125.9783 	EXP 	New trial (rep=391, index=0): None
125.9862 	DATA 	Keypress: u
125.9887 	EXP 	text_2: autoDraw = False
125.9887 	EXP 	text_2: autoDraw = True
126.0578 	EXP 	New trial (rep=392, index=0): None
126.0641 	DATA 	Keypress: u
126.0666 	EXP 	text_2: autoDraw = False
126.0666 	EXP 	text_2: autoDraw = True
126.1164 	DATA 	Keypress: u
126.1519 	EXP 	New trial (rep=393, index=0): None
126.1616 	EXP 	text_2: autoDraw = False
126.1616 	EXP 	text_2: autoDraw = True
126.2450 	EXP 	New trial (rep=394, index=0): None
126.2522 	DATA 	Keypress: u
126.2547 	EXP 	text_2: autoDraw = False
126.2547 	EXP 	text_2: autoDraw = True
126.3385 	EXP 	New trial (rep=395, index=0): None
126.3454 	DATA 	Keypress: u
126.3478 	EXP 	text_2: autoDraw = False
126.3478 	EXP 	text_2: autoDraw = True
126.3846 	DATA 	Keypress: u
126.4170 	EXP 	New trial (rep=396, index=0): None
126.4266 	EXP 	text_2: autoDraw = False
126.4266 	EXP 	text_2: autoDraw = True
126.4639 	DATA 	Keypress: u
126.4984 	EXP 	New trial (rep=397, index=0): None
126.5106 	EXP 	text_2: autoDraw = False
126.5106 	EXP 	text_2: autoDraw = True
126.5457 	DATA 	Keypress: u
126.5798 	EXP 	New trial (rep=398, index=0): None
126.5899 	EXP 	text_2: autoDraw = False
126.5899 	EXP 	text_2: autoDraw = True
126.6332 	EXP 	New trial (rep=399, index=0): None
126.6406 	DATA 	Keypress: u
126.6431 	EXP 	text_2: autoDraw = False
126.6431 	EXP 	text_2: autoDraw = True
126.7961 	EXP 	New trial (rep=400, index=0): None
126.8033 	DATA 	Keypress: u
126.8056 	EXP 	text_2: autoDraw = False
126.8056 	EXP 	text_2: autoDraw = True
126.8747 	EXP 	New trial (rep=401, index=0): None
126.8813 	DATA 	Keypress: u
126.8838 	EXP 	text_2: autoDraw = False
126.8838 	EXP 	text_2: autoDraw = True
126.9198 	DATA 	Keypress: u
126.9534 	EXP 	New trial (rep=402, index=0): None
126.9636 	EXP 	text_2: autoDraw = False
126.9636 	EXP 	text_2: autoDraw = True
126.9983 	DATA 	Keypress: u
127.0329 	EXP 	New trial (rep=403, index=0): None
127.0420 	EXP 	text_2: autoDraw = False
127.0420 	EXP 	text_2: autoDraw = True
127.0783 	DATA 	Keypress: j
127.1686 	EXP 	New trial (rep=404, index=0): None
127.1762 	DATA 	Keypress: u
127.1785 	EXP 	text_2: autoDraw = False
127.1785 	EXP 	text_2: autoDraw = True
127.2360 	DATA 	Keypress: u
127.2721 	EXP 	New trial (rep=405, index=0): None
127.2808 	EXP 	text_2: autoDraw = False
127.2808 	EXP 	text_2: autoDraw = True
127.3186 	DATA 	Keypress: u
127.3509 	EXP 	New trial (rep=406, index=0): None
127.3602 	EXP 	text_2: autoDraw = False
127.3602 	EXP 	text_2: autoDraw = True
127.4108 	DATA 	Keypress: u
127.4512 	EXP 	New trial (rep=407, index=0): None
127.4610 	EXP 	text_2: autoDraw = False
127.4610 	EXP 	text_2: autoDraw = True
127.5147 	EXP 	New trial (rep=408, index=0): None
127.5216 	DATA 	Keypress: u
127.5240 	EXP 	text_2: autoDraw = False
127.5240 	EXP 	text_2: autoDraw = True
127.6055 	EXP 	New trial (rep=409, index=0): None
127.6119 	DATA 	Keypress: u
127.6143 	EXP 	text_2: autoDraw = False
127.6143 	EXP 	text_2: autoDraw = True
127.7003 	EXP 	New trial (rep=410, index=0): None
127.7075 	DATA 	Keypress: u
127.7102 	EXP 	text_2: autoDraw = False
127.7102 	EXP 	text_2: autoDraw = True
127.7780 	EXP 	New trial (rep=411, index=0): None
127.7860 	DATA 	Keypress: u
127.7885 	EXP 	text_2: autoDraw = False
127.7885 	EXP 	text_2: autoDraw = True
127.8608 	EXP 	New trial (rep=412, index=0): None
127.8681 	DATA 	Keypress: u
127.8709 	EXP 	text_2: autoDraw = False
127.8709 	EXP 	text_2: autoDraw = True
127.9426 	EXP 	New trial (rep=413, index=0): None
127.9503 	DATA 	Keypress: u
127.9528 	EXP 	text_2: autoDraw = False
127.9528 	EXP 	text_2: autoDraw = True
128.0328 	EXP 	New trial (rep=414, index=0): None
128.0402 	DATA 	Keypress: u
128.0430 	EXP 	text_2: autoDraw = False
128.0430 	EXP 	text_2: autoDraw = True
128.1259 	EXP 	New trial (rep=415, index=0): None
128.1322 	DATA 	Keypress: u
128.1348 	EXP 	text_2: autoDraw = False
128.1348 	EXP 	text_2: autoDraw = True
128.1840 	DATA 	Keypress: u
128.2206 	EXP 	New trial (rep=416, index=0): None
128.2308 	EXP 	text_2: autoDraw = False
128.2308 	EXP 	text_2: autoDraw = True
128.2643 	DATA 	Keypress: u
128.2982 	EXP 	New trial (rep=417, index=0): None
128.3081 	EXP 	text_2: autoDraw = False
128.3081 	EXP 	text_2: autoDraw = True
128.3785 	EXP 	New trial (rep=418, index=0): None
128.3863 	DATA 	Keypress: u
128.3912 	EXP 	text_2: autoDraw = False
128.3912 	EXP 	text_2: autoDraw = True
128.4249 	DATA 	Keypress: u
128.4592 	EXP 	New trial (rep=419, index=0): None
128.4691 	EXP 	text_2: autoDraw = False
128.4691 	EXP 	text_2: autoDraw = True
128.5375 	EXP 	New trial (rep=420, index=0): None
128.5456 	DATA 	Keypress: u
128.5479 	EXP 	text_2: autoDraw = False
128.5479 	EXP 	text_2: autoDraw = True
128.6184 	EXP 	New trial (rep=421, index=0): None
128.6259 	DATA 	Keypress: u
128.6283 	EXP 	text_2: autoDraw = False
128.6283 	EXP 	text_2: autoDraw = True
128.7036 	DATA 	Keypress: u
128.7361 	EXP 	New trial (rep=422, index=0): None
128.7449 	EXP 	text_2: autoDraw = False
128.7449 	EXP 	text_2: autoDraw = True
128.8063 	EXP 	New trial (rep=423, index=0): None
128.8144 	DATA 	Keypress: u
128.8169 	EXP 	text_2: autoDraw = False
128.8169 	EXP 	text_2: autoDraw = True
128.8857 	EXP 	New trial (rep=424, index=0): None
128.8931 	DATA 	Keypress: u
128.8954 	EXP 	text_2: autoDraw = False
128.8954 	EXP 	text_2: autoDraw = True
128.9645 	EXP 	New trial (rep=425, index=0): None
128.9719 	DATA 	Keypress: u
128.9743 	EXP 	text_2: autoDraw = False
128.9743 	EXP 	text_2: autoDraw = True
129.0259 	DATA 	Keypress: u
129.0592 	EXP 	New trial (rep=426, index=0): None
129.0681 	EXP 	text_2: autoDraw = False
129.0681 	EXP 	text_2: autoDraw = True
129.1387 	EXP 	New trial (rep=427, index=0): None
129.1453 	DATA 	Keypress: u
129.1478 	EXP 	text_2: autoDraw = False
129.1478 	EXP 	text_2: autoDraw = True
129.1972 	DATA 	Keypress: u
129.2328 	EXP 	New trial (rep=428, index=0): None
129.2426 	EXP 	text_2: autoDraw = False
129.2426 	EXP 	text_2: autoDraw = True
129.2909 	DATA 	Keypress: u
129.3325 	EXP 	New trial (rep=429, index=0): None
129.3470 	EXP 	text_2: autoDraw = False
129.3470 	EXP 	text_2: autoDraw = True
129.3581 	DATA 	Keypress: u
129.4035 	EXP 	New trial (rep=430, index=0): None
129.4155 	EXP 	text_2: autoDraw = False
129.4155 	EXP 	text_2: autoDraw = True
129.4410 	DATA 	Keypress: u
129.4866 	EXP 	New trial (rep=431, index=0): None
129.4967 	EXP 	text_2: autoDraw = False
129.4967 	EXP 	text_2: autoDraw = True
129.5187 	DATA 	Keypress: u
129.5654 	EXP 	New trial (rep=432, index=0): None
129.5790 	EXP 	text_2: autoDraw = False
129.5790 	EXP 	text_2: autoDraw = True
129.6661 	EXP 	New trial (rep=433, index=0): None
129.6772 	DATA 	Keypress: u
129.6799 	EXP 	text_2: autoDraw = False
129.6799 	EXP 	text_2: autoDraw = True
129.7071 	DATA 	Keypress: u
129.7572 	EXP 	New trial (rep=434, index=0): None
129.7680 	EXP 	text_2: autoDraw = False
129.7680 	EXP 	text_2: autoDraw = True
129.8528 	EXP 	New trial (rep=435, index=0): None
129.8639 	DATA 	Keypress: u
129.8668 	EXP 	text_2: autoDraw = False
129.8668 	EXP 	text_2: autoDraw = True
129.8924 	DATA 	Keypress: u
129.9314 	EXP 	New trial (rep=436, index=0): None
129.9429 	EXP 	text_2: autoDraw = False
129.9429 	EXP 	text_2: autoDraw = True
129.9969 	EXP 	New trial (rep=437, index=0): None
130.0062 	DATA 	Keypress: u
130.0086 	EXP 	text_2: autoDraw = False
130.0086 	EXP 	text_2: autoDraw = True
130.0525 	DATA 	Keypress: u
130.0920 	EXP 	New trial (rep=438, index=0): None
130.1039 	EXP 	text_2: autoDraw = False
130.1039 	EXP 	text_2: autoDraw = True
130.3298 	EXP 	New trial (rep=439, index=0): None
130.3379 	DATA 	Keypress: u
130.3404 	EXP 	text_2: autoDraw = False
130.3404 	EXP 	text_2: autoDraw = True
130.3712 	DATA 	Keypress: u
130.4065 	EXP 	New trial (rep=440, index=0): None
130.4176 	EXP 	text_2: autoDraw = False
130.4176 	EXP 	text_2: autoDraw = True
130.4667 	DATA 	Keypress: u
130.4997 	EXP 	New trial (rep=441, index=0): None
130.5092 	EXP 	text_2: autoDraw = False
130.5092 	EXP 	text_2: autoDraw = True
130.5459 	DATA 	Keypress: u
130.5813 	EXP 	New trial (rep=442, index=0): None
130.5919 	EXP 	text_2: autoDraw = False
130.5919 	EXP 	text_2: autoDraw = True
130.6755 	EXP 	New trial (rep=443, index=0): None
130.6823 	DATA 	Keypress: u
130.6847 	EXP 	text_2: autoDraw = False
130.6847 	EXP 	text_2: autoDraw = True
130.7412 	EXP 	New trial (rep=444, index=0): None
130.7504 	DATA 	Keypress: u
130.7529 	EXP 	text_2: autoDraw = False
130.7529 	EXP 	text_2: autoDraw = True
130.7889 	DATA 	Keypress: u
130.8354 	EXP 	New trial (rep=445, index=0): None
130.8453 	EXP 	text_2: autoDraw = False
130.8453 	EXP 	text_2: autoDraw = True
130.8932 	DATA 	Keypress: u
130.9286 	EXP 	New trial (rep=446, index=0): None
130.9389 	EXP 	text_2: autoDraw = False
130.9389 	EXP 	text_2: autoDraw = True
130.9486 	DATA 	Keypress: u
130.9814 	EXP 	New trial (rep=447, index=0): None
130.9920 	EXP 	text_2: autoDraw = False
130.9920 	EXP 	text_2: autoDraw = True
131.2082 	EXP 	New trial (rep=448, index=0): None
131.2154 	DATA 	Keypress: u
131.2179 	EXP 	text_2: autoDraw = False
131.2179 	EXP 	text_2: autoDraw = True
131.3926 	EXP 	New trial (rep=449, index=0): None
131.3991 	DATA 	Keypress: u
131.4017 	EXP 	text_2: autoDraw = False
131.4017 	EXP 	text_2: autoDraw = True
131.5660 	EXP 	New trial (rep=450, index=0): None
131.5734 	DATA 	Keypress: u
131.5759 	EXP 	text_2: autoDraw = False
131.5759 	EXP 	text_2: autoDraw = True
131.6278 	DATA 	Keypress: u
131.6639 	EXP 	New trial (rep=451, index=0): None
131.6733 	EXP 	text_2: autoDraw = False
131.6733 	EXP 	text_2: autoDraw = True
131.7411 	EXP 	New trial (rep=452, index=0): None
131.7493 	DATA 	Keypress: u
131.7518 	EXP 	text_2: autoDraw = False
131.7518 	EXP 	text_2: autoDraw = True
131.8658 	DATA 	Keypress: u
131.9011 	EXP 	New trial (rep=453, index=0): None
131.9110 	EXP 	text_2: autoDraw = False
131.9110 	EXP 	text_2: autoDraw = True
131.9693 	EXP 	New trial (rep=454, index=0): None
131.9776 	DATA 	Keypress: u
131.9801 	EXP 	text_2: autoDraw = False
131.9801 	EXP 	text_2: autoDraw = True
132.0470 	EXP 	New trial (rep=455, index=0): None
132.0544 	DATA 	Keypress: u
132.0570 	EXP 	text_2: autoDraw = False
132.0570 	EXP 	text_2: autoDraw = True
132.1064 	DATA 	Keypress: u
132.1437 	EXP 	New trial (rep=456, index=0): None
132.1535 	EXP 	text_2: autoDraw = False
132.1535 	EXP 	text_2: autoDraw = True
132.1999 	DATA 	Keypress: u
132.2342 	EXP 	New trial (rep=457, index=0): None
132.2434 	EXP 	text_2: autoDraw = False
132.2434 	EXP 	text_2: autoDraw = True
132.3859 	DATA 	Keypress: u
132.4207 	EXP 	New trial (rep=458, index=0): None
132.4301 	EXP 	text_2: autoDraw = False
132.4301 	EXP 	text_2: autoDraw = True
132.8046 	EXP 	New trial (rep=459, index=0): None
132.8118 	DATA 	Keypress: u
132.8142 	EXP 	text_2: autoDraw = False
132.8142 	EXP 	text_2: autoDraw = True
133.0311 	EXP 	New trial (rep=460, index=0): None
133.0375 	DATA 	Keypress: u
133.0401 	EXP 	text_2: autoDraw = False
133.0401 	EXP 	text_2: autoDraw = True
133.2044 	EXP 	New trial (rep=461, index=0): None
133.2123 	DATA 	Keypress: u
133.2147 	EXP 	text_2: autoDraw = False
133.2147 	EXP 	text_2: autoDraw = True
133.3328 	DATA 	Keypress: u
133.3641 	EXP 	New trial (rep=462, index=0): None
133.3730 	EXP 	text_2: autoDraw = False
133.3730 	EXP 	text_2: autoDraw = True
133.4460 	EXP 	New trial (rep=463, index=0): None
133.4528 	DATA 	Keypress: u
133.4553 	EXP 	text_2: autoDraw = False
133.4553 	EXP 	text_2: autoDraw = True
133.6065 	EXP 	New trial (rep=464, index=0): None
133.6129 	DATA 	Keypress: u
133.6154 	EXP 	text_2: autoDraw = False
133.6154 	EXP 	text_2: autoDraw = True
133.7452 	DATA 	Keypress: u
133.7788 	EXP 	New trial (rep=465, index=0): None
133.7874 	EXP 	text_2: autoDraw = False
133.7874 	EXP 	text_2: autoDraw = True
133.9380 	EXP 	New trial (rep=466, index=0): None
133.9449 	DATA 	Keypress: u
133.9476 	EXP 	text_2: autoDraw = False
133.9476 	EXP 	text_2: autoDraw = True
134.0243 	EXP 	New trial (rep=467, index=0): None
134.0307 	DATA 	Keypress: u
134.0331 	EXP 	text_2: autoDraw = False
134.0331 	EXP 	text_2: autoDraw = True
134.2075 	EXP 	New trial (rep=468, index=0): None
134.2145 	DATA 	Keypress: u
134.2171 	EXP 	text_2: autoDraw = False
134.2171 	EXP 	text_2: autoDraw = True
134.3542 	EXP 	New trial (rep=469, index=0): None
134.3610 	DATA 	Keypress: u
134.3635 	EXP 	text_2: autoDraw = False
134.3635 	EXP 	text_2: autoDraw = True
134.4140 	DATA 	Keypress: u
134.4473 	EXP 	New trial (rep=470, index=0): None
134.4572 	EXP 	text_2: autoDraw = False
134.4572 	EXP 	text_2: autoDraw = True
134.5068 	DATA 	Keypress: u
134.5397 	EXP 	New trial (rep=471, index=0): None
134.5493 	EXP 	text_2: autoDraw = False
134.5493 	EXP 	text_2: autoDraw = True
134.6139 	DATA 	Keypress: u
134.6472 	EXP 	New trial (rep=472, index=0): None
134.6564 	EXP 	text_2: autoDraw = False
134.6564 	EXP 	text_2: autoDraw = True
134.7259 	EXP 	New trial (rep=473, index=0): None
134.7332 	DATA 	Keypress: u
134.7356 	EXP 	text_2: autoDraw = False
134.7356 	EXP 	text_2: autoDraw = True
134.7877 	DATA 	Keypress: u
134.8216 	EXP 	New trial (rep=474, index=0): None
134.8307 	EXP 	text_2: autoDraw = False
134.8307 	EXP 	text_2: autoDraw = True
134.8804 	DATA 	Keypress: u
134.9124 	EXP 	New trial (rep=475, index=0): None
134.9216 	EXP 	text_2: autoDraw = False
134.9216 	EXP 	text_2: autoDraw = True
134.9598 	DATA 	Keypress: u
134.9955 	EXP 	New trial (rep=476, index=0): None
135.0064 	EXP 	text_2: autoDraw = False
135.0064 	EXP 	text_2: autoDraw = True
135.1072 	DATA 	Keypress: u
135.1610 	EXP 	New trial (rep=477, index=0): None
135.1708 	EXP 	text_2: autoDraw = False
135.1708 	EXP 	text_2: autoDraw = True
135.3035 	EXP 	New trial (rep=478, index=0): None
135.3105 	DATA 	Keypress: u
135.3137 	EXP 	text_2: autoDraw = False
135.3137 	EXP 	text_2: autoDraw = True
135.4409 	DATA 	Keypress: u
135.4868 	EXP 	New trial (rep=479, index=0): None
135.4963 	EXP 	text_2: autoDraw = False
135.4963 	EXP 	text_2: autoDraw = True
135.7534 	EXP 	New trial (rep=480, index=0): None
135.7604 	DATA 	Keypress: u
135.7630 	EXP 	text_2: autoDraw = False
135.7630 	EXP 	text_2: autoDraw = True
135.8856 	EXP 	New trial (rep=481, index=0): None
135.8919 	DATA 	Keypress: u
135.8941 	EXP 	text_2: autoDraw = False
135.8941 	EXP 	text_2: autoDraw = True
136.3273 	EXP 	New trial (rep=482, index=0): None
136.3350 	DATA 	Keypress: u
136.3375 	EXP 	text_2: autoDraw = False
136.3375 	EXP 	text_2: autoDraw = True
136.4871 	EXP 	New trial (rep=483, index=0): None
136.4943 	DATA 	Keypress: u
136.4968 	EXP 	text_2: autoDraw = False
136.4968 	EXP 	text_2: autoDraw = True
136.5874 	DATA 	Keypress: u
136.7351 	DATA 	Keypress: u
136.7655 	EXP 	New trial (rep=484, index=0): None
136.7746 	EXP 	text_2: autoDraw = False
136.7746 	EXP 	text_2: autoDraw = True
136.9001 	EXP 	New trial (rep=485, index=0): None
136.9072 	DATA 	Keypress: u
136.9097 	EXP 	text_2: autoDraw = False
136.9097 	EXP 	text_2: autoDraw = True
137.0367 	EXP 	New trial (rep=486, index=0): None
137.0434 	DATA 	Keypress: u
137.0490 	EXP 	text_2: autoDraw = False
137.0490 	EXP 	text_2: autoDraw = True
137.1624 	DATA 	Keypress: u
137.1944 	EXP 	New trial (rep=487, index=0): None
137.2027 	EXP 	text_2: autoDraw = False
137.2027 	EXP 	text_2: autoDraw = True
137.3350 	DATA 	Keypress: u
137.3661 	EXP 	New trial (rep=488, index=0): None
137.3752 	EXP 	text_2: autoDraw = False
137.3752 	EXP 	text_2: autoDraw = True
141.5216 	DATA 	Keypress: escape
150.0714 	EXP 	window1: mouseVisible = True
