2.9164 	WARNING 	We strongly recommend you activate the PTB sound engine in PsychoPy prefs as the preferred audio engine. Its timing is vastly superior. Your prefs are currently set to use ['sounddevice', 'PTB', 'pyo', 'pygame'] (in that order).
23.8317 	WARNING 	Couldn't measure a consistent frame rate.
  - Is your graphics card set to sync to vertical blank?
  - Are you running other processes on your computer?

23.8320 	EXP 	Created window1 = Window(allowGUI=False, allowStencil=False, args=UNKNOWN, autoLog=True, bitsMode=UNKNOWN, blendMode='avg', bpc=(8, 8, 8), color=array([0., 0., 0.]), colorSpace='rgb', depthBits=8, fullscr=<method-wrapper '__getattribute__' of attributeSetter object at 0x000001B68D24DB70>, gamma=None, gammaErrorPolicy='raise', kwargs=UNKNOWN, lms=UNKNOWN, monitor=<psychopy.monitors.calibTools.Monitor object at 0x000001B68D2B5438>, multiSample=False, name='window1', numSamples=2, pos=[0.0, 0.0], screen=0, size=array([1366,  768]), stencilBits=0, stereo=False, units='height', useFBO=True, useRetina=False, viewOri=0.0, viewPos=None, viewScale=None, waitBlanking=True, winType='pyglet')
23.8320 	EXP 	window1: recordFrameIntervals = False
24.0051 	EXP 	window1: recordFrameIntervals = True
24.0724 	WARNING 	t of last frame was 27.04ms (=1/36)
24.1383 	WARNING 	t of last frame was 26.85ms (=1/37)
24.2053 	WARNING 	t of last frame was 27.07ms (=1/36)
24.2723 	WARNING 	t of last frame was 27.06ms (=1/36)
24.3387 	WARNING 	Multiple dropped frames have occurred - I'll stop bothering you about them!
25.4068 	DATA 	Keypress: space
25.6722 	WARNING 	Couldn't measure a consistent frame rate.
  - Is your graphics card set to sync to vertical blank?
  - Are you running other processes on your computer?

25.9182 	EXP 	Created text = TextStim(__class__=<class 'psychopy.visual.text.TextStim'>, alignHoriz=method-wrapper(...), alignText='center', alignVert=method-wrapper(...), anchorHoriz='center', anchorVert='center', antialias=True, autoLog=True, bold=False, color='white', colorSpace='named', contrast=1.0, depth=0.0, flipHoriz=False, flipVert=False, font='Arial', fontFiles=[], height=0.1, italic=False, languageStyle='LTR', name='text', opacity=1.0, ori=0, pos=array([0., 0.]), rgb=array([255., 255., 255.]), text='press space to start\n', units='height', win=Window(...), wrapWidth=1)
25.9448 	EXP 	Sound sound_1 set volume 1.000
25.9736 	EXP 	text: autoDraw = True
25.9736 	EXP 	text: autoDraw = False
26.0765 	DATA 	Mouse: Left button down, pos=(698,2)
26.1833 	DATA 	Mouse:  Left button up, pos=(698,2)
26.3960 	WARNING 	Increasing number of minimum required reversals to the number of step sizes, (5).
26.3987 	DATA 	Keypress: space
26.4190 	EXP 	text: autoDraw = False
27.7336 	DATA 	Keypress: u
28.4244 	DATA 	Keypress: u
29.1453 	DATA 	Keypress: u
29.9469 	DATA 	Keypress: u
30.5183 	DATA 	Keypress: u
30.9877 	DATA 	Keypress: u
33.9579 	DATA 	Keypress: escape
34.2577 	EXP 	window1: mouseVisible = True
