3.4866 	WARNING 	We strongly recommend you activate the PTB sound engine in PsychoPy prefs as the preferred audio engine. Its timing is vastly superior. Your prefs are currently set to use ['sounddevice', 'PTB', 'pyo', 'pygame'] (in that order).
13.4820 	WARNING 	Couldn't measure a consistent frame rate.
  - Is your graphics card set to sync to vertical blank?
  - Are you running other processes on your computer?

13.4823 	EXP 	Created window1 = Window(allowGUI=False, allowStencil=False, args=UNKNOWN, autoLog=True, bitsMode=UNKNOWN, blendMode='avg', bpc=(8, 8, 8), color=array([0., 0., 0.]), colorSpace='rgb', depthBits=8, fullscr=<method-wrapper '__getattribute__' of attributeSetter object at 0x000001B6AEEBCCF8>, gamma=None, gammaErrorPolicy='raise', kwargs=UNKNOWN, lms=UNKNOWN, monitor=<psychopy.monitors.calibTools.Monitor object at 0x000001B6AEF365C0>, multiSample=False, name='window1', numSamples=2, pos=[0.0, 0.0], screen=0, size=array([1366,  768]), stencilBits=0, stereo=False, units='height', useFBO=True, useRetina=False, viewOri=0.0, viewPos=None, viewScale=None, waitBlanking=True, winType='pyglet')
13.4824 	EXP 	window1: recordFrameIntervals = False
13.6417 	EXP 	window1: recordFrameIntervals = True
13.6817 	WARNING 	t of last frame was 26.68ms (=1/37)
13.7617 	WARNING 	t of last frame was 26.46ms (=1/37)
13.8284 	WARNING 	t of last frame was 26.60ms (=1/37)
13.8952 	WARNING 	t of last frame was 26.66ms (=1/37)
13.9619 	WARNING 	Multiple dropped frames have occurred - I'll stop bothering you about them!
15.3092 	WARNING 	Couldn't measure a consistent frame rate.
  - Is your graphics card set to sync to vertical blank?
  - Are you running other processes on your computer?

16.6075 	EXP 	Created text = TextStim(__class__=<class 'psychopy.visual.text.TextStim'>, alignHoriz=method-wrapper(...), alignText='center', alignVert=method-wrapper(...), anchorHoriz='center', anchorVert='center', antialias=True, autoLog=True, bold=False, color='white', colorSpace='named', contrast=1.0, depth=0.0, flipHoriz=False, flipVert=False, font='Arial', fontFiles=[], height=1, italic=False, languageStyle='LTR', name='text', opacity=1.0, ori=0, pos=array([0., 0.]), rgb=array([255., 255., 255.]), text='Press space to start\n', units='height', win=Window(...), wrapWidth=1)
16.6311 	EXP 	Sound sound_1 set volume 1.000
16.6488 	EXP 	Created text_2 = TextStim(__class__=<class 'psychopy.visual.text.TextStim'>, alignHoriz=method-wrapper(...), alignText='center', alignVert=method-wrapper(...), anchorHoriz='center', anchorVert='center', antialias=True, autoLog=True, bold=False, color='white', colorSpace='named', contrast=1.0, depth=-3.0, flipHoriz=False, flipVert=False, font='Arial', fontFiles=[], height=0.1, italic=False, languageStyle='LTR', name='text_2', opacity=1.0, ori=0, pos=array([0., 0.]), rgb=array([255., 255., 255.]), text='default text', units='height', win=Window(...), wrapWidth=1)
16.6757 	EXP 	text: autoDraw = True
16.6757 	EXP 	text: autoDraw = False
21.8847 	EXP 	Created sequence: random, trialTypes=1, nReps=1000, seed=None
21.8882 	EXP 	New trial (rep=0, index=0): None
21.9069 	DATA 	Keypress: space
21.9130 	EXP 	text: autoDraw = False
21.9130 	EXP 	text_2: autoDraw = True
22.9121 	EXP 	text_2: autoDraw = False
24.3032 	DATA 	Keypress: up
26.0773 	DATA 	Keypress: u
26.1243 	EXP 	New trial (rep=1, index=0): None
26.1368 	EXP 	text_2: autoDraw = False
26.1368 	EXP 	text_2: autoDraw = True
27.1401 	EXP 	text_2: autoDraw = False
27.3883 	EXP 	New trial (rep=2, index=0): None
27.3970 	DATA 	Keypress: u
27.3994 	EXP 	text_2: autoDraw = False
27.3994 	EXP 	text_2: autoDraw = True
27.7744 	DATA 	Keypress: u
27.8040 	EXP 	New trial (rep=3, index=0): None
27.8140 	EXP 	text_2: autoDraw = False
27.8140 	EXP 	text_2: autoDraw = True
28.8205 	EXP 	text_2: autoDraw = False
30.6690 	EXP 	New trial (rep=4, index=0): None
30.6807 	EXP 	text_2: autoDraw = False
30.6807 	EXP 	text_2: autoDraw = True
31.6882 	EXP 	text_2: autoDraw = False
33.1200 	EXP 	window1: mouseVisible = True
