3.3729 	WARNING 	We strongly recommend you activate the PTB sound engine in PsychoPy prefs as the preferred audio engine. Its timing is vastly superior. Your prefs are currently set to use ['sounddevice', 'PTB', 'pyo', 'pygame'] (in that order).
20.0150 	WARNING 	Couldn't measure a consistent frame rate.
  - Is your graphics card set to sync to vertical blank?
  - Are you running other processes on your computer?

20.0152 	EXP 	Created window1 = Window(allowGUI=False, allowStencil=False, args=UNKNOWN, autoLog=True, bitsMode=UNKNOWN, blendMode='avg', bpc=(8, 8, 8), color=array([0., 0., 0.]), colorSpace='rgb', depthBits=8, fullscr=<method-wrapper '__getattribute__' of attributeSetter object at 0x00000269F50DCCF8>, gamma=None, gammaErrorPolicy='raise', kwargs=UNKNOWN, lms=UNKNOWN, monitor=<psychopy.monitors.calibTools.Monitor object at 0x00000269F51565C0>, multiSample=False, name='window1', numSamples=2, pos=[0.0, 0.0], screen=0, size=array([1366,  768]), stencilBits=0, stereo=False, units='height', useFBO=True, useRetina=False, viewOri=0.0, viewPos=None, viewScale=None, waitBlanking=True, winType='pyglet')
20.0153 	EXP 	window1: recordFrameIntervals = False
20.1750 	EXP 	window1: recordFrameIntervals = True
20.2149 	WARNING 	t of last frame was 26.82ms (=1/37)
20.2809 	WARNING 	t of last frame was 26.28ms (=1/38)
20.3481 	WARNING 	t of last frame was 26.81ms (=1/37)
20.4155 	WARNING 	t of last frame was 27.49ms (=1/36)
20.4816 	WARNING 	Multiple dropped frames have occurred - I'll stop bothering you about them!
21.8421 	WARNING 	Couldn't measure a consistent frame rate.
  - Is your graphics card set to sync to vertical blank?
  - Are you running other processes on your computer?

23.0670 	EXP 	Created text = TextStim(__class__=<class 'psychopy.visual.text.TextStim'>, alignHoriz=method-wrapper(...), alignText='center', alignVert=method-wrapper(...), anchorHoriz='center', anchorVert='center', antialias=True, autoLog=True, bold=False, color='white', colorSpace='named', contrast=1.0, depth=0.0, flipHoriz=False, flipVert=False, font='Arial', fontFiles=[], height=1, italic=False, languageStyle='LTR', name='text', opacity=1.0, ori=0, pos=array([0., 0.]), rgb=array([255., 255., 255.]), text='Press space to start\n', units='height', win=Window(...), wrapWidth=1)
23.0902 	EXP 	Sound sound_1 set volume 1.000
23.1080 	EXP 	Created text_2 = TextStim(__class__=<class 'psychopy.visual.text.TextStim'>, alignHoriz=method-wrapper(...), alignText='center', alignVert=method-wrapper(...), anchorHoriz='center', anchorVert='center', antialias=True, autoLog=True, bold=False, color='white', colorSpace='named', contrast=1.0, depth=-3.0, flipHoriz=False, flipVert=False, font='Arial', fontFiles=[], height=0.1, italic=False, languageStyle='LTR', name='text_2', opacity=1.0, ori=0, pos=array([0., 0.]), rgb=array([255., 255., 255.]), text='default text', units='height', win=Window(...), wrapWidth=1)
23.1362 	EXP 	text: autoDraw = True
23.1362 	EXP 	text: autoDraw = False
25.7490 	EXP 	Created sequence: random, trialTypes=1, nReps=1000, seed=None
25.7528 	EXP 	New trial (rep=0, index=0): None
25.7555 	DATA 	Keypress: space
25.7579 	EXP 	text: autoDraw = False
25.7579 	EXP 	text_2: autoDraw = True
25.7579 	EXP 	text_2: autoDraw = False
27.2004 	EXP 	New trial (rep=1, index=0): None
27.2033 	DATA 	Keypress: u
27.2060 	EXP 	text_2: autoDraw = False
27.2060 	EXP 	text_2: autoDraw = True
27.2060 	EXP 	text_2: autoDraw = False
28.0395 	EXP 	New trial (rep=2, index=0): None
28.0433 	DATA 	Keypress: u
28.0455 	EXP 	text_2: autoDraw = False
28.0455 	EXP 	text_2: autoDraw = True
28.0455 	EXP 	text_2: autoDraw = False
28.6347 	DATA 	Keypress: u
28.6799 	EXP 	New trial (rep=3, index=0): None
28.6848 	EXP 	text_2: autoDraw = False
28.6848 	EXP 	text_2: autoDraw = True
28.6848 	EXP 	text_2: autoDraw = False
30.4354 	DATA 	Keypress: escape
30.6858 	EXP 	window1: mouseVisible = True
