2.9183 	WARNING 	We strongly recommend you activate the PTB sound engine in PsychoPy prefs as the preferred audio engine. Its timing is vastly superior. Your prefs are currently set to use ['sounddevice', 'PTB', 'pyo', 'pygame'] (in that order).
11.9064 	WARNING 	User requested fullscreen with size [1024  768], but screen is actually [1366, 768]. Using actual size
15.8448 	WARNING 	Couldn't measure a consistent frame rate.
  - Is your graphics card set to sync to vertical blank?
  - Are you running other processes on your computer?

15.8450 	EXP 	Created window1 = Window(allowGUI=False, allowStencil=False, args=UNKNOWN, autoLog=True, bitsMode=UNKNOWN, blendMode='avg', bpc=(8, 8, 8), color=array([0., 0., 0.]), colorSpace='rgb', depthBits=8, fullscr=<method-wrapper '__getattribute__' of attributeSetter object at 0x0000020CAF1C67B8>, gamma=None, gammaErrorPolicy='raise', kwargs=UNKNOWN, lms=UNKNOWN, monitor=<psychopy.monitors.calibTools.Monitor object at 0x0000020CAF233080>, multiSample=False, name='window1', numSamples=2, pos=[0.0, 0.0], screen=0, size=array([1366,  768]), stencilBits=0, stereo=False, units='height', useFBO=True, useRetina=False, viewOri=0.0, viewPos=None, viewScale=None, waitBlanking=True, winType='pyglet')
15.8451 	EXP 	window1: recordFrameIntervals = False
16.0049 	EXP 	window1: recordFrameIntervals = True
16.0979 	WARNING 	t of last frame was 26.48ms (=1/37)
16.1646 	WARNING 	t of last frame was 26.31ms (=1/38)
16.2313 	WARNING 	t of last frame was 26.62ms (=1/37)
16.2978 	WARNING 	t of last frame was 26.15ms (=1/38)
16.3646 	WARNING 	Multiple dropped frames have occurred - I'll stop bothering you about them!
17.6721 	WARNING 	Couldn't measure a consistent frame rate.
  - Is your graphics card set to sync to vertical blank?
  - Are you running other processes on your computer?

17.8016 	EXP 	Sound sound_1 set volume 0.800
18.8211 	WARNING 	Got keycode {} but that code isn't yet known
18.8211 	WARNING 	Keypress was given unknown key code (176)
19.8082 	WARNING 	Got keycode {} but that code isn't yet known
19.8082 	WARNING 	Keypress was given unknown key code (176)
20.3555 	WARNING 	Got keycode {} but that code isn't yet known
20.3555 	WARNING 	Keypress was given unknown key code (176)
20.7822 	WARNING 	Got keycode {} but that code isn't yet known
20.7822 	WARNING 	Keypress was given unknown key code (176)
21.2219 	WARNING 	Got keycode {} but that code isn't yet known
21.2219 	WARNING 	Keypress was given unknown key code (176)
21.6093 	WARNING 	Got keycode {} but that code isn't yet known
21.6093 	WARNING 	Keypress was given unknown key code (176)
21.9559 	WARNING 	Got keycode {} but that code isn't yet known
21.9559 	WARNING 	Keypress was given unknown key code (176)
22.3295 	WARNING 	Got keycode {} but that code isn't yet known
22.3295 	WARNING 	Keypress was given unknown key code (176)
22.7293 	WARNING 	Got keycode {} but that code isn't yet known
22.7293 	WARNING 	Keypress was given unknown key code (176)
23.0890 	WARNING 	Got keycode {} but that code isn't yet known
23.0890 	WARNING 	Keypress was given unknown key code (176)
23.4631 	WARNING 	Got keycode {} but that code isn't yet known
23.4631 	WARNING 	Keypress was given unknown key code (176)
23.7693 	WARNING 	Got keycode {} but that code isn't yet known
23.7693 	WARNING 	Keypress was given unknown key code (176)
24.1433 	WARNING 	Got keycode {} but that code isn't yet known
24.1433 	WARNING 	Keypress was given unknown key code (176)
24.5171 	WARNING 	Got keycode {} but that code isn't yet known
24.5171 	WARNING 	Keypress was given unknown key code (176)
24.8758 	WARNING 	Got keycode {} but that code isn't yet known
24.8759 	WARNING 	Keypress was given unknown key code (176)
26.0113 	WARNING 	Got keycode {} but that code isn't yet known
26.0113 	WARNING 	Keypress was given unknown key code (176)
26.2911 	WARNING 	Got keycode {} but that code isn't yet known
26.2911 	WARNING 	Keypress was given unknown key code (176)
26.7565 	WARNING 	Got keycode {} but that code isn't yet known
26.7565 	WARNING 	Keypress was given unknown key code (176)
27.8475 	EXP 	window1: mouseVisible = True
