3.8542 	WARNING 	We strongly recommend you activate the PTB sound engine in PsychoPy prefs as the preferred audio engine. Its timing is vastly superior. Your prefs are currently set to use ['sounddevice', 'PTB', 'pyo', 'pygame'] (in that order).
17.6155 	WARNING 	Couldn't measure a consistent frame rate.
  - Is your graphics card set to sync to vertical blank?
  - Are you running other processes on your computer?

17.6158 	EXP 	Created window1 = Window(allowGUI=False, allowStencil=False, args=UNKNOWN, autoLog=True, bitsMode=UNKNOWN, blendMode='avg', bpc=(8, 8, 8), color=array([0., 0., 0.]), colorSpace='rgb', depthBits=8, fullscr=<method-wrapper '__getattribute__' of attributeSetter object at 0x000001816A98EBA8>, gamma=None, gammaErrorPolicy='raise', kwargs=UNKNOWN, lms=UNKNOWN, monitor=<psychopy.monitors.calibTools.Monitor object at 0x000001816AA06470>, multiSample=False, name='window1', numSamples=2, pos=[0.0, 0.0], screen=0, size=array([1366,  768]), stencilBits=0, stereo=False, units='height', useFBO=True, useRetina=False, viewOri=0.0, viewPos=None, viewScale=None, waitBlanking=True, winType='pyglet')
17.6158 	EXP 	window1: recordFrameIntervals = False
17.7887 	EXP 	window1: recordFrameIntervals = True
17.8422 	WARNING 	t of last frame was 26.95ms (=1/37)
17.9087 	WARNING 	t of last frame was 26.53ms (=1/37)
17.9760 	WARNING 	t of last frame was 27.24ms (=1/36)
18.0424 	WARNING 	t of last frame was 26.81ms (=1/37)
18.1092 	WARNING 	Multiple dropped frames have occurred - I'll stop bothering you about them!
19.1899 	DATA 	Keypress: space
19.4561 	WARNING 	Couldn't measure a consistent frame rate.
  - Is your graphics card set to sync to vertical blank?
  - Are you running other processes on your computer?

19.6669 	EXP 	Created text = TextStim(__class__=<class 'psychopy.visual.text.TextStim'>, alignHoriz=method-wrapper(...), alignText='center', alignVert=method-wrapper(...), anchorHoriz='center', anchorVert='center', antialias=True, autoLog=True, bold=False, color='white', colorSpace='named', contrast=1.0, depth=0.0, flipHoriz=False, flipVert=False, font='Arial', fontFiles=[], height=0.1, italic=False, languageStyle='LTR', name='text', opacity=1.0, ori=0, pos=array([0., 0.]), rgb=array([255., 255., 255.]), text='press space to start\n', units='height', win=Window(...), wrapWidth=1)
19.6802 	EXP 	Sound sound_1 set volume 1.000
19.7069 	EXP 	text: autoDraw = True
19.7069 	EXP 	text: autoDraw = False
20.7018 	DATA 	Mouse: Left button down, pos=(1026,353)
20.8601 	DATA 	Mouse:  Left button up, pos=(1012,353)
21.7141 	DATA 	Keypress: u
22.8057 	WARNING 	Got keycode {} but that code isn't yet known
22.8058 	WARNING 	Keypress was given unknown key code (174)
23.3660 	WARNING 	Got keycode {} but that code isn't yet known
23.3661 	WARNING 	Keypress was given unknown key code (176)
24.8614 	DATA 	Mouse: Left button down, pos=(784,1)
24.9957 	DATA 	Mouse:  Left button up, pos=(790,1)
25.3158 	DATA 	Keypress: space
25.3360 	EXP 	Created sequence: random, trialTypes=1, nReps=1000, seed=None
25.3393 	EXP 	New trial (rep=0, index=0): None
25.3443 	EXP 	text: autoDraw = False
26.4752 	DATA 	Keypress: d
26.5176 	EXP 	New trial (rep=1, index=0): None
27.7175 	DATA 	Keypress: d
27.7434 	EXP 	New trial (rep=2, index=0): None
27.8637 	DATA 	Mouse: Left button down, pos=(801,1)
28.0766 	DATA 	Mouse:  Left button up, pos=(801,1)
28.4499 	EXP 	New trial (rep=3, index=0): None
28.4534 	DATA 	Keypress: d
28.8642 	EXP 	New trial (rep=4, index=0): None
28.8671 	DATA 	Keypress: d
29.0782 	EXP 	New trial (rep=5, index=0): None
29.0815 	DATA 	Keypress: d
29.5039 	EXP 	New trial (rep=6, index=0): None
29.5067 	DATA 	Keypress: d
29.6636 	EXP 	New trial (rep=7, index=0): None
29.6664 	DATA 	Keypress: d
29.8248 	EXP 	New trial (rep=8, index=0): None
29.8272 	DATA 	Keypress: d
29.9588 	DATA 	Keypress: d
29.9976 	EXP 	New trial (rep=9, index=0): None
30.1173 	DATA 	Keypress: d
30.1442 	EXP 	New trial (rep=10, index=0): None
30.5300 	EXP 	New trial (rep=11, index=0): None
30.5330 	DATA 	Keypress: d
30.6781 	EXP 	New trial (rep=12, index=0): None
30.6822 	DATA 	Keypress: d
31.2104 	EXP 	New trial (rep=13, index=0): None
31.2148 	DATA 	Keypress: d
31.4249 	EXP 	New trial (rep=14, index=0): None
31.4281 	DATA 	Keypress: d
31.5851 	EXP 	New trial (rep=15, index=0): None
31.5882 	DATA 	Keypress: d
32.0816 	EXP 	New trial (rep=16, index=0): None
32.0835 	DATA 	Keypress: d
32.2782 	EXP 	New trial (rep=17, index=0): None
32.2819 	DATA 	Keypress: d
32.4395 	EXP 	New trial (rep=18, index=0): None
32.4422 	DATA 	Keypress: d
32.5726 	DATA 	Keypress: d
32.6119 	EXP 	New trial (rep=19, index=0): None
32.7460 	EXP 	New trial (rep=20, index=0): None
32.7487 	DATA 	Keypress: d
33.2142 	EXP 	New trial (rep=21, index=0): None
33.2169 	DATA 	Keypress: d
33.6380 	EXP 	New trial (rep=22, index=0): None
33.6412 	DATA 	Keypress: d
33.8266 	EXP 	New trial (rep=23, index=0): None
33.8292 	DATA 	Keypress: d
34.0257 	EXP 	New trial (rep=24, index=0): None
34.0292 	DATA 	Keypress: d
34.1736 	DATA 	Keypress: d
34.1984 	EXP 	New trial (rep=25, index=0): None
34.7189 	EXP 	New trial (rep=26, index=0): None
34.7223 	DATA 	Keypress: d
35.3731 	EXP 	New trial (rep=27, index=0): None
35.3760 	DATA 	Keypress: d
43.9085 	DATA 	Keypress: lalt
46.8546 	WARNING 	Got keycode {} but that code isn't yet known
46.8546 	WARNING 	Keypress was given unknown key code (176)
48.0309 	EXP 	New trial (rep=28, index=0): None
48.1641 	EXP 	New trial (rep=29, index=0): None
48.2973 	EXP 	New trial (rep=30, index=0): None
48.4315 	EXP 	New trial (rep=31, index=0): None
48.5657 	EXP 	New trial (rep=32, index=0): None
48.7130 	EXP 	New trial (rep=33, index=0): None
48.8581 	EXP 	New trial (rep=34, index=0): None
48.9804 	EXP 	New trial (rep=35, index=0): None
49.1261 	EXP 	New trial (rep=36, index=0): None
50.2447 	EXP 	New trial (rep=37, index=0): None
50.5114 	EXP 	New trial (rep=38, index=0): None
50.7404 	EXP 	New trial (rep=39, index=0): None
51.0999 	EXP 	New trial (rep=40, index=0): None
51.3410 	EXP 	New trial (rep=41, index=0): None
51.5256 	EXP 	New trial (rep=42, index=0): None
52.9254 	EXP 	New trial (rep=43, index=0): None
60.4925 	DATA 	Mouse: Left button down, pos=(489,424)
60.6093 	DATA 	Mouse:  Left button up, pos=(489,424)
62.1160 	EXP 	New trial (rep=44, index=0): None
62.1188 	DATA 	Keypress: d
63.2496 	EXP 	New trial (rep=45, index=0): None
63.2524 	DATA 	Keypress: d
63.6224 	DATA 	Keypress: lalt
65.5883 	DATA 	Mouse: Left button down, pos=(881,370)
65.7964 	DATA 	Mouse:  Left button up, pos=(881,370)
66.1435 	EXP 	New trial (rep=46, index=0): None
66.1465 	DATA 	Keypress: d
66.8785 	EXP 	New trial (rep=47, index=0): None
66.8805 	DATA 	Keypress: d
68.5715 	EXP 	New trial (rep=48, index=0): None
68.5758 	DATA 	Keypress: d
73.4007 	DATA 	Keypress: u
73.4260 	EXP 	New trial (rep=49, index=0): None
75.3476 	EXP 	New trial (rep=50, index=0): None
75.3503 	DATA 	Keypress: d
84.9276 	DATA 	Mouse: Left button down, pos=(866,547)
85.1647 	DATA 	Mouse:  Left button up, pos=(866,547)
86.8178 	DATA 	Keypress: lalt
88.7007 	DATA 	Mouse: Left button down, pos=(969,587)
88.8058 	DATA 	Mouse:  Left button up, pos=(969,587)
89.2058 	EXP 	New trial (rep=51, index=0): None
89.2088 	DATA 	Keypress: u
89.8722 	DATA 	Keypress: u
89.8992 	EXP 	New trial (rep=52, index=0): None
90.4720 	EXP 	New trial (rep=53, index=0): None
90.4743 	DATA 	Keypress: u
90.9801 	EXP 	New trial (rep=54, index=0): None
90.9829 	DATA 	Keypress: u
91.4999 	EXP 	New trial (rep=55, index=0): None
91.5032 	DATA 	Keypress: u
92.4339 	EXP 	New trial (rep=56, index=0): None
92.4368 	DATA 	Keypress: d
103.4101 	DATA 	Keypress: lalt
107.9336 	EXP 	New trial (rep=57, index=0): None
126.4604 	EXP 	New trial (rep=58, index=0): None
126.6459 	EXP 	New trial (rep=59, index=0): None
126.7792 	EXP 	New trial (rep=60, index=0): None
126.9253 	EXP 	New trial (rep=61, index=0): None
127.0596 	EXP 	New trial (rep=62, index=0): None
127.1918 	EXP 	New trial (rep=63, index=0): None
127.3797 	EXP 	New trial (rep=64, index=0): None
129.1672 	EXP 	New trial (rep=65, index=0): None
129.3019 	EXP 	New trial (rep=66, index=0): None
129.3955 	EXP 	New trial (rep=67, index=0): None
130.7027 	EXP 	window1: mouseVisible = True
