3.1387 	WARNING 	We strongly recommend you activate the PTB sound engine in PsychoPy prefs as the preferred audio engine. Its timing is vastly superior. Your prefs are currently set to use ['sounddevice', 'PTB', 'pyo', 'pygame'] (in that order).
7.6971 	WARNING 	User requested fullscreen with size [1024  768], but screen is actually [1366, 768]. Using actual size
11.7572 	WARNING 	Couldn't measure a consistent frame rate.
  - Is your graphics card set to sync to vertical blank?
  - Are you running other processes on your computer?

11.7576 	EXP 	Created window1 = Window(allowGUI=False, allowStencil=False, args=UNKNOWN, autoLog=True, bitsMode=UNKNOWN, blendMode='avg', bpc=(8, 8, 8), color=array([0., 0., 0.]), colorSpace='rgb', depthBits=8, fullscr=<method-wrapper '__getattribute__' of attributeSetter object at 0x0000020B19E52908>, gamma=None, gammaErrorPolicy='raise', kwargs=UNKNOWN, lms=UNKNOWN, monitor=<psychopy.monitors.calibTools.Monitor object at 0x0000020B19EC41D0>, multiSample=False, name='window1', numSamples=2, pos=[0.0, 0.0], screen=0, size=array([1366,  768]), stencilBits=0, stereo=False, units='height', useFBO=True, useRetina=False, viewOri=0.0, viewPos=None, viewScale=None, waitBlanking=True, winType='pyglet')
11.7576 	EXP 	window1: recordFrameIntervals = False
11.9301 	EXP 	window1: recordFrameIntervals = True
11.9837 	WARNING 	t of last frame was 26.93ms (=1/37)
12.0503 	WARNING 	t of last frame was 26.54ms (=1/37)
12.1174 	WARNING 	t of last frame was 26.88ms (=1/37)
12.1838 	WARNING 	t of last frame was 26.60ms (=1/37)
12.2505 	WARNING 	Multiple dropped frames have occurred - I'll stop bothering you about them!
13.5978 	WARNING 	Couldn't measure a consistent frame rate.
  - Is your graphics card set to sync to vertical blank?
  - Are you running other processes on your computer?

13.7292 	EXP 	Sound sound_1 set volume 1.000
13.7376 	EXP 	Created sequence: random, trialTypes=1, nReps=1000, seed=None
13.7412 	EXP 	New trial (rep=0, index=0): None
16.0832 	DATA 	Keypress: u
16.1113 	EXP 	New trial (rep=1, index=0): None
19.5619 	WARNING 	Got keycode {} but that code isn't yet known
19.5619 	WARNING 	Keypress was given unknown key code (176)
19.9621 	WARNING 	Got keycode {} but that code isn't yet known
19.9622 	WARNING 	Keypress was given unknown key code (174)
21.1345 	EXP 	New trial (rep=2, index=0): None
22.2201 	EXP 	New trial (rep=3, index=0): None
22.2231 	DATA 	Keypress: u
24.2861 	EXP 	New trial (rep=4, index=0): None
24.2889 	DATA 	Keypress: u
25.5671 	EXP 	New trial (rep=5, index=0): None
25.5709 	DATA 	Keypress: u
27.2227 	EXP 	New trial (rep=6, index=0): None
27.2257 	DATA 	Keypress: u
28.4876 	EXP 	New trial (rep=7, index=0): None
28.4906 	DATA 	Keypress: u
29.9674 	EXP 	New trial (rep=8, index=0): None
29.9706 	DATA 	Keypress: u
30.7406 	EXP 	New trial (rep=9, index=0): None
30.7436 	DATA 	Keypress: u
31.5153 	EXP 	New trial (rep=10, index=0): None
31.5183 	DATA 	Keypress: u
34.6608 	WARNING 	Got keycode {} but that code isn't yet known
34.6609 	WARNING 	Keypress was given unknown key code (174)
35.2078 	WARNING 	Got keycode {} but that code isn't yet known
35.2078 	WARNING 	Keypress was given unknown key code (176)
36.5407 	EXP 	New trial (rep=11, index=0): None
36.7950 	WARNING 	Got keycode {} but that code isn't yet known
36.7950 	WARNING 	Keypress was given unknown key code (176)
37.5550 	WARNING 	Got keycode {} but that code isn't yet known
37.5550 	WARNING 	Keypress was given unknown key code (176)
39.6096 	WARNING 	Got keycode {} but that code isn't yet known
39.6097 	WARNING 	Keypress was given unknown key code (176)
40.7313 	EXP 	New trial (rep=12, index=0): None
40.7338 	DATA 	Keypress: d
40.9314 	EXP 	New trial (rep=13, index=0): None
40.9342 	DATA 	Keypress: d
41.0786 	DATA 	Keypress: d
41.1060 	EXP 	New trial (rep=14, index=0): None
41.2514 	EXP 	New trial (rep=15, index=0): None
41.2546 	DATA 	Keypress: d
41.3986 	EXP 	New trial (rep=16, index=0): None
41.4015 	DATA 	Keypress: d
41.5866 	EXP 	New trial (rep=17, index=0): None
41.5895 	DATA 	Keypress: d
42.1329 	EXP 	New trial (rep=18, index=0): None
42.1367 	DATA 	Keypress: d
42.3067 	EXP 	New trial (rep=19, index=0): None
42.3092 	DATA 	Keypress: d
42.4122 	DATA 	Keypress: d
42.4387 	EXP 	New trial (rep=20, index=0): None
42.5714 	EXP 	New trial (rep=21, index=0): None
42.5735 	DATA 	Keypress: d
43.0246 	WARNING 	Got keycode {} but that code isn't yet known
43.0246 	WARNING 	Keypress was given unknown key code (176)
43.6376 	WARNING 	Got keycode {} but that code isn't yet known
43.6377 	WARNING 	Keypress was given unknown key code (176)
45.7192 	EXP 	New trial (rep=22, index=0): None
45.7228 	DATA 	Keypress: d
50.3755 	EXP 	New trial (rep=23, index=0): None
50.3783 	DATA 	Keypress: u
50.5086 	DATA 	Keypress: u
50.5490 	EXP 	New trial (rep=24, index=0): None
50.6549 	EXP 	New trial (rep=25, index=0): None
50.6578 	DATA 	Keypress: u
50.8166 	EXP 	New trial (rep=26, index=0): None
50.8196 	DATA 	Keypress: u
50.9502 	EXP 	New trial (rep=27, index=0): None
50.9534 	DATA 	Keypress: u
51.0959 	EXP 	New trial (rep=28, index=0): None
51.0982 	DATA 	Keypress: u
51.2309 	EXP 	New trial (rep=29, index=0): None
51.2342 	DATA 	Keypress: u
51.3759 	EXP 	New trial (rep=30, index=0): None
51.3787 	DATA 	Keypress: u
51.5215 	EXP 	New trial (rep=31, index=0): None
51.5252 	DATA 	Keypress: u
51.6682 	EXP 	New trial (rep=32, index=0): None
51.6709 	DATA 	Keypress: u
51.7888 	EXP 	New trial (rep=33, index=0): None
51.7916 	DATA 	Keypress: u
51.9223 	EXP 	New trial (rep=34, index=0): None
51.9247 	DATA 	Keypress: u
52.0745 	EXP 	New trial (rep=35, index=0): None
52.0781 	DATA 	Keypress: u
52.2330 	EXP 	New trial (rep=36, index=0): None
52.2362 	DATA 	Keypress: u
52.3633 	EXP 	New trial (rep=37, index=0): None
52.3655 	DATA 	Keypress: u
52.5093 	EXP 	New trial (rep=38, index=0): None
52.5124 	DATA 	Keypress: u
52.6568 	EXP 	New trial (rep=39, index=0): None
52.6602 	DATA 	Keypress: u
52.8033 	EXP 	New trial (rep=40, index=0): None
52.8062 	DATA 	Keypress: u
52.9364 	EXP 	New trial (rep=41, index=0): None
52.9395 	DATA 	Keypress: u
53.0979 	EXP 	New trial (rep=42, index=0): None
53.1011 	DATA 	Keypress: u
53.2433 	EXP 	New trial (rep=43, index=0): None
53.2461 	DATA 	Keypress: u
53.3625 	DATA 	Keypress: u
53.3934 	EXP 	New trial (rep=44, index=0): None
53.5369 	EXP 	New trial (rep=45, index=0): None
53.5401 	DATA 	Keypress: u
53.6831 	EXP 	New trial (rep=46, index=0): None
53.6856 	DATA 	Keypress: u
53.8432 	EXP 	New trial (rep=47, index=0): None
53.8458 	DATA 	Keypress: u
53.9790 	EXP 	New trial (rep=48, index=0): None
53.9826 	DATA 	Keypress: u
54.0968 	DATA 	Keypress: u
54.1246 	EXP 	New trial (rep=49, index=0): None
54.2571 	DATA 	Keypress: u
54.2823 	EXP 	New trial (rep=50, index=0): None
54.4169 	EXP 	New trial (rep=51, index=0): None
54.4200 	DATA 	Keypress: u
54.5767 	EXP 	New trial (rep=52, index=0): None
54.5797 	DATA 	Keypress: u
54.7101 	EXP 	New trial (rep=53, index=0): None
54.7129 	DATA 	Keypress: u
54.8719 	EXP 	New trial (rep=54, index=0): None
54.8749 	DATA 	Keypress: u
56.3113 	DATA 	Keypress: d
56.3378 	EXP 	New trial (rep=55, index=0): None
56.4709 	DATA 	Keypress: d
56.4972 	EXP 	New trial (rep=56, index=0): None
56.6175 	DATA 	Keypress: d
56.6577 	EXP 	New trial (rep=57, index=0): None
56.7505 	EXP 	New trial (rep=58, index=0): None
56.7536 	DATA 	Keypress: d
56.8714 	DATA 	Keypress: d
56.8968 	EXP 	New trial (rep=59, index=0): None
57.0308 	EXP 	New trial (rep=60, index=0): None
57.0346 	DATA 	Keypress: d
57.1913 	EXP 	New trial (rep=61, index=0): None
57.1937 	DATA 	Keypress: d
57.3133 	DATA 	Keypress: d
57.3376 	EXP 	New trial (rep=62, index=0): None
57.4708 	EXP 	New trial (rep=63, index=0): None
57.4743 	DATA 	Keypress: d
57.6175 	EXP 	New trial (rep=64, index=0): None
57.6207 	DATA 	Keypress: d
57.7511 	EXP 	New trial (rep=65, index=0): None
57.7543 	DATA 	Keypress: d
57.8977 	EXP 	New trial (rep=66, index=0): None
57.9009 	DATA 	Keypress: d
58.0589 	EXP 	New trial (rep=67, index=0): None
58.0619 	DATA 	Keypress: d
58.1777 	DATA 	Keypress: d
58.2062 	EXP 	New trial (rep=68, index=0): None
58.3255 	DATA 	Keypress: d
58.3513 	EXP 	New trial (rep=69, index=0): None
58.4976 	EXP 	New trial (rep=70, index=0): None
58.5001 	DATA 	Keypress: d
58.6321 	DATA 	Keypress: d
58.6716 	EXP 	New trial (rep=71, index=0): None
58.7919 	DATA 	Keypress: d
58.8189 	EXP 	New trial (rep=72, index=0): None
58.9657 	EXP 	New trial (rep=73, index=0): None
58.9686 	DATA 	Keypress: d
59.1383 	EXP 	New trial (rep=74, index=0): None
59.1419 	DATA 	Keypress: d
59.2855 	EXP 	New trial (rep=75, index=0): None
59.2882 	DATA 	Keypress: d
59.4454 	EXP 	New trial (rep=76, index=0): None
59.4478 	DATA 	Keypress: d
59.5663 	EXP 	New trial (rep=77, index=0): None
59.5691 	DATA 	Keypress: d
59.7124 	EXP 	New trial (rep=78, index=0): None
59.7156 	DATA 	Keypress: d
59.8586 	DATA 	Keypress: d
59.8853 	EXP 	New trial (rep=79, index=0): None
60.0049 	DATA 	Keypress: d
60.0320 	EXP 	New trial (rep=80, index=0): None
60.2071 	EXP 	New trial (rep=81, index=0): None
60.2098 	DATA 	Keypress: d
61.6328 	DATA 	Keypress: d
61.6593 	EXP 	New trial (rep=82, index=0): None
61.7916 	EXP 	New trial (rep=83, index=0): None
61.7939 	DATA 	Keypress: d
61.9242 	EXP 	New trial (rep=84, index=0): None
61.9268 	DATA 	Keypress: d
62.0865 	EXP 	New trial (rep=85, index=0): None
62.0896 	DATA 	Keypress: d
62.2191 	EXP 	New trial (rep=86, index=0): None
62.2223 	DATA 	Keypress: d
62.3526 	EXP 	New trial (rep=87, index=0): None
62.3551 	DATA 	Keypress: d
62.4861 	EXP 	New trial (rep=88, index=0): None
62.4897 	DATA 	Keypress: d
62.6193 	DATA 	Keypress: d
62.6463 	EXP 	New trial (rep=89, index=0): None
63.6192 	DATA 	Keypress: u
63.6471 	EXP 	New trial (rep=90, index=0): None
65.1670 	EXP 	New trial (rep=91, index=0): None
65.1700 	DATA 	Keypress: u
67.9409 	WARNING 	Got keycode {} but that code isn't yet known
67.9410 	WARNING 	Keypress was given unknown key code (176)
68.1807 	WARNING 	Got keycode {} but that code isn't yet known
68.1807 	WARNING 	Keypress was given unknown key code (176)
68.3406 	WARNING 	Got keycode {} but that code isn't yet known
68.3406 	WARNING 	Keypress was given unknown key code (176)
68.4855 	WARNING 	Got keycode {} but that code isn't yet known
68.4855 	WARNING 	Keypress was given unknown key code (176)
68.6460 	WARNING 	Got keycode {} but that code isn't yet known
68.6460 	WARNING 	Keypress was given unknown key code (176)
69.8471 	WARNING 	Got keycode {} but that code isn't yet known
69.8471 	WARNING 	Keypress was given unknown key code (176)
70.0066 	WARNING 	Got keycode {} but that code isn't yet known
70.0066 	WARNING 	Keypress was given unknown key code (176)
70.1802 	WARNING 	Got keycode {} but that code isn't yet known
70.1802 	WARNING 	Keypress was given unknown key code (176)
70.1928 	EXP 	New trial (rep=92, index=0): None
70.4605 	WARNING 	Got keycode {} but that code isn't yet known
70.4605 	WARNING 	Keypress was given unknown key code (176)
70.7133 	WARNING 	Got keycode {} but that code isn't yet known
70.7133 	WARNING 	Keypress was given unknown key code (176)
73.0499 	EXP 	New trial (rep=93, index=0): None
73.0528 	DATA 	Keypress: d
73.2382 	EXP 	New trial (rep=94, index=0): None
73.2413 	DATA 	Keypress: d
73.3977 	EXP 	New trial (rep=95, index=0): None
73.4009 	DATA 	Keypress: d
73.5575 	EXP 	New trial (rep=96, index=0): None
73.5611 	DATA 	Keypress: d
75.3585 	EXP 	New trial (rep=97, index=0): None
75.3618 	DATA 	Keypress: u
75.6382 	EXP 	New trial (rep=98, index=0): None
75.6416 	DATA 	Keypress: u
75.9715 	EXP 	New trial (rep=99, index=0): None
75.9745 	DATA 	Keypress: u
77.3189 	EXP 	New trial (rep=100, index=0): None
77.3218 	DATA 	Keypress: u
78.3986 	EXP 	New trial (rep=101, index=0): None
78.4018 	DATA 	Keypress: u
79.4794 	EXP 	New trial (rep=102, index=0): None
79.4823 	DATA 	Keypress: u
80.2803 	EXP 	New trial (rep=103, index=0): None
80.2832 	DATA 	Keypress: u
80.7990 	DATA 	Keypress: u
80.8262 	EXP 	New trial (rep=104, index=0): None
81.1861 	DATA 	Keypress: u
81.2127 	EXP 	New trial (rep=105, index=0): None
81.5332 	EXP 	New trial (rep=106, index=0): None
81.5359 	DATA 	Keypress: u
81.6931 	EXP 	New trial (rep=107, index=0): None
81.6959 	DATA 	Keypress: u
81.8671 	EXP 	New trial (rep=108, index=0): None
81.8692 	DATA 	Keypress: u
82.0672 	EXP 	New trial (rep=109, index=0): None
82.0698 	DATA 	Keypress: u
82.5597 	DATA 	Keypress: u
82.5998 	EXP 	New trial (rep=110, index=0): None
83.0688 	EXP 	New trial (rep=111, index=0): None
83.0723 	DATA 	Keypress: u
83.6406 	EXP 	New trial (rep=112, index=0): None
83.6443 	DATA 	Keypress: u
84.7476 	EXP 	New trial (rep=113, index=0): None
84.7507 	DATA 	Keypress: d
84.9077 	EXP 	New trial (rep=114, index=0): None
84.9103 	DATA 	Keypress: d
85.0806 	EXP 	New trial (rep=115, index=0): None
85.0831 	DATA 	Keypress: d
85.2156 	EXP 	New trial (rep=116, index=0): None
85.2188 	DATA 	Keypress: d
85.3502 	EXP 	New trial (rep=117, index=0): None
85.3533 	DATA 	Keypress: d
85.4821 	EXP 	New trial (rep=118, index=0): None
85.4853 	DATA 	Keypress: d
85.6288 	EXP 	New trial (rep=119, index=0): None
85.6317 	DATA 	Keypress: d
85.7623 	EXP 	New trial (rep=120, index=0): None
85.7654 	DATA 	Keypress: d
85.8952 	EXP 	New trial (rep=121, index=0): None
85.8970 	DATA 	Keypress: d
86.0282 	EXP 	New trial (rep=122, index=0): None
86.0313 	DATA 	Keypress: d
86.1627 	EXP 	New trial (rep=123, index=0): None
86.1656 	DATA 	Keypress: d
87.4285 	WARNING 	Got keycode {} but that code isn't yet known
87.4285 	WARNING 	Keypress was given unknown key code (176)
87.9613 	WARNING 	Got keycode {} but that code isn't yet known
87.9613 	WARNING 	Keypress was given unknown key code (176)
88.1471 	WARNING 	Got keycode {} but that code isn't yet known
88.1472 	WARNING 	Keypress was given unknown key code (176)
88.3733 	WARNING 	Got keycode {} but that code isn't yet known
88.3734 	WARNING 	Keypress was given unknown key code (176)
88.6268 	WARNING 	Got keycode {} but that code isn't yet known
88.6269 	WARNING 	Keypress was given unknown key code (176)
90.2561 	EXP 	New trial (rep=124, index=0): None
90.2592 	DATA 	Keypress: u
90.4714 	EXP 	New trial (rep=125, index=0): None
90.4744 	DATA 	Keypress: u
90.6462 	EXP 	New trial (rep=126, index=0): None
90.6485 	DATA 	Keypress: u
90.8048 	EXP 	New trial (rep=127, index=0): None
90.8076 	DATA 	Keypress: u
90.9532 	EXP 	New trial (rep=128, index=0): None
90.9560 	DATA 	Keypress: u
91.5901 	EXP 	New trial (rep=129, index=0): None
91.5932 	DATA 	Keypress: u
92.1381 	DATA 	Keypress: u
92.1633 	EXP 	New trial (rep=130, index=0): None
92.6980 	EXP 	New trial (rep=131, index=0): None
92.7009 	DATA 	Keypress: u
93.4307 	EXP 	New trial (rep=132, index=0): None
93.4346 	DATA 	Keypress: u
94.0842 	DATA 	Keypress: u
94.1106 	EXP 	New trial (rep=133, index=0): None
94.6851 	EXP 	New trial (rep=134, index=0): None
94.6882 	DATA 	Keypress: u
95.9514 	EXP 	New trial (rep=135, index=0): None
95.9537 	DATA 	Keypress: d
96.0992 	EXP 	New trial (rep=136, index=0): None
96.1022 	DATA 	Keypress: d
96.2216 	EXP 	New trial (rep=137, index=0): None
96.2253 	DATA 	Keypress: d
96.3649 	EXP 	New trial (rep=138, index=0): None
96.3677 	DATA 	Keypress: d
96.4985 	EXP 	New trial (rep=139, index=0): None
96.5010 	DATA 	Keypress: d
96.6190 	DATA 	Keypress: d
96.6457 	EXP 	New trial (rep=140, index=0): None
96.7791 	EXP 	New trial (rep=141, index=0): None
96.7823 	DATA 	Keypress: d
96.9246 	EXP 	New trial (rep=142, index=0): None
96.9277 	DATA 	Keypress: d
97.0456 	DATA 	Keypress: d
97.0872 	EXP 	New trial (rep=143, index=0): None
97.2200 	EXP 	New trial (rep=144, index=0): None
97.2227 	DATA 	Keypress: d
97.3598 	EXP 	New trial (rep=145, index=0): None
97.3631 	DATA 	Keypress: d
97.4738 	DATA 	Keypress: d
97.5008 	EXP 	New trial (rep=146, index=0): None
97.6217 	EXP 	New trial (rep=147, index=0): None
97.6244 	DATA 	Keypress: d
98.8181 	WARNING 	Got keycode {} but that code isn't yet known
98.8181 	WARNING 	Keypress was given unknown key code (176)
99.5115 	WARNING 	Got keycode {} but that code isn't yet known
99.5115 	WARNING 	Keypress was given unknown key code (176)
100.5667 	EXP 	New trial (rep=148, index=0): None
100.7131 	EXP 	New trial (rep=149, index=0): None
100.8733 	EXP 	New trial (rep=150, index=0): None
101.0474 	EXP 	New trial (rep=151, index=0): None
101.9818 	EXP 	New trial (rep=152, index=0): None
102.5537 	EXP 	New trial (rep=153, index=0): None
103.3543 	EXP 	New trial (rep=154, index=0): None
105.2084 	EXP 	New trial (rep=155, index=0): None
106.0755 	EXP 	New trial (rep=156, index=0): None
106.4892 	EXP 	New trial (rep=157, index=0): None
108.4222 	EXP 	New trial (rep=158, index=0): None
108.5566 	EXP 	New trial (rep=159, index=0): None
108.6921 	EXP 	New trial (rep=160, index=0): None
108.8387 	EXP 	New trial (rep=161, index=0): None
108.9854 	EXP 	New trial (rep=162, index=0): None
109.1062 	EXP 	New trial (rep=163, index=0): None
109.2660 	EXP 	New trial (rep=164, index=0): None
109.3986 	EXP 	New trial (rep=165, index=0): None
109.5299 	EXP 	New trial (rep=166, index=0): None
109.6904 	EXP 	New trial (rep=167, index=0): None
109.8241 	EXP 	New trial (rep=168, index=0): None
109.9572 	EXP 	New trial (rep=169, index=0): None
111.1840 	EXP 	New trial (rep=170, index=0): None
112.2783 	EXP 	New trial (rep=171, index=0): None
112.9955 	WARNING 	Got keycode {} but that code isn't yet known
112.9955 	WARNING 	Keypress was given unknown key code (176)
113.7165 	WARNING 	Got keycode {} but that code isn't yet known
113.7165 	WARNING 	Keypress was given unknown key code (176)
115.2097 	WARNING 	Got keycode {} but that code isn't yet known
115.2097 	WARNING 	Keypress was given unknown key code (176)
117.2889 	EXP 	New trial (rep=172, index=0): None
118.5740 	EXP 	New trial (rep=173, index=0): None
119.3477 	EXP 	New trial (rep=174, index=0): None
120.8286 	EXP 	New trial (rep=175, index=0): None
121.7886 	EXP 	New trial (rep=176, index=0): None
123.0812 	EXP 	New trial (rep=177, index=0): None
123.9890 	EXP 	New trial (rep=178, index=0): None
125.6291 	EXP 	New trial (rep=179, index=0): None
127.1501 	EXP 	New trial (rep=180, index=0): None
127.6701 	EXP 	New trial (rep=181, index=0): None
127.8185 	EXP 	New trial (rep=182, index=0): None
127.9635 	EXP 	New trial (rep=183, index=0): None
128.1101 	EXP 	New trial (rep=184, index=0): None
128.2704 	EXP 	New trial (rep=185, index=0): None
128.4038 	EXP 	New trial (rep=186, index=0): None
128.5378 	EXP 	New trial (rep=187, index=0): None
128.6836 	EXP 	New trial (rep=188, index=0): None
129.6435 	EXP 	New trial (rep=189, index=0): None
130.3641 	EXP 	New trial (rep=190, index=0): None
131.4852 	EXP 	New trial (rep=191, index=0): None
136.5102 	EXP 	New trial (rep=192, index=0): None
137.7271 	EXP 	New trial (rep=193, index=0): None
142.2867 	WARNING 	Got keycode {} but that code isn't yet known
142.2867 	WARNING 	Keypress was given unknown key code (176)
142.7521 	EXP 	New trial (rep=194, index=0): None
142.9807 	WARNING 	Got keycode {} but that code isn't yet known
142.9807 	WARNING 	Keypress was given unknown key code (176)
143.3007 	WARNING 	Got keycode {} but that code isn't yet known
143.3007 	WARNING 	Keypress was given unknown key code (176)
143.5403 	WARNING 	Got keycode {} but that code isn't yet known
143.5403 	WARNING 	Keypress was given unknown key code (176)
143.7541 	WARNING 	Got keycode {} but that code isn't yet known
143.7541 	WARNING 	Keypress was given unknown key code (176)
144.5561 	EXP 	New trial (rep=195, index=0): None
147.1841 	EXP 	New trial (rep=196, index=0): None
147.3441 	EXP 	New trial (rep=197, index=0): None
147.5043 	EXP 	New trial (rep=198, index=0): None
147.6646 	EXP 	New trial (rep=199, index=0): None
147.8120 	EXP 	New trial (rep=200, index=0): None
147.9575 	EXP 	New trial (rep=201, index=0): None
149.1450 	EXP 	New trial (rep=202, index=0): None
150.0785 	EXP 	New trial (rep=203, index=0): None
152.2927 	EXP 	New trial (rep=204, index=0): None
152.4673 	EXP 	New trial (rep=205, index=0): None
152.6125 	EXP 	New trial (rep=206, index=0): None
152.7196 	EXP 	New trial (rep=207, index=0): None
152.8784 	EXP 	New trial (rep=208, index=0): None
153.0129 	EXP 	New trial (rep=209, index=0): None
153.1584 	EXP 	New trial (rep=210, index=0): None
153.2938 	EXP 	New trial (rep=211, index=0): None
153.4260 	EXP 	New trial (rep=212, index=0): None
153.5730 	EXP 	New trial (rep=213, index=0): None
153.7461 	EXP 	New trial (rep=214, index=0): None
156.2390 	WARNING 	Got keycode {} but that code isn't yet known
156.2390 	WARNING 	Keypress was given unknown key code (176)
156.6787 	WARNING 	Got keycode {} but that code isn't yet known
156.6787 	WARNING 	Keypress was given unknown key code (174)
158.7721 	EXP 	New trial (rep=215, index=0): None
163.7999 	EXP 	New trial (rep=216, index=0): None
168.8284 	EXP 	New trial (rep=217, index=0): None
173.8300 	EXP 	New trial (rep=218, index=0): None
178.8462 	EXP 	New trial (rep=219, index=0): None
183.8612 	EXP 	New trial (rep=220, index=0): None
188.8761 	EXP 	New trial (rep=221, index=0): None
193.8811 	EXP 	New trial (rep=222, index=0): None
198.8851 	EXP 	New trial (rep=223, index=0): None
199.6696 	DATA 	Keypress: lalt
203.7819 	EXP 	window1: mouseVisible = True
