3.0316 	WARNING 	We strongly recommend you activate the PTB sound engine in PsychoPy prefs as the preferred audio engine. Its timing is vastly superior. Your prefs are currently set to use ['sounddevice', 'PTB', 'pyo', 'pygame'] (in that order).
8.0381 	WARNING 	User requested fullscreen with size [1024  768], but screen is actually [1366, 768]. Using actual size
11.8707 	WARNING 	Couldn't measure a consistent frame rate.
  - Is your graphics card set to sync to vertical blank?
  - Are you running other processes on your computer?

11.8710 	EXP 	Created window1 = Window(allowGUI=False, allowStencil=False, args=UNKNOWN, autoLog=True, bitsMode=UNKNOWN, blendMode='avg', bpc=(8, 8, 8), color=array([0., 0., 0.]), colorSpace='rgb', depthBits=8, fullscr=<method-wrapper '__getattribute__' of attributeSetter object at 0x000001E8702847B8>, gamma=None, gammaErrorPolicy='raise', kwargs=UNKNOWN, lms=UNKNOWN, monitor=<psychopy.monitors.calibTools.Monitor object at 0x000001E8702F3080>, multiSample=False, name='window1', numSamples=2, pos=[0.0, 0.0], screen=0, size=array([1366,  768]), stencilBits=0, stereo=False, units='height', useFBO=True, useRetina=False, viewOri=0.0, viewPos=None, viewScale=None, waitBlanking=True, winType='pyglet')
11.8710 	EXP 	window1: recordFrameIntervals = False
12.0304 	EXP 	window1: recordFrameIntervals = True
12.1238 	WARNING 	t of last frame was 26.10ms (=1/38)
12.2037 	WARNING 	t of last frame was 26.21ms (=1/38)
12.2703 	WARNING 	t of last frame was 26.40ms (=1/37)
12.3381 	WARNING 	t of last frame was 27.67ms (=1/36)
12.4038 	WARNING 	Multiple dropped frames have occurred - I'll stop bothering you about them!
13.6976 	WARNING 	Couldn't measure a consistent frame rate.
  - Is your graphics card set to sync to vertical blank?
  - Are you running other processes on your computer?

13.8329 	EXP 	Sound sound_1 set volume 1.000
16.2876 	WARNING 	Got keycode {} but that code isn't yet known
16.2877 	WARNING 	Keypress was given unknown key code (174)
16.7147 	WARNING 	Got keycode {} but that code isn't yet known
16.7147 	WARNING 	Keypress was given unknown key code (174)
16.9814 	WARNING 	Got keycode {} but that code isn't yet known
16.9814 	WARNING 	Keypress was given unknown key code (174)
17.1284 	WARNING 	Got keycode {} but that code isn't yet known
17.1284 	WARNING 	Keypress was given unknown key code (174)
17.2883 	WARNING 	Got keycode {} but that code isn't yet known
17.2884 	WARNING 	Keypress was given unknown key code (174)
17.4344 	WARNING 	Got keycode {} but that code isn't yet known
17.4344 	WARNING 	Keypress was given unknown key code (174)
17.5693 	WARNING 	Got keycode {} but that code isn't yet known
17.5693 	WARNING 	Keypress was given unknown key code (174)
17.7143 	WARNING 	Got keycode {} but that code isn't yet known
17.7143 	WARNING 	Keypress was given unknown key code (174)
17.8489 	WARNING 	Got keycode {} but that code isn't yet known
17.8489 	WARNING 	Keypress was given unknown key code (174)
17.9945 	WARNING 	Got keycode {} but that code isn't yet known
17.9945 	WARNING 	Keypress was given unknown key code (174)
18.8753 	WARNING 	Got keycode {} but that code isn't yet known
18.8753 	WARNING 	Keypress was given unknown key code (174)
19.4485 	DATA 	Keypress: escape
19.7795 	EXP 	window1: mouseVisible = True
