3.2135 	WARNING 	We strongly recommend you activate the PTB sound engine in PsychoPy prefs as the preferred audio engine. Its timing is vastly superior. Your prefs are currently set to use ['sounddevice', 'PTB', 'pyo', 'pygame'] (in that order).
7.3590 	WARNING 	User requested fullscreen with size [1024  768], but screen is actually [1366, 768]. Using actual size
10.6232 	WARNING 	Couldn't measure a consistent frame rate.
  - Is your graphics card set to sync to vertical blank?
  - Are you running other processes on your computer?

10.6235 	EXP 	Created window1 = Window(allowGUI=False, allowStencil=False, args=UNKNOWN, autoLog=True, bitsMode=UNKNOWN, blendMode='avg', bpc=(8, 8, 8), color=array([0., 0., 0.]), colorSpace='rgb', depthBits=8, fullscr=<method-wrapper '__getattribute__' of attributeSetter object at 0x000001D83B26D780>, gamma=None, gammaErrorPolicy='raise', kwargs=UNKNOWN, lms=UNKNOWN, monitor=<psychopy.monitors.calibTools.Monitor object at 0x000001D83B2D3048>, multiSample=False, name='window1', numSamples=2, pos=[0.0, 0.0], screen=0, size=array([1366,  768]), stencilBits=0, stereo=False, units='height', useFBO=True, useRetina=False, viewOri=0.0, viewPos=None, viewScale=None, waitBlanking=True, winType='pyglet')
10.6235 	EXP 	window1: recordFrameIntervals = False
10.7828 	EXP 	window1: recordFrameIntervals = True
10.8229 	WARNING 	t of last frame was 26.64ms (=1/37)
10.9030 	WARNING 	t of last frame was 26.63ms (=1/37)
10.9694 	WARNING 	t of last frame was 26.41ms (=1/37)
11.0362 	WARNING 	t of last frame was 26.48ms (=1/37)
11.1031 	WARNING 	Multiple dropped frames have occurred - I'll stop bothering you about them!
12.4504 	WARNING 	Couldn't measure a consistent frame rate.
  - Is your graphics card set to sync to vertical blank?
  - Are you running other processes on your computer?

12.5938 	EXP 	Sound sound_1 set volume 1.000
15.8685 	DATA 	Keypress: up
16.4423 	DATA 	Keypress: down
17.0034 	DATA 	Keypress: up
17.2425 	DATA 	Keypress: up
17.4164 	DATA 	Keypress: up
17.5625 	DATA 	Keypress: up
17.7365 	DATA 	Keypress: up
17.8829 	DATA 	Keypress: up
18.0175 	DATA 	Keypress: up
18.1761 	DATA 	Keypress: up
18.3226 	DATA 	Keypress: up
18.4832 	DATA 	Keypress: up
18.6162 	DATA 	Keypress: up
19.0164 	DATA 	Keypress: down
19.1633 	DATA 	Keypress: down
19.3104 	DATA 	Keypress: down
19.4558 	DATA 	Keypress: down
19.5919 	DATA 	Keypress: down
19.7095 	DATA 	Keypress: down
20.3915 	DATA 	Keypress: escape
20.6191 	EXP 	window1: mouseVisible = True
