3.7312 	WARNING 	We strongly recommend you activate the PTB sound engine in PsychoPy prefs as the preferred audio engine. Its timing is vastly superior. Your prefs are currently set to use ['sounddevice', 'PTB', 'pyo', 'pygame'] (in that order).
33.5016 	WARNING 	Couldn't measure a consistent frame rate.
  - Is your graphics card set to sync to vertical blank?
  - Are you running other processes on your computer?

33.5020 	EXP 	Created window1 = Window(allowGUI=False, allowStencil=False, args=UNKNOWN, autoLog=True, bitsMode=UNKNOWN, blendMode='avg', bpc=(8, 8, 8), color=array([0., 0., 0.]), colorSpace='rgb', depthBits=8, fullscr=<method-wrapper '__getattribute__' of attributeSetter object at 0x000001B8F064EBA8>, gamma=None, gammaErrorPolicy='raise', kwargs=UNKNOWN, lms=UNKNOWN, monitor=<psychopy.monitors.calibTools.Monitor object at 0x000001B8F06C6470>, multiSample=False, name='window1', numSamples=2, pos=[0.0, 0.0], screen=0, size=array([1366,  768]), stencilBits=0, stereo=False, units='height', useFBO=True, useRetina=False, viewOri=0.0, viewPos=None, viewScale=None, waitBlanking=True, winType='pyglet')
33.5020 	EXP 	window1: recordFrameIntervals = False
33.6753 	EXP 	window1: recordFrameIntervals = True
33.7283 	WARNING 	t of last frame was 26.62ms (=1/37)
33.7950 	WARNING 	t of last frame was 26.58ms (=1/37)
33.8618 	WARNING 	t of last frame was 26.70ms (=1/37)
33.9284 	WARNING 	t of last frame was 26.61ms (=1/37)
33.9950 	WARNING 	Multiple dropped frames have occurred - I'll stop bothering you about them!
34.8362 	DATA 	Keypress: d
35.2897 	DATA 	Mouse: Left button down, pos=(1337,1)
35.3426 	WARNING 	Couldn't measure a consistent frame rate.
  - Is your graphics card set to sync to vertical blank?
  - Are you running other processes on your computer?

35.6290 	EXP 	Created text = TextStim(__class__=<class 'psychopy.visual.text.TextStim'>, alignHoriz=method-wrapper(...), alignText='center', alignVert=method-wrapper(...), anchorHoriz='center', anchorVert='center', antialias=True, autoLog=True, bold=False, color='white', colorSpace='named', contrast=1.0, depth=0.0, flipHoriz=False, flipVert=False, font='Arial', fontFiles=[], height=0.1, italic=False, languageStyle='LTR', name='text', opacity=1.0, ori=0, pos=array([0., 0.]), rgb=array([255., 255., 255.]), text='press space to start\n', units='height', win=Window(...), wrapWidth=1)
35.6442 	EXP 	Sound sound_1 set volume 1.000
35.6693 	DATA 	Mouse:  Left button up, pos=(1337,1)
35.6718 	EXP 	text: autoDraw = True
35.6718 	EXP 	text: autoDraw = False
35.9154 	EXP 	Created sequence: random, trialTypes=1, nReps=1000, seed=None
35.9190 	EXP 	New trial (rep=0, index=0): None
35.9215 	DATA 	Keypress: space
35.9240 	EXP 	text: autoDraw = False
36.9622 	EXP 	New trial (rep=1, index=0): None
36.9644 	DATA 	Keypress: d
37.1058 	EXP 	New trial (rep=2, index=0): None
37.1089 	DATA 	Keypress: d
37.2409 	EXP 	New trial (rep=3, index=0): None
37.2439 	DATA 	Keypress: d
37.3747 	EXP 	New trial (rep=4, index=0): None
37.3777 	DATA 	Keypress: d
37.5205 	EXP 	New trial (rep=5, index=0): None
37.5236 	DATA 	Keypress: d
37.6663 	EXP 	New trial (rep=6, index=0): None
37.6695 	DATA 	Keypress: d
37.8273 	EXP 	New trial (rep=7, index=0): None
37.8303 	DATA 	Keypress: d
37.9740 	EXP 	New trial (rep=8, index=0): None
37.9770 	DATA 	Keypress: d
38.1215 	EXP 	New trial (rep=9, index=0): None
38.1246 	DATA 	Keypress: d
38.2414 	DATA 	Keypress: d
38.2705 	EXP 	New trial (rep=10, index=0): None
38.4138 	EXP 	New trial (rep=11, index=0): None
38.4166 	DATA 	Keypress: d
38.5760 	EXP 	New trial (rep=12, index=0): None
38.5792 	DATA 	Keypress: d
38.7074 	EXP 	New trial (rep=13, index=0): None
38.7108 	DATA 	Keypress: d
38.8272 	DATA 	Keypress: d
38.8554 	EXP 	New trial (rep=14, index=0): None
38.9886 	EXP 	New trial (rep=15, index=0): None
38.9919 	DATA 	Keypress: d
39.3883 	EXP 	New trial (rep=16, index=0): None
39.3916 	DATA 	Keypress: d
39.5602 	DATA 	Keypress: d
39.5880 	EXP 	New trial (rep=17, index=0): None
39.7475 	EXP 	New trial (rep=18, index=0): None
39.7502 	DATA 	Keypress: d
39.8959 	DATA 	Keypress: d
39.9229 	EXP 	New trial (rep=19, index=0): None
52.8203 	DATA 	Keypress: lalt
61.9723 	DATA 	Mouse: Left button down, pos=(1005,562)
62.1827 	DATA 	Mouse:  Left button up, pos=(1005,562)
62.2763 	EXP 	New trial (rep=20, index=0): None
62.2798 	DATA 	Keypress: d
62.4495 	EXP 	New trial (rep=21, index=0): None
62.4521 	DATA 	Keypress: d
62.5958 	EXP 	New trial (rep=22, index=0): None
62.5992 	DATA 	Keypress: d
62.7424 	EXP 	New trial (rep=23, index=0): None
62.7452 	DATA 	Keypress: d
62.9038 	EXP 	New trial (rep=24, index=0): None
62.9068 	DATA 	Keypress: d
63.0119 	EXP 	New trial (rep=25, index=0): None
63.0153 	DATA 	Keypress: d
63.1573 	EXP 	New trial (rep=26, index=0): None
63.1592 	DATA 	Keypress: d
63.2911 	EXP 	New trial (rep=27, index=0): None
63.2942 	DATA 	Keypress: d
63.4540 	EXP 	New trial (rep=28, index=0): None
63.4567 	DATA 	Keypress: d
63.5867 	EXP 	New trial (rep=29, index=0): None
63.5895 	DATA 	Keypress: d
63.7212 	EXP 	New trial (rep=30, index=0): None
63.7255 	DATA 	Keypress: d
63.8796 	EXP 	New trial (rep=31, index=0): None
63.8820 	DATA 	Keypress: d
64.0499 	EXP 	New trial (rep=32, index=0): None
64.0526 	DATA 	Keypress: d
64.1839 	EXP 	New trial (rep=33, index=0): None
64.1869 	DATA 	Keypress: d
64.3436 	DATA 	Keypress: d
64.3845 	EXP 	New trial (rep=34, index=0): None
87.6330 	EXP 	New trial (rep=35, index=0): None
97.3216 	EXP 	New trial (rep=36, index=0): None
97.9880 	EXP 	New trial (rep=37, index=0): None
98.6010 	EXP 	New trial (rep=38, index=0): None
99.4555 	EXP 	New trial (rep=39, index=0): None
99.6237 	EXP 	New trial (rep=40, index=0): None
99.7850 	EXP 	New trial (rep=41, index=0): None
99.9048 	EXP 	New trial (rep=42, index=0): None
101.0295 	EXP 	New trial (rep=43, index=0): None
101.2378 	EXP 	New trial (rep=44, index=0): None
101.6830 	EXP 	New trial (rep=45, index=0): None
103.1181 	EXP 	New trial (rep=46, index=0): None
103.2807 	EXP 	New trial (rep=47, index=0): None
103.4128 	EXP 	New trial (rep=48, index=0): None
104.2576 	EXP 	New trial (rep=49, index=0): None
124.9426 	DATA 	Mouse: Left button down, pos=(552,277)
125.0467 	DATA 	Mouse:  Left button up, pos=(552,277)
125.4733 	EXP 	New trial (rep=50, index=0): None
125.4760 	DATA 	Keypress: d
125.9521 	DATA 	Keypress: d
125.9794 	EXP 	New trial (rep=51, index=0): None
152.4295 	EXP 	New trial (rep=52, index=0): None
152.5628 	EXP 	New trial (rep=53, index=0): None
152.7115 	EXP 	New trial (rep=54, index=0): None
152.8689 	EXP 	New trial (rep=55, index=0): None
153.0289 	EXP 	New trial (rep=56, index=0): None
153.1635 	EXP 	New trial (rep=57, index=0): None
153.3094 	EXP 	New trial (rep=58, index=0): None
153.4691 	EXP 	New trial (rep=59, index=0): None
153.6296 	EXP 	New trial (rep=60, index=0): None
153.7634 	EXP 	New trial (rep=61, index=0): None
153.9115 	EXP 	New trial (rep=62, index=0): None
154.0690 	EXP 	New trial (rep=63, index=0): None
154.2296 	EXP 	New trial (rep=64, index=0): None
154.3648 	EXP 	New trial (rep=65, index=0): None
154.5116 	EXP 	New trial (rep=66, index=0): None
154.7799 	EXP 	New trial (rep=67, index=0): None
154.9372 	EXP 	New trial (rep=68, index=0): None
155.1107 	EXP 	New trial (rep=69, index=0): None
155.2579 	EXP 	New trial (rep=70, index=0): None
155.4043 	EXP 	New trial (rep=71, index=0): None
155.5774 	EXP 	New trial (rep=72, index=0): None
155.7116 	EXP 	New trial (rep=73, index=0): None
155.8711 	EXP 	New trial (rep=74, index=0): None
156.8039 	EXP 	New trial (rep=75, index=0): None
157.5924 	EXP 	New trial (rep=76, index=0): None
158.0979 	EXP 	New trial (rep=77, index=0): None
160.7521 	EXP 	New trial (rep=78, index=0): None
160.8987 	EXP 	New trial (rep=79, index=0): None
161.0195 	EXP 	New trial (rep=80, index=0): None
161.1522 	EXP 	New trial (rep=81, index=0): None
161.2743 	EXP 	New trial (rep=82, index=0): None
161.4098 	EXP 	New trial (rep=83, index=0): None
161.5434 	EXP 	New trial (rep=84, index=0): None
161.6769 	EXP 	New trial (rep=85, index=0): None
161.8089 	EXP 	New trial (rep=86, index=0): None
161.9426 	EXP 	New trial (rep=87, index=0): None
162.0463 	EXP 	New trial (rep=88, index=0): None
162.2197 	EXP 	New trial (rep=89, index=0): None
162.3533 	EXP 	New trial (rep=90, index=0): None
162.4861 	EXP 	New trial (rep=91, index=0): None
162.6210 	EXP 	New trial (rep=92, index=0): None
162.7527 	EXP 	New trial (rep=93, index=0): None
162.8876 	EXP 	New trial (rep=94, index=0): None
163.0205 	EXP 	New trial (rep=95, index=0): None
163.1536 	EXP 	New trial (rep=96, index=0): None
163.7777 	EXP 	window1: mouseVisible = True
