3.2119 	WARNING 	We strongly recommend you activate the PTB sound engine in PsychoPy prefs as the preferred audio engine. Its timing is vastly superior. Your prefs are currently set to use ['sounddevice', 'PTB', 'pyo', 'pygame'] (in that order).
26.0024 	WARNING 	Couldn't measure a consistent frame rate.
  - Is your graphics card set to sync to vertical blank?
  - Are you running other processes on your computer?

26.0027 	EXP 	Created window1 = Window(allowGUI=False, allowStencil=False, args=UNKNOWN, autoLog=True, bitsMode=UNKNOWN, blendMode='avg', bpc=(8, 8, 8), color=array([0., 0., 0.]), colorSpace='rgb', depthBits=8, fullscr=<method-wrapper '__getattribute__' of attributeSetter object at 0x0000023BDD211160>, gamma=None, gammaErrorPolicy='raise', kwargs=UNKNOWN, lms=UNKNOWN, monitor=<psychopy.monitors.calibTools.Monitor object at 0x0000023BDD2679E8>, multiSample=False, name='window1', numSamples=2, pos=[0.0, 0.0], screen=0, size=array([1366,  768]), stencilBits=0, stereo=False, units='height', useFBO=True, useRetina=False, viewOri=0.0, viewPos=None, viewScale=None, waitBlanking=True, winType='pyglet')
26.0027 	EXP 	window1: recordFrameIntervals = False
26.1625 	EXP 	window1: recordFrameIntervals = True
26.2023 	WARNING 	t of last frame was 26.38ms (=1/37)
26.2688 	WARNING 	t of last frame was 26.51ms (=1/37)
26.3354 	WARNING 	t of last frame was 26.55ms (=1/37)
26.4024 	WARNING 	t of last frame was 26.93ms (=1/37)
26.4689 	WARNING 	Multiple dropped frames have occurred - I'll stop bothering you about them!
27.4031 	DATA 	Mouse: Left button down, pos=(784,382)
27.4966 	DATA 	Mouse:  Left button up, pos=(784,382)
27.6709 	DATA 	Keypress: space
27.8298 	WARNING 	Couldn't measure a consistent frame rate.
  - Is your graphics card set to sync to vertical blank?
  - Are you running other processes on your computer?

28.0614 	EXP 	Created text = TextStim(__class__=<class 'psychopy.visual.text.TextStim'>, alignHoriz=method-wrapper(...), alignText='center', alignVert=method-wrapper(...), anchorHoriz='center', anchorVert='center', antialias=True, autoLog=True, bold=False, color='white', colorSpace='named', contrast=1.0, depth=0.0, flipHoriz=False, flipVert=False, font='Arial', fontFiles=[], height=0.1, italic=False, languageStyle='LTR', name='text', opacity=1.0, ori=0, pos=array([0., 0.]), rgb=array([255., 255., 255.]), text='press space to start\n', units='height', win=Window(...), wrapWidth=1)
28.0850 	EXP 	Sound sound_1 set volume 1.000
28.0959 	EXP 	Created text_2 = TextStim(__class__=<class 'psychopy.visual.text.TextStim'>, alignHoriz=method-wrapper(...), alignText='center', alignVert=method-wrapper(...), anchorHoriz='center', anchorVert='center', antialias=True, autoLog=True, bold=False, color='white', colorSpace='named', contrast=1.0, depth=-3.0, flipHoriz=False, flipVert=False, font='Arial', fontFiles=[], height=0.1, italic=False, languageStyle='LTR', name='text_2', opacity=1.0, ori=0, pos=array([0., 0.]), rgb=array([255., 255., 255.]), text='default text', units='height', win=Window(...), wrapWidth=1)
28.1120 	EXP 	Created text_3 = TextStim(__class__=<class 'psychopy.visual.text.TextStim'>, alignHoriz=method-wrapper(...), alignText='center', alignVert=method-wrapper(...), anchorHoriz='center', anchorVert='center', antialias=True, autoLog=True, bold=False, color='white', colorSpace='named', contrast=1.0, depth=-4.0, flipHoriz=False, flipVert=False, font='Arial', fontFiles=[], height=0.1, italic=False, languageStyle='LTR', name='text_3', opacity=1.0, ori=0, pos=array([0. , 0.5]), rgb=array([255., 255., 255.]), text="'Does your db SPL meter read 113 db SPL?'", units='height', win=Window(...), wrapWidth=1)
28.1385 	EXP 	text: autoDraw = True
28.1385 	EXP 	text: autoDraw = False
28.5403 	WARNING 	Increasing number of minimum required reversals to the number of step sizes, (5).
28.5499 	DATA 	Keypress: space
28.5542 	EXP 	text: autoDraw = False
28.5542 	EXP 	text_2: text = 0.5
28.5542 	EXP 	text_2: autoDraw = True
28.5542 	EXP 	text_3: autoDraw = True
29.3263 	WARNING 	Got keycode {} but that code isn't yet known
29.3263 	WARNING 	Keypress was given unknown key code (174)
29.4854 	WARNING 	Got keycode {} but that code isn't yet known
29.4854 	WARNING 	Keypress was given unknown key code (174)
29.6451 	WARNING 	Got keycode {} but that code isn't yet known
29.6452 	WARNING 	Keypress was given unknown key code (174)
29.7920 	WARNING 	Got keycode {} but that code isn't yet known
29.7921 	WARNING 	Keypress was given unknown key code (174)
29.9522 	WARNING 	Got keycode {} but that code isn't yet known
29.9522 	WARNING 	Keypress was given unknown key code (174)
30.0859 	WARNING 	Got keycode {} but that code isn't yet known
30.0859 	WARNING 	Keypress was given unknown key code (174)
30.2462 	WARNING 	Got keycode {} but that code isn't yet known
30.2462 	WARNING 	Keypress was given unknown key code (174)
30.3784 	WARNING 	Got keycode {} but that code isn't yet known
30.3785 	WARNING 	Keypress was given unknown key code (174)
30.5266 	WARNING 	Got keycode {} but that code isn't yet known
30.5266 	WARNING 	Keypress was given unknown key code (174)
30.6857 	WARNING 	Got keycode {} but that code isn't yet known
30.6858 	WARNING 	Keypress was given unknown key code (174)
30.8348 	WARNING 	Got keycode {} but that code isn't yet known
30.8348 	WARNING 	Keypress was given unknown key code (174)
31.0193 	WARNING 	Got keycode {} but that code isn't yet known
31.0193 	WARNING 	Keypress was given unknown key code (174)
31.1663 	WARNING 	Got keycode {} but that code isn't yet known
31.1663 	WARNING 	Keypress was given unknown key code (174)
31.3119 	WARNING 	Got keycode {} but that code isn't yet known
31.3119 	WARNING 	Keypress was given unknown key code (174)
31.4722 	WARNING 	Got keycode {} but that code isn't yet known
31.4722 	WARNING 	Keypress was given unknown key code (174)
31.6727 	WARNING 	Got keycode {} but that code isn't yet known
31.6728 	WARNING 	Keypress was given unknown key code (174)
36.7997 	DATA 	Keypress: u
36.8060 	EXP 	text_2: autoDraw = False
36.8060 	EXP 	text_3: autoDraw = False
36.8060 	EXP 	text_2: text = 1
36.8060 	EXP 	text_2: autoDraw = True
36.8060 	EXP 	text_3: autoDraw = True
38.0375 	DATA 	Keypress: d
38.0781 	EXP 	text_2: autoDraw = False
38.0781 	EXP 	text_3: autoDraw = False
38.0781 	EXP 	text_2: text = 0.15848931924611132
38.0781 	EXP 	text_2: autoDraw = True
38.0781 	EXP 	text_3: autoDraw = True
38.4057 	DATA 	Keypress: d
38.4081 	EXP 	text_2: autoDraw = False
38.4081 	EXP 	text_3: autoDraw = False
38.4081 	EXP 	text_2: text = 0.02511886431509579
38.4081 	EXP 	text_2: autoDraw = True
38.4081 	EXP 	text_3: autoDraw = True
41.7045 	DATA 	Keypress: escape
41.9404 	EXP 	window1: mouseVisible = True
