2.8375 	WARNING 	We strongly recommend you activate the PTB sound engine in PsychoPy prefs as the preferred audio engine. Its timing is vastly superior. Your prefs are currently set to use ['sounddevice', 'PTB', 'pyo', 'pygame'] (in that order).
9.2465 	WARNING 	User requested fullscreen with size [1024  768], but screen is actually [1366, 768]. Using actual size
13.3772 	WARNING 	Couldn't measure a consistent frame rate.
  - Is your graphics card set to sync to vertical blank?
  - Are you running other processes on your computer?

13.3775 	EXP 	Created window1 = Window(allowGUI=False, allowStencil=False, args=UNKNOWN, autoLog=True, bitsMode=UNKNOWN, blendMode='avg', bpc=(8, 8, 8), color=array([0., 0., 0.]), colorSpace='rgb', depthBits=8, fullscr=<method-wrapper '__getattribute__' of attributeSetter object at 0x000001D01CEC97B8>, gamma=None, gammaErrorPolicy='raise', kwargs=UNKNOWN, lms=UNKNOWN, monitor=<psychopy.monitors.calibTools.Monitor object at 0x000001D01CF33080>, multiSample=False, name='window1', numSamples=2, pos=[0.0, 0.0], screen=0, size=array([1366,  768]), stencilBits=0, stereo=False, units='height', useFBO=True, useRetina=False, viewOri=0.0, viewPos=None, viewScale=None, waitBlanking=True, winType='pyglet')
13.3776 	EXP 	window1: recordFrameIntervals = False
13.5504 	EXP 	window1: recordFrameIntervals = True
13.6179 	WARNING 	t of last frame was 27.66ms (=1/36)
13.6839 	WARNING 	t of last frame was 26.11ms (=1/38)
13.7639 	WARNING 	t of last frame was 25.88ms (=1/38)
13.8171 	WARNING 	t of last frame was 26.54ms (=1/37)
13.8974 	WARNING 	Multiple dropped frames have occurred - I'll stop bothering you about them!
15.2045 	WARNING 	Couldn't measure a consistent frame rate.
  - Is your graphics card set to sync to vertical blank?
  - Are you running other processes on your computer?

15.3538 	EXP 	Sound sound_1 set volume 1.000
16.2479 	WARNING 	Got keycode {} but that code isn't yet known
16.2480 	WARNING 	Keypress was given unknown key code (174)
16.6207 	WARNING 	Got keycode {} but that code isn't yet known
16.6207 	WARNING 	Keypress was given unknown key code (174)
16.8477 	WARNING 	Got keycode {} but that code isn't yet known
16.8477 	WARNING 	Keypress was given unknown key code (174)
16.9937 	WARNING 	Got keycode {} but that code isn't yet known
16.9938 	WARNING 	Keypress was given unknown key code (174)
17.1416 	WARNING 	Got keycode {} but that code isn't yet known
17.1416 	WARNING 	Keypress was given unknown key code (174)
17.2866 	WARNING 	Got keycode {} but that code isn't yet known
17.2867 	WARNING 	Keypress was given unknown key code (174)
17.4216 	WARNING 	Got keycode {} but that code isn't yet known
17.4217 	WARNING 	Keypress was given unknown key code (174)
17.5809 	WARNING 	Got keycode {} but that code isn't yet known
17.5810 	WARNING 	Keypress was given unknown key code (174)
17.7136 	WARNING 	Got keycode {} but that code isn't yet known
17.7137 	WARNING 	Keypress was given unknown key code (174)
19.1545 	WARNING 	Got keycode {} but that code isn't yet known
19.1545 	WARNING 	Keypress was given unknown key code (176)
19.6624 	WARNING 	Got keycode {} but that code isn't yet known
19.6625 	WARNING 	Keypress was given unknown key code (176)
19.9687 	WARNING 	Got keycode {} but that code isn't yet known
19.9687 	WARNING 	Keypress was given unknown key code (176)
20.2214 	WARNING 	Got keycode {} but that code isn't yet known
20.2214 	WARNING 	Keypress was given unknown key code (176)
21.2090 	WARNING 	Got keycode {} but that code isn't yet known
21.2091 	WARNING 	Keypress was given unknown key code (176)
21.3823 	WARNING 	Got keycode {} but that code isn't yet known
21.3824 	WARNING 	Keypress was given unknown key code (176)
21.5435 	WARNING 	Got keycode {} but that code isn't yet known
21.5435 	WARNING 	Keypress was given unknown key code (176)
21.7158 	WARNING 	Got keycode {} but that code isn't yet known
21.7158 	WARNING 	Keypress was given unknown key code (176)
22.3822 	WARNING 	Got keycode {} but that code isn't yet known
22.3822 	WARNING 	Keypress was given unknown key code (176)
23.2352 	WARNING 	Got keycode {} but that code isn't yet known
23.2353 	WARNING 	Keypress was given unknown key code (176)
23.6360 	WARNING 	Got keycode {} but that code isn't yet known
23.6360 	WARNING 	Keypress was given unknown key code (176)
23.8915 	WARNING 	Got keycode {} but that code isn't yet known
23.8915 	WARNING 	Keypress was given unknown key code (176)
23.9966 	WARNING 	Got keycode {} but that code isn't yet known
23.9966 	WARNING 	Keypress was given unknown key code (176)
24.2914 	WARNING 	Got keycode {} but that code isn't yet known
24.2915 	WARNING 	Keypress was given unknown key code (176)
24.6242 	WARNING 	Got keycode {} but that code isn't yet known
24.6242 	WARNING 	Keypress was given unknown key code (176)
24.8236 	WARNING 	Got keycode {} but that code isn't yet known
24.8237 	WARNING 	Keypress was given unknown key code (176)
25.2384 	WARNING 	Got keycode {} but that code isn't yet known
25.2384 	WARNING 	Keypress was given unknown key code (176)
25.4494 	WARNING 	Got keycode {} but that code isn't yet known
25.4494 	WARNING 	Keypress was given unknown key code (176)
25.6505 	WARNING 	Got keycode {} but that code isn't yet known
25.6506 	WARNING 	Keypress was given unknown key code (176)
26.5444 	WARNING 	Got keycode {} but that code isn't yet known
26.5444 	WARNING 	Keypress was given unknown key code (176)
26.7446 	WARNING 	Got keycode {} but that code isn't yet known
26.7446 	WARNING 	Keypress was given unknown key code (176)
27.7051 	WARNING 	Got keycode {} but that code isn't yet known
27.7052 	WARNING 	Keypress was given unknown key code (176)
28.1448 	WARNING 	Got keycode {} but that code isn't yet known
28.1448 	WARNING 	Keypress was given unknown key code (176)
29.4787 	DATA 	Keypress: escape
29.6197 	EXP 	window1: mouseVisible = True
