2.9554 	WARNING 	We strongly recommend you activate the PTB sound engine in PsychoPy prefs as the preferred audio engine. Its timing is vastly superior. Your prefs are currently set to use ['sounddevice', 'PTB', 'pyo', 'pygame'] (in that order).
19.5341 	WARNING 	User requested fullscreen with size [1024  768], but screen is actually [1366, 768]. Using actual size
23.6211 	WARNING 	Couldn't measure a consistent frame rate.
  - Is your graphics card set to sync to vertical blank?
  - Are you running other processes on your computer?

23.6214 	EXP 	Created window1 = Window(allowGUI=False, allowStencil=False, args=UNKNOWN, autoLog=True, bitsMode=UNKNOWN, blendMode='avg', bpc=(8, 8, 8), color=array([0., 0., 0.]), colorSpace='rgb', depthBits=8, fullscr=<method-wrapper '__getattribute__' of attributeSetter object at 0x000001F02A23E7F0>, gamma=None, gammaErrorPolicy='raise', kwargs=UNKNOWN, lms=UNKNOWN, monitor=<psychopy.monitors.calibTools.Monitor object at 0x000001F02A2A30B8>, multiSample=False, name='window1', numSamples=2, pos=[0.0, 0.0], screen=0, size=array([1366,  768]), stencilBits=0, stereo=False, units='height', useFBO=True, useRetina=False, viewOri=0.0, viewPos=None, viewScale=None, waitBlanking=True, winType='pyglet')
23.6214 	EXP 	window1: recordFrameIntervals = False
23.7943 	EXP 	window1: recordFrameIntervals = True
23.8609 	WARNING 	t of last frame was 26.80ms (=1/37)
23.9277 	WARNING 	t of last frame was 27.04ms (=1/36)
23.9940 	WARNING 	t of last frame was 26.60ms (=1/37)
24.0609 	WARNING 	t of last frame was 26.58ms (=1/37)
24.1277 	WARNING 	Multiple dropped frames have occurred - I'll stop bothering you about them!
25.4481 	WARNING 	Couldn't measure a consistent frame rate.
  - Is your graphics card set to sync to vertical blank?
  - Are you running other processes on your computer?

25.5771 	EXP 	Sound sound_1 set volume 1.000
30.5719 	WARNING 	Got keycode {} but that code isn't yet known
30.5719 	WARNING 	Keypress was given unknown key code (176)
32.1193 	WARNING 	Got keycode {} but that code isn't yet known
32.1193 	WARNING 	Keypress was given unknown key code (176)
34.0528 	WARNING 	Got keycode {} but that code isn't yet known
34.0528 	WARNING 	Keypress was given unknown key code (174)
35.1369 	DATA 	Keypress: escape
35.3210 	EXP 	window1: mouseVisible = True
