3.4052 	WARNING 	We strongly recommend you activate the PTB sound engine in PsychoPy prefs as the preferred audio engine. Its timing is vastly superior. Your prefs are currently set to use ['sounddevice', 'PTB', 'pyo', 'pygame'] (in that order).
8.2392 	WARNING 	User requested fullscreen with size [1024  768], but screen is actually [1366, 768]. Using actual size
12.1801 	WARNING 	Couldn't measure a consistent frame rate.
  - Is your graphics card set to sync to vertical blank?
  - Are you running other processes on your computer?

12.1803 	EXP 	Created window1 = Window(allowGUI=False, allowStencil=False, args=UNKNOWN, autoLog=True, bitsMode=UNKNOWN, blendMode='avg', bpc=(8, 8, 8), color=array([0., 0., 0.]), colorSpace='rgb', depthBits=8, fullscr=<method-wrapper '__getattribute__' of attributeSetter object at 0x000002125A1A67B8>, gamma=None, gammaErrorPolicy='raise', kwargs=UNKNOWN, lms=UNKNOWN, monitor=<psychopy.monitors.calibTools.Monitor object at 0x000002125A213080>, multiSample=False, name='window1', numSamples=2, pos=[0.0, 0.0], screen=0, size=array([1366,  768]), stencilBits=0, stereo=False, units='height', useFBO=True, useRetina=False, viewOri=0.0, viewPos=None, viewScale=None, waitBlanking=True, winType='pyglet')
12.1804 	EXP 	window1: recordFrameIntervals = False
12.3533 	EXP 	window1: recordFrameIntervals = True
12.4198 	WARNING 	t of last frame was 26.66ms (=1/37)
12.4867 	WARNING 	t of last frame was 26.80ms (=1/37)
12.5532 	WARNING 	t of last frame was 26.83ms (=1/37)
12.6197 	WARNING 	t of last frame was 26.25ms (=1/38)
12.6865 	WARNING 	Multiple dropped frames have occurred - I'll stop bothering you about them!
14.0208 	WARNING 	Couldn't measure a consistent frame rate.
  - Is your graphics card set to sync to vertical blank?
  - Are you running other processes on your computer?

14.1503 	EXP 	Sound sound_1 set volume 1.000
16.7441 	WARNING 	Got keycode {} but that code isn't yet known
16.7441 	WARNING 	Keypress was given unknown key code (176)
16.9172 	WARNING 	Got keycode {} but that code isn't yet known
16.9173 	WARNING 	Keypress was given unknown key code (176)
17.0640 	WARNING 	Got keycode {} but that code isn't yet known
17.0640 	WARNING 	Keypress was given unknown key code (176)
17.2235 	WARNING 	Got keycode {} but that code isn't yet known
17.2235 	WARNING 	Keypress was given unknown key code (176)
17.3839 	WARNING 	Got keycode {} but that code isn't yet known
17.3840 	WARNING 	Keypress was given unknown key code (176)
18.5579 	WARNING 	Got keycode {} but that code isn't yet known
18.5579 	WARNING 	Keypress was given unknown key code (176)
19.2774 	WARNING 	Got keycode {} but that code isn't yet known
19.2774 	WARNING 	Keypress was given unknown key code (176)
19.6107 	WARNING 	Got keycode {} but that code isn't yet known
19.6107 	WARNING 	Keypress was given unknown key code (176)
20.0381 	WARNING 	Got keycode {} but that code isn't yet known
20.0382 	WARNING 	Keypress was given unknown key code (176)
20.2377 	WARNING 	Got keycode {} but that code isn't yet known
20.2377 	WARNING 	Keypress was given unknown key code (176)
20.3583 	WARNING 	Got keycode {} but that code isn't yet known
20.3583 	WARNING 	Keypress was given unknown key code (176)
20.5310 	WARNING 	Got keycode {} but that code isn't yet known
20.5311 	WARNING 	Keypress was given unknown key code (176)
20.6914 	WARNING 	Got keycode {} but that code isn't yet known
20.6914 	WARNING 	Keypress was given unknown key code (176)
24.1811 	EXP 	window1: mouseVisible = True
