6.9271 	WARNING 	User requested fullscreen with size [1024  768], but screen is actually [1440, 900]. Using actual size
7.7626 	EXP 	Created window1 = Window(allowGUI=False, allowStencil=False, args=UNKNOWN, autoLog=True, bitsMode=UNKNOWN, blendMode='avg', color=array([0., 0., 0.]), colorSpace='rgb', fullscr=<method-wrapper '__getattribute__' of attributeSetter object at 0x13712e7f0>, gamma=None, kwargs=UNKNOWN, lms=UNKNOWN, monitor=<psychopy.monitors.calibTools.Monitor object at 0x137dc69b0>, multiSample=False, name='window1', numSamples=2, pos=[0.0, 0.0], screen=0, size=array([2880, 1800]), stereo=False, units='height', useFBO=True, useRetina=True, viewOri=0.0, viewPos=None, viewScale=None, waitBlanking=True, winType='pyglet')
7.7627 	EXP 	window1: recordFrameIntervals = False
7.9289 	EXP 	window1: recordFrameIntervals = True
8.1123 	EXP 	window1: recordFrameIntervals = False
9.8006 	EXP 	Created Welcome_Text = TextStim(__class__=<class 'psychopy.visual.text.TextStim'>, alignHoriz='center', alignVert='center', antialias=True, autoLog=True, bold=False, color='white', colorSpace='named', contrast=1.0, depth=0.0, flipHoriz=False, flipVert=False, font='Arial', fontFiles=[], height=0.1, italic=False, languageStyle='LTR', name='Welcome_Text', opacity=1.0, ori=0, pos=array([0., 0.]), rgb=array([255., 255., 255.]), text=str(...), units='height', win=Window(...), wrapWidth=1)
9.8768 	EXP 	Created Instructions_Text = TextStim(__class__=<class 'psychopy.visual.text.TextStim'>, alignHoriz='center', alignVert='center', antialias=True, autoLog=True, bold=False, color='white', colorSpace='named', contrast=1.0, depth=0.0, flipHoriz=False, flipVert=False, font='Arial', fontFiles=[], height=0.05, italic=False, languageStyle='LTR', name='Instructions_Text', opacity=1.0, ori=0, pos=array([0., 0.]), rgb=array([255., 255., 255.]), text=str(...), units='height', win=Window(...), wrapWidth=1)
9.9043 	EXP 	Sound  set volume 1.000
9.9100 	EXP 	Created Delay = TextStim(__class__=<class 'psychopy.visual.text.TextStim'>, alignHoriz='center', alignVert='center', antialias=True, autoLog=True, bold=False, color='black', colorSpace='named', contrast=1.0, depth=-1.0, flipHoriz=False, flipVert=False, font='Arial', fontFiles=[], height=0.1, italic=False, languageStyle='LTR', name='Delay', opacity=1.0, ori=0, pos=array([0., 0.]), rgb=array([0., 0., 0.]), text='\n+\n', units='height', win=Window(...), wrapWidth=1)
9.9109 	EXP 	Created ISI = TextStim(__class__=<class 'psychopy.visual.text.TextStim'>, alignHoriz='center', alignVert='center', antialias=True, autoLog=True, bold=False, color='black', colorSpace='named', contrast=1.0, depth=-2.0, flipHoriz=False, flipVert=False, font='Arial', fontFiles=[], height=0.1, italic=False, languageStyle='LTR', name='ISI', opacity=1.0, ori=0, pos=array([0., 0.]), rgb=array([0., 0., 0.]), text='', units='height', win=Window(...), wrapWidth=1)
9.9110 	EXP 	Sound  set volume 1.000
9.9117 	EXP 	Sound  set volume 1.000
9.9123 	EXP 	Sound  set volume 1.000
9.9707 	EXP 	Created Interval1 = TextStim(__class__=<class 'psychopy.visual.text.TextStim'>, alignHoriz='center', alignVert='center', antialias=True, autoLog=True, bold=False, color='white', colorSpace='named', contrast=1.0, depth=-6.0, flipHoriz=False, flipVert=False, font='Arial', fontFiles=[], height=1, italic=False, languageStyle='LTR', name='Interval1', opacity=1.0, ori=0, pos=array([0., 0.]), rgb=array([255., 255., 255.]), text='1', units='height', win=Window(...), wrapWidth=1)
9.9775 	EXP 	Created Interval2 = TextStim(__class__=<class 'psychopy.visual.text.TextStim'>, alignHoriz='center', alignVert='center', antialias=True, autoLog=True, bold=False, color='white', colorSpace='named', contrast=1.0, depth=-7.0, flipHoriz=False, flipVert=False, font='Arial', fontFiles=[], height=1, italic=False, languageStyle='LTR', name='Interval2', opacity=1.0, ori=0, pos=array([0., 0.]), rgb=array([255., 255., 255.]), text='2', units='height', win=Window(...), wrapWidth=1)
10.0081 	EXP 	Created Question_Text = TextStim(__class__=<class 'psychopy.visual.text.TextStim'>, alignHoriz='center', alignVert='center', antialias=True, autoLog=True, bold=False, color='white', colorSpace='named', contrast=1.0, depth=0.0, flipHoriz=False, flipVert=False, font='Arial', fontFiles=[], height=0.05, italic=False, languageStyle='LTR', name='Question_Text', opacity=1.0, ori=0, pos=array([0., 0.]), rgb=array([255., 255., 255.]), text=str(...), units='height', win=Window(...), wrapWidth=1)
10.0171 	EXP 	Created Feedback_text = TextStim(__class__=<class 'psychopy.visual.text.TextStim'>, alignHoriz='center', alignVert='center', antialias=True, autoLog=True, bold=False, color='white', colorSpace='named', contrast=1.0, depth=0.0, flipHoriz=False, flipVert=False, font='Arial', fontFiles=[], height=0.1, italic=False, languageStyle='LTR', name='Feedback_text', opacity=1.0, ori=0, pos=array([0., 0.]), rgb=array([255., 255., 255.]), text='default text', units='height', win=Window(...), wrapWidth=1)
10.0315 	EXP 	Created Next_Text = TextStim(__class__=<class 'psychopy.visual.text.TextStim'>, alignHoriz='center', alignVert='center', antialias=True, autoLog=True, bold=False, color='white', colorSpace='named', contrast=1.0, depth=0.0, flipHoriz=False, flipVert=False, font='Arial', fontFiles=[], height=0.1, italic=False, languageStyle='LTR', name='Next_Text', opacity=1.0, ori=0, pos=array([0., 0.]), rgb=array([255., 255., 255.]), text='Press SPACE to start the next trial', units='height', win=Window(...), wrapWidth=1)
10.3775 	DATA 	Keypress: lctrl
10.3825 	DATA 	Keypress: lctrl
10.4014 	EXP 	Welcome_Text: autoDraw = True
11.3657 	DATA 	Keypress: space
11.3668 	DATA 	Keypress: lctrl
11.3848 	EXP 	Welcome_Text: autoDraw = False
11.3848 	EXP 	Instructions_Text: autoDraw = True
11.8329 	EXP 	Imported conditions.xlsx as conditions, 5 conditions, 5 params
11.8334 	EXP 	Created sequence: random, trialTypes=5, nReps=1, seed=None
11.8339 	EXP 	New trial (rep=0, index=0): OrderedDict([('interval', 1), ('probe1', 1), ('probe2', 0), ('startProbe1', 0.2), ('startProbe2', 0.0)])
11.8372 	DATA 	Keypress: space
11.8511 	EXP 	Instructions_Text: autoDraw = False
11.8511 	EXP 	Delay: autoDraw = True
12.8510 	EXP 	Delay: autoDraw = False
12.8510 	EXP 	Interval1: autoDraw = True
13.1509 	EXP 	ISI: autoDraw = True
13.1509 	EXP 	Interval1: autoDraw = False
13.9511 	EXP 	ISI: autoDraw = False
13.9511 	EXP 	Interval2: autoDraw = True
14.2511 	EXP 	Interval2: autoDraw = False
14.5844 	EXP 	Delay: autoDraw = False
14.5844 	EXP 	ISI: autoDraw = False
14.5844 	EXP 	Interval1: autoDraw = False
14.5844 	EXP 	Interval2: autoDraw = False
14.5844 	EXP 	Question_Text: autoDraw = True
15.9955 	DATA 	Keypress: 1
16.0008 	EXP 	Question_Text: autoDraw = False
16.0008 	EXP 	Feedback_text: color = 'white (named)'
16.0008 	EXP 	Feedback_text: text = 0.5
16.0008 	EXP 	Feedback_text: color = '[0.  0.5 0. ] (rgb)'
16.0008 	EXP 	Feedback_text: autoDraw = True
17.3343 	EXP 	Feedback_text: autoDraw = False
17.3343 	EXP 	Feedback_text: autoDraw = False
17.3343 	EXP 	Next_Text: autoDraw = True
17.8022 	EXP 	New trial (rep=0, index=1): OrderedDict([('interval', 2), ('probe1', 0), ('probe2', 1), ('startProbe1', 0.0), ('startProbe2', 0.2)])
17.8052 	DATA 	Keypress: space
17.8175 	EXP 	Next_Text: autoDraw = False
17.8175 	EXP 	Delay: autoDraw = True
18.8175 	EXP 	Delay: autoDraw = False
18.8346 	EXP 	Interval1: autoDraw = True
19.1174 	EXP 	Interval1: autoDraw = False
19.1344 	EXP 	ISI: autoDraw = True
19.9175 	EXP 	ISI: autoDraw = False
19.9344 	EXP 	Interval2: autoDraw = True
20.2176 	EXP 	Interval2: autoDraw = False
20.5844 	EXP 	Delay: autoDraw = False
20.5844 	EXP 	ISI: autoDraw = False
20.5844 	EXP 	Interval1: autoDraw = False
20.5844 	EXP 	Interval2: autoDraw = False
20.5844 	EXP 	Question_Text: autoDraw = True
21.7930 	DATA 	Keypress: 2
21.8008 	EXP 	Question_Text: autoDraw = False
21.8008 	EXP 	Feedback_text: color = 'white (named)'
21.8008 	EXP 	Feedback_text: text = 0.4
21.8008 	EXP 	Feedback_text: color = '[0.  0.4 0. ] (rgb)'
21.8008 	EXP 	Feedback_text: autoDraw = True
23.1174 	EXP 	Feedback_text: autoDraw = False
23.1174 	EXP 	Feedback_text: autoDraw = False
23.1174 	EXP 	Next_Text: autoDraw = True
23.2539 	DATA 	Keypress: escape
23.7542 	EXP 	window1: mouseVisible = True
