8.5497 	WARNING 	User requested fullscreen with size [1024  768], but screen is actually [1440, 900]. Using actual size
9.4498 	EXP 	Created window1 = Window(allowGUI=False, allowStencil=False, args=UNKNOWN, autoLog=True, bitsMode=UNKNOWN, blendMode='avg', color=array([0., 0., 0.]), colorSpace='rgb', fullscr=<method-wrapper '__getattribute__' of attributeSetter object at 0x136bae828>, gamma=None, kwargs=UNKNOWN, lms=UNKNOWN, monitor=<psychopy.monitors.calibTools.Monitor object at 0x137a83a20>, multiSample=False, name='window1', numSamples=2, pos=[0.0, 0.0], screen=0, size=array([2880, 1800]), stereo=False, units='height', useFBO=True, useRetina=True, viewOri=0.0, viewPos=None, viewScale=None, waitBlanking=True, winType='pyglet')
9.4499 	EXP 	window1: recordFrameIntervals = False
9.6161 	EXP 	window1: recordFrameIntervals = True
9.7995 	EXP 	window1: recordFrameIntervals = False
11.4452 	EXP 	Created Welcome_Text = TextStim(__class__=<class 'psychopy.visual.text.TextStim'>, alignHoriz='center', alignVert='center', antialias=True, autoLog=True, bold=False, color='white', colorSpace='named', contrast=1.0, depth=0.0, flipHoriz=False, flipVert=False, font='Arial', fontFiles=[], height=0.1, italic=False, languageStyle='LTR', name='Welcome_Text', opacity=1.0, ori=0, pos=array([0., 0.]), rgb=array([255., 255., 255.]), text=str(...), units='height', win=Window(...), wrapWidth=1)
11.5249 	EXP 	Created Instructions_Text = TextStim(__class__=<class 'psychopy.visual.text.TextStim'>, alignHoriz='center', alignVert='center', antialias=True, autoLog=True, bold=False, color='white', colorSpace='named', contrast=1.0, depth=0.0, flipHoriz=False, flipVert=False, font='Arial', fontFiles=[], height=0.05, italic=False, languageStyle='LTR', name='Instructions_Text', opacity=1.0, ori=0, pos=array([0., 0.]), rgb=array([255., 255., 255.]), text=str(...), units='height', win=Window(...), wrapWidth=1)
11.5682 	EXP 	Sound  set volume 1.000
11.5729 	EXP 	Created Delay = TextStim(__class__=<class 'psychopy.visual.text.TextStim'>, alignHoriz='center', alignVert='center', antialias=True, autoLog=True, bold=False, color='black', colorSpace='named', contrast=1.0, depth=-2.0, flipHoriz=False, flipVert=False, font='Arial', fontFiles=[], height=0.1, italic=False, languageStyle='LTR', name='Delay', opacity=1.0, ori=0, pos=array([0., 0.]), rgb=array([0., 0., 0.]), text='\n+\n', units='height', win=Window(...), wrapWidth=1)
11.5739 	EXP 	Created ISI = TextStim(__class__=<class 'psychopy.visual.text.TextStim'>, alignHoriz='center', alignVert='center', antialias=True, autoLog=True, bold=False, color='black', colorSpace='named', contrast=1.0, depth=-3.0, flipHoriz=False, flipVert=False, font='Arial', fontFiles=[], height=0.1, italic=False, languageStyle='LTR', name='ISI', opacity=1.0, ori=0, pos=array([0., 0.]), rgb=array([0., 0., 0.]), text='', units='height', win=Window(...), wrapWidth=1)
11.5740 	EXP 	Sound  set volume 1.000
11.5762 	EXP 	Sound  set volume 1.000
11.5770 	EXP 	Sound  set volume 1.000
11.6868 	EXP 	Created Interval1 = TextStim(__class__=<class 'psychopy.visual.text.TextStim'>, alignHoriz='center', alignVert='center', antialias=True, autoLog=True, bold=False, color='white', colorSpace='named', contrast=1.0, depth=-7.0, flipHoriz=False, flipVert=False, font='Arial', fontFiles=[], height=1, italic=False, languageStyle='LTR', name='Interval1', opacity=1.0, ori=0, pos=array([0., 0.]), rgb=array([255., 255., 255.]), text='1', units='height', win=Window(...), wrapWidth=1)
11.6950 	EXP 	Created Interval2 = TextStim(__class__=<class 'psychopy.visual.text.TextStim'>, alignHoriz='center', alignVert='center', antialias=True, autoLog=True, bold=False, color='white', colorSpace='named', contrast=1.0, depth=-8.0, flipHoriz=False, flipVert=False, font='Arial', fontFiles=[], height=1, italic=False, languageStyle='LTR', name='Interval2', opacity=1.0, ori=0, pos=array([0., 0.]), rgb=array([255., 255., 255.]), text='2', units='height', win=Window(...), wrapWidth=1)
11.7343 	EXP 	Created Question_Text = TextStim(__class__=<class 'psychopy.visual.text.TextStim'>, alignHoriz='center', alignVert='center', antialias=True, autoLog=True, bold=False, color='white', colorSpace='named', contrast=1.0, depth=0.0, flipHoriz=False, flipVert=False, font='Arial', fontFiles=[], height=0.05, italic=False, languageStyle='LTR', name='Question_Text', opacity=1.0, ori=0, pos=array([0., 0.]), rgb=array([255., 255., 255.]), text=str(...), units='height', win=Window(...), wrapWidth=1)
11.7424 	EXP 	Created Feedback_text = TextStim(__class__=<class 'psychopy.visual.text.TextStim'>, alignHoriz='center', alignVert='center', antialias=True, autoLog=True, bold=False, color='white', colorSpace='named', contrast=1.0, depth=0.0, flipHoriz=False, flipVert=False, font='Arial', fontFiles=[], height=0.1, italic=False, languageStyle='LTR', name='Feedback_text', opacity=1.0, ori=0, pos=array([0., 0.]), rgb=array([255., 255., 255.]), text='default text', units='height', win=Window(...), wrapWidth=1)
11.7554 	EXP 	Created Next_Text = TextStim(__class__=<class 'psychopy.visual.text.TextStim'>, alignHoriz='center', alignVert='center', antialias=True, autoLog=True, bold=False, color='white', colorSpace='named', contrast=1.0, depth=0.0, flipHoriz=False, flipVert=False, font='Arial', fontFiles=[], height=0.1, italic=False, languageStyle='LTR', name='Next_Text', opacity=1.0, ori=0, pos=array([0., 0.]), rgb=array([255., 255., 255.]), text='Press SPACE to start the next trial', units='height', win=Window(...), wrapWidth=1)
12.1159 	EXP 	Welcome_Text: autoDraw = True
12.9381 	DATA 	Keypress: space
12.9500 	EXP 	Welcome_Text: autoDraw = False
12.9500 	EXP 	Instructions_Text: autoDraw = True
13.4681 	EXP 	Imported conditions.xlsx as conditions, 5 conditions, 5 params
13.4689 	EXP 	Created sequence: random, trialTypes=5, nReps=1, seed=None
13.4694 	EXP 	New trial (rep=0, index=0): OrderedDict([('interval', 1), ('probe1', 1), ('probe2', 0), ('startProbe1', 0.2), ('startProbe2', 0.0)])
13.4806 	DATA 	Keypress: space
13.5004 	EXP 	Instructions_Text: autoDraw = False
13.5004 	EXP 	Delay: autoDraw = True
14.4830 	EXP 	Delay: autoDraw = False
14.4995 	EXP 	Interval1: autoDraw = True
14.7829 	EXP 	Interval1: autoDraw = False
14.7993 	EXP 	ISI: autoDraw = True
15.5828 	EXP 	ISI: autoDraw = False
15.5992 	EXP 	Interval2: autoDraw = True
15.8829 	EXP 	Interval2: autoDraw = False
16.2330 	EXP 	Delay: autoDraw = False
16.2330 	EXP 	ISI: autoDraw = False
16.2330 	EXP 	Interval1: autoDraw = False
16.2330 	EXP 	Interval2: autoDraw = False
16.2330 	EXP 	Question_Text: autoDraw = True
16.4940 	DATA 	Keypress: 1
16.4990 	EXP 	Question_Text: autoDraw = False
16.4990 	EXP 	Feedback_text: color = 'white (named)'
16.4990 	EXP 	Feedback_text: text = 0.5
16.4990 	EXP 	Feedback_text: color = '[0.  0.4 0. ] (rgb)'
16.4990 	EXP 	Feedback_text: autoDraw = True
17.8157 	EXP 	Feedback_text: autoDraw = False
17.8157 	EXP 	Feedback_text: autoDraw = False
17.8157 	EXP 	Next_Text: autoDraw = True
18.2008 	EXP 	New trial (rep=0, index=1): OrderedDict([('interval', 1), ('probe1', 1), ('probe2', 0), ('startProbe1', 0.2), ('startProbe2', 0.0)])
18.2039 	DATA 	Keypress: space
18.2157 	EXP 	Next_Text: autoDraw = False
18.2157 	EXP 	Delay: autoDraw = True
19.2157 	EXP 	Delay: autoDraw = False
19.2327 	EXP 	Interval1: autoDraw = True
19.5157 	EXP 	Interval1: autoDraw = False
19.5327 	EXP 	ISI: autoDraw = True
20.3157 	EXP 	ISI: autoDraw = False
20.3327 	EXP 	Interval2: autoDraw = True
20.6157 	EXP 	Interval2: autoDraw = False
20.9658 	EXP 	Delay: autoDraw = False
20.9658 	EXP 	ISI: autoDraw = False
20.9658 	EXP 	Interval1: autoDraw = False
20.9658 	EXP 	Interval2: autoDraw = False
20.9658 	EXP 	Question_Text: autoDraw = True
23.2561 	DATA 	Keypress: 1
23.2657 	EXP 	Question_Text: autoDraw = False
23.2657 	EXP 	Feedback_text: color = 'white (named)'
23.2657 	EXP 	Feedback_text: text = 0.4
23.2657 	EXP 	Feedback_text: color = '[0.  0.3 0. ] (rgb)'
23.2657 	EXP 	Feedback_text: autoDraw = True
24.5824 	EXP 	Feedback_text: autoDraw = False
24.5824 	EXP 	Feedback_text: autoDraw = False
24.5824 	EXP 	Next_Text: autoDraw = True
24.8174 	EXP 	New trial (rep=0, index=2): OrderedDict([('interval', 1), ('probe1', 1), ('probe2', 0), ('startProbe1', 0.2), ('startProbe2', 0.0)])
24.8213 	DATA 	Keypress: space
24.8324 	EXP 	Next_Text: autoDraw = False
24.8324 	EXP 	Delay: autoDraw = True
25.8323 	EXP 	Delay: autoDraw = False
25.8490 	EXP 	Interval1: autoDraw = True
26.1325 	EXP 	Interval1: autoDraw = False
26.1489 	EXP 	ISI: autoDraw = True
26.9323 	EXP 	ISI: autoDraw = False
26.9491 	EXP 	Interval2: autoDraw = True
27.2324 	EXP 	Interval2: autoDraw = False
27.5991 	EXP 	Delay: autoDraw = False
27.5991 	EXP 	ISI: autoDraw = False
27.5991 	EXP 	Interval1: autoDraw = False
27.5991 	EXP 	Interval2: autoDraw = False
27.5991 	EXP 	Question_Text: autoDraw = True
27.9922 	DATA 	Keypress: 1
27.9989 	EXP 	Question_Text: autoDraw = False
27.9989 	EXP 	Feedback_text: color = 'white (named)'
27.9989 	EXP 	Feedback_text: text = 0.30000000000000004
27.9989 	EXP 	Feedback_text: color = '[0.  0.2 0. ] (rgb)'
27.9989 	EXP 	Feedback_text: autoDraw = True
29.3156 	EXP 	Feedback_text: autoDraw = False
29.3156 	EXP 	Feedback_text: autoDraw = False
29.3156 	EXP 	Next_Text: autoDraw = True
29.7171 	EXP 	New trial (rep=0, index=3): OrderedDict([('interval', 2), ('probe1', 0), ('probe2', 1), ('startProbe1', 0.0), ('startProbe2', 0.2)])
29.7205 	DATA 	Keypress: space
29.7324 	EXP 	Next_Text: autoDraw = False
29.7324 	EXP 	Delay: autoDraw = True
30.7324 	EXP 	Delay: autoDraw = False
30.7491 	EXP 	Interval1: autoDraw = True
31.0325 	EXP 	Interval1: autoDraw = False
31.0491 	EXP 	ISI: autoDraw = True
31.8326 	EXP 	ISI: autoDraw = False
31.8490 	EXP 	Interval2: autoDraw = True
32.1322 	EXP 	Interval2: autoDraw = False
32.4657 	EXP 	Delay: autoDraw = False
32.4657 	EXP 	ISI: autoDraw = False
32.4657 	EXP 	Interval1: autoDraw = False
32.4657 	EXP 	Interval2: autoDraw = False
32.4657 	EXP 	Question_Text: autoDraw = True
32.8415 	DATA 	Keypress: 2
32.8488 	EXP 	Question_Text: autoDraw = False
32.8488 	EXP 	Feedback_text: color = 'white (named)'
32.8488 	EXP 	Feedback_text: text = 0.20000000000000004
32.8488 	EXP 	Feedback_text: color = '[0.  0.1 0. ] (rgb)'
32.8488 	EXP 	Feedback_text: autoDraw = True
34.1322 	EXP 	Feedback_text: autoDraw = False
34.1322 	EXP 	Feedback_text: autoDraw = False
34.1322 	EXP 	Next_Text: autoDraw = True
34.6337 	EXP 	New trial (rep=0, index=4): OrderedDict([('interval', 2), ('probe1', 0), ('probe2', 1), ('startProbe1', 0.0), ('startProbe2', 0.2)])
34.6367 	DATA 	Keypress: space
34.6488 	EXP 	Next_Text: autoDraw = False
34.6488 	EXP 	Delay: autoDraw = True
35.6488 	EXP 	Delay: autoDraw = False
35.6655 	EXP 	Interval1: autoDraw = True
35.9488 	EXP 	Interval1: autoDraw = False
35.9654 	EXP 	ISI: autoDraw = True
36.7488 	EXP 	ISI: autoDraw = False
36.7656 	EXP 	Interval2: autoDraw = True
37.0488 	EXP 	Interval2: autoDraw = False
37.3655 	EXP 	Delay: autoDraw = False
37.3655 	EXP 	ISI: autoDraw = False
37.3655 	EXP 	Interval1: autoDraw = False
37.3655 	EXP 	Interval2: autoDraw = False
37.3655 	EXP 	Question_Text: autoDraw = True
37.8261 	DATA 	Keypress: 2
37.8321 	EXP 	Question_Text: autoDraw = False
37.8321 	EXP 	Feedback_text: color = 'white (named)'
37.8321 	EXP 	Feedback_text: text = 0.10000000000000003
37.8321 	EXP 	Feedback_text: color = '[0.00000000e+00 2.77555756e-17 0.00000000e+00] (rgb)'
37.8321 	EXP 	Feedback_text: autoDraw = True
39.1154 	EXP 	Feedback_text: autoDraw = False
39.1154 	EXP 	Feedback_text: autoDraw = False
39.1154 	EXP 	Next_Text: autoDraw = True
39.7023 	DATA 	Keypress: space
39.7156 	EXP 	Next_Text: autoDraw = False
40.0083 	EXP 	window1: mouseVisible = True
