17.9276 	WARNING 	User requested fullscreen with size [1024  768], but screen is actually [1440, 900]. Using actual size
18.8480 	EXP 	Created window1 = Window(allowGUI=False, allowStencil=False, args=UNKNOWN, autoLog=True, bitsMode=UNKNOWN, blendMode='avg', color=array([0., 0., 0.]), colorSpace='rgb', fullscr=<method-wrapper '__getattribute__' of attributeSetter object at 0x136df4898>, gamma=None, kwargs=UNKNOWN, lms=UNKNOWN, monitor=<psychopy.monitors.calibTools.Monitor object at 0x1386706a0>, multiSample=False, name='window1', numSamples=2, pos=[0.0, 0.0], screen=0, size=array([2880, 1800]), stereo=False, units='height', useFBO=True, useRetina=True, viewOri=0.0, viewPos=None, viewScale=None, waitBlanking=True, winType='pyglet')
18.8480 	EXP 	window1: recordFrameIntervals = False
19.0098 	EXP 	window1: recordFrameIntervals = True
19.1937 	EXP 	window1: recordFrameIntervals = False
20.7687 	EXP 	Created Welcome_Text = TextStim(__class__=<class 'psychopy.visual.text.TextStim'>, alignHoriz='center', alignVert='center', antialias=True, autoLog=True, bold=False, color='white', colorSpace='named', contrast=1.0, depth=0.0, flipHoriz=False, flipVert=False, font='Arial', fontFiles=[], height=0.1, italic=False, languageStyle='LTR', name='Welcome_Text', opacity=1.0, ori=0, pos=array([0., 0.]), rgb=array([255., 255., 255.]), text=str(...), units='height', win=Window(...), wrapWidth=1)
20.8417 	EXP 	Created Instructions_Text = TextStim(__class__=<class 'psychopy.visual.text.TextStim'>, alignHoriz='center', alignVert='center', antialias=True, autoLog=True, bold=False, color='white', colorSpace='named', contrast=1.0, depth=0.0, flipHoriz=False, flipVert=False, font='Arial', fontFiles=[], height=0.05, italic=False, languageStyle='LTR', name='Instructions_Text', opacity=1.0, ori=0, pos=array([0., 0.]), rgb=array([255., 255., 255.]), text=str(...), units='height', win=Window(...), wrapWidth=1)
20.9320 	EXP 	Sound  set volume 1.000
20.9370 	EXP 	Created Delay = TextStim(__class__=<class 'psychopy.visual.text.TextStim'>, alignHoriz='center', alignVert='center', antialias=True, autoLog=True, bold=False, color='black', colorSpace='named', contrast=1.0, depth=-1.0, flipHoriz=False, flipVert=False, font='Arial', fontFiles=[], height=0.1, italic=False, languageStyle='LTR', name='Delay', opacity=1.0, ori=0, pos=array([0., 0.]), rgb=array([0., 0., 0.]), text='\n+\n', units='height', win=Window(...), wrapWidth=1)
20.9380 	EXP 	Created ISI = TextStim(__class__=<class 'psychopy.visual.text.TextStim'>, alignHoriz='center', alignVert='center', antialias=True, autoLog=True, bold=False, color='black', colorSpace='named', contrast=1.0, depth=-2.0, flipHoriz=False, flipVert=False, font='Arial', fontFiles=[], height=0.1, italic=False, languageStyle='LTR', name='ISI', opacity=1.0, ori=0, pos=array([0., 0.]), rgb=array([0., 0., 0.]), text='', units='height', win=Window(...), wrapWidth=1)
20.9382 	EXP 	Sound  set volume 1.000
20.9433 	EXP 	Sound  set volume 1.000
20.9438 	EXP 	Sound  set volume 1.000
20.9984 	EXP 	Created Interval1 = TextStim(__class__=<class 'psychopy.visual.text.TextStim'>, alignHoriz='center', alignVert='center', antialias=True, autoLog=True, bold=False, color='white', colorSpace='named', contrast=1.0, depth=-6.0, flipHoriz=False, flipVert=False, font='Arial', fontFiles=[], height=1, italic=False, languageStyle='LTR', name='Interval1', opacity=1.0, ori=0, pos=array([0., 0.]), rgb=array([255., 255., 255.]), text='1', units='height', win=Window(...), wrapWidth=1)
21.0053 	EXP 	Created Interval2 = TextStim(__class__=<class 'psychopy.visual.text.TextStim'>, alignHoriz='center', alignVert='center', antialias=True, autoLog=True, bold=False, color='white', colorSpace='named', contrast=1.0, depth=-7.0, flipHoriz=False, flipVert=False, font='Arial', fontFiles=[], height=1, italic=False, languageStyle='LTR', name='Interval2', opacity=1.0, ori=0, pos=array([0., 0.]), rgb=array([255., 255., 255.]), text='2', units='height', win=Window(...), wrapWidth=1)
21.0396 	EXP 	Created Question_Text = TextStim(__class__=<class 'psychopy.visual.text.TextStim'>, alignHoriz='center', alignVert='center', antialias=True, autoLog=True, bold=False, color='white', colorSpace='named', contrast=1.0, depth=0.0, flipHoriz=False, flipVert=False, font='Arial', fontFiles=[], height=0.05, italic=False, languageStyle='LTR', name='Question_Text', opacity=1.0, ori=0, pos=array([0., 0.]), rgb=array([255., 255., 255.]), text=str(...), units='height', win=Window(...), wrapWidth=1)
21.0476 	EXP 	Created Feedback_text = TextStim(__class__=<class 'psychopy.visual.text.TextStim'>, alignHoriz='center', alignVert='center', antialias=True, autoLog=True, bold=False, color='white', colorSpace='named', contrast=1.0, depth=0.0, flipHoriz=False, flipVert=False, font='Arial', fontFiles=[], height=0.1, italic=False, languageStyle='LTR', name='Feedback_text', opacity=1.0, ori=0, pos=array([0., 0.]), rgb=array([255., 255., 255.]), text='FEEDBACK', units='height', win=Window(...), wrapWidth=1)
21.0631 	EXP 	Created Next_Text = TextStim(__class__=<class 'psychopy.visual.text.TextStim'>, alignHoriz='center', alignVert='center', antialias=True, autoLog=True, bold=False, color='white', colorSpace='named', contrast=1.0, depth=0.0, flipHoriz=False, flipVert=False, font='Arial', fontFiles=[], height=0.1, italic=False, languageStyle='LTR', name='Next_Text', opacity=1.0, ori=0, pos=array([0., 0.]), rgb=array([255., 255., 255.]), text='Press SPACE to start the next trial', units='height', win=Window(...), wrapWidth=1)
21.3927 	EXP 	Welcome_Text: autoDraw = True
22.6883 	DATA 	Keypress: space
22.7074 	EXP 	Welcome_Text: autoDraw = False
22.7074 	EXP 	Instructions_Text: autoDraw = True
22.7446 	EXP 	Imported conditions.xlsx as conditions, 5 conditions, 3 params
22.7463 	EXP 	Created sequence: random, trialTypes=5, nReps=5, seed=None
22.7469 	EXP 	New trial (rep=0, index=0): OrderedDict([('interval', 1), ('probe1', 1), ('probe2', 0)])
22.7533 	DATA 	Keypress: space
22.7577 	EXP 	Instructions_Text: autoDraw = False
22.7577 	EXP 	Delay: autoDraw = True
23.7573 	EXP 	Delay: autoDraw = False
23.7737 	EXP 	Interval1: autoDraw = True
24.0571 	EXP 	Interval1: autoDraw = False
24.0739 	EXP 	ISI: autoDraw = True
24.8572 	EXP 	ISI: autoDraw = False
24.8738 	EXP 	Interval2: autoDraw = True
25.4407 	EXP 	Delay: autoDraw = False
25.4407 	EXP 	ISI: autoDraw = False
25.4407 	EXP 	Interval1: autoDraw = False
25.4407 	EXP 	Interval2: autoDraw = False
25.4407 	EXP 	Question_Text: autoDraw = True
26.1111 	DATA 	Keypress: 1
26.1239 	EXP 	Question_Text: autoDraw = False
26.1239 	EXP 	Feedback_text: color = 'white (named)'
26.1239 	EXP 	Feedback_text: color = '[0. 1. 0.] (rgb)'
26.1239 	EXP 	Feedback_text: autoDraw = True
27.4738 	EXP 	Feedback_text: autoDraw = False
27.4738 	EXP 	Feedback_text: autoDraw = False
27.4738 	EXP 	Next_Text: autoDraw = True
28.1086 	EXP 	New trial (rep=0, index=1): OrderedDict([('interval', 2), ('probe1', 0), ('probe2', 1)])
28.1116 	DATA 	Keypress: space
28.1237 	EXP 	Next_Text: autoDraw = False
28.1237 	EXP 	Delay: autoDraw = True
29.1236 	EXP 	Delay: autoDraw = False
29.1403 	EXP 	Interval1: autoDraw = True
29.4237 	EXP 	Interval1: autoDraw = False
29.4405 	EXP 	ISI: autoDraw = True
30.2241 	EXP 	ISI: autoDraw = False
30.2403 	EXP 	Interval2: autoDraw = True
30.5238 	EXP 	Interval2: autoDraw = False
30.8240 	EXP 	Delay: autoDraw = False
30.8240 	EXP 	ISI: autoDraw = False
30.8240 	EXP 	Interval1: autoDraw = False
30.8240 	EXP 	Interval2: autoDraw = False
30.8240 	EXP 	Question_Text: autoDraw = True
31.1100 	DATA 	Keypress: 1
31.1237 	EXP 	Question_Text: autoDraw = False
31.1237 	EXP 	Feedback_text: color = 'white (named)'
31.1237 	EXP 	Feedback_text: color = '[1. 0. 0.] (rgb)'
31.1237 	EXP 	Feedback_text: autoDraw = True
32.4075 	EXP 	Feedback_text: autoDraw = False
32.4075 	EXP 	Feedback_text: autoDraw = False
32.4075 	EXP 	Next_Text: autoDraw = True
33.0916 	EXP 	New trial (rep=0, index=2): OrderedDict([('interval', 1), ('probe1', 1), ('probe2', 0)])
33.0948 	DATA 	Keypress: space
33.1071 	EXP 	Next_Text: autoDraw = False
33.1071 	EXP 	Delay: autoDraw = True
34.1070 	EXP 	Delay: autoDraw = False
34.1237 	EXP 	Interval1: autoDraw = True
34.4071 	EXP 	Interval1: autoDraw = False
34.4237 	EXP 	ISI: autoDraw = True
35.2070 	EXP 	ISI: autoDraw = False
35.2236 	EXP 	Interval2: autoDraw = True
35.5070 	EXP 	Interval2: autoDraw = False
35.7912 	EXP 	Delay: autoDraw = False
35.7912 	EXP 	ISI: autoDraw = False
35.7912 	EXP 	Interval1: autoDraw = False
35.7912 	EXP 	Interval2: autoDraw = False
35.7912 	EXP 	Question_Text: autoDraw = True
36.2770 	DATA 	Keypress: 1
36.2904 	EXP 	Question_Text: autoDraw = False
36.2904 	EXP 	Feedback_text: color = 'white (named)'
36.2904 	EXP 	Feedback_text: color = '[0. 1. 0.] (rgb)'
36.2904 	EXP 	Feedback_text: autoDraw = True
36.9780 	DATA 	Keypress: escape
37.4782 	EXP 	window1: mouseVisible = True
