11.5039 	WARNING 	User requested fullscreen with size [1024  768], but screen is actually [1440, 900]. Using actual size
12.4449 	EXP 	Created window1 = Window(allowGUI=False, allowStencil=False, args=UNKNOWN, autoLog=True, bitsMode=UNKNOWN, blendMode='avg', color=array([0., 0., 0.]), colorSpace='rgb', fullscr=<method-wrapper '__getattribute__' of attributeSetter object at 0x13702e7f0>, gamma=None, kwargs=UNKNOWN, lms=UNKNOWN, monitor=<psychopy.monitors.calibTools.Monitor object at 0x137dc2978>, multiSample=False, name='window1', numSamples=2, pos=[0.0, 0.0], screen=0, size=array([2880, 1800]), stereo=False, units='height', useFBO=True, useRetina=True, viewOri=0.0, viewPos=None, viewScale=None, waitBlanking=True, winType='pyglet')
12.4450 	EXP 	window1: recordFrameIntervals = False
12.6103 	EXP 	window1: recordFrameIntervals = True
12.7942 	EXP 	window1: recordFrameIntervals = False
14.2436 	EXP 	Created Welcome_Text = TextStim(__class__=<class 'psychopy.visual.text.TextStim'>, alignHoriz='center', alignVert='center', antialias=True, autoLog=True, bold=False, color='white', colorSpace='named', contrast=1.0, depth=0.0, flipHoriz=False, flipVert=False, font='Arial', fontFiles=[], height=0.1, italic=False, languageStyle='LTR', name='Welcome_Text', opacity=1.0, ori=0, pos=array([0., 0.]), rgb=array([255., 255., 255.]), text=str(...), units='height', win=Window(...), wrapWidth=1)
14.3135 	EXP 	Created Instructions_Text = TextStim(__class__=<class 'psychopy.visual.text.TextStim'>, alignHoriz='center', alignVert='center', antialias=True, autoLog=True, bold=False, color='white', colorSpace='named', contrast=1.0, depth=0.0, flipHoriz=False, flipVert=False, font='Arial', fontFiles=[], height=0.05, italic=False, languageStyle='LTR', name='Instructions_Text', opacity=1.0, ori=0, pos=array([0., 0.]), rgb=array([255., 255., 255.]), text=str(...), units='height', win=Window(...), wrapWidth=1)
14.3664 	EXP 	Sound  set volume 1.000
14.3703 	EXP 	Created Delay = TextStim(__class__=<class 'psychopy.visual.text.TextStim'>, alignHoriz='center', alignVert='center', antialias=True, autoLog=True, bold=False, color='black', colorSpace='named', contrast=1.0, depth=-1.0, flipHoriz=False, flipVert=False, font='Arial', fontFiles=[], height=0.1, italic=False, languageStyle='LTR', name='Delay', opacity=1.0, ori=0, pos=array([0., 0.]), rgb=array([0., 0., 0.]), text='\n+\n', units='height', win=Window(...), wrapWidth=1)
14.3708 	EXP 	Created ISI = TextStim(__class__=<class 'psychopy.visual.text.TextStim'>, alignHoriz='center', alignVert='center', antialias=True, autoLog=True, bold=False, color='black', colorSpace='named', contrast=1.0, depth=-2.0, flipHoriz=False, flipVert=False, font='Arial', fontFiles=[], height=0.1, italic=False, languageStyle='LTR', name='ISI', opacity=1.0, ori=0, pos=array([0., 0.]), rgb=array([0., 0., 0.]), text='', units='height', win=Window(...), wrapWidth=1)
14.3709 	EXP 	Sound  set volume 1.000
14.3734 	EXP 	Sound  set volume 1.000
14.3742 	EXP 	Sound  set volume 1.000
14.4473 	EXP 	Created Interval1 = TextStim(__class__=<class 'psychopy.visual.text.TextStim'>, alignHoriz='center', alignVert='center', antialias=True, autoLog=True, bold=False, color='white', colorSpace='named', contrast=1.0, depth=-6.0, flipHoriz=False, flipVert=False, font='Arial', fontFiles=[], height=1, italic=False, languageStyle='LTR', name='Interval1', opacity=1.0, ori=0, pos=array([0., 0.]), rgb=array([255., 255., 255.]), text='1', units='height', win=Window(...), wrapWidth=1)
14.4547 	EXP 	Created Interval2 = TextStim(__class__=<class 'psychopy.visual.text.TextStim'>, alignHoriz='center', alignVert='center', antialias=True, autoLog=True, bold=False, color='white', colorSpace='named', contrast=1.0, depth=-7.0, flipHoriz=False, flipVert=False, font='Arial', fontFiles=[], height=1, italic=False, languageStyle='LTR', name='Interval2', opacity=1.0, ori=0, pos=array([0., 0.]), rgb=array([255., 255., 255.]), text='2', units='height', win=Window(...), wrapWidth=1)
14.4900 	EXP 	Created Question_Text = TextStim(__class__=<class 'psychopy.visual.text.TextStim'>, alignHoriz='center', alignVert='center', antialias=True, autoLog=True, bold=False, color='white', colorSpace='named', contrast=1.0, depth=0.0, flipHoriz=False, flipVert=False, font='Arial', fontFiles=[], height=0.05, italic=False, languageStyle='LTR', name='Question_Text', opacity=1.0, ori=0, pos=array([0., 0.]), rgb=array([255., 255., 255.]), text=str(...), units='height', win=Window(...), wrapWidth=1)
14.4972 	EXP 	Created Feedback_text = TextStim(__class__=<class 'psychopy.visual.text.TextStim'>, alignHoriz='center', alignVert='center', antialias=True, autoLog=True, bold=False, color='white', colorSpace='named', contrast=1.0, depth=0.0, flipHoriz=False, flipVert=False, font='Arial', fontFiles=[], height=0.1, italic=False, languageStyle='LTR', name='Feedback_text', opacity=1.0, ori=0, pos=array([0., 0.]), rgb=array([255., 255., 255.]), text='FEEDBACK', units='height', win=Window(...), wrapWidth=1)
14.5105 	EXP 	Created Next_Text = TextStim(__class__=<class 'psychopy.visual.text.TextStim'>, alignHoriz='center', alignVert='center', antialias=True, autoLog=True, bold=False, color='white', colorSpace='named', contrast=1.0, depth=0.0, flipHoriz=False, flipVert=False, font='Arial', fontFiles=[], height=0.1, italic=False, languageStyle='LTR', name='Next_Text', opacity=1.0, ori=0, pos=array([0., 0.]), rgb=array([255., 255., 255.]), text='Press SPACE to start the next trial', units='height', win=Window(...), wrapWidth=1)
14.8311 	EXP 	Welcome_Text: autoDraw = True
16.3389 	DATA 	Keypress: space
16.3471 	EXP 	Welcome_Text: autoDraw = False
16.3471 	EXP 	Instructions_Text: autoDraw = True
17.2067 	EXP 	Imported conditions.xlsx as conditions, 5 conditions, 4 params
17.2089 	EXP 	Created sequence: random, trialTypes=5, nReps=5, seed=None
17.2097 	EXP 	New trial (rep=0, index=0): OrderedDict([('interval', 2), ('probe1', 0), ('probe2', 1), ('feedbackColour', 'red')])
17.2159 	DATA 	Keypress: space
17.2305 	EXP 	Instructions_Text: autoDraw = False
17.2305 	EXP 	Delay: autoDraw = True
18.2301 	EXP 	Delay: autoDraw = False
18.2301 	EXP 	Interval1: autoDraw = True
18.5301 	EXP 	ISI: autoDraw = True
18.5301 	EXP 	Interval1: autoDraw = False
18.7666 	DATA 	Keypress: 1
19.3302 	EXP 	ISI: autoDraw = False
19.3302 	EXP 	Interval2: autoDraw = True
19.8813 	EXP 	Delay: autoDraw = False
19.8813 	EXP 	ISI: autoDraw = False
19.8813 	EXP 	Interval1: autoDraw = False
19.8813 	EXP 	Interval2: autoDraw = False
19.8813 	EXP 	Question_Text: autoDraw = True
20.1503 	DATA 	Keypress: 1
20.1635 	EXP 	Question_Text: autoDraw = False
20.1635 	EXP 	Feedback_text: color = 'red (named)'
20.1635 	EXP 	Feedback_text: autoDraw = True
21.4474 	EXP 	Feedback_text: autoDraw = False
21.4474 	EXP 	Feedback_text: autoDraw = False
21.4474 	EXP 	Next_Text: autoDraw = True
22.7322 	EXP 	New trial (rep=0, index=1): OrderedDict([('interval', 2), ('probe1', 0), ('probe2', 1), ('feedbackColour', 'red')])
22.7359 	DATA 	Keypress: space
22.7467 	EXP 	Next_Text: autoDraw = False
22.7467 	EXP 	Delay: autoDraw = True
23.7468 	EXP 	Delay: autoDraw = False
23.7635 	EXP 	Interval1: autoDraw = True
24.0468 	EXP 	Interval1: autoDraw = False
24.0637 	EXP 	ISI: autoDraw = True
24.8470 	EXP 	ISI: autoDraw = False
24.8639 	EXP 	Interval2: autoDraw = True
25.1468 	EXP 	Interval2: autoDraw = False
25.7311 	DATA 	Keypress: 2
25.7474 	EXP 	Delay: autoDraw = False
25.7474 	EXP 	ISI: autoDraw = False
25.7474 	EXP 	Interval1: autoDraw = False
25.7474 	EXP 	Interval2: autoDraw = False
25.7474 	EXP 	Question_Text: autoDraw = True
25.7474 	EXP 	Question_Text: autoDraw = False
25.7474 	EXP 	Feedback_text: color = 'red (named)'
25.7474 	EXP 	Feedback_text: autoDraw = False
25.7474 	EXP 	Next_Text: autoDraw = True
26.0323 	DATA 	Keypress: 2
26.8253 	DATA 	Keypress: escape
27.2944 	EXP 	window1: mouseVisible = True
