7.0858 	WARNING 	User requested fullscreen with size [1024  768], but screen is actually [1440, 900]. Using actual size
7.8580 	EXP 	Created window1 = Window(allowGUI=False, allowStencil=False, args=UNKNOWN, autoLog=True, bitsMode=UNKNOWN, blendMode='avg', color=array([0., 0., 0.]), colorSpace='rgb', fullscr=<method-wrapper '__getattribute__' of attributeSetter object at 0x137e94b70>, gamma=None, kwargs=UNKNOWN, lms=UNKNOWN, monitor=<psychopy.monitors.calibTools.Monitor object at 0x137da8f28>, multiSample=False, name='window1', numSamples=2, pos=[0.0, 0.0], screen=0, size=array([2880, 1800]), stereo=False, units='height', useFBO=True, useRetina=True, viewOri=0.0, viewPos=None, viewScale=None, waitBlanking=True, winType='pyglet')
7.8580 	EXP 	window1: recordFrameIntervals = False
8.0241 	EXP 	window1: recordFrameIntervals = True
8.2074 	EXP 	window1: recordFrameIntervals = False
9.1630 	EXP 	Created Welcome_Text = TextStim(__class__=<class 'psychopy.visual.text.TextStim'>, alignHoriz='center', alignVert='center', antialias=True, autoLog=True, bold=False, color='white', colorSpace='named', contrast=1.0, depth=0.0, flipHoriz=False, flipVert=False, font='Arial', fontFiles=[], height=0.1, italic=False, languageStyle='LTR', name='Welcome_Text', opacity=1.0, ori=0, pos=array([0., 0.]), rgb=array([255., 255., 255.]), text=str(...), units='height', win=Window(...), wrapWidth=1)
9.2379 	EXP 	Created Instructions_Text = TextStim(__class__=<class 'psychopy.visual.text.TextStim'>, alignHoriz='center', alignVert='center', antialias=True, autoLog=True, bold=False, color='white', colorSpace='named', contrast=1.0, depth=0.0, flipHoriz=False, flipVert=False, font='Arial', fontFiles=[], height=0.08, italic=False, languageStyle='LTR', name='Instructions_Text', opacity=1.0, ori=0, pos=array([0., 0.]), rgb=array([255., 255., 255.]), text=str(...), units='height', win=Window(...), wrapWidth=1)
9.2765 	EXP 	Sound  set volume 1.000
9.2810 	EXP 	Created Delay = TextStim(__class__=<class 'psychopy.visual.text.TextStim'>, alignHoriz='center', alignVert='center', antialias=True, autoLog=True, bold=False, color='black', colorSpace='named', contrast=1.0, depth=-1.0, flipHoriz=False, flipVert=False, font='Arial', fontFiles=[], height=0.1, italic=False, languageStyle='LTR', name='Delay', opacity=1.0, ori=0, pos=array([0., 0.]), rgb=array([0., 0., 0.]), text='+\n', units='height', win=Window(...), wrapWidth=1)
9.2891 	EXP 	Created ISI = TextStim(__class__=<class 'psychopy.visual.text.TextStim'>, alignHoriz='center', alignVert='center', antialias=True, autoLog=True, bold=False, color='black', colorSpace='named', contrast=1.0, depth=-2.0, flipHoriz=False, flipVert=False, font='Arial', fontFiles=[], height=0.1, italic=False, languageStyle='LTR', name='ISI', opacity=1.0, ori=0, pos=array([0., 0.]), rgb=array([0., 0., 0.]), text='Sound off now', units='height', win=Window(...), wrapWidth=1)
9.2892 	EXP 	Sound  set volume 1.000
9.2910 	EXP 	Sound  set volume 1.000
9.2915 	EXP 	Sound  set volume 1.000
9.2947 	EXP 	Created Interval1 = TextStim(__class__=<class 'psychopy.visual.text.TextStim'>, alignHoriz='center', alignVert='center', antialias=True, autoLog=True, bold=False, color='white', colorSpace='named', contrast=1.0, depth=-6.0, flipHoriz=False, flipVert=False, font='Arial', fontFiles=[], height=0.1, italic=False, languageStyle='LTR', name='Interval1', opacity=1.0, ori=0, pos=array([0., 0.]), rgb=array([255., 255., 255.]), text='1', units='height', win=Window(...), wrapWidth=1)
9.2974 	EXP 	Created Interval2 = TextStim(__class__=<class 'psychopy.visual.text.TextStim'>, alignHoriz='center', alignVert='center', antialias=True, autoLog=True, bold=False, color='white', colorSpace='named', contrast=1.0, depth=-7.0, flipHoriz=False, flipVert=False, font='Arial', fontFiles=[], height=0.1, italic=False, languageStyle='LTR', name='Interval2', opacity=1.0, ori=0, pos=array([0., 0.]), rgb=array([255., 255., 255.]), text='2', units='height', win=Window(...), wrapWidth=1)
9.5901 	EXP 	Welcome_Text: autoDraw = True
10.6044 	DATA 	Keypress: space
10.6117 	EXP 	Welcome_Text: autoDraw = False
10.6117 	EXP 	Instructions_Text: autoDraw = True
13.2786 	EXP 	Created sequence: random, trialTypes=1, nReps=5, seed=None
13.2788 	EXP 	New trial (rep=0, index=0): None
13.2838 	DATA 	Keypress: space
13.2944 	EXP 	Instructions_Text: autoDraw = False
13.2944 	EXP 	Delay: autoDraw = True
14.2942 	EXP 	Delay: autoDraw = False
14.3108 	EXP 	Interval1: autoDraw = True
14.5945 	EXP 	Interval1: autoDraw = False
14.6112 	EXP 	ISI: autoDraw = True
15.3945 	EXP 	ISI: autoDraw = False
15.4111 	EXP 	Interval2: autoDraw = True
15.6956 	EXP 	Interval2: autoDraw = False
15.6981 	EXP 	New trial (rep=1, index=0): None
15.7113 	EXP 	Delay: autoDraw = False
15.7113 	EXP 	ISI: autoDraw = False
15.7113 	EXP 	Interval1: autoDraw = False
15.7113 	EXP 	Interval2: autoDraw = False
15.7113 	EXP 	Delay: autoDraw = True
16.7111 	EXP 	Delay: autoDraw = False
16.7283 	EXP 	Interval1: autoDraw = True
17.0106 	EXP 	Interval1: autoDraw = False
17.0274 	EXP 	ISI: autoDraw = True
17.8112 	EXP 	ISI: autoDraw = False
17.8279 	EXP 	Interval2: autoDraw = True
18.0963 	EXP 	New trial (rep=2, index=0): None
18.1113 	EXP 	Delay: autoDraw = False
18.1113 	EXP 	ISI: autoDraw = False
18.1113 	EXP 	Interval1: autoDraw = False
18.1113 	EXP 	Interval2: autoDraw = False
18.1113 	EXP 	Delay: autoDraw = True
19.1113 	EXP 	Delay: autoDraw = False
19.1279 	EXP 	Interval1: autoDraw = True
19.4112 	EXP 	Interval1: autoDraw = False
19.4276 	EXP 	ISI: autoDraw = True
20.2112 	EXP 	ISI: autoDraw = False
20.2279 	EXP 	Interval2: autoDraw = True
20.2299 	DATA 	Keypress: escape
20.7909 	EXP 	window1: mouseVisible = True
