10.0527 	WARNING 	User requested fullscreen with size [1024  768], but screen is actually [1440, 900]. Using actual size
11.3606 	EXP 	Created window1 = Window(allowGUI=False, allowStencil=False, args=UNKNOWN, autoLog=True, bitsMode=UNKNOWN, blendMode='avg', color=array([0., 0., 0.]), colorSpace='rgb', fullscr=<method-wrapper '__getattribute__' of attributeSetter object at 0x137d6e780>, gamma=None, kwargs=UNKNOWN, lms=UNKNOWN, monitor=<psychopy.monitors.calibTools.Monitor object at 0x137c07908>, multiSample=False, name='window1', numSamples=2, pos=[0.0, 0.0], screen=0, size=array([2880, 1800]), stereo=False, units='height', useFBO=True, useRetina=True, viewOri=0.0, viewPos=None, viewScale=None, waitBlanking=True, winType='pyglet')
11.3607 	EXP 	window1: recordFrameIntervals = False
11.5258 	EXP 	window1: recordFrameIntervals = True
11.7093 	EXP 	window1: recordFrameIntervals = False
13.3578 	EXP 	Created Welcome_Text = TextStim(__class__=<class 'psychopy.visual.text.TextStim'>, alignHoriz='center', alignVert='center', antialias=True, autoLog=True, bold=False, color='white', colorSpace='named', contrast=1.0, depth=0.0, flipHoriz=False, flipVert=False, font='Arial', fontFiles=[], height=0.1, italic=False, languageStyle='LTR', name='Welcome_Text', opacity=1.0, ori=0, pos=array([0., 0.]), rgb=array([255., 255., 255.]), text=str(...), units='height', win=Window(...), wrapWidth=1)
13.4247 	EXP 	Created Instructions_Text = TextStim(__class__=<class 'psychopy.visual.text.TextStim'>, alignHoriz='center', alignVert='center', antialias=True, autoLog=True, bold=False, color='white', colorSpace='named', contrast=1.0, depth=0.0, flipHoriz=False, flipVert=False, font='Arial', fontFiles=[], height=0.05, italic=False, languageStyle='LTR', name='Instructions_Text', opacity=1.0, ori=0, pos=array([0., 0.]), rgb=array([255., 255., 255.]), text=str(...), units='height', win=Window(...), wrapWidth=1)
13.6045 	EXP 	Sound  set volume 1.000
13.6094 	EXP 	Created Delay = TextStim(__class__=<class 'psychopy.visual.text.TextStim'>, alignHoriz='center', alignVert='center', antialias=True, autoLog=True, bold=False, color='black', colorSpace='named', contrast=1.0, depth=-1.0, flipHoriz=False, flipVert=False, font='Arial', fontFiles=[], height=0.1, italic=False, languageStyle='LTR', name='Delay', opacity=1.0, ori=0, pos=array([0., 0.]), rgb=array([0., 0., 0.]), text='\n+\n', units='height', win=Window(...), wrapWidth=1)
13.6104 	EXP 	Created ISI = TextStim(__class__=<class 'psychopy.visual.text.TextStim'>, alignHoriz='center', alignVert='center', antialias=True, autoLog=True, bold=False, color='black', colorSpace='named', contrast=1.0, depth=-2.0, flipHoriz=False, flipVert=False, font='Arial', fontFiles=[], height=0.1, italic=False, languageStyle='LTR', name='ISI', opacity=1.0, ori=0, pos=array([0., 0.]), rgb=array([0., 0., 0.]), text='', units='height', win=Window(...), wrapWidth=1)
13.6106 	EXP 	Sound  set volume 1.000
13.6401 	EXP 	Sound  set volume 1.000
13.6409 	EXP 	Sound  set volume 1.000
13.7005 	EXP 	Created Interval1 = TextStim(__class__=<class 'psychopy.visual.text.TextStim'>, alignHoriz='center', alignVert='center', antialias=True, autoLog=True, bold=False, color='white', colorSpace='named', contrast=1.0, depth=-6.0, flipHoriz=False, flipVert=False, font='Arial', fontFiles=[], height=1, italic=False, languageStyle='LTR', name='Interval1', opacity=1.0, ori=0, pos=array([0., 0.]), rgb=array([255., 255., 255.]), text='1', units='height', win=Window(...), wrapWidth=1)
13.7089 	EXP 	Created Interval2 = TextStim(__class__=<class 'psychopy.visual.text.TextStim'>, alignHoriz='center', alignVert='center', antialias=True, autoLog=True, bold=False, color='white', colorSpace='named', contrast=1.0, depth=-7.0, flipHoriz=False, flipVert=False, font='Arial', fontFiles=[], height=1, italic=False, languageStyle='LTR', name='Interval2', opacity=1.0, ori=0, pos=array([0., 0.]), rgb=array([255., 255., 255.]), text='2', units='height', win=Window(...), wrapWidth=1)
13.7499 	EXP 	Created Question_Text = TextStim(__class__=<class 'psychopy.visual.text.TextStim'>, alignHoriz='center', alignVert='center', antialias=True, autoLog=True, bold=False, color='white', colorSpace='named', contrast=1.0, depth=0.0, flipHoriz=False, flipVert=False, font='Arial', fontFiles=[], height=0.05, italic=False, languageStyle='LTR', name='Question_Text', opacity=1.0, ori=0, pos=array([0., 0.]), rgb=array([255., 255., 255.]), text=str(...), units='height', win=Window(...), wrapWidth=1)
13.7611 	EXP 	Created Feedback_text = TextStim(__class__=<class 'psychopy.visual.text.TextStim'>, alignHoriz='center', alignVert='center', antialias=True, autoLog=True, bold=False, color='white', colorSpace='named', contrast=1.0, depth=0.0, flipHoriz=False, flipVert=False, font='Arial', fontFiles=[], height=0.1, italic=False, languageStyle='LTR', name='Feedback_text', opacity=1.0, ori=0, pos=array([0., 0.]), rgb=array([255., 255., 255.]), text='FEEDBACK', units='height', win=Window(...), wrapWidth=1)
13.7806 	EXP 	Created Next_Text = TextStim(__class__=<class 'psychopy.visual.text.TextStim'>, alignHoriz='center', alignVert='center', antialias=True, autoLog=True, bold=False, color='white', colorSpace='named', contrast=1.0, depth=0.0, flipHoriz=False, flipVert=False, font='Arial', fontFiles=[], height=0.1, italic=False, languageStyle='LTR', name='Next_Text', opacity=1.0, ori=0, pos=array([0., 0.]), rgb=array([255., 255., 255.]), text='Press SPACE to start the next trial', units='height', win=Window(...), wrapWidth=1)
14.1263 	EXP 	Welcome_Text: autoDraw = True
14.8353 	DATA 	Keypress: space
14.8427 	EXP 	Welcome_Text: autoDraw = False
14.8427 	EXP 	Instructions_Text: autoDraw = True
15.2006 	EXP 	Imported conditions.xlsx as conditions, 5 conditions, 4 params
15.2022 	EXP 	Created sequence: random, trialTypes=5, nReps=5, seed=None
15.2027 	EXP 	New trial (rep=0, index=0): OrderedDict([('interval', 2), ('probe1', 0), ('probe2', 1), ('feedbackColour', None)])
15.2104 	DATA 	Keypress: space
15.2257 	EXP 	Instructions_Text: autoDraw = False
15.2257 	EXP 	Delay: autoDraw = True
16.2090 	EXP 	Delay: autoDraw = False
16.2258 	EXP 	Interval1: autoDraw = True
16.5094 	EXP 	Interval1: autoDraw = False
16.5261 	EXP 	ISI: autoDraw = True
17.3090 	EXP 	ISI: autoDraw = False
17.3257 	EXP 	Interval2: autoDraw = True
17.9091 	EXP 	Delay: autoDraw = False
17.9091 	EXP 	ISI: autoDraw = False
17.9091 	EXP 	Interval1: autoDraw = False
17.9091 	EXP 	Interval2: autoDraw = False
17.9091 	EXP 	Question_Text: autoDraw = True
18.2797 	DATA 	Keypress: 2
18.2922 	EXP 	Question_Text: autoDraw = False
18.2922 	EXP 	Feedback_text: autoDraw = True
19.5763 	EXP 	Feedback_text: autoDraw = False
19.5763 	EXP 	Feedback_text: autoDraw = False
19.5763 	EXP 	Next_Text: autoDraw = True
20.4443 	EXP 	New trial (rep=0, index=1): OrderedDict([('interval', 1), ('probe1', 1), ('probe2', 0), ('feedbackColour', None)])
20.4541 	DATA 	Keypress: space
20.4589 	EXP 	Next_Text: autoDraw = False
20.4589 	EXP 	Delay: autoDraw = True
21.4589 	EXP 	Delay: autoDraw = False
21.4755 	EXP 	Interval1: autoDraw = True
21.7588 	EXP 	Interval1: autoDraw = False
21.7756 	EXP 	ISI: autoDraw = True
22.5589 	EXP 	ISI: autoDraw = False
22.5755 	EXP 	Interval2: autoDraw = True
22.8588 	EXP 	Interval2: autoDraw = False
23.1612 	EXP 	Delay: autoDraw = False
23.1612 	EXP 	ISI: autoDraw = False
23.1612 	EXP 	Interval1: autoDraw = False
23.1612 	EXP 	Interval2: autoDraw = False
23.1612 	EXP 	Question_Text: autoDraw = True
23.5953 	DATA 	Keypress: 1
23.6089 	EXP 	Question_Text: autoDraw = False
23.6089 	EXP 	Feedback_text: color = 'Firebrick (named)'
23.6089 	EXP 	Feedback_text: autoDraw = True
24.4155 	DATA 	Keypress: escape
24.9653 	EXP 	window1: mouseVisible = True
