9.3433 	WARNING 	User requested fullscreen with size [1024  768], but screen is actually [1440, 900]. Using actual size
10.3181 	EXP 	Created window1 = Window(allowGUI=False, allowStencil=False, args=UNKNOWN, autoLog=True, bitsMode=UNKNOWN, blendMode='avg', color=array([0., 0., 0.]), colorSpace='rgb', fullscr=<method-wrapper '__getattribute__' of attributeSetter object at 0x13798c780>, gamma=None, kwargs=UNKNOWN, lms=UNKNOWN, monitor=<psychopy.monitors.calibTools.Monitor object at 0x137850518>, multiSample=False, name='window1', numSamples=2, pos=[0.0, 0.0], screen=0, size=array([2880, 1800]), stereo=False, units='height', useFBO=True, useRetina=True, viewOri=0.0, viewPos=None, viewScale=None, waitBlanking=True, winType='pyglet')
10.3181 	EXP 	window1: recordFrameIntervals = False
10.4847 	EXP 	window1: recordFrameIntervals = True
10.6683 	EXP 	window1: recordFrameIntervals = False
12.0962 	EXP 	Created Welcome_Text = TextStim(__class__=<class 'psychopy.visual.text.TextStim'>, alignHoriz='center', alignVert='center', antialias=True, autoLog=True, bold=False, color='white', colorSpace='named', contrast=1.0, depth=0.0, flipHoriz=False, flipVert=False, font='Arial', fontFiles=[], height=0.1, italic=False, languageStyle='LTR', name='Welcome_Text', opacity=1.0, ori=0, pos=array([0., 0.]), rgb=array([255., 255., 255.]), text=str(...), units='height', win=Window(...), wrapWidth=1)
12.1677 	EXP 	Created Instructions_Text = TextStim(__class__=<class 'psychopy.visual.text.TextStim'>, alignHoriz='center', alignVert='center', antialias=True, autoLog=True, bold=False, color='white', colorSpace='named', contrast=1.0, depth=0.0, flipHoriz=False, flipVert=False, font='Arial', fontFiles=[], height=0.05, italic=False, languageStyle='LTR', name='Instructions_Text', opacity=1.0, ori=0, pos=array([0., 0.]), rgb=array([255., 255., 255.]), text=str(...), units='height', win=Window(...), wrapWidth=1)
12.2287 	EXP 	Sound  set volume 1.000
12.2382 	EXP 	Created Delay = TextStim(__class__=<class 'psychopy.visual.text.TextStim'>, alignHoriz='center', alignVert='center', antialias=True, autoLog=True, bold=False, color='black', colorSpace='named', contrast=1.0, depth=-1.0, flipHoriz=False, flipVert=False, font='Arial', fontFiles=[], height=0.1, italic=False, languageStyle='LTR', name='Delay', opacity=1.0, ori=0, pos=array([0., 0.]), rgb=array([0., 0., 0.]), text='\n+\n', units='height', win=Window(...), wrapWidth=1)
12.2390 	EXP 	Created ISI = TextStim(__class__=<class 'psychopy.visual.text.TextStim'>, alignHoriz='center', alignVert='center', antialias=True, autoLog=True, bold=False, color='black', colorSpace='named', contrast=1.0, depth=-2.0, flipHoriz=False, flipVert=False, font='Arial', fontFiles=[], height=0.1, italic=False, languageStyle='LTR', name='ISI', opacity=1.0, ori=0, pos=array([0., 0.]), rgb=array([0., 0., 0.]), text='', units='height', win=Window(...), wrapWidth=1)
12.2391 	EXP 	Sound  set volume 1.000
12.2410 	EXP 	Sound  set volume 1.000
12.2415 	EXP 	Sound  set volume 1.000
12.2937 	EXP 	Created Interval1 = TextStim(__class__=<class 'psychopy.visual.text.TextStim'>, alignHoriz='center', alignVert='center', antialias=True, autoLog=True, bold=False, color='white', colorSpace='named', contrast=1.0, depth=-6.0, flipHoriz=False, flipVert=False, font='Arial', fontFiles=[], height=1, italic=False, languageStyle='LTR', name='Interval1', opacity=1.0, ori=0, pos=array([0., 0.]), rgb=array([255., 255., 255.]), text='1', units='height', win=Window(...), wrapWidth=1)
12.2993 	EXP 	Created Interval2 = TextStim(__class__=<class 'psychopy.visual.text.TextStim'>, alignHoriz='center', alignVert='center', antialias=True, autoLog=True, bold=False, color='white', colorSpace='named', contrast=1.0, depth=-7.0, flipHoriz=False, flipVert=False, font='Arial', fontFiles=[], height=1, italic=False, languageStyle='LTR', name='Interval2', opacity=1.0, ori=0, pos=array([0., 0.]), rgb=array([255., 255., 255.]), text='2', units='height', win=Window(...), wrapWidth=1)
12.3226 	EXP 	Created Question_Text = TextStim(__class__=<class 'psychopy.visual.text.TextStim'>, alignHoriz='center', alignVert='center', antialias=True, autoLog=True, bold=False, color='white', colorSpace='named', contrast=1.0, depth=0.0, flipHoriz=False, flipVert=False, font='Arial', fontFiles=[], height=0.05, italic=False, languageStyle='LTR', name='Question_Text', opacity=1.0, ori=0, pos=array([0., 0.]), rgb=array([255., 255., 255.]), text=str(...), units='height', win=Window(...), wrapWidth=1)
12.3298 	EXP 	Created Feedback_text = TextStim(__class__=<class 'psychopy.visual.text.TextStim'>, alignHoriz='center', alignVert='center', antialias=True, autoLog=True, bold=False, color='white', colorSpace='named', contrast=1.0, depth=0.0, flipHoriz=False, flipVert=False, font='Arial', fontFiles=[], height=0.1, italic=False, languageStyle='LTR', name='Feedback_text', opacity=1.0, ori=0, pos=array([0., 0.]), rgb=array([255., 255., 255.]), text='FEEDBACK', units='height', win=Window(...), wrapWidth=1)
12.3424 	EXP 	Created Next_Text = TextStim(__class__=<class 'psychopy.visual.text.TextStim'>, alignHoriz='center', alignVert='center', antialias=True, autoLog=True, bold=False, color='white', colorSpace='named', contrast=1.0, depth=0.0, flipHoriz=False, flipVert=False, font='Arial', fontFiles=[], height=0.1, italic=False, languageStyle='LTR', name='Next_Text', opacity=1.0, ori=0, pos=array([0., 0.]), rgb=array([255., 255., 255.]), text='Press SPACE to start the next trial', units='height', win=Window(...), wrapWidth=1)
12.7017 	EXP 	Welcome_Text: autoDraw = True
13.8216 	DATA 	Keypress: space
13.8344 	EXP 	Welcome_Text: autoDraw = False
13.8344 	EXP 	Instructions_Text: autoDraw = True
14.2499 	EXP 	Imported conditions.xlsx as conditions, 5 conditions, 3 params
14.2507 	EXP 	Created sequence: random, trialTypes=5, nReps=5, seed=None
14.2510 	EXP 	New trial (rep=0, index=0): OrderedDict([('interval', 1), ('probe1', 1), ('probe2', 0)])
14.2576 	DATA 	Keypress: space
14.2682 	EXP 	Instructions_Text: autoDraw = False
14.2682 	EXP 	Delay: autoDraw = True
15.2676 	EXP 	Delay: autoDraw = False
15.2842 	EXP 	Interval1: autoDraw = True
15.5677 	EXP 	Interval1: autoDraw = False
15.5841 	EXP 	ISI: autoDraw = True
16.3679 	EXP 	ISI: autoDraw = False
16.3679 	EXP 	Interval2: autoDraw = True
16.9516 	EXP 	Delay: autoDraw = False
16.9516 	EXP 	ISI: autoDraw = False
16.9516 	EXP 	Interval1: autoDraw = False
16.9516 	EXP 	Interval2: autoDraw = False
16.9516 	EXP 	Question_Text: autoDraw = True
17.3564 	DATA 	Keypress: 1
17.3680 	EXP 	Question_Text: autoDraw = False
17.3680 	EXP 	Feedback_text: autoDraw = True
18.6348 	EXP 	Feedback_text: autoDraw = False
18.6348 	EXP 	Feedback_text: autoDraw = False
18.6348 	EXP 	Next_Text: autoDraw = True
19.2702 	EXP 	New trial (rep=0, index=1): OrderedDict([('interval', 2), ('probe1', 0), ('probe2', 1)])
19.2739 	DATA 	Keypress: space
19.2847 	EXP 	Next_Text: autoDraw = False
19.2847 	EXP 	Delay: autoDraw = True
20.2846 	EXP 	Delay: autoDraw = False
20.3011 	EXP 	Interval1: autoDraw = True
20.5846 	EXP 	Interval1: autoDraw = False
20.6012 	EXP 	ISI: autoDraw = True
21.3848 	EXP 	ISI: autoDraw = False
21.4012 	EXP 	Interval2: autoDraw = True
21.6841 	EXP 	Interval2: autoDraw = False
21.9693 	EXP 	Delay: autoDraw = False
21.9693 	EXP 	ISI: autoDraw = False
21.9693 	EXP 	Interval1: autoDraw = False
21.9693 	EXP 	Interval2: autoDraw = False
21.9693 	EXP 	Question_Text: autoDraw = True
22.8509 	EXP 	window1: mouseVisible = True
