7.8742 	WARNING 	User requested fullscreen with size [1024  768], but screen is actually [1440, 900]. Using actual size
8.7511 	EXP 	Created window1 = Window(allowGUI=False, allowStencil=False, args=UNKNOWN, autoLog=True, bitsMode=UNKNOWN, blendMode='avg', color=array([0., 0., 0.]), colorSpace='rgb', fullscr=<method-wrapper '__getattribute__' of attributeSetter object at 0x137a95c18>, gamma=None, kwargs=UNKNOWN, lms=UNKNOWN, monitor=<psychopy.monitors.calibTools.Monitor object at 0x137d86198>, multiSample=False, name='window1', numSamples=2, pos=[0.0, 0.0], screen=0, size=array([2880, 1800]), stereo=False, units='height', useFBO=True, useRetina=True, viewOri=0.0, viewPos=None, viewScale=None, waitBlanking=True, winType='pyglet')
8.7512 	EXP 	window1: recordFrameIntervals = False
8.9173 	EXP 	window1: recordFrameIntervals = True
9.1009 	EXP 	window1: recordFrameIntervals = False
10.0932 	EXP 	Created Welcome_Text = TextStim(__class__=<class 'psychopy.visual.text.TextStim'>, alignHoriz='center', alignVert='center', antialias=True, autoLog=True, bold=False, color='white', colorSpace='named', contrast=1.0, depth=0.0, flipHoriz=False, flipVert=False, font='Arial', fontFiles=[], height=0.1, italic=False, languageStyle='LTR', name='Welcome_Text', opacity=1.0, ori=0, pos=array([0., 0.]), rgb=array([255., 255., 255.]), text=str(...), units='height', win=Window(...), wrapWidth=1)
10.1554 	EXP 	Created Instructions_Text = TextStim(__class__=<class 'psychopy.visual.text.TextStim'>, alignHoriz='center', alignVert='center', antialias=True, autoLog=True, bold=False, color='white', colorSpace='named', contrast=1.0, depth=0.0, flipHoriz=False, flipVert=False, font='Arial', fontFiles=[], height=0.01, italic=False, languageStyle='LTR', name='Instructions_Text', opacity=1.0, ori=0, pos=array([0., 0.]), rgb=array([255., 255., 255.]), text=str(...), units='height', win=Window(...), wrapWidth=1)
10.1844 	EXP 	Sound  set volume 1.000
10.1896 	EXP 	Created Delay = TextStim(__class__=<class 'psychopy.visual.text.TextStim'>, alignHoriz='center', alignVert='center', antialias=True, autoLog=True, bold=False, color='black', colorSpace='named', contrast=1.0, depth=-1.0, flipHoriz=False, flipVert=False, font='Arial', fontFiles=[], height=0.1, italic=False, languageStyle='LTR', name='Delay', opacity=1.0, ori=0, pos=array([0., 0.]), rgb=array([0., 0., 0.]), text='Delay', units='height', win=Window(...), wrapWidth=1)
10.1982 	EXP 	Created ISI = TextStim(__class__=<class 'psychopy.visual.text.TextStim'>, alignHoriz='center', alignVert='center', antialias=True, autoLog=True, bold=False, color='black', colorSpace='named', contrast=1.0, depth=-2.0, flipHoriz=False, flipVert=False, font='Arial', fontFiles=[], height=0.1, italic=False, languageStyle='LTR', name='ISI', opacity=1.0, ori=0, pos=array([0., 0.]), rgb=array([0., 0., 0.]), text='Sound off now', units='height', win=Window(...), wrapWidth=1)
10.1983 	EXP 	Sound  set volume 1.000
10.2002 	EXP 	Sound  set volume 1.000
10.2009 	EXP 	Sound  set volume 1.000
10.4837 	EXP 	Welcome_Text: autoDraw = True
11.7503 	DATA 	Keypress: space
11.7555 	EXP 	Welcome_Text: autoDraw = False
11.7555 	EXP 	Instructions_Text: autoDraw = True
15.8224 	EXP 	Created sequence: random, trialTypes=1, nReps=5, seed=None
15.8228 	EXP 	New trial (rep=0, index=0): None
15.8294 	DATA 	Keypress: space
15.8380 	EXP 	Instructions_Text: autoDraw = False
15.8380 	EXP 	Delay: autoDraw = True
16.8380 	EXP 	Delay: autoDraw = False
17.1542 	EXP 	ISI: autoDraw = True
17.9376 	EXP 	ISI: autoDraw = False
18.2395 	EXP 	New trial (rep=1, index=0): None
18.2545 	EXP 	Delay: autoDraw = False
18.2545 	EXP 	ISI: autoDraw = False
18.2545 	EXP 	Delay: autoDraw = True
19.2544 	EXP 	Delay: autoDraw = False
19.5711 	EXP 	ISI: autoDraw = True
20.3543 	EXP 	ISI: autoDraw = False
20.6394 	EXP 	New trial (rep=2, index=0): None
20.6542 	EXP 	Delay: autoDraw = False
20.6542 	EXP 	ISI: autoDraw = False
20.6542 	EXP 	Delay: autoDraw = True
21.6548 	EXP 	Delay: autoDraw = False
21.9712 	EXP 	ISI: autoDraw = True
22.2398 	DATA 	Keypress: escape
22.7999 	EXP 	window1: mouseVisible = True
