9.7901 	WARNING 	User requested fullscreen with size [1024  768], but screen is actually [1440, 900]. Using actual size
10.5887 	EXP 	Created window1 = Window(allowGUI=False, allowStencil=False, args=UNKNOWN, autoLog=True, bitsMode=UNKNOWN, blendMode='avg', color=array([0., 0., 0.]), colorSpace='rgb', fullscr=<method-wrapper '__getattribute__' of attributeSetter object at 0x137d57710>, gamma=None, kwargs=UNKNOWN, lms=UNKNOWN, monitor=<psychopy.monitors.calibTools.Monitor object at 0x137bf0898>, multiSample=False, name='window1', numSamples=2, pos=[0.0, 0.0], screen=0, size=array([2880, 1800]), stereo=False, units='height', useFBO=True, useRetina=True, viewOri=0.0, viewPos=None, viewScale=None, waitBlanking=True, winType='pyglet')
10.5888 	EXP 	window1: recordFrameIntervals = False
10.7546 	EXP 	window1: recordFrameIntervals = True
10.9383 	EXP 	window1: recordFrameIntervals = False
12.3026 	EXP 	Created Welcome_Text = TextStim(__class__=<class 'psychopy.visual.text.TextStim'>, alignHoriz='center', alignVert='center', antialias=True, autoLog=True, bold=False, color='white', colorSpace='named', contrast=1.0, depth=0.0, flipHoriz=False, flipVert=False, font='Arial', fontFiles=[], height=0.1, italic=False, languageStyle='LTR', name='Welcome_Text', opacity=1.0, ori=0, pos=array([0., 0.]), rgb=array([255., 255., 255.]), text=str(...), units='height', win=Window(...), wrapWidth=1)
12.3698 	EXP 	Created Instructions_Text = TextStim(__class__=<class 'psychopy.visual.text.TextStim'>, alignHoriz='center', alignVert='center', antialias=True, autoLog=True, bold=False, color='white', colorSpace='named', contrast=1.0, depth=0.0, flipHoriz=False, flipVert=False, font='Arial', fontFiles=[], height=0.05, italic=False, languageStyle='LTR', name='Instructions_Text', opacity=1.0, ori=0, pos=array([0., 0.]), rgb=array([255., 255., 255.]), text=str(...), units='height', win=Window(...), wrapWidth=1)
12.4107 	EXP 	Sound  set volume 1.000
12.4151 	EXP 	Created Delay = TextStim(__class__=<class 'psychopy.visual.text.TextStim'>, alignHoriz='center', alignVert='center', antialias=True, autoLog=True, bold=False, color='black', colorSpace='named', contrast=1.0, depth=-1.0, flipHoriz=False, flipVert=False, font='Arial', fontFiles=[], height=0.1, italic=False, languageStyle='LTR', name='Delay', opacity=1.0, ori=0, pos=array([0., 0.]), rgb=array([0., 0., 0.]), text='\n+\n', units='height', win=Window(...), wrapWidth=1)
12.4160 	EXP 	Created ISI = TextStim(__class__=<class 'psychopy.visual.text.TextStim'>, alignHoriz='center', alignVert='center', antialias=True, autoLog=True, bold=False, color='black', colorSpace='named', contrast=1.0, depth=-2.0, flipHoriz=False, flipVert=False, font='Arial', fontFiles=[], height=0.1, italic=False, languageStyle='LTR', name='ISI', opacity=1.0, ori=0, pos=array([0., 0.]), rgb=array([0., 0., 0.]), text='', units='height', win=Window(...), wrapWidth=1)
12.4161 	EXP 	Sound  set volume 1.000
12.4231 	EXP 	Sound  set volume 1.000
12.4237 	EXP 	Sound  set volume 1.000
12.4800 	EXP 	Created Interval1 = TextStim(__class__=<class 'psychopy.visual.text.TextStim'>, alignHoriz='center', alignVert='center', antialias=True, autoLog=True, bold=False, color='white', colorSpace='named', contrast=1.0, depth=-6.0, flipHoriz=False, flipVert=False, font='Arial', fontFiles=[], height=1, italic=False, languageStyle='LTR', name='Interval1', opacity=1.0, ori=0, pos=array([0., 0.]), rgb=array([255., 255., 255.]), text='1', units='height', win=Window(...), wrapWidth=1)
12.4865 	EXP 	Created Interval2 = TextStim(__class__=<class 'psychopy.visual.text.TextStim'>, alignHoriz='center', alignVert='center', antialias=True, autoLog=True, bold=False, color='white', colorSpace='named', contrast=1.0, depth=-7.0, flipHoriz=False, flipVert=False, font='Arial', fontFiles=[], height=1, italic=False, languageStyle='LTR', name='Interval2', opacity=1.0, ori=0, pos=array([0., 0.]), rgb=array([255., 255., 255.]), text='2', units='height', win=Window(...), wrapWidth=1)
12.5126 	EXP 	Created Question_Text = TextStim(__class__=<class 'psychopy.visual.text.TextStim'>, alignHoriz='center', alignVert='center', antialias=True, autoLog=True, bold=False, color='white', colorSpace='named', contrast=1.0, depth=0.0, flipHoriz=False, flipVert=False, font='Arial', fontFiles=[], height=0.05, italic=False, languageStyle='LTR', name='Question_Text', opacity=1.0, ori=0, pos=array([0., 0.]), rgb=array([255., 255., 255.]), text=str(...), units='height', win=Window(...), wrapWidth=1)
12.5202 	EXP 	Created Feedback_text = TextStim(__class__=<class 'psychopy.visual.text.TextStim'>, alignHoriz='center', alignVert='center', antialias=True, autoLog=True, bold=False, color='white', colorSpace='named', contrast=1.0, depth=0.0, flipHoriz=False, flipVert=False, font='Arial', fontFiles=[], height=0.1, italic=False, languageStyle='LTR', name='Feedback_text', opacity=1.0, ori=0, pos=array([0., 0.]), rgb=array([255., 255., 255.]), text='FEEDBACK', units='height', win=Window(...), wrapWidth=1)
12.5397 	EXP 	Created Next_Text = TextStim(__class__=<class 'psychopy.visual.text.TextStim'>, alignHoriz='center', alignVert='center', antialias=True, autoLog=True, bold=False, color='white', colorSpace='named', contrast=1.0, depth=0.0, flipHoriz=False, flipVert=False, font='Arial', fontFiles=[], height=0.1, italic=False, languageStyle='LTR', name='Next_Text', opacity=1.0, ori=0, pos=array([0., 0.]), rgb=array([255., 255., 255.]), text='Press SPACE to start the next trial', units='height', win=Window(...), wrapWidth=1)
12.8546 	EXP 	Welcome_Text: autoDraw = True
14.1974 	DATA 	Keypress: space
14.2049 	EXP 	Welcome_Text: autoDraw = False
14.2049 	EXP 	Instructions_Text: autoDraw = True
14.6157 	EXP 	Imported conditions.xlsx as conditions, 5 conditions, 4 params
14.6163 	EXP 	Created sequence: random, trialTypes=5, nReps=5, seed=None
14.6166 	EXP 	New trial (rep=0, index=0): OrderedDict([('interval', 1), ('probe1', 1), ('probe2', 0), ('feedbackColour', None)])
14.6237 	DATA 	Keypress: space
14.6374 	EXP 	Instructions_Text: autoDraw = False
14.6374 	EXP 	Delay: autoDraw = True
15.6376 	EXP 	Delay: autoDraw = False
15.6376 	EXP 	Interval1: autoDraw = True
15.9373 	EXP 	ISI: autoDraw = True
15.9373 	EXP 	Interval1: autoDraw = False
16.7212 	EXP 	ISI: autoDraw = False
16.7380 	EXP 	Interval2: autoDraw = True
17.3212 	EXP 	Delay: autoDraw = False
17.3212 	EXP 	ISI: autoDraw = False
17.3212 	EXP 	Interval1: autoDraw = False
17.3212 	EXP 	Interval2: autoDraw = False
17.3212 	EXP 	Question_Text: autoDraw = True
17.9083 	DATA 	Keypress: 1
17.9212 	EXP 	Question_Text: autoDraw = False
17.9212 	EXP 	Feedback_text: autoDraw = True
19.1873 	EXP 	Feedback_text: autoDraw = False
19.1873 	EXP 	Feedback_text: autoDraw = False
19.1873 	EXP 	Next_Text: autoDraw = True
20.0057 	EXP 	New trial (rep=0, index=1): OrderedDict([('interval', 2), ('probe1', 0), ('probe2', 1), ('feedbackColour', None)])
20.0087 	DATA 	Keypress: space
20.0210 	EXP 	Next_Text: autoDraw = False
20.0210 	EXP 	Delay: autoDraw = True
21.0211 	EXP 	Delay: autoDraw = False
21.0380 	EXP 	Interval1: autoDraw = True
21.3210 	EXP 	Interval1: autoDraw = False
21.3379 	EXP 	ISI: autoDraw = True
22.1211 	EXP 	ISI: autoDraw = False
22.1376 	EXP 	Interval2: autoDraw = True
22.4205 	EXP 	Interval2: autoDraw = False
22.7212 	EXP 	Delay: autoDraw = False
22.7212 	EXP 	ISI: autoDraw = False
22.7212 	EXP 	Interval1: autoDraw = False
22.7212 	EXP 	Interval2: autoDraw = False
22.7212 	EXP 	Question_Text: autoDraw = True
23.6402 	DATA 	Keypress: 2
23.6550 	EXP 	Question_Text: autoDraw = False
23.6550 	EXP 	Feedback_text: autoDraw = False
23.6550 	EXP 	Next_Text: autoDraw = True
24.4418 	DATA 	Keypress: escape
24.9672 	EXP 	window1: mouseVisible = True
