7.5956 	WARNING 	User requested fullscreen with size [1024  768], but screen is actually [1440, 900]. Using actual size
8.4330 	EXP 	Created window1 = Window(allowGUI=False, allowStencil=False, args=UNKNOWN, autoLog=True, bitsMode=UNKNOWN, blendMode='avg', color=array([0., 0., 0.]), colorSpace='rgb', fullscr=<method-wrapper '__getattribute__' of attributeSetter object at 0x137c18828>, gamma=None, kwargs=UNKNOWN, lms=UNKNOWN, monitor=<psychopy.monitors.calibTools.Monitor object at 0x137baba20>, multiSample=False, name='window1', numSamples=2, pos=[0.0, 0.0], screen=0, size=array([2880, 1800]), stereo=False, units='height', useFBO=True, useRetina=True, viewOri=0.0, viewPos=None, viewScale=None, waitBlanking=True, winType='pyglet')
8.4331 	EXP 	window1: recordFrameIntervals = False
8.5991 	EXP 	window1: recordFrameIntervals = True
8.7827 	EXP 	window1: recordFrameIntervals = False
10.3924 	EXP 	Created Welcome_Text = TextStim(__class__=<class 'psychopy.visual.text.TextStim'>, alignHoriz='center', alignVert='center', antialias=True, autoLog=True, bold=False, color='white', colorSpace='named', contrast=1.0, depth=0.0, flipHoriz=False, flipVert=False, font='Arial', fontFiles=[], height=0.1, italic=False, languageStyle='LTR', name='Welcome_Text', opacity=1.0, ori=0, pos=array([0., 0.]), rgb=array([255., 255., 255.]), text=str(...), units='height', win=Window(...), wrapWidth=1)
10.4577 	EXP 	Created Instructions_Text = TextStim(__class__=<class 'psychopy.visual.text.TextStim'>, alignHoriz='center', alignVert='center', antialias=True, autoLog=True, bold=False, color='white', colorSpace='named', contrast=1.0, depth=0.0, flipHoriz=False, flipVert=False, font='Arial', fontFiles=[], height=0.05, italic=False, languageStyle='LTR', name='Instructions_Text', opacity=1.0, ori=0, pos=array([0., 0.]), rgb=array([255., 255., 255.]), text=str(...), units='height', win=Window(...), wrapWidth=1)
10.4970 	EXP 	Sound  set volume 1.000
10.5007 	EXP 	Created Delay = TextStim(__class__=<class 'psychopy.visual.text.TextStim'>, alignHoriz='center', alignVert='center', antialias=True, autoLog=True, bold=False, color='black', colorSpace='named', contrast=1.0, depth=-1.0, flipHoriz=False, flipVert=False, font='Arial', fontFiles=[], height=0.1, italic=False, languageStyle='LTR', name='Delay', opacity=1.0, ori=0, pos=array([0., 0.]), rgb=array([0., 0., 0.]), text='\n+\n', units='height', win=Window(...), wrapWidth=1)
10.5012 	EXP 	Created ISI = TextStim(__class__=<class 'psychopy.visual.text.TextStim'>, alignHoriz='center', alignVert='center', antialias=True, autoLog=True, bold=False, color='black', colorSpace='named', contrast=1.0, depth=-2.0, flipHoriz=False, flipVert=False, font='Arial', fontFiles=[], height=0.1, italic=False, languageStyle='LTR', name='ISI', opacity=1.0, ori=0, pos=array([0., 0.]), rgb=array([0., 0., 0.]), text='', units='height', win=Window(...), wrapWidth=1)
10.5013 	EXP 	Sound  set volume 1.000
10.5042 	EXP 	Sound  set volume 1.000
10.5048 	EXP 	Sound  set volume 1.000
10.5661 	EXP 	Created Interval1 = TextStim(__class__=<class 'psychopy.visual.text.TextStim'>, alignHoriz='center', alignVert='center', antialias=True, autoLog=True, bold=False, color='white', colorSpace='named', contrast=1.0, depth=-6.0, flipHoriz=False, flipVert=False, font='Arial', fontFiles=[], height=1, italic=False, languageStyle='LTR', name='Interval1', opacity=1.0, ori=0, pos=array([0., 0.]), rgb=array([255., 255., 255.]), text='1', units='height', win=Window(...), wrapWidth=1)
10.5725 	EXP 	Created Interval2 = TextStim(__class__=<class 'psychopy.visual.text.TextStim'>, alignHoriz='center', alignVert='center', antialias=True, autoLog=True, bold=False, color='white', colorSpace='named', contrast=1.0, depth=-7.0, flipHoriz=False, flipVert=False, font='Arial', fontFiles=[], height=1, italic=False, languageStyle='LTR', name='Interval2', opacity=1.0, ori=0, pos=array([0., 0.]), rgb=array([255., 255., 255.]), text='2', units='height', win=Window(...), wrapWidth=1)
10.5989 	EXP 	Created Question_Text = TextStim(__class__=<class 'psychopy.visual.text.TextStim'>, alignHoriz='center', alignVert='center', antialias=True, autoLog=True, bold=False, color='white', colorSpace='named', contrast=1.0, depth=0.0, flipHoriz=False, flipVert=False, font='Arial', fontFiles=[], height=0.05, italic=False, languageStyle='LTR', name='Question_Text', opacity=1.0, ori=0, pos=array([0., 0.]), rgb=array([255., 255., 255.]), text=str(...), units='height', win=Window(...), wrapWidth=1)
10.6072 	EXP 	Created Feedback_text = TextStim(__class__=<class 'psychopy.visual.text.TextStim'>, alignHoriz='center', alignVert='center', antialias=True, autoLog=True, bold=False, color='white', colorSpace='named', contrast=1.0, depth=0.0, flipHoriz=False, flipVert=False, font='Arial', fontFiles=[], height=0.1, italic=False, languageStyle='LTR', name='Feedback_text', opacity=1.0, ori=0, pos=array([0., 0.]), rgb=array([255., 255., 255.]), text='FEEDBACK', units='height', win=Window(...), wrapWidth=1)
10.6213 	EXP 	Created Next_Text = TextStim(__class__=<class 'psychopy.visual.text.TextStim'>, alignHoriz='center', alignVert='center', antialias=True, autoLog=True, bold=False, color='white', colorSpace='named', contrast=1.0, depth=0.0, flipHoriz=False, flipVert=False, font='Arial', fontFiles=[], height=0.1, italic=False, languageStyle='LTR', name='Next_Text', opacity=1.0, ori=0, pos=array([0., 0.]), rgb=array([255., 255., 255.]), text='Press SPACE to start the next trial', units='height', win=Window(...), wrapWidth=1)
10.9663 	EXP 	Welcome_Text: autoDraw = True
11.8703 	DATA 	Keypress: space
11.8863 	EXP 	Welcome_Text: autoDraw = False
11.8863 	EXP 	Instructions_Text: autoDraw = True
12.2834 	EXP 	Imported conditions.xlsx as conditions, 5 conditions, 3 params
12.2839 	EXP 	Created sequence: random, trialTypes=5, nReps=5, seed=None
12.2843 	EXP 	New trial (rep=0, index=0): OrderedDict([('interval', 1), ('probe1', 1), ('probe2', 0)])
12.2901 	DATA 	Keypress: space
12.3028 	EXP 	Instructions_Text: autoDraw = False
12.3028 	EXP 	Delay: autoDraw = True
13.3026 	EXP 	Delay: autoDraw = False
13.3026 	EXP 	Interval1: autoDraw = True
13.6031 	EXP 	ISI: autoDraw = True
13.6031 	EXP 	Interval1: autoDraw = False
14.4032 	EXP 	ISI: autoDraw = False
14.4032 	EXP 	Interval2: autoDraw = True
14.9868 	EXP 	Delay: autoDraw = False
14.9868 	EXP 	ISI: autoDraw = False
14.9868 	EXP 	Interval1: autoDraw = False
14.9868 	EXP 	Interval2: autoDraw = False
14.9868 	EXP 	Question_Text: autoDraw = True
15.6067 	DATA 	Keypress: 1
15.6198 	EXP 	Question_Text: autoDraw = False
15.6198 	EXP 	Feedback_text: color = 'white (named)'
15.6198 	EXP 	Feedback_text: color = '[0. 1. 0.] (rgb)'
15.6198 	EXP 	Feedback_text: autoDraw = True
16.9036 	EXP 	Feedback_text: autoDraw = False
16.9036 	EXP 	Feedback_text: autoDraw = False
16.9036 	EXP 	Next_Text: autoDraw = True
17.5717 	EXP 	New trial (rep=0, index=1): OrderedDict([('interval', 2), ('probe1', 0), ('probe2', 1)])
17.5745 	DATA 	Keypress: space
17.5865 	EXP 	Next_Text: autoDraw = False
17.5865 	EXP 	Delay: autoDraw = True
18.5864 	EXP 	Delay: autoDraw = False
18.6029 	EXP 	Interval1: autoDraw = True
18.8863 	EXP 	Interval1: autoDraw = False
18.9029 	EXP 	ISI: autoDraw = True
19.6864 	EXP 	ISI: autoDraw = False
19.7030 	EXP 	Interval2: autoDraw = True
19.9864 	EXP 	Interval2: autoDraw = False
20.2862 	EXP 	Delay: autoDraw = False
20.2862 	EXP 	ISI: autoDraw = False
20.2862 	EXP 	Interval1: autoDraw = False
20.2862 	EXP 	Interval2: autoDraw = False
20.2862 	EXP 	Question_Text: autoDraw = True
21.0399 	DATA 	Keypress: 1
21.0529 	EXP 	Question_Text: autoDraw = False
21.0529 	EXP 	Feedback_text: color = 'white (named)'
21.0529 	EXP 	Feedback_text: color = '[1. 0. 0.] (rgb)'
21.0529 	EXP 	Feedback_text: autoDraw = True
22.7364 	EXP 	window1: mouseVisible = True
