8.7866 	WARNING 	User requested fullscreen with size [1024  768], but screen is actually [1440, 900]. Using actual size
9.5933 	EXP 	Created window1 = Window(allowGUI=False, allowStencil=False, args=UNKNOWN, autoLog=True, bitsMode=UNKNOWN, blendMode='avg', color=array([0., 0., 0.]), colorSpace='rgb', fullscr=<method-wrapper '__getattribute__' of attributeSetter object at 0x137e34828>, gamma=None, kwargs=UNKNOWN, lms=UNKNOWN, monitor=<psychopy.monitors.calibTools.Monitor object at 0x137c1da20>, multiSample=False, name='window1', numSamples=2, pos=[0.0, 0.0], screen=0, size=array([2880, 1800]), stereo=False, units='height', useFBO=True, useRetina=True, viewOri=0.0, viewPos=None, viewScale=None, waitBlanking=True, winType='pyglet')
9.5933 	EXP 	window1: recordFrameIntervals = False
9.7596 	EXP 	window1: recordFrameIntervals = True
9.9431 	EXP 	window1: recordFrameIntervals = False
11.4056 	EXP 	Created Welcome_Text = TextStim(__class__=<class 'psychopy.visual.text.TextStim'>, alignHoriz='center', alignVert='center', antialias=True, autoLog=True, bold=False, color='white', colorSpace='named', contrast=1.0, depth=0.0, flipHoriz=False, flipVert=False, font='Arial', fontFiles=[], height=0.1, italic=False, languageStyle='LTR', name='Welcome_Text', opacity=1.0, ori=0, pos=array([0., 0.]), rgb=array([255., 255., 255.]), text=str(...), units='height', win=Window(...), wrapWidth=1)
11.4862 	EXP 	Created Instructions_Text = TextStim(__class__=<class 'psychopy.visual.text.TextStim'>, alignHoriz='center', alignVert='center', antialias=True, autoLog=True, bold=False, color='white', colorSpace='named', contrast=1.0, depth=0.0, flipHoriz=False, flipVert=False, font='Arial', fontFiles=[], height=0.05, italic=False, languageStyle='LTR', name='Instructions_Text', opacity=1.0, ori=0, pos=array([0., 0.]), rgb=array([255., 255., 255.]), text=str(...), units='height', win=Window(...), wrapWidth=1)
11.5273 	EXP 	Sound  set volume 1.000
11.5314 	EXP 	Created Delay = TextStim(__class__=<class 'psychopy.visual.text.TextStim'>, alignHoriz='center', alignVert='center', antialias=True, autoLog=True, bold=False, color='black', colorSpace='named', contrast=1.0, depth=-1.0, flipHoriz=False, flipVert=False, font='Arial', fontFiles=[], height=0.1, italic=False, languageStyle='LTR', name='Delay', opacity=1.0, ori=0, pos=array([0., 0.]), rgb=array([0., 0., 0.]), text='\n+\n', units='height', win=Window(...), wrapWidth=1)
11.5319 	EXP 	Created ISI = TextStim(__class__=<class 'psychopy.visual.text.TextStim'>, alignHoriz='center', alignVert='center', antialias=True, autoLog=True, bold=False, color='black', colorSpace='named', contrast=1.0, depth=-2.0, flipHoriz=False, flipVert=False, font='Arial', fontFiles=[], height=0.1, italic=False, languageStyle='LTR', name='ISI', opacity=1.0, ori=0, pos=array([0., 0.]), rgb=array([0., 0., 0.]), text='', units='height', win=Window(...), wrapWidth=1)
11.5320 	EXP 	Sound  set volume 1.000
11.5340 	EXP 	Sound  set volume 1.000
11.5347 	EXP 	Sound  set volume 1.000
11.5986 	EXP 	Created Interval1 = TextStim(__class__=<class 'psychopy.visual.text.TextStim'>, alignHoriz='center', alignVert='center', antialias=True, autoLog=True, bold=False, color='white', colorSpace='named', contrast=1.0, depth=-6.0, flipHoriz=False, flipVert=False, font='Arial', fontFiles=[], height=1, italic=False, languageStyle='LTR', name='Interval1', opacity=1.0, ori=0, pos=array([0., 0.]), rgb=array([255., 255., 255.]), text='1', units='height', win=Window(...), wrapWidth=1)
11.6058 	EXP 	Created Interval2 = TextStim(__class__=<class 'psychopy.visual.text.TextStim'>, alignHoriz='center', alignVert='center', antialias=True, autoLog=True, bold=False, color='white', colorSpace='named', contrast=1.0, depth=-7.0, flipHoriz=False, flipVert=False, font='Arial', fontFiles=[], height=1, italic=False, languageStyle='LTR', name='Interval2', opacity=1.0, ori=0, pos=array([0., 0.]), rgb=array([255., 255., 255.]), text='2', units='height', win=Window(...), wrapWidth=1)
11.6399 	EXP 	Created Question_Text = TextStim(__class__=<class 'psychopy.visual.text.TextStim'>, alignHoriz='center', alignVert='center', antialias=True, autoLog=True, bold=False, color='white', colorSpace='named', contrast=1.0, depth=0.0, flipHoriz=False, flipVert=False, font='Arial', fontFiles=[], height=0.05, italic=False, languageStyle='LTR', name='Question_Text', opacity=1.0, ori=0, pos=array([0., 0.]), rgb=array([255., 255., 255.]), text=str(...), units='height', win=Window(...), wrapWidth=1)
11.6469 	EXP 	Created Feedback_text = TextStim(__class__=<class 'psychopy.visual.text.TextStim'>, alignHoriz='center', alignVert='center', antialias=True, autoLog=True, bold=False, color='white', colorSpace='named', contrast=1.0, depth=0.0, flipHoriz=False, flipVert=False, font='Arial', fontFiles=[], height=0.1, italic=False, languageStyle='LTR', name='Feedback_text', opacity=1.0, ori=0, pos=array([0., 0.]), rgb=array([255., 255., 255.]), text='default text', units='height', win=Window(...), wrapWidth=1)
11.6622 	EXP 	Created Next_Text = TextStim(__class__=<class 'psychopy.visual.text.TextStim'>, alignHoriz='center', alignVert='center', antialias=True, autoLog=True, bold=False, color='white', colorSpace='named', contrast=1.0, depth=0.0, flipHoriz=False, flipVert=False, font='Arial', fontFiles=[], height=0.1, italic=False, languageStyle='LTR', name='Next_Text', opacity=1.0, ori=0, pos=array([0., 0.]), rgb=array([255., 255., 255.]), text='Press SPACE to start the next trial', units='height', win=Window(...), wrapWidth=1)
12.0126 	EXP 	Welcome_Text: autoDraw = True
12.7676 	DATA 	Keypress: space
12.7800 	EXP 	Welcome_Text: autoDraw = False
12.7800 	EXP 	Instructions_Text: autoDraw = True
13.2096 	EXP 	Imported conditions.xlsx as conditions, 5 conditions, 5 params
13.2102 	EXP 	Created sequence: random, trialTypes=5, nReps=1, seed=None
13.2107 	EXP 	New trial (rep=0, index=0): OrderedDict([('interval', 2), ('probe1', 0), ('probe2', 1), ('startProbe1', 0.0), ('startProbe2', 0.2)])
13.2185 	DATA 	Keypress: space
13.2295 	EXP 	Instructions_Text: autoDraw = False
13.2295 	EXP 	Delay: autoDraw = True
14.2293 	EXP 	Delay: autoDraw = False
14.2293 	EXP 	Interval1: autoDraw = True
14.5293 	EXP 	ISI: autoDraw = True
14.5293 	EXP 	Interval1: autoDraw = False
15.3292 	EXP 	ISI: autoDraw = False
15.3292 	EXP 	Interval2: autoDraw = True
15.6293 	EXP 	Interval2: autoDraw = False
15.9292 	EXP 	Delay: autoDraw = False
15.9292 	EXP 	ISI: autoDraw = False
15.9292 	EXP 	Interval1: autoDraw = False
15.9292 	EXP 	Interval2: autoDraw = False
15.9292 	EXP 	Question_Text: autoDraw = True
16.3916 	DATA 	Keypress: 2
16.3959 	EXP 	Question_Text: autoDraw = False
16.3959 	EXP 	Feedback_text: color = 'white (named)'
16.3959 	EXP 	Feedback_text: text = 50
16.3959 	EXP 	Feedback_text: color = '[0.  0.5 0. ] (rgb)'
16.3959 	EXP 	Feedback_text: autoDraw = True
17.6791 	EXP 	Feedback_text: autoDraw = False
17.6791 	EXP 	Feedback_text: autoDraw = False
17.6791 	EXP 	Next_Text: autoDraw = True
18.2979 	EXP 	New trial (rep=0, index=1): OrderedDict([('interval', 1), ('probe1', 1), ('probe2', 0), ('startProbe1', 0.2), ('startProbe2', 0.0)])
18.3015 	DATA 	Keypress: space
18.3126 	EXP 	Next_Text: autoDraw = False
18.3126 	EXP 	Delay: autoDraw = True
19.3124 	EXP 	Delay: autoDraw = False
19.3291 	EXP 	Interval1: autoDraw = True
19.6124 	EXP 	Interval1: autoDraw = False
19.6291 	EXP 	ISI: autoDraw = True
20.4124 	EXP 	ISI: autoDraw = False
20.4291 	EXP 	Interval2: autoDraw = True
20.7124 	EXP 	Interval2: autoDraw = False
21.0291 	EXP 	Delay: autoDraw = False
21.0291 	EXP 	ISI: autoDraw = False
21.0291 	EXP 	Interval1: autoDraw = False
21.0291 	EXP 	Interval2: autoDraw = False
21.0291 	EXP 	Question_Text: autoDraw = True
22.4624 	DATA 	Keypress: 1
22.4791 	EXP 	Question_Text: autoDraw = False
22.4791 	EXP 	Feedback_text: color = 'white (named)'
22.4791 	EXP 	Feedback_text: text = -1.997236376245042
22.4791 	EXP 	Feedback_text: color = '[0.  0.4 0. ] (rgb)'
22.4791 	EXP 	Feedback_text: autoDraw = True
23.7457 	EXP 	Feedback_text: autoDraw = False
23.7457 	EXP 	Feedback_text: autoDraw = False
23.7457 	EXP 	Next_Text: autoDraw = True
24.2516 	DATA 	Keypress: escape
24.7689 	EXP 	window1: mouseVisible = True
