8.1744 	WARNING 	User requested fullscreen with size [1024  768], but screen is actually [1440, 900]. Using actual size
9.0683 	EXP 	Created window1 = Window(allowGUI=False, allowStencil=False, args=UNKNOWN, autoLog=True, bitsMode=UNKNOWN, blendMode='avg', color=array([0., 0., 0.]), colorSpace='rgb', fullscr=<method-wrapper '__getattribute__' of attributeSetter object at 0x137cd8710>, gamma=None, kwargs=UNKNOWN, lms=UNKNOWN, monitor=<psychopy.monitors.calibTools.Monitor object at 0x137b9c4a8>, multiSample=False, name='window1', numSamples=2, pos=[0.0, 0.0], screen=0, size=array([2880, 1800]), stereo=False, units='height', useFBO=True, useRetina=True, viewOri=0.0, viewPos=None, viewScale=None, waitBlanking=True, winType='pyglet')
9.0684 	EXP 	window1: recordFrameIntervals = False
9.2348 	EXP 	window1: recordFrameIntervals = True
9.4186 	EXP 	window1: recordFrameIntervals = False
11.2008 	EXP 	Created Welcome_Text = TextStim(__class__=<class 'psychopy.visual.text.TextStim'>, alignHoriz='center', alignVert='center', antialias=True, autoLog=True, bold=False, color='white', colorSpace='named', contrast=1.0, depth=0.0, flipHoriz=False, flipVert=False, font='Arial', fontFiles=[], height=0.1, italic=False, languageStyle='LTR', name='Welcome_Text', opacity=1.0, ori=0, pos=array([0., 0.]), rgb=array([255., 255., 255.]), text=str(...), units='height', win=Window(...), wrapWidth=1)
11.2717 	EXP 	Created Instructions_Text = TextStim(__class__=<class 'psychopy.visual.text.TextStim'>, alignHoriz='center', alignVert='center', antialias=True, autoLog=True, bold=False, color='white', colorSpace='named', contrast=1.0, depth=0.0, flipHoriz=False, flipVert=False, font='Arial', fontFiles=[], height=0.05, italic=False, languageStyle='LTR', name='Instructions_Text', opacity=1.0, ori=0, pos=array([0., 0.]), rgb=array([255., 255., 255.]), text=str(...), units='height', win=Window(...), wrapWidth=1)
11.3110 	EXP 	Sound  set volume 1.000
11.3156 	EXP 	Created Delay = TextStim(__class__=<class 'psychopy.visual.text.TextStim'>, alignHoriz='center', alignVert='center', antialias=True, autoLog=True, bold=False, color='black', colorSpace='named', contrast=1.0, depth=-1.0, flipHoriz=False, flipVert=False, font='Arial', fontFiles=[], height=0.1, italic=False, languageStyle='LTR', name='Delay', opacity=1.0, ori=0, pos=array([0., 0.]), rgb=array([0., 0., 0.]), text='\n+\n', units='height', win=Window(...), wrapWidth=1)
11.3185 	EXP 	Created ISI = TextStim(__class__=<class 'psychopy.visual.text.TextStim'>, alignHoriz='center', alignVert='center', antialias=True, autoLog=True, bold=False, color='black', colorSpace='named', contrast=1.0, depth=-2.0, flipHoriz=False, flipVert=False, font='Arial', fontFiles=[], height=0.1, italic=False, languageStyle='LTR', name='ISI', opacity=1.0, ori=0, pos=array([0., 0.]), rgb=array([0., 0., 0.]), text='', units='height', win=Window(...), wrapWidth=1)
11.3186 	EXP 	Sound  set volume 1.000
11.3205 	EXP 	Sound  set volume 1.000
11.3214 	EXP 	Sound  set volume 1.000
11.3752 	EXP 	Created Interval1 = TextStim(__class__=<class 'psychopy.visual.text.TextStim'>, alignHoriz='center', alignVert='center', antialias=True, autoLog=True, bold=False, color='white', colorSpace='named', contrast=1.0, depth=-6.0, flipHoriz=False, flipVert=False, font='Arial', fontFiles=[], height=1, italic=False, languageStyle='LTR', name='Interval1', opacity=1.0, ori=0, pos=array([0., 0.]), rgb=array([255., 255., 255.]), text='1', units='height', win=Window(...), wrapWidth=1)
11.3806 	EXP 	Created Interval2 = TextStim(__class__=<class 'psychopy.visual.text.TextStim'>, alignHoriz='center', alignVert='center', antialias=True, autoLog=True, bold=False, color='white', colorSpace='named', contrast=1.0, depth=-7.0, flipHoriz=False, flipVert=False, font='Arial', fontFiles=[], height=1, italic=False, languageStyle='LTR', name='Interval2', opacity=1.0, ori=0, pos=array([0., 0.]), rgb=array([255., 255., 255.]), text='2', units='height', win=Window(...), wrapWidth=1)
11.4010 	EXP 	Created Question_Text = TextStim(__class__=<class 'psychopy.visual.text.TextStim'>, alignHoriz='center', alignVert='center', antialias=True, autoLog=True, bold=False, color='white', colorSpace='named', contrast=1.0, depth=0.0, flipHoriz=False, flipVert=False, font='Arial', fontFiles=[], height=0.05, italic=False, languageStyle='LTR', name='Question_Text', opacity=1.0, ori=0, pos=array([0., 0.]), rgb=array([255., 255., 255.]), text=str(...), units='height', win=Window(...), wrapWidth=1)
11.4072 	EXP 	Created Feedback_text = TextStim(__class__=<class 'psychopy.visual.text.TextStim'>, alignHoriz='center', alignVert='center', antialias=True, autoLog=True, bold=False, color='white', colorSpace='named', contrast=1.0, depth=0.0, flipHoriz=False, flipVert=False, font='Arial', fontFiles=[], height=0.1, italic=False, languageStyle='LTR', name='Feedback_text', opacity=1.0, ori=0, pos=array([0., 0.]), rgb=array([255., 255., 255.]), text='FEEDBACK', units='height', win=Window(...), wrapWidth=1)
11.4216 	EXP 	Created Next_Text = TextStim(__class__=<class 'psychopy.visual.text.TextStim'>, alignHoriz='center', alignVert='center', antialias=True, autoLog=True, bold=False, color='white', colorSpace='named', contrast=1.0, depth=0.0, flipHoriz=False, flipVert=False, font='Arial', fontFiles=[], height=0.1, italic=False, languageStyle='LTR', name='Next_Text', opacity=1.0, ori=0, pos=array([0., 0.]), rgb=array([255., 255., 255.]), text='Press SPACE to start the next trial', units='height', win=Window(...), wrapWidth=1)
11.7876 	EXP 	Welcome_Text: autoDraw = True
12.4876 	DATA 	Keypress: space
12.5043 	EXP 	Welcome_Text: autoDraw = False
12.5043 	EXP 	Instructions_Text: autoDraw = True
12.7207 	EXP 	Imported conditions.xlsx as conditions, 5 conditions, 3 params
12.7211 	EXP 	Created sequence: random, trialTypes=5, nReps=5, seed=None
12.7214 	EXP 	New trial (rep=0, index=0): OrderedDict([('interval', 1), ('probe1', 1), ('probe2', 0)])
12.7273 	DATA 	Keypress: space
12.7379 	EXP 	Instructions_Text: autoDraw = False
12.7379 	EXP 	Delay: autoDraw = True
13.7373 	EXP 	Delay: autoDraw = False
13.7541 	EXP 	Interval1: autoDraw = True
14.0371 	EXP 	Interval1: autoDraw = False
14.0538 	EXP 	ISI: autoDraw = True
14.2393 	DATA 	Keypress: 1
14.8377 	EXP 	ISI: autoDraw = False
14.8547 	EXP 	Interval2: autoDraw = True
15.4210 	EXP 	Delay: autoDraw = False
15.4210 	EXP 	ISI: autoDraw = False
15.4210 	EXP 	Interval1: autoDraw = False
15.4210 	EXP 	Interval2: autoDraw = False
15.4210 	EXP 	Question_Text: autoDraw = True
15.7246 	DATA 	Keypress: 1
15.7377 	EXP 	Question_Text: autoDraw = False
15.7377 	EXP 	Feedback_text: autoDraw = True
17.0214 	EXP 	Feedback_text: autoDraw = False
17.0214 	EXP 	Feedback_text: autoDraw = False
17.0214 	EXP 	Next_Text: autoDraw = True
18.1558 	EXP 	New trial (rep=0, index=1): OrderedDict([('interval', 1), ('probe1', 1), ('probe2', 0)])
18.1588 	DATA 	Keypress: space
18.1711 	EXP 	Next_Text: autoDraw = False
18.1711 	EXP 	Delay: autoDraw = True
19.1710 	EXP 	Delay: autoDraw = False
19.1875 	EXP 	Interval1: autoDraw = True
19.4710 	EXP 	Interval1: autoDraw = False
19.4877 	EXP 	ISI: autoDraw = True
20.2710 	EXP 	ISI: autoDraw = False
20.2877 	EXP 	Interval2: autoDraw = True
20.5708 	EXP 	Interval2: autoDraw = False
20.8711 	EXP 	Delay: autoDraw = False
20.8711 	EXP 	ISI: autoDraw = False
20.8711 	EXP 	Interval1: autoDraw = False
20.8711 	EXP 	Interval2: autoDraw = False
20.8711 	EXP 	Question_Text: autoDraw = True
21.7566 	EXP 	window1: mouseVisible = True
