7.9587 	WARNING 	User requested fullscreen with size [1024  768], but screen is actually [1440, 900]. Using actual size
8.9273 	EXP 	Created window1 = Window(allowGUI=False, allowStencil=False, args=UNKNOWN, autoLog=True, bitsMode=UNKNOWN, blendMode='avg', color=array([0., 0., 0.]), colorSpace='rgb', fullscr=<method-wrapper '__getattribute__' of attributeSetter object at 0x137d98898>, gamma=None, kwargs=UNKNOWN, lms=UNKNOWN, monitor=<psychopy.monitors.calibTools.Monitor object at 0x137d2ba90>, multiSample=False, name='window1', numSamples=2, pos=[0.0, 0.0], screen=0, size=array([2880, 1800]), stereo=False, units='height', useFBO=True, useRetina=True, viewOri=0.0, viewPos=None, viewScale=None, waitBlanking=True, winType='pyglet')
8.9273 	EXP 	window1: recordFrameIntervals = False
9.0937 	EXP 	window1: recordFrameIntervals = True
9.2763 	EXP 	window1: recordFrameIntervals = False
10.9556 	EXP 	Created Welcome_Text = TextStim(__class__=<class 'psychopy.visual.text.TextStim'>, alignHoriz='center', alignVert='center', antialias=True, autoLog=True, bold=False, color='white', colorSpace='named', contrast=1.0, depth=0.0, flipHoriz=False, flipVert=False, font='Arial', fontFiles=[], height=0.1, italic=False, languageStyle='LTR', name='Welcome_Text', opacity=1.0, ori=0, pos=array([0., 0.]), rgb=array([255., 255., 255.]), text=str(...), units='height', win=Window(...), wrapWidth=1)
11.0279 	EXP 	Created Instructions_Text = TextStim(__class__=<class 'psychopy.visual.text.TextStim'>, alignHoriz='center', alignVert='center', antialias=True, autoLog=True, bold=False, color='white', colorSpace='named', contrast=1.0, depth=0.0, flipHoriz=False, flipVert=False, font='Arial', fontFiles=[], height=0.05, italic=False, languageStyle='LTR', name='Instructions_Text', opacity=1.0, ori=0, pos=array([0., 0.]), rgb=array([255., 255., 255.]), text=str(...), units='height', win=Window(...), wrapWidth=1)
11.0537 	EXP 	Sound  set volume 1.000
11.0574 	EXP 	Created Delay = TextStim(__class__=<class 'psychopy.visual.text.TextStim'>, alignHoriz='center', alignVert='center', antialias=True, autoLog=True, bold=False, color='black', colorSpace='named', contrast=1.0, depth=-1.0, flipHoriz=False, flipVert=False, font='Arial', fontFiles=[], height=0.1, italic=False, languageStyle='LTR', name='Delay', opacity=1.0, ori=0, pos=array([0., 0.]), rgb=array([0., 0., 0.]), text='\n+\n', units='height', win=Window(...), wrapWidth=1)
11.0579 	EXP 	Created ISI = TextStim(__class__=<class 'psychopy.visual.text.TextStim'>, alignHoriz='center', alignVert='center', antialias=True, autoLog=True, bold=False, color='black', colorSpace='named', contrast=1.0, depth=-2.0, flipHoriz=False, flipVert=False, font='Arial', fontFiles=[], height=0.1, italic=False, languageStyle='LTR', name='ISI', opacity=1.0, ori=0, pos=array([0., 0.]), rgb=array([0., 0., 0.]), text='', units='height', win=Window(...), wrapWidth=1)
11.0580 	EXP 	Sound  set volume 1.000
11.0600 	EXP 	Sound  set volume 1.000
11.0608 	EXP 	Sound  set volume 1.000
11.1331 	EXP 	Created Interval1 = TextStim(__class__=<class 'psychopy.visual.text.TextStim'>, alignHoriz='center', alignVert='center', antialias=True, autoLog=True, bold=False, color='white', colorSpace='named', contrast=1.0, depth=-6.0, flipHoriz=False, flipVert=False, font='Arial', fontFiles=[], height=1, italic=False, languageStyle='LTR', name='Interval1', opacity=1.0, ori=0, pos=array([0., 0.]), rgb=array([255., 255., 255.]), text='1', units='height', win=Window(...), wrapWidth=1)
11.1402 	EXP 	Created Interval2 = TextStim(__class__=<class 'psychopy.visual.text.TextStim'>, alignHoriz='center', alignVert='center', antialias=True, autoLog=True, bold=False, color='white', colorSpace='named', contrast=1.0, depth=-7.0, flipHoriz=False, flipVert=False, font='Arial', fontFiles=[], height=1, italic=False, languageStyle='LTR', name='Interval2', opacity=1.0, ori=0, pos=array([0., 0.]), rgb=array([255., 255., 255.]), text='2', units='height', win=Window(...), wrapWidth=1)
11.1736 	EXP 	Created Question_Text = TextStim(__class__=<class 'psychopy.visual.text.TextStim'>, alignHoriz='center', alignVert='center', antialias=True, autoLog=True, bold=False, color='white', colorSpace='named', contrast=1.0, depth=0.0, flipHoriz=False, flipVert=False, font='Arial', fontFiles=[], height=0.05, italic=False, languageStyle='LTR', name='Question_Text', opacity=1.0, ori=0, pos=array([0., 0.]), rgb=array([255., 255., 255.]), text=str(...), units='height', win=Window(...), wrapWidth=1)
11.1823 	EXP 	Created Feedback_text = TextStim(__class__=<class 'psychopy.visual.text.TextStim'>, alignHoriz='center', alignVert='center', antialias=True, autoLog=True, bold=False, color='white', colorSpace='named', contrast=1.0, depth=0.0, flipHoriz=False, flipVert=False, font='Arial', fontFiles=[], height=0.1, italic=False, languageStyle='LTR', name='Feedback_text', opacity=1.0, ori=0, pos=array([0., 0.]), rgb=array([255., 255., 255.]), text='FEEDBACK', units='height', win=Window(...), wrapWidth=1)
11.1952 	EXP 	Created Next_Text = TextStim(__class__=<class 'psychopy.visual.text.TextStim'>, alignHoriz='center', alignVert='center', antialias=True, autoLog=True, bold=False, color='white', colorSpace='named', contrast=1.0, depth=0.0, flipHoriz=False, flipVert=False, font='Arial', fontFiles=[], height=0.1, italic=False, languageStyle='LTR', name='Next_Text', opacity=1.0, ori=0, pos=array([0., 0.]), rgb=array([255., 255., 255.]), text='Press SPACE to start the next trial', units='height', win=Window(...), wrapWidth=1)
11.5266 	EXP 	Welcome_Text: autoDraw = True
15.0201 	DATA 	Keypress: space
15.0266 	EXP 	Welcome_Text: autoDraw = False
15.0266 	EXP 	Instructions_Text: autoDraw = True
15.9375 	EXP 	Imported conditions.xlsx as conditions, 5 conditions, 3 params
15.9379 	EXP 	Created sequence: random, trialTypes=5, nReps=5, seed=None
15.9382 	EXP 	New trial (rep=0, index=0): OrderedDict([('interval', 1), ('probe1', 1), ('probe2', 0)])
15.9443 	DATA 	Keypress: space
15.9597 	EXP 	Instructions_Text: autoDraw = False
15.9597 	EXP 	Delay: autoDraw = True
16.9428 	EXP 	Delay: autoDraw = False
16.9594 	EXP 	Interval1: autoDraw = True
17.2427 	EXP 	Interval1: autoDraw = False
17.2595 	EXP 	ISI: autoDraw = True
18.0428 	EXP 	ISI: autoDraw = False
18.0592 	EXP 	Interval2: autoDraw = True
18.3428 	EXP 	Interval2: autoDraw = False
18.6430 	EXP 	Delay: autoDraw = False
18.6430 	EXP 	ISI: autoDraw = False
18.6430 	EXP 	Interval1: autoDraw = False
18.6430 	EXP 	Interval2: autoDraw = False
18.6430 	EXP 	Question_Text: autoDraw = True
19.0140 	DATA 	Keypress: 1
19.0262 	EXP 	Question_Text: autoDraw = False
19.0262 	EXP 	Feedback_text: color = 'white (named)'
19.0262 	EXP 	Feedback_text: color = '[0. 1. 0.] (rgb)'
19.0262 	EXP 	Feedback_text: autoDraw = True
20.3093 	EXP 	Feedback_text: autoDraw = False
20.3093 	EXP 	Feedback_text: autoDraw = False
20.3093 	EXP 	Next_Text: autoDraw = True
21.3284 	EXP 	New trial (rep=0, index=1): OrderedDict([('interval', 2), ('probe1', 0), ('probe2', 1)])
21.3317 	DATA 	Keypress: space
21.3427 	EXP 	Next_Text: autoDraw = False
21.3427 	EXP 	Delay: autoDraw = True
22.3428 	EXP 	Delay: autoDraw = False
22.3599 	EXP 	Interval1: autoDraw = True
22.6423 	EXP 	Interval1: autoDraw = False
22.6590 	EXP 	ISI: autoDraw = True
23.4427 	EXP 	ISI: autoDraw = False
23.4595 	EXP 	Interval2: autoDraw = True
23.7426 	EXP 	Interval2: autoDraw = False
24.0425 	EXP 	Delay: autoDraw = False
24.0425 	EXP 	ISI: autoDraw = False
24.0425 	EXP 	Interval1: autoDraw = False
24.0425 	EXP 	Interval2: autoDraw = False
24.0425 	EXP 	Question_Text: autoDraw = True
24.5127 	DATA 	Keypress: 2
24.5261 	EXP 	Question_Text: autoDraw = False
24.5261 	EXP 	Feedback_text: color = 'white (named)'
24.5261 	EXP 	Feedback_text: color = '[0. 1. 0.] (rgb)'
24.5261 	EXP 	Feedback_text: autoDraw = True
25.4281 	DATA 	Keypress: escape
25.8095 	EXP 	Feedback_text: autoDraw = False
25.8095 	EXP 	Feedback_text: autoDraw = False
25.8095 	EXP 	Next_Text: autoDraw = True
27.7614 	DATA 	Keypress: escape
28.2937 	EXP 	window1: mouseVisible = True
