8.2324 	WARNING 	User requested fullscreen with size [1024  768], but screen is actually [1440, 900]. Using actual size
9.1098 	EXP 	Created window1 = Window(allowGUI=False, allowStencil=False, args=UNKNOWN, autoLog=True, bitsMode=UNKNOWN, blendMode='avg', color=array([0., 0., 0.]), colorSpace='rgb', fullscr=<method-wrapper '__getattribute__' of attributeSetter object at 0x13666d828>, gamma=None, kwargs=UNKNOWN, lms=UNKNOWN, monitor=<psychopy.monitors.calibTools.Monitor object at 0x137bef630>, multiSample=False, name='window1', numSamples=2, pos=[0.0, 0.0], screen=0, size=array([2880, 1800]), stereo=False, units='height', useFBO=True, useRetina=True, viewOri=0.0, viewPos=None, viewScale=None, waitBlanking=True, winType='pyglet')
9.1098 	EXP 	window1: recordFrameIntervals = False
9.2759 	EXP 	window1: recordFrameIntervals = True
9.4594 	EXP 	window1: recordFrameIntervals = False
10.9124 	EXP 	Created Welcome_Text = TextStim(__class__=<class 'psychopy.visual.text.TextStim'>, alignHoriz='center', alignVert='center', antialias=True, autoLog=True, bold=False, color='white', colorSpace='named', contrast=1.0, depth=0.0, flipHoriz=False, flipVert=False, font='Arial', fontFiles=[], height=0.1, italic=False, languageStyle='LTR', name='Welcome_Text', opacity=1.0, ori=0, pos=array([0., 0.]), rgb=array([255., 255., 255.]), text=str(...), units='height', win=Window(...), wrapWidth=1)
10.9979 	EXP 	Created Instructions_Text = TextStim(__class__=<class 'psychopy.visual.text.TextStim'>, alignHoriz='center', alignVert='center', antialias=True, autoLog=True, bold=False, color='white', colorSpace='named', contrast=1.0, depth=0.0, flipHoriz=False, flipVert=False, font='Arial', fontFiles=[], height=0.05, italic=False, languageStyle='LTR', name='Instructions_Text', opacity=1.0, ori=0, pos=array([0., 0.]), rgb=array([255., 255., 255.]), text=str(...), units='height', win=Window(...), wrapWidth=1)
11.0276 	EXP 	Sound  set volume 1.000
11.0315 	EXP 	Created Delay = TextStim(__class__=<class 'psychopy.visual.text.TextStim'>, alignHoriz='center', alignVert='center', antialias=True, autoLog=True, bold=False, color='black', colorSpace='named', contrast=1.0, depth=-1.0, flipHoriz=False, flipVert=False, font='Arial', fontFiles=[], height=0.1, italic=False, languageStyle='LTR', name='Delay', opacity=1.0, ori=0, pos=array([0., 0.]), rgb=array([0., 0., 0.]), text='\n+\n', units='height', win=Window(...), wrapWidth=1)
11.0320 	EXP 	Created ISI = TextStim(__class__=<class 'psychopy.visual.text.TextStim'>, alignHoriz='center', alignVert='center', antialias=True, autoLog=True, bold=False, color='black', colorSpace='named', contrast=1.0, depth=-2.0, flipHoriz=False, flipVert=False, font='Arial', fontFiles=[], height=0.1, italic=False, languageStyle='LTR', name='ISI', opacity=1.0, ori=0, pos=array([0., 0.]), rgb=array([0., 0., 0.]), text='', units='height', win=Window(...), wrapWidth=1)
11.0321 	EXP 	Sound  set volume 1.000
11.0343 	EXP 	Sound  set volume 1.000
11.0350 	EXP 	Sound  set volume 1.000
11.0996 	EXP 	Created Interval1 = TextStim(__class__=<class 'psychopy.visual.text.TextStim'>, alignHoriz='center', alignVert='center', antialias=True, autoLog=True, bold=False, color='white', colorSpace='named', contrast=1.0, depth=-6.0, flipHoriz=False, flipVert=False, font='Arial', fontFiles=[], height=1, italic=False, languageStyle='LTR', name='Interval1', opacity=1.0, ori=0, pos=array([0., 0.]), rgb=array([255., 255., 255.]), text='1', units='height', win=Window(...), wrapWidth=1)
11.1068 	EXP 	Created Interval2 = TextStim(__class__=<class 'psychopy.visual.text.TextStim'>, alignHoriz='center', alignVert='center', antialias=True, autoLog=True, bold=False, color='white', colorSpace='named', contrast=1.0, depth=-7.0, flipHoriz=False, flipVert=False, font='Arial', fontFiles=[], height=1, italic=False, languageStyle='LTR', name='Interval2', opacity=1.0, ori=0, pos=array([0., 0.]), rgb=array([255., 255., 255.]), text='2', units='height', win=Window(...), wrapWidth=1)
11.1424 	EXP 	Created Question_Text = TextStim(__class__=<class 'psychopy.visual.text.TextStim'>, alignHoriz='center', alignVert='center', antialias=True, autoLog=True, bold=False, color='white', colorSpace='named', contrast=1.0, depth=0.0, flipHoriz=False, flipVert=False, font='Arial', fontFiles=[], height=0.05, italic=False, languageStyle='LTR', name='Question_Text', opacity=1.0, ori=0, pos=array([0., 0.]), rgb=array([255., 255., 255.]), text=str(...), units='height', win=Window(...), wrapWidth=1)
11.1505 	EXP 	Created Feedback_text = TextStim(__class__=<class 'psychopy.visual.text.TextStim'>, alignHoriz='center', alignVert='center', antialias=True, autoLog=True, bold=False, color='white', colorSpace='named', contrast=1.0, depth=0.0, flipHoriz=False, flipVert=False, font='Arial', fontFiles=[], height=0.1, italic=False, languageStyle='LTR', name='Feedback_text', opacity=1.0, ori=0, pos=array([0., 0.]), rgb=array([255., 255., 255.]), text='default text', units='height', win=Window(...), wrapWidth=1)
11.1640 	EXP 	Created Next_Text = TextStim(__class__=<class 'psychopy.visual.text.TextStim'>, alignHoriz='center', alignVert='center', antialias=True, autoLog=True, bold=False, color='white', colorSpace='named', contrast=1.0, depth=0.0, flipHoriz=False, flipVert=False, font='Arial', fontFiles=[], height=0.1, italic=False, languageStyle='LTR', name='Next_Text', opacity=1.0, ori=0, pos=array([0., 0.]), rgb=array([255., 255., 255.]), text='Press SPACE to start the next trial', units='height', win=Window(...), wrapWidth=1)
11.5287 	EXP 	Welcome_Text: autoDraw = True
12.2415 	DATA 	Keypress: space
12.2468 	EXP 	Welcome_Text: autoDraw = False
12.2468 	EXP 	Instructions_Text: autoDraw = True
12.6096 	EXP 	Imported conditions.xlsx as conditions, 5 conditions, 5 params
12.6101 	EXP 	Created sequence: random, trialTypes=5, nReps=1, seed=None
12.6106 	EXP 	New trial (rep=0, index=0): OrderedDict([('interval', 2), ('probe1', 0), ('probe2', 1), ('startProbe1', 0.0), ('startProbe2', 0.2)])
12.6182 	DATA 	Keypress: space
12.6287 	EXP 	Instructions_Text: autoDraw = False
12.6287 	EXP 	Delay: autoDraw = True
13.6288 	EXP 	Delay: autoDraw = False
13.6288 	EXP 	Interval1: autoDraw = True
13.9289 	EXP 	ISI: autoDraw = True
13.9289 	EXP 	Interval1: autoDraw = False
14.7291 	EXP 	ISI: autoDraw = False
14.7291 	EXP 	Interval2: autoDraw = True
15.0294 	EXP 	Interval2: autoDraw = False
15.3794 	EXP 	Delay: autoDraw = False
15.3794 	EXP 	ISI: autoDraw = False
15.3794 	EXP 	Interval1: autoDraw = False
15.3794 	EXP 	Interval2: autoDraw = False
15.3794 	EXP 	Question_Text: autoDraw = True
15.7659 	DATA 	Keypress: 2
15.7787 	EXP 	Question_Text: autoDraw = False
15.7787 	EXP 	Feedback_text: color = 'white (named)'
15.7787 	EXP 	Feedback_text: text = 0.0027636237549579384
15.7787 	EXP 	Feedback_text: color = '[0.  0.5 0. ] (rgb)'
15.7787 	EXP 	Feedback_text: autoDraw = True
17.1118 	EXP 	Feedback_text: autoDraw = False
17.1118 	EXP 	Feedback_text: autoDraw = False
17.1118 	EXP 	Next_Text: autoDraw = True
17.6972 	EXP 	New trial (rep=0, index=1): OrderedDict([('interval', 1), ('probe1', 1), ('probe2', 0), ('startProbe1', 0.2), ('startProbe2', 0.0)])
17.7004 	DATA 	Keypress: space
17.7117 	EXP 	Next_Text: autoDraw = False
17.7117 	EXP 	Delay: autoDraw = True
18.7117 	EXP 	Delay: autoDraw = False
18.7287 	EXP 	Interval1: autoDraw = True
19.0118 	EXP 	Interval1: autoDraw = False
19.0286 	EXP 	ISI: autoDraw = True
19.8119 	EXP 	ISI: autoDraw = False
19.8284 	EXP 	Interval2: autoDraw = True
20.1118 	EXP 	Interval2: autoDraw = False
20.4452 	EXP 	Delay: autoDraw = False
20.4452 	EXP 	ISI: autoDraw = False
20.4452 	EXP 	Interval1: autoDraw = False
20.4452 	EXP 	Interval2: autoDraw = False
20.4452 	EXP 	Question_Text: autoDraw = True
20.9104 	DATA 	Keypress: 1
20.9285 	EXP 	Question_Text: autoDraw = False
20.9285 	EXP 	Feedback_text: color = 'white (named)'
20.9285 	EXP 	Feedback_text: text = 6.944118097857101e-06
20.9285 	EXP 	Feedback_text: color = '[0.  0.4 0. ] (rgb)'
20.9285 	EXP 	Feedback_text: autoDraw = True
22.1951 	EXP 	Feedback_text: autoDraw = False
22.1951 	EXP 	Feedback_text: autoDraw = False
22.1951 	EXP 	Next_Text: autoDraw = True
22.4628 	EXP 	New trial (rep=0, index=2): OrderedDict([('interval', 1), ('probe1', 1), ('probe2', 0), ('startProbe1', 0.2), ('startProbe2', 0.0)])
22.4660 	DATA 	Keypress: space
22.4783 	EXP 	Next_Text: autoDraw = False
22.4783 	EXP 	Delay: autoDraw = True
23.4784 	EXP 	Delay: autoDraw = False
23.4950 	EXP 	Interval1: autoDraw = True
23.7783 	EXP 	Interval1: autoDraw = False
23.7951 	EXP 	ISI: autoDraw = True
24.5784 	EXP 	ISI: autoDraw = False
24.5951 	EXP 	Interval2: autoDraw = True
24.8782 	EXP 	Interval2: autoDraw = False
25.2116 	EXP 	Delay: autoDraw = False
25.2116 	EXP 	ISI: autoDraw = False
25.2116 	EXP 	Interval1: autoDraw = False
25.2116 	EXP 	Interval2: autoDraw = False
25.2116 	EXP 	Question_Text: autoDraw = True
25.6573 	DATA 	Keypress: 1
25.6617 	EXP 	Question_Text: autoDraw = False
25.6617 	EXP 	Feedback_text: color = 'white (named)'
25.6617 	EXP 	Feedback_text: text = 6.941914561734537e-06
25.6617 	EXP 	Feedback_text: color = '[0.  0.3 0. ] (rgb)'
25.6617 	EXP 	Feedback_text: autoDraw = True
26.4310 	DATA 	Keypress: escape
26.9242 	EXP 	window1: mouseVisible = True
7.3891 	WARNING 	User requested fullscreen with size [1024  768], but screen is actually [1440, 900]. Using actual size
8.2460 	EXP 	Created window1 = Window(allowGUI=False, allowStencil=False, args=UNKNOWN, autoLog=True, bitsMode=UNKNOWN, blendMode='avg', color=array([0., 0., 0.]), colorSpace='rgb', fullscr=<method-wrapper '__getattribute__' of attributeSetter object at 0x137f6e828>, gamma=None, kwargs=UNKNOWN, lms=UNKNOWN, monitor=<psychopy.monitors.calibTools.Monitor object at 0x137ad9630>, multiSample=False, name='window1', numSamples=2, pos=[0.0, 0.0], screen=0, size=array([2880, 1800]), stereo=False, units='height', useFBO=True, useRetina=True, viewOri=0.0, viewPos=None, viewScale=None, waitBlanking=True, winType='pyglet')
8.2460 	EXP 	window1: recordFrameIntervals = False
8.4121 	EXP 	window1: recordFrameIntervals = True
8.5956 	EXP 	window1: recordFrameIntervals = False
10.1585 	EXP 	Created Welcome_Text = TextStim(__class__=<class 'psychopy.visual.text.TextStim'>, alignHoriz='center', alignVert='center', antialias=True, autoLog=True, bold=False, color='white', colorSpace='named', contrast=1.0, depth=0.0, flipHoriz=False, flipVert=False, font='Arial', fontFiles=[], height=0.1, italic=False, languageStyle='LTR', name='Welcome_Text', opacity=1.0, ori=0, pos=array([0., 0.]), rgb=array([255., 255., 255.]), text=str(...), units='height', win=Window(...), wrapWidth=1)
10.2348 	EXP 	Created Instructions_Text = TextStim(__class__=<class 'psychopy.visual.text.TextStim'>, alignHoriz='center', alignVert='center', antialias=True, autoLog=True, bold=False, color='white', colorSpace='named', contrast=1.0, depth=0.0, flipHoriz=False, flipVert=False, font='Arial', fontFiles=[], height=0.05, italic=False, languageStyle='LTR', name='Instructions_Text', opacity=1.0, ori=0, pos=array([0., 0.]), rgb=array([255., 255., 255.]), text=str(...), units='height', win=Window(...), wrapWidth=1)
10.2643 	EXP 	Sound  set volume 1.000
10.2691 	EXP 	Created Delay = TextStim(__class__=<class 'psychopy.visual.text.TextStim'>, alignHoriz='center', alignVert='center', antialias=True, autoLog=True, bold=False, color='black', colorSpace='named', contrast=1.0, depth=-1.0, flipHoriz=False, flipVert=False, font='Arial', fontFiles=[], height=0.1, italic=False, languageStyle='LTR', name='Delay', opacity=1.0, ori=0, pos=array([0., 0.]), rgb=array([0., 0., 0.]), text='\n+\n', units='height', win=Window(...), wrapWidth=1)
10.2697 	EXP 	Created ISI = TextStim(__class__=<class 'psychopy.visual.text.TextStim'>, alignHoriz='center', alignVert='center', antialias=True, autoLog=True, bold=False, color='black', colorSpace='named', contrast=1.0, depth=-2.0, flipHoriz=False, flipVert=False, font='Arial', fontFiles=[], height=0.1, italic=False, languageStyle='LTR', name='ISI', opacity=1.0, ori=0, pos=array([0., 0.]), rgb=array([0., 0., 0.]), text='', units='height', win=Window(...), wrapWidth=1)
10.2697 	EXP 	Sound  set volume 1.000
10.2718 	EXP 	Sound  set volume 1.000
10.2726 	EXP 	Sound  set volume 1.000
10.3298 	EXP 	Created Interval1 = TextStim(__class__=<class 'psychopy.visual.text.TextStim'>, alignHoriz='center', alignVert='center', antialias=True, autoLog=True, bold=False, color='white', colorSpace='named', contrast=1.0, depth=-6.0, flipHoriz=False, flipVert=False, font='Arial', fontFiles=[], height=1, italic=False, languageStyle='LTR', name='Interval1', opacity=1.0, ori=0, pos=array([0., 0.]), rgb=array([255., 255., 255.]), text='1', units='height', win=Window(...), wrapWidth=1)
10.3363 	EXP 	Created Interval2 = TextStim(__class__=<class 'psychopy.visual.text.TextStim'>, alignHoriz='center', alignVert='center', antialias=True, autoLog=True, bold=False, color='white', colorSpace='named', contrast=1.0, depth=-7.0, flipHoriz=False, flipVert=False, font='Arial', fontFiles=[], height=1, italic=False, languageStyle='LTR', name='Interval2', opacity=1.0, ori=0, pos=array([0., 0.]), rgb=array([255., 255., 255.]), text='2', units='height', win=Window(...), wrapWidth=1)
10.3699 	EXP 	Created Question_Text = TextStim(__class__=<class 'psychopy.visual.text.TextStim'>, alignHoriz='center', alignVert='center', antialias=True, autoLog=True, bold=False, color='white', colorSpace='named', contrast=1.0, depth=0.0, flipHoriz=False, flipVert=False, font='Arial', fontFiles=[], height=0.05, italic=False, languageStyle='LTR', name='Question_Text', opacity=1.0, ori=0, pos=array([0., 0.]), rgb=array([255., 255., 255.]), text=str(...), units='height', win=Window(...), wrapWidth=1)
10.3805 	EXP 	Created Feedback_text = TextStim(__class__=<class 'psychopy.visual.text.TextStim'>, alignHoriz='center', alignVert='center', antialias=True, autoLog=True, bold=False, color='white', colorSpace='named', contrast=1.0, depth=0.0, flipHoriz=False, flipVert=False, font='Arial', fontFiles=[], height=0.1, italic=False, languageStyle='LTR', name='Feedback_text', opacity=1.0, ori=0, pos=array([0., 0.]), rgb=array([255., 255., 255.]), text='default text', units='height', win=Window(...), wrapWidth=1)
10.3940 	EXP 	Created Next_Text = TextStim(__class__=<class 'psychopy.visual.text.TextStim'>, alignHoriz='center', alignVert='center', antialias=True, autoLog=True, bold=False, color='white', colorSpace='named', contrast=1.0, depth=0.0, flipHoriz=False, flipVert=False, font='Arial', fontFiles=[], height=0.1, italic=False, languageStyle='LTR', name='Next_Text', opacity=1.0, ori=0, pos=array([0., 0.]), rgb=array([255., 255., 255.]), text='Press SPACE to start the next trial', units='height', win=Window(...), wrapWidth=1)
10.7290 	EXP 	Welcome_Text: autoDraw = True
11.5930 	DATA 	Keypress: space
11.6128 	EXP 	Welcome_Text: autoDraw = False
11.6128 	EXP 	Instructions_Text: autoDraw = True
11.9438 	EXP 	Imported conditions.xlsx as conditions, 5 conditions, 5 params
11.9443 	EXP 	Created sequence: random, trialTypes=5, nReps=1, seed=None
11.9448 	EXP 	New trial (rep=0, index=0): OrderedDict([('interval', 1), ('probe1', 1), ('probe2', 0), ('startProbe1', 0.2), ('startProbe2', 0.0)])
11.9528 	DATA 	Keypress: space
11.9622 	EXP 	Instructions_Text: autoDraw = False
11.9622 	EXP 	Delay: autoDraw = True
12.9635 	EXP 	Delay: autoDraw = False
12.9635 	EXP 	Interval1: autoDraw = True
13.2634 	EXP 	ISI: autoDraw = True
13.2634 	EXP 	Interval1: autoDraw = False
14.0638 	EXP 	ISI: autoDraw = False
14.0638 	EXP 	Interval2: autoDraw = True
14.3642 	EXP 	Interval2: autoDraw = False
14.7140 	EXP 	Delay: autoDraw = False
14.7140 	EXP 	ISI: autoDraw = False
14.7140 	EXP 	Interval1: autoDraw = False
14.7140 	EXP 	Interval2: autoDraw = False
14.7140 	EXP 	Question_Text: autoDraw = True
16.1822 	DATA 	Keypress: 2
16.1966 	EXP 	Question_Text: autoDraw = False
16.1966 	EXP 	Feedback_text: color = 'white (named)'
16.1966 	EXP 	Feedback_text: text = 0.873934566141414
16.1966 	EXP 	Feedback_text: color = '[1. 0. 0.] (rgb)'
16.1966 	EXP 	Feedback_text: autoDraw = True
17.5136 	EXP 	Feedback_text: autoDraw = False
17.5136 	EXP 	Feedback_text: autoDraw = False
17.5136 	EXP 	Next_Text: autoDraw = True
17.9655 	EXP 	New trial (rep=0, index=1): OrderedDict([('interval', 1), ('probe1', 1), ('probe2', 0), ('startProbe1', 0.2), ('startProbe2', 0.0)])
17.9689 	DATA 	Keypress: space
17.9799 	EXP 	Next_Text: autoDraw = False
17.9799 	EXP 	Delay: autoDraw = True
18.9798 	EXP 	Delay: autoDraw = False
18.9966 	EXP 	Interval1: autoDraw = True
19.2798 	EXP 	Interval1: autoDraw = False
19.2965 	EXP 	ISI: autoDraw = True
20.0798 	EXP 	ISI: autoDraw = False
20.0966 	EXP 	Interval2: autoDraw = True
20.3799 	EXP 	Interval2: autoDraw = False
20.6966 	EXP 	Delay: autoDraw = False
20.6966 	EXP 	ISI: autoDraw = False
20.6966 	EXP 	Interval1: autoDraw = False
20.6966 	EXP 	Interval2: autoDraw = False
20.6966 	EXP 	Question_Text: autoDraw = True
21.9678 	DATA 	Keypress: 1
21.9798 	EXP 	Question_Text: autoDraw = False
21.9798 	EXP 	Feedback_text: color = 'white (named)'
21.9798 	EXP 	Feedback_text: text = 1.2166779724010068e-05
21.9798 	EXP 	Feedback_text: color = '[0.  0.6 0. ] (rgb)'
21.9798 	EXP 	Feedback_text: autoDraw = True
23.2465 	EXP 	Feedback_text: autoDraw = False
23.2465 	EXP 	Feedback_text: autoDraw = False
23.2465 	EXP 	Next_Text: autoDraw = True
23.5980 	EXP 	New trial (rep=0, index=2): OrderedDict([('interval', 2), ('probe1', 0), ('probe2', 1), ('startProbe1', 0.0), ('startProbe2', 0.2)])
23.6013 	DATA 	Keypress: space
23.6131 	EXP 	Next_Text: autoDraw = False
23.6131 	EXP 	Delay: autoDraw = True
24.6133 	EXP 	Delay: autoDraw = False
24.6299 	EXP 	Interval1: autoDraw = True
24.9131 	EXP 	Interval1: autoDraw = False
24.9298 	EXP 	ISI: autoDraw = True
25.7131 	EXP 	ISI: autoDraw = False
25.7299 	EXP 	Interval2: autoDraw = True
26.0133 	EXP 	Interval2: autoDraw = False
26.3465 	EXP 	Delay: autoDraw = False
26.3465 	EXP 	ISI: autoDraw = False
26.3465 	EXP 	Interval1: autoDraw = False
26.3465 	EXP 	Interval2: autoDraw = False
26.3465 	EXP 	Question_Text: autoDraw = True
26.3653 	DATA 	Keypress: escape
26.8569 	EXP 	window1: mouseVisible = True
