6.7902 	WARNING 	User requested fullscreen with size [1024  768], but screen is actually [1440, 900]. Using actual size
7.5343 	EXP 	Created window1 = Window(allowGUI=False, allowStencil=False, args=UNKNOWN, autoLog=True, bitsMode=UNKNOWN, blendMode='avg', color=array([0., 0., 0.]), colorSpace='rgb', fullscr=<method-wrapper '__getattribute__' of attributeSetter object at 0x13865c898>, gamma=None, kwargs=UNKNOWN, lms=UNKNOWN, monitor=<psychopy.monitors.calibTools.Monitor object at 0x13842f710>, multiSample=False, name='window1', numSamples=2, pos=[0.0, 0.0], screen=0, size=array([2880, 1800]), stereo=False, units='height', useFBO=True, useRetina=True, viewOri=0.0, viewPos=None, viewScale=None, waitBlanking=True, winType='pyglet')
7.5344 	EXP 	window1: recordFrameIntervals = False
7.7005 	EXP 	window1: recordFrameIntervals = True
7.8840 	EXP 	window1: recordFrameIntervals = False
8.8154 	EXP 	Created Welcome_Text = TextStim(__class__=<class 'psychopy.visual.text.TextStim'>, alignHoriz='center', alignVert='center', antialias=True, autoLog=True, bold=False, color='white', colorSpace='named', contrast=1.0, depth=0.0, flipHoriz=False, flipVert=False, font='Arial', fontFiles=[], height=0.1, italic=False, languageStyle='LTR', name='Welcome_Text', opacity=1.0, ori=0, pos=array([0., 0.]), rgb=array([255., 255., 255.]), text=str(...), units='height', win=Window(...), wrapWidth=1)
8.8816 	EXP 	Created Instructions_Text = TextStim(__class__=<class 'psychopy.visual.text.TextStim'>, alignHoriz='center', alignVert='center', antialias=True, autoLog=True, bold=False, color='white', colorSpace='named', contrast=1.0, depth=0.0, flipHoriz=False, flipVert=False, font='Arial', fontFiles=[], height=0.05, italic=False, languageStyle='LTR', name='Instructions_Text', opacity=1.0, ori=0, pos=array([0., 0.]), rgb=array([255., 255., 255.]), text=str(...), units='height', win=Window(...), wrapWidth=1)
8.9189 	EXP 	Sound  set volume 1.000
8.9231 	EXP 	Created Delay = TextStim(__class__=<class 'psychopy.visual.text.TextStim'>, alignHoriz='center', alignVert='center', antialias=True, autoLog=True, bold=False, color='black', colorSpace='named', contrast=1.0, depth=-1.0, flipHoriz=False, flipVert=False, font='Arial', fontFiles=[], height=0.1, italic=False, languageStyle='LTR', name='Delay', opacity=1.0, ori=0, pos=array([0., 0.]), rgb=array([0., 0., 0.]), text='\n+\n', units='height', win=Window(...), wrapWidth=1)
8.9237 	EXP 	Created ISI = TextStim(__class__=<class 'psychopy.visual.text.TextStim'>, alignHoriz='center', alignVert='center', antialias=True, autoLog=True, bold=False, color='black', colorSpace='named', contrast=1.0, depth=-2.0, flipHoriz=False, flipVert=False, font='Arial', fontFiles=[], height=0.1, italic=False, languageStyle='LTR', name='ISI', opacity=1.0, ori=0, pos=array([0., 0.]), rgb=array([0., 0., 0.]), text='', units='height', win=Window(...), wrapWidth=1)
8.9238 	EXP 	Sound  set volume 1.000
8.9255 	EXP 	Sound  set volume 1.000
8.9261 	EXP 	Sound  set volume 1.000
9.0079 	EXP 	Created Interval1 = TextStim(__class__=<class 'psychopy.visual.text.TextStim'>, alignHoriz='center', alignVert='center', antialias=True, autoLog=True, bold=False, color='white', colorSpace='named', contrast=1.0, depth=-6.0, flipHoriz=False, flipVert=False, font='Arial', fontFiles=[], height=1, italic=False, languageStyle='LTR', name='Interval1', opacity=1.0, ori=0, pos=array([0., 0.]), rgb=array([255., 255., 255.]), text='1', units='height', win=Window(...), wrapWidth=1)
9.0183 	EXP 	Created Interval2 = TextStim(__class__=<class 'psychopy.visual.text.TextStim'>, alignHoriz='center', alignVert='center', antialias=True, autoLog=True, bold=False, color='white', colorSpace='named', contrast=1.0, depth=-7.0, flipHoriz=False, flipVert=False, font='Arial', fontFiles=[], height=1, italic=False, languageStyle='LTR', name='Interval2', opacity=1.0, ori=0, pos=array([0., 0.]), rgb=array([255., 255., 255.]), text='2', units='height', win=Window(...), wrapWidth=1)
9.0471 	EXP 	Created Question_Text = TextStim(__class__=<class 'psychopy.visual.text.TextStim'>, alignHoriz='center', alignVert='center', antialias=True, autoLog=True, bold=False, color='white', colorSpace='named', contrast=1.0, depth=0.0, flipHoriz=False, flipVert=False, font='Arial', fontFiles=[], height=0.05, italic=False, languageStyle='LTR', name='Question_Text', opacity=1.0, ori=0, pos=array([0., 0.]), rgb=array([255., 255., 255.]), text=str(...), units='height', win=Window(...), wrapWidth=1)
9.0597 	EXP 	Created Next_Text = TextStim(__class__=<class 'psychopy.visual.text.TextStim'>, alignHoriz='center', alignVert='center', antialias=True, autoLog=True, bold=False, color='white', colorSpace='named', contrast=1.0, depth=0.0, flipHoriz=False, flipVert=False, font='Arial', fontFiles=[], height=0.1, italic=False, languageStyle='LTR', name='Next_Text', opacity=1.0, ori=0, pos=array([0., 0.]), rgb=array([255., 255., 255.]), text='Press SPACE to start the next trial', units='height', win=Window(...), wrapWidth=1)
9.3334 	EXP 	Welcome_Text: autoDraw = True
10.9334 	DATA 	Keypress: space
10.9389 	EXP 	Welcome_Text: autoDraw = False
10.9389 	EXP 	Instructions_Text: autoDraw = True
12.2722 	EXP 	Created sequence: random, trialTypes=1, nReps=5, seed=None
12.2726 	EXP 	New trial (rep=0, index=0): None
12.2787 	DATA 	Keypress: space
12.2876 	EXP 	Instructions_Text: autoDraw = False
12.2876 	EXP 	Delay: autoDraw = True
13.2880 	EXP 	Delay: autoDraw = False
13.3048 	EXP 	Interval1: autoDraw = True
13.5881 	EXP 	Interval1: autoDraw = False
13.6046 	EXP 	ISI: autoDraw = True
14.3880 	EXP 	ISI: autoDraw = False
14.4047 	EXP 	Interval2: autoDraw = True
14.6872 	EXP 	Interval2: autoDraw = False
14.9546 	EXP 	Delay: autoDraw = False
14.9546 	EXP 	ISI: autoDraw = False
14.9546 	EXP 	Interval1: autoDraw = False
14.9546 	EXP 	Interval2: autoDraw = False
14.9546 	EXP 	Question_Text: autoDraw = True
16.5902 	DATA 	Keypress: space
20.1262 	DATA 	Keypress: z
20.1382 	EXP 	Question_Text: autoDraw = False
20.1382 	EXP 	Next_Text: autoDraw = True
26.6221 	EXP 	New trial (rep=1, index=0): None
26.6248 	DATA 	Keypress: space
26.6378 	EXP 	Next_Text: autoDraw = False
26.6378 	EXP 	Delay: autoDraw = True
27.6376 	EXP 	Delay: autoDraw = False
27.6543 	EXP 	Interval1: autoDraw = True
27.9376 	EXP 	Interval1: autoDraw = False
27.9543 	EXP 	ISI: autoDraw = True
28.7375 	EXP 	ISI: autoDraw = False
28.7543 	EXP 	Interval2: autoDraw = True
29.0374 	EXP 	Interval2: autoDraw = False
29.3044 	EXP 	Delay: autoDraw = False
29.3044 	EXP 	ISI: autoDraw = False
29.3044 	EXP 	Interval1: autoDraw = False
29.3044 	EXP 	Interval2: autoDraw = False
29.3044 	EXP 	Question_Text: autoDraw = True
67.6728 	DATA 	Keypress: escape
67.6887 	DATA 	Keypress: quoteleft
68.1679 	EXP 	window1: mouseVisible = True
