7.4495 	WARNING 	User requested fullscreen with size [1024  768], but screen is actually [1440, 900]. Using actual size
8.2573 	EXP 	Created window1 = Window(allowGUI=False, allowStencil=False, args=UNKNOWN, autoLog=True, bitsMode=UNKNOWN, blendMode='avg', color=array([0., 0., 0.]), colorSpace='rgb', fullscr=<method-wrapper '__getattribute__' of attributeSetter object at 0x137b2e828>, gamma=None, kwargs=UNKNOWN, lms=UNKNOWN, monitor=<psychopy.monitors.calibTools.Monitor object at 0x137897a20>, multiSample=False, name='window1', numSamples=2, pos=[0.0, 0.0], screen=0, size=array([2880, 1800]), stereo=False, units='height', useFBO=True, useRetina=True, viewOri=0.0, viewPos=None, viewScale=None, waitBlanking=True, winType='pyglet')
8.2573 	EXP 	window1: recordFrameIntervals = False
8.4235 	EXP 	window1: recordFrameIntervals = True
8.6073 	EXP 	window1: recordFrameIntervals = False
10.2127 	EXP 	Created Welcome_Text = TextStim(__class__=<class 'psychopy.visual.text.TextStim'>, alignHoriz='center', alignVert='center', antialias=True, autoLog=True, bold=False, color='white', colorSpace='named', contrast=1.0, depth=0.0, flipHoriz=False, flipVert=False, font='Arial', fontFiles=[], height=0.1, italic=False, languageStyle='LTR', name='Welcome_Text', opacity=1.0, ori=0, pos=array([0., 0.]), rgb=array([255., 255., 255.]), text=str(...), units='height', win=Window(...), wrapWidth=1)
10.2868 	EXP 	Created Instructions_Text = TextStim(__class__=<class 'psychopy.visual.text.TextStim'>, alignHoriz='center', alignVert='center', antialias=True, autoLog=True, bold=False, color='white', colorSpace='named', contrast=1.0, depth=0.0, flipHoriz=False, flipVert=False, font='Arial', fontFiles=[], height=0.05, italic=False, languageStyle='LTR', name='Instructions_Text', opacity=1.0, ori=0, pos=array([0., 0.]), rgb=array([255., 255., 255.]), text=str(...), units='height', win=Window(...), wrapWidth=1)
10.3122 	EXP 	Sound  set volume 1.000
10.3161 	EXP 	Created Delay = TextStim(__class__=<class 'psychopy.visual.text.TextStim'>, alignHoriz='center', alignVert='center', antialias=True, autoLog=True, bold=False, color='black', colorSpace='named', contrast=1.0, depth=-1.0, flipHoriz=False, flipVert=False, font='Arial', fontFiles=[], height=0.1, italic=False, languageStyle='LTR', name='Delay', opacity=1.0, ori=0, pos=array([0., 0.]), rgb=array([0., 0., 0.]), text='\n+\n', units='height', win=Window(...), wrapWidth=1)
10.3166 	EXP 	Created ISI = TextStim(__class__=<class 'psychopy.visual.text.TextStim'>, alignHoriz='center', alignVert='center', antialias=True, autoLog=True, bold=False, color='black', colorSpace='named', contrast=1.0, depth=-2.0, flipHoriz=False, flipVert=False, font='Arial', fontFiles=[], height=0.1, italic=False, languageStyle='LTR', name='ISI', opacity=1.0, ori=0, pos=array([0., 0.]), rgb=array([0., 0., 0.]), text='', units='height', win=Window(...), wrapWidth=1)
10.3167 	EXP 	Sound  set volume 1.000
10.3184 	EXP 	Sound  set volume 1.000
10.3191 	EXP 	Sound  set volume 1.000
10.4060 	EXP 	Created Interval1 = TextStim(__class__=<class 'psychopy.visual.text.TextStim'>, alignHoriz='center', alignVert='center', antialias=True, autoLog=True, bold=False, color='white', colorSpace='named', contrast=1.0, depth=-6.0, flipHoriz=False, flipVert=False, font='Arial', fontFiles=[], height=1, italic=False, languageStyle='LTR', name='Interval1', opacity=1.0, ori=0, pos=array([0., 0.]), rgb=array([255., 255., 255.]), text='1', units='height', win=Window(...), wrapWidth=1)
10.4126 	EXP 	Created Interval2 = TextStim(__class__=<class 'psychopy.visual.text.TextStim'>, alignHoriz='center', alignVert='center', antialias=True, autoLog=True, bold=False, color='white', colorSpace='named', contrast=1.0, depth=-7.0, flipHoriz=False, flipVert=False, font='Arial', fontFiles=[], height=1, italic=False, languageStyle='LTR', name='Interval2', opacity=1.0, ori=0, pos=array([0., 0.]), rgb=array([255., 255., 255.]), text='2', units='height', win=Window(...), wrapWidth=1)
10.4438 	EXP 	Created Question_Text = TextStim(__class__=<class 'psychopy.visual.text.TextStim'>, alignHoriz='center', alignVert='center', antialias=True, autoLog=True, bold=False, color='white', colorSpace='named', contrast=1.0, depth=0.0, flipHoriz=False, flipVert=False, font='Arial', fontFiles=[], height=0.05, italic=False, languageStyle='LTR', name='Question_Text', opacity=1.0, ori=0, pos=array([0., 0.]), rgb=array([255., 255., 255.]), text=str(...), units='height', win=Window(...), wrapWidth=1)
10.4543 	EXP 	Created Feedback_text = TextStim(__class__=<class 'psychopy.visual.text.TextStim'>, alignHoriz='center', alignVert='center', antialias=True, autoLog=True, bold=False, color='white', colorSpace='named', contrast=1.0, depth=0.0, flipHoriz=False, flipVert=False, font='Arial', fontFiles=[], height=0.1, italic=False, languageStyle='LTR', name='Feedback_text', opacity=1.0, ori=0, pos=array([0., 0.]), rgb=array([255., 255., 255.]), text='default text', units='height', win=Window(...), wrapWidth=1)
10.4675 	EXP 	Created Next_Text = TextStim(__class__=<class 'psychopy.visual.text.TextStim'>, alignHoriz='center', alignVert='center', antialias=True, autoLog=True, bold=False, color='white', colorSpace='named', contrast=1.0, depth=0.0, flipHoriz=False, flipVert=False, font='Arial', fontFiles=[], height=0.1, italic=False, languageStyle='LTR', name='Next_Text', opacity=1.0, ori=0, pos=array([0., 0.]), rgb=array([255., 255., 255.]), text='Press SPACE to start the next trial', units='height', win=Window(...), wrapWidth=1)
10.8402 	EXP 	Welcome_Text: autoDraw = True
11.5032 	DATA 	Keypress: space
11.5110 	EXP 	Welcome_Text: autoDraw = False
11.5110 	EXP 	Instructions_Text: autoDraw = True
11.7943 	EXP 	Imported conditions.xlsx as conditions, 5 conditions, 5 params
11.7948 	EXP 	Created sequence: random, trialTypes=5, nReps=1, seed=None
11.7952 	EXP 	New trial (rep=0, index=0): OrderedDict([('interval', 2), ('probe1', 0), ('probe2', 1), ('startProbe1', 0.0), ('startProbe2', 0.2)])
11.8010 	DATA 	Keypress: space
11.8107 	EXP 	Instructions_Text: autoDraw = False
11.8107 	EXP 	Delay: autoDraw = True
12.8106 	EXP 	Delay: autoDraw = False
12.8281 	EXP 	Interval1: autoDraw = True
13.1108 	EXP 	Interval1: autoDraw = False
13.1279 	EXP 	ISI: autoDraw = True
13.9106 	EXP 	ISI: autoDraw = False
13.9280 	EXP 	Interval2: autoDraw = True
14.2106 	EXP 	Interval2: autoDraw = False
14.5944 	EXP 	Delay: autoDraw = False
14.5944 	EXP 	ISI: autoDraw = False
14.5944 	EXP 	Interval1: autoDraw = False
14.5944 	EXP 	Interval2: autoDraw = False
14.5944 	EXP 	Question_Text: autoDraw = True
15.8987 	DATA 	Keypress: 2
15.9106 	EXP 	Question_Text: autoDraw = False
15.9106 	EXP 	Feedback_text: color = 'white (named)'
15.9106 	EXP 	Feedback_text: text = 0.873934566141414
15.9106 	EXP 	Feedback_text: color = '[0.  0.5 0. ] (rgb)'
15.9106 	EXP 	Feedback_text: autoDraw = True
16.1632 	DATA 	Keypress: minus
16.4124 	DATA 	Keypress: minus
17.2106 	EXP 	Feedback_text: autoDraw = False
17.2106 	EXP 	Feedback_text: autoDraw = False
17.2106 	EXP 	Next_Text: autoDraw = True
18.0957 	EXP 	New trial (rep=0, index=1): OrderedDict([('interval', 1), ('probe1', 1), ('probe2', 0), ('startProbe1', 0.2), ('startProbe2', 0.0)])
18.0992 	DATA 	Keypress: space
18.1104 	EXP 	Next_Text: autoDraw = False
18.1104 	EXP 	Delay: autoDraw = True
19.1106 	EXP 	Delay: autoDraw = False
19.1273 	EXP 	Interval1: autoDraw = True
19.4104 	EXP 	Interval1: autoDraw = False
19.4271 	EXP 	ISI: autoDraw = True
20.2104 	EXP 	ISI: autoDraw = False
20.2272 	EXP 	Interval2: autoDraw = True
20.5105 	EXP 	Interval2: autoDraw = False
20.8606 	EXP 	Delay: autoDraw = False
20.8606 	EXP 	ISI: autoDraw = False
20.8606 	EXP 	Interval1: autoDraw = False
20.8606 	EXP 	Interval2: autoDraw = False
20.8606 	EXP 	Question_Text: autoDraw = True
23.3636 	DATA 	Keypress: 1
23.3771 	EXP 	Question_Text: autoDraw = False
23.3771 	EXP 	Feedback_text: color = 'white (named)'
23.3771 	EXP 	Feedback_text: text = 7.67671902553685e-06
23.3771 	EXP 	Feedback_text: color = '[0.  0.4 0. ] (rgb)'
23.3771 	EXP 	Feedback_text: autoDraw = True
24.6447 	EXP 	Feedback_text: autoDraw = False
24.6447 	EXP 	Feedback_text: autoDraw = False
24.6447 	EXP 	Next_Text: autoDraw = True
24.7125 	DATA 	Keypress: escape
25.2366 	EXP 	window1: mouseVisible = True
