4.7234 	WARNING 	We strongly recommend you activate the PTB sound engine in PsychoPy prefs as the preferred audio engine. Its timing is vastly superior. Your prefs are currently set to use ['sounddevice', 'PTB', 'pyo', 'pygame'] (in that order).
70.7430 	INFO 	Loaded monitor calibration from ['2020_10_15 13:31']
73.8525 	EXP 	Created window1 = Window(allowGUI=False, allowStencil=False, args=UNKNOWN, autoLog=True, bitsMode=UNKNOWN, blendMode='avg', bpc=(8, 8, 8), color=array([1., 1., 1.]), colorSpace='rgb', depthBits=8, fullscr=<method-wrapper '__getattribute__' of attributeSetter object at 0x000001999C39EC88>, gamma=None, gammaErrorPolicy='raise', kwargs=UNKNOWN, lms=UNKNOWN, monitor=<psychopy.monitors.calibTools.Monitor object at 0x000001999BFB4518>, multiSample=False, name='window1', numSamples=2, pos=[0.0, 0.0], screen=0, size=array([1366,  768]), stencilBits=0, stereo=False, units='height', useFBO=True, useRetina=False, viewOri=0.0, viewPos=None, viewScale=None, waitBlanking=True, winType='pyglet')
73.8528 	EXP 	window1: mouseVisible = True
73.8528 	EXP 	window1: recordFrameIntervals = False
74.0180 	EXP 	window1: recordFrameIntervals = True
74.2017 	DEBUG 	Screen (0) actual frame rate measured at 59.92
74.2018 	EXP 	window1: recordFrameIntervals = False
74.5916 	EXP 	Created welcomeText = TextStim(__class__=<class 'psychopy.visual.text.TextStim'>, alignHoriz=method-wrapper(...), alignText='center', alignVert=method-wrapper(...), anchorHoriz='center', anchorVert='center', antialias=True, autoLog=True, bold=False, color='black', colorSpace='named', contrast=1.0, depth=0.0, flipHoriz=False, flipVert=False, font='Arial', fontFiles=[], height=0.07, italic=False, languageStyle='LTR', name='welcomeText', opacity=1.0, ori=0, pos=array([0., 0.]), rgb=array([0., 0., 0.]), text=str(...), units='height', win=Window(...), wrapWidth=1)
74.6614 	EXP 	Created instructionsLightBulb1 = ImageStim(__class__=<class 'psychopy.visual.image.ImageStim'>, autoLog=True, color=array([1., 1., 1.]), colorSpace='rgb', contrast=1.0, depth=0.0, flipHoriz=False, flipVert=False, image='lightBulb_OFF.png', interpolate=True, mask=None, maskParams=None, name='instructionsLightBulb1', opacity=1.0, ori=0.0, pos=array([-0.5,  0. ]), size=array([0.4, 0.4]), texRes=128, units='height', win=Window(...))
74.7046 	EXP 	Created instructionsLightBulb2 = ImageStim(__class__=<class 'psychopy.visual.image.ImageStim'>, autoLog=True, color=array([1., 1., 1.]), colorSpace='rgb', contrast=1.0, depth=-1.0, flipHoriz=False, flipVert=False, image='lightBulb_OFF.png', interpolate=True, mask=None, maskParams=None, name='instructionsLightBulb2', opacity=1.0, ori=0.0, pos=array([0.5, 0. ]), size=array([0.4, 0.4]), texRes=128, units='height', win=Window(...))
74.7331 	EXP 	Created instructionsText = TextStim(__class__=<class 'psychopy.visual.text.TextStim'>, alignHoriz=method-wrapper(...), alignText='center', alignVert=method-wrapper(...), anchorHoriz='center', anchorVert='center', antialias=True, autoLog=True, bold=False, color='black', colorSpace='named', contrast=1.0, depth=-2.0, flipHoriz=False, flipVert=False, font='Arial', fontFiles=[], height=0.05, italic=False, languageStyle='LTR', name='instructionsText', opacity=1.0, ori=0, pos=array([0. , 0.3]), rgb=array([0., 0., 0.]), text=str(...), units='height', win=Window(...), wrapWidth=1)
74.7412 	EXP 	Created pressSpace = TextStim(__class__=<class 'psychopy.visual.text.TextStim'>, alignHoriz=method-wrapper(...), alignText='center', alignVert=method-wrapper(...), anchorHoriz='center', anchorVert='center', antialias=True, autoLog=True, bold=False, color='black', colorSpace='named', contrast=1.0, depth=-3.0, flipHoriz=False, flipVert=False, font='Arial', fontFiles=[], height=0.05, italic=False, languageStyle='LTR', name='pressSpace', opacity=1.0, ori=0, pos=array([ 0. , -0.3]), rgb=array([0., 0., 0.]), text='PRESS SPACE to continue', units='height', win=Window(...), wrapWidth=1)
74.7807 	EXP 	Created instructionsLightBulb1_2 = ImageStim(__class__=<class 'psychopy.visual.image.ImageStim'>, autoLog=True, color=array([1., 1., 1.]), colorSpace='rgb', contrast=1.0, depth=0.0, flipHoriz=False, flipVert=False, image='lightBulb_OFF.png', interpolate=True, mask=None, maskParams=None, name='instructionsLightBulb1_2', opacity=1.0, ori=0.0, pos=array([-0.5,  0. ]), size=array([0.4, 0.4]), texRes=128, units='height', win=Window(...))
74.8470 	EXP 	Created instructionsLightBulb2_2 = ImageStim(__class__=<class 'psychopy.visual.image.ImageStim'>, autoLog=True, color=array([1., 1., 1.]), colorSpace='rgb', contrast=1.0, depth=-1.0, flipHoriz=False, flipVert=False, image='lightBulb_OFF.png', interpolate=True, mask=None, maskParams=None, name='instructionsLightBulb2_2', opacity=1.0, ori=0.0, pos=array([0.5, 0. ]), size=array([0.4, 0.4]), texRes=128, units='height', win=Window(...))
74.8541 	EXP 	Created instructionsText_2 = TextStim(__class__=<class 'psychopy.visual.text.TextStim'>, alignHoriz=method-wrapper(...), alignText='center', alignVert=method-wrapper(...), anchorHoriz='center', anchorVert='center', antialias=True, autoLog=True, bold=False, color='black', colorSpace='named', contrast=1.0, depth=-2.0, flipHoriz=False, flipVert=False, font='Arial', fontFiles=[], height=0.05, italic=False, languageStyle='LTR', name='instructionsText_2', opacity=1.0, ori=0, pos=array([0. , 0.3]), rgb=array([0., 0., 0.]), text='In each trial, the light bulbs will blink', units='height', win=Window(...), wrapWidth=1)
74.8576 	EXP 	Created pressSpace_2 = TextStim(__class__=<class 'psychopy.visual.text.TextStim'>, alignHoriz=method-wrapper(...), alignText='center', alignVert=method-wrapper(...), anchorHoriz='center', anchorVert='center', antialias=True, autoLog=True, bold=False, color='black', colorSpace='named', contrast=1.0, depth=-3.0, flipHoriz=False, flipVert=False, font='Arial', fontFiles=[], height=0.05, italic=False, languageStyle='LTR', name='pressSpace_2', opacity=1.0, ori=0, pos=array([ 0. , -0.3]), rgb=array([0., 0., 0.]), text='PRESS SPACE to continue', units='height', win=Window(...), wrapWidth=1)
74.8980 	EXP 	Created instructionsLightBulb1_3 = ImageStim(__class__=<class 'psychopy.visual.image.ImageStim'>, autoLog=True, color=array([1., 1., 1.]), colorSpace='rgb', contrast=1.0, depth=0.0, flipHoriz=False, flipVert=False, image='lightBulb_OFF.png', interpolate=True, mask=None, maskParams=None, name='instructionsLightBulb1_3', opacity=1.0, ori=0.0, pos=array([-0.5,  0. ]), size=array([0.4, 0.4]), texRes=128, units='height', win=Window(...))
74.9389 	EXP 	Created instructionsLightBulb2_3 = ImageStim(__class__=<class 'psychopy.visual.image.ImageStim'>, autoLog=True, color=array([1., 1., 1.]), colorSpace='rgb', contrast=1.0, depth=-1.0, flipHoriz=False, flipVert=False, image='lightBulb_OFF.png', interpolate=True, mask=None, maskParams=None, name='instructionsLightBulb2_3', opacity=1.0, ori=0.0, pos=array([0.5, 0. ]), size=array([0.4, 0.4]), texRes=128, units='height', win=Window(...))
74.9475 	EXP 	Created text_3 = TextStim(__class__=<class 'psychopy.visual.text.TextStim'>, alignHoriz=method-wrapper(...), alignText='center', alignVert=method-wrapper(...), anchorHoriz='center', anchorVert='center', antialias=True, autoLog=True, bold=False, color='black', colorSpace='named', contrast=1.0, depth=-2.0, flipHoriz=False, flipVert=False, font='Arial', fontFiles=[], height=0.05, italic=False, languageStyle='LTR', name='text_3', opacity=1.0, ori=0, pos=array([0. , 0.3]), rgb=array([0., 0., 0.]), text=str(...), units='height', win=Window(...), wrapWidth=1)
74.9519 	EXP 	Created pressSpace_3 = TextStim(__class__=<class 'psychopy.visual.text.TextStim'>, alignHoriz=method-wrapper(...), alignText='center', alignVert=method-wrapper(...), anchorHoriz='center', anchorVert='center', antialias=True, autoLog=True, bold=False, color='black', colorSpace='named', contrast=1.0, depth=-3.0, flipHoriz=False, flipVert=False, font='Arial', fontFiles=[], height=0.05, italic=False, languageStyle='LTR', name='pressSpace_3', opacity=1.0, ori=0, pos=array([ 0. , -0.3]), rgb=array([0., 0., 0.]), text='Press SPACE to see light bulb 1 blink', units='height', win=Window(...), wrapWidth=1)
74.9944 	EXP 	Created instructionsLightBulb1_4 = ImageStim(__class__=<class 'psychopy.visual.image.ImageStim'>, autoLog=True, color=array([1., 1., 1.]), colorSpace='rgb', contrast=1.0, depth=0.0, flipHoriz=False, flipVert=False, image='lightBulb_ON.png', interpolate=True, mask=None, maskParams=None, name='instructionsLightBulb1_4', opacity=1.0, ori=0.0, pos=array([-0.5,  0. ]), size=array([0.4, 0.4]), texRes=128, units='height', win=Window(...))
75.0362 	EXP 	Created instructionsLightBulb2_4 = ImageStim(__class__=<class 'psychopy.visual.image.ImageStim'>, autoLog=True, color=array([1., 1., 1.]), colorSpace='rgb', contrast=1.0, depth=-1.0, flipHoriz=False, flipVert=False, image='lightBulb_OFF.png', interpolate=True, mask=None, maskParams=None, name='instructionsLightBulb2_4', opacity=1.0, ori=0.0, pos=array([0.5, 0. ]), size=array([0.4, 0.4]), texRes=128, units='height', win=Window(...))
75.1011 	EXP 	Created instructionsLightBulb1_5 = ImageStim(__class__=<class 'psychopy.visual.image.ImageStim'>, autoLog=True, color=array([1., 1., 1.]), colorSpace='rgb', contrast=1.0, depth=0.0, flipHoriz=False, flipVert=False, image='lightBulb_OFF.png', interpolate=True, mask=None, maskParams=None, name='instructionsLightBulb1_5', opacity=1.0, ori=0.0, pos=array([-0.5,  0. ]), size=array([0.4, 0.4]), texRes=128, units='height', win=Window(...))
75.1664 	EXP 	Created instructionsLightBulb2_5 = ImageStim(__class__=<class 'psychopy.visual.image.ImageStim'>, autoLog=True, color=array([1., 1., 1.]), colorSpace='rgb', contrast=1.0, depth=-1.0, flipHoriz=False, flipVert=False, image='lightBulb_OFF.png', interpolate=True, mask=None, maskParams=None, name='instructionsLightBulb2_5', opacity=1.0, ori=0.0, pos=array([0.5, 0. ]), size=array([0.4, 0.4]), texRes=128, units='height', win=Window(...))
75.2319 	EXP 	Created instructionsLightBulb2_6 = ImageStim(__class__=<class 'psychopy.visual.image.ImageStim'>, autoLog=True, color=array([1., 1., 1.]), colorSpace='rgb', contrast=1.0, depth=-2.0, flipHoriz=False, flipVert=False, image='lightBulb_ON.png', interpolate=True, mask=None, maskParams=None, name='instructionsLightBulb2_6', opacity=1.0, ori=0.0, pos=array([0.5, 0. ]), size=array([0.4, 0.4]), texRes=128, units='height', win=Window(...))
75.2412 	EXP 	Created text_4 = TextStim(__class__=<class 'psychopy.visual.text.TextStim'>, alignHoriz=method-wrapper(...), alignText='center', alignVert=method-wrapper(...), anchorHoriz='center', anchorVert='center', antialias=True, autoLog=True, bold=False, color='black', colorSpace='named', contrast=1.0, depth=-3.0, flipHoriz=False, flipVert=False, font='Arial', fontFiles=[], height=0.05, italic=False, languageStyle='LTR', name='text_4', opacity=1.0, ori=0, pos=array([0. , 0.3]), rgb=array([0., 0., 0.]), text=str(...), units='height', win=Window(...), wrapWidth=1)
75.2447 	EXP 	Created pressSpace_4 = TextStim(__class__=<class 'psychopy.visual.text.TextStim'>, alignHoriz=method-wrapper(...), alignText='center', alignVert=method-wrapper(...), anchorHoriz='center', anchorVert='center', antialias=True, autoLog=True, bold=False, color='black', colorSpace='named', contrast=1.0, depth=-4.0, flipHoriz=False, flipVert=False, font='Arial', fontFiles=[], height=0.05, italic=False, languageStyle='LTR', name='pressSpace_4', opacity=1.0, ori=0, pos=array([ 0. , -0.3]), rgb=array([0., 0., 0.]), text='Press SPACE to continue', units='height', win=Window(...), wrapWidth=1)
75.2584 	EXP 	Created text_2 = TextStim(__class__=<class 'psychopy.visual.text.TextStim'>, alignHoriz=method-wrapper(...), alignText='center', alignVert=method-wrapper(...), anchorHoriz='center', anchorVert='center', antialias=True, autoLog=True, bold=False, color='black', colorSpace='named', contrast=1.0, depth=0.0, flipHoriz=False, flipVert=False, font='Arial', fontFiles=[], height=0.07, italic=False, languageStyle='LTR', name='text_2', opacity=1.0, ori=0, pos=array([0., 0.]), rgb=array([0., 0., 0.]), text=str(...), units='height', win=Window(...), wrapWidth=1)
75.2680 	EXP 	Created text_5 = TextStim(__class__=<class 'psychopy.visual.text.TextStim'>, alignHoriz=method-wrapper(...), alignText='center', alignVert=method-wrapper(...), anchorHoriz='center', anchorVert='center', antialias=True, autoLog=True, bold=False, color='black', colorSpace='named', contrast=1.0, depth=-1.0, flipHoriz=False, flipVert=False, font='Arial', fontFiles=[], height=0.07, italic=False, languageStyle='LTR', name='text_5', opacity=1.0, ori=0, pos=array([ 0. , -0.3]), rgb=array([0., 0., 0.]), text='press SPACEBAR to hear this sound', units='height', win=Window(...), wrapWidth=1)
75.3089 	EXP 	Created lightBulbOFF = ImageStim(__class__=<class 'psychopy.visual.image.ImageStim'>, autoLog=True, color=array([1., 1., 1.]), colorSpace='rgb', contrast=1.0, depth=-1.0, flipHoriz=False, flipVert=False, image='lightBulb_OFF.png', interpolate=True, mask=None, maskParams=None, name='lightBulbOFF', opacity=1.0, ori=0.0, pos=array([0., 0.]), size=array([0.5, 0.5]), texRes=128, units='height', win=Window(...))
75.3486 	EXP 	Created lightBulbON = ImageStim(__class__=<class 'psychopy.visual.image.ImageStim'>, autoLog=True, color=array([1., 1., 1.]), colorSpace='rgb', contrast=1.0, depth=-2.0, flipHoriz=False, flipVert=False, image='lightBulb_ON.png', interpolate=True, mask=None, maskParams=None, name='lightBulbON', opacity=1.0, ori=0.0, pos=array([0., 0.]), size=array([0.5, 0.5]), texRes=128, units='height', win=Window(...))
75.3795 	EXP 	Sound sound_1 set volume 1.000
75.4147 	EXP 	Created instructions_8_firstLine = TextStim(__class__=<class 'psychopy.visual.text.TextStim'>, alignHoriz=method-wrapper(...), alignText='center', alignVert=method-wrapper(...), anchorHoriz='center', anchorVert='center', antialias=True, autoLog=True, bold=False, color='black', colorSpace='named', contrast=1.0, depth=0.0, flipHoriz=False, flipVert=False, font='Arial', fontFiles=[], height=0.04, italic=False, languageStyle='LTR', name='instructions_8_firstLine', opacity=1.0, ori=0, pos=array([0. , 0.2]), rgb=array([0., 0., 0.]), text=str(...), units='height', win=Window(...), wrapWidth=1)
75.4261 	EXP 	Created text_8 = TextStim(__class__=<class 'psychopy.visual.text.TextStim'>, alignHoriz=method-wrapper(...), alignText='center', alignVert=method-wrapper(...), anchorHoriz='center', anchorVert='center', antialias=True, autoLog=True, bold=False, color='black', colorSpace='named', contrast=1.0, depth=-1.0, flipHoriz=False, flipVert=False, font='Arial', fontFiles=[], height=0.04, italic=False, languageStyle='LTR', name='text_8', opacity=1.0, ori=0, pos=array([0. , 0.1]), rgb=array([0., 0., 0.]), text=str(...), units='height', win=Window(...), wrapWidth=1)
75.4418 	EXP 	Created text_9 = TextStim(__class__=<class 'psychopy.visual.text.TextStim'>, alignHoriz=method-wrapper(...), alignText='center', alignVert=method-wrapper(...), anchorHoriz='center', anchorVert='center', antialias=True, autoLog=True, bold=False, color='black', colorSpace='named', contrast=1.0, depth=-2.0, flipHoriz=False, flipVert=False, font='Arial', fontFiles=[], height=0.04, italic=False, languageStyle='LTR', name='text_9', opacity=1.0, ori=0, pos=array([ 0.  , -0.02]), rgb=array([0., 0., 0.]), text=str(...), units='height', win=Window(...), wrapWidth=1)
75.4460 	EXP 	Created instructions_8_pressP = TextStim(__class__=<class 'psychopy.visual.text.TextStim'>, alignHoriz=method-wrapper(...), alignText='center', alignVert=method-wrapper(...), anchorHoriz='center', anchorVert='center', antialias=True, autoLog=True, bold=False, color='black', colorSpace='named', contrast=1.0, depth=-3.0, flipHoriz=False, flipVert=False, font='Arial', fontFiles=[], height=0.04, italic=False, languageStyle='LTR', name='instructions_8_pressP', opacity=1.0, ori=0, pos=array([ 0. , -0.3]), rgb=array([0., 0., 0.]), text="press 'p' to begin the practice trials!", units='height', win=Window(...), wrapWidth=1)
75.4585 	EXP 	Created text_6 = TextStim(__class__=<class 'psychopy.visual.text.TextStim'>, alignHoriz=method-wrapper(...), alignText='center', alignVert=method-wrapper(...), anchorHoriz='center', anchorVert='center', antialias=True, autoLog=True, bold=False, color='black', colorSpace='named', contrast=1.0, depth=-1.0, flipHoriz=False, flipVert=False, font='Arial', fontFiles=[], height=0.1, italic=False, languageStyle='LTR', name='text_6', opacity=1.0, ori=0, pos=array([0., 0.]), rgb=array([0., 0., 0.]), text='+', units='height', win=Window(...), wrapWidth=1)
75.4617 	EXP 	Created firstVisualStimulus_2 = TextStim(__class__=<class 'psychopy.visual.text.TextStim'>, alignHoriz=method-wrapper(...), alignText='center', alignVert=method-wrapper(...), anchorHoriz='center', anchorVert='center', antialias=True, autoLog=True, bold=False, color='black', colorSpace='named', contrast=1.0, depth=-1.0, flipHoriz=False, flipVert=False, font='Arial', fontFiles=[], height=0.1, italic=False, languageStyle='LTR', name='firstVisualStimulus_2', opacity=1.0, ori=0, pos=array([0., 0.]), rgb=array([0., 0., 0.]), text='1', units='height', win=Window(...), wrapWidth=1)
75.4618 	EXP 	Sound firstChoiceProbeTone_2 set volume 1.000
75.5052 	EXP 	Created firstChoiceLeftStimulus_2 = ImageStim(__class__=<class 'psychopy.visual.image.ImageStim'>, autoLog=True, color=array([1., 1., 1.]), colorSpace='rgb', contrast=1.0, depth=-3.0, flipHoriz=False, flipVert=False, image='lightBulb_ON.png', interpolate=True, mask=None, maskParams=None, name='firstChoiceLeftStimulus_2', opacity=1.0, ori=0.0, pos=array([-0.5,  0. ]), size=array([0.4, 0.4]), texRes=128, units='height', win=Window(...))
75.5467 	EXP 	Created firstChoiceRightStimulus_2 = ImageStim(__class__=<class 'psychopy.visual.image.ImageStim'>, autoLog=True, color=array([1., 1., 1.]), colorSpace='rgb', contrast=1.0, depth=-4.0, flipHoriz=False, flipVert=False, image='lightBulb_OFF.png', interpolate=True, mask=None, maskParams=None, name='firstChoiceRightStimulus_2', opacity=1.0, ori=0.0, pos=array([0.5, 0. ]), size=array([0.4, 0.4]), texRes=128, units='height', win=Window(...))
75.5538 	EXP 	Created ISIVisualStimulus_3 = TextStim(__class__=<class 'psychopy.visual.text.TextStim'>, alignHoriz=method-wrapper(...), alignText='center', alignVert=method-wrapper(...), anchorHoriz='center', anchorVert='center', antialias=True, autoLog=True, bold=False, color='black', colorSpace='named', contrast=1.0, depth=0.0, flipHoriz=False, flipVert=False, font='Arial', fontFiles=[], height=0.1, italic=False, languageStyle='LTR', name='ISIVisualStimulus_3', opacity=1.0, ori=0, pos=array([0., 0.]), rgb=array([0., 0., 0.]), text='ISI', units='height', win=Window(...), wrapWidth=1)
75.5958 	EXP 	Created rightStimulus_3 = ImageStim(__class__=<class 'psychopy.visual.image.ImageStim'>, autoLog=True, color=array([1., 1., 1.]), colorSpace='rgb', contrast=1.0, depth=-1.0, flipHoriz=False, flipVert=False, image='lightBulb_OFF.png', interpolate=True, mask=None, maskParams=None, name='rightStimulus_3', opacity=1.0, ori=0.0, pos=array([0.5, 0. ]), size=array([0.4, 0.4]), texRes=128, units='height', win=Window(...))
75.6373 	EXP 	Created leftStimulus_3 = ImageStim(__class__=<class 'psychopy.visual.image.ImageStim'>, autoLog=True, color=array([1., 1., 1.]), colorSpace='rgb', contrast=1.0, depth=-2.0, flipHoriz=False, flipVert=False, image='lightBulb_OFF.png', interpolate=True, mask=None, maskParams=None, name='leftStimulus_3', opacity=1.0, ori=0.0, pos=array([-0.5,  0. ]), size=array([0.4, 0.4]), texRes=128, units='height', win=Window(...))
75.6417 	EXP 	Created secondVisualStimulus_2 = TextStim(__class__=<class 'psychopy.visual.text.TextStim'>, alignHoriz=method-wrapper(...), alignText='center', alignVert=method-wrapper(...), anchorHoriz='center', anchorVert='center', antialias=True, autoLog=True, bold=False, color='black', colorSpace='named', contrast=1.0, depth=-1.0, flipHoriz=False, flipVert=False, font='Arial', fontFiles=[], height=0.1, italic=False, languageStyle='LTR', name='secondVisualStimulus_2', opacity=1.0, ori=0, pos=array([0., 0.]), rgb=array([0., 0., 0.]), text='2', units='height', win=Window(...), wrapWidth=1)
75.6418 	EXP 	Sound secondChoiceTone_2 set volume 1.000
75.6833 	EXP 	Created secondChoiceLeftStimulus_2 = ImageStim(__class__=<class 'psychopy.visual.image.ImageStim'>, autoLog=True, color=array([1., 1., 1.]), colorSpace='rgb', contrast=1.0, depth=-3.0, flipHoriz=False, flipVert=False, image='lightBulb_OFF.png', interpolate=True, mask=None, maskParams=None, name='secondChoiceLeftStimulus_2', opacity=1.0, ori=0.0, pos=array([-0.5,  0. ]), size=array([0.4, 0.4]), texRes=128, units='height', win=Window(...))
75.7254 	EXP 	Created secondChoiceRightStimulus_2 = ImageStim(__class__=<class 'psychopy.visual.image.ImageStim'>, autoLog=True, color=array([1., 1., 1.]), colorSpace='rgb', contrast=1.0, depth=-4.0, flipHoriz=False, flipVert=False, image='lightBulb_ON.png', interpolate=True, mask=None, maskParams=None, name='secondChoiceRightStimulus_2', opacity=1.0, ori=0.0, pos=array([0.5, 0. ]), size=array([0.4, 0.4]), texRes=128, units='height', win=Window(...))
75.7543 	EXP 	Created decisionTextProbe_2 = TextStim(__class__=<class 'psychopy.visual.text.TextStim'>, alignHoriz=method-wrapper(...), alignText='center', alignVert=method-wrapper(...), anchorHoriz='center', anchorVert='center', antialias=True, autoLog=True, bold=False, color='black', colorSpace='named', contrast=1.0, depth=-1.0, flipHoriz=False, flipVert=False, font='Arial', fontFiles=[], height=0.1, italic=False, languageStyle='LTR', name='decisionTextProbe_2', opacity=1.0, ori=0, pos=array([0., 0.]), rgb=array([0., 0., 0.]), text=str(...), units='height', win=Window(...), wrapWidth=1)
75.7621 	EXP 	Created feedbackText_2 = TextStim(__class__=<class 'psychopy.visual.text.TextStim'>, alignHoriz=method-wrapper(...), alignText='center', alignVert=method-wrapper(...), anchorHoriz='center', anchorVert='center', antialias=True, autoLog=True, bold=False, color='black', colorSpace='named', contrast=1.0, depth=-1.0, flipHoriz=False, flipVert=False, font='Arial', fontFiles=[], height=0.1, italic=False, languageStyle='LTR', name='feedbackText_2', opacity=1.0, ori=0, pos=array([0., 0.]), rgb=array([0., 0., 0.]), text='default text', units='height', win=Window(...), wrapWidth=1)
75.7871 	EXP 	Created text_7 = TextStim(__class__=<class 'psychopy.visual.text.TextStim'>, alignHoriz=method-wrapper(...), alignText='center', alignVert=method-wrapper(...), anchorHoriz='center', anchorVert='center', antialias=True, autoLog=True, bold=False, color='black', colorSpace='named', contrast=1.0, depth=0.0, flipHoriz=False, flipVert=False, font='Arial', fontFiles=[], height=0.05, italic=False, languageStyle='LTR', name='text_7', opacity=1.0, ori=0, pos=array([0., 0.]), rgb=array([0., 0., 0.]), text=str(...), units='height', win=Window(...), wrapWidth=1)
75.8168 	EXP 	Created text_10 = TextStim(__class__=<class 'psychopy.visual.text.TextStim'>, alignHoriz=method-wrapper(...), alignText='center', alignVert=method-wrapper(...), anchorHoriz='center', anchorVert='center', antialias=True, autoLog=True, bold=False, color='black', colorSpace='named', contrast=1.0, depth=0.0, flipHoriz=False, flipVert=False, font='Arial', fontFiles=[], height=0.05, italic=False, languageStyle='LTR', name='text_10', opacity=1.0, ori=0, pos=array([0., 0.]), rgb=array([0., 0., 0.]), text=str(...), units='height', win=Window(...), wrapWidth=1)
75.8198 	EXP 	Created firstITI = TextStim(__class__=<class 'psychopy.visual.text.TextStim'>, alignHoriz=method-wrapper(...), alignText='center', alignVert=method-wrapper(...), anchorHoriz='center', anchorVert='center', antialias=True, autoLog=True, bold=False, color='black', colorSpace='named', contrast=1.0, depth=-1.0, flipHoriz=False, flipVert=False, font='Arial', fontFiles=[], height=0.1, italic=False, languageStyle='LTR', name='firstITI', opacity=1.0, ori=0, pos=array([0., 0.]), rgb=array([0., 0., 0.]), text='+', units='height', win=Window(...), wrapWidth=1)
75.8219 	EXP 	Created text = TextStim(__class__=<class 'psychopy.visual.text.TextStim'>, alignHoriz=method-wrapper(...), alignText='center', alignVert=method-wrapper(...), anchorHoriz='center', anchorVert='center', antialias=True, autoLog=True, bold=False, color='black', colorSpace='named', contrast=1.0, depth=0.0, flipHoriz=False, flipVert=False, font='Arial', fontFiles=[], height=0.1, italic=False, languageStyle='LTR', name='text', opacity=1.0, ori=0, pos=array([0., 0.]), rgb=array([0., 0., 0.]), text='+', units='height', win=Window(...), wrapWidth=1)
75.8241 	EXP 	Created firstVisualStimulus = TextStim(__class__=<class 'psychopy.visual.text.TextStim'>, alignHoriz=method-wrapper(...), alignText='center', alignVert=method-wrapper(...), anchorHoriz='center', anchorVert='center', antialias=True, autoLog=True, bold=False, color='black', colorSpace='named', contrast=1.0, depth=-1.0, flipHoriz=False, flipVert=False, font='Arial', fontFiles=[], height=0.1, italic=False, languageStyle='LTR', name='firstVisualStimulus', opacity=1.0, ori=0, pos=array([0., 0.]), rgb=array([0., 0., 0.]), text='1', units='height', win=Window(...), wrapWidth=1)
75.8289 	EXP 	Sound firstChoiceNoise set volume 1.000
75.8290 	EXP 	Sound firstChoiceProbeTone set volume 1.000
75.8661 	EXP 	Created firstChoiceLeftStimulus = ImageStim(__class__=<class 'psychopy.visual.image.ImageStim'>, autoLog=True, color=array([1., 1., 1.]), colorSpace='rgb', contrast=1.0, depth=-4.0, flipHoriz=False, flipVert=False, image='lightBulb_ON.png', interpolate=True, mask=None, maskParams=None, name='firstChoiceLeftStimulus', opacity=1.0, ori=0.0, pos=array([-0.5,  0. ]), size=array([0.4, 0.4]), texRes=128, units='height', win=Window(...))
75.9090 	EXP 	Created firstChoiceRightStimulus = ImageStim(__class__=<class 'psychopy.visual.image.ImageStim'>, autoLog=True, color=array([1., 1., 1.]), colorSpace='rgb', contrast=1.0, depth=-5.0, flipHoriz=False, flipVert=False, image='lightBulb_OFF.png', interpolate=True, mask=None, maskParams=None, name='firstChoiceRightStimulus', opacity=1.0, ori=0.0, pos=array([0.5, 0. ]), size=array([0.4, 0.4]), texRes=128, units='height', win=Window(...))
75.9127 	EXP 	Created ISIVisualStimulus = TextStim(__class__=<class 'psychopy.visual.text.TextStim'>, alignHoriz=method-wrapper(...), alignText='center', alignVert=method-wrapper(...), anchorHoriz='center', anchorVert='center', antialias=True, autoLog=True, bold=False, color='black', colorSpace='named', contrast=1.0, depth=0.0, flipHoriz=False, flipVert=False, font='Arial', fontFiles=[], height=0.1, italic=False, languageStyle='LTR', name='ISIVisualStimulus', opacity=1.0, ori=0, pos=array([0., 0.]), rgb=array([0., 0., 0.]), text='ISI', units='height', win=Window(...), wrapWidth=1)
75.9573 	EXP 	Created rightStimulus = ImageStim(__class__=<class 'psychopy.visual.image.ImageStim'>, autoLog=True, color=array([1., 1., 1.]), colorSpace='rgb', contrast=1.0, depth=-1.0, flipHoriz=False, flipVert=False, image='lightBulb_OFF.png', interpolate=True, mask=None, maskParams=None, name='rightStimulus', opacity=1.0, ori=0.0, pos=array([0.5, 0. ]), size=array([0.4, 0.4]), texRes=128, units='height', win=Window(...))
76.0057 	EXP 	Created leftStimulus = ImageStim(__class__=<class 'psychopy.visual.image.ImageStim'>, autoLog=True, color=array([1., 1., 1.]), colorSpace='rgb', contrast=1.0, depth=-2.0, flipHoriz=False, flipVert=False, image='lightBulb_OFF.png', interpolate=True, mask=None, maskParams=None, name='leftStimulus', opacity=1.0, ori=0.0, pos=array([-0.5,  0. ]), size=array([0.4, 0.4]), texRes=128, units='height', win=Window(...))
76.0098 	EXP 	Created secondVisualStimulus = TextStim(__class__=<class 'psychopy.visual.text.TextStim'>, alignHoriz=method-wrapper(...), alignText='center', alignVert=method-wrapper(...), anchorHoriz='center', anchorVert='center', antialias=True, autoLog=True, bold=False, color='black', colorSpace='named', contrast=1.0, depth=-1.0, flipHoriz=False, flipVert=False, font='Arial', fontFiles=[], height=0.1, italic=False, languageStyle='LTR', name='secondVisualStimulus', opacity=1.0, ori=0, pos=array([0., 0.]), rgb=array([0., 0., 0.]), text='2', units='height', win=Window(...), wrapWidth=1)
76.0115 	EXP 	Sound secondChoiceNoise set volume 1.000
76.0116 	EXP 	Sound secondChoiceTone set volume 1.000
76.0547 	EXP 	Created secondChoiceLeftStimulus = ImageStim(__class__=<class 'psychopy.visual.image.ImageStim'>, autoLog=True, color=array([1., 1., 1.]), colorSpace='rgb', contrast=1.0, depth=-4.0, flipHoriz=False, flipVert=False, image='lightBulb_OFF.png', interpolate=True, mask=None, maskParams=None, name='secondChoiceLeftStimulus', opacity=1.0, ori=0.0, pos=array([-0.5,  0. ]), size=array([0.4, 0.4]), texRes=128, units='height', win=Window(...))
76.0953 	EXP 	Created secondChoiceRightStimulus = ImageStim(__class__=<class 'psychopy.visual.image.ImageStim'>, autoLog=True, color=array([1., 1., 1.]), colorSpace='rgb', contrast=1.0, depth=-5.0, flipHoriz=False, flipVert=False, image='lightBulb_ON.png', interpolate=True, mask=None, maskParams=None, name='secondChoiceRightStimulus', opacity=1.0, ori=0.0, pos=array([0.5, 0. ]), size=array([0.4, 0.4]), texRes=128, units='height', win=Window(...))
76.1031 	EXP 	Created decisionTextProbe = TextStim(__class__=<class 'psychopy.visual.text.TextStim'>, alignHoriz=method-wrapper(...), alignText='center', alignVert=method-wrapper(...), anchorHoriz='center', anchorVert='center', antialias=True, autoLog=True, bold=False, color='black', colorSpace='named', contrast=1.0, depth=-1.0, flipHoriz=False, flipVert=False, font='Arial', fontFiles=[], height=0.1, italic=False, languageStyle='LTR', name='decisionTextProbe', opacity=1.0, ori=0, pos=array([0., 0.]), rgb=array([0., 0., 0.]), text=str(...), units='height', win=Window(...), wrapWidth=1)
76.1082 	EXP 	Created feedbackText = TextStim(__class__=<class 'psychopy.visual.text.TextStim'>, alignHoriz=method-wrapper(...), alignText='center', alignVert=method-wrapper(...), anchorHoriz='center', anchorVert='center', antialias=True, autoLog=True, bold=False, color='black', colorSpace='named', contrast=1.0, depth=-1.0, flipHoriz=False, flipVert=False, font='Arial', fontFiles=[], height=0.1, italic=False, languageStyle='LTR', name='feedbackText', opacity=1.0, ori=0, pos=array([0., 0.]), rgb=array([0., 0., 0.]), text='default text', units='height', win=Window(...), wrapWidth=1)
76.1416 	EXP 	welcomeText: autoDraw = True
76.7376 	DATA 	Keypress: space
76.7416 	EXP 	welcomeText: autoDraw = False
76.7416 	EXP 	instructionsLightBulb1: autoDraw = True
76.7416 	EXP 	instructionsLightBulb2: autoDraw = True
76.7416 	EXP 	instructionsText: autoDraw = True
76.7416 	EXP 	pressSpace: autoDraw = True
77.1589 	DATA 	Keypress: space
77.2509 	EXP 	instructionsLightBulb1: autoDraw = False
77.2509 	EXP 	instructionsLightBulb2: autoDraw = False
77.2509 	EXP 	instructionsText: autoDraw = False
77.2509 	EXP 	pressSpace: autoDraw = False
77.2509 	EXP 	instructionsLightBulb1_2: autoDraw = True
77.2509 	EXP 	instructionsLightBulb2_2: autoDraw = True
77.2509 	EXP 	instructionsText_2: autoDraw = True
77.2509 	EXP 	pressSpace_2: autoDraw = True
77.6675 	DATA 	Keypress: space
77.6710 	EXP 	instructionsLightBulb1_2: autoDraw = False
77.6710 	EXP 	instructionsLightBulb2_2: autoDraw = False
77.6710 	EXP 	instructionsText_2: autoDraw = False
77.6710 	EXP 	pressSpace_2: autoDraw = False
77.6710 	EXP 	instructionsLightBulb1_3: autoDraw = True
77.6710 	EXP 	instructionsLightBulb2_3: autoDraw = True
77.6710 	EXP 	text_3: autoDraw = True
77.6710 	EXP 	pressSpace_3: autoDraw = True
78.0869 	DATA 	Keypress: space
78.0905 	EXP 	instructionsLightBulb1_3: autoDraw = False
78.0905 	EXP 	instructionsLightBulb2_3: autoDraw = False
78.0905 	EXP 	text_3: autoDraw = False
78.0905 	EXP 	pressSpace_3: autoDraw = False
78.0905 	EXP 	instructionsLightBulb1_4: autoDraw = True
78.0905 	EXP 	instructionsLightBulb2_4: autoDraw = True
79.1069 	EXP 	instructionsLightBulb1_4: autoDraw = False
79.1069 	EXP 	instructionsLightBulb2_4: autoDraw = False
79.1069 	EXP 	instructionsLightBulb1_5: autoDraw = True
79.1069 	EXP 	instructionsLightBulb2_5: autoDraw = True
79.1069 	EXP 	text_4: autoDraw = True
79.5256 	WARNING 	Got keycode {} but that code isn't yet known
79.5256 	WARNING 	Keypress was given unknown key code (174)
80.0757 	WARNING 	Got keycode {} but that code isn't yet known
80.0757 	WARNING 	Keypress was given unknown key code (176)
82.0370 	EXP 	instructionsLightBulb2_6: autoDraw = True
82.1095 	EXP 	instructionsLightBulb2_5: autoDraw = False
83.0100 	EXP 	pressSpace_4: autoDraw = True
83.5011 	DATA 	Keypress: space
83.5106 	EXP 	instructionsLightBulb1_5: autoDraw = False
83.5106 	EXP 	instructionsLightBulb2_5: autoDraw = False
83.5106 	EXP 	instructionsLightBulb2_6: autoDraw = False
83.5106 	EXP 	text_4: autoDraw = False
83.5106 	EXP 	pressSpace_4: autoDraw = False
83.5106 	EXP 	text_2: autoDraw = True
85.4958 	EXP 	text_5: autoDraw = True
86.8384 	DATA 	Keypress: space
86.8474 	EXP 	text_2: autoDraw = False
86.8474 	EXP 	text_5: autoDraw = False
86.8474 	EXP 	lightBulbOFF: autoDraw = True
88.8325 	EXP 	lightBulbON: autoDraw = True
88.8492 	EXP 	lightBulbOFF: autoDraw = False
89.8336 	EXP 	lightBulbON: autoDraw = False
89.8336 	EXP 	lightBulbOFF: autoDraw = False
89.8336 	EXP 	lightBulbON: autoDraw = False
89.8336 	EXP 	instructions_8_firstLine: autoDraw = True
91.8190 	EXP 	text_8: autoDraw = True
93.8042 	EXP 	text_9: autoDraw = True
94.3410 	DATA 	Keypress: space
95.8063 	EXP 	instructions_8_pressP: autoDraw = True
97.3263 	DEBUG 	Read Excel file with pandas: practiceConditionsFile.xlsx
97.3284 	DEBUG 	Clearing unnamed columns from practiceConditionsFile.xlsx
97.3288 	EXP 	Imported practiceConditionsFile.xlsx as conditions, 5 conditions, 1 params
97.3291 	EXP 	Created sequence: sequential, trialTypes=5, nReps=1, seed=None
97.3294 	EXP 	New trial (rep=0, index=0): OrderedDict([('condition', 1)])
97.3325 	DATA 	Keypress: p
97.3347 	EXP 	instructions_8_firstLine: autoDraw = False
97.3347 	EXP 	text_8: autoDraw = False
97.3347 	EXP 	text_9: autoDraw = False
97.3347 	EXP 	instructions_8_pressP: autoDraw = False
97.3347 	EXP 	text_6: autoDraw = True
100.2907 	EXP 	text_6: autoDraw = False
100.2907 	EXP 	firstVisualStimulus_2: autoDraw = True
100.2907 	EXP 	firstChoiceLeftStimulus_2: autoDraw = True
100.2907 	EXP 	firstChoiceRightStimulus_2: autoDraw = True
100.6741 	EXP 	firstVisualStimulus_2: autoDraw = False
100.6741 	EXP 	firstChoiceLeftStimulus_2: autoDraw = False
100.6741 	EXP 	firstChoiceRightStimulus_2: autoDraw = False
100.6741 	EXP 	firstVisualStimulus_2: autoDraw = False
100.6741 	EXP 	firstChoiceLeftStimulus_2: autoDraw = False
100.6741 	EXP 	firstChoiceRightStimulus_2: autoDraw = False
100.6741 	EXP 	ISIVisualStimulus_3: autoDraw = True
100.6741 	EXP 	rightStimulus_3: autoDraw = True
100.6741 	EXP 	leftStimulus_3: autoDraw = True
103.6818 	EXP 	ISIVisualStimulus_3: autoDraw = False
103.6818 	EXP 	rightStimulus_3: autoDraw = False
103.6818 	EXP 	leftStimulus_3: autoDraw = False
103.6818 	EXP 	secondVisualStimulus_2: autoDraw = True
103.6818 	EXP 	secondChoiceLeftStimulus_2: autoDraw = True
103.6818 	EXP 	secondChoiceRightStimulus_2: autoDraw = True
104.0142 	EXP 	secondVisualStimulus_2: autoDraw = False
104.0142 	EXP 	secondChoiceLeftStimulus_2: autoDraw = False
104.0142 	EXP 	secondChoiceRightStimulus_2: autoDraw = False
104.0142 	EXP 	secondVisualStimulus_2: autoDraw = False
104.0142 	EXP 	secondChoiceLeftStimulus_2: autoDraw = False
104.0142 	EXP 	secondChoiceRightStimulus_2: autoDraw = False
104.0142 	EXP 	decisionTextProbe_2: autoDraw = True
104.5115 	DATA 	Keypress: 1
104.5150 	EXP 	decisionTextProbe_2: autoDraw = False
104.5150 	EXP 	feedbackText_2: text = 'Correct'
104.5150 	EXP 	feedbackText_2: autoDraw = True
105.5015 	EXP 	New trial (rep=0, index=1): OrderedDict([('condition', 2)])
105.5158 	EXP 	feedbackText_2: autoDraw = False
105.5158 	EXP 	feedbackText_2: autoDraw = False
105.5158 	EXP 	text_6: autoDraw = True
108.5191 	EXP 	text_6: autoDraw = False
108.5191 	EXP 	text_6: autoDraw = False
108.5191 	EXP 	firstVisualStimulus_2: autoDraw = True
108.5191 	EXP 	firstChoiceLeftStimulus_2: autoDraw = True
108.5191 	EXP 	firstChoiceRightStimulus_2: autoDraw = True
108.8524 	EXP 	firstVisualStimulus_2: autoDraw = False
108.8524 	EXP 	firstChoiceLeftStimulus_2: autoDraw = False
108.8524 	EXP 	firstChoiceRightStimulus_2: autoDraw = False
108.8524 	EXP 	firstVisualStimulus_2: autoDraw = False
108.8524 	EXP 	firstChoiceLeftStimulus_2: autoDraw = False
108.8524 	EXP 	firstChoiceRightStimulus_2: autoDraw = False
108.8524 	EXP 	ISIVisualStimulus_3: autoDraw = True
108.8524 	EXP 	rightStimulus_3: autoDraw = True
108.8524 	EXP 	leftStimulus_3: autoDraw = True
111.8559 	EXP 	ISIVisualStimulus_3: autoDraw = False
111.8559 	EXP 	rightStimulus_3: autoDraw = False
111.8559 	EXP 	leftStimulus_3: autoDraw = False
111.8559 	EXP 	secondVisualStimulus_2: autoDraw = True
111.8559 	EXP 	secondChoiceLeftStimulus_2: autoDraw = True
111.8559 	EXP 	secondChoiceRightStimulus_2: autoDraw = True
112.1891 	EXP 	secondVisualStimulus_2: autoDraw = False
112.1891 	EXP 	secondChoiceLeftStimulus_2: autoDraw = False
112.1891 	EXP 	secondChoiceRightStimulus_2: autoDraw = False
112.1891 	EXP 	secondVisualStimulus_2: autoDraw = False
112.1891 	EXP 	secondChoiceLeftStimulus_2: autoDraw = False
112.1891 	EXP 	secondChoiceRightStimulus_2: autoDraw = False
112.1891 	EXP 	decisionTextProbe_2: autoDraw = True
114.4646 	DATA 	Keypress: 2
114.4747 	EXP 	decisionTextProbe_2: autoDraw = False
114.4747 	EXP 	feedbackText_2: text = 'Correct'
114.4747 	EXP 	feedbackText_2: autoDraw = True
115.4613 	EXP 	New trial (rep=0, index=2): OrderedDict([('condition', 1)])
115.4760 	EXP 	feedbackText_2: autoDraw = False
115.4760 	EXP 	feedbackText_2: autoDraw = False
115.4760 	EXP 	text_6: autoDraw = True
118.4787 	EXP 	text_6: autoDraw = False
118.4787 	EXP 	text_6: autoDraw = False
118.4787 	EXP 	firstVisualStimulus_2: autoDraw = True
118.4787 	EXP 	firstChoiceLeftStimulus_2: autoDraw = True
118.4787 	EXP 	firstChoiceRightStimulus_2: autoDraw = True
118.8125 	EXP 	firstVisualStimulus_2: autoDraw = False
118.8125 	EXP 	firstChoiceLeftStimulus_2: autoDraw = False
118.8125 	EXP 	firstChoiceRightStimulus_2: autoDraw = False
118.8125 	EXP 	firstVisualStimulus_2: autoDraw = False
118.8125 	EXP 	firstChoiceLeftStimulus_2: autoDraw = False
118.8125 	EXP 	firstChoiceRightStimulus_2: autoDraw = False
118.8125 	EXP 	ISIVisualStimulus_3: autoDraw = True
118.8125 	EXP 	rightStimulus_3: autoDraw = True
118.8125 	EXP 	leftStimulus_3: autoDraw = True
121.8158 	EXP 	ISIVisualStimulus_3: autoDraw = False
121.8158 	EXP 	rightStimulus_3: autoDraw = False
121.8158 	EXP 	leftStimulus_3: autoDraw = False
121.8158 	EXP 	ISIVisualStimulus_3: autoDraw = False
121.8158 	EXP 	rightStimulus_3: autoDraw = False
121.8158 	EXP 	leftStimulus_3: autoDraw = False
121.8158 	EXP 	secondVisualStimulus_2: autoDraw = True
121.8158 	EXP 	secondChoiceLeftStimulus_2: autoDraw = True
121.8158 	EXP 	secondChoiceRightStimulus_2: autoDraw = True
122.1016 	DATA 	Keypress: 1
122.1493 	EXP 	secondVisualStimulus_2: autoDraw = False
122.1493 	EXP 	secondChoiceLeftStimulus_2: autoDraw = False
122.1493 	EXP 	secondChoiceRightStimulus_2: autoDraw = False
122.1493 	EXP 	secondVisualStimulus_2: autoDraw = False
122.1493 	EXP 	secondChoiceLeftStimulus_2: autoDraw = False
122.1493 	EXP 	secondChoiceRightStimulus_2: autoDraw = False
122.1493 	EXP 	decisionTextProbe_2: autoDraw = True
122.6561 	DATA 	Keypress: 1
122.6664 	EXP 	decisionTextProbe_2: autoDraw = False
122.6664 	EXP 	feedbackText_2: text = 'Correct'
122.6664 	EXP 	feedbackText_2: autoDraw = True
123.6533 	EXP 	New trial (rep=0, index=3): OrderedDict([('condition', 2)])
123.6675 	EXP 	feedbackText_2: autoDraw = False
123.6675 	EXP 	feedbackText_2: autoDraw = False
123.6675 	EXP 	text_6: autoDraw = True
126.6741 	EXP 	text_6: autoDraw = False
126.6741 	EXP 	text_6: autoDraw = False
126.6741 	EXP 	firstVisualStimulus_2: autoDraw = True
126.6741 	EXP 	firstChoiceLeftStimulus_2: autoDraw = True
126.6741 	EXP 	firstChoiceRightStimulus_2: autoDraw = True
127.0040 	EXP 	firstVisualStimulus_2: autoDraw = False
127.0040 	EXP 	firstChoiceLeftStimulus_2: autoDraw = False
127.0040 	EXP 	firstChoiceRightStimulus_2: autoDraw = False
127.0040 	EXP 	firstVisualStimulus_2: autoDraw = False
127.0040 	EXP 	firstChoiceLeftStimulus_2: autoDraw = False
127.0040 	EXP 	firstChoiceRightStimulus_2: autoDraw = False
127.0040 	EXP 	ISIVisualStimulus_3: autoDraw = True
127.0040 	EXP 	rightStimulus_3: autoDraw = True
127.0040 	EXP 	leftStimulus_3: autoDraw = True
130.0072 	EXP 	ISIVisualStimulus_3: autoDraw = False
130.0072 	EXP 	rightStimulus_3: autoDraw = False
130.0072 	EXP 	leftStimulus_3: autoDraw = False
130.0072 	EXP 	ISIVisualStimulus_3: autoDraw = False
130.0072 	EXP 	rightStimulus_3: autoDraw = False
130.0072 	EXP 	leftStimulus_3: autoDraw = False
130.0072 	EXP 	secondVisualStimulus_2: autoDraw = True
130.0072 	EXP 	secondChoiceLeftStimulus_2: autoDraw = True
130.0072 	EXP 	secondChoiceRightStimulus_2: autoDraw = True
130.3407 	EXP 	secondVisualStimulus_2: autoDraw = False
130.3407 	EXP 	secondChoiceLeftStimulus_2: autoDraw = False
130.3407 	EXP 	secondChoiceRightStimulus_2: autoDraw = False
130.3407 	EXP 	secondVisualStimulus_2: autoDraw = False
130.3407 	EXP 	secondChoiceLeftStimulus_2: autoDraw = False
130.3407 	EXP 	secondChoiceRightStimulus_2: autoDraw = False
130.3407 	EXP 	decisionTextProbe_2: autoDraw = True
131.6463 	DATA 	Keypress: escape
131.9492 	EXP 	window1: mouseVisible = True
131.9494 	DEBUG 	Saving data for toneDetectionPlatform_V1.6 ExperimentHandler
131.9629 	INFO 	saved data to C:\Users\W2032175\Documents\GitHub\Open-source-Auditory-Tone-Detection-Task\Auditory Tone Detection Task\data/_toneDetectionPlatform_V1.6_2020_Nov_02_1319.psydat
131.9741 	INFO 	saved data to 'C:\\Users\\W2032175\\Documents\\GitHub\\Open-source-Auditory-Tone-Detection-Task\\Auditory Tone Detection Task\\data/_toneDetectionPlatform_V1.6_2020_Nov_02_1319.csv'
