0.7477 	WARNING 	We strongly recommend you activate the PTB sound engine in PsychoPy prefs as the preferred audio engine. Its timing is vastly superior. Your prefs are currently set to use ['sounddevice', 'pyo', 'pygame'] (in that order).
8.6028 	INFO 	Loaded monitor calibration from ['2020_09_12 16:15']
9.2756 	EXP 	Created window1 = Window(allowGUI=False, allowStencil=False, args=UNKNOWN, autoLog=True, bitsMode=UNKNOWN, blendMode='avg', bpc=(8, 8, 8), color=array([1., 1., 1.]), colorSpace='rgb', depthBits=8, fullscr=<method-wrapper '__getattribute__' of attributeSetter object at 0x13fe61a58>, gamma=None, gammaErrorPolicy='raise', kwargs=UNKNOWN, lms=UNKNOWN, monitor=<psychopy.monitors.calibTools.Monitor object at 0x116832f28>, multiSample=False, name='window1', numSamples=2, pos=[0.0, 0.0], screen=0, size=array([1920, 1080]), stencilBits=0, stereo=False, units='height', useFBO=True, useRetina=False, viewOri=0.0, viewPos=None, viewScale=None, waitBlanking=True, winType='pyglet')
9.2758 	EXP 	window1: mouseVisible = True
9.2758 	EXP 	window1: recordFrameIntervals = False
9.4412 	EXP 	window1: recordFrameIntervals = True
9.6250 	DEBUG 	Screen (0) actual frame rate measured at 59.93
9.6251 	EXP 	window1: recordFrameIntervals = False
9.9772 	EXP 	Created welcomeText = TextStim(__class__=<class 'psychopy.visual.text.TextStim'>, alignHoriz=method-wrapper(...), alignText='center', alignVert=method-wrapper(...), anchorHoriz='center', anchorVert='center', antialias=True, autoLog=True, bold=False, color='black', colorSpace='named', contrast=1.0, depth=0.0, flipHoriz=False, flipVert=False, font='Arial', fontFiles=[], height=0.07, italic=False, languageStyle='LTR', name='welcomeText', opacity=1.0, ori=0, pos=array([0., 0.]), rgb=array([0., 0., 0.]), text=str(...), units='height', win=Window(...), wrapWidth=1)
10.2811 	EXP 	Created instructionsLightBulb1 = ImageStim(__class__=<class 'psychopy.visual.image.ImageStim'>, autoLog=True, color=array([1., 1., 1.]), colorSpace='rgb', contrast=1.0, depth=0.0, flipHoriz=False, flipVert=False, image='lightBulb_OFF.png', interpolate=True, mask=None, maskParams=None, name='instructionsLightBulb1', opacity=1.0, ori=0.0, pos=array([-0.5,  0. ]), size=array([0.4, 0.4]), texRes=128, units='height', win=Window(...))
10.2958 	EXP 	Created instructionsLightBulb2 = ImageStim(__class__=<class 'psychopy.visual.image.ImageStim'>, autoLog=True, color=array([1., 1., 1.]), colorSpace='rgb', contrast=1.0, depth=-1.0, flipHoriz=False, flipVert=False, image='lightBulb_OFF.png', interpolate=True, mask=None, maskParams=None, name='instructionsLightBulb2', opacity=1.0, ori=0.0, pos=array([0.5, 0. ]), size=array([0.4, 0.4]), texRes=128, units='height', win=Window(...))
10.3122 	EXP 	Created instructionsText = TextStim(__class__=<class 'psychopy.visual.text.TextStim'>, alignHoriz=method-wrapper(...), alignText='center', alignVert=method-wrapper(...), anchorHoriz='center', anchorVert='center', antialias=True, autoLog=True, bold=False, color='black', colorSpace='named', contrast=1.0, depth=-2.0, flipHoriz=False, flipVert=False, font='Arial', fontFiles=[], height=0.05, italic=False, languageStyle='LTR', name='instructionsText', opacity=1.0, ori=0, pos=array([0. , 0.3]), rgb=array([0., 0., 0.]), text=str(...), units='height', win=Window(...), wrapWidth=1)
10.3170 	EXP 	Created pressSpace = TextStim(__class__=<class 'psychopy.visual.text.TextStim'>, alignHoriz=method-wrapper(...), alignText='center', alignVert=method-wrapper(...), anchorHoriz='center', anchorVert='center', antialias=True, autoLog=True, bold=False, color='black', colorSpace='named', contrast=1.0, depth=-3.0, flipHoriz=False, flipVert=False, font='Arial', fontFiles=[], height=0.05, italic=False, languageStyle='LTR', name='pressSpace', opacity=1.0, ori=0, pos=array([ 0. , -0.3]), rgb=array([0., 0., 0.]), text='PRESS SPACE to continue', units='height', win=Window(...), wrapWidth=1)
10.5957 	EXP 	Created instructionsLightBulb1_2 = ImageStim(__class__=<class 'psychopy.visual.image.ImageStim'>, autoLog=True, color=array([1., 1., 1.]), colorSpace='rgb', contrast=1.0, depth=0.0, flipHoriz=False, flipVert=False, image='lightBulb_OFF.png', interpolate=True, mask=None, maskParams=None, name='instructionsLightBulb1_2', opacity=1.0, ori=0.0, pos=array([-0.5,  0. ]), size=array([0.4, 0.4]), texRes=128, units='height', win=Window(...))
10.6108 	EXP 	Created instructionsLightBulb2_2 = ImageStim(__class__=<class 'psychopy.visual.image.ImageStim'>, autoLog=True, color=array([1., 1., 1.]), colorSpace='rgb', contrast=1.0, depth=-1.0, flipHoriz=False, flipVert=False, image='lightBulb_OFF.png', interpolate=True, mask=None, maskParams=None, name='instructionsLightBulb2_2', opacity=1.0, ori=0.0, pos=array([0.5, 0. ]), size=array([0.4, 0.4]), texRes=128, units='height', win=Window(...))
10.6167 	EXP 	Created instructionsText_2 = TextStim(__class__=<class 'psychopy.visual.text.TextStim'>, alignHoriz=method-wrapper(...), alignText='center', alignVert=method-wrapper(...), anchorHoriz='center', anchorVert='center', antialias=True, autoLog=True, bold=False, color='black', colorSpace='named', contrast=1.0, depth=-2.0, flipHoriz=False, flipVert=False, font='Arial', fontFiles=[], height=0.05, italic=False, languageStyle='LTR', name='instructionsText_2', opacity=1.0, ori=0, pos=array([0. , 0.3]), rgb=array([0., 0., 0.]), text='In each trial, the light bulbs will blink', units='height', win=Window(...), wrapWidth=1)
10.6190 	EXP 	Created pressSpace_2 = TextStim(__class__=<class 'psychopy.visual.text.TextStim'>, alignHoriz=method-wrapper(...), alignText='center', alignVert=method-wrapper(...), anchorHoriz='center', anchorVert='center', antialias=True, autoLog=True, bold=False, color='black', colorSpace='named', contrast=1.0, depth=-3.0, flipHoriz=False, flipVert=False, font='Arial', fontFiles=[], height=0.05, italic=False, languageStyle='LTR', name='pressSpace_2', opacity=1.0, ori=0, pos=array([ 0. , -0.3]), rgb=array([0., 0., 0.]), text='PRESS SPACE to continue', units='height', win=Window(...), wrapWidth=1)
10.8974 	EXP 	Created instructionsLightBulb1_3 = ImageStim(__class__=<class 'psychopy.visual.image.ImageStim'>, autoLog=True, color=array([1., 1., 1.]), colorSpace='rgb', contrast=1.0, depth=0.0, flipHoriz=False, flipVert=False, image='lightBulb_OFF.png', interpolate=True, mask=None, maskParams=None, name='instructionsLightBulb1_3', opacity=1.0, ori=0.0, pos=array([-0.5,  0. ]), size=array([0.4, 0.4]), texRes=128, units='height', win=Window(...))
10.9120 	EXP 	Created instructionsLightBulb2_3 = ImageStim(__class__=<class 'psychopy.visual.image.ImageStim'>, autoLog=True, color=array([1., 1., 1.]), colorSpace='rgb', contrast=1.0, depth=-1.0, flipHoriz=False, flipVert=False, image='lightBulb_OFF.png', interpolate=True, mask=None, maskParams=None, name='instructionsLightBulb2_3', opacity=1.0, ori=0.0, pos=array([0.5, 0. ]), size=array([0.4, 0.4]), texRes=128, units='height', win=Window(...))
10.9194 	EXP 	Created text_3 = TextStim(__class__=<class 'psychopy.visual.text.TextStim'>, alignHoriz=method-wrapper(...), alignText='center', alignVert=method-wrapper(...), anchorHoriz='center', anchorVert='center', antialias=True, autoLog=True, bold=False, color='black', colorSpace='named', contrast=1.0, depth=-2.0, flipHoriz=False, flipVert=False, font='Arial', fontFiles=[], height=0.05, italic=False, languageStyle='LTR', name='text_3', opacity=1.0, ori=0, pos=array([0. , 0.3]), rgb=array([0., 0., 0.]), text=str(...), units='height', win=Window(...), wrapWidth=1)
10.9223 	EXP 	Created pressSpace_3 = TextStim(__class__=<class 'psychopy.visual.text.TextStim'>, alignHoriz=method-wrapper(...), alignText='center', alignVert=method-wrapper(...), anchorHoriz='center', anchorVert='center', antialias=True, autoLog=True, bold=False, color='black', colorSpace='named', contrast=1.0, depth=-3.0, flipHoriz=False, flipVert=False, font='Arial', fontFiles=[], height=0.05, italic=False, languageStyle='LTR', name='pressSpace_3', opacity=1.0, ori=0, pos=array([ 0. , -0.3]), rgb=array([0., 0., 0.]), text='Press SPACE to see light bulb 1 blink', units='height', win=Window(...), wrapWidth=1)
11.2022 	EXP 	Created instructionsLightBulb1_4 = ImageStim(__class__=<class 'psychopy.visual.image.ImageStim'>, autoLog=True, color=array([1., 1., 1.]), colorSpace='rgb', contrast=1.0, depth=0.0, flipHoriz=False, flipVert=False, image='lightBulb_ON.png', interpolate=True, mask=None, maskParams=None, name='instructionsLightBulb1_4', opacity=1.0, ori=0.0, pos=array([-0.5,  0. ]), size=array([0.4, 0.4]), texRes=128, units='height', win=Window(...))
11.2169 	EXP 	Created instructionsLightBulb2_4 = ImageStim(__class__=<class 'psychopy.visual.image.ImageStim'>, autoLog=True, color=array([1., 1., 1.]), colorSpace='rgb', contrast=1.0, depth=-1.0, flipHoriz=False, flipVert=False, image='lightBulb_OFF.png', interpolate=True, mask=None, maskParams=None, name='instructionsLightBulb2_4', opacity=1.0, ori=0.0, pos=array([0.5, 0. ]), size=array([0.4, 0.4]), texRes=128, units='height', win=Window(...))
11.2318 	EXP 	Created instructionsLightBulb1_5 = ImageStim(__class__=<class 'psychopy.visual.image.ImageStim'>, autoLog=True, color=array([1., 1., 1.]), colorSpace='rgb', contrast=1.0, depth=0.0, flipHoriz=False, flipVert=False, image='lightBulb_OFF.png', interpolate=True, mask=None, maskParams=None, name='instructionsLightBulb1_5', opacity=1.0, ori=0.0, pos=array([-0.5,  0. ]), size=array([0.4, 0.4]), texRes=128, units='height', win=Window(...))
11.2467 	EXP 	Created instructionsLightBulb2_5 = ImageStim(__class__=<class 'psychopy.visual.image.ImageStim'>, autoLog=True, color=array([1., 1., 1.]), colorSpace='rgb', contrast=1.0, depth=-1.0, flipHoriz=False, flipVert=False, image='lightBulb_OFF.png', interpolate=True, mask=None, maskParams=None, name='instructionsLightBulb2_5', opacity=1.0, ori=0.0, pos=array([0.5, 0. ]), size=array([0.4, 0.4]), texRes=128, units='height', win=Window(...))
11.2617 	EXP 	Created instructionsLightBulb2_6 = ImageStim(__class__=<class 'psychopy.visual.image.ImageStim'>, autoLog=True, color=array([1., 1., 1.]), colorSpace='rgb', contrast=1.0, depth=-2.0, flipHoriz=False, flipVert=False, image='lightBulb_ON.png', interpolate=True, mask=None, maskParams=None, name='instructionsLightBulb2_6', opacity=1.0, ori=0.0, pos=array([0.5, 0. ]), size=array([0.4, 0.4]), texRes=128, units='height', win=Window(...))
11.2722 	EXP 	Created text_4 = TextStim(__class__=<class 'psychopy.visual.text.TextStim'>, alignHoriz=method-wrapper(...), alignText='center', alignVert=method-wrapper(...), anchorHoriz='center', anchorVert='center', antialias=True, autoLog=True, bold=False, color='black', colorSpace='named', contrast=1.0, depth=-3.0, flipHoriz=False, flipVert=False, font='Arial', fontFiles=[], height=0.05, italic=False, languageStyle='LTR', name='text_4', opacity=1.0, ori=0, pos=array([0. , 0.3]), rgb=array([0., 0., 0.]), text=str(...), units='height', win=Window(...), wrapWidth=1)
11.2746 	EXP 	Created pressSpace_4 = TextStim(__class__=<class 'psychopy.visual.text.TextStim'>, alignHoriz=method-wrapper(...), alignText='center', alignVert=method-wrapper(...), anchorHoriz='center', anchorVert='center', antialias=True, autoLog=True, bold=False, color='black', colorSpace='named', contrast=1.0, depth=-4.0, flipHoriz=False, flipVert=False, font='Arial', fontFiles=[], height=0.05, italic=False, languageStyle='LTR', name='pressSpace_4', opacity=1.0, ori=0, pos=array([ 0. , -0.3]), rgb=array([0., 0., 0.]), text='Press SPACE to continue', units='height', win=Window(...), wrapWidth=1)
11.5490 	EXP 	Created text_2 = TextStim(__class__=<class 'psychopy.visual.text.TextStim'>, alignHoriz=method-wrapper(...), alignText='center', alignVert=method-wrapper(...), anchorHoriz='center', anchorVert='center', antialias=True, autoLog=True, bold=False, color='black', colorSpace='named', contrast=1.0, depth=0.0, flipHoriz=False, flipVert=False, font='Arial', fontFiles=[], height=0.07, italic=False, languageStyle='LTR', name='text_2', opacity=1.0, ori=0, pos=array([0., 0.]), rgb=array([0., 0., 0.]), text=str(...), units='height', win=Window(...), wrapWidth=1)
11.5544 	EXP 	Created text_5 = TextStim(__class__=<class 'psychopy.visual.text.TextStim'>, alignHoriz=method-wrapper(...), alignText='center', alignVert=method-wrapper(...), anchorHoriz='center', anchorVert='center', antialias=True, autoLog=True, bold=False, color='black', colorSpace='named', contrast=1.0, depth=-1.0, flipHoriz=False, flipVert=False, font='Arial', fontFiles=[], height=0.07, italic=False, languageStyle='LTR', name='text_5', opacity=1.0, ori=0, pos=array([ 0. , -0.3]), rgb=array([0., 0., 0.]), text='press SPACEBAR to hear this sound', units='height', win=Window(...), wrapWidth=1)
11.8351 	EXP 	Created lightBulbOFF = ImageStim(__class__=<class 'psychopy.visual.image.ImageStim'>, autoLog=True, color=array([1., 1., 1.]), colorSpace='rgb', contrast=1.0, depth=-1.0, flipHoriz=False, flipVert=False, image='lightBulb_OFF.png', interpolate=True, mask=None, maskParams=None, name='lightBulbOFF', opacity=1.0, ori=0.0, pos=array([0., 0.]), size=array([0.5, 0.5]), texRes=128, units='height', win=Window(...))
11.8498 	EXP 	Created lightBulbON = ImageStim(__class__=<class 'psychopy.visual.image.ImageStim'>, autoLog=True, color=array([1., 1., 1.]), colorSpace='rgb', contrast=1.0, depth=-2.0, flipHoriz=False, flipVert=False, image='lightBulb_ON.png', interpolate=True, mask=None, maskParams=None, name='lightBulbON', opacity=1.0, ori=0.0, pos=array([0., 0.]), size=array([0.5, 0.5]), texRes=128, units='height', win=Window(...))
11.8699 	EXP 	Sound sound_1 set volume 1.000
11.8923 	EXP 	Created instructions_8_firstLine = TextStim(__class__=<class 'psychopy.visual.text.TextStim'>, alignHoriz=method-wrapper(...), alignText='center', alignVert=method-wrapper(...), anchorHoriz='center', anchorVert='center', antialias=True, autoLog=True, bold=False, color='black', colorSpace='named', contrast=1.0, depth=0.0, flipHoriz=False, flipVert=False, font='Arial', fontFiles=[], height=0.04, italic=False, languageStyle='LTR', name='instructions_8_firstLine', opacity=1.0, ori=0, pos=array([0. , 0.2]), rgb=array([0., 0., 0.]), text=str(...), units='height', win=Window(...), wrapWidth=1)
11.9000 	EXP 	Created text_8 = TextStim(__class__=<class 'psychopy.visual.text.TextStim'>, alignHoriz=method-wrapper(...), alignText='center', alignVert=method-wrapper(...), anchorHoriz='center', anchorVert='center', antialias=True, autoLog=True, bold=False, color='black', colorSpace='named', contrast=1.0, depth=-1.0, flipHoriz=False, flipVert=False, font='Arial', fontFiles=[], height=0.04, italic=False, languageStyle='LTR', name='text_8', opacity=1.0, ori=0, pos=array([0. , 0.1]), rgb=array([0., 0., 0.]), text=str(...), units='height', win=Window(...), wrapWidth=1)
11.9073 	EXP 	Created text_9 = TextStim(__class__=<class 'psychopy.visual.text.TextStim'>, alignHoriz=method-wrapper(...), alignText='center', alignVert=method-wrapper(...), anchorHoriz='center', anchorVert='center', antialias=True, autoLog=True, bold=False, color='black', colorSpace='named', contrast=1.0, depth=-2.0, flipHoriz=False, flipVert=False, font='Arial', fontFiles=[], height=0.04, italic=False, languageStyle='LTR', name='text_9', opacity=1.0, ori=0, pos=array([ 0.  , -0.02]), rgb=array([0., 0., 0.]), text=str(...), units='height', win=Window(...), wrapWidth=1)
11.9102 	EXP 	Created instructions_8_pressP = TextStim(__class__=<class 'psychopy.visual.text.TextStim'>, alignHoriz=method-wrapper(...), alignText='center', alignVert=method-wrapper(...), anchorHoriz='center', anchorVert='center', antialias=True, autoLog=True, bold=False, color='black', colorSpace='named', contrast=1.0, depth=-3.0, flipHoriz=False, flipVert=False, font='Arial', fontFiles=[], height=0.04, italic=False, languageStyle='LTR', name='instructions_8_pressP', opacity=1.0, ori=0, pos=array([ 0. , -0.3]), rgb=array([0., 0., 0.]), text="press 'p' to begin the practice trials!", units='height', win=Window(...), wrapWidth=1)
12.2067 	EXP 	Created firstITI = TextStim(__class__=<class 'psychopy.visual.text.TextStim'>, alignHoriz=method-wrapper(...), alignText='center', alignVert=method-wrapper(...), anchorHoriz='center', anchorVert='center', antialias=True, autoLog=True, bold=False, color='black', colorSpace='named', contrast=1.0, depth=0.0, flipHoriz=False, flipVert=False, font='Arial', fontFiles=[], height=0.1, italic=False, languageStyle='LTR', name='firstITI', opacity=1.0, ori=0, pos=array([0., 0.]), rgb=array([0., 0., 0.]), text='+', units='height', win=Window(...), wrapWidth=1)
12.2080 	EXP 	Created text_6 = TextStim(__class__=<class 'psychopy.visual.text.TextStim'>, alignHoriz=method-wrapper(...), alignText='center', alignVert=method-wrapper(...), anchorHoriz='center', anchorVert='center', antialias=True, autoLog=True, bold=False, color='black', colorSpace='named', contrast=1.0, depth=-1.0, flipHoriz=False, flipVert=False, font='Arial', fontFiles=[], height=0.1, italic=False, languageStyle='LTR', name='text_6', opacity=1.0, ori=0, pos=array([0., 0.]), rgb=array([0., 0., 0.]), text='+', units='height', win=Window(...), wrapWidth=1)
13.1807 	EXP 	Sound firstChoiceProbeTone_2 set volume 1.000
13.2447 	EXP 	Sound firstChoice_Noise set volume 1.000
13.2467 	EXP 	Created firstVisualStimulus_2 = TextStim(__class__=<class 'psychopy.visual.text.TextStim'>, alignHoriz=method-wrapper(...), alignText='center', alignVert=method-wrapper(...), anchorHoriz='center', anchorVert='center', antialias=True, autoLog=True, bold=False, color='black', colorSpace='named', contrast=1.0, depth=-3.0, flipHoriz=False, flipVert=False, font='Arial', fontFiles=[], height=0.1, italic=False, languageStyle='LTR', name='firstVisualStimulus_2', opacity=1.0, ori=0, pos=array([0., 0.]), rgb=array([0., 0., 0.]), text='1', units='height', win=Window(...), wrapWidth=1)
13.2645 	EXP 	Created firstChoiceLeftStimulus_2 = ImageStim(__class__=<class 'psychopy.visual.image.ImageStim'>, autoLog=True, color=array([1., 1., 1.]), colorSpace='rgb', contrast=1.0, depth=-4.0, flipHoriz=False, flipVert=False, image='lightBulb_ON.png', interpolate=True, mask=None, maskParams=None, name='firstChoiceLeftStimulus_2', opacity=1.0, ori=0.0, pos=array([-0.5,  0. ]), size=array([0.4, 0.4]), texRes=128, units='height', win=Window(...))
13.2794 	EXP 	Created firstChoiceRightStimulus_2 = ImageStim(__class__=<class 'psychopy.visual.image.ImageStim'>, autoLog=True, color=array([1., 1., 1.]), colorSpace='rgb', contrast=1.0, depth=-5.0, flipHoriz=False, flipVert=False, image='lightBulb_OFF.png', interpolate=True, mask=None, maskParams=None, name='firstChoiceRightStimulus_2', opacity=1.0, ori=0.0, pos=array([0.5, 0. ]), size=array([0.4, 0.4]), texRes=128, units='height', win=Window(...))
13.2840 	EXP 	Created ISIVisualStimulus_3 = TextStim(__class__=<class 'psychopy.visual.text.TextStim'>, alignHoriz=method-wrapper(...), alignText='center', alignVert=method-wrapper(...), anchorHoriz='center', anchorVert='center', antialias=True, autoLog=True, bold=False, color='black', colorSpace='named', contrast=1.0, depth=0.0, flipHoriz=False, flipVert=False, font='Arial', fontFiles=[], height=0.1, italic=False, languageStyle='LTR', name='ISIVisualStimulus_3', opacity=1.0, ori=0, pos=array([0., 0.]), rgb=array([0., 0., 0.]), text='ISI', units='height', win=Window(...), wrapWidth=1)
13.2986 	EXP 	Created rightStimulus_3 = ImageStim(__class__=<class 'psychopy.visual.image.ImageStim'>, autoLog=True, color=array([1., 1., 1.]), colorSpace='rgb', contrast=1.0, depth=-1.0, flipHoriz=False, flipVert=False, image='lightBulb_OFF.png', interpolate=True, mask=None, maskParams=None, name='rightStimulus_3', opacity=1.0, ori=0.0, pos=array([0.5, 0. ]), size=array([0.4, 0.4]), texRes=128, units='height', win=Window(...))
13.3135 	EXP 	Created leftStimulus_3 = ImageStim(__class__=<class 'psychopy.visual.image.ImageStim'>, autoLog=True, color=array([1., 1., 1.]), colorSpace='rgb', contrast=1.0, depth=-2.0, flipHoriz=False, flipVert=False, image='lightBulb_OFF.png', interpolate=True, mask=None, maskParams=None, name='leftStimulus_3', opacity=1.0, ori=0.0, pos=array([-0.5,  0. ]), size=array([0.4, 0.4]), texRes=128, units='height', win=Window(...))
13.9572 	EXP 	Sound secondChoiceTone_2 set volume 1.000
13.9826 	EXP 	Sound secondChoice_Noise set volume 1.000
13.9871 	EXP 	Created secondVisualStimulus_2 = TextStim(__class__=<class 'psychopy.visual.text.TextStim'>, alignHoriz=method-wrapper(...), alignText='center', alignVert=method-wrapper(...), anchorHoriz='center', anchorVert='center', antialias=True, autoLog=True, bold=False, color='black', colorSpace='named', contrast=1.0, depth=-3.0, flipHoriz=False, flipVert=False, font='Arial', fontFiles=[], height=0.1, italic=False, languageStyle='LTR', name='secondVisualStimulus_2', opacity=1.0, ori=0, pos=array([0., 0.]), rgb=array([0., 0., 0.]), text='2', units='height', win=Window(...), wrapWidth=1)
14.0032 	EXP 	Created secondChoiceLeftStimulus_2 = ImageStim(__class__=<class 'psychopy.visual.image.ImageStim'>, autoLog=True, color=array([1., 1., 1.]), colorSpace='rgb', contrast=1.0, depth=-4.0, flipHoriz=False, flipVert=False, image='lightBulb_OFF.png', interpolate=True, mask=None, maskParams=None, name='secondChoiceLeftStimulus_2', opacity=1.0, ori=0.0, pos=array([-0.5,  0. ]), size=array([0.4, 0.4]), texRes=128, units='height', win=Window(...))
14.0183 	EXP 	Created secondChoiceRightStimulus_2 = ImageStim(__class__=<class 'psychopy.visual.image.ImageStim'>, autoLog=True, color=array([1., 1., 1.]), colorSpace='rgb', contrast=1.0, depth=-5.0, flipHoriz=False, flipVert=False, image='lightBulb_ON.png', interpolate=True, mask=None, maskParams=None, name='secondChoiceRightStimulus_2', opacity=1.0, ori=0.0, pos=array([0.5, 0. ]), size=array([0.4, 0.4]), texRes=128, units='height', win=Window(...))
14.0328 	EXP 	Created decisionTextProbe_2 = TextStim(__class__=<class 'psychopy.visual.text.TextStim'>, alignHoriz=method-wrapper(...), alignText='center', alignVert=method-wrapper(...), anchorHoriz='center', anchorVert='center', antialias=True, autoLog=True, bold=False, color='black', colorSpace='named', contrast=1.0, depth=-1.0, flipHoriz=False, flipVert=False, font='Arial', fontFiles=[], height=0.1, italic=False, languageStyle='LTR', name='decisionTextProbe_2', opacity=1.0, ori=0, pos=array([0., 0.]), rgb=array([0., 0., 0.]), text=str(...), units='height', win=Window(...), wrapWidth=1)
14.3121 	EXP 	Created feedbackText_2 = TextStim(__class__=<class 'psychopy.visual.text.TextStim'>, alignHoriz=method-wrapper(...), alignText='center', alignVert=method-wrapper(...), anchorHoriz='center', anchorVert='center', antialias=True, autoLog=True, bold=False, color='black', colorSpace='named', contrast=1.0, depth=-1.0, flipHoriz=False, flipVert=False, font='Arial', fontFiles=[], height=0.1, italic=False, languageStyle='LTR', name='feedbackText_2', opacity=1.0, ori=0, pos=array([0., 0.]), rgb=array([0., 0., 0.]), text='default text', units='height', win=Window(...), wrapWidth=1)
14.3280 	EXP 	Created text_7 = TextStim(__class__=<class 'psychopy.visual.text.TextStim'>, alignHoriz=method-wrapper(...), alignText='center', alignVert=method-wrapper(...), anchorHoriz='center', anchorVert='center', antialias=True, autoLog=True, bold=False, color='black', colorSpace='named', contrast=1.0, depth=0.0, flipHoriz=False, flipVert=False, font='Arial', fontFiles=[], height=0.05, italic=False, languageStyle='LTR', name='text_7', opacity=1.0, ori=0, pos=array([0., 0.]), rgb=array([0., 0., 0.]), text=str(...), units='height', win=Window(...), wrapWidth=1)
14.6175 	EXP 	Created text_10 = TextStim(__class__=<class 'psychopy.visual.text.TextStim'>, alignHoriz=method-wrapper(...), alignText='center', alignVert=method-wrapper(...), anchorHoriz='center', anchorVert='center', antialias=True, autoLog=True, bold=False, color='black', colorSpace='named', contrast=1.0, depth=0.0, flipHoriz=False, flipVert=False, font='Arial', fontFiles=[], height=0.05, italic=False, languageStyle='LTR', name='text_10', opacity=1.0, ori=0, pos=array([0., 0.]), rgb=array([0., 0., 0.]), text=str(...), units='height', win=Window(...), wrapWidth=1)
14.8887 	EXP 	Created firstITI = TextStim(__class__=<class 'psychopy.visual.text.TextStim'>, alignHoriz=method-wrapper(...), alignText='center', alignVert=method-wrapper(...), anchorHoriz='center', anchorVert='center', antialias=True, autoLog=True, bold=False, color='black', colorSpace='named', contrast=1.0, depth=0.0, flipHoriz=False, flipVert=False, font='Arial', fontFiles=[], height=0.1, italic=False, languageStyle='LTR', name='firstITI', opacity=1.0, ori=0, pos=array([0., 0.]), rgb=array([0., 0., 0.]), text='+', units='height', win=Window(...), wrapWidth=1)
14.8904 	EXP 	Created text = TextStim(__class__=<class 'psychopy.visual.text.TextStim'>, alignHoriz=method-wrapper(...), alignText='center', alignVert=method-wrapper(...), anchorHoriz='center', anchorVert='center', antialias=True, autoLog=True, bold=False, color='black', colorSpace='named', contrast=1.0, depth=0.0, flipHoriz=False, flipVert=False, font='Arial', fontFiles=[], height=0.1, italic=False, languageStyle='LTR', name='text', opacity=1.0, ori=0, pos=array([0., 0.]), rgb=array([0., 0., 0.]), text='+', units='height', win=Window(...), wrapWidth=1)
14.8923 	EXP 	Created firstVisualStimulus = TextStim(__class__=<class 'psychopy.visual.text.TextStim'>, alignHoriz=method-wrapper(...), alignText='center', alignVert=method-wrapper(...), anchorHoriz='center', anchorVert='center', antialias=True, autoLog=True, bold=False, color='black', colorSpace='named', contrast=1.0, depth=-1.0, flipHoriz=False, flipVert=False, font='Arial', fontFiles=[], height=0.1, italic=False, languageStyle='LTR', name='firstVisualStimulus', opacity=1.0, ori=0, pos=array([0., 0.]), rgb=array([0., 0., 0.]), text='1', units='height', win=Window(...), wrapWidth=1)
14.9172 	EXP 	Sound firstChoiceNoise set volume 1.000
15.5213 	EXP 	Sound firstChoiceProbeTone set volume 1.000
15.5383 	EXP 	Created firstChoiceLeftStimulus = ImageStim(__class__=<class 'psychopy.visual.image.ImageStim'>, autoLog=True, color=array([1., 1., 1.]), colorSpace='rgb', contrast=1.0, depth=-4.0, flipHoriz=False, flipVert=False, image='lightBulb_ON.png', interpolate=True, mask=None, maskParams=None, name='firstChoiceLeftStimulus', opacity=1.0, ori=0.0, pos=array([-0.5,  0. ]), size=array([0.4, 0.4]), texRes=128, units='height', win=Window(...))
15.5533 	EXP 	Created firstChoiceRightStimulus = ImageStim(__class__=<class 'psychopy.visual.image.ImageStim'>, autoLog=True, color=array([1., 1., 1.]), colorSpace='rgb', contrast=1.0, depth=-5.0, flipHoriz=False, flipVert=False, image='lightBulb_OFF.png', interpolate=True, mask=None, maskParams=None, name='firstChoiceRightStimulus', opacity=1.0, ori=0.0, pos=array([0.5, 0. ]), size=array([0.4, 0.4]), texRes=128, units='height', win=Window(...))
15.5575 	EXP 	Created ISIVisualStimulus = TextStim(__class__=<class 'psychopy.visual.text.TextStim'>, alignHoriz=method-wrapper(...), alignText='center', alignVert=method-wrapper(...), anchorHoriz='center', anchorVert='center', antialias=True, autoLog=True, bold=False, color='black', colorSpace='named', contrast=1.0, depth=0.0, flipHoriz=False, flipVert=False, font='Arial', fontFiles=[], height=0.1, italic=False, languageStyle='LTR', name='ISIVisualStimulus', opacity=1.0, ori=0, pos=array([0., 0.]), rgb=array([0., 0., 0.]), text='ISI', units='height', win=Window(...), wrapWidth=1)
15.5728 	EXP 	Created rightStimulus = ImageStim(__class__=<class 'psychopy.visual.image.ImageStim'>, autoLog=True, color=array([1., 1., 1.]), colorSpace='rgb', contrast=1.0, depth=-1.0, flipHoriz=False, flipVert=False, image='lightBulb_OFF.png', interpolate=True, mask=None, maskParams=None, name='rightStimulus', opacity=1.0, ori=0.0, pos=array([0.5, 0. ]), size=array([0.4, 0.4]), texRes=128, units='height', win=Window(...))
15.5881 	EXP 	Created leftStimulus = ImageStim(__class__=<class 'psychopy.visual.image.ImageStim'>, autoLog=True, color=array([1., 1., 1.]), colorSpace='rgb', contrast=1.0, depth=-2.0, flipHoriz=False, flipVert=False, image='lightBulb_OFF.png', interpolate=True, mask=None, maskParams=None, name='leftStimulus', opacity=1.0, ori=0.0, pos=array([-0.5,  0. ]), size=array([0.4, 0.4]), texRes=128, units='height', win=Window(...))
15.5919 	EXP 	Created secondVisualStimulus = TextStim(__class__=<class 'psychopy.visual.text.TextStim'>, alignHoriz=method-wrapper(...), alignText='center', alignVert=method-wrapper(...), anchorHoriz='center', anchorVert='center', antialias=True, autoLog=True, bold=False, color='black', colorSpace='named', contrast=1.0, depth=-1.0, flipHoriz=False, flipVert=False, font='Arial', fontFiles=[], height=0.1, italic=False, languageStyle='LTR', name='secondVisualStimulus', opacity=1.0, ori=0, pos=array([0., 0.]), rgb=array([0., 0., 0.]), text='2', units='height', win=Window(...), wrapWidth=1)
15.6168 	EXP 	Sound secondChoiceNoise set volume 1.000
16.3033 	EXP 	Sound secondChoiceTone set volume 1.000
16.3197 	EXP 	Created secondChoiceLeftStimulus = ImageStim(__class__=<class 'psychopy.visual.image.ImageStim'>, autoLog=True, color=array([1., 1., 1.]), colorSpace='rgb', contrast=1.0, depth=-4.0, flipHoriz=False, flipVert=False, image='lightBulb_OFF.png', interpolate=True, mask=None, maskParams=None, name='secondChoiceLeftStimulus', opacity=1.0, ori=0.0, pos=array([-0.5,  0. ]), size=array([0.4, 0.4]), texRes=128, units='height', win=Window(...))
16.3353 	EXP 	Created secondChoiceRightStimulus = ImageStim(__class__=<class 'psychopy.visual.image.ImageStim'>, autoLog=True, color=array([1., 1., 1.]), colorSpace='rgb', contrast=1.0, depth=-5.0, flipHoriz=False, flipVert=False, image='lightBulb_ON.png', interpolate=True, mask=None, maskParams=None, name='secondChoiceRightStimulus', opacity=1.0, ori=0.0, pos=array([0.5, 0. ]), size=array([0.4, 0.4]), texRes=128, units='height', win=Window(...))
16.3438 	EXP 	Created decisionTextProbe = TextStim(__class__=<class 'psychopy.visual.text.TextStim'>, alignHoriz=method-wrapper(...), alignText='center', alignVert=method-wrapper(...), anchorHoriz='center', anchorVert='center', antialias=True, autoLog=True, bold=False, color='black', colorSpace='named', contrast=1.0, depth=-1.0, flipHoriz=False, flipVert=False, font='Arial', fontFiles=[], height=0.1, italic=False, languageStyle='LTR', name='decisionTextProbe', opacity=1.0, ori=0, pos=array([0., 0.]), rgb=array([0., 0., 0.]), text=str(...), units='height', win=Window(...), wrapWidth=1)
16.6204 	EXP 	Created feedbackText = TextStim(__class__=<class 'psychopy.visual.text.TextStim'>, alignHoriz=method-wrapper(...), alignText='center', alignVert=method-wrapper(...), anchorHoriz='center', anchorVert='center', antialias=True, autoLog=True, bold=False, color='black', colorSpace='named', contrast=1.0, depth=-1.0, flipHoriz=False, flipVert=False, font='Arial', fontFiles=[], height=0.1, italic=False, languageStyle='LTR', name='feedbackText', opacity=1.0, ori=0, pos=array([0., 0.]), rgb=array([0., 0., 0.]), text='default text', units='height', win=Window(...), wrapWidth=1)
16.6429 	EXP 	welcomeText: autoDraw = True
17.2916 	EXP 	Created sequence: sequential, trialTypes=1, nReps=0, seed=None
17.2962 	DATA 	Keypress: space
17.3069 	EXP 	welcomeText: autoDraw = False
17.3069 	EXP 	firstITI: autoDraw = True
22.3033 	DEBUG 	Read Excel file with pandas: practiceConditionsFile.xlsx
22.3054 	DEBUG 	Clearing unnamed columns from practiceConditionsFile.xlsx
22.3058 	EXP 	Imported practiceConditionsFile.xlsx as conditions, 6 conditions, 1 params
22.3060 	EXP 	Created sequence: sequential, trialTypes=6, nReps=1, seed=None
22.3062 	EXP 	New trial (rep=0, index=0): OrderedDict([('condition', 1)])
22.3234 	EXP 	firstITI: autoDraw = False
22.3234 	EXP 	firstITI: autoDraw = False
22.3234 	EXP 	text_6: autoDraw = True
26.1063 	EXP 	text_6: autoDraw = False
26.1395 	EXP 	firstVisualStimulus_2: autoDraw = True
26.1395 	EXP 	firstChoiceLeftStimulus_2: autoDraw = True
26.1395 	EXP 	firstChoiceRightStimulus_2: autoDraw = True
26.4727 	EXP 	firstVisualStimulus_2: autoDraw = False
26.4727 	EXP 	firstChoiceLeftStimulus_2: autoDraw = False
26.4727 	EXP 	firstChoiceRightStimulus_2: autoDraw = False
26.4727 	EXP 	firstVisualStimulus_2: autoDraw = False
26.4727 	EXP 	firstChoiceLeftStimulus_2: autoDraw = False
26.4727 	EXP 	firstChoiceRightStimulus_2: autoDraw = False
26.4727 	EXP 	ISIVisualStimulus_3: autoDraw = True
26.4727 	EXP 	rightStimulus_3: autoDraw = True
26.4727 	EXP 	leftStimulus_3: autoDraw = True
30.1063 	EXP 	ISIVisualStimulus_3: autoDraw = False
30.1063 	EXP 	rightStimulus_3: autoDraw = False
30.1063 	EXP 	leftStimulus_3: autoDraw = False
30.1063 	EXP 	ISIVisualStimulus_3: autoDraw = False
30.1063 	EXP 	rightStimulus_3: autoDraw = False
30.1063 	EXP 	leftStimulus_3: autoDraw = False
30.1223 	EXP 	secondVisualStimulus_2: autoDraw = True
30.1223 	EXP 	secondChoiceLeftStimulus_2: autoDraw = True
30.1223 	EXP 	secondChoiceRightStimulus_2: autoDraw = True
30.4556 	EXP 	secondVisualStimulus_2: autoDraw = False
30.4556 	EXP 	secondChoiceLeftStimulus_2: autoDraw = False
30.4556 	EXP 	secondChoiceRightStimulus_2: autoDraw = False
30.4556 	EXP 	secondVisualStimulus_2: autoDraw = False
30.4556 	EXP 	secondChoiceLeftStimulus_2: autoDraw = False
30.4556 	EXP 	secondChoiceRightStimulus_2: autoDraw = False
30.4556 	EXP 	decisionTextProbe_2: autoDraw = True
32.2290 	DATA 	Keypress: 1
32.2389 	EXP 	decisionTextProbe_2: autoDraw = False
32.2389 	EXP 	feedbackText_2: text = 'Correct'
32.2389 	EXP 	feedbackText_2: autoDraw = True
33.2232 	EXP 	New trial (rep=0, index=1): OrderedDict([('condition', 2)])
33.2390 	EXP 	feedbackText_2: autoDraw = False
33.2390 	EXP 	feedbackText_2: autoDraw = False
33.2390 	EXP 	text_6: autoDraw = True
36.8386 	EXP 	text_6: autoDraw = False
36.8386 	EXP 	text_6: autoDraw = False
36.8386 	EXP 	firstVisualStimulus_2: autoDraw = True
36.8386 	EXP 	firstChoiceLeftStimulus_2: autoDraw = True
36.8386 	EXP 	firstChoiceRightStimulus_2: autoDraw = True
37.1719 	EXP 	firstVisualStimulus_2: autoDraw = False
37.1719 	EXP 	firstChoiceLeftStimulus_2: autoDraw = False
37.1719 	EXP 	firstChoiceRightStimulus_2: autoDraw = False
37.1719 	EXP 	firstVisualStimulus_2: autoDraw = False
37.1719 	EXP 	firstChoiceLeftStimulus_2: autoDraw = False
37.1719 	EXP 	firstChoiceRightStimulus_2: autoDraw = False
37.1719 	EXP 	ISIVisualStimulus_3: autoDraw = True
37.1719 	EXP 	rightStimulus_3: autoDraw = True
37.1719 	EXP 	leftStimulus_3: autoDraw = True
40.7378 	EXP 	ISIVisualStimulus_3: autoDraw = False
40.7378 	EXP 	rightStimulus_3: autoDraw = False
40.7378 	EXP 	leftStimulus_3: autoDraw = False
40.7378 	EXP 	ISIVisualStimulus_3: autoDraw = False
40.7378 	EXP 	rightStimulus_3: autoDraw = False
40.7378 	EXP 	leftStimulus_3: autoDraw = False
40.7378 	EXP 	secondVisualStimulus_2: autoDraw = True
40.7378 	EXP 	secondChoiceLeftStimulus_2: autoDraw = True
40.7378 	EXP 	secondChoiceRightStimulus_2: autoDraw = True
41.0711 	EXP 	secondVisualStimulus_2: autoDraw = False
41.0711 	EXP 	secondChoiceLeftStimulus_2: autoDraw = False
41.0711 	EXP 	secondChoiceRightStimulus_2: autoDraw = False
41.0711 	EXP 	secondVisualStimulus_2: autoDraw = False
41.0711 	EXP 	secondChoiceLeftStimulus_2: autoDraw = False
41.0711 	EXP 	secondChoiceRightStimulus_2: autoDraw = False
41.0711 	EXP 	decisionTextProbe_2: autoDraw = True
41.4242 	DATA 	Keypress: 2
41.4381 	EXP 	decisionTextProbe_2: autoDraw = False
41.4381 	EXP 	feedbackText_2: text = 'Correct'
41.4381 	EXP 	feedbackText_2: autoDraw = True
42.4216 	EXP 	New trial (rep=0, index=2): OrderedDict([('condition', 1)])
42.4378 	EXP 	feedbackText_2: autoDraw = False
42.4378 	EXP 	feedbackText_2: autoDraw = False
42.4378 	EXP 	text_6: autoDraw = True
46.0039 	EXP 	text_6: autoDraw = False
46.0039 	EXP 	text_6: autoDraw = False
46.0039 	EXP 	firstVisualStimulus_2: autoDraw = True
46.0039 	EXP 	firstChoiceLeftStimulus_2: autoDraw = True
46.0039 	EXP 	firstChoiceRightStimulus_2: autoDraw = True
46.3373 	EXP 	firstVisualStimulus_2: autoDraw = False
46.3373 	EXP 	firstChoiceLeftStimulus_2: autoDraw = False
46.3373 	EXP 	firstChoiceRightStimulus_2: autoDraw = False
46.3373 	EXP 	firstVisualStimulus_2: autoDraw = False
46.3373 	EXP 	firstChoiceLeftStimulus_2: autoDraw = False
46.3373 	EXP 	firstChoiceRightStimulus_2: autoDraw = False
46.3373 	EXP 	ISIVisualStimulus_3: autoDraw = True
46.3373 	EXP 	rightStimulus_3: autoDraw = True
46.3373 	EXP 	leftStimulus_3: autoDraw = True
49.9032 	EXP 	ISIVisualStimulus_3: autoDraw = False
49.9032 	EXP 	rightStimulus_3: autoDraw = False
49.9032 	EXP 	leftStimulus_3: autoDraw = False
49.9032 	EXP 	ISIVisualStimulus_3: autoDraw = False
49.9032 	EXP 	rightStimulus_3: autoDraw = False
49.9032 	EXP 	leftStimulus_3: autoDraw = False
49.9202 	EXP 	secondVisualStimulus_2: autoDraw = True
49.9202 	EXP 	secondChoiceLeftStimulus_2: autoDraw = True
49.9202 	EXP 	secondChoiceRightStimulus_2: autoDraw = True
50.2532 	EXP 	secondVisualStimulus_2: autoDraw = False
50.2532 	EXP 	secondChoiceLeftStimulus_2: autoDraw = False
50.2532 	EXP 	secondChoiceRightStimulus_2: autoDraw = False
50.2532 	EXP 	secondVisualStimulus_2: autoDraw = False
50.2532 	EXP 	secondChoiceLeftStimulus_2: autoDraw = False
50.2532 	EXP 	secondChoiceRightStimulus_2: autoDraw = False
50.2532 	EXP 	decisionTextProbe_2: autoDraw = True
50.4398 	DATA 	Keypress: 1
50.4531 	EXP 	decisionTextProbe_2: autoDraw = False
50.4531 	EXP 	feedbackText_2: text = 'Correct'
50.4531 	EXP 	feedbackText_2: autoDraw = True
51.4374 	EXP 	New trial (rep=0, index=3): OrderedDict([('condition', 2)])
51.4531 	EXP 	feedbackText_2: autoDraw = False
51.4531 	EXP 	feedbackText_2: autoDraw = False
51.4531 	EXP 	text_6: autoDraw = True
55.1529 	EXP 	text_6: autoDraw = False
55.1529 	EXP 	text_6: autoDraw = False
55.1692 	EXP 	firstVisualStimulus_2: autoDraw = True
55.1692 	EXP 	firstChoiceLeftStimulus_2: autoDraw = True
55.1692 	EXP 	firstChoiceRightStimulus_2: autoDraw = True
55.5027 	EXP 	firstVisualStimulus_2: autoDraw = False
55.5027 	EXP 	firstChoiceLeftStimulus_2: autoDraw = False
55.5027 	EXP 	firstChoiceRightStimulus_2: autoDraw = False
55.5027 	EXP 	firstVisualStimulus_2: autoDraw = False
55.5027 	EXP 	firstChoiceLeftStimulus_2: autoDraw = False
55.5027 	EXP 	firstChoiceRightStimulus_2: autoDraw = False
55.5027 	EXP 	ISIVisualStimulus_3: autoDraw = True
55.5027 	EXP 	rightStimulus_3: autoDraw = True
55.5027 	EXP 	leftStimulus_3: autoDraw = True
59.1523 	EXP 	ISIVisualStimulus_3: autoDraw = False
59.1523 	EXP 	rightStimulus_3: autoDraw = False
59.1523 	EXP 	leftStimulus_3: autoDraw = False
59.1523 	EXP 	ISIVisualStimulus_3: autoDraw = False
59.1523 	EXP 	rightStimulus_3: autoDraw = False
59.1523 	EXP 	leftStimulus_3: autoDraw = False
59.1688 	EXP 	secondVisualStimulus_2: autoDraw = True
59.1688 	EXP 	secondChoiceLeftStimulus_2: autoDraw = True
59.1688 	EXP 	secondChoiceRightStimulus_2: autoDraw = True
59.5021 	EXP 	secondVisualStimulus_2: autoDraw = False
59.5021 	EXP 	secondChoiceLeftStimulus_2: autoDraw = False
59.5021 	EXP 	secondChoiceRightStimulus_2: autoDraw = False
59.5021 	EXP 	secondVisualStimulus_2: autoDraw = False
59.5021 	EXP 	secondChoiceLeftStimulus_2: autoDraw = False
59.5021 	EXP 	secondChoiceRightStimulus_2: autoDraw = False
59.5021 	EXP 	decisionTextProbe_2: autoDraw = True
68.0112 	DATA 	Keypress: 1
68.0182 	EXP 	decisionTextProbe_2: autoDraw = False
68.0182 	EXP 	feedbackText_2: text = 'Incorrect'
68.0182 	EXP 	feedbackText_2: autoDraw = True
69.0020 	EXP 	New trial (rep=0, index=4): OrderedDict([('condition', 1)])
69.0175 	EXP 	feedbackText_2: autoDraw = False
69.0175 	EXP 	feedbackText_2: autoDraw = False
69.0175 	EXP 	text_6: autoDraw = True
72.5844 	EXP 	text_6: autoDraw = False
72.5844 	EXP 	text_6: autoDraw = False
72.5844 	EXP 	firstVisualStimulus_2: autoDraw = True
72.5844 	EXP 	firstChoiceLeftStimulus_2: autoDraw = True
72.5844 	EXP 	firstChoiceRightStimulus_2: autoDraw = True
72.9179 	EXP 	firstVisualStimulus_2: autoDraw = False
72.9179 	EXP 	firstChoiceLeftStimulus_2: autoDraw = False
72.9179 	EXP 	firstChoiceRightStimulus_2: autoDraw = False
72.9179 	EXP 	firstVisualStimulus_2: autoDraw = False
72.9179 	EXP 	firstChoiceLeftStimulus_2: autoDraw = False
72.9179 	EXP 	firstChoiceRightStimulus_2: autoDraw = False
72.9179 	EXP 	ISIVisualStimulus_3: autoDraw = True
72.9179 	EXP 	rightStimulus_3: autoDraw = True
72.9179 	EXP 	leftStimulus_3: autoDraw = True
76.4839 	EXP 	ISIVisualStimulus_3: autoDraw = False
76.4839 	EXP 	rightStimulus_3: autoDraw = False
76.4839 	EXP 	leftStimulus_3: autoDraw = False
76.4839 	EXP 	ISIVisualStimulus_3: autoDraw = False
76.4839 	EXP 	rightStimulus_3: autoDraw = False
76.4839 	EXP 	leftStimulus_3: autoDraw = False
76.5008 	EXP 	secondVisualStimulus_2: autoDraw = True
76.5008 	EXP 	secondChoiceLeftStimulus_2: autoDraw = True
76.5008 	EXP 	secondChoiceRightStimulus_2: autoDraw = True
76.8340 	EXP 	secondVisualStimulus_2: autoDraw = False
76.8340 	EXP 	secondChoiceLeftStimulus_2: autoDraw = False
76.8340 	EXP 	secondChoiceRightStimulus_2: autoDraw = False
76.8340 	EXP 	secondVisualStimulus_2: autoDraw = False
76.8340 	EXP 	secondChoiceLeftStimulus_2: autoDraw = False
76.8340 	EXP 	secondChoiceRightStimulus_2: autoDraw = False
76.8340 	EXP 	decisionTextProbe_2: autoDraw = True
77.0891 	DATA 	Keypress: 1
77.1007 	EXP 	decisionTextProbe_2: autoDraw = False
77.1007 	EXP 	feedbackText_2: text = 'Correct'
77.1007 	EXP 	feedbackText_2: autoDraw = True
78.0846 	EXP 	New trial (rep=0, index=5): OrderedDict([('condition', 2)])
78.1006 	EXP 	feedbackText_2: autoDraw = False
78.1006 	EXP 	feedbackText_2: autoDraw = False
78.1006 	EXP 	text_6: autoDraw = True
81.6505 	EXP 	text_6: autoDraw = False
81.6505 	EXP 	text_6: autoDraw = False
81.6671 	EXP 	firstVisualStimulus_2: autoDraw = True
81.6671 	EXP 	firstChoiceLeftStimulus_2: autoDraw = True
81.6671 	EXP 	firstChoiceRightStimulus_2: autoDraw = True
81.9999 	EXP 	firstVisualStimulus_2: autoDraw = False
81.9999 	EXP 	firstChoiceLeftStimulus_2: autoDraw = False
81.9999 	EXP 	firstChoiceRightStimulus_2: autoDraw = False
81.9999 	EXP 	firstVisualStimulus_2: autoDraw = False
81.9999 	EXP 	firstChoiceLeftStimulus_2: autoDraw = False
81.9999 	EXP 	firstChoiceRightStimulus_2: autoDraw = False
81.9999 	EXP 	ISIVisualStimulus_3: autoDraw = True
81.9999 	EXP 	rightStimulus_3: autoDraw = True
81.9999 	EXP 	leftStimulus_3: autoDraw = True
85.5496 	EXP 	ISIVisualStimulus_3: autoDraw = False
85.5496 	EXP 	rightStimulus_3: autoDraw = False
85.5496 	EXP 	leftStimulus_3: autoDraw = False
85.5496 	EXP 	ISIVisualStimulus_3: autoDraw = False
85.5496 	EXP 	rightStimulus_3: autoDraw = False
85.5496 	EXP 	leftStimulus_3: autoDraw = False
85.5496 	EXP 	secondVisualStimulus_2: autoDraw = True
85.5496 	EXP 	secondChoiceLeftStimulus_2: autoDraw = True
85.5496 	EXP 	secondChoiceRightStimulus_2: autoDraw = True
85.8829 	EXP 	secondVisualStimulus_2: autoDraw = False
85.8829 	EXP 	secondChoiceLeftStimulus_2: autoDraw = False
85.8829 	EXP 	secondChoiceRightStimulus_2: autoDraw = False
85.8829 	EXP 	secondVisualStimulus_2: autoDraw = False
85.8829 	EXP 	secondChoiceLeftStimulus_2: autoDraw = False
85.8829 	EXP 	secondChoiceRightStimulus_2: autoDraw = False
85.8829 	EXP 	decisionTextProbe_2: autoDraw = True
86.0694 	DATA 	Keypress: 2
86.0827 	EXP 	decisionTextProbe_2: autoDraw = False
86.0827 	EXP 	feedbackText_2: text = 'Correct'
86.0827 	EXP 	feedbackText_2: autoDraw = True
86.5849 	DATA 	Keypress: escape
87.1249 	EXP 	window1: mouseVisible = True
87.1250 	DEBUG 	Saving data for toneDetectionPlatform_V1.7 ExperimentHandler
87.1265 	INFO 	saved data to /Users/jasonhe/Documents/Documents - Jason's iCloud/Work/GitHub/Open-source Auditory Tone Detection (OSATD) Task/Auditory Tone Detection Task/data/_toneDetectionPlatform_V1.7_2020_Nov_04_1118.psydat
87.1289 	INFO 	saved data to "/Users/jasonhe/Documents/Documents - Jason's iCloud/Work/GitHub/Open-source Auditory Tone Detection (OSATD) Task/Auditory Tone Detection Task/data/_toneDetectionPlatform_V1.7_2020_Nov_04_1118.csv"
