1.7711 	WARNING 	We strongly recommend you activate the PTB sound engine in PsychoPy prefs as the preferred audio engine. Its timing is vastly superior. Your prefs are currently set to use ['sounddevice', 'PTB', 'pyo', 'pygame'] (in that order).
8.1956 	INFO 	Loaded monitor calibration from ['2020_10_15 13:31']
9.9320 	EXP 	Created window1 = Window(allowGUI=False, allowStencil=False, args=UNKNOWN, autoLog=True, bitsMode=UNKNOWN, blendMode='avg', bpc=(8, 8, 8), color=array([1., 1., 1.]), colorSpace='rgb', depthBits=8, fullscr=<method-wrapper '__getattribute__' of attributeSetter object at 0x000001D7DC18DC18>, gamma=None, gammaErrorPolicy='raise', kwargs=UNKNOWN, lms=UNKNOWN, monitor=<psychopy.monitors.calibTools.Monitor object at 0x000001D7DBDA54A8>, multiSample=False, name='window1', numSamples=2, pos=[0.0, 0.0], screen=0, size=array([1366,  768]), stencilBits=0, stereo=False, units='height', useFBO=True, useRetina=False, viewOri=0.0, viewPos=None, viewScale=None, waitBlanking=True, winType='pyglet')
9.9323 	EXP 	window1: mouseVisible = True
9.9323 	EXP 	window1: recordFrameIntervals = False
10.0981 	EXP 	window1: recordFrameIntervals = True
10.2820 	DEBUG 	Screen (0) actual frame rate measured at 59.93
10.2821 	EXP 	window1: recordFrameIntervals = False
10.5050 	EXP 	Created welcomeText = TextStim(__class__=<class 'psychopy.visual.text.TextStim'>, alignHoriz=method-wrapper(...), alignText='center', alignVert=method-wrapper(...), anchorHoriz='center', anchorVert='center', antialias=True, autoLog=True, bold=False, color='black', colorSpace='named', contrast=1.0, depth=0.0, flipHoriz=False, flipVert=False, font='Arial', fontFiles=[], height=0.07, italic=False, languageStyle='LTR', name='welcomeText', opacity=1.0, ori=0, pos=array([0., 0.]), rgb=array([0., 0., 0.]), text=str(...), units='height', win=Window(...), wrapWidth=1)
10.5547 	EXP 	Created instructionsLightBulb1 = ImageStim(__class__=<class 'psychopy.visual.image.ImageStim'>, autoLog=True, color=array([1., 1., 1.]), colorSpace='rgb', contrast=1.0, depth=0.0, flipHoriz=False, flipVert=False, image='lightBulb_OFF.png', interpolate=True, mask=None, maskParams=None, name='instructionsLightBulb1', opacity=1.0, ori=0.0, pos=array([-0.5,  0. ]), size=array([0.4, 0.4]), texRes=128, units='height', win=Window(...))
10.6040 	EXP 	Created instructionsLightBulb2 = ImageStim(__class__=<class 'psychopy.visual.image.ImageStim'>, autoLog=True, color=array([1., 1., 1.]), colorSpace='rgb', contrast=1.0, depth=-1.0, flipHoriz=False, flipVert=False, image='lightBulb_OFF.png', interpolate=True, mask=None, maskParams=None, name='instructionsLightBulb2', opacity=1.0, ori=0.0, pos=array([0.5, 0. ]), size=array([0.4, 0.4]), texRes=128, units='height', win=Window(...))
10.6286 	EXP 	Created instructionsText = TextStim(__class__=<class 'psychopy.visual.text.TextStim'>, alignHoriz=method-wrapper(...), alignText='center', alignVert=method-wrapper(...), anchorHoriz='center', anchorVert='center', antialias=True, autoLog=True, bold=False, color='black', colorSpace='named', contrast=1.0, depth=-2.0, flipHoriz=False, flipVert=False, font='Arial', fontFiles=[], height=0.05, italic=False, languageStyle='LTR', name='instructionsText', opacity=1.0, ori=0, pos=array([0. , 0.3]), rgb=array([0., 0., 0.]), text=str(...), units='height', win=Window(...), wrapWidth=1)
10.6360 	EXP 	Created pressSpace = TextStim(__class__=<class 'psychopy.visual.text.TextStim'>, alignHoriz=method-wrapper(...), alignText='center', alignVert=method-wrapper(...), anchorHoriz='center', anchorVert='center', antialias=True, autoLog=True, bold=False, color='black', colorSpace='named', contrast=1.0, depth=-3.0, flipHoriz=False, flipVert=False, font='Arial', fontFiles=[], height=0.05, italic=False, languageStyle='LTR', name='pressSpace', opacity=1.0, ori=0, pos=array([ 0. , -0.3]), rgb=array([0., 0., 0.]), text='PRESS SPACE to continue', units='height', win=Window(...), wrapWidth=1)
10.6710 	EXP 	Created instructionsLightBulb1_2 = ImageStim(__class__=<class 'psychopy.visual.image.ImageStim'>, autoLog=True, color=array([1., 1., 1.]), colorSpace='rgb', contrast=1.0, depth=0.0, flipHoriz=False, flipVert=False, image='lightBulb_OFF.png', interpolate=True, mask=None, maskParams=None, name='instructionsLightBulb1_2', opacity=1.0, ori=0.0, pos=array([-0.5,  0. ]), size=array([0.4, 0.4]), texRes=128, units='height', win=Window(...))
10.7072 	EXP 	Created instructionsLightBulb2_2 = ImageStim(__class__=<class 'psychopy.visual.image.ImageStim'>, autoLog=True, color=array([1., 1., 1.]), colorSpace='rgb', contrast=1.0, depth=-1.0, flipHoriz=False, flipVert=False, image='lightBulb_OFF.png', interpolate=True, mask=None, maskParams=None, name='instructionsLightBulb2_2', opacity=1.0, ori=0.0, pos=array([0.5, 0. ]), size=array([0.4, 0.4]), texRes=128, units='height', win=Window(...))
10.7127 	EXP 	Created instructionsText_2 = TextStim(__class__=<class 'psychopy.visual.text.TextStim'>, alignHoriz=method-wrapper(...), alignText='center', alignVert=method-wrapper(...), anchorHoriz='center', anchorVert='center', antialias=True, autoLog=True, bold=False, color='black', colorSpace='named', contrast=1.0, depth=-2.0, flipHoriz=False, flipVert=False, font='Arial', fontFiles=[], height=0.05, italic=False, languageStyle='LTR', name='instructionsText_2', opacity=1.0, ori=0, pos=array([0. , 0.3]), rgb=array([0., 0., 0.]), text='In each trial, the light bulbs will blink', units='height', win=Window(...), wrapWidth=1)
10.7163 	EXP 	Created pressSpace_2 = TextStim(__class__=<class 'psychopy.visual.text.TextStim'>, alignHoriz=method-wrapper(...), alignText='center', alignVert=method-wrapper(...), anchorHoriz='center', anchorVert='center', antialias=True, autoLog=True, bold=False, color='black', colorSpace='named', contrast=1.0, depth=-3.0, flipHoriz=False, flipVert=False, font='Arial', fontFiles=[], height=0.05, italic=False, languageStyle='LTR', name='pressSpace_2', opacity=1.0, ori=0, pos=array([ 0. , -0.3]), rgb=array([0., 0., 0.]), text='PRESS SPACE to continue', units='height', win=Window(...), wrapWidth=1)
10.7494 	EXP 	Created instructionsLightBulb1_3 = ImageStim(__class__=<class 'psychopy.visual.image.ImageStim'>, autoLog=True, color=array([1., 1., 1.]), colorSpace='rgb', contrast=1.0, depth=0.0, flipHoriz=False, flipVert=False, image='lightBulb_OFF.png', interpolate=True, mask=None, maskParams=None, name='instructionsLightBulb1_3', opacity=1.0, ori=0.0, pos=array([-0.5,  0. ]), size=array([0.4, 0.4]), texRes=128, units='height', win=Window(...))
10.7827 	EXP 	Created instructionsLightBulb2_3 = ImageStim(__class__=<class 'psychopy.visual.image.ImageStim'>, autoLog=True, color=array([1., 1., 1.]), colorSpace='rgb', contrast=1.0, depth=-1.0, flipHoriz=False, flipVert=False, image='lightBulb_OFF.png', interpolate=True, mask=None, maskParams=None, name='instructionsLightBulb2_3', opacity=1.0, ori=0.0, pos=array([0.5, 0. ]), size=array([0.4, 0.4]), texRes=128, units='height', win=Window(...))
10.7907 	EXP 	Created text_3 = TextStim(__class__=<class 'psychopy.visual.text.TextStim'>, alignHoriz=method-wrapper(...), alignText='center', alignVert=method-wrapper(...), anchorHoriz='center', anchorVert='center', antialias=True, autoLog=True, bold=False, color='black', colorSpace='named', contrast=1.0, depth=-2.0, flipHoriz=False, flipVert=False, font='Arial', fontFiles=[], height=0.05, italic=False, languageStyle='LTR', name='text_3', opacity=1.0, ori=0, pos=array([0. , 0.3]), rgb=array([0., 0., 0.]), text=str(...), units='height', win=Window(...), wrapWidth=1)
10.7944 	EXP 	Created pressSpace_3 = TextStim(__class__=<class 'psychopy.visual.text.TextStim'>, alignHoriz=method-wrapper(...), alignText='center', alignVert=method-wrapper(...), anchorHoriz='center', anchorVert='center', antialias=True, autoLog=True, bold=False, color='black', colorSpace='named', contrast=1.0, depth=-3.0, flipHoriz=False, flipVert=False, font='Arial', fontFiles=[], height=0.05, italic=False, languageStyle='LTR', name='pressSpace_3', opacity=1.0, ori=0, pos=array([ 0. , -0.3]), rgb=array([0., 0., 0.]), text='Press SPACE to see light bulb 1 blink', units='height', win=Window(...), wrapWidth=1)
10.8279 	EXP 	Created instructionsLightBulb1_4 = ImageStim(__class__=<class 'psychopy.visual.image.ImageStim'>, autoLog=True, color=array([1., 1., 1.]), colorSpace='rgb', contrast=1.0, depth=0.0, flipHoriz=False, flipVert=False, image='lightBulb_ON.png', interpolate=True, mask=None, maskParams=None, name='instructionsLightBulb1_4', opacity=1.0, ori=0.0, pos=array([-0.5,  0. ]), size=array([0.4, 0.4]), texRes=128, units='height', win=Window(...))
10.8596 	EXP 	Created instructionsLightBulb2_4 = ImageStim(__class__=<class 'psychopy.visual.image.ImageStim'>, autoLog=True, color=array([1., 1., 1.]), colorSpace='rgb', contrast=1.0, depth=-1.0, flipHoriz=False, flipVert=False, image='lightBulb_OFF.png', interpolate=True, mask=None, maskParams=None, name='instructionsLightBulb2_4', opacity=1.0, ori=0.0, pos=array([0.5, 0. ]), size=array([0.4, 0.4]), texRes=128, units='height', win=Window(...))
10.9109 	EXP 	Created instructionsLightBulb1_5 = ImageStim(__class__=<class 'psychopy.visual.image.ImageStim'>, autoLog=True, color=array([1., 1., 1.]), colorSpace='rgb', contrast=1.0, depth=0.0, flipHoriz=False, flipVert=False, image='lightBulb_OFF.png', interpolate=True, mask=None, maskParams=None, name='instructionsLightBulb1_5', opacity=1.0, ori=0.0, pos=array([-0.5,  0. ]), size=array([0.4, 0.4]), texRes=128, units='height', win=Window(...))
10.9647 	EXP 	Created instructionsLightBulb2_5 = ImageStim(__class__=<class 'psychopy.visual.image.ImageStim'>, autoLog=True, color=array([1., 1., 1.]), colorSpace='rgb', contrast=1.0, depth=-1.0, flipHoriz=False, flipVert=False, image='lightBulb_OFF.png', interpolate=True, mask=None, maskParams=None, name='instructionsLightBulb2_5', opacity=1.0, ori=0.0, pos=array([0.5, 0. ]), size=array([0.4, 0.4]), texRes=128, units='height', win=Window(...))
11.0139 	EXP 	Created instructionsLightBulb2_6 = ImageStim(__class__=<class 'psychopy.visual.image.ImageStim'>, autoLog=True, color=array([1., 1., 1.]), colorSpace='rgb', contrast=1.0, depth=-2.0, flipHoriz=False, flipVert=False, image='lightBulb_ON.png', interpolate=True, mask=None, maskParams=None, name='instructionsLightBulb2_6', opacity=1.0, ori=0.0, pos=array([0.5, 0. ]), size=array([0.4, 0.4]), texRes=128, units='height', win=Window(...))
11.0227 	EXP 	Created text_4 = TextStim(__class__=<class 'psychopy.visual.text.TextStim'>, alignHoriz=method-wrapper(...), alignText='center', alignVert=method-wrapper(...), anchorHoriz='center', anchorVert='center', antialias=True, autoLog=True, bold=False, color='black', colorSpace='named', contrast=1.0, depth=-3.0, flipHoriz=False, flipVert=False, font='Arial', fontFiles=[], height=0.05, italic=False, languageStyle='LTR', name='text_4', opacity=1.0, ori=0, pos=array([0. , 0.3]), rgb=array([0., 0., 0.]), text=str(...), units='height', win=Window(...), wrapWidth=1)
11.0259 	EXP 	Created pressSpace_4 = TextStim(__class__=<class 'psychopy.visual.text.TextStim'>, alignHoriz=method-wrapper(...), alignText='center', alignVert=method-wrapper(...), anchorHoriz='center', anchorVert='center', antialias=True, autoLog=True, bold=False, color='black', colorSpace='named', contrast=1.0, depth=-4.0, flipHoriz=False, flipVert=False, font='Arial', fontFiles=[], height=0.05, italic=False, languageStyle='LTR', name='pressSpace_4', opacity=1.0, ori=0, pos=array([ 0. , -0.3]), rgb=array([0., 0., 0.]), text='Press SPACE to continue', units='height', win=Window(...), wrapWidth=1)
11.0387 	EXP 	Created text_2 = TextStim(__class__=<class 'psychopy.visual.text.TextStim'>, alignHoriz=method-wrapper(...), alignText='center', alignVert=method-wrapper(...), anchorHoriz='center', anchorVert='center', antialias=True, autoLog=True, bold=False, color='black', colorSpace='named', contrast=1.0, depth=0.0, flipHoriz=False, flipVert=False, font='Arial', fontFiles=[], height=0.07, italic=False, languageStyle='LTR', name='text_2', opacity=1.0, ori=0, pos=array([0., 0.]), rgb=array([0., 0., 0.]), text=str(...), units='height', win=Window(...), wrapWidth=1)
11.0467 	EXP 	Created text_5 = TextStim(__class__=<class 'psychopy.visual.text.TextStim'>, alignHoriz=method-wrapper(...), alignText='center', alignVert=method-wrapper(...), anchorHoriz='center', anchorVert='center', antialias=True, autoLog=True, bold=False, color='black', colorSpace='named', contrast=1.0, depth=-1.0, flipHoriz=False, flipVert=False, font='Arial', fontFiles=[], height=0.07, italic=False, languageStyle='LTR', name='text_5', opacity=1.0, ori=0, pos=array([ 0. , -0.3]), rgb=array([0., 0., 0.]), text='press SPACEBAR to hear this sound', units='height', win=Window(...), wrapWidth=1)
11.0787 	EXP 	Created lightBulbOFF = ImageStim(__class__=<class 'psychopy.visual.image.ImageStim'>, autoLog=True, color=array([1., 1., 1.]), colorSpace='rgb', contrast=1.0, depth=-1.0, flipHoriz=False, flipVert=False, image='lightBulb_OFF.png', interpolate=True, mask=None, maskParams=None, name='lightBulbOFF', opacity=1.0, ori=0.0, pos=array([0., 0.]), size=array([0.5, 0.5]), texRes=128, units='height', win=Window(...))
11.1130 	EXP 	Created lightBulbON = ImageStim(__class__=<class 'psychopy.visual.image.ImageStim'>, autoLog=True, color=array([1., 1., 1.]), colorSpace='rgb', contrast=1.0, depth=-2.0, flipHoriz=False, flipVert=False, image='lightBulb_ON.png', interpolate=True, mask=None, maskParams=None, name='lightBulbON', opacity=1.0, ori=0.0, pos=array([0., 0.]), size=array([0.5, 0.5]), texRes=128, units='height', win=Window(...))
11.1247 	EXP 	Sound sound_1 set volume 1.000
11.1563 	EXP 	Created instructions_8_firstLine = TextStim(__class__=<class 'psychopy.visual.text.TextStim'>, alignHoriz=method-wrapper(...), alignText='center', alignVert=method-wrapper(...), anchorHoriz='center', anchorVert='center', antialias=True, autoLog=True, bold=False, color='black', colorSpace='named', contrast=1.0, depth=0.0, flipHoriz=False, flipVert=False, font='Arial', fontFiles=[], height=0.04, italic=False, languageStyle='LTR', name='instructions_8_firstLine', opacity=1.0, ori=0, pos=array([0. , 0.2]), rgb=array([0., 0., 0.]), text=str(...), units='height', win=Window(...), wrapWidth=1)
11.1668 	EXP 	Created text_8 = TextStim(__class__=<class 'psychopy.visual.text.TextStim'>, alignHoriz=method-wrapper(...), alignText='center', alignVert=method-wrapper(...), anchorHoriz='center', anchorVert='center', antialias=True, autoLog=True, bold=False, color='black', colorSpace='named', contrast=1.0, depth=-1.0, flipHoriz=False, flipVert=False, font='Arial', fontFiles=[], height=0.04, italic=False, languageStyle='LTR', name='text_8', opacity=1.0, ori=0, pos=array([0. , 0.1]), rgb=array([0., 0., 0.]), text=str(...), units='height', win=Window(...), wrapWidth=1)
11.1767 	EXP 	Created text_9 = TextStim(__class__=<class 'psychopy.visual.text.TextStim'>, alignHoriz=method-wrapper(...), alignText='center', alignVert=method-wrapper(...), anchorHoriz='center', anchorVert='center', antialias=True, autoLog=True, bold=False, color='black', colorSpace='named', contrast=1.0, depth=-2.0, flipHoriz=False, flipVert=False, font='Arial', fontFiles=[], height=0.04, italic=False, languageStyle='LTR', name='text_9', opacity=1.0, ori=0, pos=array([ 0.  , -0.02]), rgb=array([0., 0., 0.]), text=str(...), units='height', win=Window(...), wrapWidth=1)
11.1806 	EXP 	Created instructions_8_pressP = TextStim(__class__=<class 'psychopy.visual.text.TextStim'>, alignHoriz=method-wrapper(...), alignText='center', alignVert=method-wrapper(...), anchorHoriz='center', anchorVert='center', antialias=True, autoLog=True, bold=False, color='black', colorSpace='named', contrast=1.0, depth=-3.0, flipHoriz=False, flipVert=False, font='Arial', fontFiles=[], height=0.04, italic=False, languageStyle='LTR', name='instructions_8_pressP', opacity=1.0, ori=0, pos=array([ 0. , -0.3]), rgb=array([0., 0., 0.]), text="press 'p' to begin the practice trials!", units='height', win=Window(...), wrapWidth=1)
11.1912 	EXP 	Created text_6 = TextStim(__class__=<class 'psychopy.visual.text.TextStim'>, alignHoriz=method-wrapper(...), alignText='center', alignVert=method-wrapper(...), anchorHoriz='center', anchorVert='center', antialias=True, autoLog=True, bold=False, color='black', colorSpace='named', contrast=1.0, depth=-1.0, flipHoriz=False, flipVert=False, font='Arial', fontFiles=[], height=0.1, italic=False, languageStyle='LTR', name='text_6', opacity=1.0, ori=0, pos=array([0., 0.]), rgb=array([0., 0., 0.]), text='+', units='height', win=Window(...), wrapWidth=1)
11.1942 	EXP 	Created firstVisualStimulus_2 = TextStim(__class__=<class 'psychopy.visual.text.TextStim'>, alignHoriz=method-wrapper(...), alignText='center', alignVert=method-wrapper(...), anchorHoriz='center', anchorVert='center', antialias=True, autoLog=True, bold=False, color='black', colorSpace='named', contrast=1.0, depth=-1.0, flipHoriz=False, flipVert=False, font='Arial', fontFiles=[], height=0.1, italic=False, languageStyle='LTR', name='firstVisualStimulus_2', opacity=1.0, ori=0, pos=array([0., 0.]), rgb=array([0., 0., 0.]), text='1', units='height', win=Window(...), wrapWidth=1)
11.1942 	EXP 	Sound firstChoiceProbeTone_2 set volume 1.000
11.2261 	EXP 	Created firstChoiceLeftStimulus_2 = ImageStim(__class__=<class 'psychopy.visual.image.ImageStim'>, autoLog=True, color=array([1., 1., 1.]), colorSpace='rgb', contrast=1.0, depth=-3.0, flipHoriz=False, flipVert=False, image='lightBulb_ON.png', interpolate=True, mask=None, maskParams=None, name='firstChoiceLeftStimulus_2', opacity=1.0, ori=0.0, pos=array([-0.5,  0. ]), size=array([0.4, 0.4]), texRes=128, units='height', win=Window(...))
11.2584 	EXP 	Created firstChoiceRightStimulus_2 = ImageStim(__class__=<class 'psychopy.visual.image.ImageStim'>, autoLog=True, color=array([1., 1., 1.]), colorSpace='rgb', contrast=1.0, depth=-4.0, flipHoriz=False, flipVert=False, image='lightBulb_OFF.png', interpolate=True, mask=None, maskParams=None, name='firstChoiceRightStimulus_2', opacity=1.0, ori=0.0, pos=array([0.5, 0. ]), size=array([0.4, 0.4]), texRes=128, units='height', win=Window(...))
11.2637 	EXP 	Created ISIVisualStimulus_3 = TextStim(__class__=<class 'psychopy.visual.text.TextStim'>, alignHoriz=method-wrapper(...), alignText='center', alignVert=method-wrapper(...), anchorHoriz='center', anchorVert='center', antialias=True, autoLog=True, bold=False, color='black', colorSpace='named', contrast=1.0, depth=0.0, flipHoriz=False, flipVert=False, font='Arial', fontFiles=[], height=0.1, italic=False, languageStyle='LTR', name='ISIVisualStimulus_3', opacity=1.0, ori=0, pos=array([0., 0.]), rgb=array([0., 0., 0.]), text='ISI', units='height', win=Window(...), wrapWidth=1)
11.2982 	EXP 	Created rightStimulus_3 = ImageStim(__class__=<class 'psychopy.visual.image.ImageStim'>, autoLog=True, color=array([1., 1., 1.]), colorSpace='rgb', contrast=1.0, depth=-1.0, flipHoriz=False, flipVert=False, image='lightBulb_OFF.png', interpolate=True, mask=None, maskParams=None, name='rightStimulus_3', opacity=1.0, ori=0.0, pos=array([0.5, 0. ]), size=array([0.4, 0.4]), texRes=128, units='height', win=Window(...))
11.3327 	EXP 	Created leftStimulus_3 = ImageStim(__class__=<class 'psychopy.visual.image.ImageStim'>, autoLog=True, color=array([1., 1., 1.]), colorSpace='rgb', contrast=1.0, depth=-2.0, flipHoriz=False, flipVert=False, image='lightBulb_OFF.png', interpolate=True, mask=None, maskParams=None, name='leftStimulus_3', opacity=1.0, ori=0.0, pos=array([-0.5,  0. ]), size=array([0.4, 0.4]), texRes=128, units='height', win=Window(...))
11.3361 	EXP 	Created secondVisualStimulus_2 = TextStim(__class__=<class 'psychopy.visual.text.TextStim'>, alignHoriz=method-wrapper(...), alignText='center', alignVert=method-wrapper(...), anchorHoriz='center', anchorVert='center', antialias=True, autoLog=True, bold=False, color='black', colorSpace='named', contrast=1.0, depth=-1.0, flipHoriz=False, flipVert=False, font='Arial', fontFiles=[], height=0.1, italic=False, languageStyle='LTR', name='secondVisualStimulus_2', opacity=1.0, ori=0, pos=array([0., 0.]), rgb=array([0., 0., 0.]), text='2', units='height', win=Window(...), wrapWidth=1)
11.3362 	EXP 	Sound secondChoiceTone_2 set volume 1.000
11.3684 	EXP 	Created secondChoiceLeftStimulus_2 = ImageStim(__class__=<class 'psychopy.visual.image.ImageStim'>, autoLog=True, color=array([1., 1., 1.]), colorSpace='rgb', contrast=1.0, depth=-3.0, flipHoriz=False, flipVert=False, image='lightBulb_OFF.png', interpolate=True, mask=None, maskParams=None, name='secondChoiceLeftStimulus_2', opacity=1.0, ori=0.0, pos=array([-0.5,  0. ]), size=array([0.4, 0.4]), texRes=128, units='height', win=Window(...))
11.3998 	EXP 	Created secondChoiceRightStimulus_2 = ImageStim(__class__=<class 'psychopy.visual.image.ImageStim'>, autoLog=True, color=array([1., 1., 1.]), colorSpace='rgb', contrast=1.0, depth=-4.0, flipHoriz=False, flipVert=False, image='lightBulb_ON.png', interpolate=True, mask=None, maskParams=None, name='secondChoiceRightStimulus_2', opacity=1.0, ori=0.0, pos=array([0.5, 0. ]), size=array([0.4, 0.4]), texRes=128, units='height', win=Window(...))
11.4269 	EXP 	Created decisionTextProbe_2 = TextStim(__class__=<class 'psychopy.visual.text.TextStim'>, alignHoriz=method-wrapper(...), alignText='center', alignVert=method-wrapper(...), anchorHoriz='center', anchorVert='center', antialias=True, autoLog=True, bold=False, color='black', colorSpace='named', contrast=1.0, depth=-1.0, flipHoriz=False, flipVert=False, font='Arial', fontFiles=[], height=0.1, italic=False, languageStyle='LTR', name='decisionTextProbe_2', opacity=1.0, ori=0, pos=array([0., 0.]), rgb=array([0., 0., 0.]), text=str(...), units='height', win=Window(...), wrapWidth=1)
11.4350 	EXP 	Created feedbackText_2 = TextStim(__class__=<class 'psychopy.visual.text.TextStim'>, alignHoriz=method-wrapper(...), alignText='center', alignVert=method-wrapper(...), anchorHoriz='center', anchorVert='center', antialias=True, autoLog=True, bold=False, color='black', colorSpace='named', contrast=1.0, depth=-1.0, flipHoriz=False, flipVert=False, font='Arial', fontFiles=[], height=0.1, italic=False, languageStyle='LTR', name='feedbackText_2', opacity=1.0, ori=0, pos=array([0., 0.]), rgb=array([0., 0., 0.]), text='default text', units='height', win=Window(...), wrapWidth=1)
11.4566 	EXP 	Created text_7 = TextStim(__class__=<class 'psychopy.visual.text.TextStim'>, alignHoriz=method-wrapper(...), alignText='center', alignVert=method-wrapper(...), anchorHoriz='center', anchorVert='center', antialias=True, autoLog=True, bold=False, color='black', colorSpace='named', contrast=1.0, depth=0.0, flipHoriz=False, flipVert=False, font='Arial', fontFiles=[], height=0.05, italic=False, languageStyle='LTR', name='text_7', opacity=1.0, ori=0, pos=array([0., 0.]), rgb=array([0., 0., 0.]), text=str(...), units='height', win=Window(...), wrapWidth=1)
11.4827 	EXP 	Created text_10 = TextStim(__class__=<class 'psychopy.visual.text.TextStim'>, alignHoriz=method-wrapper(...), alignText='center', alignVert=method-wrapper(...), anchorHoriz='center', anchorVert='center', antialias=True, autoLog=True, bold=False, color='black', colorSpace='named', contrast=1.0, depth=0.0, flipHoriz=False, flipVert=False, font='Arial', fontFiles=[], height=0.05, italic=False, languageStyle='LTR', name='text_10', opacity=1.0, ori=0, pos=array([0., 0.]), rgb=array([0., 0., 0.]), text=str(...), units='height', win=Window(...), wrapWidth=1)
11.4853 	EXP 	Created firstITI = TextStim(__class__=<class 'psychopy.visual.text.TextStim'>, alignHoriz=method-wrapper(...), alignText='center', alignVert=method-wrapper(...), anchorHoriz='center', anchorVert='center', antialias=True, autoLog=True, bold=False, color='black', colorSpace='named', contrast=1.0, depth=-1.0, flipHoriz=False, flipVert=False, font='Arial', fontFiles=[], height=0.1, italic=False, languageStyle='LTR', name='firstITI', opacity=1.0, ori=0, pos=array([0., 0.]), rgb=array([0., 0., 0.]), text='+', units='height', win=Window(...), wrapWidth=1)
11.4870 	EXP 	Created text = TextStim(__class__=<class 'psychopy.visual.text.TextStim'>, alignHoriz=method-wrapper(...), alignText='center', alignVert=method-wrapper(...), anchorHoriz='center', anchorVert='center', antialias=True, autoLog=True, bold=False, color='black', colorSpace='named', contrast=1.0, depth=0.0, flipHoriz=False, flipVert=False, font='Arial', fontFiles=[], height=0.1, italic=False, languageStyle='LTR', name='text', opacity=1.0, ori=0, pos=array([0., 0.]), rgb=array([0., 0., 0.]), text='+', units='height', win=Window(...), wrapWidth=1)
11.4892 	EXP 	Created firstVisualStimulus = TextStim(__class__=<class 'psychopy.visual.text.TextStim'>, alignHoriz=method-wrapper(...), alignText='center', alignVert=method-wrapper(...), anchorHoriz='center', anchorVert='center', antialias=True, autoLog=True, bold=False, color='black', colorSpace='named', contrast=1.0, depth=-1.0, flipHoriz=False, flipVert=False, font='Arial', fontFiles=[], height=0.1, italic=False, languageStyle='LTR', name='firstVisualStimulus', opacity=1.0, ori=0, pos=array([0., 0.]), rgb=array([0., 0., 0.]), text='1', units='height', win=Window(...), wrapWidth=1)
11.4910 	EXP 	Sound firstChoiceNoise set volume 1.000
11.4910 	EXP 	Sound firstChoiceProbeTone set volume 1.000
11.5173 	EXP 	Created firstChoiceLeftStimulus = ImageStim(__class__=<class 'psychopy.visual.image.ImageStim'>, autoLog=True, color=array([1., 1., 1.]), colorSpace='rgb', contrast=1.0, depth=-4.0, flipHoriz=False, flipVert=False, image='lightBulb_ON.png', interpolate=True, mask=None, maskParams=None, name='firstChoiceLeftStimulus', opacity=1.0, ori=0.0, pos=array([-0.5,  0. ]), size=array([0.4, 0.4]), texRes=128, units='height', win=Window(...))
11.5535 	EXP 	Created firstChoiceRightStimulus = ImageStim(__class__=<class 'psychopy.visual.image.ImageStim'>, autoLog=True, color=array([1., 1., 1.]), colorSpace='rgb', contrast=1.0, depth=-5.0, flipHoriz=False, flipVert=False, image='lightBulb_OFF.png', interpolate=True, mask=None, maskParams=None, name='firstChoiceRightStimulus', opacity=1.0, ori=0.0, pos=array([0.5, 0. ]), size=array([0.4, 0.4]), texRes=128, units='height', win=Window(...))
11.5567 	EXP 	Created ISIVisualStimulus = TextStim(__class__=<class 'psychopy.visual.text.TextStim'>, alignHoriz=method-wrapper(...), alignText='center', alignVert=method-wrapper(...), anchorHoriz='center', anchorVert='center', antialias=True, autoLog=True, bold=False, color='black', colorSpace='named', contrast=1.0, depth=0.0, flipHoriz=False, flipVert=False, font='Arial', fontFiles=[], height=0.1, italic=False, languageStyle='LTR', name='ISIVisualStimulus', opacity=1.0, ori=0, pos=array([0., 0.]), rgb=array([0., 0., 0.]), text='ISI', units='height', win=Window(...), wrapWidth=1)
11.5896 	EXP 	Created rightStimulus = ImageStim(__class__=<class 'psychopy.visual.image.ImageStim'>, autoLog=True, color=array([1., 1., 1.]), colorSpace='rgb', contrast=1.0, depth=-1.0, flipHoriz=False, flipVert=False, image='lightBulb_OFF.png', interpolate=True, mask=None, maskParams=None, name='rightStimulus', opacity=1.0, ori=0.0, pos=array([0.5, 0. ]), size=array([0.4, 0.4]), texRes=128, units='height', win=Window(...))
11.6233 	EXP 	Created leftStimulus = ImageStim(__class__=<class 'psychopy.visual.image.ImageStim'>, autoLog=True, color=array([1., 1., 1.]), colorSpace='rgb', contrast=1.0, depth=-2.0, flipHoriz=False, flipVert=False, image='lightBulb_OFF.png', interpolate=True, mask=None, maskParams=None, name='leftStimulus', opacity=1.0, ori=0.0, pos=array([-0.5,  0. ]), size=array([0.4, 0.4]), texRes=128, units='height', win=Window(...))
11.6260 	EXP 	Created secondVisualStimulus = TextStim(__class__=<class 'psychopy.visual.text.TextStim'>, alignHoriz=method-wrapper(...), alignText='center', alignVert=method-wrapper(...), anchorHoriz='center', anchorVert='center', antialias=True, autoLog=True, bold=False, color='black', colorSpace='named', contrast=1.0, depth=-1.0, flipHoriz=False, flipVert=False, font='Arial', fontFiles=[], height=0.1, italic=False, languageStyle='LTR', name='secondVisualStimulus', opacity=1.0, ori=0, pos=array([0., 0.]), rgb=array([0., 0., 0.]), text='2', units='height', win=Window(...), wrapWidth=1)
11.6277 	EXP 	Sound secondChoiceNoise set volume 1.000
11.6278 	EXP 	Sound secondChoiceTone set volume 1.000
11.6610 	EXP 	Created secondChoiceLeftStimulus = ImageStim(__class__=<class 'psychopy.visual.image.ImageStim'>, autoLog=True, color=array([1., 1., 1.]), colorSpace='rgb', contrast=1.0, depth=-4.0, flipHoriz=False, flipVert=False, image='lightBulb_OFF.png', interpolate=True, mask=None, maskParams=None, name='secondChoiceLeftStimulus', opacity=1.0, ori=0.0, pos=array([-0.5,  0. ]), size=array([0.4, 0.4]), texRes=128, units='height', win=Window(...))
11.6961 	EXP 	Created secondChoiceRightStimulus = ImageStim(__class__=<class 'psychopy.visual.image.ImageStim'>, autoLog=True, color=array([1., 1., 1.]), colorSpace='rgb', contrast=1.0, depth=-5.0, flipHoriz=False, flipVert=False, image='lightBulb_ON.png', interpolate=True, mask=None, maskParams=None, name='secondChoiceRightStimulus', opacity=1.0, ori=0.0, pos=array([0.5, 0. ]), size=array([0.4, 0.4]), texRes=128, units='height', win=Window(...))
11.7046 	EXP 	Created decisionTextProbe = TextStim(__class__=<class 'psychopy.visual.text.TextStim'>, alignHoriz=method-wrapper(...), alignText='center', alignVert=method-wrapper(...), anchorHoriz='center', anchorVert='center', antialias=True, autoLog=True, bold=False, color='black', colorSpace='named', contrast=1.0, depth=-1.0, flipHoriz=False, flipVert=False, font='Arial', fontFiles=[], height=0.1, italic=False, languageStyle='LTR', name='decisionTextProbe', opacity=1.0, ori=0, pos=array([0., 0.]), rgb=array([0., 0., 0.]), text=str(...), units='height', win=Window(...), wrapWidth=1)
11.7088 	EXP 	Created feedbackText = TextStim(__class__=<class 'psychopy.visual.text.TextStim'>, alignHoriz=method-wrapper(...), alignText='center', alignVert=method-wrapper(...), anchorHoriz='center', anchorVert='center', antialias=True, autoLog=True, bold=False, color='black', colorSpace='named', contrast=1.0, depth=-1.0, flipHoriz=False, flipVert=False, font='Arial', fontFiles=[], height=0.1, italic=False, languageStyle='LTR', name='feedbackText', opacity=1.0, ori=0, pos=array([0., 0.]), rgb=array([0., 0., 0.]), text='default text', units='height', win=Window(...), wrapWidth=1)
11.7400 	EXP 	welcomeText: autoDraw = True
13.0339 	DATA 	Keypress: space
13.0375 	EXP 	welcomeText: autoDraw = False
13.0375 	EXP 	instructionsLightBulb1: autoDraw = True
13.0375 	EXP 	instructionsLightBulb2: autoDraw = True
13.0375 	EXP 	instructionsText: autoDraw = True
13.0375 	EXP 	pressSpace: autoDraw = True
13.5989 	DATA 	Keypress: space
13.6025 	EXP 	instructionsLightBulb1: autoDraw = False
13.6025 	EXP 	instructionsLightBulb2: autoDraw = False
13.6025 	EXP 	instructionsText: autoDraw = False
13.6025 	EXP 	pressSpace: autoDraw = False
13.6025 	EXP 	instructionsLightBulb1_2: autoDraw = True
13.6025 	EXP 	instructionsLightBulb2_2: autoDraw = True
13.6025 	EXP 	instructionsText_2: autoDraw = True
13.6025 	EXP 	pressSpace_2: autoDraw = True
13.9947 	DATA 	Keypress: space
13.9984 	EXP 	instructionsLightBulb1_2: autoDraw = False
13.9984 	EXP 	instructionsLightBulb2_2: autoDraw = False
13.9984 	EXP 	instructionsText_2: autoDraw = False
13.9984 	EXP 	pressSpace_2: autoDraw = False
13.9984 	EXP 	instructionsLightBulb1_3: autoDraw = True
13.9984 	EXP 	instructionsLightBulb2_3: autoDraw = True
13.9984 	EXP 	text_3: autoDraw = True
13.9984 	EXP 	pressSpace_3: autoDraw = True
14.7120 	DATA 	Keypress: space
14.7153 	EXP 	instructionsLightBulb1_3: autoDraw = False
14.7153 	EXP 	instructionsLightBulb2_3: autoDraw = False
14.7153 	EXP 	text_3: autoDraw = False
14.7153 	EXP 	pressSpace_3: autoDraw = False
14.7153 	EXP 	instructionsLightBulb1_4: autoDraw = True
14.7153 	EXP 	instructionsLightBulb2_4: autoDraw = True
15.7307 	EXP 	instructionsLightBulb1_4: autoDraw = False
15.7307 	EXP 	instructionsLightBulb2_4: autoDraw = False
15.7307 	EXP 	instructionsLightBulb1_5: autoDraw = True
15.7307 	EXP 	instructionsLightBulb2_5: autoDraw = True
15.7307 	EXP 	text_4: autoDraw = True
18.6569 	EXP 	instructionsLightBulb2_6: autoDraw = True
18.7408 	EXP 	instructionsLightBulb2_5: autoDraw = False
19.6573 	EXP 	pressSpace_4: autoDraw = True
20.9827 	DATA 	Keypress: space
20.9924 	EXP 	instructionsLightBulb1_5: autoDraw = False
20.9924 	EXP 	instructionsLightBulb2_5: autoDraw = False
20.9924 	EXP 	instructionsLightBulb2_6: autoDraw = False
20.9924 	EXP 	text_4: autoDraw = False
20.9924 	EXP 	pressSpace_4: autoDraw = False
20.9924 	EXP 	text_2: autoDraw = True
22.9778 	EXP 	text_5: autoDraw = True
23.8027 	DATA 	Keypress: space
23.8117 	EXP 	text_2: autoDraw = False
23.8117 	EXP 	text_5: autoDraw = False
23.8117 	EXP 	lightBulbOFF: autoDraw = True
25.7972 	EXP 	lightBulbON: autoDraw = True
25.8138 	EXP 	lightBulbOFF: autoDraw = False
26.7981 	EXP 	lightBulbON: autoDraw = False
26.7981 	EXP 	lightBulbOFF: autoDraw = False
26.7981 	EXP 	lightBulbON: autoDraw = False
26.7981 	EXP 	instructions_8_firstLine: autoDraw = True
28.4025 	DATA 	Keypress: space
28.7841 	EXP 	text_8: autoDraw = True
30.7686 	EXP 	text_9: autoDraw = True
32.7709 	EXP 	instructions_8_pressP: autoDraw = True
33.1924 	DATA 	Keypress: space
34.0998 	DEBUG 	Read Excel file with pandas: practiceConditionsFile.xlsx
34.1012 	DEBUG 	Clearing unnamed columns from practiceConditionsFile.xlsx
34.1014 	EXP 	Imported practiceConditionsFile.xlsx as conditions, 5 conditions, 1 params
34.1017 	EXP 	Created sequence: sequential, trialTypes=5, nReps=1, seed=None
34.1019 	EXP 	New trial (rep=0, index=0): OrderedDict([('condition', 1)])
34.1045 	DATA 	Keypress: p
34.1070 	EXP 	instructions_8_firstLine: autoDraw = False
34.1070 	EXP 	text_8: autoDraw = False
34.1070 	EXP 	text_9: autoDraw = False
34.1070 	EXP 	instructions_8_pressP: autoDraw = False
34.1070 	EXP 	text_6: autoDraw = True
37.0750 	EXP 	text_6: autoDraw = False
37.0750 	EXP 	firstVisualStimulus_2: autoDraw = True
37.0750 	EXP 	firstChoiceLeftStimulus_2: autoDraw = True
37.0750 	EXP 	firstChoiceRightStimulus_2: autoDraw = True
37.4326 	EXP 	firstVisualStimulus_2: autoDraw = False
37.4326 	EXP 	firstChoiceLeftStimulus_2: autoDraw = False
37.4326 	EXP 	firstChoiceRightStimulus_2: autoDraw = False
37.4326 	EXP 	firstVisualStimulus_2: autoDraw = False
37.4326 	EXP 	firstChoiceLeftStimulus_2: autoDraw = False
37.4326 	EXP 	firstChoiceRightStimulus_2: autoDraw = False
37.4326 	EXP 	ISIVisualStimulus_3: autoDraw = True
37.4326 	EXP 	rightStimulus_3: autoDraw = True
37.4326 	EXP 	leftStimulus_3: autoDraw = True
40.4703 	EXP 	ISIVisualStimulus_3: autoDraw = False
40.4703 	EXP 	rightStimulus_3: autoDraw = False
40.4703 	EXP 	leftStimulus_3: autoDraw = False
40.4703 	EXP 	secondVisualStimulus_2: autoDraw = True
40.4703 	EXP 	secondChoiceLeftStimulus_2: autoDraw = True
40.4703 	EXP 	secondChoiceRightStimulus_2: autoDraw = True
40.7954 	EXP 	secondVisualStimulus_2: autoDraw = False
40.7954 	EXP 	secondChoiceLeftStimulus_2: autoDraw = False
40.7954 	EXP 	secondChoiceRightStimulus_2: autoDraw = False
40.7954 	EXP 	secondVisualStimulus_2: autoDraw = False
40.7954 	EXP 	secondChoiceLeftStimulus_2: autoDraw = False
40.7954 	EXP 	secondChoiceRightStimulus_2: autoDraw = False
40.7954 	EXP 	decisionTextProbe_2: autoDraw = True
41.0234 	DATA 	Keypress: 1
41.0288 	EXP 	decisionTextProbe_2: autoDraw = False
41.0288 	EXP 	feedbackText_2: text = 'Correct'
41.0288 	EXP 	feedbackText_2: autoDraw = True
42.0159 	EXP 	New trial (rep=0, index=1): OrderedDict([('condition', 2)])
42.0301 	EXP 	feedbackText_2: autoDraw = False
42.0301 	EXP 	feedbackText_2: autoDraw = False
42.0301 	EXP 	text_6: autoDraw = True
45.0328 	EXP 	text_6: autoDraw = False
45.0328 	EXP 	text_6: autoDraw = False
45.0328 	EXP 	firstVisualStimulus_2: autoDraw = True
45.0328 	EXP 	firstChoiceLeftStimulus_2: autoDraw = True
45.0328 	EXP 	firstChoiceRightStimulus_2: autoDraw = True
45.3664 	EXP 	firstVisualStimulus_2: autoDraw = False
45.3664 	EXP 	firstChoiceLeftStimulus_2: autoDraw = False
45.3664 	EXP 	firstChoiceRightStimulus_2: autoDraw = False
45.3664 	EXP 	firstVisualStimulus_2: autoDraw = False
45.3664 	EXP 	firstChoiceLeftStimulus_2: autoDraw = False
45.3664 	EXP 	firstChoiceRightStimulus_2: autoDraw = False
45.3664 	EXP 	ISIVisualStimulus_3: autoDraw = True
45.3664 	EXP 	rightStimulus_3: autoDraw = True
45.3664 	EXP 	leftStimulus_3: autoDraw = True
48.3700 	EXP 	ISIVisualStimulus_3: autoDraw = False
48.3700 	EXP 	rightStimulus_3: autoDraw = False
48.3700 	EXP 	leftStimulus_3: autoDraw = False
48.3700 	EXP 	secondVisualStimulus_2: autoDraw = True
48.3700 	EXP 	secondChoiceLeftStimulus_2: autoDraw = True
48.3700 	EXP 	secondChoiceRightStimulus_2: autoDraw = True
48.7041 	EXP 	secondVisualStimulus_2: autoDraw = False
48.7041 	EXP 	secondChoiceLeftStimulus_2: autoDraw = False
48.7041 	EXP 	secondChoiceRightStimulus_2: autoDraw = False
48.7041 	EXP 	secondVisualStimulus_2: autoDraw = False
48.7041 	EXP 	secondChoiceLeftStimulus_2: autoDraw = False
48.7041 	EXP 	secondChoiceRightStimulus_2: autoDraw = False
48.7041 	EXP 	decisionTextProbe_2: autoDraw = True
49.0800 	DATA 	Keypress: 1
49.0869 	EXP 	decisionTextProbe_2: autoDraw = False
49.0869 	EXP 	feedbackText_2: text = 'Incorrect'
49.0869 	EXP 	feedbackText_2: autoDraw = True
50.0742 	EXP 	New trial (rep=0, index=2): OrderedDict([('condition', 1)])
50.0885 	EXP 	feedbackText_2: autoDraw = False
50.0885 	EXP 	feedbackText_2: autoDraw = False
50.0885 	EXP 	text_6: autoDraw = True
53.0914 	EXP 	text_6: autoDraw = False
53.0914 	EXP 	text_6: autoDraw = False
53.0914 	EXP 	firstVisualStimulus_2: autoDraw = True
53.0914 	EXP 	firstChoiceLeftStimulus_2: autoDraw = True
53.0914 	EXP 	firstChoiceRightStimulus_2: autoDraw = True
53.4247 	EXP 	firstVisualStimulus_2: autoDraw = False
53.4247 	EXP 	firstChoiceLeftStimulus_2: autoDraw = False
53.4247 	EXP 	firstChoiceRightStimulus_2: autoDraw = False
53.4247 	EXP 	firstVisualStimulus_2: autoDraw = False
53.4247 	EXP 	firstChoiceLeftStimulus_2: autoDraw = False
53.4247 	EXP 	firstChoiceRightStimulus_2: autoDraw = False
53.4247 	EXP 	ISIVisualStimulus_3: autoDraw = True
53.4247 	EXP 	rightStimulus_3: autoDraw = True
53.4247 	EXP 	leftStimulus_3: autoDraw = True
56.4276 	EXP 	ISIVisualStimulus_3: autoDraw = False
56.4276 	EXP 	rightStimulus_3: autoDraw = False
56.4276 	EXP 	leftStimulus_3: autoDraw = False
56.4276 	EXP 	secondVisualStimulus_2: autoDraw = True
56.4276 	EXP 	secondChoiceLeftStimulus_2: autoDraw = True
56.4276 	EXP 	secondChoiceRightStimulus_2: autoDraw = True
56.7613 	EXP 	secondVisualStimulus_2: autoDraw = False
56.7613 	EXP 	secondChoiceLeftStimulus_2: autoDraw = False
56.7613 	EXP 	secondChoiceRightStimulus_2: autoDraw = False
56.7613 	EXP 	secondVisualStimulus_2: autoDraw = False
56.7613 	EXP 	secondChoiceLeftStimulus_2: autoDraw = False
56.7613 	EXP 	secondChoiceRightStimulus_2: autoDraw = False
56.7613 	EXP 	decisionTextProbe_2: autoDraw = True
57.5375 	DATA 	Keypress: 1
57.5452 	EXP 	decisionTextProbe_2: autoDraw = False
57.5452 	EXP 	feedbackText_2: text = 'Correct'
57.5452 	EXP 	feedbackText_2: autoDraw = True
58.5318 	EXP 	New trial (rep=0, index=3): OrderedDict([('condition', 2)])
58.5463 	EXP 	feedbackText_2: autoDraw = False
58.5463 	EXP 	feedbackText_2: autoDraw = False
58.5463 	EXP 	text_6: autoDraw = True
61.5493 	EXP 	text_6: autoDraw = False
61.5493 	EXP 	text_6: autoDraw = False
61.5493 	EXP 	firstVisualStimulus_2: autoDraw = True
61.5493 	EXP 	firstChoiceLeftStimulus_2: autoDraw = True
61.5493 	EXP 	firstChoiceRightStimulus_2: autoDraw = True
61.8838 	EXP 	firstVisualStimulus_2: autoDraw = False
61.8838 	EXP 	firstChoiceLeftStimulus_2: autoDraw = False
61.8838 	EXP 	firstChoiceRightStimulus_2: autoDraw = False
61.8838 	EXP 	firstVisualStimulus_2: autoDraw = False
61.8838 	EXP 	firstChoiceLeftStimulus_2: autoDraw = False
61.8838 	EXP 	firstChoiceRightStimulus_2: autoDraw = False
61.8838 	EXP 	ISIVisualStimulus_3: autoDraw = True
61.8838 	EXP 	rightStimulus_3: autoDraw = True
61.8838 	EXP 	leftStimulus_3: autoDraw = True
64.8861 	EXP 	ISIVisualStimulus_3: autoDraw = False
64.8861 	EXP 	rightStimulus_3: autoDraw = False
64.8861 	EXP 	leftStimulus_3: autoDraw = False
64.8861 	EXP 	secondVisualStimulus_2: autoDraw = True
64.8861 	EXP 	secondChoiceLeftStimulus_2: autoDraw = True
64.8861 	EXP 	secondChoiceRightStimulus_2: autoDraw = True
65.2196 	EXP 	secondVisualStimulus_2: autoDraw = False
65.2196 	EXP 	secondChoiceLeftStimulus_2: autoDraw = False
65.2196 	EXP 	secondChoiceRightStimulus_2: autoDraw = False
65.2196 	EXP 	secondVisualStimulus_2: autoDraw = False
65.2196 	EXP 	secondChoiceLeftStimulus_2: autoDraw = False
65.2196 	EXP 	secondChoiceRightStimulus_2: autoDraw = False
65.2196 	EXP 	decisionTextProbe_2: autoDraw = True
65.7756 	DATA 	Keypress: 2
65.7873 	EXP 	decisionTextProbe_2: autoDraw = False
65.7873 	EXP 	feedbackText_2: text = 'Correct'
65.7873 	EXP 	feedbackText_2: autoDraw = True
66.7735 	EXP 	New trial (rep=0, index=4): OrderedDict([('condition', 1)])
66.7880 	EXP 	feedbackText_2: autoDraw = False
66.7880 	EXP 	feedbackText_2: autoDraw = False
66.7880 	EXP 	text_6: autoDraw = True
69.7911 	EXP 	text_6: autoDraw = False
69.7911 	EXP 	text_6: autoDraw = False
69.7911 	EXP 	firstVisualStimulus_2: autoDraw = True
69.7911 	EXP 	firstChoiceLeftStimulus_2: autoDraw = True
69.7911 	EXP 	firstChoiceRightStimulus_2: autoDraw = True
70.1247 	EXP 	firstVisualStimulus_2: autoDraw = False
70.1247 	EXP 	firstChoiceLeftStimulus_2: autoDraw = False
70.1247 	EXP 	firstChoiceRightStimulus_2: autoDraw = False
70.1247 	EXP 	firstVisualStimulus_2: autoDraw = False
70.1247 	EXP 	firstChoiceLeftStimulus_2: autoDraw = False
70.1247 	EXP 	firstChoiceRightStimulus_2: autoDraw = False
70.1247 	EXP 	ISIVisualStimulus_3: autoDraw = True
70.1247 	EXP 	rightStimulus_3: autoDraw = True
70.1247 	EXP 	leftStimulus_3: autoDraw = True
73.1283 	EXP 	ISIVisualStimulus_3: autoDraw = False
73.1283 	EXP 	rightStimulus_3: autoDraw = False
73.1283 	EXP 	leftStimulus_3: autoDraw = False
73.1283 	EXP 	ISIVisualStimulus_3: autoDraw = False
73.1283 	EXP 	rightStimulus_3: autoDraw = False
73.1283 	EXP 	leftStimulus_3: autoDraw = False
73.1283 	EXP 	secondVisualStimulus_2: autoDraw = True
73.1283 	EXP 	secondChoiceLeftStimulus_2: autoDraw = True
73.1283 	EXP 	secondChoiceRightStimulus_2: autoDraw = True
73.4616 	EXP 	secondVisualStimulus_2: autoDraw = False
73.4616 	EXP 	secondChoiceLeftStimulus_2: autoDraw = False
73.4616 	EXP 	secondChoiceRightStimulus_2: autoDraw = False
73.4616 	EXP 	secondVisualStimulus_2: autoDraw = False
73.4616 	EXP 	secondChoiceLeftStimulus_2: autoDraw = False
73.4616 	EXP 	secondChoiceRightStimulus_2: autoDraw = False
73.4616 	EXP 	decisionTextProbe_2: autoDraw = True
73.8488 	DATA 	Keypress: 2
73.8784 	EXP 	decisionTextProbe_2: autoDraw = False
73.8784 	EXP 	feedbackText_2: text = 'Incorrect'
73.8784 	EXP 	feedbackText_2: autoDraw = True
74.8794 	EXP 	feedbackText_2: autoDraw = False
74.8794 	EXP 	feedbackText_2: autoDraw = False
74.8794 	EXP 	text_7: autoDraw = True
81.2233 	DATA 	Keypress: c
81.2525 	EXP 	text_7: autoDraw = False
81.2525 	EXP 	text_10: autoDraw = True
82.4775 	DATA 	Keypress: b
82.4872 	EXP 	text_10: autoDraw = False
82.4872 	EXP 	firstITI: autoDraw = True
87.4825 	DEBUG 	Read Excel file with pandas: questConditionsFile.xlsx
87.4836 	DEBUG 	Clearing unnamed columns from questConditionsFile.xlsx
87.4843 	EXP 	Imported questConditionsFile.xlsx as conditions, 1 conditions, 11 params
87.8547 	DEBUG 	Using C:\Program Files\PsychoPy3\lib\site-packages\psychopy\data\staircase.py as origin file
87.8570 	DEBUG 	Using C:\Program Files\PsychoPy3\lib\site-packages\psychopy\data\staircase.py as origin file
87.8637 	EXP 	firstITI: autoDraw = False
87.8637 	EXP 	text: autoDraw = True
88.5370 	EXP 	text: autoDraw = False
88.5370 	EXP 	firstVisualStimulus: autoDraw = True
88.5370 	EXP 	firstChoiceLeftStimulus: autoDraw = True
88.5370 	EXP 	firstChoiceRightStimulus: autoDraw = True
88.8910 	EXP 	firstVisualStimulus: autoDraw = False
88.8910 	EXP 	firstChoiceLeftStimulus: autoDraw = False
88.8910 	EXP 	firstChoiceRightStimulus: autoDraw = False
88.8910 	EXP 	firstVisualStimulus: autoDraw = False
88.8910 	EXP 	firstChoiceLeftStimulus: autoDraw = False
88.8910 	EXP 	firstChoiceRightStimulus: autoDraw = False
88.8910 	EXP 	ISIVisualStimulus: autoDraw = True
88.8910 	EXP 	rightStimulus: autoDraw = True
88.8910 	EXP 	leftStimulus: autoDraw = True
89.9189 	EXP 	ISIVisualStimulus: autoDraw = False
89.9189 	EXP 	rightStimulus: autoDraw = False
89.9189 	EXP 	leftStimulus: autoDraw = False
89.9189 	EXP 	secondVisualStimulus: autoDraw = True
89.9189 	EXP 	secondChoiceLeftStimulus: autoDraw = True
89.9189 	EXP 	secondChoiceRightStimulus: autoDraw = True
90.2455 	EXP 	secondVisualStimulus: autoDraw = False
90.2455 	EXP 	secondChoiceLeftStimulus: autoDraw = False
90.2455 	EXP 	secondChoiceRightStimulus: autoDraw = False
90.2455 	EXP 	secondVisualStimulus: autoDraw = False
90.2455 	EXP 	secondChoiceLeftStimulus: autoDraw = False
90.2455 	EXP 	secondChoiceRightStimulus: autoDraw = False
90.2455 	EXP 	decisionTextProbe: autoDraw = True
90.7720 	DATA 	Keypress: 2
90.7786 	EXP 	decisionTextProbe: autoDraw = False
90.7786 	EXP 	feedbackText: text = 'Correct'
90.7786 	EXP 	feedbackText: autoDraw = True
91.7796 	EXP 	feedbackText: autoDraw = False
91.7796 	EXP 	feedbackText: autoDraw = False
91.7796 	EXP 	text: autoDraw = True
92.7805 	EXP 	text: autoDraw = False
92.7805 	EXP 	text: autoDraw = False
92.7805 	EXP 	firstVisualStimulus: autoDraw = True
92.7805 	EXP 	firstChoiceLeftStimulus: autoDraw = True
92.7805 	EXP 	firstChoiceRightStimulus: autoDraw = True
93.1141 	EXP 	firstVisualStimulus: autoDraw = False
93.1141 	EXP 	firstChoiceLeftStimulus: autoDraw = False
93.1141 	EXP 	firstChoiceRightStimulus: autoDraw = False
93.1141 	EXP 	firstVisualStimulus: autoDraw = False
93.1141 	EXP 	firstChoiceLeftStimulus: autoDraw = False
93.1141 	EXP 	firstChoiceRightStimulus: autoDraw = False
93.1141 	EXP 	ISIVisualStimulus: autoDraw = True
93.1141 	EXP 	rightStimulus: autoDraw = True
93.1141 	EXP 	leftStimulus: autoDraw = True
94.1152 	EXP 	ISIVisualStimulus: autoDraw = False
94.1152 	EXP 	rightStimulus: autoDraw = False
94.1152 	EXP 	leftStimulus: autoDraw = False
94.1152 	EXP 	ISIVisualStimulus: autoDraw = False
94.1152 	EXP 	rightStimulus: autoDraw = False
94.1152 	EXP 	leftStimulus: autoDraw = False
94.1152 	EXP 	secondVisualStimulus: autoDraw = True
94.1152 	EXP 	secondChoiceLeftStimulus: autoDraw = True
94.1152 	EXP 	secondChoiceRightStimulus: autoDraw = True
94.4489 	EXP 	secondVisualStimulus: autoDraw = False
94.4489 	EXP 	secondChoiceLeftStimulus: autoDraw = False
94.4489 	EXP 	secondChoiceRightStimulus: autoDraw = False
94.4489 	EXP 	secondVisualStimulus: autoDraw = False
94.4489 	EXP 	secondChoiceLeftStimulus: autoDraw = False
94.4489 	EXP 	secondChoiceRightStimulus: autoDraw = False
94.4489 	EXP 	decisionTextProbe: autoDraw = True
95.0885 	DATA 	Keypress: 2
95.1163 	EXP 	decisionTextProbe: autoDraw = False
95.1163 	EXP 	feedbackText: text = 'Correct'
95.1163 	EXP 	feedbackText: autoDraw = True
96.1174 	EXP 	feedbackText: autoDraw = False
96.1174 	EXP 	feedbackText: autoDraw = False
96.1174 	EXP 	text: autoDraw = True
97.1183 	EXP 	text: autoDraw = False
97.1183 	EXP 	text: autoDraw = False
97.1183 	EXP 	firstVisualStimulus: autoDraw = True
97.1183 	EXP 	firstChoiceLeftStimulus: autoDraw = True
97.1183 	EXP 	firstChoiceRightStimulus: autoDraw = True
97.4519 	EXP 	firstVisualStimulus: autoDraw = False
97.4519 	EXP 	firstChoiceLeftStimulus: autoDraw = False
97.4519 	EXP 	firstChoiceRightStimulus: autoDraw = False
97.4519 	EXP 	firstVisualStimulus: autoDraw = False
97.4519 	EXP 	firstChoiceLeftStimulus: autoDraw = False
97.4519 	EXP 	firstChoiceRightStimulus: autoDraw = False
97.4519 	EXP 	ISIVisualStimulus: autoDraw = True
97.4519 	EXP 	rightStimulus: autoDraw = True
97.4519 	EXP 	leftStimulus: autoDraw = True
98.4529 	EXP 	ISIVisualStimulus: autoDraw = False
98.4529 	EXP 	rightStimulus: autoDraw = False
98.4529 	EXP 	leftStimulus: autoDraw = False
98.4529 	EXP 	ISIVisualStimulus: autoDraw = False
98.4529 	EXP 	rightStimulus: autoDraw = False
98.4529 	EXP 	leftStimulus: autoDraw = False
98.4529 	EXP 	secondVisualStimulus: autoDraw = True
98.4529 	EXP 	secondChoiceLeftStimulus: autoDraw = True
98.4529 	EXP 	secondChoiceRightStimulus: autoDraw = True
98.7868 	EXP 	secondVisualStimulus: autoDraw = False
98.7868 	EXP 	secondChoiceLeftStimulus: autoDraw = False
98.7868 	EXP 	secondChoiceRightStimulus: autoDraw = False
98.7868 	EXP 	secondVisualStimulus: autoDraw = False
98.7868 	EXP 	secondChoiceLeftStimulus: autoDraw = False
98.7868 	EXP 	secondChoiceRightStimulus: autoDraw = False
98.7868 	EXP 	decisionTextProbe: autoDraw = True
99.2097 	DATA 	Keypress: 2
99.2205 	EXP 	decisionTextProbe: autoDraw = False
99.2205 	EXP 	feedbackText: text = 'Correct'
99.2205 	EXP 	feedbackText: autoDraw = True
100.2213 	EXP 	feedbackText: autoDraw = False
100.2213 	EXP 	feedbackText: autoDraw = False
100.2213 	EXP 	text: autoDraw = True
101.2223 	EXP 	text: autoDraw = False
101.2223 	EXP 	text: autoDraw = False
101.2223 	EXP 	firstVisualStimulus: autoDraw = True
101.2223 	EXP 	firstChoiceLeftStimulus: autoDraw = True
101.2223 	EXP 	firstChoiceRightStimulus: autoDraw = True
101.5561 	EXP 	firstVisualStimulus: autoDraw = False
101.5561 	EXP 	firstChoiceLeftStimulus: autoDraw = False
101.5561 	EXP 	firstChoiceRightStimulus: autoDraw = False
101.5561 	EXP 	firstVisualStimulus: autoDraw = False
101.5561 	EXP 	firstChoiceLeftStimulus: autoDraw = False
101.5561 	EXP 	firstChoiceRightStimulus: autoDraw = False
101.5561 	EXP 	ISIVisualStimulus: autoDraw = True
101.5561 	EXP 	rightStimulus: autoDraw = True
101.5561 	EXP 	leftStimulus: autoDraw = True
102.5570 	EXP 	ISIVisualStimulus: autoDraw = False
102.5570 	EXP 	rightStimulus: autoDraw = False
102.5570 	EXP 	leftStimulus: autoDraw = False
102.5570 	EXP 	ISIVisualStimulus: autoDraw = False
102.5570 	EXP 	rightStimulus: autoDraw = False
102.5570 	EXP 	leftStimulus: autoDraw = False
102.5570 	EXP 	secondVisualStimulus: autoDraw = True
102.5570 	EXP 	secondChoiceLeftStimulus: autoDraw = True
102.5570 	EXP 	secondChoiceRightStimulus: autoDraw = True
102.8906 	EXP 	secondVisualStimulus: autoDraw = False
102.8906 	EXP 	secondChoiceLeftStimulus: autoDraw = False
102.8906 	EXP 	secondChoiceRightStimulus: autoDraw = False
102.8906 	EXP 	secondVisualStimulus: autoDraw = False
102.8906 	EXP 	secondChoiceLeftStimulus: autoDraw = False
102.8906 	EXP 	secondChoiceRightStimulus: autoDraw = False
102.8906 	EXP 	decisionTextProbe: autoDraw = True
103.1311 	DATA 	Keypress: 2
103.1415 	EXP 	decisionTextProbe: autoDraw = False
103.1415 	EXP 	feedbackText: text = 'Correct'
103.1415 	EXP 	feedbackText: autoDraw = True
104.1420 	EXP 	feedbackText: autoDraw = False
104.1420 	EXP 	feedbackText: autoDraw = False
104.1420 	EXP 	text: autoDraw = True
105.1430 	EXP 	text: autoDraw = False
105.1430 	EXP 	text: autoDraw = False
105.1430 	EXP 	firstVisualStimulus: autoDraw = True
105.1430 	EXP 	firstChoiceLeftStimulus: autoDraw = True
105.1430 	EXP 	firstChoiceRightStimulus: autoDraw = True
105.4767 	EXP 	firstVisualStimulus: autoDraw = False
105.4767 	EXP 	firstChoiceLeftStimulus: autoDraw = False
105.4767 	EXP 	firstChoiceRightStimulus: autoDraw = False
105.4767 	EXP 	firstVisualStimulus: autoDraw = False
105.4767 	EXP 	firstChoiceLeftStimulus: autoDraw = False
105.4767 	EXP 	firstChoiceRightStimulus: autoDraw = False
105.4767 	EXP 	ISIVisualStimulus: autoDraw = True
105.4767 	EXP 	rightStimulus: autoDraw = True
105.4767 	EXP 	leftStimulus: autoDraw = True
106.4775 	EXP 	ISIVisualStimulus: autoDraw = False
106.4775 	EXP 	rightStimulus: autoDraw = False
106.4775 	EXP 	leftStimulus: autoDraw = False
106.4775 	EXP 	ISIVisualStimulus: autoDraw = False
106.4775 	EXP 	rightStimulus: autoDraw = False
106.4775 	EXP 	leftStimulus: autoDraw = False
106.4775 	EXP 	secondVisualStimulus: autoDraw = True
106.4775 	EXP 	secondChoiceLeftStimulus: autoDraw = True
106.4775 	EXP 	secondChoiceRightStimulus: autoDraw = True
106.8113 	EXP 	secondVisualStimulus: autoDraw = False
106.8113 	EXP 	secondChoiceLeftStimulus: autoDraw = False
106.8113 	EXP 	secondChoiceRightStimulus: autoDraw = False
106.8113 	EXP 	secondVisualStimulus: autoDraw = False
106.8113 	EXP 	secondChoiceLeftStimulus: autoDraw = False
106.8113 	EXP 	secondChoiceRightStimulus: autoDraw = False
106.8113 	EXP 	decisionTextProbe: autoDraw = True
107.1178 	DATA 	Keypress: 1
107.1282 	EXP 	decisionTextProbe: autoDraw = False
107.1282 	EXP 	feedbackText: text = 'Correct'
107.1282 	EXP 	feedbackText: autoDraw = True
108.1292 	EXP 	feedbackText: autoDraw = False
108.1292 	EXP 	feedbackText: autoDraw = False
108.1292 	EXP 	text: autoDraw = True
109.1305 	EXP 	text: autoDraw = False
109.1305 	EXP 	text: autoDraw = False
109.1305 	EXP 	firstVisualStimulus: autoDraw = True
109.1305 	EXP 	firstChoiceLeftStimulus: autoDraw = True
109.1305 	EXP 	firstChoiceRightStimulus: autoDraw = True
109.4641 	EXP 	firstVisualStimulus: autoDraw = False
109.4641 	EXP 	firstChoiceLeftStimulus: autoDraw = False
109.4641 	EXP 	firstChoiceRightStimulus: autoDraw = False
109.4641 	EXP 	firstVisualStimulus: autoDraw = False
109.4641 	EXP 	firstChoiceLeftStimulus: autoDraw = False
109.4641 	EXP 	firstChoiceRightStimulus: autoDraw = False
109.4641 	EXP 	ISIVisualStimulus: autoDraw = True
109.4641 	EXP 	rightStimulus: autoDraw = True
109.4641 	EXP 	leftStimulus: autoDraw = True
110.4649 	EXP 	ISIVisualStimulus: autoDraw = False
110.4649 	EXP 	rightStimulus: autoDraw = False
110.4649 	EXP 	leftStimulus: autoDraw = False
110.4649 	EXP 	ISIVisualStimulus: autoDraw = False
110.4649 	EXP 	rightStimulus: autoDraw = False
110.4649 	EXP 	leftStimulus: autoDraw = False
110.4649 	EXP 	secondVisualStimulus: autoDraw = True
110.4649 	EXP 	secondChoiceLeftStimulus: autoDraw = True
110.4649 	EXP 	secondChoiceRightStimulus: autoDraw = True
110.7986 	EXP 	secondVisualStimulus: autoDraw = False
110.7986 	EXP 	secondChoiceLeftStimulus: autoDraw = False
110.7986 	EXP 	secondChoiceRightStimulus: autoDraw = False
110.7986 	EXP 	secondVisualStimulus: autoDraw = False
110.7986 	EXP 	secondChoiceLeftStimulus: autoDraw = False
110.7986 	EXP 	secondChoiceRightStimulus: autoDraw = False
110.7986 	EXP 	decisionTextProbe: autoDraw = True
112.0756 	DATA 	Keypress: 2
112.0832 	EXP 	decisionTextProbe: autoDraw = False
112.0832 	EXP 	feedbackText: text = 'Incorrect'
112.0832 	EXP 	feedbackText: autoDraw = True
113.0848 	EXP 	feedbackText: autoDraw = False
113.0848 	EXP 	feedbackText: autoDraw = False
113.0848 	EXP 	text: autoDraw = True
114.0851 	EXP 	text: autoDraw = False
114.0851 	EXP 	text: autoDraw = False
114.0851 	EXP 	firstVisualStimulus: autoDraw = True
114.0851 	EXP 	firstChoiceLeftStimulus: autoDraw = True
114.0851 	EXP 	firstChoiceRightStimulus: autoDraw = True
114.4190 	EXP 	firstVisualStimulus: autoDraw = False
114.4190 	EXP 	firstChoiceLeftStimulus: autoDraw = False
114.4190 	EXP 	firstChoiceRightStimulus: autoDraw = False
114.4190 	EXP 	firstVisualStimulus: autoDraw = False
114.4190 	EXP 	firstChoiceLeftStimulus: autoDraw = False
114.4190 	EXP 	firstChoiceRightStimulus: autoDraw = False
114.4190 	EXP 	ISIVisualStimulus: autoDraw = True
114.4190 	EXP 	rightStimulus: autoDraw = True
114.4190 	EXP 	leftStimulus: autoDraw = True
114.7217 	DATA 	Keypress: escape
114.9719 	EXP 	window1: mouseVisible = True
114.9725 	DEBUG 	Saving data for toneDetectionPlatform_V1.6 ExperimentHandler
114.9848 	INFO 	saved data to C:\Users\W2032175\Documents\GitHub\Open-source-Auditory-Tone-Detection-Task\Auditory Tone Detection Task\data/_toneDetectionPlatform_V1.6_2020_Nov_02_1340.psydat
114.9972 	INFO 	saved data to 'C:\\Users\\W2032175\\Documents\\GitHub\\Open-source-Auditory-Tone-Detection-Task\\Auditory Tone Detection Task\\data/_toneDetectionPlatform_V1.6_2020_Nov_02_1340.csv'
