1.3757 	WARNING 	We strongly recommend you activate the PTB sound engine in PsychoPy prefs as the preferred audio engine. Its timing is vastly superior. Your prefs are currently set to use ['sounddevice', 'PTB', 'pyo', 'pygame'] (in that order).
6.4084 	INFO 	Loaded monitor calibration from ['2020_10_15 13:31']
7.7905 	EXP 	Created window1 = Window(allowGUI=False, allowStencil=False, args=UNKNOWN, autoLog=True, bitsMode=UNKNOWN, blendMode='avg', bpc=(8, 8, 8), color=array([1., 1., 1.]), colorSpace='rgb', depthBits=8, fullscr=<method-wrapper '__getattribute__' of attributeSetter object at 0x0000022A0FEBDC18>, gamma=None, gammaErrorPolicy='raise', kwargs=UNKNOWN, lms=UNKNOWN, monitor=<psychopy.monitors.calibTools.Monitor object at 0x0000022A0FAD44A8>, multiSample=False, name='window1', numSamples=2, pos=[0.0, 0.0], screen=0, size=array([1366,  768]), stencilBits=0, stereo=False, units='height', useFBO=True, useRetina=False, viewOri=0.0, viewPos=None, viewScale=None, waitBlanking=True, winType='pyglet')
7.7906 	EXP 	window1: mouseVisible = True
7.7906 	EXP 	window1: recordFrameIntervals = False
7.9569 	EXP 	window1: recordFrameIntervals = True
8.1404 	DEBUG 	Screen (0) actual frame rate measured at 59.91
8.1404 	EXP 	window1: recordFrameIntervals = False
8.3257 	EXP 	Created welcomeText = TextStim(__class__=<class 'psychopy.visual.text.TextStim'>, alignHoriz=method-wrapper(...), alignText='center', alignVert=method-wrapper(...), anchorHoriz='center', anchorVert='center', antialias=True, autoLog=True, bold=False, color='black', colorSpace='named', contrast=1.0, depth=0.0, flipHoriz=False, flipVert=False, font='Arial', fontFiles=[], height=0.07, italic=False, languageStyle='LTR', name='welcomeText', opacity=1.0, ori=0, pos=array([0., 0.]), rgb=array([0., 0., 0.]), text=str(...), units='height', win=Window(...), wrapWidth=1)
8.3602 	EXP 	Created instructionsLightBulb1 = ImageStim(__class__=<class 'psychopy.visual.image.ImageStim'>, autoLog=True, color=array([1., 1., 1.]), colorSpace='rgb', contrast=1.0, depth=0.0, flipHoriz=False, flipVert=False, image='lightBulb_OFF.png', interpolate=True, mask=None, maskParams=None, name='instructionsLightBulb1', opacity=1.0, ori=0.0, pos=array([-0.5,  0. ]), size=array([0.4, 0.4]), texRes=128, units='height', win=Window(...))
8.3924 	EXP 	Created instructionsLightBulb2 = ImageStim(__class__=<class 'psychopy.visual.image.ImageStim'>, autoLog=True, color=array([1., 1., 1.]), colorSpace='rgb', contrast=1.0, depth=-1.0, flipHoriz=False, flipVert=False, image='lightBulb_OFF.png', interpolate=True, mask=None, maskParams=None, name='instructionsLightBulb2', opacity=1.0, ori=0.0, pos=array([0.5, 0. ]), size=array([0.4, 0.4]), texRes=128, units='height', win=Window(...))
8.4131 	EXP 	Created instructionsText = TextStim(__class__=<class 'psychopy.visual.text.TextStim'>, alignHoriz=method-wrapper(...), alignText='center', alignVert=method-wrapper(...), anchorHoriz='center', anchorVert='center', antialias=True, autoLog=True, bold=False, color='black', colorSpace='named', contrast=1.0, depth=-2.0, flipHoriz=False, flipVert=False, font='Arial', fontFiles=[], height=0.05, italic=False, languageStyle='LTR', name='instructionsText', opacity=1.0, ori=0, pos=array([0. , 0.3]), rgb=array([0., 0., 0.]), text=str(...), units='height', win=Window(...), wrapWidth=1)
8.4188 	EXP 	Created pressSpace = TextStim(__class__=<class 'psychopy.visual.text.TextStim'>, alignHoriz=method-wrapper(...), alignText='center', alignVert=method-wrapper(...), anchorHoriz='center', anchorVert='center', antialias=True, autoLog=True, bold=False, color='black', colorSpace='named', contrast=1.0, depth=-3.0, flipHoriz=False, flipVert=False, font='Arial', fontFiles=[], height=0.05, italic=False, languageStyle='LTR', name='pressSpace', opacity=1.0, ori=0, pos=array([ 0. , -0.3]), rgb=array([0., 0., 0.]), text='PRESS SPACE to continue', units='height', win=Window(...), wrapWidth=1)
8.4386 	EXP 	Created instructionsLightBulb1_2 = ImageStim(__class__=<class 'psychopy.visual.image.ImageStim'>, autoLog=True, color=array([1., 1., 1.]), colorSpace='rgb', contrast=1.0, depth=0.0, flipHoriz=False, flipVert=False, image='lightBulb_OFF.png', interpolate=True, mask=None, maskParams=None, name='instructionsLightBulb1_2', opacity=1.0, ori=0.0, pos=array([-0.5,  0. ]), size=array([0.4, 0.4]), texRes=128, units='height', win=Window(...))
8.4582 	EXP 	Created instructionsLightBulb2_2 = ImageStim(__class__=<class 'psychopy.visual.image.ImageStim'>, autoLog=True, color=array([1., 1., 1.]), colorSpace='rgb', contrast=1.0, depth=-1.0, flipHoriz=False, flipVert=False, image='lightBulb_OFF.png', interpolate=True, mask=None, maskParams=None, name='instructionsLightBulb2_2', opacity=1.0, ori=0.0, pos=array([0.5, 0. ]), size=array([0.4, 0.4]), texRes=128, units='height', win=Window(...))
8.4628 	EXP 	Created instructionsText_2 = TextStim(__class__=<class 'psychopy.visual.text.TextStim'>, alignHoriz=method-wrapper(...), alignText='center', alignVert=method-wrapper(...), anchorHoriz='center', anchorVert='center', antialias=True, autoLog=True, bold=False, color='black', colorSpace='named', contrast=1.0, depth=-2.0, flipHoriz=False, flipVert=False, font='Arial', fontFiles=[], height=0.05, italic=False, languageStyle='LTR', name='instructionsText_2', opacity=1.0, ori=0, pos=array([0. , 0.3]), rgb=array([0., 0., 0.]), text='In each trial, the light bulbs will blink', units='height', win=Window(...), wrapWidth=1)
8.4652 	EXP 	Created pressSpace_2 = TextStim(__class__=<class 'psychopy.visual.text.TextStim'>, alignHoriz=method-wrapper(...), alignText='center', alignVert=method-wrapper(...), anchorHoriz='center', anchorVert='center', antialias=True, autoLog=True, bold=False, color='black', colorSpace='named', contrast=1.0, depth=-3.0, flipHoriz=False, flipVert=False, font='Arial', fontFiles=[], height=0.05, italic=False, languageStyle='LTR', name='pressSpace_2', opacity=1.0, ori=0, pos=array([ 0. , -0.3]), rgb=array([0., 0., 0.]), text='PRESS SPACE to continue', units='height', win=Window(...), wrapWidth=1)
8.4859 	EXP 	Created instructionsLightBulb1_3 = ImageStim(__class__=<class 'psychopy.visual.image.ImageStim'>, autoLog=True, color=array([1., 1., 1.]), colorSpace='rgb', contrast=1.0, depth=0.0, flipHoriz=False, flipVert=False, image='lightBulb_OFF.png', interpolate=True, mask=None, maskParams=None, name='instructionsLightBulb1_3', opacity=1.0, ori=0.0, pos=array([-0.5,  0. ]), size=array([0.4, 0.4]), texRes=128, units='height', win=Window(...))
8.5069 	EXP 	Created instructionsLightBulb2_3 = ImageStim(__class__=<class 'psychopy.visual.image.ImageStim'>, autoLog=True, color=array([1., 1., 1.]), colorSpace='rgb', contrast=1.0, depth=-1.0, flipHoriz=False, flipVert=False, image='lightBulb_OFF.png', interpolate=True, mask=None, maskParams=None, name='instructionsLightBulb2_3', opacity=1.0, ori=0.0, pos=array([0.5, 0. ]), size=array([0.4, 0.4]), texRes=128, units='height', win=Window(...))
8.5133 	EXP 	Created text_3 = TextStim(__class__=<class 'psychopy.visual.text.TextStim'>, alignHoriz=method-wrapper(...), alignText='center', alignVert=method-wrapper(...), anchorHoriz='center', anchorVert='center', antialias=True, autoLog=True, bold=False, color='black', colorSpace='named', contrast=1.0, depth=-2.0, flipHoriz=False, flipVert=False, font='Arial', fontFiles=[], height=0.05, italic=False, languageStyle='LTR', name='text_3', opacity=1.0, ori=0, pos=array([0. , 0.3]), rgb=array([0., 0., 0.]), text=str(...), units='height', win=Window(...), wrapWidth=1)
8.5161 	EXP 	Created pressSpace_3 = TextStim(__class__=<class 'psychopy.visual.text.TextStim'>, alignHoriz=method-wrapper(...), alignText='center', alignVert=method-wrapper(...), anchorHoriz='center', anchorVert='center', antialias=True, autoLog=True, bold=False, color='black', colorSpace='named', contrast=1.0, depth=-3.0, flipHoriz=False, flipVert=False, font='Arial', fontFiles=[], height=0.05, italic=False, languageStyle='LTR', name='pressSpace_3', opacity=1.0, ori=0, pos=array([ 0. , -0.3]), rgb=array([0., 0., 0.]), text='Press SPACE to see light bulb 1 blink', units='height', win=Window(...), wrapWidth=1)
8.5399 	EXP 	Created instructionsLightBulb1_4 = ImageStim(__class__=<class 'psychopy.visual.image.ImageStim'>, autoLog=True, color=array([1., 1., 1.]), colorSpace='rgb', contrast=1.0, depth=0.0, flipHoriz=False, flipVert=False, image='lightBulb_ON.png', interpolate=True, mask=None, maskParams=None, name='instructionsLightBulb1_4', opacity=1.0, ori=0.0, pos=array([-0.5,  0. ]), size=array([0.4, 0.4]), texRes=128, units='height', win=Window(...))
8.5670 	EXP 	Created instructionsLightBulb2_4 = ImageStim(__class__=<class 'psychopy.visual.image.ImageStim'>, autoLog=True, color=array([1., 1., 1.]), colorSpace='rgb', contrast=1.0, depth=-1.0, flipHoriz=False, flipVert=False, image='lightBulb_OFF.png', interpolate=True, mask=None, maskParams=None, name='instructionsLightBulb2_4', opacity=1.0, ori=0.0, pos=array([0.5, 0. ]), size=array([0.4, 0.4]), texRes=128, units='height', win=Window(...))
8.6033 	EXP 	Created instructionsLightBulb1_5 = ImageStim(__class__=<class 'psychopy.visual.image.ImageStim'>, autoLog=True, color=array([1., 1., 1.]), colorSpace='rgb', contrast=1.0, depth=0.0, flipHoriz=False, flipVert=False, image='lightBulb_OFF.png', interpolate=True, mask=None, maskParams=None, name='instructionsLightBulb1_5', opacity=1.0, ori=0.0, pos=array([-0.5,  0. ]), size=array([0.4, 0.4]), texRes=128, units='height', win=Window(...))
8.6424 	EXP 	Created instructionsLightBulb2_5 = ImageStim(__class__=<class 'psychopy.visual.image.ImageStim'>, autoLog=True, color=array([1., 1., 1.]), colorSpace='rgb', contrast=1.0, depth=-1.0, flipHoriz=False, flipVert=False, image='lightBulb_OFF.png', interpolate=True, mask=None, maskParams=None, name='instructionsLightBulb2_5', opacity=1.0, ori=0.0, pos=array([0.5, 0. ]), size=array([0.4, 0.4]), texRes=128, units='height', win=Window(...))
8.6816 	EXP 	Created instructionsLightBulb2_6 = ImageStim(__class__=<class 'psychopy.visual.image.ImageStim'>, autoLog=True, color=array([1., 1., 1.]), colorSpace='rgb', contrast=1.0, depth=-2.0, flipHoriz=False, flipVert=False, image='lightBulb_ON.png', interpolate=True, mask=None, maskParams=None, name='instructionsLightBulb2_6', opacity=1.0, ori=0.0, pos=array([0.5, 0. ]), size=array([0.4, 0.4]), texRes=128, units='height', win=Window(...))
8.6881 	EXP 	Created text_4 = TextStim(__class__=<class 'psychopy.visual.text.TextStim'>, alignHoriz=method-wrapper(...), alignText='center', alignVert=method-wrapper(...), anchorHoriz='center', anchorVert='center', antialias=True, autoLog=True, bold=False, color='black', colorSpace='named', contrast=1.0, depth=-3.0, flipHoriz=False, flipVert=False, font='Arial', fontFiles=[], height=0.05, italic=False, languageStyle='LTR', name='text_4', opacity=1.0, ori=0, pos=array([0. , 0.3]), rgb=array([0., 0., 0.]), text=str(...), units='height', win=Window(...), wrapWidth=1)
8.6905 	EXP 	Created pressSpace_4 = TextStim(__class__=<class 'psychopy.visual.text.TextStim'>, alignHoriz=method-wrapper(...), alignText='center', alignVert=method-wrapper(...), anchorHoriz='center', anchorVert='center', antialias=True, autoLog=True, bold=False, color='black', colorSpace='named', contrast=1.0, depth=-4.0, flipHoriz=False, flipVert=False, font='Arial', fontFiles=[], height=0.05, italic=False, languageStyle='LTR', name='pressSpace_4', opacity=1.0, ori=0, pos=array([ 0. , -0.3]), rgb=array([0., 0., 0.]), text='Press SPACE to continue', units='height', win=Window(...), wrapWidth=1)
8.6997 	EXP 	Created text_2 = TextStim(__class__=<class 'psychopy.visual.text.TextStim'>, alignHoriz=method-wrapper(...), alignText='center', alignVert=method-wrapper(...), anchorHoriz='center', anchorVert='center', antialias=True, autoLog=True, bold=False, color='black', colorSpace='named', contrast=1.0, depth=0.0, flipHoriz=False, flipVert=False, font='Arial', fontFiles=[], height=0.07, italic=False, languageStyle='LTR', name='text_2', opacity=1.0, ori=0, pos=array([0., 0.]), rgb=array([0., 0., 0.]), text=str(...), units='height', win=Window(...), wrapWidth=1)
8.7057 	EXP 	Created text_5 = TextStim(__class__=<class 'psychopy.visual.text.TextStim'>, alignHoriz=method-wrapper(...), alignText='center', alignVert=method-wrapper(...), anchorHoriz='center', anchorVert='center', antialias=True, autoLog=True, bold=False, color='black', colorSpace='named', contrast=1.0, depth=-1.0, flipHoriz=False, flipVert=False, font='Arial', fontFiles=[], height=0.07, italic=False, languageStyle='LTR', name='text_5', opacity=1.0, ori=0, pos=array([ 0. , -0.3]), rgb=array([0., 0., 0.]), text='press SPACEBAR to hear this sound', units='height', win=Window(...), wrapWidth=1)
8.7320 	EXP 	Created lightBulbOFF = ImageStim(__class__=<class 'psychopy.visual.image.ImageStim'>, autoLog=True, color=array([1., 1., 1.]), colorSpace='rgb', contrast=1.0, depth=-1.0, flipHoriz=False, flipVert=False, image='lightBulb_OFF.png', interpolate=True, mask=None, maskParams=None, name='lightBulbOFF', opacity=1.0, ori=0.0, pos=array([0., 0.]), size=array([0.5, 0.5]), texRes=128, units='height', win=Window(...))
8.7604 	EXP 	Created lightBulbON = ImageStim(__class__=<class 'psychopy.visual.image.ImageStim'>, autoLog=True, color=array([1., 1., 1.]), colorSpace='rgb', contrast=1.0, depth=-2.0, flipHoriz=False, flipVert=False, image='lightBulb_ON.png', interpolate=True, mask=None, maskParams=None, name='lightBulbON', opacity=1.0, ori=0.0, pos=array([0., 0.]), size=array([0.5, 0.5]), texRes=128, units='height', win=Window(...))
8.7678 	EXP 	Sound sound_1 set volume 1.000
8.7915 	EXP 	Created instructions_8_firstLine = TextStim(__class__=<class 'psychopy.visual.text.TextStim'>, alignHoriz=method-wrapper(...), alignText='center', alignVert=method-wrapper(...), anchorHoriz='center', anchorVert='center', antialias=True, autoLog=True, bold=False, color='black', colorSpace='named', contrast=1.0, depth=0.0, flipHoriz=False, flipVert=False, font='Arial', fontFiles=[], height=0.04, italic=False, languageStyle='LTR', name='instructions_8_firstLine', opacity=1.0, ori=0, pos=array([0. , 0.2]), rgb=array([0., 0., 0.]), text=str(...), units='height', win=Window(...), wrapWidth=1)
8.7998 	EXP 	Created text_8 = TextStim(__class__=<class 'psychopy.visual.text.TextStim'>, alignHoriz=method-wrapper(...), alignText='center', alignVert=method-wrapper(...), anchorHoriz='center', anchorVert='center', antialias=True, autoLog=True, bold=False, color='black', colorSpace='named', contrast=1.0, depth=-1.0, flipHoriz=False, flipVert=False, font='Arial', fontFiles=[], height=0.04, italic=False, languageStyle='LTR', name='text_8', opacity=1.0, ori=0, pos=array([0. , 0.1]), rgb=array([0., 0., 0.]), text=str(...), units='height', win=Window(...), wrapWidth=1)
8.8078 	EXP 	Created text_9 = TextStim(__class__=<class 'psychopy.visual.text.TextStim'>, alignHoriz=method-wrapper(...), alignText='center', alignVert=method-wrapper(...), anchorHoriz='center', anchorVert='center', antialias=True, autoLog=True, bold=False, color='black', colorSpace='named', contrast=1.0, depth=-2.0, flipHoriz=False, flipVert=False, font='Arial', fontFiles=[], height=0.04, italic=False, languageStyle='LTR', name='text_9', opacity=1.0, ori=0, pos=array([ 0.  , -0.02]), rgb=array([0., 0., 0.]), text=str(...), units='height', win=Window(...), wrapWidth=1)
8.8107 	EXP 	Created instructions_8_pressP = TextStim(__class__=<class 'psychopy.visual.text.TextStim'>, alignHoriz=method-wrapper(...), alignText='center', alignVert=method-wrapper(...), anchorHoriz='center', anchorVert='center', antialias=True, autoLog=True, bold=False, color='black', colorSpace='named', contrast=1.0, depth=-3.0, flipHoriz=False, flipVert=False, font='Arial', fontFiles=[], height=0.04, italic=False, languageStyle='LTR', name='instructions_8_pressP', opacity=1.0, ori=0, pos=array([ 0. , -0.3]), rgb=array([0., 0., 0.]), text="press 'p' to begin the practice trials!", units='height', win=Window(...), wrapWidth=1)
8.8187 	EXP 	Created text_6 = TextStim(__class__=<class 'psychopy.visual.text.TextStim'>, alignHoriz=method-wrapper(...), alignText='center', alignVert=method-wrapper(...), anchorHoriz='center', anchorVert='center', antialias=True, autoLog=True, bold=False, color='black', colorSpace='named', contrast=1.0, depth=-1.0, flipHoriz=False, flipVert=False, font='Arial', fontFiles=[], height=0.1, italic=False, languageStyle='LTR', name='text_6', opacity=1.0, ori=0, pos=array([0., 0.]), rgb=array([0., 0., 0.]), text='+', units='height', win=Window(...), wrapWidth=1)
8.8210 	EXP 	Created firstVisualStimulus_2 = TextStim(__class__=<class 'psychopy.visual.text.TextStim'>, alignHoriz=method-wrapper(...), alignText='center', alignVert=method-wrapper(...), anchorHoriz='center', anchorVert='center', antialias=True, autoLog=True, bold=False, color='black', colorSpace='named', contrast=1.0, depth=-1.0, flipHoriz=False, flipVert=False, font='Arial', fontFiles=[], height=0.1, italic=False, languageStyle='LTR', name='firstVisualStimulus_2', opacity=1.0, ori=0, pos=array([0., 0.]), rgb=array([0., 0., 0.]), text='1', units='height', win=Window(...), wrapWidth=1)
8.8211 	EXP 	Sound firstChoiceProbeTone_2 set volume 1.000
8.8483 	EXP 	Created firstChoiceLeftStimulus_2 = ImageStim(__class__=<class 'psychopy.visual.image.ImageStim'>, autoLog=True, color=array([1., 1., 1.]), colorSpace='rgb', contrast=1.0, depth=-3.0, flipHoriz=False, flipVert=False, image='lightBulb_ON.png', interpolate=True, mask=None, maskParams=None, name='firstChoiceLeftStimulus_2', opacity=1.0, ori=0.0, pos=array([-0.5,  0. ]), size=array([0.4, 0.4]), texRes=128, units='height', win=Window(...))
8.8753 	EXP 	Created firstChoiceRightStimulus_2 = ImageStim(__class__=<class 'psychopy.visual.image.ImageStim'>, autoLog=True, color=array([1., 1., 1.]), colorSpace='rgb', contrast=1.0, depth=-4.0, flipHoriz=False, flipVert=False, image='lightBulb_OFF.png', interpolate=True, mask=None, maskParams=None, name='firstChoiceRightStimulus_2', opacity=1.0, ori=0.0, pos=array([0.5, 0. ]), size=array([0.4, 0.4]), texRes=128, units='height', win=Window(...))
8.8793 	EXP 	Created ISIVisualStimulus_3 = TextStim(__class__=<class 'psychopy.visual.text.TextStim'>, alignHoriz=method-wrapper(...), alignText='center', alignVert=method-wrapper(...), anchorHoriz='center', anchorVert='center', antialias=True, autoLog=True, bold=False, color='black', colorSpace='named', contrast=1.0, depth=0.0, flipHoriz=False, flipVert=False, font='Arial', fontFiles=[], height=0.1, italic=False, languageStyle='LTR', name='ISIVisualStimulus_3', opacity=1.0, ori=0, pos=array([0., 0.]), rgb=array([0., 0., 0.]), text='ISI', units='height', win=Window(...), wrapWidth=1)
8.9062 	EXP 	Created rightStimulus_3 = ImageStim(__class__=<class 'psychopy.visual.image.ImageStim'>, autoLog=True, color=array([1., 1., 1.]), colorSpace='rgb', contrast=1.0, depth=-1.0, flipHoriz=False, flipVert=False, image='lightBulb_OFF.png', interpolate=True, mask=None, maskParams=None, name='rightStimulus_3', opacity=1.0, ori=0.0, pos=array([0.5, 0. ]), size=array([0.4, 0.4]), texRes=128, units='height', win=Window(...))
8.9323 	EXP 	Created leftStimulus_3 = ImageStim(__class__=<class 'psychopy.visual.image.ImageStim'>, autoLog=True, color=array([1., 1., 1.]), colorSpace='rgb', contrast=1.0, depth=-2.0, flipHoriz=False, flipVert=False, image='lightBulb_OFF.png', interpolate=True, mask=None, maskParams=None, name='leftStimulus_3', opacity=1.0, ori=0.0, pos=array([-0.5,  0. ]), size=array([0.4, 0.4]), texRes=128, units='height', win=Window(...))
8.9347 	EXP 	Created secondVisualStimulus_2 = TextStim(__class__=<class 'psychopy.visual.text.TextStim'>, alignHoriz=method-wrapper(...), alignText='center', alignVert=method-wrapper(...), anchorHoriz='center', anchorVert='center', antialias=True, autoLog=True, bold=False, color='black', colorSpace='named', contrast=1.0, depth=-1.0, flipHoriz=False, flipVert=False, font='Arial', fontFiles=[], height=0.1, italic=False, languageStyle='LTR', name='secondVisualStimulus_2', opacity=1.0, ori=0, pos=array([0., 0.]), rgb=array([0., 0., 0.]), text='2', units='height', win=Window(...), wrapWidth=1)
8.9348 	EXP 	Sound secondChoiceTone_2 set volume 1.000
8.9614 	EXP 	Created secondChoiceLeftStimulus_2 = ImageStim(__class__=<class 'psychopy.visual.image.ImageStim'>, autoLog=True, color=array([1., 1., 1.]), colorSpace='rgb', contrast=1.0, depth=-3.0, flipHoriz=False, flipVert=False, image='lightBulb_OFF.png', interpolate=True, mask=None, maskParams=None, name='secondChoiceLeftStimulus_2', opacity=1.0, ori=0.0, pos=array([-0.5,  0. ]), size=array([0.4, 0.4]), texRes=128, units='height', win=Window(...))
8.9883 	EXP 	Created secondChoiceRightStimulus_2 = ImageStim(__class__=<class 'psychopy.visual.image.ImageStim'>, autoLog=True, color=array([1., 1., 1.]), colorSpace='rgb', contrast=1.0, depth=-4.0, flipHoriz=False, flipVert=False, image='lightBulb_ON.png', interpolate=True, mask=None, maskParams=None, name='secondChoiceRightStimulus_2', opacity=1.0, ori=0.0, pos=array([0.5, 0. ]), size=array([0.4, 0.4]), texRes=128, units='height', win=Window(...))
9.0059 	EXP 	Created decisionTextProbe_2 = TextStim(__class__=<class 'psychopy.visual.text.TextStim'>, alignHoriz=method-wrapper(...), alignText='center', alignVert=method-wrapper(...), anchorHoriz='center', anchorVert='center', antialias=True, autoLog=True, bold=False, color='black', colorSpace='named', contrast=1.0, depth=-1.0, flipHoriz=False, flipVert=False, font='Arial', fontFiles=[], height=0.1, italic=False, languageStyle='LTR', name='decisionTextProbe_2', opacity=1.0, ori=0, pos=array([0., 0.]), rgb=array([0., 0., 0.]), text=str(...), units='height', win=Window(...), wrapWidth=1)
9.0110 	EXP 	Created feedbackText_2 = TextStim(__class__=<class 'psychopy.visual.text.TextStim'>, alignHoriz=method-wrapper(...), alignText='center', alignVert=method-wrapper(...), anchorHoriz='center', anchorVert='center', antialias=True, autoLog=True, bold=False, color='black', colorSpace='named', contrast=1.0, depth=-1.0, flipHoriz=False, flipVert=False, font='Arial', fontFiles=[], height=0.1, italic=False, languageStyle='LTR', name='feedbackText_2', opacity=1.0, ori=0, pos=array([0., 0.]), rgb=array([0., 0., 0.]), text='default text', units='height', win=Window(...), wrapWidth=1)
9.0266 	EXP 	Created text_7 = TextStim(__class__=<class 'psychopy.visual.text.TextStim'>, alignHoriz=method-wrapper(...), alignText='center', alignVert=method-wrapper(...), anchorHoriz='center', anchorVert='center', antialias=True, autoLog=True, bold=False, color='black', colorSpace='named', contrast=1.0, depth=0.0, flipHoriz=False, flipVert=False, font='Arial', fontFiles=[], height=0.05, italic=False, languageStyle='LTR', name='text_7', opacity=1.0, ori=0, pos=array([0., 0.]), rgb=array([0., 0., 0.]), text=str(...), units='height', win=Window(...), wrapWidth=1)
9.0459 	EXP 	Created text_10 = TextStim(__class__=<class 'psychopy.visual.text.TextStim'>, alignHoriz=method-wrapper(...), alignText='center', alignVert=method-wrapper(...), anchorHoriz='center', anchorVert='center', antialias=True, autoLog=True, bold=False, color='black', colorSpace='named', contrast=1.0, depth=0.0, flipHoriz=False, flipVert=False, font='Arial', fontFiles=[], height=0.05, italic=False, languageStyle='LTR', name='text_10', opacity=1.0, ori=0, pos=array([0., 0.]), rgb=array([0., 0., 0.]), text=str(...), units='height', win=Window(...), wrapWidth=1)
9.0475 	EXP 	Created firstITI = TextStim(__class__=<class 'psychopy.visual.text.TextStim'>, alignHoriz=method-wrapper(...), alignText='center', alignVert=method-wrapper(...), anchorHoriz='center', anchorVert='center', antialias=True, autoLog=True, bold=False, color='black', colorSpace='named', contrast=1.0, depth=-1.0, flipHoriz=False, flipVert=False, font='Arial', fontFiles=[], height=0.1, italic=False, languageStyle='LTR', name='firstITI', opacity=1.0, ori=0, pos=array([0., 0.]), rgb=array([0., 0., 0.]), text='+', units='height', win=Window(...), wrapWidth=1)
9.0487 	EXP 	Created text = TextStim(__class__=<class 'psychopy.visual.text.TextStim'>, alignHoriz=method-wrapper(...), alignText='center', alignVert=method-wrapper(...), anchorHoriz='center', anchorVert='center', antialias=True, autoLog=True, bold=False, color='black', colorSpace='named', contrast=1.0, depth=0.0, flipHoriz=False, flipVert=False, font='Arial', fontFiles=[], height=0.1, italic=False, languageStyle='LTR', name='text', opacity=1.0, ori=0, pos=array([0., 0.]), rgb=array([0., 0., 0.]), text='+', units='height', win=Window(...), wrapWidth=1)
9.0502 	EXP 	Created firstVisualStimulus = TextStim(__class__=<class 'psychopy.visual.text.TextStim'>, alignHoriz=method-wrapper(...), alignText='center', alignVert=method-wrapper(...), anchorHoriz='center', anchorVert='center', antialias=True, autoLog=True, bold=False, color='black', colorSpace='named', contrast=1.0, depth=-1.0, flipHoriz=False, flipVert=False, font='Arial', fontFiles=[], height=0.1, italic=False, languageStyle='LTR', name='firstVisualStimulus', opacity=1.0, ori=0, pos=array([0., 0.]), rgb=array([0., 0., 0.]), text='1', units='height', win=Window(...), wrapWidth=1)
9.0517 	EXP 	Sound firstChoiceNoise set volume 1.000
9.0517 	EXP 	Sound firstChoiceProbeTone set volume 1.000
9.0798 	EXP 	Created firstChoiceLeftStimulus = ImageStim(__class__=<class 'psychopy.visual.image.ImageStim'>, autoLog=True, color=array([1., 1., 1.]), colorSpace='rgb', contrast=1.0, depth=-4.0, flipHoriz=False, flipVert=False, image='lightBulb_ON.png', interpolate=True, mask=None, maskParams=None, name='firstChoiceLeftStimulus', opacity=1.0, ori=0.0, pos=array([-0.5,  0. ]), size=array([0.4, 0.4]), texRes=128, units='height', win=Window(...))
9.1066 	EXP 	Created firstChoiceRightStimulus = ImageStim(__class__=<class 'psychopy.visual.image.ImageStim'>, autoLog=True, color=array([1., 1., 1.]), colorSpace='rgb', contrast=1.0, depth=-5.0, flipHoriz=False, flipVert=False, image='lightBulb_OFF.png', interpolate=True, mask=None, maskParams=None, name='firstChoiceRightStimulus', opacity=1.0, ori=0.0, pos=array([0.5, 0. ]), size=array([0.4, 0.4]), texRes=128, units='height', win=Window(...))
9.1092 	EXP 	Created ISIVisualStimulus = TextStim(__class__=<class 'psychopy.visual.text.TextStim'>, alignHoriz=method-wrapper(...), alignText='center', alignVert=method-wrapper(...), anchorHoriz='center', anchorVert='center', antialias=True, autoLog=True, bold=False, color='black', colorSpace='named', contrast=1.0, depth=0.0, flipHoriz=False, flipVert=False, font='Arial', fontFiles=[], height=0.1, italic=False, languageStyle='LTR', name='ISIVisualStimulus', opacity=1.0, ori=0, pos=array([0., 0.]), rgb=array([0., 0., 0.]), text='ISI', units='height', win=Window(...), wrapWidth=1)
9.1345 	EXP 	Created rightStimulus = ImageStim(__class__=<class 'psychopy.visual.image.ImageStim'>, autoLog=True, color=array([1., 1., 1.]), colorSpace='rgb', contrast=1.0, depth=-1.0, flipHoriz=False, flipVert=False, image='lightBulb_OFF.png', interpolate=True, mask=None, maskParams=None, name='rightStimulus', opacity=1.0, ori=0.0, pos=array([0.5, 0. ]), size=array([0.4, 0.4]), texRes=128, units='height', win=Window(...))
9.1617 	EXP 	Created leftStimulus = ImageStim(__class__=<class 'psychopy.visual.image.ImageStim'>, autoLog=True, color=array([1., 1., 1.]), colorSpace='rgb', contrast=1.0, depth=-2.0, flipHoriz=False, flipVert=False, image='lightBulb_OFF.png', interpolate=True, mask=None, maskParams=None, name='leftStimulus', opacity=1.0, ori=0.0, pos=array([-0.5,  0. ]), size=array([0.4, 0.4]), texRes=128, units='height', win=Window(...))
9.1639 	EXP 	Created secondVisualStimulus = TextStim(__class__=<class 'psychopy.visual.text.TextStim'>, alignHoriz=method-wrapper(...), alignText='center', alignVert=method-wrapper(...), anchorHoriz='center', anchorVert='center', antialias=True, autoLog=True, bold=False, color='black', colorSpace='named', contrast=1.0, depth=-1.0, flipHoriz=False, flipVert=False, font='Arial', fontFiles=[], height=0.1, italic=False, languageStyle='LTR', name='secondVisualStimulus', opacity=1.0, ori=0, pos=array([0., 0.]), rgb=array([0., 0., 0.]), text='2', units='height', win=Window(...), wrapWidth=1)
9.1652 	EXP 	Sound secondChoiceNoise set volume 1.000
9.1652 	EXP 	Sound secondChoiceTone set volume 1.000
9.1926 	EXP 	Created secondChoiceLeftStimulus = ImageStim(__class__=<class 'psychopy.visual.image.ImageStim'>, autoLog=True, color=array([1., 1., 1.]), colorSpace='rgb', contrast=1.0, depth=-4.0, flipHoriz=False, flipVert=False, image='lightBulb_OFF.png', interpolate=True, mask=None, maskParams=None, name='secondChoiceLeftStimulus', opacity=1.0, ori=0.0, pos=array([-0.5,  0. ]), size=array([0.4, 0.4]), texRes=128, units='height', win=Window(...))
9.2218 	EXP 	Created secondChoiceRightStimulus = ImageStim(__class__=<class 'psychopy.visual.image.ImageStim'>, autoLog=True, color=array([1., 1., 1.]), colorSpace='rgb', contrast=1.0, depth=-5.0, flipHoriz=False, flipVert=False, image='lightBulb_ON.png', interpolate=True, mask=None, maskParams=None, name='secondChoiceRightStimulus', opacity=1.0, ori=0.0, pos=array([0.5, 0. ]), size=array([0.4, 0.4]), texRes=128, units='height', win=Window(...))
9.2269 	EXP 	Created decisionTextProbe = TextStim(__class__=<class 'psychopy.visual.text.TextStim'>, alignHoriz=method-wrapper(...), alignText='center', alignVert=method-wrapper(...), anchorHoriz='center', anchorVert='center', antialias=True, autoLog=True, bold=False, color='black', colorSpace='named', contrast=1.0, depth=-1.0, flipHoriz=False, flipVert=False, font='Arial', fontFiles=[], height=0.1, italic=False, languageStyle='LTR', name='decisionTextProbe', opacity=1.0, ori=0, pos=array([0., 0.]), rgb=array([0., 0., 0.]), text=str(...), units='height', win=Window(...), wrapWidth=1)
9.2299 	EXP 	Created feedbackText = TextStim(__class__=<class 'psychopy.visual.text.TextStim'>, alignHoriz=method-wrapper(...), alignText='center', alignVert=method-wrapper(...), anchorHoriz='center', anchorVert='center', antialias=True, autoLog=True, bold=False, color='black', colorSpace='named', contrast=1.0, depth=-1.0, flipHoriz=False, flipVert=False, font='Arial', fontFiles=[], height=0.1, italic=False, languageStyle='LTR', name='feedbackText', opacity=1.0, ori=0, pos=array([0., 0.]), rgb=array([0., 0., 0.]), text='default text', units='height', win=Window(...), wrapWidth=1)
9.2596 	EXP 	welcomeText: autoDraw = True
10.2458 	EXP 	Created sequence: sequential, trialTypes=1, nReps=0, seed=None
10.2855 	DEBUG 	Read Excel file with pandas: practiceConditionsFile.xlsx
10.2868 	DEBUG 	Clearing unnamed columns from practiceConditionsFile.xlsx
10.2871 	EXP 	Imported practiceConditionsFile.xlsx as conditions, 5 conditions, 1 params
10.2873 	EXP 	Created sequence: sequential, trialTypes=5, nReps=0, seed=None
10.2898 	DATA 	Keypress: space
10.2926 	EXP 	welcomeText: autoDraw = False
10.2926 	EXP 	text_7: autoDraw = True
11.5668 	DATA 	Keypress: c
11.5769 	EXP 	text_7: autoDraw = False
11.5769 	EXP 	text_10: autoDraw = True
12.4678 	DATA 	Keypress: b
12.4780 	EXP 	text_10: autoDraw = False
12.4780 	EXP 	firstITI: autoDraw = True
17.4726 	DEBUG 	Read Excel file with pandas: questConditionsFile.xlsx
17.4734 	DEBUG 	Clearing unnamed columns from questConditionsFile.xlsx
17.4739 	EXP 	Imported questConditionsFile.xlsx as conditions, 1 conditions, 11 params
17.7768 	DEBUG 	Using C:\Program Files\PsychoPy3\lib\site-packages\psychopy\data\staircase.py as origin file
17.7800 	DEBUG 	Using C:\Program Files\PsychoPy3\lib\site-packages\psychopy\data\staircase.py as origin file
17.7862 	EXP 	firstITI: autoDraw = False
17.7862 	EXP 	text: autoDraw = True
18.5299 	EXP 	text: autoDraw = False
18.5299 	EXP 	firstVisualStimulus: autoDraw = True
18.5299 	EXP 	firstChoiceLeftStimulus: autoDraw = True
18.5299 	EXP 	firstChoiceRightStimulus: autoDraw = True
18.8901 	EXP 	firstVisualStimulus: autoDraw = False
18.8901 	EXP 	firstChoiceLeftStimulus: autoDraw = False
18.8901 	EXP 	firstChoiceRightStimulus: autoDraw = False
18.8901 	EXP 	firstVisualStimulus: autoDraw = False
18.8901 	EXP 	firstChoiceLeftStimulus: autoDraw = False
18.8901 	EXP 	firstChoiceRightStimulus: autoDraw = False
18.8901 	EXP 	ISIVisualStimulus: autoDraw = True
18.8901 	EXP 	rightStimulus: autoDraw = True
18.8901 	EXP 	leftStimulus: autoDraw = True
19.9062 	EXP 	ISIVisualStimulus: autoDraw = False
19.9062 	EXP 	rightStimulus: autoDraw = False
19.9062 	EXP 	leftStimulus: autoDraw = False
19.9062 	EXP 	secondVisualStimulus: autoDraw = True
19.9062 	EXP 	secondChoiceLeftStimulus: autoDraw = True
19.9062 	EXP 	secondChoiceRightStimulus: autoDraw = True
20.2356 	EXP 	secondVisualStimulus: autoDraw = False
20.2356 	EXP 	secondChoiceLeftStimulus: autoDraw = False
20.2356 	EXP 	secondChoiceRightStimulus: autoDraw = False
20.2356 	EXP 	secondVisualStimulus: autoDraw = False
20.2356 	EXP 	secondChoiceLeftStimulus: autoDraw = False
20.2356 	EXP 	secondChoiceRightStimulus: autoDraw = False
20.2356 	EXP 	decisionTextProbe: autoDraw = True
20.4137 	DATA 	Keypress: 2
20.4189 	EXP 	decisionTextProbe: autoDraw = False
20.4189 	EXP 	feedbackText: text = 'Correct'
20.4189 	EXP 	feedbackText: autoDraw = True
21.4200 	EXP 	feedbackText: autoDraw = False
21.4200 	EXP 	feedbackText: autoDraw = False
21.4200 	EXP 	text: autoDraw = True
22.4211 	EXP 	text: autoDraw = False
22.4211 	EXP 	text: autoDraw = False
22.4211 	EXP 	firstVisualStimulus: autoDraw = True
22.4211 	EXP 	firstChoiceLeftStimulus: autoDraw = True
22.4211 	EXP 	firstChoiceRightStimulus: autoDraw = True
22.7545 	EXP 	firstVisualStimulus: autoDraw = False
22.7545 	EXP 	firstChoiceLeftStimulus: autoDraw = False
22.7545 	EXP 	firstChoiceRightStimulus: autoDraw = False
22.7545 	EXP 	firstVisualStimulus: autoDraw = False
22.7545 	EXP 	firstChoiceLeftStimulus: autoDraw = False
22.7545 	EXP 	firstChoiceRightStimulus: autoDraw = False
22.7545 	EXP 	ISIVisualStimulus: autoDraw = True
22.7545 	EXP 	rightStimulus: autoDraw = True
22.7545 	EXP 	leftStimulus: autoDraw = True
23.7557 	EXP 	ISIVisualStimulus: autoDraw = False
23.7557 	EXP 	rightStimulus: autoDraw = False
23.7557 	EXP 	leftStimulus: autoDraw = False
23.7557 	EXP 	ISIVisualStimulus: autoDraw = False
23.7557 	EXP 	rightStimulus: autoDraw = False
23.7557 	EXP 	leftStimulus: autoDraw = False
23.7557 	EXP 	secondVisualStimulus: autoDraw = True
23.7557 	EXP 	secondChoiceLeftStimulus: autoDraw = True
23.7557 	EXP 	secondChoiceRightStimulus: autoDraw = True
24.0895 	EXP 	secondVisualStimulus: autoDraw = False
24.0895 	EXP 	secondChoiceLeftStimulus: autoDraw = False
24.0895 	EXP 	secondChoiceRightStimulus: autoDraw = False
24.0895 	EXP 	secondVisualStimulus: autoDraw = False
24.0895 	EXP 	secondChoiceLeftStimulus: autoDraw = False
24.0895 	EXP 	secondChoiceRightStimulus: autoDraw = False
24.0895 	EXP 	decisionTextProbe: autoDraw = True
24.5398 	EXP 	decisionTextProbe: autoDraw = False
24.5398 	EXP 	feedbackText: text = 'Correct'
24.5398 	EXP 	feedbackText: autoDraw = True
25.5409 	EXP 	feedbackText: autoDraw = False
25.5409 	EXP 	feedbackText: autoDraw = False
25.5409 	EXP 	text: autoDraw = True
26.5420 	EXP 	text: autoDraw = False
26.5420 	EXP 	text: autoDraw = False
26.5420 	EXP 	firstVisualStimulus: autoDraw = True
26.5420 	EXP 	firstChoiceLeftStimulus: autoDraw = True
26.5420 	EXP 	firstChoiceRightStimulus: autoDraw = True
26.8755 	EXP 	firstVisualStimulus: autoDraw = False
26.8755 	EXP 	firstChoiceLeftStimulus: autoDraw = False
26.8755 	EXP 	firstChoiceRightStimulus: autoDraw = False
26.8755 	EXP 	firstVisualStimulus: autoDraw = False
26.8755 	EXP 	firstChoiceLeftStimulus: autoDraw = False
26.8755 	EXP 	firstChoiceRightStimulus: autoDraw = False
26.8755 	EXP 	ISIVisualStimulus: autoDraw = True
26.8755 	EXP 	rightStimulus: autoDraw = True
26.8755 	EXP 	leftStimulus: autoDraw = True
27.8764 	EXP 	ISIVisualStimulus: autoDraw = False
27.8764 	EXP 	rightStimulus: autoDraw = False
27.8764 	EXP 	leftStimulus: autoDraw = False
27.8764 	EXP 	ISIVisualStimulus: autoDraw = False
27.8764 	EXP 	rightStimulus: autoDraw = False
27.8764 	EXP 	leftStimulus: autoDraw = False
27.8764 	EXP 	secondVisualStimulus: autoDraw = True
27.8764 	EXP 	secondChoiceLeftStimulus: autoDraw = True
27.8764 	EXP 	secondChoiceRightStimulus: autoDraw = True
28.2099 	EXP 	secondVisualStimulus: autoDraw = False
28.2099 	EXP 	secondChoiceLeftStimulus: autoDraw = False
28.2099 	EXP 	secondChoiceRightStimulus: autoDraw = False
28.2099 	EXP 	secondVisualStimulus: autoDraw = False
28.2099 	EXP 	secondChoiceLeftStimulus: autoDraw = False
28.2099 	EXP 	secondChoiceRightStimulus: autoDraw = False
28.2099 	EXP 	decisionTextProbe: autoDraw = True
28.4105 	EXP 	decisionTextProbe: autoDraw = False
28.4105 	EXP 	feedbackText: text = 'Correct'
28.4105 	EXP 	feedbackText: autoDraw = True
29.4124 	EXP 	feedbackText: autoDraw = False
29.4124 	EXP 	feedbackText: autoDraw = False
29.4124 	EXP 	text: autoDraw = True
30.4125 	EXP 	text: autoDraw = False
30.4125 	EXP 	text: autoDraw = False
30.4125 	EXP 	firstVisualStimulus: autoDraw = True
30.4125 	EXP 	firstChoiceLeftStimulus: autoDraw = True
30.4125 	EXP 	firstChoiceRightStimulus: autoDraw = True
30.7459 	EXP 	firstVisualStimulus: autoDraw = False
30.7459 	EXP 	firstChoiceLeftStimulus: autoDraw = False
30.7459 	EXP 	firstChoiceRightStimulus: autoDraw = False
30.7459 	EXP 	firstVisualStimulus: autoDraw = False
30.7459 	EXP 	firstChoiceLeftStimulus: autoDraw = False
30.7459 	EXP 	firstChoiceRightStimulus: autoDraw = False
30.7459 	EXP 	ISIVisualStimulus: autoDraw = True
30.7459 	EXP 	rightStimulus: autoDraw = True
30.7459 	EXP 	leftStimulus: autoDraw = True
31.7469 	EXP 	ISIVisualStimulus: autoDraw = False
31.7469 	EXP 	rightStimulus: autoDraw = False
31.7469 	EXP 	leftStimulus: autoDraw = False
31.7469 	EXP 	ISIVisualStimulus: autoDraw = False
31.7469 	EXP 	rightStimulus: autoDraw = False
31.7469 	EXP 	leftStimulus: autoDraw = False
31.7469 	EXP 	secondVisualStimulus: autoDraw = True
31.7469 	EXP 	secondChoiceLeftStimulus: autoDraw = True
31.7469 	EXP 	secondChoiceRightStimulus: autoDraw = True
32.0808 	EXP 	secondVisualStimulus: autoDraw = False
32.0808 	EXP 	secondChoiceLeftStimulus: autoDraw = False
32.0808 	EXP 	secondChoiceRightStimulus: autoDraw = False
32.0808 	EXP 	secondVisualStimulus: autoDraw = False
32.0808 	EXP 	secondChoiceLeftStimulus: autoDraw = False
32.0808 	EXP 	secondChoiceRightStimulus: autoDraw = False
32.0808 	EXP 	decisionTextProbe: autoDraw = True
32.3642 	EXP 	decisionTextProbe: autoDraw = False
32.3642 	EXP 	feedbackText: text = 'Correct'
32.3642 	EXP 	feedbackText: autoDraw = True
33.3654 	EXP 	feedbackText: autoDraw = False
33.3654 	EXP 	feedbackText: autoDraw = False
33.3654 	EXP 	text: autoDraw = True
34.3663 	EXP 	text: autoDraw = False
34.3663 	EXP 	text: autoDraw = False
34.3663 	EXP 	firstVisualStimulus: autoDraw = True
34.3663 	EXP 	firstChoiceLeftStimulus: autoDraw = True
34.3663 	EXP 	firstChoiceRightStimulus: autoDraw = True
34.7000 	EXP 	firstVisualStimulus: autoDraw = False
34.7000 	EXP 	firstChoiceLeftStimulus: autoDraw = False
34.7000 	EXP 	firstChoiceRightStimulus: autoDraw = False
34.7000 	EXP 	firstVisualStimulus: autoDraw = False
34.7000 	EXP 	firstChoiceLeftStimulus: autoDraw = False
34.7000 	EXP 	firstChoiceRightStimulus: autoDraw = False
34.7000 	EXP 	ISIVisualStimulus: autoDraw = True
34.7000 	EXP 	rightStimulus: autoDraw = True
34.7000 	EXP 	leftStimulus: autoDraw = True
35.7010 	EXP 	ISIVisualStimulus: autoDraw = False
35.7010 	EXP 	rightStimulus: autoDraw = False
35.7010 	EXP 	leftStimulus: autoDraw = False
35.7010 	EXP 	ISIVisualStimulus: autoDraw = False
35.7010 	EXP 	rightStimulus: autoDraw = False
35.7010 	EXP 	leftStimulus: autoDraw = False
35.7010 	EXP 	secondVisualStimulus: autoDraw = True
35.7010 	EXP 	secondChoiceLeftStimulus: autoDraw = True
35.7010 	EXP 	secondChoiceRightStimulus: autoDraw = True
36.0343 	EXP 	secondVisualStimulus: autoDraw = False
36.0343 	EXP 	secondChoiceLeftStimulus: autoDraw = False
36.0343 	EXP 	secondChoiceRightStimulus: autoDraw = False
36.0343 	EXP 	secondVisualStimulus: autoDraw = False
36.0343 	EXP 	secondChoiceLeftStimulus: autoDraw = False
36.0343 	EXP 	secondChoiceRightStimulus: autoDraw = False
36.0343 	EXP 	decisionTextProbe: autoDraw = True
36.3347 	EXP 	decisionTextProbe: autoDraw = False
36.3347 	EXP 	feedbackText: text = 'Correct'
36.3347 	EXP 	feedbackText: autoDraw = True
37.3359 	EXP 	feedbackText: autoDraw = False
37.3359 	EXP 	feedbackText: autoDraw = False
37.3359 	EXP 	text: autoDraw = True
38.3369 	EXP 	text: autoDraw = False
38.3369 	EXP 	text: autoDraw = False
38.3369 	EXP 	firstVisualStimulus: autoDraw = True
38.3369 	EXP 	firstChoiceLeftStimulus: autoDraw = True
38.3369 	EXP 	firstChoiceRightStimulus: autoDraw = True
38.6706 	EXP 	firstVisualStimulus: autoDraw = False
38.6706 	EXP 	firstChoiceLeftStimulus: autoDraw = False
38.6706 	EXP 	firstChoiceRightStimulus: autoDraw = False
38.6706 	EXP 	firstVisualStimulus: autoDraw = False
38.6706 	EXP 	firstChoiceLeftStimulus: autoDraw = False
38.6706 	EXP 	firstChoiceRightStimulus: autoDraw = False
38.6706 	EXP 	ISIVisualStimulus: autoDraw = True
38.6706 	EXP 	rightStimulus: autoDraw = True
38.6706 	EXP 	leftStimulus: autoDraw = True
39.6717 	EXP 	ISIVisualStimulus: autoDraw = False
39.6717 	EXP 	rightStimulus: autoDraw = False
39.6717 	EXP 	leftStimulus: autoDraw = False
39.6717 	EXP 	ISIVisualStimulus: autoDraw = False
39.6717 	EXP 	rightStimulus: autoDraw = False
39.6717 	EXP 	leftStimulus: autoDraw = False
39.6717 	EXP 	secondVisualStimulus: autoDraw = True
39.6717 	EXP 	secondChoiceLeftStimulus: autoDraw = True
39.6717 	EXP 	secondChoiceRightStimulus: autoDraw = True
40.0051 	EXP 	secondVisualStimulus: autoDraw = False
40.0051 	EXP 	secondChoiceLeftStimulus: autoDraw = False
40.0051 	EXP 	secondChoiceRightStimulus: autoDraw = False
40.0051 	EXP 	secondVisualStimulus: autoDraw = False
40.0051 	EXP 	secondChoiceLeftStimulus: autoDraw = False
40.0051 	EXP 	secondChoiceRightStimulus: autoDraw = False
40.0051 	EXP 	decisionTextProbe: autoDraw = True
41.0228 	EXP 	decisionTextProbe: autoDraw = False
41.0228 	EXP 	feedbackText: text = 'Incorrect'
41.0228 	EXP 	feedbackText: autoDraw = True
42.0239 	EXP 	feedbackText: autoDraw = False
42.0239 	EXP 	feedbackText: autoDraw = False
42.0239 	EXP 	text: autoDraw = True
43.0250 	EXP 	text: autoDraw = False
43.0250 	EXP 	text: autoDraw = False
43.0250 	EXP 	firstVisualStimulus: autoDraw = True
43.0250 	EXP 	firstChoiceLeftStimulus: autoDraw = True
43.0250 	EXP 	firstChoiceRightStimulus: autoDraw = True
43.3584 	EXP 	firstVisualStimulus: autoDraw = False
43.3584 	EXP 	firstChoiceLeftStimulus: autoDraw = False
43.3584 	EXP 	firstChoiceRightStimulus: autoDraw = False
43.3584 	EXP 	firstVisualStimulus: autoDraw = False
43.3584 	EXP 	firstChoiceLeftStimulus: autoDraw = False
43.3584 	EXP 	firstChoiceRightStimulus: autoDraw = False
43.3584 	EXP 	ISIVisualStimulus: autoDraw = True
43.3584 	EXP 	rightStimulus: autoDraw = True
43.3584 	EXP 	leftStimulus: autoDraw = True
44.3597 	EXP 	ISIVisualStimulus: autoDraw = False
44.3597 	EXP 	rightStimulus: autoDraw = False
44.3597 	EXP 	leftStimulus: autoDraw = False
44.3597 	EXP 	ISIVisualStimulus: autoDraw = False
44.3597 	EXP 	rightStimulus: autoDraw = False
44.3597 	EXP 	leftStimulus: autoDraw = False
44.3597 	EXP 	secondVisualStimulus: autoDraw = True
44.3597 	EXP 	secondChoiceLeftStimulus: autoDraw = True
44.3597 	EXP 	secondChoiceRightStimulus: autoDraw = True
44.6931 	EXP 	secondVisualStimulus: autoDraw = False
44.6931 	EXP 	secondChoiceLeftStimulus: autoDraw = False
44.6931 	EXP 	secondChoiceRightStimulus: autoDraw = False
44.6931 	EXP 	secondVisualStimulus: autoDraw = False
44.6931 	EXP 	secondChoiceLeftStimulus: autoDraw = False
44.6931 	EXP 	secondChoiceRightStimulus: autoDraw = False
44.6931 	EXP 	decisionTextProbe: autoDraw = True
45.1604 	EXP 	decisionTextProbe: autoDraw = False
45.1604 	EXP 	feedbackText: text = 'Correct'
45.1604 	EXP 	feedbackText: autoDraw = True
46.1615 	EXP 	feedbackText: autoDraw = False
46.1615 	EXP 	feedbackText: autoDraw = False
46.1615 	EXP 	text: autoDraw = True
47.1628 	EXP 	text: autoDraw = False
47.1628 	EXP 	text: autoDraw = False
47.1628 	EXP 	firstVisualStimulus: autoDraw = True
47.1628 	EXP 	firstChoiceLeftStimulus: autoDraw = True
47.1628 	EXP 	firstChoiceRightStimulus: autoDraw = True
47.4958 	EXP 	firstVisualStimulus: autoDraw = False
47.4958 	EXP 	firstChoiceLeftStimulus: autoDraw = False
47.4958 	EXP 	firstChoiceRightStimulus: autoDraw = False
47.4958 	EXP 	firstVisualStimulus: autoDraw = False
47.4958 	EXP 	firstChoiceLeftStimulus: autoDraw = False
47.4958 	EXP 	firstChoiceRightStimulus: autoDraw = False
47.4958 	EXP 	ISIVisualStimulus: autoDraw = True
47.4958 	EXP 	rightStimulus: autoDraw = True
47.4958 	EXP 	leftStimulus: autoDraw = True
48.4972 	EXP 	ISIVisualStimulus: autoDraw = False
48.4972 	EXP 	rightStimulus: autoDraw = False
48.4972 	EXP 	leftStimulus: autoDraw = False
48.4972 	EXP 	ISIVisualStimulus: autoDraw = False
48.4972 	EXP 	rightStimulus: autoDraw = False
48.4972 	EXP 	leftStimulus: autoDraw = False
48.4972 	EXP 	secondVisualStimulus: autoDraw = True
48.4972 	EXP 	secondChoiceLeftStimulus: autoDraw = True
48.4972 	EXP 	secondChoiceRightStimulus: autoDraw = True
48.8308 	EXP 	secondVisualStimulus: autoDraw = False
48.8308 	EXP 	secondChoiceLeftStimulus: autoDraw = False
48.8308 	EXP 	secondChoiceRightStimulus: autoDraw = False
48.8308 	EXP 	secondVisualStimulus: autoDraw = False
48.8308 	EXP 	secondChoiceLeftStimulus: autoDraw = False
48.8308 	EXP 	secondChoiceRightStimulus: autoDraw = False
48.8308 	EXP 	decisionTextProbe: autoDraw = True
49.2979 	EXP 	decisionTextProbe: autoDraw = False
49.2979 	EXP 	feedbackText: text = 'Correct'
49.2979 	EXP 	feedbackText: autoDraw = True
50.2989 	EXP 	feedbackText: autoDraw = False
50.2989 	EXP 	feedbackText: autoDraw = False
50.2989 	EXP 	text: autoDraw = True
51.2999 	EXP 	text: autoDraw = False
51.2999 	EXP 	text: autoDraw = False
51.2999 	EXP 	firstVisualStimulus: autoDraw = True
51.2999 	EXP 	firstChoiceLeftStimulus: autoDraw = True
51.2999 	EXP 	firstChoiceRightStimulus: autoDraw = True
51.6334 	EXP 	firstVisualStimulus: autoDraw = False
51.6334 	EXP 	firstChoiceLeftStimulus: autoDraw = False
51.6334 	EXP 	firstChoiceRightStimulus: autoDraw = False
51.6334 	EXP 	firstVisualStimulus: autoDraw = False
51.6334 	EXP 	firstChoiceLeftStimulus: autoDraw = False
51.6334 	EXP 	firstChoiceRightStimulus: autoDraw = False
51.6334 	EXP 	ISIVisualStimulus: autoDraw = True
51.6334 	EXP 	rightStimulus: autoDraw = True
51.6334 	EXP 	leftStimulus: autoDraw = True
52.6343 	EXP 	ISIVisualStimulus: autoDraw = False
52.6343 	EXP 	rightStimulus: autoDraw = False
52.6343 	EXP 	leftStimulus: autoDraw = False
52.6343 	EXP 	ISIVisualStimulus: autoDraw = False
52.6343 	EXP 	rightStimulus: autoDraw = False
52.6343 	EXP 	leftStimulus: autoDraw = False
52.6343 	EXP 	secondVisualStimulus: autoDraw = True
52.6343 	EXP 	secondChoiceLeftStimulus: autoDraw = True
52.6343 	EXP 	secondChoiceRightStimulus: autoDraw = True
52.9680 	EXP 	secondVisualStimulus: autoDraw = False
52.9680 	EXP 	secondChoiceLeftStimulus: autoDraw = False
52.9680 	EXP 	secondChoiceRightStimulus: autoDraw = False
52.9680 	EXP 	secondVisualStimulus: autoDraw = False
52.9680 	EXP 	secondChoiceLeftStimulus: autoDraw = False
52.9680 	EXP 	secondChoiceRightStimulus: autoDraw = False
52.9680 	EXP 	decisionTextProbe: autoDraw = True
53.2519 	EXP 	decisionTextProbe: autoDraw = False
53.2519 	EXP 	feedbackText: text = 'Correct'
53.2519 	EXP 	feedbackText: autoDraw = True
54.2530 	EXP 	feedbackText: autoDraw = False
54.2530 	EXP 	feedbackText: autoDraw = False
54.2530 	EXP 	text: autoDraw = True
55.2538 	EXP 	text: autoDraw = False
55.2538 	EXP 	text: autoDraw = False
55.2538 	EXP 	firstVisualStimulus: autoDraw = True
55.2538 	EXP 	firstChoiceLeftStimulus: autoDraw = True
55.2538 	EXP 	firstChoiceRightStimulus: autoDraw = True
55.5875 	EXP 	firstVisualStimulus: autoDraw = False
55.5875 	EXP 	firstChoiceLeftStimulus: autoDraw = False
55.5875 	EXP 	firstChoiceRightStimulus: autoDraw = False
55.5875 	EXP 	firstVisualStimulus: autoDraw = False
55.5875 	EXP 	firstChoiceLeftStimulus: autoDraw = False
55.5875 	EXP 	firstChoiceRightStimulus: autoDraw = False
55.5875 	EXP 	ISIVisualStimulus: autoDraw = True
55.5875 	EXP 	rightStimulus: autoDraw = True
55.5875 	EXP 	leftStimulus: autoDraw = True
56.5884 	EXP 	ISIVisualStimulus: autoDraw = False
56.5884 	EXP 	rightStimulus: autoDraw = False
56.5884 	EXP 	leftStimulus: autoDraw = False
56.5884 	EXP 	ISIVisualStimulus: autoDraw = False
56.5884 	EXP 	rightStimulus: autoDraw = False
56.5884 	EXP 	leftStimulus: autoDraw = False
56.5884 	EXP 	secondVisualStimulus: autoDraw = True
56.5884 	EXP 	secondChoiceLeftStimulus: autoDraw = True
56.5884 	EXP 	secondChoiceRightStimulus: autoDraw = True
56.9233 	EXP 	secondVisualStimulus: autoDraw = False
56.9233 	EXP 	secondChoiceLeftStimulus: autoDraw = False
56.9233 	EXP 	secondChoiceRightStimulus: autoDraw = False
56.9233 	EXP 	secondVisualStimulus: autoDraw = False
56.9233 	EXP 	secondChoiceLeftStimulus: autoDraw = False
56.9233 	EXP 	secondChoiceRightStimulus: autoDraw = False
56.9233 	EXP 	decisionTextProbe: autoDraw = True
57.1893 	EXP 	decisionTextProbe: autoDraw = False
57.1893 	EXP 	feedbackText: text = 'Correct'
57.1893 	EXP 	feedbackText: autoDraw = True
58.1902 	EXP 	feedbackText: autoDraw = False
58.1902 	EXP 	feedbackText: autoDraw = False
58.1902 	EXP 	text: autoDraw = True
59.1911 	EXP 	text: autoDraw = False
59.1911 	EXP 	text: autoDraw = False
59.1911 	EXP 	firstVisualStimulus: autoDraw = True
59.1911 	EXP 	firstChoiceLeftStimulus: autoDraw = True
59.1911 	EXP 	firstChoiceRightStimulus: autoDraw = True
59.5249 	EXP 	firstVisualStimulus: autoDraw = False
59.5249 	EXP 	firstChoiceLeftStimulus: autoDraw = False
59.5249 	EXP 	firstChoiceRightStimulus: autoDraw = False
59.5249 	EXP 	firstVisualStimulus: autoDraw = False
59.5249 	EXP 	firstChoiceLeftStimulus: autoDraw = False
59.5249 	EXP 	firstChoiceRightStimulus: autoDraw = False
59.5249 	EXP 	ISIVisualStimulus: autoDraw = True
59.5249 	EXP 	rightStimulus: autoDraw = True
59.5249 	EXP 	leftStimulus: autoDraw = True
60.5256 	EXP 	ISIVisualStimulus: autoDraw = False
60.5256 	EXP 	rightStimulus: autoDraw = False
60.5256 	EXP 	leftStimulus: autoDraw = False
60.5256 	EXP 	ISIVisualStimulus: autoDraw = False
60.5256 	EXP 	rightStimulus: autoDraw = False
60.5256 	EXP 	leftStimulus: autoDraw = False
60.5256 	EXP 	secondVisualStimulus: autoDraw = True
60.5256 	EXP 	secondChoiceLeftStimulus: autoDraw = True
60.5256 	EXP 	secondChoiceRightStimulus: autoDraw = True
60.8595 	EXP 	secondVisualStimulus: autoDraw = False
60.8595 	EXP 	secondChoiceLeftStimulus: autoDraw = False
60.8595 	EXP 	secondChoiceRightStimulus: autoDraw = False
60.8595 	EXP 	secondVisualStimulus: autoDraw = False
60.8595 	EXP 	secondChoiceLeftStimulus: autoDraw = False
60.8595 	EXP 	secondChoiceRightStimulus: autoDraw = False
60.8595 	EXP 	decisionTextProbe: autoDraw = True
61.0262 	EXP 	decisionTextProbe: autoDraw = False
61.0262 	EXP 	feedbackText: text = 'Correct'
61.0262 	EXP 	feedbackText: autoDraw = True
62.0271 	EXP 	feedbackText: autoDraw = False
62.0271 	EXP 	feedbackText: autoDraw = False
62.0271 	EXP 	text: autoDraw = True
63.0283 	EXP 	text: autoDraw = False
63.0283 	EXP 	text: autoDraw = False
63.0283 	EXP 	firstVisualStimulus: autoDraw = True
63.0283 	EXP 	firstChoiceLeftStimulus: autoDraw = True
63.0283 	EXP 	firstChoiceRightStimulus: autoDraw = True
63.3619 	EXP 	firstVisualStimulus: autoDraw = False
63.3619 	EXP 	firstChoiceLeftStimulus: autoDraw = False
63.3619 	EXP 	firstChoiceRightStimulus: autoDraw = False
63.3619 	EXP 	firstVisualStimulus: autoDraw = False
63.3619 	EXP 	firstChoiceLeftStimulus: autoDraw = False
63.3619 	EXP 	firstChoiceRightStimulus: autoDraw = False
63.3619 	EXP 	ISIVisualStimulus: autoDraw = True
63.3619 	EXP 	rightStimulus: autoDraw = True
63.3619 	EXP 	leftStimulus: autoDraw = True
64.3630 	EXP 	ISIVisualStimulus: autoDraw = False
64.3630 	EXP 	rightStimulus: autoDraw = False
64.3630 	EXP 	leftStimulus: autoDraw = False
64.3630 	EXP 	ISIVisualStimulus: autoDraw = False
64.3630 	EXP 	rightStimulus: autoDraw = False
64.3630 	EXP 	leftStimulus: autoDraw = False
64.3630 	EXP 	secondVisualStimulus: autoDraw = True
64.3630 	EXP 	secondChoiceLeftStimulus: autoDraw = True
64.3630 	EXP 	secondChoiceRightStimulus: autoDraw = True
64.6965 	EXP 	secondVisualStimulus: autoDraw = False
64.6965 	EXP 	secondChoiceLeftStimulus: autoDraw = False
64.6965 	EXP 	secondChoiceRightStimulus: autoDraw = False
64.6965 	EXP 	secondVisualStimulus: autoDraw = False
64.6965 	EXP 	secondChoiceLeftStimulus: autoDraw = False
64.6965 	EXP 	secondChoiceRightStimulus: autoDraw = False
64.6965 	EXP 	decisionTextProbe: autoDraw = True
64.9634 	EXP 	decisionTextProbe: autoDraw = False
64.9634 	EXP 	feedbackText: text = 'Correct'
64.9634 	EXP 	feedbackText: autoDraw = True
65.9644 	EXP 	feedbackText: autoDraw = False
65.9644 	EXP 	feedbackText: autoDraw = False
65.9644 	EXP 	text: autoDraw = True
66.9655 	EXP 	text: autoDraw = False
66.9655 	EXP 	text: autoDraw = False
66.9655 	EXP 	firstVisualStimulus: autoDraw = True
66.9655 	EXP 	firstChoiceLeftStimulus: autoDraw = True
66.9655 	EXP 	firstChoiceRightStimulus: autoDraw = True
67.2990 	EXP 	firstVisualStimulus: autoDraw = False
67.2990 	EXP 	firstChoiceLeftStimulus: autoDraw = False
67.2990 	EXP 	firstChoiceRightStimulus: autoDraw = False
67.2990 	EXP 	firstVisualStimulus: autoDraw = False
67.2990 	EXP 	firstChoiceLeftStimulus: autoDraw = False
67.2990 	EXP 	firstChoiceRightStimulus: autoDraw = False
67.2990 	EXP 	ISIVisualStimulus: autoDraw = True
67.2990 	EXP 	rightStimulus: autoDraw = True
67.2990 	EXP 	leftStimulus: autoDraw = True
68.3001 	EXP 	ISIVisualStimulus: autoDraw = False
68.3001 	EXP 	rightStimulus: autoDraw = False
68.3001 	EXP 	leftStimulus: autoDraw = False
68.3001 	EXP 	ISIVisualStimulus: autoDraw = False
68.3001 	EXP 	rightStimulus: autoDraw = False
68.3001 	EXP 	leftStimulus: autoDraw = False
68.3001 	EXP 	secondVisualStimulus: autoDraw = True
68.3001 	EXP 	secondChoiceLeftStimulus: autoDraw = True
68.3001 	EXP 	secondChoiceRightStimulus: autoDraw = True
68.6336 	EXP 	secondVisualStimulus: autoDraw = False
68.6336 	EXP 	secondChoiceLeftStimulus: autoDraw = False
68.6336 	EXP 	secondChoiceRightStimulus: autoDraw = False
68.6336 	EXP 	secondVisualStimulus: autoDraw = False
68.6336 	EXP 	secondChoiceLeftStimulus: autoDraw = False
68.6336 	EXP 	secondChoiceRightStimulus: autoDraw = False
68.6336 	EXP 	decisionTextProbe: autoDraw = True
68.8839 	EXP 	decisionTextProbe: autoDraw = False
68.8839 	EXP 	feedbackText: text = 'Correct'
68.8839 	EXP 	feedbackText: autoDraw = True
69.8848 	EXP 	feedbackText: autoDraw = False
69.8848 	EXP 	feedbackText: autoDraw = False
69.8848 	EXP 	text: autoDraw = True
70.8862 	EXP 	text: autoDraw = False
70.8862 	EXP 	text: autoDraw = False
70.8862 	EXP 	firstVisualStimulus: autoDraw = True
70.8862 	EXP 	firstChoiceLeftStimulus: autoDraw = True
70.8862 	EXP 	firstChoiceRightStimulus: autoDraw = True
71.2200 	EXP 	firstVisualStimulus: autoDraw = False
71.2200 	EXP 	firstChoiceLeftStimulus: autoDraw = False
71.2200 	EXP 	firstChoiceRightStimulus: autoDraw = False
71.2200 	EXP 	firstVisualStimulus: autoDraw = False
71.2200 	EXP 	firstChoiceLeftStimulus: autoDraw = False
71.2200 	EXP 	firstChoiceRightStimulus: autoDraw = False
71.2200 	EXP 	ISIVisualStimulus: autoDraw = True
71.2200 	EXP 	rightStimulus: autoDraw = True
71.2200 	EXP 	leftStimulus: autoDraw = True
72.2210 	EXP 	ISIVisualStimulus: autoDraw = False
72.2210 	EXP 	rightStimulus: autoDraw = False
72.2210 	EXP 	leftStimulus: autoDraw = False
72.2210 	EXP 	ISIVisualStimulus: autoDraw = False
72.2210 	EXP 	rightStimulus: autoDraw = False
72.2210 	EXP 	leftStimulus: autoDraw = False
72.2210 	EXP 	secondVisualStimulus: autoDraw = True
72.2210 	EXP 	secondChoiceLeftStimulus: autoDraw = True
72.2210 	EXP 	secondChoiceRightStimulus: autoDraw = True
72.5543 	EXP 	secondVisualStimulus: autoDraw = False
72.5543 	EXP 	secondChoiceLeftStimulus: autoDraw = False
72.5543 	EXP 	secondChoiceRightStimulus: autoDraw = False
72.5543 	EXP 	secondVisualStimulus: autoDraw = False
72.5543 	EXP 	secondChoiceLeftStimulus: autoDraw = False
72.5543 	EXP 	secondChoiceRightStimulus: autoDraw = False
72.5543 	EXP 	decisionTextProbe: autoDraw = True
72.7880 	EXP 	decisionTextProbe: autoDraw = False
72.7880 	EXP 	feedbackText: text = 'Correct'
72.7880 	EXP 	feedbackText: autoDraw = True
73.7890 	EXP 	feedbackText: autoDraw = False
73.7890 	EXP 	feedbackText: autoDraw = False
73.7890 	EXP 	text: autoDraw = True
74.7900 	EXP 	text: autoDraw = False
74.7900 	EXP 	text: autoDraw = False
74.7900 	EXP 	firstVisualStimulus: autoDraw = True
74.7900 	EXP 	firstChoiceLeftStimulus: autoDraw = True
74.7900 	EXP 	firstChoiceRightStimulus: autoDraw = True
75.1235 	EXP 	firstVisualStimulus: autoDraw = False
75.1235 	EXP 	firstChoiceLeftStimulus: autoDraw = False
75.1235 	EXP 	firstChoiceRightStimulus: autoDraw = False
75.1235 	EXP 	firstVisualStimulus: autoDraw = False
75.1235 	EXP 	firstChoiceLeftStimulus: autoDraw = False
75.1235 	EXP 	firstChoiceRightStimulus: autoDraw = False
75.1235 	EXP 	ISIVisualStimulus: autoDraw = True
75.1235 	EXP 	rightStimulus: autoDraw = True
75.1235 	EXP 	leftStimulus: autoDraw = True
76.1247 	EXP 	ISIVisualStimulus: autoDraw = False
76.1247 	EXP 	rightStimulus: autoDraw = False
76.1247 	EXP 	leftStimulus: autoDraw = False
76.1247 	EXP 	ISIVisualStimulus: autoDraw = False
76.1247 	EXP 	rightStimulus: autoDraw = False
76.1247 	EXP 	leftStimulus: autoDraw = False
76.1247 	EXP 	secondVisualStimulus: autoDraw = True
76.1247 	EXP 	secondChoiceLeftStimulus: autoDraw = True
76.1247 	EXP 	secondChoiceRightStimulus: autoDraw = True
76.4583 	EXP 	secondVisualStimulus: autoDraw = False
76.4583 	EXP 	secondChoiceLeftStimulus: autoDraw = False
76.4583 	EXP 	secondChoiceRightStimulus: autoDraw = False
76.4583 	EXP 	secondVisualStimulus: autoDraw = False
76.4583 	EXP 	secondChoiceLeftStimulus: autoDraw = False
76.4583 	EXP 	secondChoiceRightStimulus: autoDraw = False
76.4583 	EXP 	decisionTextProbe: autoDraw = True
76.7253 	EXP 	decisionTextProbe: autoDraw = False
76.7253 	EXP 	feedbackText: text = 'Correct'
76.7253 	EXP 	feedbackText: autoDraw = True
77.7263 	EXP 	feedbackText: autoDraw = False
77.7263 	EXP 	feedbackText: autoDraw = False
77.7263 	EXP 	text: autoDraw = True
78.7273 	EXP 	text: autoDraw = False
78.7273 	EXP 	text: autoDraw = False
78.7273 	EXP 	firstVisualStimulus: autoDraw = True
78.7273 	EXP 	firstChoiceLeftStimulus: autoDraw = True
78.7273 	EXP 	firstChoiceRightStimulus: autoDraw = True
79.0607 	EXP 	firstVisualStimulus: autoDraw = False
79.0607 	EXP 	firstChoiceLeftStimulus: autoDraw = False
79.0607 	EXP 	firstChoiceRightStimulus: autoDraw = False
79.0607 	EXP 	firstVisualStimulus: autoDraw = False
79.0607 	EXP 	firstChoiceLeftStimulus: autoDraw = False
79.0607 	EXP 	firstChoiceRightStimulus: autoDraw = False
79.0607 	EXP 	ISIVisualStimulus: autoDraw = True
79.0607 	EXP 	rightStimulus: autoDraw = True
79.0607 	EXP 	leftStimulus: autoDraw = True
80.0622 	EXP 	ISIVisualStimulus: autoDraw = False
80.0622 	EXP 	rightStimulus: autoDraw = False
80.0622 	EXP 	leftStimulus: autoDraw = False
80.0622 	EXP 	ISIVisualStimulus: autoDraw = False
80.0622 	EXP 	rightStimulus: autoDraw = False
80.0622 	EXP 	leftStimulus: autoDraw = False
80.0622 	EXP 	secondVisualStimulus: autoDraw = True
80.0622 	EXP 	secondChoiceLeftStimulus: autoDraw = True
80.0622 	EXP 	secondChoiceRightStimulus: autoDraw = True
80.3957 	EXP 	secondVisualStimulus: autoDraw = False
80.3957 	EXP 	secondChoiceLeftStimulus: autoDraw = False
80.3957 	EXP 	secondChoiceRightStimulus: autoDraw = False
80.3957 	EXP 	secondVisualStimulus: autoDraw = False
80.3957 	EXP 	secondChoiceLeftStimulus: autoDraw = False
80.3957 	EXP 	secondChoiceRightStimulus: autoDraw = False
80.3957 	EXP 	decisionTextProbe: autoDraw = True
80.7461 	EXP 	decisionTextProbe: autoDraw = False
80.7461 	EXP 	feedbackText: text = 'Correct'
80.7461 	EXP 	feedbackText: autoDraw = True
81.7468 	EXP 	feedbackText: autoDraw = False
81.7468 	EXP 	feedbackText: autoDraw = False
81.7468 	EXP 	text: autoDraw = True
82.7479 	EXP 	text: autoDraw = False
82.7479 	EXP 	text: autoDraw = False
82.7479 	EXP 	firstVisualStimulus: autoDraw = True
82.7479 	EXP 	firstChoiceLeftStimulus: autoDraw = True
82.7479 	EXP 	firstChoiceRightStimulus: autoDraw = True
83.0818 	EXP 	firstVisualStimulus: autoDraw = False
83.0818 	EXP 	firstChoiceLeftStimulus: autoDraw = False
83.0818 	EXP 	firstChoiceRightStimulus: autoDraw = False
83.0818 	EXP 	firstVisualStimulus: autoDraw = False
83.0818 	EXP 	firstChoiceLeftStimulus: autoDraw = False
83.0818 	EXP 	firstChoiceRightStimulus: autoDraw = False
83.0818 	EXP 	ISIVisualStimulus: autoDraw = True
83.0818 	EXP 	rightStimulus: autoDraw = True
83.0818 	EXP 	leftStimulus: autoDraw = True
84.0826 	EXP 	ISIVisualStimulus: autoDraw = False
84.0826 	EXP 	rightStimulus: autoDraw = False
84.0826 	EXP 	leftStimulus: autoDraw = False
84.0826 	EXP 	ISIVisualStimulus: autoDraw = False
84.0826 	EXP 	rightStimulus: autoDraw = False
84.0826 	EXP 	leftStimulus: autoDraw = False
84.0826 	EXP 	secondVisualStimulus: autoDraw = True
84.0826 	EXP 	secondChoiceLeftStimulus: autoDraw = True
84.0826 	EXP 	secondChoiceRightStimulus: autoDraw = True
84.4164 	EXP 	secondVisualStimulus: autoDraw = False
84.4164 	EXP 	secondChoiceLeftStimulus: autoDraw = False
84.4164 	EXP 	secondChoiceRightStimulus: autoDraw = False
84.4164 	EXP 	secondVisualStimulus: autoDraw = False
84.4164 	EXP 	secondChoiceLeftStimulus: autoDraw = False
84.4164 	EXP 	secondChoiceRightStimulus: autoDraw = False
84.4164 	EXP 	decisionTextProbe: autoDraw = True
85.5840 	EXP 	decisionTextProbe: autoDraw = False
85.5840 	EXP 	feedbackText: text = 'Correct'
85.5840 	EXP 	feedbackText: autoDraw = True
86.5852 	EXP 	feedbackText: autoDraw = False
86.5852 	EXP 	feedbackText: autoDraw = False
86.5852 	EXP 	text: autoDraw = True
87.5858 	EXP 	text: autoDraw = False
87.5858 	EXP 	text: autoDraw = False
87.5858 	EXP 	firstVisualStimulus: autoDraw = True
87.5858 	EXP 	firstChoiceLeftStimulus: autoDraw = True
87.5858 	EXP 	firstChoiceRightStimulus: autoDraw = True
87.9198 	EXP 	firstVisualStimulus: autoDraw = False
87.9198 	EXP 	firstChoiceLeftStimulus: autoDraw = False
87.9198 	EXP 	firstChoiceRightStimulus: autoDraw = False
87.9198 	EXP 	firstVisualStimulus: autoDraw = False
87.9198 	EXP 	firstChoiceLeftStimulus: autoDraw = False
87.9198 	EXP 	firstChoiceRightStimulus: autoDraw = False
87.9198 	EXP 	ISIVisualStimulus: autoDraw = True
87.9198 	EXP 	rightStimulus: autoDraw = True
87.9198 	EXP 	leftStimulus: autoDraw = True
88.9209 	EXP 	ISIVisualStimulus: autoDraw = False
88.9209 	EXP 	rightStimulus: autoDraw = False
88.9209 	EXP 	leftStimulus: autoDraw = False
88.9209 	EXP 	ISIVisualStimulus: autoDraw = False
88.9209 	EXP 	rightStimulus: autoDraw = False
88.9209 	EXP 	leftStimulus: autoDraw = False
88.9209 	EXP 	secondVisualStimulus: autoDraw = True
88.9209 	EXP 	secondChoiceLeftStimulus: autoDraw = True
88.9209 	EXP 	secondChoiceRightStimulus: autoDraw = True
89.2544 	EXP 	secondVisualStimulus: autoDraw = False
89.2544 	EXP 	secondChoiceLeftStimulus: autoDraw = False
89.2544 	EXP 	secondChoiceRightStimulus: autoDraw = False
89.2544 	EXP 	secondVisualStimulus: autoDraw = False
89.2544 	EXP 	secondChoiceLeftStimulus: autoDraw = False
89.2544 	EXP 	secondChoiceRightStimulus: autoDraw = False
89.2544 	EXP 	decisionTextProbe: autoDraw = True
89.5385 	EXP 	decisionTextProbe: autoDraw = False
89.5385 	EXP 	feedbackText: text = 'Correct'
89.5385 	EXP 	feedbackText: autoDraw = True
90.5389 	EXP 	feedbackText: autoDraw = False
90.5389 	EXP 	feedbackText: autoDraw = False
90.5389 	EXP 	text: autoDraw = True
91.5401 	EXP 	text: autoDraw = False
91.5401 	EXP 	text: autoDraw = False
91.5401 	EXP 	firstVisualStimulus: autoDraw = True
91.5401 	EXP 	firstChoiceLeftStimulus: autoDraw = True
91.5401 	EXP 	firstChoiceRightStimulus: autoDraw = True
91.8735 	EXP 	firstVisualStimulus: autoDraw = False
91.8735 	EXP 	firstChoiceLeftStimulus: autoDraw = False
91.8735 	EXP 	firstChoiceRightStimulus: autoDraw = False
91.8735 	EXP 	firstVisualStimulus: autoDraw = False
91.8735 	EXP 	firstChoiceLeftStimulus: autoDraw = False
91.8735 	EXP 	firstChoiceRightStimulus: autoDraw = False
91.8735 	EXP 	ISIVisualStimulus: autoDraw = True
91.8735 	EXP 	rightStimulus: autoDraw = True
91.8735 	EXP 	leftStimulus: autoDraw = True
92.8749 	EXP 	ISIVisualStimulus: autoDraw = False
92.8749 	EXP 	rightStimulus: autoDraw = False
92.8749 	EXP 	leftStimulus: autoDraw = False
92.8749 	EXP 	ISIVisualStimulus: autoDraw = False
92.8749 	EXP 	rightStimulus: autoDraw = False
92.8749 	EXP 	leftStimulus: autoDraw = False
92.8749 	EXP 	secondVisualStimulus: autoDraw = True
92.8749 	EXP 	secondChoiceLeftStimulus: autoDraw = True
92.8749 	EXP 	secondChoiceRightStimulus: autoDraw = True
93.2081 	EXP 	secondVisualStimulus: autoDraw = False
93.2081 	EXP 	secondChoiceLeftStimulus: autoDraw = False
93.2081 	EXP 	secondChoiceRightStimulus: autoDraw = False
93.2081 	EXP 	secondVisualStimulus: autoDraw = False
93.2081 	EXP 	secondChoiceLeftStimulus: autoDraw = False
93.2081 	EXP 	secondChoiceRightStimulus: autoDraw = False
93.2081 	EXP 	decisionTextProbe: autoDraw = True
93.6924 	EXP 	decisionTextProbe: autoDraw = False
93.6924 	EXP 	feedbackText: text = 'Correct'
93.6924 	EXP 	feedbackText: autoDraw = True
94.6934 	EXP 	feedbackText: autoDraw = False
94.6934 	EXP 	feedbackText: autoDraw = False
94.6934 	EXP 	text: autoDraw = True
95.6940 	EXP 	text: autoDraw = False
95.6940 	EXP 	text: autoDraw = False
95.6940 	EXP 	firstVisualStimulus: autoDraw = True
95.6940 	EXP 	firstChoiceLeftStimulus: autoDraw = True
95.6940 	EXP 	firstChoiceRightStimulus: autoDraw = True
96.0278 	EXP 	firstVisualStimulus: autoDraw = False
96.0278 	EXP 	firstChoiceLeftStimulus: autoDraw = False
96.0278 	EXP 	firstChoiceRightStimulus: autoDraw = False
96.0278 	EXP 	firstVisualStimulus: autoDraw = False
96.0278 	EXP 	firstChoiceLeftStimulus: autoDraw = False
96.0278 	EXP 	firstChoiceRightStimulus: autoDraw = False
96.0278 	EXP 	ISIVisualStimulus: autoDraw = True
96.0278 	EXP 	rightStimulus: autoDraw = True
96.0278 	EXP 	leftStimulus: autoDraw = True
97.0288 	EXP 	ISIVisualStimulus: autoDraw = False
97.0288 	EXP 	rightStimulus: autoDraw = False
97.0288 	EXP 	leftStimulus: autoDraw = False
97.0288 	EXP 	ISIVisualStimulus: autoDraw = False
97.0288 	EXP 	rightStimulus: autoDraw = False
97.0288 	EXP 	leftStimulus: autoDraw = False
97.0288 	EXP 	secondVisualStimulus: autoDraw = True
97.0288 	EXP 	secondChoiceLeftStimulus: autoDraw = True
97.0288 	EXP 	secondChoiceRightStimulus: autoDraw = True
97.3628 	EXP 	secondVisualStimulus: autoDraw = False
97.3628 	EXP 	secondChoiceLeftStimulus: autoDraw = False
97.3628 	EXP 	secondChoiceRightStimulus: autoDraw = False
97.3628 	EXP 	secondVisualStimulus: autoDraw = False
97.3628 	EXP 	secondChoiceLeftStimulus: autoDraw = False
97.3628 	EXP 	secondChoiceRightStimulus: autoDraw = False
97.3628 	EXP 	decisionTextProbe: autoDraw = True
97.9633 	EXP 	decisionTextProbe: autoDraw = False
97.9633 	EXP 	feedbackText: text = 'Correct'
97.9633 	EXP 	feedbackText: autoDraw = True
98.9643 	EXP 	feedbackText: autoDraw = False
98.9643 	EXP 	feedbackText: autoDraw = False
98.9643 	EXP 	text: autoDraw = True
99.9652 	EXP 	text: autoDraw = False
99.9652 	EXP 	text: autoDraw = False
99.9652 	EXP 	firstVisualStimulus: autoDraw = True
99.9652 	EXP 	firstChoiceLeftStimulus: autoDraw = True
99.9652 	EXP 	firstChoiceRightStimulus: autoDraw = True
100.2988 	EXP 	firstVisualStimulus: autoDraw = False
100.2988 	EXP 	firstChoiceLeftStimulus: autoDraw = False
100.2988 	EXP 	firstChoiceRightStimulus: autoDraw = False
100.2988 	EXP 	firstVisualStimulus: autoDraw = False
100.2988 	EXP 	firstChoiceLeftStimulus: autoDraw = False
100.2988 	EXP 	firstChoiceRightStimulus: autoDraw = False
100.2988 	EXP 	ISIVisualStimulus: autoDraw = True
100.2988 	EXP 	rightStimulus: autoDraw = True
100.2988 	EXP 	leftStimulus: autoDraw = True
101.2997 	EXP 	ISIVisualStimulus: autoDraw = False
101.2997 	EXP 	rightStimulus: autoDraw = False
101.2997 	EXP 	leftStimulus: autoDraw = False
101.2997 	EXP 	ISIVisualStimulus: autoDraw = False
101.2997 	EXP 	rightStimulus: autoDraw = False
101.2997 	EXP 	leftStimulus: autoDraw = False
101.2997 	EXP 	secondVisualStimulus: autoDraw = True
101.2997 	EXP 	secondChoiceLeftStimulus: autoDraw = True
101.2997 	EXP 	secondChoiceRightStimulus: autoDraw = True
101.6335 	EXP 	secondVisualStimulus: autoDraw = False
101.6335 	EXP 	secondChoiceLeftStimulus: autoDraw = False
101.6335 	EXP 	secondChoiceRightStimulus: autoDraw = False
101.6335 	EXP 	secondVisualStimulus: autoDraw = False
101.6335 	EXP 	secondChoiceLeftStimulus: autoDraw = False
101.6335 	EXP 	secondChoiceRightStimulus: autoDraw = False
101.6335 	EXP 	decisionTextProbe: autoDraw = True
102.0506 	EXP 	decisionTextProbe: autoDraw = False
102.0506 	EXP 	feedbackText: text = 'Incorrect'
102.0506 	EXP 	feedbackText: autoDraw = True
103.0516 	EXP 	feedbackText: autoDraw = False
103.0516 	EXP 	feedbackText: autoDraw = False
103.0516 	EXP 	text: autoDraw = True
104.0527 	EXP 	text: autoDraw = False
104.0527 	EXP 	text: autoDraw = False
104.0527 	EXP 	firstVisualStimulus: autoDraw = True
104.0527 	EXP 	firstChoiceLeftStimulus: autoDraw = True
104.0527 	EXP 	firstChoiceRightStimulus: autoDraw = True
104.3862 	EXP 	firstVisualStimulus: autoDraw = False
104.3862 	EXP 	firstChoiceLeftStimulus: autoDraw = False
104.3862 	EXP 	firstChoiceRightStimulus: autoDraw = False
104.3862 	EXP 	firstVisualStimulus: autoDraw = False
104.3862 	EXP 	firstChoiceLeftStimulus: autoDraw = False
104.3862 	EXP 	firstChoiceRightStimulus: autoDraw = False
104.3862 	EXP 	ISIVisualStimulus: autoDraw = True
104.3862 	EXP 	rightStimulus: autoDraw = True
104.3862 	EXP 	leftStimulus: autoDraw = True
105.3871 	EXP 	ISIVisualStimulus: autoDraw = False
105.3871 	EXP 	rightStimulus: autoDraw = False
105.3871 	EXP 	leftStimulus: autoDraw = False
105.3871 	EXP 	ISIVisualStimulus: autoDraw = False
105.3871 	EXP 	rightStimulus: autoDraw = False
105.3871 	EXP 	leftStimulus: autoDraw = False
105.3871 	EXP 	secondVisualStimulus: autoDraw = True
105.3871 	EXP 	secondChoiceLeftStimulus: autoDraw = True
105.3871 	EXP 	secondChoiceRightStimulus: autoDraw = True
105.7210 	EXP 	secondVisualStimulus: autoDraw = False
105.7210 	EXP 	secondChoiceLeftStimulus: autoDraw = False
105.7210 	EXP 	secondChoiceRightStimulus: autoDraw = False
105.7210 	EXP 	secondVisualStimulus: autoDraw = False
105.7210 	EXP 	secondChoiceLeftStimulus: autoDraw = False
105.7210 	EXP 	secondChoiceRightStimulus: autoDraw = False
105.7210 	EXP 	decisionTextProbe: autoDraw = True
106.2045 	EXP 	decisionTextProbe: autoDraw = False
106.2045 	EXP 	feedbackText: text = 'Incorrect'
106.2045 	EXP 	feedbackText: autoDraw = True
107.2057 	EXP 	feedbackText: autoDraw = False
107.2057 	EXP 	feedbackText: autoDraw = False
107.2057 	EXP 	text: autoDraw = True
108.2068 	EXP 	text: autoDraw = False
108.2068 	EXP 	text: autoDraw = False
108.2068 	EXP 	firstVisualStimulus: autoDraw = True
108.2068 	EXP 	firstChoiceLeftStimulus: autoDraw = True
108.2068 	EXP 	firstChoiceRightStimulus: autoDraw = True
108.5404 	EXP 	firstVisualStimulus: autoDraw = False
108.5404 	EXP 	firstChoiceLeftStimulus: autoDraw = False
108.5404 	EXP 	firstChoiceRightStimulus: autoDraw = False
108.5404 	EXP 	firstVisualStimulus: autoDraw = False
108.5404 	EXP 	firstChoiceLeftStimulus: autoDraw = False
108.5404 	EXP 	firstChoiceRightStimulus: autoDraw = False
108.5404 	EXP 	ISIVisualStimulus: autoDraw = True
108.5404 	EXP 	rightStimulus: autoDraw = True
108.5404 	EXP 	leftStimulus: autoDraw = True
109.5415 	EXP 	ISIVisualStimulus: autoDraw = False
109.5415 	EXP 	rightStimulus: autoDraw = False
109.5415 	EXP 	leftStimulus: autoDraw = False
109.5415 	EXP 	ISIVisualStimulus: autoDraw = False
109.5415 	EXP 	rightStimulus: autoDraw = False
109.5415 	EXP 	leftStimulus: autoDraw = False
109.5415 	EXP 	secondVisualStimulus: autoDraw = True
109.5415 	EXP 	secondChoiceLeftStimulus: autoDraw = True
109.5415 	EXP 	secondChoiceRightStimulus: autoDraw = True
109.8749 	EXP 	secondVisualStimulus: autoDraw = False
109.8749 	EXP 	secondChoiceLeftStimulus: autoDraw = False
109.8749 	EXP 	secondChoiceRightStimulus: autoDraw = False
109.8749 	EXP 	secondVisualStimulus: autoDraw = False
109.8749 	EXP 	secondChoiceLeftStimulus: autoDraw = False
109.8749 	EXP 	secondChoiceRightStimulus: autoDraw = False
109.8749 	EXP 	decisionTextProbe: autoDraw = True
110.0421 	EXP 	decisionTextProbe: autoDraw = False
110.0421 	EXP 	feedbackText: text = 'Correct'
110.0421 	EXP 	feedbackText: autoDraw = True
111.0432 	EXP 	feedbackText: autoDraw = False
111.0432 	EXP 	feedbackText: autoDraw = False
111.0432 	EXP 	text: autoDraw = True
112.0439 	EXP 	text: autoDraw = False
112.0439 	EXP 	text: autoDraw = False
112.0439 	EXP 	firstVisualStimulus: autoDraw = True
112.0439 	EXP 	firstChoiceLeftStimulus: autoDraw = True
112.0439 	EXP 	firstChoiceRightStimulus: autoDraw = True
112.3777 	EXP 	firstVisualStimulus: autoDraw = False
112.3777 	EXP 	firstChoiceLeftStimulus: autoDraw = False
112.3777 	EXP 	firstChoiceRightStimulus: autoDraw = False
112.3777 	EXP 	firstVisualStimulus: autoDraw = False
112.3777 	EXP 	firstChoiceLeftStimulus: autoDraw = False
112.3777 	EXP 	firstChoiceRightStimulus: autoDraw = False
112.3777 	EXP 	ISIVisualStimulus: autoDraw = True
112.3777 	EXP 	rightStimulus: autoDraw = True
112.3777 	EXP 	leftStimulus: autoDraw = True
113.3786 	EXP 	ISIVisualStimulus: autoDraw = False
113.3786 	EXP 	rightStimulus: autoDraw = False
113.3786 	EXP 	leftStimulus: autoDraw = False
113.3786 	EXP 	ISIVisualStimulus: autoDraw = False
113.3786 	EXP 	rightStimulus: autoDraw = False
113.3786 	EXP 	leftStimulus: autoDraw = False
113.3786 	EXP 	secondVisualStimulus: autoDraw = True
113.3786 	EXP 	secondChoiceLeftStimulus: autoDraw = True
113.3786 	EXP 	secondChoiceRightStimulus: autoDraw = True
113.7119 	EXP 	secondVisualStimulus: autoDraw = False
113.7119 	EXP 	secondChoiceLeftStimulus: autoDraw = False
113.7119 	EXP 	secondChoiceRightStimulus: autoDraw = False
113.7119 	EXP 	secondVisualStimulus: autoDraw = False
113.7119 	EXP 	secondChoiceLeftStimulus: autoDraw = False
113.7119 	EXP 	secondChoiceRightStimulus: autoDraw = False
113.7119 	EXP 	decisionTextProbe: autoDraw = True
114.0459 	EXP 	decisionTextProbe: autoDraw = False
114.0459 	EXP 	feedbackText: text = 'Correct'
114.0459 	EXP 	feedbackText: autoDraw = True
114.9714 	EXP 	window1: mouseVisible = True
114.9715 	DEBUG 	Saving data for toneDetectionPlatform_V1.6 ExperimentHandler
114.9806 	INFO 	saved data to C:\Users\W2032175\Documents\GitHub\Open-source-Auditory-Tone-Detection-Task\Auditory Tone Detection Task\data/_toneDetectionPlatform_V1.6_2020_Nov_02_1433.psydat
114.9880 	INFO 	saved data to 'C:\\Users\\W2032175\\Documents\\GitHub\\Open-source-Auditory-Tone-Detection-Task\\Auditory Tone Detection Task\\data/_toneDetectionPlatform_V1.6_2020_Nov_02_1433.csv'
