1.3982 	WARNING 	We strongly recommend you activate the PTB sound engine in PsychoPy prefs as the preferred audio engine. Its timing is vastly superior. Your prefs are currently set to use ['sounddevice', 'PTB', 'pyo', 'pygame'] (in that order).
7.8042 	INFO 	Loaded monitor calibration from ['2020_10_15 13:31']
9.4118 	EXP 	Created window1 = Window(allowGUI=False, allowStencil=False, args=UNKNOWN, autoLog=True, bitsMode=UNKNOWN, blendMode='avg', bpc=(8, 8, 8), color=array([1., 1., 1.]), colorSpace='rgb', depthBits=8, fullscr=<method-wrapper '__getattribute__' of attributeSetter object at 0x00000158B8E9DC18>, gamma=None, gammaErrorPolicy='raise', kwargs=UNKNOWN, lms=UNKNOWN, monitor=<psychopy.monitors.calibTools.Monitor object at 0x00000158B8AB34E0>, multiSample=False, name='window1', numSamples=2, pos=[0.0, 0.0], screen=0, size=array([1366,  768]), stencilBits=0, stereo=False, units='height', useFBO=True, useRetina=False, viewOri=0.0, viewPos=None, viewScale=None, waitBlanking=True, winType='pyglet')
9.4118 	EXP 	window1: mouseVisible = True
9.4119 	EXP 	window1: recordFrameIntervals = False
9.5778 	EXP 	window1: recordFrameIntervals = True
9.7616 	DEBUG 	Screen (0) actual frame rate measured at 59.97
9.7616 	EXP 	window1: recordFrameIntervals = False
9.9558 	EXP 	Created welcomeText = TextStim(__class__=<class 'psychopy.visual.text.TextStim'>, alignHoriz=method-wrapper(...), alignText='center', alignVert=method-wrapper(...), anchorHoriz='center', anchorVert='center', antialias=True, autoLog=True, bold=False, color='black', colorSpace='named', contrast=1.0, depth=0.0, flipHoriz=False, flipVert=False, font='Arial', fontFiles=[], height=0.07, italic=False, languageStyle='LTR', name='welcomeText', opacity=1.0, ori=0, pos=array([0., 0.]), rgb=array([0., 0., 0.]), text=str(...), units='height', win=Window(...), wrapWidth=1)
10.0013 	EXP 	Created instructionsLightBulb1 = ImageStim(__class__=<class 'psychopy.visual.image.ImageStim'>, autoLog=True, color=array([1., 1., 1.]), colorSpace='rgb', contrast=1.0, depth=0.0, flipHoriz=False, flipVert=False, image='lightBulb_OFF.png', interpolate=True, mask=None, maskParams=None, name='instructionsLightBulb1', opacity=1.0, ori=0.0, pos=array([-0.5,  0. ]), size=array([0.4, 0.4]), texRes=128, units='height', win=Window(...))
10.0426 	EXP 	Created instructionsLightBulb2 = ImageStim(__class__=<class 'psychopy.visual.image.ImageStim'>, autoLog=True, color=array([1., 1., 1.]), colorSpace='rgb', contrast=1.0, depth=-1.0, flipHoriz=False, flipVert=False, image='lightBulb_OFF.png', interpolate=True, mask=None, maskParams=None, name='instructionsLightBulb2', opacity=1.0, ori=0.0, pos=array([0.5, 0. ]), size=array([0.4, 0.4]), texRes=128, units='height', win=Window(...))
10.0620 	EXP 	Created instructionsText = TextStim(__class__=<class 'psychopy.visual.text.TextStim'>, alignHoriz=method-wrapper(...), alignText='center', alignVert=method-wrapper(...), anchorHoriz='center', anchorVert='center', antialias=True, autoLog=True, bold=False, color='black', colorSpace='named', contrast=1.0, depth=-2.0, flipHoriz=False, flipVert=False, font='Arial', fontFiles=[], height=0.05, italic=False, languageStyle='LTR', name='instructionsText', opacity=1.0, ori=0, pos=array([0. , 0.3]), rgb=array([0., 0., 0.]), text=str(...), units='height', win=Window(...), wrapWidth=1)
10.0670 	EXP 	Created pressSpace = TextStim(__class__=<class 'psychopy.visual.text.TextStim'>, alignHoriz=method-wrapper(...), alignText='center', alignVert=method-wrapper(...), anchorHoriz='center', anchorVert='center', antialias=True, autoLog=True, bold=False, color='black', colorSpace='named', contrast=1.0, depth=-3.0, flipHoriz=False, flipVert=False, font='Arial', fontFiles=[], height=0.05, italic=False, languageStyle='LTR', name='pressSpace', opacity=1.0, ori=0, pos=array([ 0. , -0.3]), rgb=array([0., 0., 0.]), text='PRESS SPACE to continue', units='height', win=Window(...), wrapWidth=1)
10.0940 	EXP 	Created instructionsLightBulb1_2 = ImageStim(__class__=<class 'psychopy.visual.image.ImageStim'>, autoLog=True, color=array([1., 1., 1.]), colorSpace='rgb', contrast=1.0, depth=0.0, flipHoriz=False, flipVert=False, image='lightBulb_OFF.png', interpolate=True, mask=None, maskParams=None, name='instructionsLightBulb1_2', opacity=1.0, ori=0.0, pos=array([-0.5,  0. ]), size=array([0.4, 0.4]), texRes=128, units='height', win=Window(...))
10.1213 	EXP 	Created instructionsLightBulb2_2 = ImageStim(__class__=<class 'psychopy.visual.image.ImageStim'>, autoLog=True, color=array([1., 1., 1.]), colorSpace='rgb', contrast=1.0, depth=-1.0, flipHoriz=False, flipVert=False, image='lightBulb_OFF.png', interpolate=True, mask=None, maskParams=None, name='instructionsLightBulb2_2', opacity=1.0, ori=0.0, pos=array([0.5, 0. ]), size=array([0.4, 0.4]), texRes=128, units='height', win=Window(...))
10.1260 	EXP 	Created instructionsText_2 = TextStim(__class__=<class 'psychopy.visual.text.TextStim'>, alignHoriz=method-wrapper(...), alignText='center', alignVert=method-wrapper(...), anchorHoriz='center', anchorVert='center', antialias=True, autoLog=True, bold=False, color='black', colorSpace='named', contrast=1.0, depth=-2.0, flipHoriz=False, flipVert=False, font='Arial', fontFiles=[], height=0.05, italic=False, languageStyle='LTR', name='instructionsText_2', opacity=1.0, ori=0, pos=array([0. , 0.3]), rgb=array([0., 0., 0.]), text='In each trial, the light bulbs will blink', units='height', win=Window(...), wrapWidth=1)
10.1291 	EXP 	Created pressSpace_2 = TextStim(__class__=<class 'psychopy.visual.text.TextStim'>, alignHoriz=method-wrapper(...), alignText='center', alignVert=method-wrapper(...), anchorHoriz='center', anchorVert='center', antialias=True, autoLog=True, bold=False, color='black', colorSpace='named', contrast=1.0, depth=-3.0, flipHoriz=False, flipVert=False, font='Arial', fontFiles=[], height=0.05, italic=False, languageStyle='LTR', name='pressSpace_2', opacity=1.0, ori=0, pos=array([ 0. , -0.3]), rgb=array([0., 0., 0.]), text='PRESS SPACE to continue', units='height', win=Window(...), wrapWidth=1)
10.1573 	EXP 	Created instructionsLightBulb1_3 = ImageStim(__class__=<class 'psychopy.visual.image.ImageStim'>, autoLog=True, color=array([1., 1., 1.]), colorSpace='rgb', contrast=1.0, depth=0.0, flipHoriz=False, flipVert=False, image='lightBulb_OFF.png', interpolate=True, mask=None, maskParams=None, name='instructionsLightBulb1_3', opacity=1.0, ori=0.0, pos=array([-0.5,  0. ]), size=array([0.4, 0.4]), texRes=128, units='height', win=Window(...))
10.1840 	EXP 	Created instructionsLightBulb2_3 = ImageStim(__class__=<class 'psychopy.visual.image.ImageStim'>, autoLog=True, color=array([1., 1., 1.]), colorSpace='rgb', contrast=1.0, depth=-1.0, flipHoriz=False, flipVert=False, image='lightBulb_OFF.png', interpolate=True, mask=None, maskParams=None, name='instructionsLightBulb2_3', opacity=1.0, ori=0.0, pos=array([0.5, 0. ]), size=array([0.4, 0.4]), texRes=128, units='height', win=Window(...))
10.1903 	EXP 	Created text_3 = TextStim(__class__=<class 'psychopy.visual.text.TextStim'>, alignHoriz=method-wrapper(...), alignText='center', alignVert=method-wrapper(...), anchorHoriz='center', anchorVert='center', antialias=True, autoLog=True, bold=False, color='black', colorSpace='named', contrast=1.0, depth=-2.0, flipHoriz=False, flipVert=False, font='Arial', fontFiles=[], height=0.05, italic=False, languageStyle='LTR', name='text_3', opacity=1.0, ori=0, pos=array([0. , 0.3]), rgb=array([0., 0., 0.]), text=str(...), units='height', win=Window(...), wrapWidth=1)
10.1933 	EXP 	Created pressSpace_3 = TextStim(__class__=<class 'psychopy.visual.text.TextStim'>, alignHoriz=method-wrapper(...), alignText='center', alignVert=method-wrapper(...), anchorHoriz='center', anchorVert='center', antialias=True, autoLog=True, bold=False, color='black', colorSpace='named', contrast=1.0, depth=-3.0, flipHoriz=False, flipVert=False, font='Arial', fontFiles=[], height=0.05, italic=False, languageStyle='LTR', name='pressSpace_3', opacity=1.0, ori=0, pos=array([ 0. , -0.3]), rgb=array([0., 0., 0.]), text='Press SPACE to see light bulb 1 blink', units='height', win=Window(...), wrapWidth=1)
10.2202 	EXP 	Created instructionsLightBulb1_4 = ImageStim(__class__=<class 'psychopy.visual.image.ImageStim'>, autoLog=True, color=array([1., 1., 1.]), colorSpace='rgb', contrast=1.0, depth=0.0, flipHoriz=False, flipVert=False, image='lightBulb_ON.png', interpolate=True, mask=None, maskParams=None, name='instructionsLightBulb1_4', opacity=1.0, ori=0.0, pos=array([-0.5,  0. ]), size=array([0.4, 0.4]), texRes=128, units='height', win=Window(...))
10.2482 	EXP 	Created instructionsLightBulb2_4 = ImageStim(__class__=<class 'psychopy.visual.image.ImageStim'>, autoLog=True, color=array([1., 1., 1.]), colorSpace='rgb', contrast=1.0, depth=-1.0, flipHoriz=False, flipVert=False, image='lightBulb_OFF.png', interpolate=True, mask=None, maskParams=None, name='instructionsLightBulb2_4', opacity=1.0, ori=0.0, pos=array([0.5, 0. ]), size=array([0.4, 0.4]), texRes=128, units='height', win=Window(...))
10.2882 	EXP 	Created instructionsLightBulb1_5 = ImageStim(__class__=<class 'psychopy.visual.image.ImageStim'>, autoLog=True, color=array([1., 1., 1.]), colorSpace='rgb', contrast=1.0, depth=0.0, flipHoriz=False, flipVert=False, image='lightBulb_OFF.png', interpolate=True, mask=None, maskParams=None, name='instructionsLightBulb1_5', opacity=1.0, ori=0.0, pos=array([-0.5,  0. ]), size=array([0.4, 0.4]), texRes=128, units='height', win=Window(...))
10.3275 	EXP 	Created instructionsLightBulb2_5 = ImageStim(__class__=<class 'psychopy.visual.image.ImageStim'>, autoLog=True, color=array([1., 1., 1.]), colorSpace='rgb', contrast=1.0, depth=-1.0, flipHoriz=False, flipVert=False, image='lightBulb_OFF.png', interpolate=True, mask=None, maskParams=None, name='instructionsLightBulb2_5', opacity=1.0, ori=0.0, pos=array([0.5, 0. ]), size=array([0.4, 0.4]), texRes=128, units='height', win=Window(...))
10.3668 	EXP 	Created instructionsLightBulb2_6 = ImageStim(__class__=<class 'psychopy.visual.image.ImageStim'>, autoLog=True, color=array([1., 1., 1.]), colorSpace='rgb', contrast=1.0, depth=-2.0, flipHoriz=False, flipVert=False, image='lightBulb_ON.png', interpolate=True, mask=None, maskParams=None, name='instructionsLightBulb2_6', opacity=1.0, ori=0.0, pos=array([0.5, 0. ]), size=array([0.4, 0.4]), texRes=128, units='height', win=Window(...))
10.3737 	EXP 	Created text_4 = TextStim(__class__=<class 'psychopy.visual.text.TextStim'>, alignHoriz=method-wrapper(...), alignText='center', alignVert=method-wrapper(...), anchorHoriz='center', anchorVert='center', antialias=True, autoLog=True, bold=False, color='black', colorSpace='named', contrast=1.0, depth=-3.0, flipHoriz=False, flipVert=False, font='Arial', fontFiles=[], height=0.05, italic=False, languageStyle='LTR', name='text_4', opacity=1.0, ori=0, pos=array([0. , 0.3]), rgb=array([0., 0., 0.]), text=str(...), units='height', win=Window(...), wrapWidth=1)
10.3760 	EXP 	Created pressSpace_4 = TextStim(__class__=<class 'psychopy.visual.text.TextStim'>, alignHoriz=method-wrapper(...), alignText='center', alignVert=method-wrapper(...), anchorHoriz='center', anchorVert='center', antialias=True, autoLog=True, bold=False, color='black', colorSpace='named', contrast=1.0, depth=-4.0, flipHoriz=False, flipVert=False, font='Arial', fontFiles=[], height=0.05, italic=False, languageStyle='LTR', name='pressSpace_4', opacity=1.0, ori=0, pos=array([ 0. , -0.3]), rgb=array([0., 0., 0.]), text='Press SPACE to continue', units='height', win=Window(...), wrapWidth=1)
10.3851 	EXP 	Created text_2 = TextStim(__class__=<class 'psychopy.visual.text.TextStim'>, alignHoriz=method-wrapper(...), alignText='center', alignVert=method-wrapper(...), anchorHoriz='center', anchorVert='center', antialias=True, autoLog=True, bold=False, color='black', colorSpace='named', contrast=1.0, depth=0.0, flipHoriz=False, flipVert=False, font='Arial', fontFiles=[], height=0.07, italic=False, languageStyle='LTR', name='text_2', opacity=1.0, ori=0, pos=array([0., 0.]), rgb=array([0., 0., 0.]), text=str(...), units='height', win=Window(...), wrapWidth=1)
10.3911 	EXP 	Created text_5 = TextStim(__class__=<class 'psychopy.visual.text.TextStim'>, alignHoriz=method-wrapper(...), alignText='center', alignVert=method-wrapper(...), anchorHoriz='center', anchorVert='center', antialias=True, autoLog=True, bold=False, color='black', colorSpace='named', contrast=1.0, depth=-1.0, flipHoriz=False, flipVert=False, font='Arial', fontFiles=[], height=0.07, italic=False, languageStyle='LTR', name='text_5', opacity=1.0, ori=0, pos=array([ 0. , -0.3]), rgb=array([0., 0., 0.]), text='press SPACEBAR to hear this sound', units='height', win=Window(...), wrapWidth=1)
10.4177 	EXP 	Created lightBulbOFF = ImageStim(__class__=<class 'psychopy.visual.image.ImageStim'>, autoLog=True, color=array([1., 1., 1.]), colorSpace='rgb', contrast=1.0, depth=-1.0, flipHoriz=False, flipVert=False, image='lightBulb_OFF.png', interpolate=True, mask=None, maskParams=None, name='lightBulbOFF', opacity=1.0, ori=0.0, pos=array([0., 0.]), size=array([0.5, 0.5]), texRes=128, units='height', win=Window(...))
10.4443 	EXP 	Created lightBulbON = ImageStim(__class__=<class 'psychopy.visual.image.ImageStim'>, autoLog=True, color=array([1., 1., 1.]), colorSpace='rgb', contrast=1.0, depth=-2.0, flipHoriz=False, flipVert=False, image='lightBulb_ON.png', interpolate=True, mask=None, maskParams=None, name='lightBulbON', opacity=1.0, ori=0.0, pos=array([0., 0.]), size=array([0.5, 0.5]), texRes=128, units='height', win=Window(...))
10.4520 	EXP 	Sound sound_1 set volume 1.000
10.4741 	EXP 	Created instructions_8_firstLine = TextStim(__class__=<class 'psychopy.visual.text.TextStim'>, alignHoriz=method-wrapper(...), alignText='center', alignVert=method-wrapper(...), anchorHoriz='center', anchorVert='center', antialias=True, autoLog=True, bold=False, color='black', colorSpace='named', contrast=1.0, depth=0.0, flipHoriz=False, flipVert=False, font='Arial', fontFiles=[], height=0.04, italic=False, languageStyle='LTR', name='instructions_8_firstLine', opacity=1.0, ori=0, pos=array([0. , 0.2]), rgb=array([0., 0., 0.]), text=str(...), units='height', win=Window(...), wrapWidth=1)
10.4809 	EXP 	Created text_8 = TextStim(__class__=<class 'psychopy.visual.text.TextStim'>, alignHoriz=method-wrapper(...), alignText='center', alignVert=method-wrapper(...), anchorHoriz='center', anchorVert='center', antialias=True, autoLog=True, bold=False, color='black', colorSpace='named', contrast=1.0, depth=-1.0, flipHoriz=False, flipVert=False, font='Arial', fontFiles=[], height=0.04, italic=False, languageStyle='LTR', name='text_8', opacity=1.0, ori=0, pos=array([0. , 0.1]), rgb=array([0., 0., 0.]), text=str(...), units='height', win=Window(...), wrapWidth=1)
10.4877 	EXP 	Created text_9 = TextStim(__class__=<class 'psychopy.visual.text.TextStim'>, alignHoriz=method-wrapper(...), alignText='center', alignVert=method-wrapper(...), anchorHoriz='center', anchorVert='center', antialias=True, autoLog=True, bold=False, color='black', colorSpace='named', contrast=1.0, depth=-2.0, flipHoriz=False, flipVert=False, font='Arial', fontFiles=[], height=0.04, italic=False, languageStyle='LTR', name='text_9', opacity=1.0, ori=0, pos=array([ 0.  , -0.02]), rgb=array([0., 0., 0.]), text=str(...), units='height', win=Window(...), wrapWidth=1)
10.4904 	EXP 	Created instructions_8_pressP = TextStim(__class__=<class 'psychopy.visual.text.TextStim'>, alignHoriz=method-wrapper(...), alignText='center', alignVert=method-wrapper(...), anchorHoriz='center', anchorVert='center', antialias=True, autoLog=True, bold=False, color='black', colorSpace='named', contrast=1.0, depth=-3.0, flipHoriz=False, flipVert=False, font='Arial', fontFiles=[], height=0.04, italic=False, languageStyle='LTR', name='instructions_8_pressP', opacity=1.0, ori=0, pos=array([ 0. , -0.3]), rgb=array([0., 0., 0.]), text="press 'p' to begin the practice trials!", units='height', win=Window(...), wrapWidth=1)
10.4978 	EXP 	Created text_6 = TextStim(__class__=<class 'psychopy.visual.text.TextStim'>, alignHoriz=method-wrapper(...), alignText='center', alignVert=method-wrapper(...), anchorHoriz='center', anchorVert='center', antialias=True, autoLog=True, bold=False, color='black', colorSpace='named', contrast=1.0, depth=-1.0, flipHoriz=False, flipVert=False, font='Arial', fontFiles=[], height=0.1, italic=False, languageStyle='LTR', name='text_6', opacity=1.0, ori=0, pos=array([0., 0.]), rgb=array([0., 0., 0.]), text='+', units='height', win=Window(...), wrapWidth=1)
10.4999 	EXP 	Created firstVisualStimulus_2 = TextStim(__class__=<class 'psychopy.visual.text.TextStim'>, alignHoriz=method-wrapper(...), alignText='center', alignVert=method-wrapper(...), anchorHoriz='center', anchorVert='center', antialias=True, autoLog=True, bold=False, color='black', colorSpace='named', contrast=1.0, depth=-1.0, flipHoriz=False, flipVert=False, font='Arial', fontFiles=[], height=0.1, italic=False, languageStyle='LTR', name='firstVisualStimulus_2', opacity=1.0, ori=0, pos=array([0., 0.]), rgb=array([0., 0., 0.]), text='1', units='height', win=Window(...), wrapWidth=1)
10.5000 	EXP 	Sound firstChoiceProbeTone_2 set volume 1.000
10.5253 	EXP 	Created firstChoiceLeftStimulus_2 = ImageStim(__class__=<class 'psychopy.visual.image.ImageStim'>, autoLog=True, color=array([1., 1., 1.]), colorSpace='rgb', contrast=1.0, depth=-3.0, flipHoriz=False, flipVert=False, image='lightBulb_ON.png', interpolate=True, mask=None, maskParams=None, name='firstChoiceLeftStimulus_2', opacity=1.0, ori=0.0, pos=array([-0.5,  0. ]), size=array([0.4, 0.4]), texRes=128, units='height', win=Window(...))
10.5530 	EXP 	Created firstChoiceRightStimulus_2 = ImageStim(__class__=<class 'psychopy.visual.image.ImageStim'>, autoLog=True, color=array([1., 1., 1.]), colorSpace='rgb', contrast=1.0, depth=-4.0, flipHoriz=False, flipVert=False, image='lightBulb_OFF.png', interpolate=True, mask=None, maskParams=None, name='firstChoiceRightStimulus_2', opacity=1.0, ori=0.0, pos=array([0.5, 0. ]), size=array([0.4, 0.4]), texRes=128, units='height', win=Window(...))
10.5578 	EXP 	Created ISIVisualStimulus_3 = TextStim(__class__=<class 'psychopy.visual.text.TextStim'>, alignHoriz=method-wrapper(...), alignText='center', alignVert=method-wrapper(...), anchorHoriz='center', anchorVert='center', antialias=True, autoLog=True, bold=False, color='black', colorSpace='named', contrast=1.0, depth=0.0, flipHoriz=False, flipVert=False, font='Arial', fontFiles=[], height=0.1, italic=False, languageStyle='LTR', name='ISIVisualStimulus_3', opacity=1.0, ori=0, pos=array([0., 0.]), rgb=array([0., 0., 0.]), text='ISI', units='height', win=Window(...), wrapWidth=1)
10.5839 	EXP 	Created rightStimulus_3 = ImageStim(__class__=<class 'psychopy.visual.image.ImageStim'>, autoLog=True, color=array([1., 1., 1.]), colorSpace='rgb', contrast=1.0, depth=-1.0, flipHoriz=False, flipVert=False, image='lightBulb_OFF.png', interpolate=True, mask=None, maskParams=None, name='rightStimulus_3', opacity=1.0, ori=0.0, pos=array([0.5, 0. ]), size=array([0.4, 0.4]), texRes=128, units='height', win=Window(...))
10.6098 	EXP 	Created leftStimulus_3 = ImageStim(__class__=<class 'psychopy.visual.image.ImageStim'>, autoLog=True, color=array([1., 1., 1.]), colorSpace='rgb', contrast=1.0, depth=-2.0, flipHoriz=False, flipVert=False, image='lightBulb_OFF.png', interpolate=True, mask=None, maskParams=None, name='leftStimulus_3', opacity=1.0, ori=0.0, pos=array([-0.5,  0. ]), size=array([0.4, 0.4]), texRes=128, units='height', win=Window(...))
10.6124 	EXP 	Created secondVisualStimulus_2 = TextStim(__class__=<class 'psychopy.visual.text.TextStim'>, alignHoriz=method-wrapper(...), alignText='center', alignVert=method-wrapper(...), anchorHoriz='center', anchorVert='center', antialias=True, autoLog=True, bold=False, color='black', colorSpace='named', contrast=1.0, depth=-1.0, flipHoriz=False, flipVert=False, font='Arial', fontFiles=[], height=0.1, italic=False, languageStyle='LTR', name='secondVisualStimulus_2', opacity=1.0, ori=0, pos=array([0., 0.]), rgb=array([0., 0., 0.]), text='2', units='height', win=Window(...), wrapWidth=1)
10.6124 	EXP 	Sound secondChoiceTone_2 set volume 1.000
10.6389 	EXP 	Created secondChoiceLeftStimulus_2 = ImageStim(__class__=<class 'psychopy.visual.image.ImageStim'>, autoLog=True, color=array([1., 1., 1.]), colorSpace='rgb', contrast=1.0, depth=-3.0, flipHoriz=False, flipVert=False, image='lightBulb_OFF.png', interpolate=True, mask=None, maskParams=None, name='secondChoiceLeftStimulus_2', opacity=1.0, ori=0.0, pos=array([-0.5,  0. ]), size=array([0.4, 0.4]), texRes=128, units='height', win=Window(...))
10.6662 	EXP 	Created secondChoiceRightStimulus_2 = ImageStim(__class__=<class 'psychopy.visual.image.ImageStim'>, autoLog=True, color=array([1., 1., 1.]), colorSpace='rgb', contrast=1.0, depth=-4.0, flipHoriz=False, flipVert=False, image='lightBulb_ON.png', interpolate=True, mask=None, maskParams=None, name='secondChoiceRightStimulus_2', opacity=1.0, ori=0.0, pos=array([0.5, 0. ]), size=array([0.4, 0.4]), texRes=128, units='height', win=Window(...))
10.6856 	EXP 	Created decisionTextProbe_2 = TextStim(__class__=<class 'psychopy.visual.text.TextStim'>, alignHoriz=method-wrapper(...), alignText='center', alignVert=method-wrapper(...), anchorHoriz='center', anchorVert='center', antialias=True, autoLog=True, bold=False, color='black', colorSpace='named', contrast=1.0, depth=-1.0, flipHoriz=False, flipVert=False, font='Arial', fontFiles=[], height=0.1, italic=False, languageStyle='LTR', name='decisionTextProbe_2', opacity=1.0, ori=0, pos=array([0., 0.]), rgb=array([0., 0., 0.]), text=str(...), units='height', win=Window(...), wrapWidth=1)
10.6909 	EXP 	Created feedbackText_2 = TextStim(__class__=<class 'psychopy.visual.text.TextStim'>, alignHoriz=method-wrapper(...), alignText='center', alignVert=method-wrapper(...), anchorHoriz='center', anchorVert='center', antialias=True, autoLog=True, bold=False, color='black', colorSpace='named', contrast=1.0, depth=-1.0, flipHoriz=False, flipVert=False, font='Arial', fontFiles=[], height=0.1, italic=False, languageStyle='LTR', name='feedbackText_2', opacity=1.0, ori=0, pos=array([0., 0.]), rgb=array([0., 0., 0.]), text='default text', units='height', win=Window(...), wrapWidth=1)
10.7070 	EXP 	Created text_7 = TextStim(__class__=<class 'psychopy.visual.text.TextStim'>, alignHoriz=method-wrapper(...), alignText='center', alignVert=method-wrapper(...), anchorHoriz='center', anchorVert='center', antialias=True, autoLog=True, bold=False, color='black', colorSpace='named', contrast=1.0, depth=0.0, flipHoriz=False, flipVert=False, font='Arial', fontFiles=[], height=0.05, italic=False, languageStyle='LTR', name='text_7', opacity=1.0, ori=0, pos=array([0., 0.]), rgb=array([0., 0., 0.]), text=str(...), units='height', win=Window(...), wrapWidth=1)
10.7268 	EXP 	Created text_10 = TextStim(__class__=<class 'psychopy.visual.text.TextStim'>, alignHoriz=method-wrapper(...), alignText='center', alignVert=method-wrapper(...), anchorHoriz='center', anchorVert='center', antialias=True, autoLog=True, bold=False, color='black', colorSpace='named', contrast=1.0, depth=0.0, flipHoriz=False, flipVert=False, font='Arial', fontFiles=[], height=0.05, italic=False, languageStyle='LTR', name='text_10', opacity=1.0, ori=0, pos=array([0., 0.]), rgb=array([0., 0., 0.]), text=str(...), units='height', win=Window(...), wrapWidth=1)
10.7286 	EXP 	Created firstITI = TextStim(__class__=<class 'psychopy.visual.text.TextStim'>, alignHoriz=method-wrapper(...), alignText='center', alignVert=method-wrapper(...), anchorHoriz='center', anchorVert='center', antialias=True, autoLog=True, bold=False, color='black', colorSpace='named', contrast=1.0, depth=-1.0, flipHoriz=False, flipVert=False, font='Arial', fontFiles=[], height=0.1, italic=False, languageStyle='LTR', name='firstITI', opacity=1.0, ori=0, pos=array([0., 0.]), rgb=array([0., 0., 0.]), text='+', units='height', win=Window(...), wrapWidth=1)
10.7299 	EXP 	Created text = TextStim(__class__=<class 'psychopy.visual.text.TextStim'>, alignHoriz=method-wrapper(...), alignText='center', alignVert=method-wrapper(...), anchorHoriz='center', anchorVert='center', antialias=True, autoLog=True, bold=False, color='black', colorSpace='named', contrast=1.0, depth=0.0, flipHoriz=False, flipVert=False, font='Arial', fontFiles=[], height=0.1, italic=False, languageStyle='LTR', name='text', opacity=1.0, ori=0, pos=array([0., 0.]), rgb=array([0., 0., 0.]), text='+', units='height', win=Window(...), wrapWidth=1)
10.7316 	EXP 	Created firstVisualStimulus = TextStim(__class__=<class 'psychopy.visual.text.TextStim'>, alignHoriz=method-wrapper(...), alignText='center', alignVert=method-wrapper(...), anchorHoriz='center', anchorVert='center', antialias=True, autoLog=True, bold=False, color='black', colorSpace='named', contrast=1.0, depth=-1.0, flipHoriz=False, flipVert=False, font='Arial', fontFiles=[], height=0.1, italic=False, languageStyle='LTR', name='firstVisualStimulus', opacity=1.0, ori=0, pos=array([0., 0.]), rgb=array([0., 0., 0.]), text='1', units='height', win=Window(...), wrapWidth=1)
10.7331 	EXP 	Sound firstChoiceNoise set volume 1.000
10.7332 	EXP 	Sound firstChoiceProbeTone set volume 1.000
10.7625 	EXP 	Created firstChoiceLeftStimulus = ImageStim(__class__=<class 'psychopy.visual.image.ImageStim'>, autoLog=True, color=array([1., 1., 1.]), colorSpace='rgb', contrast=1.0, depth=-4.0, flipHoriz=False, flipVert=False, image='lightBulb_ON.png', interpolate=True, mask=None, maskParams=None, name='firstChoiceLeftStimulus', opacity=1.0, ori=0.0, pos=array([-0.5,  0. ]), size=array([0.4, 0.4]), texRes=128, units='height', win=Window(...))
10.7918 	EXP 	Created firstChoiceRightStimulus = ImageStim(__class__=<class 'psychopy.visual.image.ImageStim'>, autoLog=True, color=array([1., 1., 1.]), colorSpace='rgb', contrast=1.0, depth=-5.0, flipHoriz=False, flipVert=False, image='lightBulb_OFF.png', interpolate=True, mask=None, maskParams=None, name='firstChoiceRightStimulus', opacity=1.0, ori=0.0, pos=array([0.5, 0. ]), size=array([0.4, 0.4]), texRes=128, units='height', win=Window(...))
10.7946 	EXP 	Created ISIVisualStimulus = TextStim(__class__=<class 'psychopy.visual.text.TextStim'>, alignHoriz=method-wrapper(...), alignText='center', alignVert=method-wrapper(...), anchorHoriz='center', anchorVert='center', antialias=True, autoLog=True, bold=False, color='black', colorSpace='named', contrast=1.0, depth=0.0, flipHoriz=False, flipVert=False, font='Arial', fontFiles=[], height=0.1, italic=False, languageStyle='LTR', name='ISIVisualStimulus', opacity=1.0, ori=0, pos=array([0., 0.]), rgb=array([0., 0., 0.]), text='ISI', units='height', win=Window(...), wrapWidth=1)
10.8221 	EXP 	Created rightStimulus = ImageStim(__class__=<class 'psychopy.visual.image.ImageStim'>, autoLog=True, color=array([1., 1., 1.]), colorSpace='rgb', contrast=1.0, depth=-1.0, flipHoriz=False, flipVert=False, image='lightBulb_OFF.png', interpolate=True, mask=None, maskParams=None, name='rightStimulus', opacity=1.0, ori=0.0, pos=array([0.5, 0. ]), size=array([0.4, 0.4]), texRes=128, units='height', win=Window(...))
10.8486 	EXP 	Created leftStimulus = ImageStim(__class__=<class 'psychopy.visual.image.ImageStim'>, autoLog=True, color=array([1., 1., 1.]), colorSpace='rgb', contrast=1.0, depth=-2.0, flipHoriz=False, flipVert=False, image='lightBulb_OFF.png', interpolate=True, mask=None, maskParams=None, name='leftStimulus', opacity=1.0, ori=0.0, pos=array([-0.5,  0. ]), size=array([0.4, 0.4]), texRes=128, units='height', win=Window(...))
10.8509 	EXP 	Created secondVisualStimulus = TextStim(__class__=<class 'psychopy.visual.text.TextStim'>, alignHoriz=method-wrapper(...), alignText='center', alignVert=method-wrapper(...), anchorHoriz='center', anchorVert='center', antialias=True, autoLog=True, bold=False, color='black', colorSpace='named', contrast=1.0, depth=-1.0, flipHoriz=False, flipVert=False, font='Arial', fontFiles=[], height=0.1, italic=False, languageStyle='LTR', name='secondVisualStimulus', opacity=1.0, ori=0, pos=array([0., 0.]), rgb=array([0., 0., 0.]), text='2', units='height', win=Window(...), wrapWidth=1)
10.8523 	EXP 	Sound secondChoiceNoise set volume 1.000
10.8523 	EXP 	Sound secondChoiceTone set volume 1.000
10.8778 	EXP 	Created secondChoiceLeftStimulus = ImageStim(__class__=<class 'psychopy.visual.image.ImageStim'>, autoLog=True, color=array([1., 1., 1.]), colorSpace='rgb', contrast=1.0, depth=-4.0, flipHoriz=False, flipVert=False, image='lightBulb_OFF.png', interpolate=True, mask=None, maskParams=None, name='secondChoiceLeftStimulus', opacity=1.0, ori=0.0, pos=array([-0.5,  0. ]), size=array([0.4, 0.4]), texRes=128, units='height', win=Window(...))
10.9034 	EXP 	Created secondChoiceRightStimulus = ImageStim(__class__=<class 'psychopy.visual.image.ImageStim'>, autoLog=True, color=array([1., 1., 1.]), colorSpace='rgb', contrast=1.0, depth=-5.0, flipHoriz=False, flipVert=False, image='lightBulb_ON.png', interpolate=True, mask=None, maskParams=None, name='secondChoiceRightStimulus', opacity=1.0, ori=0.0, pos=array([0.5, 0. ]), size=array([0.4, 0.4]), texRes=128, units='height', win=Window(...))
10.9090 	EXP 	Created decisionTextProbe = TextStim(__class__=<class 'psychopy.visual.text.TextStim'>, alignHoriz=method-wrapper(...), alignText='center', alignVert=method-wrapper(...), anchorHoriz='center', anchorVert='center', antialias=True, autoLog=True, bold=False, color='black', colorSpace='named', contrast=1.0, depth=-1.0, flipHoriz=False, flipVert=False, font='Arial', fontFiles=[], height=0.1, italic=False, languageStyle='LTR', name='decisionTextProbe', opacity=1.0, ori=0, pos=array([0., 0.]), rgb=array([0., 0., 0.]), text=str(...), units='height', win=Window(...), wrapWidth=1)
10.9122 	EXP 	Created feedbackText = TextStim(__class__=<class 'psychopy.visual.text.TextStim'>, alignHoriz=method-wrapper(...), alignText='center', alignVert=method-wrapper(...), anchorHoriz='center', anchorVert='center', antialias=True, autoLog=True, bold=False, color='black', colorSpace='named', contrast=1.0, depth=-1.0, flipHoriz=False, flipVert=False, font='Arial', fontFiles=[], height=0.1, italic=False, languageStyle='LTR', name='feedbackText', opacity=1.0, ori=0, pos=array([0., 0.]), rgb=array([0., 0., 0.]), text='default text', units='height', win=Window(...), wrapWidth=1)
10.9369 	DATA 	Keypress: lctrl
10.9414 	EXP 	welcomeText: autoDraw = True
11.4004 	DATA 	Mouse: Left button down, pos=(282,559)
11.6170 	DATA 	Mouse:  Left button up, pos=(282,559)
11.6845 	EXP 	Created sequence: sequential, trialTypes=1, nReps=0, seed=None
11.7208 	DEBUG 	Read Excel file with pandas: practiceConditionsFile.xlsx
11.7220 	DEBUG 	Clearing unnamed columns from practiceConditionsFile.xlsx
11.7222 	EXP 	Imported practiceConditionsFile.xlsx as conditions, 5 conditions, 1 params
11.7224 	EXP 	Created sequence: sequential, trialTypes=5, nReps=0, seed=None
11.7249 	DATA 	Keypress: space
11.7277 	EXP 	welcomeText: autoDraw = False
11.7277 	EXP 	text_7: autoDraw = True
12.7175 	DATA 	Keypress: c
12.7479 	EXP 	text_7: autoDraw = False
12.7479 	EXP 	text_10: autoDraw = True
12.8208 	DATA 	Keypress: b
12.8309 	EXP 	text_10: autoDraw = False
12.8309 	EXP 	firstITI: autoDraw = True
17.8258 	DEBUG 	Read Excel file with pandas: questConditionsFile.xlsx
17.8266 	DEBUG 	Clearing unnamed columns from questConditionsFile.xlsx
17.8272 	EXP 	Imported questConditionsFile.xlsx as conditions, 1 conditions, 11 params
18.1366 	DEBUG 	Using C:\Program Files\PsychoPy3\lib\site-packages\psychopy\data\staircase.py as origin file
18.1399 	DEBUG 	Using C:\Program Files\PsychoPy3\lib\site-packages\psychopy\data\staircase.py as origin file
18.1462 	EXP 	firstITI: autoDraw = False
18.1462 	EXP 	text: autoDraw = True
18.7568 	WARNING 	Got keycode {} but that code isn't yet known
18.7568 	WARNING 	Keypress was given unknown key code (176)
18.8848 	EXP 	text: autoDraw = False
18.8848 	EXP 	firstVisualStimulus: autoDraw = True
18.8848 	EXP 	firstChoiceLeftStimulus: autoDraw = True
18.8848 	EXP 	firstChoiceRightStimulus: autoDraw = True
19.2311 	EXP 	firstVisualStimulus: autoDraw = False
19.2311 	EXP 	firstChoiceLeftStimulus: autoDraw = False
19.2311 	EXP 	firstChoiceRightStimulus: autoDraw = False
19.2311 	EXP 	firstVisualStimulus: autoDraw = False
19.2311 	EXP 	firstChoiceLeftStimulus: autoDraw = False
19.2311 	EXP 	firstChoiceRightStimulus: autoDraw = False
19.2311 	EXP 	ISIVisualStimulus: autoDraw = True
19.2311 	EXP 	rightStimulus: autoDraw = True
19.2311 	EXP 	leftStimulus: autoDraw = True
19.2727 	WARNING 	Got keycode {} but that code isn't yet known
19.2727 	WARNING 	Keypress was given unknown key code (176)
19.8396 	WARNING 	Got keycode {} but that code isn't yet known
19.8396 	WARNING 	Keypress was given unknown key code (174)
20.0909 	WARNING 	Got keycode {} but that code isn't yet known
20.0909 	WARNING 	Keypress was given unknown key code (174)
20.2487 	EXP 	ISIVisualStimulus: autoDraw = False
20.2487 	EXP 	rightStimulus: autoDraw = False
20.2487 	EXP 	leftStimulus: autoDraw = False
20.2487 	EXP 	secondVisualStimulus: autoDraw = True
20.2487 	EXP 	secondChoiceLeftStimulus: autoDraw = True
20.2487 	EXP 	secondChoiceRightStimulus: autoDraw = True
20.5719 	EXP 	secondVisualStimulus: autoDraw = False
20.5719 	EXP 	secondChoiceLeftStimulus: autoDraw = False
20.5719 	EXP 	secondChoiceRightStimulus: autoDraw = False
20.5719 	EXP 	secondVisualStimulus: autoDraw = False
20.5719 	EXP 	secondChoiceLeftStimulus: autoDraw = False
20.5719 	EXP 	secondChoiceRightStimulus: autoDraw = False
20.5719 	EXP 	decisionTextProbe: autoDraw = True
21.6850 	DATA 	Keypress: 1
21.6899 	EXP 	decisionTextProbe: autoDraw = False
21.6899 	EXP 	feedbackText: text = 'Correct'
21.6899 	EXP 	feedbackText: autoDraw = True
22.1590 	WARNING 	Got keycode {} but that code isn't yet known
22.1590 	WARNING 	Keypress was given unknown key code (176)
22.3601 	WARNING 	Got keycode {} but that code isn't yet known
22.3601 	WARNING 	Keypress was given unknown key code (176)
22.5098 	WARNING 	Got keycode {} but that code isn't yet known
22.5098 	WARNING 	Keypress was given unknown key code (176)
22.6775 	WARNING 	Got keycode {} but that code isn't yet known
22.6775 	WARNING 	Keypress was given unknown key code (176)
22.6910 	EXP 	feedbackText: autoDraw = False
22.6910 	EXP 	feedbackText: autoDraw = False
22.6910 	EXP 	text: autoDraw = True
22.8255 	WARNING 	Got keycode {} but that code isn't yet known
22.8255 	WARNING 	Keypress was given unknown key code (176)
23.6919 	EXP 	text: autoDraw = False
23.6919 	EXP 	text: autoDraw = False
23.6919 	EXP 	firstVisualStimulus: autoDraw = True
23.6919 	EXP 	firstChoiceLeftStimulus: autoDraw = True
23.6919 	EXP 	firstChoiceRightStimulus: autoDraw = True
24.0256 	EXP 	firstVisualStimulus: autoDraw = False
24.0256 	EXP 	firstChoiceLeftStimulus: autoDraw = False
24.0256 	EXP 	firstChoiceRightStimulus: autoDraw = False
24.0256 	EXP 	firstVisualStimulus: autoDraw = False
24.0256 	EXP 	firstChoiceLeftStimulus: autoDraw = False
24.0256 	EXP 	firstChoiceRightStimulus: autoDraw = False
24.0256 	EXP 	ISIVisualStimulus: autoDraw = True
24.0256 	EXP 	rightStimulus: autoDraw = True
24.0256 	EXP 	leftStimulus: autoDraw = True
25.0268 	EXP 	ISIVisualStimulus: autoDraw = False
25.0268 	EXP 	rightStimulus: autoDraw = False
25.0268 	EXP 	leftStimulus: autoDraw = False
25.0268 	EXP 	ISIVisualStimulus: autoDraw = False
25.0268 	EXP 	rightStimulus: autoDraw = False
25.0268 	EXP 	leftStimulus: autoDraw = False
25.0268 	EXP 	secondVisualStimulus: autoDraw = True
25.0268 	EXP 	secondChoiceLeftStimulus: autoDraw = True
25.0268 	EXP 	secondChoiceRightStimulus: autoDraw = True
25.3603 	EXP 	secondVisualStimulus: autoDraw = False
25.3603 	EXP 	secondChoiceLeftStimulus: autoDraw = False
25.3603 	EXP 	secondChoiceRightStimulus: autoDraw = False
25.3603 	EXP 	secondVisualStimulus: autoDraw = False
25.3603 	EXP 	secondChoiceLeftStimulus: autoDraw = False
25.3603 	EXP 	secondChoiceRightStimulus: autoDraw = False
25.3603 	EXP 	decisionTextProbe: autoDraw = True
25.7294 	WARNING 	Got keycode {} but that code isn't yet known
25.7294 	WARNING 	Keypress was given unknown key code (174)
25.9300 	WARNING 	Got keycode {} but that code isn't yet known
25.9300 	WARNING 	Keypress was given unknown key code (174)
26.0967 	WARNING 	Got keycode {} but that code isn't yet known
26.0968 	WARNING 	Keypress was given unknown key code (174)
26.2483 	WARNING 	Got keycode {} but that code isn't yet known
26.2483 	WARNING 	Keypress was given unknown key code (174)
26.5016 	DATA 	Keypress: 2
26.5113 	EXP 	decisionTextProbe: autoDraw = False
26.5113 	EXP 	feedbackText: text = 'Correct'
26.5113 	EXP 	feedbackText: autoDraw = True
27.1816 	WARNING 	Got keycode {} but that code isn't yet known
27.1816 	WARNING 	Keypress was given unknown key code (174)
27.5126 	EXP 	feedbackText: autoDraw = False
27.5126 	EXP 	feedbackText: autoDraw = False
27.5126 	EXP 	text: autoDraw = True
27.5827 	WARNING 	Got keycode {} but that code isn't yet known
27.5827 	WARNING 	Keypress was given unknown key code (174)
28.1325 	WARNING 	Got keycode {} but that code isn't yet known
28.1325 	WARNING 	Keypress was given unknown key code (176)
28.5131 	EXP 	text: autoDraw = False
28.5131 	EXP 	text: autoDraw = False
28.5131 	EXP 	firstVisualStimulus: autoDraw = True
28.5131 	EXP 	firstChoiceLeftStimulus: autoDraw = True
28.5131 	EXP 	firstChoiceRightStimulus: autoDraw = True
28.8472 	EXP 	firstVisualStimulus: autoDraw = False
28.8472 	EXP 	firstChoiceLeftStimulus: autoDraw = False
28.8472 	EXP 	firstChoiceRightStimulus: autoDraw = False
28.8472 	EXP 	firstVisualStimulus: autoDraw = False
28.8472 	EXP 	firstChoiceLeftStimulus: autoDraw = False
28.8472 	EXP 	firstChoiceRightStimulus: autoDraw = False
28.8472 	EXP 	ISIVisualStimulus: autoDraw = True
28.8472 	EXP 	rightStimulus: autoDraw = True
28.8472 	EXP 	leftStimulus: autoDraw = True
29.8480 	EXP 	ISIVisualStimulus: autoDraw = False
29.8480 	EXP 	rightStimulus: autoDraw = False
29.8480 	EXP 	leftStimulus: autoDraw = False
29.8480 	EXP 	ISIVisualStimulus: autoDraw = False
29.8480 	EXP 	rightStimulus: autoDraw = False
29.8480 	EXP 	leftStimulus: autoDraw = False
29.8480 	EXP 	secondVisualStimulus: autoDraw = True
29.8480 	EXP 	secondChoiceLeftStimulus: autoDraw = True
29.8480 	EXP 	secondChoiceRightStimulus: autoDraw = True
30.1819 	EXP 	secondVisualStimulus: autoDraw = False
30.1819 	EXP 	secondChoiceLeftStimulus: autoDraw = False
30.1819 	EXP 	secondChoiceRightStimulus: autoDraw = False
30.1819 	EXP 	secondVisualStimulus: autoDraw = False
30.1819 	EXP 	secondChoiceLeftStimulus: autoDraw = False
30.1819 	EXP 	secondChoiceRightStimulus: autoDraw = False
30.1819 	EXP 	decisionTextProbe: autoDraw = True
31.2393 	DATA 	Keypress: 2
31.2498 	EXP 	decisionTextProbe: autoDraw = False
31.2498 	EXP 	feedbackText: text = 'Correct'
31.2498 	EXP 	feedbackText: autoDraw = True
32.2506 	EXP 	feedbackText: autoDraw = False
32.2506 	EXP 	feedbackText: autoDraw = False
32.2506 	EXP 	text: autoDraw = True
32.4192 	DATA 	Keypress: escape
32.6920 	EXP 	window1: mouseVisible = True
32.6921 	DEBUG 	Saving data for toneDetectionPlatform_V1.6 ExperimentHandler
32.7061 	INFO 	saved data to C:\Users\W2032175\Documents\GitHub\Open-source-Auditory-Tone-Detection-Task\Auditory Tone Detection Task\data/_toneDetectionPlatform_V1.6_2020_Nov_02_1509.psydat
32.7133 	INFO 	saved data to 'C:\\Users\\W2032175\\Documents\\GitHub\\Open-source-Auditory-Tone-Detection-Task\\Auditory Tone Detection Task\\data/_toneDetectionPlatform_V1.6_2020_Nov_02_1509.csv'
1.3977 	WARNING 	We strongly recommend you activate the PTB sound engine in PsychoPy prefs as the preferred audio engine. Its timing is vastly superior. Your prefs are currently set to use ['sounddevice', 'PTB', 'pyo', 'pygame'] (in that order).
7.9929 	INFO 	Loaded monitor calibration from ['2020_10_15 13:31']
9.3916 	EXP 	Created window1 = Window(allowGUI=False, allowStencil=False, args=UNKNOWN, autoLog=True, bitsMode=UNKNOWN, blendMode='avg', bpc=(8, 8, 8), color=array([1., 1., 1.]), colorSpace='rgb', depthBits=8, fullscr=<method-wrapper '__getattribute__' of attributeSetter object at 0x000002202826DC18>, gamma=None, gammaErrorPolicy='raise', kwargs=UNKNOWN, lms=UNKNOWN, monitor=<psychopy.monitors.calibTools.Monitor object at 0x0000022027E854A8>, multiSample=False, name='window1', numSamples=2, pos=[0.0, 0.0], screen=0, size=array([1366,  768]), stencilBits=0, stereo=False, units='height', useFBO=True, useRetina=False, viewOri=0.0, viewPos=None, viewScale=None, waitBlanking=True, winType='pyglet')
9.3917 	EXP 	window1: mouseVisible = True
9.3917 	EXP 	window1: recordFrameIntervals = False
9.5571 	EXP 	window1: recordFrameIntervals = True
9.7413 	DEBUG 	Screen (0) actual frame rate measured at 59.94
9.7413 	EXP 	window1: recordFrameIntervals = False
9.9267 	EXP 	Created welcomeText = TextStim(__class__=<class 'psychopy.visual.text.TextStim'>, alignHoriz=method-wrapper(...), alignText='center', alignVert=method-wrapper(...), anchorHoriz='center', anchorVert='center', antialias=True, autoLog=True, bold=False, color='black', colorSpace='named', contrast=1.0, depth=0.0, flipHoriz=False, flipVert=False, font='Arial', fontFiles=[], height=0.07, italic=False, languageStyle='LTR', name='welcomeText', opacity=1.0, ori=0, pos=array([0., 0.]), rgb=array([0., 0., 0.]), text=str(...), units='height', win=Window(...), wrapWidth=1)
9.9581 	EXP 	Created instructionsLightBulb1 = ImageStim(__class__=<class 'psychopy.visual.image.ImageStim'>, autoLog=True, color=array([1., 1., 1.]), colorSpace='rgb', contrast=1.0, depth=0.0, flipHoriz=False, flipVert=False, image='lightBulb_OFF.png', interpolate=True, mask=None, maskParams=None, name='instructionsLightBulb1', opacity=1.0, ori=0.0, pos=array([-0.5,  0. ]), size=array([0.4, 0.4]), texRes=128, units='height', win=Window(...))
9.9841 	EXP 	Created instructionsLightBulb2 = ImageStim(__class__=<class 'psychopy.visual.image.ImageStim'>, autoLog=True, color=array([1., 1., 1.]), colorSpace='rgb', contrast=1.0, depth=-1.0, flipHoriz=False, flipVert=False, image='lightBulb_OFF.png', interpolate=True, mask=None, maskParams=None, name='instructionsLightBulb2', opacity=1.0, ori=0.0, pos=array([0.5, 0. ]), size=array([0.4, 0.4]), texRes=128, units='height', win=Window(...))
10.0043 	EXP 	Created instructionsText = TextStim(__class__=<class 'psychopy.visual.text.TextStim'>, alignHoriz=method-wrapper(...), alignText='center', alignVert=method-wrapper(...), anchorHoriz='center', anchorVert='center', antialias=True, autoLog=True, bold=False, color='black', colorSpace='named', contrast=1.0, depth=-2.0, flipHoriz=False, flipVert=False, font='Arial', fontFiles=[], height=0.05, italic=False, languageStyle='LTR', name='instructionsText', opacity=1.0, ori=0, pos=array([0. , 0.3]), rgb=array([0., 0., 0.]), text=str(...), units='height', win=Window(...), wrapWidth=1)
10.0101 	EXP 	Created pressSpace = TextStim(__class__=<class 'psychopy.visual.text.TextStim'>, alignHoriz=method-wrapper(...), alignText='center', alignVert=method-wrapper(...), anchorHoriz='center', anchorVert='center', antialias=True, autoLog=True, bold=False, color='black', colorSpace='named', contrast=1.0, depth=-3.0, flipHoriz=False, flipVert=False, font='Arial', fontFiles=[], height=0.05, italic=False, languageStyle='LTR', name='pressSpace', opacity=1.0, ori=0, pos=array([ 0. , -0.3]), rgb=array([0., 0., 0.]), text='PRESS SPACE to continue', units='height', win=Window(...), wrapWidth=1)
10.0278 	EXP 	Created instructionsLightBulb1_2 = ImageStim(__class__=<class 'psychopy.visual.image.ImageStim'>, autoLog=True, color=array([1., 1., 1.]), colorSpace='rgb', contrast=1.0, depth=0.0, flipHoriz=False, flipVert=False, image='lightBulb_OFF.png', interpolate=True, mask=None, maskParams=None, name='instructionsLightBulb1_2', opacity=1.0, ori=0.0, pos=array([-0.5,  0. ]), size=array([0.4, 0.4]), texRes=128, units='height', win=Window(...))
10.0452 	EXP 	Created instructionsLightBulb2_2 = ImageStim(__class__=<class 'psychopy.visual.image.ImageStim'>, autoLog=True, color=array([1., 1., 1.]), colorSpace='rgb', contrast=1.0, depth=-1.0, flipHoriz=False, flipVert=False, image='lightBulb_OFF.png', interpolate=True, mask=None, maskParams=None, name='instructionsLightBulb2_2', opacity=1.0, ori=0.0, pos=array([0.5, 0. ]), size=array([0.4, 0.4]), texRes=128, units='height', win=Window(...))
10.0498 	EXP 	Created instructionsText_2 = TextStim(__class__=<class 'psychopy.visual.text.TextStim'>, alignHoriz=method-wrapper(...), alignText='center', alignVert=method-wrapper(...), anchorHoriz='center', anchorVert='center', antialias=True, autoLog=True, bold=False, color='black', colorSpace='named', contrast=1.0, depth=-2.0, flipHoriz=False, flipVert=False, font='Arial', fontFiles=[], height=0.05, italic=False, languageStyle='LTR', name='instructionsText_2', opacity=1.0, ori=0, pos=array([0. , 0.3]), rgb=array([0., 0., 0.]), text='In each trial, the light bulbs will blink', units='height', win=Window(...), wrapWidth=1)
10.0540 	EXP 	Created pressSpace_2 = TextStim(__class__=<class 'psychopy.visual.text.TextStim'>, alignHoriz=method-wrapper(...), alignText='center', alignVert=method-wrapper(...), anchorHoriz='center', anchorVert='center', antialias=True, autoLog=True, bold=False, color='black', colorSpace='named', contrast=1.0, depth=-3.0, flipHoriz=False, flipVert=False, font='Arial', fontFiles=[], height=0.05, italic=False, languageStyle='LTR', name='pressSpace_2', opacity=1.0, ori=0, pos=array([ 0. , -0.3]), rgb=array([0., 0., 0.]), text='PRESS SPACE to continue', units='height', win=Window(...), wrapWidth=1)
10.0774 	EXP 	Created instructionsLightBulb1_3 = ImageStim(__class__=<class 'psychopy.visual.image.ImageStim'>, autoLog=True, color=array([1., 1., 1.]), colorSpace='rgb', contrast=1.0, depth=0.0, flipHoriz=False, flipVert=False, image='lightBulb_OFF.png', interpolate=True, mask=None, maskParams=None, name='instructionsLightBulb1_3', opacity=1.0, ori=0.0, pos=array([-0.5,  0. ]), size=array([0.4, 0.4]), texRes=128, units='height', win=Window(...))
10.1005 	EXP 	Created instructionsLightBulb2_3 = ImageStim(__class__=<class 'psychopy.visual.image.ImageStim'>, autoLog=True, color=array([1., 1., 1.]), colorSpace='rgb', contrast=1.0, depth=-1.0, flipHoriz=False, flipVert=False, image='lightBulb_OFF.png', interpolate=True, mask=None, maskParams=None, name='instructionsLightBulb2_3', opacity=1.0, ori=0.0, pos=array([0.5, 0. ]), size=array([0.4, 0.4]), texRes=128, units='height', win=Window(...))
10.1089 	EXP 	Created text_3 = TextStim(__class__=<class 'psychopy.visual.text.TextStim'>, alignHoriz=method-wrapper(...), alignText='center', alignVert=method-wrapper(...), anchorHoriz='center', anchorVert='center', antialias=True, autoLog=True, bold=False, color='black', colorSpace='named', contrast=1.0, depth=-2.0, flipHoriz=False, flipVert=False, font='Arial', fontFiles=[], height=0.05, italic=False, languageStyle='LTR', name='text_3', opacity=1.0, ori=0, pos=array([0. , 0.3]), rgb=array([0., 0., 0.]), text=str(...), units='height', win=Window(...), wrapWidth=1)
10.1119 	EXP 	Created pressSpace_3 = TextStim(__class__=<class 'psychopy.visual.text.TextStim'>, alignHoriz=method-wrapper(...), alignText='center', alignVert=method-wrapper(...), anchorHoriz='center', anchorVert='center', antialias=True, autoLog=True, bold=False, color='black', colorSpace='named', contrast=1.0, depth=-3.0, flipHoriz=False, flipVert=False, font='Arial', fontFiles=[], height=0.05, italic=False, languageStyle='LTR', name='pressSpace_3', opacity=1.0, ori=0, pos=array([ 0. , -0.3]), rgb=array([0., 0., 0.]), text='Press SPACE to see light bulb 1 blink', units='height', win=Window(...), wrapWidth=1)
10.1319 	EXP 	Created instructionsLightBulb1_4 = ImageStim(__class__=<class 'psychopy.visual.image.ImageStim'>, autoLog=True, color=array([1., 1., 1.]), colorSpace='rgb', contrast=1.0, depth=0.0, flipHoriz=False, flipVert=False, image='lightBulb_ON.png', interpolate=True, mask=None, maskParams=None, name='instructionsLightBulb1_4', opacity=1.0, ori=0.0, pos=array([-0.5,  0. ]), size=array([0.4, 0.4]), texRes=128, units='height', win=Window(...))
10.1564 	EXP 	Created instructionsLightBulb2_4 = ImageStim(__class__=<class 'psychopy.visual.image.ImageStim'>, autoLog=True, color=array([1., 1., 1.]), colorSpace='rgb', contrast=1.0, depth=-1.0, flipHoriz=False, flipVert=False, image='lightBulb_OFF.png', interpolate=True, mask=None, maskParams=None, name='instructionsLightBulb2_4', opacity=1.0, ori=0.0, pos=array([0.5, 0. ]), size=array([0.4, 0.4]), texRes=128, units='height', win=Window(...))
10.1855 	EXP 	Created instructionsLightBulb1_5 = ImageStim(__class__=<class 'psychopy.visual.image.ImageStim'>, autoLog=True, color=array([1., 1., 1.]), colorSpace='rgb', contrast=1.0, depth=0.0, flipHoriz=False, flipVert=False, image='lightBulb_OFF.png', interpolate=True, mask=None, maskParams=None, name='instructionsLightBulb1_5', opacity=1.0, ori=0.0, pos=array([-0.5,  0. ]), size=array([0.4, 0.4]), texRes=128, units='height', win=Window(...))
10.2121 	EXP 	Created instructionsLightBulb2_5 = ImageStim(__class__=<class 'psychopy.visual.image.ImageStim'>, autoLog=True, color=array([1., 1., 1.]), colorSpace='rgb', contrast=1.0, depth=-1.0, flipHoriz=False, flipVert=False, image='lightBulb_OFF.png', interpolate=True, mask=None, maskParams=None, name='instructionsLightBulb2_5', opacity=1.0, ori=0.0, pos=array([0.5, 0. ]), size=array([0.4, 0.4]), texRes=128, units='height', win=Window(...))
10.2453 	EXP 	Created instructionsLightBulb2_6 = ImageStim(__class__=<class 'psychopy.visual.image.ImageStim'>, autoLog=True, color=array([1., 1., 1.]), colorSpace='rgb', contrast=1.0, depth=-2.0, flipHoriz=False, flipVert=False, image='lightBulb_ON.png', interpolate=True, mask=None, maskParams=None, name='instructionsLightBulb2_6', opacity=1.0, ori=0.0, pos=array([0.5, 0. ]), size=array([0.4, 0.4]), texRes=128, units='height', win=Window(...))
10.2520 	EXP 	Created text_4 = TextStim(__class__=<class 'psychopy.visual.text.TextStim'>, alignHoriz=method-wrapper(...), alignText='center', alignVert=method-wrapper(...), anchorHoriz='center', anchorVert='center', antialias=True, autoLog=True, bold=False, color='black', colorSpace='named', contrast=1.0, depth=-3.0, flipHoriz=False, flipVert=False, font='Arial', fontFiles=[], height=0.05, italic=False, languageStyle='LTR', name='text_4', opacity=1.0, ori=0, pos=array([0. , 0.3]), rgb=array([0., 0., 0.]), text=str(...), units='height', win=Window(...), wrapWidth=1)
10.2544 	EXP 	Created pressSpace_4 = TextStim(__class__=<class 'psychopy.visual.text.TextStim'>, alignHoriz=method-wrapper(...), alignText='center', alignVert=method-wrapper(...), anchorHoriz='center', anchorVert='center', antialias=True, autoLog=True, bold=False, color='black', colorSpace='named', contrast=1.0, depth=-4.0, flipHoriz=False, flipVert=False, font='Arial', fontFiles=[], height=0.05, italic=False, languageStyle='LTR', name='pressSpace_4', opacity=1.0, ori=0, pos=array([ 0. , -0.3]), rgb=array([0., 0., 0.]), text='Press SPACE to continue', units='height', win=Window(...), wrapWidth=1)
10.2639 	EXP 	Created text_2 = TextStim(__class__=<class 'psychopy.visual.text.TextStim'>, alignHoriz=method-wrapper(...), alignText='center', alignVert=method-wrapper(...), anchorHoriz='center', anchorVert='center', antialias=True, autoLog=True, bold=False, color='black', colorSpace='named', contrast=1.0, depth=0.0, flipHoriz=False, flipVert=False, font='Arial', fontFiles=[], height=0.07, italic=False, languageStyle='LTR', name='text_2', opacity=1.0, ori=0, pos=array([0., 0.]), rgb=array([0., 0., 0.]), text=str(...), units='height', win=Window(...), wrapWidth=1)
10.2699 	EXP 	Created text_5 = TextStim(__class__=<class 'psychopy.visual.text.TextStim'>, alignHoriz=method-wrapper(...), alignText='center', alignVert=method-wrapper(...), anchorHoriz='center', anchorVert='center', antialias=True, autoLog=True, bold=False, color='black', colorSpace='named', contrast=1.0, depth=-1.0, flipHoriz=False, flipVert=False, font='Arial', fontFiles=[], height=0.07, italic=False, languageStyle='LTR', name='text_5', opacity=1.0, ori=0, pos=array([ 0. , -0.3]), rgb=array([0., 0., 0.]), text='press SPACEBAR to hear this sound', units='height', win=Window(...), wrapWidth=1)
10.2922 	EXP 	Created lightBulbOFF = ImageStim(__class__=<class 'psychopy.visual.image.ImageStim'>, autoLog=True, color=array([1., 1., 1.]), colorSpace='rgb', contrast=1.0, depth=-1.0, flipHoriz=False, flipVert=False, image='lightBulb_OFF.png', interpolate=True, mask=None, maskParams=None, name='lightBulbOFF', opacity=1.0, ori=0.0, pos=array([0., 0.]), size=array([0.5, 0.5]), texRes=128, units='height', win=Window(...))
10.3167 	EXP 	Created lightBulbON = ImageStim(__class__=<class 'psychopy.visual.image.ImageStim'>, autoLog=True, color=array([1., 1., 1.]), colorSpace='rgb', contrast=1.0, depth=-2.0, flipHoriz=False, flipVert=False, image='lightBulb_ON.png', interpolate=True, mask=None, maskParams=None, name='lightBulbON', opacity=1.0, ori=0.0, pos=array([0., 0.]), size=array([0.5, 0.5]), texRes=128, units='height', win=Window(...))
10.3245 	EXP 	Sound sound_1 set volume 1.000
10.3473 	EXP 	Created instructions_8_firstLine = TextStim(__class__=<class 'psychopy.visual.text.TextStim'>, alignHoriz=method-wrapper(...), alignText='center', alignVert=method-wrapper(...), anchorHoriz='center', anchorVert='center', antialias=True, autoLog=True, bold=False, color='black', colorSpace='named', contrast=1.0, depth=0.0, flipHoriz=False, flipVert=False, font='Arial', fontFiles=[], height=0.04, italic=False, languageStyle='LTR', name='instructions_8_firstLine', opacity=1.0, ori=0, pos=array([0. , 0.2]), rgb=array([0., 0., 0.]), text=str(...), units='height', win=Window(...), wrapWidth=1)
10.3541 	EXP 	Created text_8 = TextStim(__class__=<class 'psychopy.visual.text.TextStim'>, alignHoriz=method-wrapper(...), alignText='center', alignVert=method-wrapper(...), anchorHoriz='center', anchorVert='center', antialias=True, autoLog=True, bold=False, color='black', colorSpace='named', contrast=1.0, depth=-1.0, flipHoriz=False, flipVert=False, font='Arial', fontFiles=[], height=0.04, italic=False, languageStyle='LTR', name='text_8', opacity=1.0, ori=0, pos=array([0. , 0.1]), rgb=array([0., 0., 0.]), text=str(...), units='height', win=Window(...), wrapWidth=1)
10.3612 	EXP 	Created text_9 = TextStim(__class__=<class 'psychopy.visual.text.TextStim'>, alignHoriz=method-wrapper(...), alignText='center', alignVert=method-wrapper(...), anchorHoriz='center', anchorVert='center', antialias=True, autoLog=True, bold=False, color='black', colorSpace='named', contrast=1.0, depth=-2.0, flipHoriz=False, flipVert=False, font='Arial', fontFiles=[], height=0.04, italic=False, languageStyle='LTR', name='text_9', opacity=1.0, ori=0, pos=array([ 0.  , -0.02]), rgb=array([0., 0., 0.]), text=str(...), units='height', win=Window(...), wrapWidth=1)
10.3639 	EXP 	Created instructions_8_pressP = TextStim(__class__=<class 'psychopy.visual.text.TextStim'>, alignHoriz=method-wrapper(...), alignText='center', alignVert=method-wrapper(...), anchorHoriz='center', anchorVert='center', antialias=True, autoLog=True, bold=False, color='black', colorSpace='named', contrast=1.0, depth=-3.0, flipHoriz=False, flipVert=False, font='Arial', fontFiles=[], height=0.04, italic=False, languageStyle='LTR', name='instructions_8_pressP', opacity=1.0, ori=0, pos=array([ 0. , -0.3]), rgb=array([0., 0., 0.]), text="press 'p' to begin the practice trials!", units='height', win=Window(...), wrapWidth=1)
10.3713 	EXP 	Created text_6 = TextStim(__class__=<class 'psychopy.visual.text.TextStim'>, alignHoriz=method-wrapper(...), alignText='center', alignVert=method-wrapper(...), anchorHoriz='center', anchorVert='center', antialias=True, autoLog=True, bold=False, color='black', colorSpace='named', contrast=1.0, depth=-1.0, flipHoriz=False, flipVert=False, font='Arial', fontFiles=[], height=0.1, italic=False, languageStyle='LTR', name='text_6', opacity=1.0, ori=0, pos=array([0., 0.]), rgb=array([0., 0., 0.]), text='+', units='height', win=Window(...), wrapWidth=1)
10.3736 	EXP 	Created firstVisualStimulus_2 = TextStim(__class__=<class 'psychopy.visual.text.TextStim'>, alignHoriz=method-wrapper(...), alignText='center', alignVert=method-wrapper(...), anchorHoriz='center', anchorVert='center', antialias=True, autoLog=True, bold=False, color='black', colorSpace='named', contrast=1.0, depth=-1.0, flipHoriz=False, flipVert=False, font='Arial', fontFiles=[], height=0.1, italic=False, languageStyle='LTR', name='firstVisualStimulus_2', opacity=1.0, ori=0, pos=array([0., 0.]), rgb=array([0., 0., 0.]), text='1', units='height', win=Window(...), wrapWidth=1)
10.3736 	EXP 	Sound firstChoiceProbeTone_2 set volume 1.000
10.3998 	EXP 	Created firstChoiceLeftStimulus_2 = ImageStim(__class__=<class 'psychopy.visual.image.ImageStim'>, autoLog=True, color=array([1., 1., 1.]), colorSpace='rgb', contrast=1.0, depth=-3.0, flipHoriz=False, flipVert=False, image='lightBulb_ON.png', interpolate=True, mask=None, maskParams=None, name='firstChoiceLeftStimulus_2', opacity=1.0, ori=0.0, pos=array([-0.5,  0. ]), size=array([0.4, 0.4]), texRes=128, units='height', win=Window(...))
10.4253 	EXP 	Created firstChoiceRightStimulus_2 = ImageStim(__class__=<class 'psychopy.visual.image.ImageStim'>, autoLog=True, color=array([1., 1., 1.]), colorSpace='rgb', contrast=1.0, depth=-4.0, flipHoriz=False, flipVert=False, image='lightBulb_OFF.png', interpolate=True, mask=None, maskParams=None, name='firstChoiceRightStimulus_2', opacity=1.0, ori=0.0, pos=array([0.5, 0. ]), size=array([0.4, 0.4]), texRes=128, units='height', win=Window(...))
10.4292 	EXP 	Created ISIVisualStimulus_3 = TextStim(__class__=<class 'psychopy.visual.text.TextStim'>, alignHoriz=method-wrapper(...), alignText='center', alignVert=method-wrapper(...), anchorHoriz='center', anchorVert='center', antialias=True, autoLog=True, bold=False, color='black', colorSpace='named', contrast=1.0, depth=0.0, flipHoriz=False, flipVert=False, font='Arial', fontFiles=[], height=0.1, italic=False, languageStyle='LTR', name='ISIVisualStimulus_3', opacity=1.0, ori=0, pos=array([0., 0.]), rgb=array([0., 0., 0.]), text='ISI', units='height', win=Window(...), wrapWidth=1)
10.4522 	EXP 	Created rightStimulus_3 = ImageStim(__class__=<class 'psychopy.visual.image.ImageStim'>, autoLog=True, color=array([1., 1., 1.]), colorSpace='rgb', contrast=1.0, depth=-1.0, flipHoriz=False, flipVert=False, image='lightBulb_OFF.png', interpolate=True, mask=None, maskParams=None, name='rightStimulus_3', opacity=1.0, ori=0.0, pos=array([0.5, 0. ]), size=array([0.4, 0.4]), texRes=128, units='height', win=Window(...))
10.4739 	EXP 	Created leftStimulus_3 = ImageStim(__class__=<class 'psychopy.visual.image.ImageStim'>, autoLog=True, color=array([1., 1., 1.]), colorSpace='rgb', contrast=1.0, depth=-2.0, flipHoriz=False, flipVert=False, image='lightBulb_OFF.png', interpolate=True, mask=None, maskParams=None, name='leftStimulus_3', opacity=1.0, ori=0.0, pos=array([-0.5,  0. ]), size=array([0.4, 0.4]), texRes=128, units='height', win=Window(...))
10.4762 	EXP 	Created secondVisualStimulus_2 = TextStim(__class__=<class 'psychopy.visual.text.TextStim'>, alignHoriz=method-wrapper(...), alignText='center', alignVert=method-wrapper(...), anchorHoriz='center', anchorVert='center', antialias=True, autoLog=True, bold=False, color='black', colorSpace='named', contrast=1.0, depth=-1.0, flipHoriz=False, flipVert=False, font='Arial', fontFiles=[], height=0.1, italic=False, languageStyle='LTR', name='secondVisualStimulus_2', opacity=1.0, ori=0, pos=array([0., 0.]), rgb=array([0., 0., 0.]), text='2', units='height', win=Window(...), wrapWidth=1)
10.4764 	EXP 	Sound secondChoiceTone_2 set volume 1.000
10.5041 	EXP 	Created secondChoiceLeftStimulus_2 = ImageStim(__class__=<class 'psychopy.visual.image.ImageStim'>, autoLog=True, color=array([1., 1., 1.]), colorSpace='rgb', contrast=1.0, depth=-3.0, flipHoriz=False, flipVert=False, image='lightBulb_OFF.png', interpolate=True, mask=None, maskParams=None, name='secondChoiceLeftStimulus_2', opacity=1.0, ori=0.0, pos=array([-0.5,  0. ]), size=array([0.4, 0.4]), texRes=128, units='height', win=Window(...))
10.5294 	EXP 	Created secondChoiceRightStimulus_2 = ImageStim(__class__=<class 'psychopy.visual.image.ImageStim'>, autoLog=True, color=array([1., 1., 1.]), colorSpace='rgb', contrast=1.0, depth=-4.0, flipHoriz=False, flipVert=False, image='lightBulb_ON.png', interpolate=True, mask=None, maskParams=None, name='secondChoiceRightStimulus_2', opacity=1.0, ori=0.0, pos=array([0.5, 0. ]), size=array([0.4, 0.4]), texRes=128, units='height', win=Window(...))
10.5484 	EXP 	Created decisionTextProbe_2 = TextStim(__class__=<class 'psychopy.visual.text.TextStim'>, alignHoriz=method-wrapper(...), alignText='center', alignVert=method-wrapper(...), anchorHoriz='center', anchorVert='center', antialias=True, autoLog=True, bold=False, color='black', colorSpace='named', contrast=1.0, depth=-1.0, flipHoriz=False, flipVert=False, font='Arial', fontFiles=[], height=0.1, italic=False, languageStyle='LTR', name='decisionTextProbe_2', opacity=1.0, ori=0, pos=array([0., 0.]), rgb=array([0., 0., 0.]), text=str(...), units='height', win=Window(...), wrapWidth=1)
10.5536 	EXP 	Created feedbackText_2 = TextStim(__class__=<class 'psychopy.visual.text.TextStim'>, alignHoriz=method-wrapper(...), alignText='center', alignVert=method-wrapper(...), anchorHoriz='center', anchorVert='center', antialias=True, autoLog=True, bold=False, color='black', colorSpace='named', contrast=1.0, depth=-1.0, flipHoriz=False, flipVert=False, font='Arial', fontFiles=[], height=0.1, italic=False, languageStyle='LTR', name='feedbackText_2', opacity=1.0, ori=0, pos=array([0., 0.]), rgb=array([0., 0., 0.]), text='default text', units='height', win=Window(...), wrapWidth=1)
10.5698 	EXP 	Created text_7 = TextStim(__class__=<class 'psychopy.visual.text.TextStim'>, alignHoriz=method-wrapper(...), alignText='center', alignVert=method-wrapper(...), anchorHoriz='center', anchorVert='center', antialias=True, autoLog=True, bold=False, color='black', colorSpace='named', contrast=1.0, depth=0.0, flipHoriz=False, flipVert=False, font='Arial', fontFiles=[], height=0.05, italic=False, languageStyle='LTR', name='text_7', opacity=1.0, ori=0, pos=array([0., 0.]), rgb=array([0., 0., 0.]), text=str(...), units='height', win=Window(...), wrapWidth=1)
10.5902 	EXP 	Created text_10 = TextStim(__class__=<class 'psychopy.visual.text.TextStim'>, alignHoriz=method-wrapper(...), alignText='center', alignVert=method-wrapper(...), anchorHoriz='center', anchorVert='center', antialias=True, autoLog=True, bold=False, color='black', colorSpace='named', contrast=1.0, depth=0.0, flipHoriz=False, flipVert=False, font='Arial', fontFiles=[], height=0.05, italic=False, languageStyle='LTR', name='text_10', opacity=1.0, ori=0, pos=array([0., 0.]), rgb=array([0., 0., 0.]), text=str(...), units='height', win=Window(...), wrapWidth=1)
10.5930 	EXP 	Created firstITI = TextStim(__class__=<class 'psychopy.visual.text.TextStim'>, alignHoriz=method-wrapper(...), alignText='center', alignVert=method-wrapper(...), anchorHoriz='center', anchorVert='center', antialias=True, autoLog=True, bold=False, color='black', colorSpace='named', contrast=1.0, depth=-1.0, flipHoriz=False, flipVert=False, font='Arial', fontFiles=[], height=0.1, italic=False, languageStyle='LTR', name='firstITI', opacity=1.0, ori=0, pos=array([0., 0.]), rgb=array([0., 0., 0.]), text='+', units='height', win=Window(...), wrapWidth=1)
10.5952 	EXP 	Created text = TextStim(__class__=<class 'psychopy.visual.text.TextStim'>, alignHoriz=method-wrapper(...), alignText='center', alignVert=method-wrapper(...), anchorHoriz='center', anchorVert='center', antialias=True, autoLog=True, bold=False, color='black', colorSpace='named', contrast=1.0, depth=0.0, flipHoriz=False, flipVert=False, font='Arial', fontFiles=[], height=0.1, italic=False, languageStyle='LTR', name='text', opacity=1.0, ori=0, pos=array([0., 0.]), rgb=array([0., 0., 0.]), text='+', units='height', win=Window(...), wrapWidth=1)
10.5980 	EXP 	Created firstVisualStimulus = TextStim(__class__=<class 'psychopy.visual.text.TextStim'>, alignHoriz=method-wrapper(...), alignText='center', alignVert=method-wrapper(...), anchorHoriz='center', anchorVert='center', antialias=True, autoLog=True, bold=False, color='black', colorSpace='named', contrast=1.0, depth=-1.0, flipHoriz=False, flipVert=False, font='Arial', fontFiles=[], height=0.1, italic=False, languageStyle='LTR', name='firstVisualStimulus', opacity=1.0, ori=0, pos=array([0., 0.]), rgb=array([0., 0., 0.]), text='1', units='height', win=Window(...), wrapWidth=1)
10.5996 	EXP 	Sound firstChoiceNoise set volume 1.000
10.5997 	EXP 	Sound firstChoiceProbeTone set volume 1.000
10.6322 	EXP 	Created firstChoiceLeftStimulus = ImageStim(__class__=<class 'psychopy.visual.image.ImageStim'>, autoLog=True, color=array([1., 1., 1.]), colorSpace='rgb', contrast=1.0, depth=-4.0, flipHoriz=False, flipVert=False, image='lightBulb_ON.png', interpolate=True, mask=None, maskParams=None, name='firstChoiceLeftStimulus', opacity=1.0, ori=0.0, pos=array([-0.5,  0. ]), size=array([0.4, 0.4]), texRes=128, units='height', win=Window(...))
10.6640 	EXP 	Created firstChoiceRightStimulus = ImageStim(__class__=<class 'psychopy.visual.image.ImageStim'>, autoLog=True, color=array([1., 1., 1.]), colorSpace='rgb', contrast=1.0, depth=-5.0, flipHoriz=False, flipVert=False, image='lightBulb_OFF.png', interpolate=True, mask=None, maskParams=None, name='firstChoiceRightStimulus', opacity=1.0, ori=0.0, pos=array([0.5, 0. ]), size=array([0.4, 0.4]), texRes=128, units='height', win=Window(...))
10.6670 	EXP 	Created ISIVisualStimulus = TextStim(__class__=<class 'psychopy.visual.text.TextStim'>, alignHoriz=method-wrapper(...), alignText='center', alignVert=method-wrapper(...), anchorHoriz='center', anchorVert='center', antialias=True, autoLog=True, bold=False, color='black', colorSpace='named', contrast=1.0, depth=0.0, flipHoriz=False, flipVert=False, font='Arial', fontFiles=[], height=0.1, italic=False, languageStyle='LTR', name='ISIVisualStimulus', opacity=1.0, ori=0, pos=array([0., 0.]), rgb=array([0., 0., 0.]), text='ISI', units='height', win=Window(...), wrapWidth=1)
10.6930 	EXP 	Created rightStimulus = ImageStim(__class__=<class 'psychopy.visual.image.ImageStim'>, autoLog=True, color=array([1., 1., 1.]), colorSpace='rgb', contrast=1.0, depth=-1.0, flipHoriz=False, flipVert=False, image='lightBulb_OFF.png', interpolate=True, mask=None, maskParams=None, name='rightStimulus', opacity=1.0, ori=0.0, pos=array([0.5, 0. ]), size=array([0.4, 0.4]), texRes=128, units='height', win=Window(...))
10.7228 	EXP 	Created leftStimulus = ImageStim(__class__=<class 'psychopy.visual.image.ImageStim'>, autoLog=True, color=array([1., 1., 1.]), colorSpace='rgb', contrast=1.0, depth=-2.0, flipHoriz=False, flipVert=False, image='lightBulb_OFF.png', interpolate=True, mask=None, maskParams=None, name='leftStimulus', opacity=1.0, ori=0.0, pos=array([-0.5,  0. ]), size=array([0.4, 0.4]), texRes=128, units='height', win=Window(...))
10.7255 	EXP 	Created secondVisualStimulus = TextStim(__class__=<class 'psychopy.visual.text.TextStim'>, alignHoriz=method-wrapper(...), alignText='center', alignVert=method-wrapper(...), anchorHoriz='center', anchorVert='center', antialias=True, autoLog=True, bold=False, color='black', colorSpace='named', contrast=1.0, depth=-1.0, flipHoriz=False, flipVert=False, font='Arial', fontFiles=[], height=0.1, italic=False, languageStyle='LTR', name='secondVisualStimulus', opacity=1.0, ori=0, pos=array([0., 0.]), rgb=array([0., 0., 0.]), text='2', units='height', win=Window(...), wrapWidth=1)
10.7268 	EXP 	Sound secondChoiceNoise set volume 1.000
10.7268 	EXP 	Sound secondChoiceTone set volume 1.000
10.7548 	EXP 	Created secondChoiceLeftStimulus = ImageStim(__class__=<class 'psychopy.visual.image.ImageStim'>, autoLog=True, color=array([1., 1., 1.]), colorSpace='rgb', contrast=1.0, depth=-4.0, flipHoriz=False, flipVert=False, image='lightBulb_OFF.png', interpolate=True, mask=None, maskParams=None, name='secondChoiceLeftStimulus', opacity=1.0, ori=0.0, pos=array([-0.5,  0. ]), size=array([0.4, 0.4]), texRes=128, units='height', win=Window(...))
10.7825 	EXP 	Created secondChoiceRightStimulus = ImageStim(__class__=<class 'psychopy.visual.image.ImageStim'>, autoLog=True, color=array([1., 1., 1.]), colorSpace='rgb', contrast=1.0, depth=-5.0, flipHoriz=False, flipVert=False, image='lightBulb_ON.png', interpolate=True, mask=None, maskParams=None, name='secondChoiceRightStimulus', opacity=1.0, ori=0.0, pos=array([0.5, 0. ]), size=array([0.4, 0.4]), texRes=128, units='height', win=Window(...))
10.7881 	EXP 	Created decisionTextProbe = TextStim(__class__=<class 'psychopy.visual.text.TextStim'>, alignHoriz=method-wrapper(...), alignText='center', alignVert=method-wrapper(...), anchorHoriz='center', anchorVert='center', antialias=True, autoLog=True, bold=False, color='black', colorSpace='named', contrast=1.0, depth=-1.0, flipHoriz=False, flipVert=False, font='Arial', fontFiles=[], height=0.1, italic=False, languageStyle='LTR', name='decisionTextProbe', opacity=1.0, ori=0, pos=array([0., 0.]), rgb=array([0., 0., 0.]), text=str(...), units='height', win=Window(...), wrapWidth=1)
10.7914 	EXP 	Created feedbackText = TextStim(__class__=<class 'psychopy.visual.text.TextStim'>, alignHoriz=method-wrapper(...), alignText='center', alignVert=method-wrapper(...), anchorHoriz='center', anchorVert='center', antialias=True, autoLog=True, bold=False, color='black', colorSpace='named', contrast=1.0, depth=-1.0, flipHoriz=False, flipVert=False, font='Arial', fontFiles=[], height=0.1, italic=False, languageStyle='LTR', name='feedbackText', opacity=1.0, ori=0, pos=array([0., 0.]), rgb=array([0., 0., 0.]), text='default text', units='height', win=Window(...), wrapWidth=1)
10.8214 	EXP 	welcomeText: autoDraw = True
11.3800 	EXP 	Created sequence: sequential, trialTypes=1, nReps=0, seed=None
11.4163 	DEBUG 	Read Excel file with pandas: practiceConditionsFile.xlsx
11.4176 	DEBUG 	Clearing unnamed columns from practiceConditionsFile.xlsx
11.4179 	EXP 	Imported practiceConditionsFile.xlsx as conditions, 5 conditions, 1 params
11.4180 	EXP 	Created sequence: sequential, trialTypes=5, nReps=0, seed=None
11.4207 	DATA 	Keypress: space
11.4234 	EXP 	welcomeText: autoDraw = False
11.4234 	EXP 	text_7: autoDraw = True
11.7461 	DATA 	Keypress: space
12.1339 	DATA 	Keypress: c
12.1438 	EXP 	text_7: autoDraw = False
12.1438 	EXP 	text_10: autoDraw = True
12.9655 	DATA 	Keypress: b
12.9957 	EXP 	text_10: autoDraw = False
12.9957 	EXP 	firstITI: autoDraw = True
17.9913 	DEBUG 	Read Excel file with pandas: questConditionsFile.xlsx
17.9921 	DEBUG 	Clearing unnamed columns from questConditionsFile.xlsx
17.9927 	EXP 	Imported questConditionsFile.xlsx as conditions, 1 conditions, 11 params
18.2983 	DEBUG 	Using C:\Program Files\PsychoPy3\lib\site-packages\psychopy\data\staircase.py as origin file
18.3017 	DEBUG 	Using C:\Program Files\PsychoPy3\lib\site-packages\psychopy\data\staircase.py as origin file
18.3078 	EXP 	firstITI: autoDraw = False
18.3078 	EXP 	firstITI: autoDraw = False
18.3078 	EXP 	text: autoDraw = True
19.0800 	EXP 	text: autoDraw = False
19.0800 	EXP 	firstVisualStimulus: autoDraw = True
19.0800 	EXP 	firstChoiceLeftStimulus: autoDraw = True
19.0800 	EXP 	firstChoiceRightStimulus: autoDraw = True
19.4380 	EXP 	firstVisualStimulus: autoDraw = False
19.4380 	EXP 	firstChoiceLeftStimulus: autoDraw = False
19.4380 	EXP 	firstChoiceRightStimulus: autoDraw = False
19.4380 	EXP 	firstVisualStimulus: autoDraw = False
19.4380 	EXP 	firstChoiceLeftStimulus: autoDraw = False
19.4380 	EXP 	firstChoiceRightStimulus: autoDraw = False
19.4380 	EXP 	ISIVisualStimulus: autoDraw = True
19.4380 	EXP 	rightStimulus: autoDraw = True
19.4380 	EXP 	leftStimulus: autoDraw = True
20.4479 	EXP 	ISIVisualStimulus: autoDraw = False
20.4479 	EXP 	rightStimulus: autoDraw = False
20.4479 	EXP 	leftStimulus: autoDraw = False
20.4479 	EXP 	secondVisualStimulus: autoDraw = True
20.4479 	EXP 	secondChoiceLeftStimulus: autoDraw = True
20.4479 	EXP 	secondChoiceRightStimulus: autoDraw = True
20.7687 	EXP 	secondVisualStimulus: autoDraw = False
20.7687 	EXP 	secondChoiceLeftStimulus: autoDraw = False
20.7687 	EXP 	secondChoiceRightStimulus: autoDraw = False
20.7687 	EXP 	secondVisualStimulus: autoDraw = False
20.7687 	EXP 	secondChoiceLeftStimulus: autoDraw = False
20.7687 	EXP 	secondChoiceRightStimulus: autoDraw = False
20.7687 	EXP 	decisionTextProbe: autoDraw = True
20.9729 	WARNING 	Got keycode {} but that code isn't yet known
20.9730 	WARNING 	Keypress was given unknown key code (174)
21.8811 	DATA 	Keypress: 2
21.8864 	EXP 	decisionTextProbe: autoDraw = False
21.8864 	EXP 	feedbackText: text = 'Correct'
21.8864 	EXP 	feedbackText: autoDraw = True
22.3232 	WARNING 	Got keycode {} but that code isn't yet known
22.3233 	WARNING 	Keypress was given unknown key code (174)
22.8874 	EXP 	feedbackText: autoDraw = False
22.8874 	EXP 	feedbackText: autoDraw = False
22.8874 	EXP 	text: autoDraw = True
22.9898 	WARNING 	Got keycode {} but that code isn't yet known
22.9898 	WARNING 	Keypress was given unknown key code (176)
23.1908 	WARNING 	Got keycode {} but that code isn't yet known
23.1908 	WARNING 	Keypress was given unknown key code (176)
23.8884 	EXP 	text: autoDraw = False
23.8884 	EXP 	text: autoDraw = False
23.8884 	EXP 	firstVisualStimulus: autoDraw = True
23.8884 	EXP 	firstChoiceLeftStimulus: autoDraw = True
23.8884 	EXP 	firstChoiceRightStimulus: autoDraw = True
24.2220 	EXP 	firstVisualStimulus: autoDraw = False
24.2220 	EXP 	firstChoiceLeftStimulus: autoDraw = False
24.2220 	EXP 	firstChoiceRightStimulus: autoDraw = False
24.2220 	EXP 	firstVisualStimulus: autoDraw = False
24.2220 	EXP 	firstChoiceLeftStimulus: autoDraw = False
24.2220 	EXP 	firstChoiceRightStimulus: autoDraw = False
24.2220 	EXP 	ISIVisualStimulus: autoDraw = True
24.2220 	EXP 	rightStimulus: autoDraw = True
24.2220 	EXP 	leftStimulus: autoDraw = True
25.2229 	EXP 	ISIVisualStimulus: autoDraw = False
25.2229 	EXP 	rightStimulus: autoDraw = False
25.2229 	EXP 	leftStimulus: autoDraw = False
25.2229 	EXP 	ISIVisualStimulus: autoDraw = False
25.2229 	EXP 	rightStimulus: autoDraw = False
25.2229 	EXP 	leftStimulus: autoDraw = False
25.2229 	EXP 	secondVisualStimulus: autoDraw = True
25.2229 	EXP 	secondChoiceLeftStimulus: autoDraw = True
25.2229 	EXP 	secondChoiceRightStimulus: autoDraw = True
25.5567 	EXP 	secondVisualStimulus: autoDraw = False
25.5567 	EXP 	secondChoiceLeftStimulus: autoDraw = False
25.5567 	EXP 	secondChoiceRightStimulus: autoDraw = False
25.5567 	EXP 	secondVisualStimulus: autoDraw = False
25.5567 	EXP 	secondChoiceLeftStimulus: autoDraw = False
25.5567 	EXP 	secondChoiceRightStimulus: autoDraw = False
25.5567 	EXP 	decisionTextProbe: autoDraw = True
25.8280 	DATA 	Keypress: 2
25.8570 	EXP 	decisionTextProbe: autoDraw = False
25.8570 	EXP 	feedbackText: text = 'Incorrect'
25.8570 	EXP 	feedbackText: autoDraw = True
26.8586 	EXP 	feedbackText: autoDraw = False
26.8586 	EXP 	feedbackText: autoDraw = False
26.8586 	EXP 	text: autoDraw = True
27.8589 	EXP 	text: autoDraw = False
27.8589 	EXP 	text: autoDraw = False
27.8589 	EXP 	firstVisualStimulus: autoDraw = True
27.8589 	EXP 	firstChoiceLeftStimulus: autoDraw = True
27.8589 	EXP 	firstChoiceRightStimulus: autoDraw = True
28.1928 	EXP 	firstVisualStimulus: autoDraw = False
28.1928 	EXP 	firstChoiceLeftStimulus: autoDraw = False
28.1928 	EXP 	firstChoiceRightStimulus: autoDraw = False
28.1928 	EXP 	firstVisualStimulus: autoDraw = False
28.1928 	EXP 	firstChoiceLeftStimulus: autoDraw = False
28.1928 	EXP 	firstChoiceRightStimulus: autoDraw = False
28.1928 	EXP 	ISIVisualStimulus: autoDraw = True
28.1928 	EXP 	rightStimulus: autoDraw = True
28.1928 	EXP 	leftStimulus: autoDraw = True
29.1938 	EXP 	ISIVisualStimulus: autoDraw = False
29.1938 	EXP 	rightStimulus: autoDraw = False
29.1938 	EXP 	leftStimulus: autoDraw = False
29.1938 	EXP 	ISIVisualStimulus: autoDraw = False
29.1938 	EXP 	rightStimulus: autoDraw = False
29.1938 	EXP 	leftStimulus: autoDraw = False
29.1938 	EXP 	secondVisualStimulus: autoDraw = True
29.1938 	EXP 	secondChoiceLeftStimulus: autoDraw = True
29.1938 	EXP 	secondChoiceRightStimulus: autoDraw = True
29.5274 	EXP 	secondVisualStimulus: autoDraw = False
29.5274 	EXP 	secondChoiceLeftStimulus: autoDraw = False
29.5274 	EXP 	secondChoiceRightStimulus: autoDraw = False
29.5274 	EXP 	secondVisualStimulus: autoDraw = False
29.5274 	EXP 	secondChoiceLeftStimulus: autoDraw = False
29.5274 	EXP 	secondChoiceRightStimulus: autoDraw = False
29.5274 	EXP 	decisionTextProbe: autoDraw = True
29.7704 	DATA 	Keypress: 1
29.7774 	EXP 	decisionTextProbe: autoDraw = False
29.7774 	EXP 	feedbackText: text = 'Correct'
29.7774 	EXP 	feedbackText: autoDraw = True
30.7784 	EXP 	feedbackText: autoDraw = False
30.7784 	EXP 	feedbackText: autoDraw = False
30.7784 	EXP 	text: autoDraw = True
31.7796 	EXP 	text: autoDraw = False
31.7796 	EXP 	text: autoDraw = False
31.7796 	EXP 	firstVisualStimulus: autoDraw = True
31.7796 	EXP 	firstChoiceLeftStimulus: autoDraw = True
31.7796 	EXP 	firstChoiceRightStimulus: autoDraw = True
32.1135 	EXP 	firstVisualStimulus: autoDraw = False
32.1135 	EXP 	firstChoiceLeftStimulus: autoDraw = False
32.1135 	EXP 	firstChoiceRightStimulus: autoDraw = False
32.1135 	EXP 	firstVisualStimulus: autoDraw = False
32.1135 	EXP 	firstChoiceLeftStimulus: autoDraw = False
32.1135 	EXP 	firstChoiceRightStimulus: autoDraw = False
32.1135 	EXP 	ISIVisualStimulus: autoDraw = True
32.1135 	EXP 	rightStimulus: autoDraw = True
32.1135 	EXP 	leftStimulus: autoDraw = True
33.1143 	EXP 	ISIVisualStimulus: autoDraw = False
33.1143 	EXP 	rightStimulus: autoDraw = False
33.1143 	EXP 	leftStimulus: autoDraw = False
33.1143 	EXP 	ISIVisualStimulus: autoDraw = False
33.1143 	EXP 	rightStimulus: autoDraw = False
33.1143 	EXP 	leftStimulus: autoDraw = False
33.1143 	EXP 	secondVisualStimulus: autoDraw = True
33.1143 	EXP 	secondChoiceLeftStimulus: autoDraw = True
33.1143 	EXP 	secondChoiceRightStimulus: autoDraw = True
33.4479 	EXP 	secondVisualStimulus: autoDraw = False
33.4479 	EXP 	secondChoiceLeftStimulus: autoDraw = False
33.4479 	EXP 	secondChoiceRightStimulus: autoDraw = False
33.4479 	EXP 	secondVisualStimulus: autoDraw = False
33.4479 	EXP 	secondChoiceLeftStimulus: autoDraw = False
33.4479 	EXP 	secondChoiceRightStimulus: autoDraw = False
33.4479 	EXP 	decisionTextProbe: autoDraw = True
33.6043 	DATA 	Keypress: 2
33.6147 	EXP 	decisionTextProbe: autoDraw = False
33.6147 	EXP 	feedbackText: text = 'Correct'
33.6147 	EXP 	feedbackText: autoDraw = True
34.6158 	EXP 	feedbackText: autoDraw = False
34.6158 	EXP 	feedbackText: autoDraw = False
34.6158 	EXP 	text: autoDraw = True
35.6167 	EXP 	text: autoDraw = False
35.6167 	EXP 	text: autoDraw = False
35.6167 	EXP 	firstVisualStimulus: autoDraw = True
35.6167 	EXP 	firstChoiceLeftStimulus: autoDraw = True
35.6167 	EXP 	firstChoiceRightStimulus: autoDraw = True
35.9505 	EXP 	firstVisualStimulus: autoDraw = False
35.9505 	EXP 	firstChoiceLeftStimulus: autoDraw = False
35.9505 	EXP 	firstChoiceRightStimulus: autoDraw = False
35.9505 	EXP 	firstVisualStimulus: autoDraw = False
35.9505 	EXP 	firstChoiceLeftStimulus: autoDraw = False
35.9505 	EXP 	firstChoiceRightStimulus: autoDraw = False
35.9505 	EXP 	ISIVisualStimulus: autoDraw = True
35.9505 	EXP 	rightStimulus: autoDraw = True
35.9505 	EXP 	leftStimulus: autoDraw = True
36.9515 	EXP 	ISIVisualStimulus: autoDraw = False
36.9515 	EXP 	rightStimulus: autoDraw = False
36.9515 	EXP 	leftStimulus: autoDraw = False
36.9515 	EXP 	ISIVisualStimulus: autoDraw = False
36.9515 	EXP 	rightStimulus: autoDraw = False
36.9515 	EXP 	leftStimulus: autoDraw = False
36.9515 	EXP 	secondVisualStimulus: autoDraw = True
36.9515 	EXP 	secondChoiceLeftStimulus: autoDraw = True
36.9515 	EXP 	secondChoiceRightStimulus: autoDraw = True
37.2852 	EXP 	secondVisualStimulus: autoDraw = False
37.2852 	EXP 	secondChoiceLeftStimulus: autoDraw = False
37.2852 	EXP 	secondChoiceRightStimulus: autoDraw = False
37.2852 	EXP 	secondVisualStimulus: autoDraw = False
37.2852 	EXP 	secondChoiceLeftStimulus: autoDraw = False
37.2852 	EXP 	secondChoiceRightStimulus: autoDraw = False
37.2852 	EXP 	decisionTextProbe: autoDraw = True
38.1459 	DATA 	Keypress: 1
38.1526 	EXP 	decisionTextProbe: autoDraw = False
38.1526 	EXP 	feedbackText: text = 'Incorrect'
38.1526 	EXP 	feedbackText: autoDraw = True
39.1537 	EXP 	feedbackText: autoDraw = False
39.1537 	EXP 	feedbackText: autoDraw = False
39.1537 	EXP 	text: autoDraw = True
40.1546 	EXP 	text: autoDraw = False
40.1546 	EXP 	text: autoDraw = False
40.1546 	EXP 	firstVisualStimulus: autoDraw = True
40.1546 	EXP 	firstChoiceLeftStimulus: autoDraw = True
40.1546 	EXP 	firstChoiceRightStimulus: autoDraw = True
40.4885 	EXP 	firstVisualStimulus: autoDraw = False
40.4885 	EXP 	firstChoiceLeftStimulus: autoDraw = False
40.4885 	EXP 	firstChoiceRightStimulus: autoDraw = False
40.4885 	EXP 	firstVisualStimulus: autoDraw = False
40.4885 	EXP 	firstChoiceLeftStimulus: autoDraw = False
40.4885 	EXP 	firstChoiceRightStimulus: autoDraw = False
40.4885 	EXP 	ISIVisualStimulus: autoDraw = True
40.4885 	EXP 	rightStimulus: autoDraw = True
40.4885 	EXP 	leftStimulus: autoDraw = True
41.4891 	EXP 	ISIVisualStimulus: autoDraw = False
41.4891 	EXP 	rightStimulus: autoDraw = False
41.4891 	EXP 	leftStimulus: autoDraw = False
41.4891 	EXP 	ISIVisualStimulus: autoDraw = False
41.4891 	EXP 	rightStimulus: autoDraw = False
41.4891 	EXP 	leftStimulus: autoDraw = False
41.4891 	EXP 	secondVisualStimulus: autoDraw = True
41.4891 	EXP 	secondChoiceLeftStimulus: autoDraw = True
41.4891 	EXP 	secondChoiceRightStimulus: autoDraw = True
41.8227 	EXP 	secondVisualStimulus: autoDraw = False
41.8227 	EXP 	secondChoiceLeftStimulus: autoDraw = False
41.8227 	EXP 	secondChoiceRightStimulus: autoDraw = False
41.8227 	EXP 	secondVisualStimulus: autoDraw = False
41.8227 	EXP 	secondChoiceLeftStimulus: autoDraw = False
41.8227 	EXP 	secondChoiceRightStimulus: autoDraw = False
41.8227 	EXP 	decisionTextProbe: autoDraw = True
42.9444 	DATA 	Keypress: 1
42.9740 	EXP 	decisionTextProbe: autoDraw = False
42.9740 	EXP 	feedbackText: text = 'Correct'
42.9740 	EXP 	feedbackText: autoDraw = True
43.9749 	EXP 	feedbackText: autoDraw = False
43.9749 	EXP 	feedbackText: autoDraw = False
43.9749 	EXP 	text: autoDraw = True
44.9762 	EXP 	text: autoDraw = False
44.9762 	EXP 	text: autoDraw = False
44.9762 	EXP 	firstVisualStimulus: autoDraw = True
44.9762 	EXP 	firstChoiceLeftStimulus: autoDraw = True
44.9762 	EXP 	firstChoiceRightStimulus: autoDraw = True
45.3100 	EXP 	firstVisualStimulus: autoDraw = False
45.3100 	EXP 	firstChoiceLeftStimulus: autoDraw = False
45.3100 	EXP 	firstChoiceRightStimulus: autoDraw = False
45.3100 	EXP 	firstVisualStimulus: autoDraw = False
45.3100 	EXP 	firstChoiceLeftStimulus: autoDraw = False
45.3100 	EXP 	firstChoiceRightStimulus: autoDraw = False
45.3100 	EXP 	ISIVisualStimulus: autoDraw = True
45.3100 	EXP 	rightStimulus: autoDraw = True
45.3100 	EXP 	leftStimulus: autoDraw = True
46.3107 	EXP 	ISIVisualStimulus: autoDraw = False
46.3107 	EXP 	rightStimulus: autoDraw = False
46.3107 	EXP 	leftStimulus: autoDraw = False
46.3107 	EXP 	ISIVisualStimulus: autoDraw = False
46.3107 	EXP 	rightStimulus: autoDraw = False
46.3107 	EXP 	leftStimulus: autoDraw = False
46.3107 	EXP 	secondVisualStimulus: autoDraw = True
46.3107 	EXP 	secondChoiceLeftStimulus: autoDraw = True
46.3107 	EXP 	secondChoiceRightStimulus: autoDraw = True
46.6445 	EXP 	secondVisualStimulus: autoDraw = False
46.6445 	EXP 	secondChoiceLeftStimulus: autoDraw = False
46.6445 	EXP 	secondChoiceRightStimulus: autoDraw = False
46.6445 	EXP 	secondVisualStimulus: autoDraw = False
46.6445 	EXP 	secondChoiceLeftStimulus: autoDraw = False
46.6445 	EXP 	secondChoiceRightStimulus: autoDraw = False
46.6445 	EXP 	decisionTextProbe: autoDraw = True
47.2371 	DATA 	Keypress: 2
47.2449 	EXP 	decisionTextProbe: autoDraw = False
47.2449 	EXP 	feedbackText: text = 'Incorrect'
47.2449 	EXP 	feedbackText: autoDraw = True
48.2465 	EXP 	feedbackText: autoDraw = False
48.2465 	EXP 	feedbackText: autoDraw = False
48.2465 	EXP 	text: autoDraw = True
49.2467 	EXP 	text: autoDraw = False
49.2467 	EXP 	text: autoDraw = False
49.2467 	EXP 	firstVisualStimulus: autoDraw = True
49.2467 	EXP 	firstChoiceLeftStimulus: autoDraw = True
49.2467 	EXP 	firstChoiceRightStimulus: autoDraw = True
49.5809 	EXP 	firstVisualStimulus: autoDraw = False
49.5809 	EXP 	firstChoiceLeftStimulus: autoDraw = False
49.5809 	EXP 	firstChoiceRightStimulus: autoDraw = False
49.5809 	EXP 	firstVisualStimulus: autoDraw = False
49.5809 	EXP 	firstChoiceLeftStimulus: autoDraw = False
49.5809 	EXP 	firstChoiceRightStimulus: autoDraw = False
49.5809 	EXP 	ISIVisualStimulus: autoDraw = True
49.5809 	EXP 	rightStimulus: autoDraw = True
49.5809 	EXP 	leftStimulus: autoDraw = True
50.5817 	EXP 	ISIVisualStimulus: autoDraw = False
50.5817 	EXP 	rightStimulus: autoDraw = False
50.5817 	EXP 	leftStimulus: autoDraw = False
50.5817 	EXP 	ISIVisualStimulus: autoDraw = False
50.5817 	EXP 	rightStimulus: autoDraw = False
50.5817 	EXP 	leftStimulus: autoDraw = False
50.5817 	EXP 	secondVisualStimulus: autoDraw = True
50.5817 	EXP 	secondChoiceLeftStimulus: autoDraw = True
50.5817 	EXP 	secondChoiceRightStimulus: autoDraw = True
50.9155 	EXP 	secondVisualStimulus: autoDraw = False
50.9155 	EXP 	secondChoiceLeftStimulus: autoDraw = False
50.9155 	EXP 	secondChoiceRightStimulus: autoDraw = False
50.9155 	EXP 	secondVisualStimulus: autoDraw = False
50.9155 	EXP 	secondChoiceLeftStimulus: autoDraw = False
50.9155 	EXP 	secondChoiceRightStimulus: autoDraw = False
50.9155 	EXP 	decisionTextProbe: autoDraw = True
51.3564 	DATA 	Keypress: 1
51.3660 	EXP 	decisionTextProbe: autoDraw = False
51.3660 	EXP 	feedbackText: text = 'Incorrect'
51.3660 	EXP 	feedbackText: autoDraw = True
52.3667 	EXP 	feedbackText: autoDraw = False
52.3667 	EXP 	feedbackText: autoDraw = False
52.3667 	EXP 	text: autoDraw = True
53.3678 	EXP 	text: autoDraw = False
53.3678 	EXP 	text: autoDraw = False
53.3678 	EXP 	firstVisualStimulus: autoDraw = True
53.3678 	EXP 	firstChoiceLeftStimulus: autoDraw = True
53.3678 	EXP 	firstChoiceRightStimulus: autoDraw = True
53.7016 	EXP 	firstVisualStimulus: autoDraw = False
53.7016 	EXP 	firstChoiceLeftStimulus: autoDraw = False
53.7016 	EXP 	firstChoiceRightStimulus: autoDraw = False
53.7016 	EXP 	firstVisualStimulus: autoDraw = False
53.7016 	EXP 	firstChoiceLeftStimulus: autoDraw = False
53.7016 	EXP 	firstChoiceRightStimulus: autoDraw = False
53.7016 	EXP 	ISIVisualStimulus: autoDraw = True
53.7016 	EXP 	rightStimulus: autoDraw = True
53.7016 	EXP 	leftStimulus: autoDraw = True
54.7024 	EXP 	ISIVisualStimulus: autoDraw = False
54.7024 	EXP 	rightStimulus: autoDraw = False
54.7024 	EXP 	leftStimulus: autoDraw = False
54.7024 	EXP 	ISIVisualStimulus: autoDraw = False
54.7024 	EXP 	rightStimulus: autoDraw = False
54.7024 	EXP 	leftStimulus: autoDraw = False
54.7024 	EXP 	secondVisualStimulus: autoDraw = True
54.7024 	EXP 	secondChoiceLeftStimulus: autoDraw = True
54.7024 	EXP 	secondChoiceRightStimulus: autoDraw = True
55.0363 	EXP 	secondVisualStimulus: autoDraw = False
55.0363 	EXP 	secondChoiceLeftStimulus: autoDraw = False
55.0363 	EXP 	secondChoiceRightStimulus: autoDraw = False
55.0363 	EXP 	secondVisualStimulus: autoDraw = False
55.0363 	EXP 	secondChoiceLeftStimulus: autoDraw = False
55.0363 	EXP 	secondChoiceRightStimulus: autoDraw = False
55.0363 	EXP 	decisionTextProbe: autoDraw = True
55.2629 	DATA 	Keypress: 2
55.2697 	EXP 	decisionTextProbe: autoDraw = False
55.2697 	EXP 	feedbackText: text = 'Correct'
55.2697 	EXP 	feedbackText: autoDraw = True
56.2709 	EXP 	feedbackText: autoDraw = False
56.2709 	EXP 	feedbackText: autoDraw = False
56.2709 	EXP 	text: autoDraw = True
57.2718 	EXP 	text: autoDraw = False
57.2718 	EXP 	text: autoDraw = False
57.2718 	EXP 	firstVisualStimulus: autoDraw = True
57.2718 	EXP 	firstChoiceLeftStimulus: autoDraw = True
57.2718 	EXP 	firstChoiceRightStimulus: autoDraw = True
57.6054 	EXP 	firstVisualStimulus: autoDraw = False
57.6054 	EXP 	firstChoiceLeftStimulus: autoDraw = False
57.6054 	EXP 	firstChoiceRightStimulus: autoDraw = False
57.6054 	EXP 	firstVisualStimulus: autoDraw = False
57.6054 	EXP 	firstChoiceLeftStimulus: autoDraw = False
57.6054 	EXP 	firstChoiceRightStimulus: autoDraw = False
57.6054 	EXP 	ISIVisualStimulus: autoDraw = True
57.6054 	EXP 	rightStimulus: autoDraw = True
57.6054 	EXP 	leftStimulus: autoDraw = True
58.6062 	EXP 	ISIVisualStimulus: autoDraw = False
58.6062 	EXP 	rightStimulus: autoDraw = False
58.6062 	EXP 	leftStimulus: autoDraw = False
58.6062 	EXP 	ISIVisualStimulus: autoDraw = False
58.6062 	EXP 	rightStimulus: autoDraw = False
58.6062 	EXP 	leftStimulus: autoDraw = False
58.6062 	EXP 	secondVisualStimulus: autoDraw = True
58.6062 	EXP 	secondChoiceLeftStimulus: autoDraw = True
58.6062 	EXP 	secondChoiceRightStimulus: autoDraw = True
58.9398 	EXP 	secondVisualStimulus: autoDraw = False
58.9398 	EXP 	secondChoiceLeftStimulus: autoDraw = False
58.9398 	EXP 	secondChoiceRightStimulus: autoDraw = False
58.9398 	EXP 	secondVisualStimulus: autoDraw = False
58.9398 	EXP 	secondChoiceLeftStimulus: autoDraw = False
58.9398 	EXP 	secondChoiceRightStimulus: autoDraw = False
58.9398 	EXP 	decisionTextProbe: autoDraw = True
59.1302 	DATA 	Keypress: 2
59.1402 	EXP 	decisionTextProbe: autoDraw = False
59.1402 	EXP 	feedbackText: text = 'Correct'
59.1402 	EXP 	feedbackText: autoDraw = True
60.1414 	EXP 	feedbackText: autoDraw = False
60.1414 	EXP 	feedbackText: autoDraw = False
60.1414 	EXP 	text: autoDraw = True
61.1422 	EXP 	text: autoDraw = False
61.1422 	EXP 	text: autoDraw = False
61.1422 	EXP 	firstVisualStimulus: autoDraw = True
61.1422 	EXP 	firstChoiceLeftStimulus: autoDraw = True
61.1422 	EXP 	firstChoiceRightStimulus: autoDraw = True
61.4759 	EXP 	firstVisualStimulus: autoDraw = False
61.4759 	EXP 	firstChoiceLeftStimulus: autoDraw = False
61.4759 	EXP 	firstChoiceRightStimulus: autoDraw = False
61.4759 	EXP 	firstVisualStimulus: autoDraw = False
61.4759 	EXP 	firstChoiceLeftStimulus: autoDraw = False
61.4759 	EXP 	firstChoiceRightStimulus: autoDraw = False
61.4759 	EXP 	ISIVisualStimulus: autoDraw = True
61.4759 	EXP 	rightStimulus: autoDraw = True
61.4759 	EXP 	leftStimulus: autoDraw = True
62.4770 	EXP 	ISIVisualStimulus: autoDraw = False
62.4770 	EXP 	rightStimulus: autoDraw = False
62.4770 	EXP 	leftStimulus: autoDraw = False
62.4770 	EXP 	ISIVisualStimulus: autoDraw = False
62.4770 	EXP 	rightStimulus: autoDraw = False
62.4770 	EXP 	leftStimulus: autoDraw = False
62.4770 	EXP 	secondVisualStimulus: autoDraw = True
62.4770 	EXP 	secondChoiceLeftStimulus: autoDraw = True
62.4770 	EXP 	secondChoiceRightStimulus: autoDraw = True
62.6961 	DATA 	Keypress: 1
62.8107 	EXP 	secondVisualStimulus: autoDraw = False
62.8107 	EXP 	secondChoiceLeftStimulus: autoDraw = False
62.8107 	EXP 	secondChoiceRightStimulus: autoDraw = False
62.8107 	EXP 	secondVisualStimulus: autoDraw = False
62.8107 	EXP 	secondChoiceLeftStimulus: autoDraw = False
62.8107 	EXP 	secondChoiceRightStimulus: autoDraw = False
62.8107 	EXP 	decisionTextProbe: autoDraw = True
62.8836 	DATA 	Keypress: 1
62.8939 	EXP 	decisionTextProbe: autoDraw = False
62.8939 	EXP 	feedbackText: text = 'Correct'
62.8939 	EXP 	feedbackText: autoDraw = True
63.0297 	DATA 	Keypress: 1
63.8948 	EXP 	feedbackText: autoDraw = False
63.8948 	EXP 	feedbackText: autoDraw = False
63.8948 	EXP 	text: autoDraw = True
64.8958 	EXP 	text: autoDraw = False
64.8958 	EXP 	text: autoDraw = False
64.8958 	EXP 	firstVisualStimulus: autoDraw = True
64.8958 	EXP 	firstChoiceLeftStimulus: autoDraw = True
64.8958 	EXP 	firstChoiceRightStimulus: autoDraw = True
65.2299 	EXP 	firstVisualStimulus: autoDraw = False
65.2299 	EXP 	firstChoiceLeftStimulus: autoDraw = False
65.2299 	EXP 	firstChoiceRightStimulus: autoDraw = False
65.2299 	EXP 	firstVisualStimulus: autoDraw = False
65.2299 	EXP 	firstChoiceLeftStimulus: autoDraw = False
65.2299 	EXP 	firstChoiceRightStimulus: autoDraw = False
65.2299 	EXP 	ISIVisualStimulus: autoDraw = True
65.2299 	EXP 	rightStimulus: autoDraw = True
65.2299 	EXP 	leftStimulus: autoDraw = True
65.3338 	DATA 	Mouse: Left button down, pos=(426,588)
65.5485 	DATA 	Mouse:  Left button up, pos=(426,588)
66.2305 	EXP 	ISIVisualStimulus: autoDraw = False
66.2305 	EXP 	rightStimulus: autoDraw = False
66.2305 	EXP 	leftStimulus: autoDraw = False
66.2305 	EXP 	ISIVisualStimulus: autoDraw = False
66.2305 	EXP 	rightStimulus: autoDraw = False
66.2305 	EXP 	leftStimulus: autoDraw = False
66.2305 	EXP 	secondVisualStimulus: autoDraw = True
66.2305 	EXP 	secondChoiceLeftStimulus: autoDraw = True
66.2305 	EXP 	secondChoiceRightStimulus: autoDraw = True
66.5642 	EXP 	secondVisualStimulus: autoDraw = False
66.5642 	EXP 	secondChoiceLeftStimulus: autoDraw = False
66.5642 	EXP 	secondChoiceRightStimulus: autoDraw = False
66.5642 	EXP 	secondVisualStimulus: autoDraw = False
66.5642 	EXP 	secondChoiceLeftStimulus: autoDraw = False
66.5642 	EXP 	secondChoiceRightStimulus: autoDraw = False
66.5642 	EXP 	decisionTextProbe: autoDraw = True
67.0189 	DATA 	Keypress: 1
67.0483 	EXP 	decisionTextProbe: autoDraw = False
67.0483 	EXP 	feedbackText: text = 'Correct'
67.0483 	EXP 	feedbackText: autoDraw = True
67.5513 	DATA 	Keypress: escape
67.8239 	EXP 	window1: mouseVisible = True
67.8240 	DEBUG 	Saving data for toneDetectionPlatform_V1.6 ExperimentHandler
67.8421 	INFO 	saved data to C:\Users\W2032175\Documents\GitHub\Open-source-Auditory-Tone-Detection-Task\Auditory Tone Detection Task\data/_toneDetectionPlatform_V1.6_2020_Nov_02_1509_1.psydat
67.8536 	INFO 	saved data to 'C:\\Users\\W2032175\\Documents\\GitHub\\Open-source-Auditory-Tone-Detection-Task\\Auditory Tone Detection Task\\data/_toneDetectionPlatform_V1.6_2020_Nov_02_1509_1.csv'
