1.4006 	WARNING 	We strongly recommend you activate the PTB sound engine in PsychoPy prefs as the preferred audio engine. Its timing is vastly superior. Your prefs are currently set to use ['sounddevice', 'PTB', 'pyo', 'pygame'] (in that order).
9.8851 	INFO 	Loaded monitor calibration from ['2020_10_15 13:31']
11.2660 	EXP 	Created window1 = Window(allowGUI=False, allowStencil=False, args=UNKNOWN, autoLog=True, bitsMode=UNKNOWN, blendMode='avg', bpc=(8, 8, 8), color=array([1., 1., 1.]), colorSpace='rgb', depthBits=8, fullscr=<method-wrapper '__getattribute__' of attributeSetter object at 0x000001E537217630>, gamma=None, gammaErrorPolicy='raise', kwargs=UNKNOWN, lms=UNKNOWN, monitor=<psychopy.monitors.calibTools.Monitor object at 0x000001E537067EB8>, multiSample=False, name='window1', numSamples=2, pos=[0.0, 0.0], screen=0, size=array([1366,  768]), stencilBits=0, stereo=False, units='height', useFBO=True, useRetina=False, viewOri=0.0, viewPos=None, viewScale=None, waitBlanking=True, winType='pyglet')
11.2661 	EXP 	window1: mouseVisible = True
11.2661 	EXP 	window1: recordFrameIntervals = False
11.4320 	EXP 	window1: recordFrameIntervals = True
11.6160 	DEBUG 	Screen (0) actual frame rate measured at 59.87
11.6160 	EXP 	window1: recordFrameIntervals = False
11.8206 	EXP 	Created welcomeText = TextStim(__class__=<class 'psychopy.visual.text.TextStim'>, alignHoriz=method-wrapper(...), alignText='center', alignVert=method-wrapper(...), anchorHoriz='center', anchorVert='center', antialias=True, autoLog=True, bold=False, color='black', colorSpace='named', contrast=1.0, depth=0.0, flipHoriz=False, flipVert=False, font='Arial', fontFiles=[], height=0.07, italic=False, languageStyle='LTR', name='welcomeText', opacity=1.0, ori=0, pos=array([0., 0.]), rgb=array([0., 0., 0.]), text=str(...), units='height', win=Window(...), wrapWidth=1)
11.8336 	EXP 	Created instructionsLightBulb1 = ImageStim(__class__=<class 'psychopy.visual.image.ImageStim'>, autoLog=True, color=array([1., 1., 1.]), colorSpace='rgb', contrast=1.0, depth=0.0, flipHoriz=False, flipVert=False, image='lightBulb_OFF.png', interpolate=True, mask=None, maskParams=None, name='instructionsLightBulb1', opacity=1.0, ori=0.0, pos=array([-0.5,  0. ]), size=array([0.4, 0.4]), texRes=128, units='height', win=Window(...))
11.8453 	EXP 	Created instructionsLightBulb2 = ImageStim(__class__=<class 'psychopy.visual.image.ImageStim'>, autoLog=True, color=array([1., 1., 1.]), colorSpace='rgb', contrast=1.0, depth=-1.0, flipHoriz=False, flipVert=False, image='lightBulb_OFF.png', interpolate=True, mask=None, maskParams=None, name='instructionsLightBulb2', opacity=1.0, ori=0.0, pos=array([0.5, 0. ]), size=array([0.4, 0.4]), texRes=128, units='height', win=Window(...))
11.8660 	EXP 	Created instructionsText = TextStim(__class__=<class 'psychopy.visual.text.TextStim'>, alignHoriz=method-wrapper(...), alignText='center', alignVert=method-wrapper(...), anchorHoriz='center', anchorVert='center', antialias=True, autoLog=True, bold=False, color='black', colorSpace='named', contrast=1.0, depth=-2.0, flipHoriz=False, flipVert=False, font='Arial', fontFiles=[], height=0.05, italic=False, languageStyle='LTR', name='instructionsText', opacity=1.0, ori=0, pos=array([0. , 0.3]), rgb=array([0., 0., 0.]), text=str(...), units='height', win=Window(...), wrapWidth=1)
11.8714 	EXP 	Created pressSpace = TextStim(__class__=<class 'psychopy.visual.text.TextStim'>, alignHoriz=method-wrapper(...), alignText='center', alignVert=method-wrapper(...), anchorHoriz='center', anchorVert='center', antialias=True, autoLog=True, bold=False, color='black', colorSpace='named', contrast=1.0, depth=-3.0, flipHoriz=False, flipVert=False, font='Arial', fontFiles=[], height=0.05, italic=False, languageStyle='LTR', name='pressSpace', opacity=1.0, ori=0, pos=array([ 0. , -0.3]), rgb=array([0., 0., 0.]), text='PRESS SPACE to continue', units='height', win=Window(...), wrapWidth=1)
11.8828 	EXP 	Created instructionsLightBulb1_2 = ImageStim(__class__=<class 'psychopy.visual.image.ImageStim'>, autoLog=True, color=array([1., 1., 1.]), colorSpace='rgb', contrast=1.0, depth=0.0, flipHoriz=False, flipVert=False, image='lightBulb_OFF.png', interpolate=True, mask=None, maskParams=None, name='instructionsLightBulb1_2', opacity=1.0, ori=0.0, pos=array([-0.5,  0. ]), size=array([0.4, 0.4]), texRes=128, units='height', win=Window(...))
11.8938 	EXP 	Created instructionsLightBulb2_2 = ImageStim(__class__=<class 'psychopy.visual.image.ImageStim'>, autoLog=True, color=array([1., 1., 1.]), colorSpace='rgb', contrast=1.0, depth=-1.0, flipHoriz=False, flipVert=False, image='lightBulb_OFF.png', interpolate=True, mask=None, maskParams=None, name='instructionsLightBulb2_2', opacity=1.0, ori=0.0, pos=array([0.5, 0. ]), size=array([0.4, 0.4]), texRes=128, units='height', win=Window(...))
11.8982 	EXP 	Created instructionsText_2 = TextStim(__class__=<class 'psychopy.visual.text.TextStim'>, alignHoriz=method-wrapper(...), alignText='center', alignVert=method-wrapper(...), anchorHoriz='center', anchorVert='center', antialias=True, autoLog=True, bold=False, color='black', colorSpace='named', contrast=1.0, depth=-2.0, flipHoriz=False, flipVert=False, font='Arial', fontFiles=[], height=0.05, italic=False, languageStyle='LTR', name='instructionsText_2', opacity=1.0, ori=0, pos=array([0. , 0.3]), rgb=array([0., 0., 0.]), text='In each trial, the light bulbs will blink', units='height', win=Window(...), wrapWidth=1)
11.9006 	EXP 	Created pressSpace_2 = TextStim(__class__=<class 'psychopy.visual.text.TextStim'>, alignHoriz=method-wrapper(...), alignText='center', alignVert=method-wrapper(...), anchorHoriz='center', anchorVert='center', antialias=True, autoLog=True, bold=False, color='black', colorSpace='named', contrast=1.0, depth=-3.0, flipHoriz=False, flipVert=False, font='Arial', fontFiles=[], height=0.05, italic=False, languageStyle='LTR', name='pressSpace_2', opacity=1.0, ori=0, pos=array([ 0. , -0.3]), rgb=array([0., 0., 0.]), text='PRESS SPACE to continue', units='height', win=Window(...), wrapWidth=1)
11.9118 	EXP 	Created instructionsLightBulb1_3 = ImageStim(__class__=<class 'psychopy.visual.image.ImageStim'>, autoLog=True, color=array([1., 1., 1.]), colorSpace='rgb', contrast=1.0, depth=0.0, flipHoriz=False, flipVert=False, image='lightBulb_OFF.png', interpolate=True, mask=None, maskParams=None, name='instructionsLightBulb1_3', opacity=1.0, ori=0.0, pos=array([-0.5,  0. ]), size=array([0.4, 0.4]), texRes=128, units='height', win=Window(...))
11.9230 	EXP 	Created instructionsLightBulb2_3 = ImageStim(__class__=<class 'psychopy.visual.image.ImageStim'>, autoLog=True, color=array([1., 1., 1.]), colorSpace='rgb', contrast=1.0, depth=-1.0, flipHoriz=False, flipVert=False, image='lightBulb_OFF.png', interpolate=True, mask=None, maskParams=None, name='instructionsLightBulb2_3', opacity=1.0, ori=0.0, pos=array([0.5, 0. ]), size=array([0.4, 0.4]), texRes=128, units='height', win=Window(...))
11.9294 	EXP 	Created text_3 = TextStim(__class__=<class 'psychopy.visual.text.TextStim'>, alignHoriz=method-wrapper(...), alignText='center', alignVert=method-wrapper(...), anchorHoriz='center', anchorVert='center', antialias=True, autoLog=True, bold=False, color='black', colorSpace='named', contrast=1.0, depth=-2.0, flipHoriz=False, flipVert=False, font='Arial', fontFiles=[], height=0.05, italic=False, languageStyle='LTR', name='text_3', opacity=1.0, ori=0, pos=array([0. , 0.3]), rgb=array([0., 0., 0.]), text=str(...), units='height', win=Window(...), wrapWidth=1)
11.9325 	EXP 	Created pressSpace_3 = TextStim(__class__=<class 'psychopy.visual.text.TextStim'>, alignHoriz=method-wrapper(...), alignText='center', alignVert=method-wrapper(...), anchorHoriz='center', anchorVert='center', antialias=True, autoLog=True, bold=False, color='black', colorSpace='named', contrast=1.0, depth=-3.0, flipHoriz=False, flipVert=False, font='Arial', fontFiles=[], height=0.05, italic=False, languageStyle='LTR', name='pressSpace_3', opacity=1.0, ori=0, pos=array([ 0. , -0.3]), rgb=array([0., 0., 0.]), text='Press SPACE to see light bulb 1 blink', units='height', win=Window(...), wrapWidth=1)
11.9552 	EXP 	Created instructionsLightBulb1_4 = ImageStim(__class__=<class 'psychopy.visual.image.ImageStim'>, autoLog=True, color=array([1., 1., 1.]), colorSpace='rgb', contrast=1.0, depth=0.0, flipHoriz=False, flipVert=False, image='lightBulb_ON.png', interpolate=True, mask=None, maskParams=None, name='instructionsLightBulb1_4', opacity=1.0, ori=0.0, pos=array([-0.5,  0. ]), size=array([0.4, 0.4]), texRes=128, units='height', win=Window(...))
11.9779 	EXP 	Created instructionsLightBulb2_4 = ImageStim(__class__=<class 'psychopy.visual.image.ImageStim'>, autoLog=True, color=array([1., 1., 1.]), colorSpace='rgb', contrast=1.0, depth=-1.0, flipHoriz=False, flipVert=False, image='lightBulb_OFF.png', interpolate=True, mask=None, maskParams=None, name='instructionsLightBulb2_4', opacity=1.0, ori=0.0, pos=array([0.5, 0. ]), size=array([0.4, 0.4]), texRes=128, units='height', win=Window(...))
12.0098 	EXP 	Created instructionsLightBulb1_5 = ImageStim(__class__=<class 'psychopy.visual.image.ImageStim'>, autoLog=True, color=array([1., 1., 1.]), colorSpace='rgb', contrast=1.0, depth=0.0, flipHoriz=False, flipVert=False, image='lightBulb_OFF.png', interpolate=True, mask=None, maskParams=None, name='instructionsLightBulb1_5', opacity=1.0, ori=0.0, pos=array([-0.5,  0. ]), size=array([0.4, 0.4]), texRes=128, units='height', win=Window(...))
12.0441 	EXP 	Created instructionsLightBulb2_5 = ImageStim(__class__=<class 'psychopy.visual.image.ImageStim'>, autoLog=True, color=array([1., 1., 1.]), colorSpace='rgb', contrast=1.0, depth=-1.0, flipHoriz=False, flipVert=False, image='lightBulb_OFF.png', interpolate=True, mask=None, maskParams=None, name='instructionsLightBulb2_5', opacity=1.0, ori=0.0, pos=array([0.5, 0. ]), size=array([0.4, 0.4]), texRes=128, units='height', win=Window(...))
12.0759 	EXP 	Created instructionsLightBulb2_6 = ImageStim(__class__=<class 'psychopy.visual.image.ImageStim'>, autoLog=True, color=array([1., 1., 1.]), colorSpace='rgb', contrast=1.0, depth=-2.0, flipHoriz=False, flipVert=False, image='lightBulb_ON.png', interpolate=True, mask=None, maskParams=None, name='instructionsLightBulb2_6', opacity=1.0, ori=0.0, pos=array([0.5, 0. ]), size=array([0.4, 0.4]), texRes=128, units='height', win=Window(...))
12.0824 	EXP 	Created text_4 = TextStim(__class__=<class 'psychopy.visual.text.TextStim'>, alignHoriz=method-wrapper(...), alignText='center', alignVert=method-wrapper(...), anchorHoriz='center', anchorVert='center', antialias=True, autoLog=True, bold=False, color='black', colorSpace='named', contrast=1.0, depth=-3.0, flipHoriz=False, flipVert=False, font='Arial', fontFiles=[], height=0.05, italic=False, languageStyle='LTR', name='text_4', opacity=1.0, ori=0, pos=array([0. , 0.3]), rgb=array([0., 0., 0.]), text=str(...), units='height', win=Window(...), wrapWidth=1)
12.0849 	EXP 	Created pressSpace_4 = TextStim(__class__=<class 'psychopy.visual.text.TextStim'>, alignHoriz=method-wrapper(...), alignText='center', alignVert=method-wrapper(...), anchorHoriz='center', anchorVert='center', antialias=True, autoLog=True, bold=False, color='black', colorSpace='named', contrast=1.0, depth=-4.0, flipHoriz=False, flipVert=False, font='Arial', fontFiles=[], height=0.05, italic=False, languageStyle='LTR', name='pressSpace_4', opacity=1.0, ori=0, pos=array([ 0. , -0.3]), rgb=array([0., 0., 0.]), text='Press SPACE to continue', units='height', win=Window(...), wrapWidth=1)
12.0934 	EXP 	Created text_2 = TextStim(__class__=<class 'psychopy.visual.text.TextStim'>, alignHoriz=method-wrapper(...), alignText='center', alignVert=method-wrapper(...), anchorHoriz='center', anchorVert='center', antialias=True, autoLog=True, bold=False, color='black', colorSpace='named', contrast=1.0, depth=0.0, flipHoriz=False, flipVert=False, font='Arial', fontFiles=[], height=0.07, italic=False, languageStyle='LTR', name='text_2', opacity=1.0, ori=0, pos=array([0., 0.]), rgb=array([0., 0., 0.]), text=str(...), units='height', win=Window(...), wrapWidth=1)
12.0993 	EXP 	Created text_5 = TextStim(__class__=<class 'psychopy.visual.text.TextStim'>, alignHoriz=method-wrapper(...), alignText='center', alignVert=method-wrapper(...), anchorHoriz='center', anchorVert='center', antialias=True, autoLog=True, bold=False, color='black', colorSpace='named', contrast=1.0, depth=-1.0, flipHoriz=False, flipVert=False, font='Arial', fontFiles=[], height=0.07, italic=False, languageStyle='LTR', name='text_5', opacity=1.0, ori=0, pos=array([ 0. , -0.3]), rgb=array([0., 0., 0.]), text='press SPACEBAR to hear this sound', units='height', win=Window(...), wrapWidth=1)
12.1208 	EXP 	Created lightBulbOFF = ImageStim(__class__=<class 'psychopy.visual.image.ImageStim'>, autoLog=True, color=array([1., 1., 1.]), colorSpace='rgb', contrast=1.0, depth=-1.0, flipHoriz=False, flipVert=False, image='lightBulb_OFF.png', interpolate=True, mask=None, maskParams=None, name='lightBulbOFF', opacity=1.0, ori=0.0, pos=array([0., 0.]), size=array([0.5, 0.5]), texRes=128, units='height', win=Window(...))
12.1417 	EXP 	Created lightBulbON = ImageStim(__class__=<class 'psychopy.visual.image.ImageStim'>, autoLog=True, color=array([1., 1., 1.]), colorSpace='rgb', contrast=1.0, depth=-2.0, flipHoriz=False, flipVert=False, image='lightBulb_ON.png', interpolate=True, mask=None, maskParams=None, name='lightBulbON', opacity=1.0, ori=0.0, pos=array([0., 0.]), size=array([0.5, 0.5]), texRes=128, units='height', win=Window(...))
12.1624 	EXP 	Sound sound_1 set volume 1.000
12.1879 	EXP 	Created instructions_8_firstLine = TextStim(__class__=<class 'psychopy.visual.text.TextStim'>, alignHoriz=method-wrapper(...), alignText='center', alignVert=method-wrapper(...), anchorHoriz='center', anchorVert='center', antialias=True, autoLog=True, bold=False, color='black', colorSpace='named', contrast=1.0, depth=0.0, flipHoriz=False, flipVert=False, font='Arial', fontFiles=[], height=0.04, italic=False, languageStyle='LTR', name='instructions_8_firstLine', opacity=1.0, ori=0, pos=array([0. , 0.2]), rgb=array([0., 0., 0.]), text=str(...), units='height', win=Window(...), wrapWidth=1)
12.1953 	EXP 	Created text_8 = TextStim(__class__=<class 'psychopy.visual.text.TextStim'>, alignHoriz=method-wrapper(...), alignText='center', alignVert=method-wrapper(...), anchorHoriz='center', anchorVert='center', antialias=True, autoLog=True, bold=False, color='black', colorSpace='named', contrast=1.0, depth=-1.0, flipHoriz=False, flipVert=False, font='Arial', fontFiles=[], height=0.04, italic=False, languageStyle='LTR', name='text_8', opacity=1.0, ori=0, pos=array([0. , 0.1]), rgb=array([0., 0., 0.]), text=str(...), units='height', win=Window(...), wrapWidth=1)
12.2025 	EXP 	Created text_9 = TextStim(__class__=<class 'psychopy.visual.text.TextStim'>, alignHoriz=method-wrapper(...), alignText='center', alignVert=method-wrapper(...), anchorHoriz='center', anchorVert='center', antialias=True, autoLog=True, bold=False, color='black', colorSpace='named', contrast=1.0, depth=-2.0, flipHoriz=False, flipVert=False, font='Arial', fontFiles=[], height=0.04, italic=False, languageStyle='LTR', name='text_9', opacity=1.0, ori=0, pos=array([ 0.  , -0.02]), rgb=array([0., 0., 0.]), text=str(...), units='height', win=Window(...), wrapWidth=1)
12.2053 	EXP 	Created instructions_8_pressP = TextStim(__class__=<class 'psychopy.visual.text.TextStim'>, alignHoriz=method-wrapper(...), alignText='center', alignVert=method-wrapper(...), anchorHoriz='center', anchorVert='center', antialias=True, autoLog=True, bold=False, color='black', colorSpace='named', contrast=1.0, depth=-3.0, flipHoriz=False, flipVert=False, font='Arial', fontFiles=[], height=0.04, italic=False, languageStyle='LTR', name='instructions_8_pressP', opacity=1.0, ori=0, pos=array([ 0. , -0.3]), rgb=array([0., 0., 0.]), text="press 'p' to begin the practice trials!", units='height', win=Window(...), wrapWidth=1)
12.2132 	EXP 	Created text_6 = TextStim(__class__=<class 'psychopy.visual.text.TextStim'>, alignHoriz=method-wrapper(...), alignText='center', alignVert=method-wrapper(...), anchorHoriz='center', anchorVert='center', antialias=True, autoLog=True, bold=False, color='black', colorSpace='named', contrast=1.0, depth=-1.0, flipHoriz=False, flipVert=False, font='Arial', fontFiles=[], height=0.1, italic=False, languageStyle='LTR', name='text_6', opacity=1.0, ori=0, pos=array([0., 0.]), rgb=array([0., 0., 0.]), text='+', units='height', win=Window(...), wrapWidth=1)
12.2154 	EXP 	Created firstVisualStimulus_2 = TextStim(__class__=<class 'psychopy.visual.text.TextStim'>, alignHoriz=method-wrapper(...), alignText='center', alignVert=method-wrapper(...), anchorHoriz='center', anchorVert='center', antialias=True, autoLog=True, bold=False, color='black', colorSpace='named', contrast=1.0, depth=-1.0, flipHoriz=False, flipVert=False, font='Arial', fontFiles=[], height=0.1, italic=False, languageStyle='LTR', name='firstVisualStimulus_2', opacity=1.0, ori=0, pos=array([0., 0.]), rgb=array([0., 0., 0.]), text='1', units='height', win=Window(...), wrapWidth=1)
12.2155 	EXP 	Sound firstChoiceProbeTone_2 set volume 1.000
12.2360 	EXP 	Created firstChoiceLeftStimulus_2 = ImageStim(__class__=<class 'psychopy.visual.image.ImageStim'>, autoLog=True, color=array([1., 1., 1.]), colorSpace='rgb', contrast=1.0, depth=-3.0, flipHoriz=False, flipVert=False, image='lightBulb_ON.png', interpolate=True, mask=None, maskParams=None, name='firstChoiceLeftStimulus_2', opacity=1.0, ori=0.0, pos=array([-0.5,  0. ]), size=array([0.4, 0.4]), texRes=128, units='height', win=Window(...))
12.2547 	EXP 	Created firstChoiceRightStimulus_2 = ImageStim(__class__=<class 'psychopy.visual.image.ImageStim'>, autoLog=True, color=array([1., 1., 1.]), colorSpace='rgb', contrast=1.0, depth=-4.0, flipHoriz=False, flipVert=False, image='lightBulb_OFF.png', interpolate=True, mask=None, maskParams=None, name='firstChoiceRightStimulus_2', opacity=1.0, ori=0.0, pos=array([0.5, 0. ]), size=array([0.4, 0.4]), texRes=128, units='height', win=Window(...))
12.2588 	EXP 	Created ISIVisualStimulus_3 = TextStim(__class__=<class 'psychopy.visual.text.TextStim'>, alignHoriz=method-wrapper(...), alignText='center', alignVert=method-wrapper(...), anchorHoriz='center', anchorVert='center', antialias=True, autoLog=True, bold=False, color='black', colorSpace='named', contrast=1.0, depth=0.0, flipHoriz=False, flipVert=False, font='Arial', fontFiles=[], height=0.1, italic=False, languageStyle='LTR', name='ISIVisualStimulus_3', opacity=1.0, ori=0, pos=array([0., 0.]), rgb=array([0., 0., 0.]), text='ISI', units='height', win=Window(...), wrapWidth=1)
12.2761 	EXP 	Created rightStimulus_3 = ImageStim(__class__=<class 'psychopy.visual.image.ImageStim'>, autoLog=True, color=array([1., 1., 1.]), colorSpace='rgb', contrast=1.0, depth=-1.0, flipHoriz=False, flipVert=False, image='lightBulb_OFF.png', interpolate=True, mask=None, maskParams=None, name='rightStimulus_3', opacity=1.0, ori=0.0, pos=array([0.5, 0. ]), size=array([0.4, 0.4]), texRes=128, units='height', win=Window(...))
12.2939 	EXP 	Created leftStimulus_3 = ImageStim(__class__=<class 'psychopy.visual.image.ImageStim'>, autoLog=True, color=array([1., 1., 1.]), colorSpace='rgb', contrast=1.0, depth=-2.0, flipHoriz=False, flipVert=False, image='lightBulb_OFF.png', interpolate=True, mask=None, maskParams=None, name='leftStimulus_3', opacity=1.0, ori=0.0, pos=array([-0.5,  0. ]), size=array([0.4, 0.4]), texRes=128, units='height', win=Window(...))
12.2963 	EXP 	Created secondVisualStimulus_2 = TextStim(__class__=<class 'psychopy.visual.text.TextStim'>, alignHoriz=method-wrapper(...), alignText='center', alignVert=method-wrapper(...), anchorHoriz='center', anchorVert='center', antialias=True, autoLog=True, bold=False, color='black', colorSpace='named', contrast=1.0, depth=-1.0, flipHoriz=False, flipVert=False, font='Arial', fontFiles=[], height=0.1, italic=False, languageStyle='LTR', name='secondVisualStimulus_2', opacity=1.0, ori=0, pos=array([0., 0.]), rgb=array([0., 0., 0.]), text='2', units='height', win=Window(...), wrapWidth=1)
12.2965 	EXP 	Sound secondChoiceTone_2 set volume 1.000
12.3131 	EXP 	Created secondChoiceLeftStimulus_2 = ImageStim(__class__=<class 'psychopy.visual.image.ImageStim'>, autoLog=True, color=array([1., 1., 1.]), colorSpace='rgb', contrast=1.0, depth=-3.0, flipHoriz=False, flipVert=False, image='lightBulb_OFF.png', interpolate=True, mask=None, maskParams=None, name='secondChoiceLeftStimulus_2', opacity=1.0, ori=0.0, pos=array([-0.5,  0. ]), size=array([0.4, 0.4]), texRes=128, units='height', win=Window(...))
12.3296 	EXP 	Created secondChoiceRightStimulus_2 = ImageStim(__class__=<class 'psychopy.visual.image.ImageStim'>, autoLog=True, color=array([1., 1., 1.]), colorSpace='rgb', contrast=1.0, depth=-4.0, flipHoriz=False, flipVert=False, image='lightBulb_ON.png', interpolate=True, mask=None, maskParams=None, name='secondChoiceRightStimulus_2', opacity=1.0, ori=0.0, pos=array([0.5, 0. ]), size=array([0.4, 0.4]), texRes=128, units='height', win=Window(...))
12.3465 	EXP 	Created decisionTextProbe_2 = TextStim(__class__=<class 'psychopy.visual.text.TextStim'>, alignHoriz=method-wrapper(...), alignText='center', alignVert=method-wrapper(...), anchorHoriz='center', anchorVert='center', antialias=True, autoLog=True, bold=False, color='black', colorSpace='named', contrast=1.0, depth=-1.0, flipHoriz=False, flipVert=False, font='Arial', fontFiles=[], height=0.1, italic=False, languageStyle='LTR', name='decisionTextProbe_2', opacity=1.0, ori=0, pos=array([0., 0.]), rgb=array([0., 0., 0.]), text=str(...), units='height', win=Window(...), wrapWidth=1)
12.3514 	EXP 	Created feedbackText_2 = TextStim(__class__=<class 'psychopy.visual.text.TextStim'>, alignHoriz=method-wrapper(...), alignText='center', alignVert=method-wrapper(...), anchorHoriz='center', anchorVert='center', antialias=True, autoLog=True, bold=False, color='black', colorSpace='named', contrast=1.0, depth=-1.0, flipHoriz=False, flipVert=False, font='Arial', fontFiles=[], height=0.1, italic=False, languageStyle='LTR', name='feedbackText_2', opacity=1.0, ori=0, pos=array([0., 0.]), rgb=array([0., 0., 0.]), text='default text', units='height', win=Window(...), wrapWidth=1)
12.3667 	EXP 	Created text_7 = TextStim(__class__=<class 'psychopy.visual.text.TextStim'>, alignHoriz=method-wrapper(...), alignText='center', alignVert=method-wrapper(...), anchorHoriz='center', anchorVert='center', antialias=True, autoLog=True, bold=False, color='black', colorSpace='named', contrast=1.0, depth=0.0, flipHoriz=False, flipVert=False, font='Arial', fontFiles=[], height=0.05, italic=False, languageStyle='LTR', name='text_7', opacity=1.0, ori=0, pos=array([0., 0.]), rgb=array([0., 0., 0.]), text=str(...), units='height', win=Window(...), wrapWidth=1)
12.3870 	EXP 	Created text_10 = TextStim(__class__=<class 'psychopy.visual.text.TextStim'>, alignHoriz=method-wrapper(...), alignText='center', alignVert=method-wrapper(...), anchorHoriz='center', anchorVert='center', antialias=True, autoLog=True, bold=False, color='black', colorSpace='named', contrast=1.0, depth=0.0, flipHoriz=False, flipVert=False, font='Arial', fontFiles=[], height=0.05, italic=False, languageStyle='LTR', name='text_10', opacity=1.0, ori=0, pos=array([0., 0.]), rgb=array([0., 0., 0.]), text=str(...), units='height', win=Window(...), wrapWidth=1)
12.3887 	EXP 	Created firstITI = TextStim(__class__=<class 'psychopy.visual.text.TextStim'>, alignHoriz=method-wrapper(...), alignText='center', alignVert=method-wrapper(...), anchorHoriz='center', anchorVert='center', antialias=True, autoLog=True, bold=False, color='black', colorSpace='named', contrast=1.0, depth=-1.0, flipHoriz=False, flipVert=False, font='Arial', fontFiles=[], height=0.1, italic=False, languageStyle='LTR', name='firstITI', opacity=1.0, ori=0, pos=array([0., 0.]), rgb=array([0., 0., 0.]), text='+', units='height', win=Window(...), wrapWidth=1)
12.3897 	EXP 	Created text = TextStim(__class__=<class 'psychopy.visual.text.TextStim'>, alignHoriz=method-wrapper(...), alignText='center', alignVert=method-wrapper(...), anchorHoriz='center', anchorVert='center', antialias=True, autoLog=True, bold=False, color='black', colorSpace='named', contrast=1.0, depth=0.0, flipHoriz=False, flipVert=False, font='Arial', fontFiles=[], height=0.1, italic=False, languageStyle='LTR', name='text', opacity=1.0, ori=0, pos=array([0., 0.]), rgb=array([0., 0., 0.]), text='+', units='height', win=Window(...), wrapWidth=1)
12.3911 	EXP 	Created firstVisualStimulus = TextStim(__class__=<class 'psychopy.visual.text.TextStim'>, alignHoriz=method-wrapper(...), alignText='center', alignVert=method-wrapper(...), anchorHoriz='center', anchorVert='center', antialias=True, autoLog=True, bold=False, color='black', colorSpace='named', contrast=1.0, depth=-1.0, flipHoriz=False, flipVert=False, font='Arial', fontFiles=[], height=0.1, italic=False, languageStyle='LTR', name='firstVisualStimulus', opacity=1.0, ori=0, pos=array([0., 0.]), rgb=array([0., 0., 0.]), text='1', units='height', win=Window(...), wrapWidth=1)
12.4143 	EXP 	Sound firstChoiceNoise set volume 1.000
12.4143 	EXP 	Sound firstChoiceProbeTone set volume 1.000
12.4363 	EXP 	Created firstChoiceLeftStimulus = ImageStim(__class__=<class 'psychopy.visual.image.ImageStim'>, autoLog=True, color=array([1., 1., 1.]), colorSpace='rgb', contrast=1.0, depth=-4.0, flipHoriz=False, flipVert=False, image='lightBulb_ON.png', interpolate=True, mask=None, maskParams=None, name='firstChoiceLeftStimulus', opacity=1.0, ori=0.0, pos=array([-0.5,  0. ]), size=array([0.4, 0.4]), texRes=128, units='height', win=Window(...))
12.4565 	EXP 	Created firstChoiceRightStimulus = ImageStim(__class__=<class 'psychopy.visual.image.ImageStim'>, autoLog=True, color=array([1., 1., 1.]), colorSpace='rgb', contrast=1.0, depth=-5.0, flipHoriz=False, flipVert=False, image='lightBulb_OFF.png', interpolate=True, mask=None, maskParams=None, name='firstChoiceRightStimulus', opacity=1.0, ori=0.0, pos=array([0.5, 0. ]), size=array([0.4, 0.4]), texRes=128, units='height', win=Window(...))
12.4591 	EXP 	Created ISIVisualStimulus = TextStim(__class__=<class 'psychopy.visual.text.TextStim'>, alignHoriz=method-wrapper(...), alignText='center', alignVert=method-wrapper(...), anchorHoriz='center', anchorVert='center', antialias=True, autoLog=True, bold=False, color='black', colorSpace='named', contrast=1.0, depth=0.0, flipHoriz=False, flipVert=False, font='Arial', fontFiles=[], height=0.1, italic=False, languageStyle='LTR', name='ISIVisualStimulus', opacity=1.0, ori=0, pos=array([0., 0.]), rgb=array([0., 0., 0.]), text='ISI', units='height', win=Window(...), wrapWidth=1)
12.4755 	EXP 	Created rightStimulus = ImageStim(__class__=<class 'psychopy.visual.image.ImageStim'>, autoLog=True, color=array([1., 1., 1.]), colorSpace='rgb', contrast=1.0, depth=-1.0, flipHoriz=False, flipVert=False, image='lightBulb_OFF.png', interpolate=True, mask=None, maskParams=None, name='rightStimulus', opacity=1.0, ori=0.0, pos=array([0.5, 0. ]), size=array([0.4, 0.4]), texRes=128, units='height', win=Window(...))
12.4905 	EXP 	Created leftStimulus = ImageStim(__class__=<class 'psychopy.visual.image.ImageStim'>, autoLog=True, color=array([1., 1., 1.]), colorSpace='rgb', contrast=1.0, depth=-2.0, flipHoriz=False, flipVert=False, image='lightBulb_OFF.png', interpolate=True, mask=None, maskParams=None, name='leftStimulus', opacity=1.0, ori=0.0, pos=array([-0.5,  0. ]), size=array([0.4, 0.4]), texRes=128, units='height', win=Window(...))
12.4927 	EXP 	Created secondVisualStimulus = TextStim(__class__=<class 'psychopy.visual.text.TextStim'>, alignHoriz=method-wrapper(...), alignText='center', alignVert=method-wrapper(...), anchorHoriz='center', anchorVert='center', antialias=True, autoLog=True, bold=False, color='black', colorSpace='named', contrast=1.0, depth=-1.0, flipHoriz=False, flipVert=False, font='Arial', fontFiles=[], height=0.1, italic=False, languageStyle='LTR', name='secondVisualStimulus', opacity=1.0, ori=0, pos=array([0., 0.]), rgb=array([0., 0., 0.]), text='2', units='height', win=Window(...), wrapWidth=1)
12.5157 	EXP 	Sound secondChoiceNoise set volume 1.000
12.5158 	EXP 	Sound secondChoiceTone set volume 1.000
12.5432 	EXP 	Created secondChoiceLeftStimulus = ImageStim(__class__=<class 'psychopy.visual.image.ImageStim'>, autoLog=True, color=array([1., 1., 1.]), colorSpace='rgb', contrast=1.0, depth=-4.0, flipHoriz=False, flipVert=False, image='lightBulb_OFF.png', interpolate=True, mask=None, maskParams=None, name='secondChoiceLeftStimulus', opacity=1.0, ori=0.0, pos=array([-0.5,  0. ]), size=array([0.4, 0.4]), texRes=128, units='height', win=Window(...))
12.5703 	EXP 	Created secondChoiceRightStimulus = ImageStim(__class__=<class 'psychopy.visual.image.ImageStim'>, autoLog=True, color=array([1., 1., 1.]), colorSpace='rgb', contrast=1.0, depth=-5.0, flipHoriz=False, flipVert=False, image='lightBulb_ON.png', interpolate=True, mask=None, maskParams=None, name='secondChoiceRightStimulus', opacity=1.0, ori=0.0, pos=array([0.5, 0. ]), size=array([0.4, 0.4]), texRes=128, units='height', win=Window(...))
12.5760 	EXP 	Created decisionTextProbe = TextStim(__class__=<class 'psychopy.visual.text.TextStim'>, alignHoriz=method-wrapper(...), alignText='center', alignVert=method-wrapper(...), anchorHoriz='center', anchorVert='center', antialias=True, autoLog=True, bold=False, color='black', colorSpace='named', contrast=1.0, depth=-1.0, flipHoriz=False, flipVert=False, font='Arial', fontFiles=[], height=0.1, italic=False, languageStyle='LTR', name='decisionTextProbe', opacity=1.0, ori=0, pos=array([0., 0.]), rgb=array([0., 0., 0.]), text=str(...), units='height', win=Window(...), wrapWidth=1)
12.5790 	EXP 	Created feedbackText = TextStim(__class__=<class 'psychopy.visual.text.TextStim'>, alignHoriz=method-wrapper(...), alignText='center', alignVert=method-wrapper(...), anchorHoriz='center', anchorVert='center', antialias=True, autoLog=True, bold=False, color='black', colorSpace='named', contrast=1.0, depth=-1.0, flipHoriz=False, flipVert=False, font='Arial', fontFiles=[], height=0.1, italic=False, languageStyle='LTR', name='feedbackText', opacity=1.0, ori=0, pos=array([0., 0.]), rgb=array([0., 0., 0.]), text='default text', units='height', win=Window(...), wrapWidth=1)
12.6088 	EXP 	welcomeText: autoDraw = True
13.3381 	EXP 	Created sequence: sequential, trialTypes=1, nReps=0, seed=None
13.3383 	EXP 	Created sequence: random, trialTypes=1, nReps=0, seed=None
13.3407 	DATA 	Keypress: space
13.3507 	EXP 	welcomeText: autoDraw = False
13.3507 	EXP 	text_10: autoDraw = True
14.1906 	DATA 	Keypress: b
14.2016 	EXP 	text_10: autoDraw = False
14.2016 	EXP 	firstITI: autoDraw = True
19.2279 	DEBUG 	Read Excel file with pandas: questConditionsFile.xlsx
19.2292 	DEBUG 	Clearing unnamed columns from questConditionsFile.xlsx
19.2298 	EXP 	Imported questConditionsFile.xlsx as conditions, 1 conditions, 11 params
19.5733 	DEBUG 	Using C:\Program Files\PsychoPy3\lib\site-packages\psychopy\data\staircase.py as origin file
19.5791 	DEBUG 	Using C:\Program Files\PsychoPy3\lib\site-packages\psychopy\data\staircase.py as origin file
19.5847 	EXP 	firstITI: autoDraw = False
19.5847 	EXP 	text: autoDraw = True
20.2198 	EXP 	text: autoDraw = False
20.3014 	EXP 	firstVisualStimulus: autoDraw = True
20.3014 	EXP 	firstChoiceLeftStimulus: autoDraw = True
20.3014 	EXP 	firstChoiceRightStimulus: autoDraw = True
20.6683 	EXP 	firstVisualStimulus: autoDraw = False
20.6683 	EXP 	firstChoiceLeftStimulus: autoDraw = False
20.6683 	EXP 	firstChoiceRightStimulus: autoDraw = False
20.6683 	EXP 	firstVisualStimulus: autoDraw = False
20.6683 	EXP 	firstChoiceLeftStimulus: autoDraw = False
20.6683 	EXP 	firstChoiceRightStimulus: autoDraw = False
20.6683 	EXP 	ISIVisualStimulus: autoDraw = True
20.6683 	EXP 	rightStimulus: autoDraw = True
20.6683 	EXP 	leftStimulus: autoDraw = True
21.6544 	EXP 	ISIVisualStimulus: autoDraw = False
21.6544 	EXP 	rightStimulus: autoDraw = False
21.6544 	EXP 	leftStimulus: autoDraw = False
21.7108 	EXP 	secondVisualStimulus: autoDraw = True
21.7108 	EXP 	secondChoiceLeftStimulus: autoDraw = True
21.7108 	EXP 	secondChoiceRightStimulus: autoDraw = True
22.0428 	EXP 	secondVisualStimulus: autoDraw = False
22.0428 	EXP 	secondChoiceLeftStimulus: autoDraw = False
22.0428 	EXP 	secondChoiceRightStimulus: autoDraw = False
22.0428 	EXP 	secondVisualStimulus: autoDraw = False
22.0428 	EXP 	secondChoiceLeftStimulus: autoDraw = False
22.0428 	EXP 	secondChoiceRightStimulus: autoDraw = False
22.0428 	EXP 	decisionTextProbe: autoDraw = True
22.3209 	DATA 	Keypress: 1
22.3260 	EXP 	decisionTextProbe: autoDraw = False
22.3260 	EXP 	feedbackText: text = 'Correct'
22.3260 	EXP 	feedbackText: autoDraw = True
23.3271 	EXP 	feedbackText: autoDraw = False
23.3271 	EXP 	feedbackText: autoDraw = False
23.3271 	EXP 	text: autoDraw = True
24.3427 	EXP 	text: autoDraw = False
24.3427 	EXP 	text: autoDraw = False
24.3615 	EXP 	firstVisualStimulus: autoDraw = True
24.3615 	EXP 	firstChoiceLeftStimulus: autoDraw = True
24.3615 	EXP 	firstChoiceRightStimulus: autoDraw = True
24.6954 	EXP 	firstVisualStimulus: autoDraw = False
24.6954 	EXP 	firstChoiceLeftStimulus: autoDraw = False
24.6954 	EXP 	firstChoiceRightStimulus: autoDraw = False
24.6954 	EXP 	firstVisualStimulus: autoDraw = False
24.6954 	EXP 	firstChoiceLeftStimulus: autoDraw = False
24.6954 	EXP 	firstChoiceRightStimulus: autoDraw = False
24.6954 	EXP 	ISIVisualStimulus: autoDraw = True
24.6954 	EXP 	rightStimulus: autoDraw = True
24.6954 	EXP 	leftStimulus: autoDraw = True
25.7127 	EXP 	ISIVisualStimulus: autoDraw = False
25.7127 	EXP 	rightStimulus: autoDraw = False
25.7127 	EXP 	leftStimulus: autoDraw = False
25.7127 	EXP 	ISIVisualStimulus: autoDraw = False
25.7127 	EXP 	rightStimulus: autoDraw = False
25.7127 	EXP 	leftStimulus: autoDraw = False
25.7297 	EXP 	secondVisualStimulus: autoDraw = True
25.7297 	EXP 	secondChoiceLeftStimulus: autoDraw = True
25.7297 	EXP 	secondChoiceRightStimulus: autoDraw = True
26.0635 	EXP 	secondVisualStimulus: autoDraw = False
26.0635 	EXP 	secondChoiceLeftStimulus: autoDraw = False
26.0635 	EXP 	secondChoiceRightStimulus: autoDraw = False
26.0635 	EXP 	secondVisualStimulus: autoDraw = False
26.0635 	EXP 	secondChoiceLeftStimulus: autoDraw = False
26.0635 	EXP 	secondChoiceRightStimulus: autoDraw = False
26.0635 	EXP 	decisionTextProbe: autoDraw = True
26.5547 	DATA 	Keypress: 1
26.5640 	EXP 	decisionTextProbe: autoDraw = False
26.5640 	EXP 	feedbackText: text = 'Correct'
26.5640 	EXP 	feedbackText: autoDraw = True
27.5650 	EXP 	feedbackText: autoDraw = False
27.5650 	EXP 	feedbackText: autoDraw = False
27.5650 	EXP 	text: autoDraw = True
28.5790 	EXP 	text: autoDraw = False
28.5790 	EXP 	text: autoDraw = False
28.5981 	EXP 	firstVisualStimulus: autoDraw = True
28.5981 	EXP 	firstChoiceLeftStimulus: autoDraw = True
28.5981 	EXP 	firstChoiceRightStimulus: autoDraw = True
28.9328 	EXP 	firstVisualStimulus: autoDraw = False
28.9328 	EXP 	firstChoiceLeftStimulus: autoDraw = False
28.9328 	EXP 	firstChoiceRightStimulus: autoDraw = False
28.9328 	EXP 	firstVisualStimulus: autoDraw = False
28.9328 	EXP 	firstChoiceLeftStimulus: autoDraw = False
28.9328 	EXP 	firstChoiceRightStimulus: autoDraw = False
28.9328 	EXP 	ISIVisualStimulus: autoDraw = True
28.9328 	EXP 	rightStimulus: autoDraw = True
28.9328 	EXP 	leftStimulus: autoDraw = True
29.9473 	EXP 	ISIVisualStimulus: autoDraw = False
29.9473 	EXP 	rightStimulus: autoDraw = False
29.9473 	EXP 	leftStimulus: autoDraw = False
29.9473 	EXP 	ISIVisualStimulus: autoDraw = False
29.9473 	EXP 	rightStimulus: autoDraw = False
29.9473 	EXP 	leftStimulus: autoDraw = False
29.9660 	EXP 	secondVisualStimulus: autoDraw = True
29.9660 	EXP 	secondChoiceLeftStimulus: autoDraw = True
29.9660 	EXP 	secondChoiceRightStimulus: autoDraw = True
30.3007 	EXP 	secondVisualStimulus: autoDraw = False
30.3007 	EXP 	secondChoiceLeftStimulus: autoDraw = False
30.3007 	EXP 	secondChoiceRightStimulus: autoDraw = False
30.3007 	EXP 	secondVisualStimulus: autoDraw = False
30.3007 	EXP 	secondChoiceLeftStimulus: autoDraw = False
30.3007 	EXP 	secondChoiceRightStimulus: autoDraw = False
30.3007 	EXP 	decisionTextProbe: autoDraw = True
30.5947 	DATA 	Keypress: 1
30.6013 	EXP 	decisionTextProbe: autoDraw = False
30.6013 	EXP 	feedbackText: text = 'Incorrect'
30.6013 	EXP 	feedbackText: autoDraw = True
31.6023 	EXP 	feedbackText: autoDraw = False
31.6023 	EXP 	feedbackText: autoDraw = False
31.6023 	EXP 	text: autoDraw = True
32.6172 	EXP 	text: autoDraw = False
32.6172 	EXP 	text: autoDraw = False
32.6355 	EXP 	firstVisualStimulus: autoDraw = True
32.6355 	EXP 	firstChoiceLeftStimulus: autoDraw = True
32.6355 	EXP 	firstChoiceRightStimulus: autoDraw = True
32.9702 	EXP 	firstVisualStimulus: autoDraw = False
32.9702 	EXP 	firstChoiceLeftStimulus: autoDraw = False
32.9702 	EXP 	firstChoiceRightStimulus: autoDraw = False
32.9702 	EXP 	firstVisualStimulus: autoDraw = False
32.9702 	EXP 	firstChoiceLeftStimulus: autoDraw = False
32.9702 	EXP 	firstChoiceRightStimulus: autoDraw = False
32.9702 	EXP 	ISIVisualStimulus: autoDraw = True
32.9702 	EXP 	rightStimulus: autoDraw = True
32.9702 	EXP 	leftStimulus: autoDraw = True
33.9849 	EXP 	ISIVisualStimulus: autoDraw = False
33.9849 	EXP 	rightStimulus: autoDraw = False
33.9849 	EXP 	leftStimulus: autoDraw = False
33.9849 	EXP 	ISIVisualStimulus: autoDraw = False
33.9849 	EXP 	rightStimulus: autoDraw = False
33.9849 	EXP 	leftStimulus: autoDraw = False
34.0036 	EXP 	secondVisualStimulus: autoDraw = True
34.0036 	EXP 	secondChoiceLeftStimulus: autoDraw = True
34.0036 	EXP 	secondChoiceRightStimulus: autoDraw = True
34.3381 	EXP 	secondVisualStimulus: autoDraw = False
34.3381 	EXP 	secondChoiceLeftStimulus: autoDraw = False
34.3381 	EXP 	secondChoiceRightStimulus: autoDraw = False
34.3381 	EXP 	secondVisualStimulus: autoDraw = False
34.3381 	EXP 	secondChoiceLeftStimulus: autoDraw = False
34.3381 	EXP 	secondChoiceRightStimulus: autoDraw = False
34.3381 	EXP 	decisionTextProbe: autoDraw = True
34.7955 	DATA 	Keypress: 1
34.8052 	EXP 	decisionTextProbe: autoDraw = False
34.8052 	EXP 	feedbackText: text = 'Incorrect'
34.8052 	EXP 	feedbackText: autoDraw = True
35.8065 	EXP 	feedbackText: autoDraw = False
35.8065 	EXP 	feedbackText: autoDraw = False
35.8065 	EXP 	text: autoDraw = True
36.8193 	EXP 	text: autoDraw = False
36.8193 	EXP 	text: autoDraw = False
36.8396 	EXP 	firstVisualStimulus: autoDraw = True
36.8396 	EXP 	firstChoiceLeftStimulus: autoDraw = True
36.8396 	EXP 	firstChoiceRightStimulus: autoDraw = True
37.1747 	EXP 	firstVisualStimulus: autoDraw = False
37.1747 	EXP 	firstChoiceLeftStimulus: autoDraw = False
37.1747 	EXP 	firstChoiceRightStimulus: autoDraw = False
37.1747 	EXP 	firstVisualStimulus: autoDraw = False
37.1747 	EXP 	firstChoiceLeftStimulus: autoDraw = False
37.1747 	EXP 	firstChoiceRightStimulus: autoDraw = False
37.1747 	EXP 	ISIVisualStimulus: autoDraw = True
37.1747 	EXP 	rightStimulus: autoDraw = True
37.1747 	EXP 	leftStimulus: autoDraw = True
38.1877 	EXP 	ISIVisualStimulus: autoDraw = False
38.1877 	EXP 	rightStimulus: autoDraw = False
38.1877 	EXP 	leftStimulus: autoDraw = False
38.1877 	EXP 	ISIVisualStimulus: autoDraw = False
38.1877 	EXP 	rightStimulus: autoDraw = False
38.1877 	EXP 	leftStimulus: autoDraw = False
38.2076 	EXP 	secondVisualStimulus: autoDraw = True
38.2076 	EXP 	secondChoiceLeftStimulus: autoDraw = True
38.2076 	EXP 	secondChoiceRightStimulus: autoDraw = True
38.5422 	EXP 	secondVisualStimulus: autoDraw = False
38.5422 	EXP 	secondChoiceLeftStimulus: autoDraw = False
38.5422 	EXP 	secondChoiceRightStimulus: autoDraw = False
38.5422 	EXP 	secondVisualStimulus: autoDraw = False
38.5422 	EXP 	secondChoiceLeftStimulus: autoDraw = False
38.5422 	EXP 	secondChoiceRightStimulus: autoDraw = False
38.5422 	EXP 	decisionTextProbe: autoDraw = True
39.3037 	DATA 	Keypress: 1
39.3098 	EXP 	decisionTextProbe: autoDraw = False
39.3098 	EXP 	feedbackText: text = 'Correct'
39.3098 	EXP 	feedbackText: autoDraw = True
40.3109 	EXP 	feedbackText: autoDraw = False
40.3109 	EXP 	feedbackText: autoDraw = False
40.3109 	EXP 	text: autoDraw = True
41.3233 	EXP 	text: autoDraw = False
41.3233 	EXP 	text: autoDraw = False
41.3296 	EXP 	firstVisualStimulus: autoDraw = True
41.3296 	EXP 	firstChoiceLeftStimulus: autoDraw = True
41.3296 	EXP 	firstChoiceRightStimulus: autoDraw = True
41.6624 	EXP 	firstVisualStimulus: autoDraw = False
41.6624 	EXP 	firstChoiceLeftStimulus: autoDraw = False
41.6624 	EXP 	firstChoiceRightStimulus: autoDraw = False
41.6624 	EXP 	firstVisualStimulus: autoDraw = False
41.6624 	EXP 	firstChoiceLeftStimulus: autoDraw = False
41.6624 	EXP 	firstChoiceRightStimulus: autoDraw = False
41.6624 	EXP 	ISIVisualStimulus: autoDraw = True
41.6624 	EXP 	rightStimulus: autoDraw = True
41.6624 	EXP 	leftStimulus: autoDraw = True
42.6756 	EXP 	ISIVisualStimulus: autoDraw = False
42.6756 	EXP 	rightStimulus: autoDraw = False
42.6756 	EXP 	leftStimulus: autoDraw = False
42.6756 	EXP 	ISIVisualStimulus: autoDraw = False
42.6756 	EXP 	rightStimulus: autoDraw = False
42.6756 	EXP 	leftStimulus: autoDraw = False
42.6953 	EXP 	secondVisualStimulus: autoDraw = True
42.6953 	EXP 	secondChoiceLeftStimulus: autoDraw = True
42.6953 	EXP 	secondChoiceRightStimulus: autoDraw = True
43.0305 	EXP 	secondVisualStimulus: autoDraw = False
43.0305 	EXP 	secondChoiceLeftStimulus: autoDraw = False
43.0305 	EXP 	secondChoiceRightStimulus: autoDraw = False
43.0305 	EXP 	secondVisualStimulus: autoDraw = False
43.0305 	EXP 	secondChoiceLeftStimulus: autoDraw = False
43.0305 	EXP 	secondChoiceRightStimulus: autoDraw = False
43.0305 	EXP 	decisionTextProbe: autoDraw = True
43.2919 	DATA 	Keypress: 1
43.2971 	EXP 	decisionTextProbe: autoDraw = False
43.2971 	EXP 	feedbackText: text = 'Incorrect'
43.2971 	EXP 	feedbackText: autoDraw = True
44.2983 	EXP 	feedbackText: autoDraw = False
44.2983 	EXP 	feedbackText: autoDraw = False
44.2983 	EXP 	text: autoDraw = True
45.3126 	EXP 	text: autoDraw = False
45.3126 	EXP 	text: autoDraw = False
45.3314 	EXP 	firstVisualStimulus: autoDraw = True
45.3314 	EXP 	firstChoiceLeftStimulus: autoDraw = True
45.3314 	EXP 	firstChoiceRightStimulus: autoDraw = True
45.6662 	EXP 	firstVisualStimulus: autoDraw = False
45.6662 	EXP 	firstChoiceLeftStimulus: autoDraw = False
45.6662 	EXP 	firstChoiceRightStimulus: autoDraw = False
45.6662 	EXP 	firstVisualStimulus: autoDraw = False
45.6662 	EXP 	firstChoiceLeftStimulus: autoDraw = False
45.6662 	EXP 	firstChoiceRightStimulus: autoDraw = False
45.6662 	EXP 	ISIVisualStimulus: autoDraw = True
45.6662 	EXP 	rightStimulus: autoDraw = True
45.6662 	EXP 	leftStimulus: autoDraw = True
46.6804 	EXP 	ISIVisualStimulus: autoDraw = False
46.6804 	EXP 	rightStimulus: autoDraw = False
46.6804 	EXP 	leftStimulus: autoDraw = False
46.6804 	EXP 	ISIVisualStimulus: autoDraw = False
46.6804 	EXP 	rightStimulus: autoDraw = False
46.6804 	EXP 	leftStimulus: autoDraw = False
46.7000 	EXP 	secondVisualStimulus: autoDraw = True
46.7000 	EXP 	secondChoiceLeftStimulus: autoDraw = True
46.7000 	EXP 	secondChoiceRightStimulus: autoDraw = True
47.0343 	EXP 	secondVisualStimulus: autoDraw = False
47.0343 	EXP 	secondChoiceLeftStimulus: autoDraw = False
47.0343 	EXP 	secondChoiceRightStimulus: autoDraw = False
47.0343 	EXP 	secondVisualStimulus: autoDraw = False
47.0343 	EXP 	secondChoiceLeftStimulus: autoDraw = False
47.0343 	EXP 	secondChoiceRightStimulus: autoDraw = False
47.0343 	EXP 	decisionTextProbe: autoDraw = True
47.3678 	EXP 	decisionTextProbe: autoDraw = False
47.3678 	EXP 	feedbackText: text = 'Correct'
47.3678 	EXP 	feedbackText: autoDraw = True
48.3696 	EXP 	feedbackText: autoDraw = False
48.3696 	EXP 	feedbackText: autoDraw = False
48.3696 	EXP 	text: autoDraw = True
48.5755 	DATA 	Mouse: Left button down, pos=(681,594)
48.7885 	DATA 	Mouse:  Left button up, pos=(681,594)
49.3839 	EXP 	text: autoDraw = False
49.3839 	EXP 	text: autoDraw = False
49.4035 	EXP 	firstVisualStimulus: autoDraw = True
49.4035 	EXP 	firstChoiceLeftStimulus: autoDraw = True
49.4035 	EXP 	firstChoiceRightStimulus: autoDraw = True
49.7373 	EXP 	firstVisualStimulus: autoDraw = False
49.7373 	EXP 	firstChoiceLeftStimulus: autoDraw = False
49.7373 	EXP 	firstChoiceRightStimulus: autoDraw = False
49.7373 	EXP 	firstVisualStimulus: autoDraw = False
49.7373 	EXP 	firstChoiceLeftStimulus: autoDraw = False
49.7373 	EXP 	firstChoiceRightStimulus: autoDraw = False
49.7373 	EXP 	ISIVisualStimulus: autoDraw = True
49.7373 	EXP 	rightStimulus: autoDraw = True
49.7373 	EXP 	leftStimulus: autoDraw = True
50.7526 	EXP 	ISIVisualStimulus: autoDraw = False
50.7526 	EXP 	rightStimulus: autoDraw = False
50.7526 	EXP 	leftStimulus: autoDraw = False
50.7526 	EXP 	ISIVisualStimulus: autoDraw = False
50.7526 	EXP 	rightStimulus: autoDraw = False
50.7526 	EXP 	leftStimulus: autoDraw = False
50.7709 	EXP 	secondVisualStimulus: autoDraw = True
50.7709 	EXP 	secondChoiceLeftStimulus: autoDraw = True
50.7709 	EXP 	secondChoiceRightStimulus: autoDraw = True
51.1047 	EXP 	secondVisualStimulus: autoDraw = False
51.1047 	EXP 	secondChoiceLeftStimulus: autoDraw = False
51.1047 	EXP 	secondChoiceRightStimulus: autoDraw = False
51.1047 	EXP 	secondVisualStimulus: autoDraw = False
51.1047 	EXP 	secondChoiceLeftStimulus: autoDraw = False
51.1047 	EXP 	secondChoiceRightStimulus: autoDraw = False
51.1047 	EXP 	decisionTextProbe: autoDraw = True
51.8115 	DATA 	Keypress: 2
51.8223 	EXP 	decisionTextProbe: autoDraw = False
51.8223 	EXP 	feedbackText: text = 'Correct'
51.8223 	EXP 	feedbackText: autoDraw = True
52.8236 	EXP 	feedbackText: autoDraw = False
52.8236 	EXP 	feedbackText: autoDraw = False
52.8236 	EXP 	text: autoDraw = True
53.8367 	EXP 	text: autoDraw = False
53.8367 	EXP 	text: autoDraw = False
53.8567 	EXP 	firstVisualStimulus: autoDraw = True
53.8567 	EXP 	firstChoiceLeftStimulus: autoDraw = True
53.8567 	EXP 	firstChoiceRightStimulus: autoDraw = True
54.1916 	EXP 	firstVisualStimulus: autoDraw = False
54.1916 	EXP 	firstChoiceLeftStimulus: autoDraw = False
54.1916 	EXP 	firstChoiceRightStimulus: autoDraw = False
54.1916 	EXP 	firstVisualStimulus: autoDraw = False
54.1916 	EXP 	firstChoiceLeftStimulus: autoDraw = False
54.1916 	EXP 	firstChoiceRightStimulus: autoDraw = False
54.1916 	EXP 	ISIVisualStimulus: autoDraw = True
54.1916 	EXP 	rightStimulus: autoDraw = True
54.1916 	EXP 	leftStimulus: autoDraw = True
55.2051 	EXP 	ISIVisualStimulus: autoDraw = False
55.2051 	EXP 	rightStimulus: autoDraw = False
55.2051 	EXP 	leftStimulus: autoDraw = False
55.2051 	EXP 	ISIVisualStimulus: autoDraw = False
55.2051 	EXP 	rightStimulus: autoDraw = False
55.2051 	EXP 	leftStimulus: autoDraw = False
55.2245 	EXP 	secondVisualStimulus: autoDraw = True
55.2245 	EXP 	secondChoiceLeftStimulus: autoDraw = True
55.2245 	EXP 	secondChoiceRightStimulus: autoDraw = True
55.5597 	EXP 	secondVisualStimulus: autoDraw = False
55.5597 	EXP 	secondChoiceLeftStimulus: autoDraw = False
55.5597 	EXP 	secondChoiceRightStimulus: autoDraw = False
55.5597 	EXP 	secondVisualStimulus: autoDraw = False
55.5597 	EXP 	secondChoiceLeftStimulus: autoDraw = False
55.5597 	EXP 	secondChoiceRightStimulus: autoDraw = False
55.5597 	EXP 	decisionTextProbe: autoDraw = True
56.2659 	DATA 	Keypress: 1
56.2767 	EXP 	decisionTextProbe: autoDraw = False
56.2767 	EXP 	feedbackText: text = 'Correct'
56.2767 	EXP 	feedbackText: autoDraw = True
57.2778 	EXP 	feedbackText: autoDraw = False
57.2778 	EXP 	feedbackText: autoDraw = False
57.2778 	EXP 	text: autoDraw = True
58.2918 	EXP 	text: autoDraw = False
58.2918 	EXP 	text: autoDraw = False
58.3111 	EXP 	firstVisualStimulus: autoDraw = True
58.3111 	EXP 	firstChoiceLeftStimulus: autoDraw = True
58.3111 	EXP 	firstChoiceRightStimulus: autoDraw = True
58.6460 	EXP 	firstVisualStimulus: autoDraw = False
58.6460 	EXP 	firstChoiceLeftStimulus: autoDraw = False
58.6460 	EXP 	firstChoiceRightStimulus: autoDraw = False
58.6460 	EXP 	firstVisualStimulus: autoDraw = False
58.6460 	EXP 	firstChoiceLeftStimulus: autoDraw = False
58.6460 	EXP 	firstChoiceRightStimulus: autoDraw = False
58.6460 	EXP 	ISIVisualStimulus: autoDraw = True
58.6460 	EXP 	rightStimulus: autoDraw = True
58.6460 	EXP 	leftStimulus: autoDraw = True
59.6614 	EXP 	ISIVisualStimulus: autoDraw = False
59.6614 	EXP 	rightStimulus: autoDraw = False
59.6614 	EXP 	leftStimulus: autoDraw = False
59.6614 	EXP 	ISIVisualStimulus: autoDraw = False
59.6614 	EXP 	rightStimulus: autoDraw = False
59.6614 	EXP 	leftStimulus: autoDraw = False
59.6802 	EXP 	secondVisualStimulus: autoDraw = True
59.6802 	EXP 	secondChoiceLeftStimulus: autoDraw = True
59.6802 	EXP 	secondChoiceRightStimulus: autoDraw = True
60.0142 	EXP 	secondVisualStimulus: autoDraw = False
60.0142 	EXP 	secondChoiceLeftStimulus: autoDraw = False
60.0142 	EXP 	secondChoiceRightStimulus: autoDraw = False
60.0142 	EXP 	secondVisualStimulus: autoDraw = False
60.0142 	EXP 	secondChoiceLeftStimulus: autoDraw = False
60.0142 	EXP 	secondChoiceRightStimulus: autoDraw = False
60.0142 	EXP 	decisionTextProbe: autoDraw = True
60.3142 	EXP 	decisionTextProbe: autoDraw = False
60.3142 	EXP 	feedbackText: text = 'Incorrect'
60.3142 	EXP 	feedbackText: autoDraw = True
61.3157 	EXP 	feedbackText: autoDraw = False
61.3157 	EXP 	feedbackText: autoDraw = False
61.3157 	EXP 	text: autoDraw = True
62.3306 	EXP 	text: autoDraw = False
62.3306 	EXP 	text: autoDraw = False
62.3498 	EXP 	firstVisualStimulus: autoDraw = True
62.3498 	EXP 	firstChoiceLeftStimulus: autoDraw = True
62.3498 	EXP 	firstChoiceRightStimulus: autoDraw = True
62.6834 	EXP 	firstVisualStimulus: autoDraw = False
62.6834 	EXP 	firstChoiceLeftStimulus: autoDraw = False
62.6834 	EXP 	firstChoiceRightStimulus: autoDraw = False
62.6834 	EXP 	firstVisualStimulus: autoDraw = False
62.6834 	EXP 	firstChoiceLeftStimulus: autoDraw = False
62.6834 	EXP 	firstChoiceRightStimulus: autoDraw = False
62.6834 	EXP 	ISIVisualStimulus: autoDraw = True
62.6834 	EXP 	rightStimulus: autoDraw = True
62.6834 	EXP 	leftStimulus: autoDraw = True
63.6983 	EXP 	ISIVisualStimulus: autoDraw = False
63.6983 	EXP 	rightStimulus: autoDraw = False
63.6983 	EXP 	leftStimulus: autoDraw = False
63.6983 	EXP 	ISIVisualStimulus: autoDraw = False
63.6983 	EXP 	rightStimulus: autoDraw = False
63.6983 	EXP 	leftStimulus: autoDraw = False
63.7179 	EXP 	secondVisualStimulus: autoDraw = True
63.7179 	EXP 	secondChoiceLeftStimulus: autoDraw = True
63.7179 	EXP 	secondChoiceRightStimulus: autoDraw = True
64.0514 	EXP 	secondVisualStimulus: autoDraw = False
64.0514 	EXP 	secondChoiceLeftStimulus: autoDraw = False
64.0514 	EXP 	secondChoiceRightStimulus: autoDraw = False
64.0514 	EXP 	secondVisualStimulus: autoDraw = False
64.0514 	EXP 	secondChoiceLeftStimulus: autoDraw = False
64.0514 	EXP 	secondChoiceRightStimulus: autoDraw = False
64.0514 	EXP 	decisionTextProbe: autoDraw = True
64.1683 	EXP 	decisionTextProbe: autoDraw = False
64.1683 	EXP 	feedbackText: text = 'Correct'
64.1683 	EXP 	feedbackText: autoDraw = True
65.1690 	EXP 	feedbackText: autoDraw = False
65.1690 	EXP 	feedbackText: autoDraw = False
65.1690 	EXP 	text: autoDraw = True
66.1835 	EXP 	text: autoDraw = False
66.1835 	EXP 	text: autoDraw = False
66.2023 	EXP 	firstVisualStimulus: autoDraw = True
66.2023 	EXP 	firstChoiceLeftStimulus: autoDraw = True
66.2023 	EXP 	firstChoiceRightStimulus: autoDraw = True
66.5371 	EXP 	firstVisualStimulus: autoDraw = False
66.5371 	EXP 	firstChoiceLeftStimulus: autoDraw = False
66.5371 	EXP 	firstChoiceRightStimulus: autoDraw = False
66.5371 	EXP 	firstVisualStimulus: autoDraw = False
66.5371 	EXP 	firstChoiceLeftStimulus: autoDraw = False
66.5371 	EXP 	firstChoiceRightStimulus: autoDraw = False
66.5371 	EXP 	ISIVisualStimulus: autoDraw = True
66.5371 	EXP 	rightStimulus: autoDraw = True
66.5371 	EXP 	leftStimulus: autoDraw = True
67.5543 	EXP 	ISIVisualStimulus: autoDraw = False
67.5543 	EXP 	rightStimulus: autoDraw = False
67.5543 	EXP 	leftStimulus: autoDraw = False
67.5543 	EXP 	ISIVisualStimulus: autoDraw = False
67.5543 	EXP 	rightStimulus: autoDraw = False
67.5543 	EXP 	leftStimulus: autoDraw = False
67.5711 	EXP 	secondVisualStimulus: autoDraw = True
67.5711 	EXP 	secondChoiceLeftStimulus: autoDraw = True
67.5711 	EXP 	secondChoiceRightStimulus: autoDraw = True
67.9052 	EXP 	secondVisualStimulus: autoDraw = False
67.9052 	EXP 	secondChoiceLeftStimulus: autoDraw = False
67.9052 	EXP 	secondChoiceRightStimulus: autoDraw = False
67.9052 	EXP 	secondVisualStimulus: autoDraw = False
67.9052 	EXP 	secondChoiceLeftStimulus: autoDraw = False
67.9052 	EXP 	secondChoiceRightStimulus: autoDraw = False
67.9052 	EXP 	decisionTextProbe: autoDraw = True
68.5058 	EXP 	decisionTextProbe: autoDraw = False
68.5058 	EXP 	feedbackText: text = 'Incorrect'
68.5058 	EXP 	feedbackText: autoDraw = True
69.5070 	EXP 	feedbackText: autoDraw = False
69.5070 	EXP 	feedbackText: autoDraw = False
69.5070 	EXP 	text: autoDraw = True
70.5217 	EXP 	text: autoDraw = False
70.5217 	EXP 	text: autoDraw = False
70.5411 	EXP 	firstVisualStimulus: autoDraw = True
70.5411 	EXP 	firstChoiceLeftStimulus: autoDraw = True
70.5411 	EXP 	firstChoiceRightStimulus: autoDraw = True
70.8749 	EXP 	firstVisualStimulus: autoDraw = False
70.8749 	EXP 	firstChoiceLeftStimulus: autoDraw = False
70.8749 	EXP 	firstChoiceRightStimulus: autoDraw = False
70.8749 	EXP 	firstVisualStimulus: autoDraw = False
70.8749 	EXP 	firstChoiceLeftStimulus: autoDraw = False
70.8749 	EXP 	firstChoiceRightStimulus: autoDraw = False
70.8749 	EXP 	ISIVisualStimulus: autoDraw = True
70.8749 	EXP 	rightStimulus: autoDraw = True
70.8749 	EXP 	leftStimulus: autoDraw = True
71.8933 	EXP 	ISIVisualStimulus: autoDraw = False
71.8933 	EXP 	rightStimulus: autoDraw = False
71.8933 	EXP 	leftStimulus: autoDraw = False
71.8933 	EXP 	ISIVisualStimulus: autoDraw = False
71.8933 	EXP 	rightStimulus: autoDraw = False
71.8933 	EXP 	leftStimulus: autoDraw = False
71.9087 	EXP 	secondVisualStimulus: autoDraw = True
71.9087 	EXP 	secondChoiceLeftStimulus: autoDraw = True
71.9087 	EXP 	secondChoiceRightStimulus: autoDraw = True
72.2427 	EXP 	secondVisualStimulus: autoDraw = False
72.2427 	EXP 	secondChoiceLeftStimulus: autoDraw = False
72.2427 	EXP 	secondChoiceRightStimulus: autoDraw = False
72.2427 	EXP 	secondVisualStimulus: autoDraw = False
72.2427 	EXP 	secondChoiceLeftStimulus: autoDraw = False
72.2427 	EXP 	secondChoiceRightStimulus: autoDraw = False
72.2427 	EXP 	decisionTextProbe: autoDraw = True
73.8124 	EXP 	decisionTextProbe: autoDraw = False
73.8124 	EXP 	feedbackText: text = 'Correct'
73.8124 	EXP 	feedbackText: autoDraw = True
74.8123 	EXP 	feedbackText: autoDraw = False
74.8123 	EXP 	feedbackText: autoDraw = False
74.8123 	EXP 	text: autoDraw = True
75.8267 	EXP 	text: autoDraw = False
75.8267 	EXP 	text: autoDraw = False
75.8451 	EXP 	firstVisualStimulus: autoDraw = True
75.8451 	EXP 	firstChoiceLeftStimulus: autoDraw = True
75.8451 	EXP 	firstChoiceRightStimulus: autoDraw = True
76.1799 	EXP 	firstVisualStimulus: autoDraw = False
76.1799 	EXP 	firstChoiceLeftStimulus: autoDraw = False
76.1799 	EXP 	firstChoiceRightStimulus: autoDraw = False
76.1799 	EXP 	firstVisualStimulus: autoDraw = False
76.1799 	EXP 	firstChoiceLeftStimulus: autoDraw = False
76.1799 	EXP 	firstChoiceRightStimulus: autoDraw = False
76.1799 	EXP 	ISIVisualStimulus: autoDraw = True
76.1799 	EXP 	rightStimulus: autoDraw = True
76.1799 	EXP 	leftStimulus: autoDraw = True
77.1945 	EXP 	ISIVisualStimulus: autoDraw = False
77.1945 	EXP 	rightStimulus: autoDraw = False
77.1945 	EXP 	leftStimulus: autoDraw = False
77.1945 	EXP 	ISIVisualStimulus: autoDraw = False
77.1945 	EXP 	rightStimulus: autoDraw = False
77.1945 	EXP 	leftStimulus: autoDraw = False
77.2132 	EXP 	secondVisualStimulus: autoDraw = True
77.2132 	EXP 	secondChoiceLeftStimulus: autoDraw = True
77.2132 	EXP 	secondChoiceRightStimulus: autoDraw = True
77.5483 	EXP 	secondVisualStimulus: autoDraw = False
77.5483 	EXP 	secondChoiceLeftStimulus: autoDraw = False
77.5483 	EXP 	secondChoiceRightStimulus: autoDraw = False
77.5483 	EXP 	secondVisualStimulus: autoDraw = False
77.5483 	EXP 	secondChoiceLeftStimulus: autoDraw = False
77.5483 	EXP 	secondChoiceRightStimulus: autoDraw = False
77.5483 	EXP 	decisionTextProbe: autoDraw = True
78.3993 	EXP 	decisionTextProbe: autoDraw = False
78.3993 	EXP 	feedbackText: text = 'Correct'
78.3993 	EXP 	feedbackText: autoDraw = True
79.4000 	EXP 	feedbackText: autoDraw = False
79.4000 	EXP 	feedbackText: autoDraw = False
79.4000 	EXP 	text: autoDraw = True
80.4131 	EXP 	text: autoDraw = False
80.4131 	EXP 	text: autoDraw = False
80.4333 	EXP 	firstVisualStimulus: autoDraw = True
80.4333 	EXP 	firstChoiceLeftStimulus: autoDraw = True
80.4333 	EXP 	firstChoiceRightStimulus: autoDraw = True
80.7680 	EXP 	firstVisualStimulus: autoDraw = False
80.7680 	EXP 	firstChoiceLeftStimulus: autoDraw = False
80.7680 	EXP 	firstChoiceRightStimulus: autoDraw = False
80.7680 	EXP 	firstVisualStimulus: autoDraw = False
80.7680 	EXP 	firstChoiceLeftStimulus: autoDraw = False
80.7680 	EXP 	firstChoiceRightStimulus: autoDraw = False
80.7680 	EXP 	ISIVisualStimulus: autoDraw = True
80.7680 	EXP 	rightStimulus: autoDraw = True
80.7680 	EXP 	leftStimulus: autoDraw = True
81.7808 	EXP 	ISIVisualStimulus: autoDraw = False
81.7808 	EXP 	rightStimulus: autoDraw = False
81.7808 	EXP 	leftStimulus: autoDraw = False
81.7808 	EXP 	ISIVisualStimulus: autoDraw = False
81.7808 	EXP 	rightStimulus: autoDraw = False
81.7808 	EXP 	leftStimulus: autoDraw = False
81.8013 	EXP 	secondVisualStimulus: autoDraw = True
81.8013 	EXP 	secondChoiceLeftStimulus: autoDraw = True
81.8013 	EXP 	secondChoiceRightStimulus: autoDraw = True
82.1362 	EXP 	secondVisualStimulus: autoDraw = False
82.1362 	EXP 	secondChoiceLeftStimulus: autoDraw = False
82.1362 	EXP 	secondChoiceRightStimulus: autoDraw = False
82.1362 	EXP 	secondVisualStimulus: autoDraw = False
82.1362 	EXP 	secondChoiceLeftStimulus: autoDraw = False
82.1362 	EXP 	secondChoiceRightStimulus: autoDraw = False
82.1362 	EXP 	decisionTextProbe: autoDraw = True
82.5362 	EXP 	decisionTextProbe: autoDraw = False
82.5362 	EXP 	feedbackText: text = 'Correct'
82.5362 	EXP 	feedbackText: autoDraw = True
83.5373 	EXP 	feedbackText: autoDraw = False
83.5373 	EXP 	feedbackText: autoDraw = False
83.5373 	EXP 	text: autoDraw = True
84.5508 	EXP 	text: autoDraw = False
84.5508 	EXP 	text: autoDraw = False
84.5707 	EXP 	firstVisualStimulus: autoDraw = True
84.5707 	EXP 	firstChoiceLeftStimulus: autoDraw = True
84.5707 	EXP 	firstChoiceRightStimulus: autoDraw = True
84.9058 	EXP 	firstVisualStimulus: autoDraw = False
84.9058 	EXP 	firstChoiceLeftStimulus: autoDraw = False
84.9058 	EXP 	firstChoiceRightStimulus: autoDraw = False
84.9058 	EXP 	firstVisualStimulus: autoDraw = False
84.9058 	EXP 	firstChoiceLeftStimulus: autoDraw = False
84.9058 	EXP 	firstChoiceRightStimulus: autoDraw = False
84.9058 	EXP 	ISIVisualStimulus: autoDraw = True
84.9058 	EXP 	rightStimulus: autoDraw = True
84.9058 	EXP 	leftStimulus: autoDraw = True
85.9189 	EXP 	ISIVisualStimulus: autoDraw = False
85.9189 	EXP 	rightStimulus: autoDraw = False
85.9189 	EXP 	leftStimulus: autoDraw = False
85.9189 	EXP 	ISIVisualStimulus: autoDraw = False
85.9189 	EXP 	rightStimulus: autoDraw = False
85.9189 	EXP 	leftStimulus: autoDraw = False
85.9386 	EXP 	secondVisualStimulus: autoDraw = True
85.9386 	EXP 	secondChoiceLeftStimulus: autoDraw = True
85.9386 	EXP 	secondChoiceRightStimulus: autoDraw = True
86.2736 	EXP 	secondVisualStimulus: autoDraw = False
86.2736 	EXP 	secondChoiceLeftStimulus: autoDraw = False
86.2736 	EXP 	secondChoiceRightStimulus: autoDraw = False
86.2736 	EXP 	secondVisualStimulus: autoDraw = False
86.2736 	EXP 	secondChoiceLeftStimulus: autoDraw = False
86.2736 	EXP 	secondChoiceRightStimulus: autoDraw = False
86.2736 	EXP 	decisionTextProbe: autoDraw = True
86.6741 	EXP 	decisionTextProbe: autoDraw = False
86.6741 	EXP 	feedbackText: text = 'Incorrect'
86.6741 	EXP 	feedbackText: autoDraw = True
87.6752 	EXP 	feedbackText: autoDraw = False
87.6752 	EXP 	feedbackText: autoDraw = False
87.6752 	EXP 	text: autoDraw = True
88.6882 	EXP 	text: autoDraw = False
88.6882 	EXP 	text: autoDraw = False
88.7082 	EXP 	firstVisualStimulus: autoDraw = True
88.7082 	EXP 	firstChoiceLeftStimulus: autoDraw = True
88.7082 	EXP 	firstChoiceRightStimulus: autoDraw = True
89.0430 	EXP 	firstVisualStimulus: autoDraw = False
89.0430 	EXP 	firstChoiceLeftStimulus: autoDraw = False
89.0430 	EXP 	firstChoiceRightStimulus: autoDraw = False
89.0430 	EXP 	firstVisualStimulus: autoDraw = False
89.0430 	EXP 	firstChoiceLeftStimulus: autoDraw = False
89.0430 	EXP 	firstChoiceRightStimulus: autoDraw = False
89.0430 	EXP 	ISIVisualStimulus: autoDraw = True
89.0430 	EXP 	rightStimulus: autoDraw = True
89.0430 	EXP 	leftStimulus: autoDraw = True
90.0564 	EXP 	ISIVisualStimulus: autoDraw = False
90.0564 	EXP 	rightStimulus: autoDraw = False
90.0564 	EXP 	leftStimulus: autoDraw = False
90.0564 	EXP 	ISIVisualStimulus: autoDraw = False
90.0564 	EXP 	rightStimulus: autoDraw = False
90.0564 	EXP 	leftStimulus: autoDraw = False
90.0564 	EXP 	secondVisualStimulus: autoDraw = True
90.0564 	EXP 	secondChoiceLeftStimulus: autoDraw = True
90.0564 	EXP 	secondChoiceRightStimulus: autoDraw = True
90.3782 	EXP 	secondVisualStimulus: autoDraw = False
90.3782 	EXP 	secondChoiceLeftStimulus: autoDraw = False
90.3782 	EXP 	secondChoiceRightStimulus: autoDraw = False
90.3943 	EXP 	secondVisualStimulus: autoDraw = False
90.3943 	EXP 	secondChoiceLeftStimulus: autoDraw = False
90.3943 	EXP 	secondChoiceRightStimulus: autoDraw = False
90.3943 	EXP 	decisionTextProbe: autoDraw = True
90.6445 	EXP 	decisionTextProbe: autoDraw = False
90.6445 	EXP 	feedbackText: text = 'Correct'
90.6445 	EXP 	feedbackText: autoDraw = True
91.6457 	EXP 	feedbackText: autoDraw = False
91.6457 	EXP 	feedbackText: autoDraw = False
91.6457 	EXP 	text: autoDraw = True
92.6595 	EXP 	text: autoDraw = False
92.6595 	EXP 	text: autoDraw = False
92.6788 	EXP 	firstVisualStimulus: autoDraw = True
92.6788 	EXP 	firstChoiceLeftStimulus: autoDraw = True
92.6788 	EXP 	firstChoiceRightStimulus: autoDraw = True
93.0136 	EXP 	firstVisualStimulus: autoDraw = False
93.0136 	EXP 	firstChoiceLeftStimulus: autoDraw = False
93.0136 	EXP 	firstChoiceRightStimulus: autoDraw = False
93.0136 	EXP 	firstVisualStimulus: autoDraw = False
93.0136 	EXP 	firstChoiceLeftStimulus: autoDraw = False
93.0136 	EXP 	firstChoiceRightStimulus: autoDraw = False
93.0136 	EXP 	ISIVisualStimulus: autoDraw = True
93.0136 	EXP 	rightStimulus: autoDraw = True
93.0136 	EXP 	leftStimulus: autoDraw = True
94.0267 	EXP 	ISIVisualStimulus: autoDraw = False
94.0267 	EXP 	rightStimulus: autoDraw = False
94.0267 	EXP 	leftStimulus: autoDraw = False
94.0267 	EXP 	ISIVisualStimulus: autoDraw = False
94.0267 	EXP 	rightStimulus: autoDraw = False
94.0267 	EXP 	leftStimulus: autoDraw = False
94.0468 	EXP 	secondVisualStimulus: autoDraw = True
94.0468 	EXP 	secondChoiceLeftStimulus: autoDraw = True
94.0468 	EXP 	secondChoiceRightStimulus: autoDraw = True
94.3817 	EXP 	secondVisualStimulus: autoDraw = False
94.3817 	EXP 	secondChoiceLeftStimulus: autoDraw = False
94.3817 	EXP 	secondChoiceRightStimulus: autoDraw = False
94.3817 	EXP 	secondVisualStimulus: autoDraw = False
94.3817 	EXP 	secondChoiceLeftStimulus: autoDraw = False
94.3817 	EXP 	secondChoiceRightStimulus: autoDraw = False
94.3817 	EXP 	decisionTextProbe: autoDraw = True
94.6985 	EXP 	decisionTextProbe: autoDraw = False
94.6985 	EXP 	feedbackText: text = 'Incorrect'
94.6985 	EXP 	feedbackText: autoDraw = True
95.6997 	EXP 	feedbackText: autoDraw = False
95.6997 	EXP 	feedbackText: autoDraw = False
95.6997 	EXP 	text: autoDraw = True
96.7139 	EXP 	text: autoDraw = False
96.7139 	EXP 	text: autoDraw = False
96.7328 	EXP 	firstVisualStimulus: autoDraw = True
96.7328 	EXP 	firstChoiceLeftStimulus: autoDraw = True
96.7328 	EXP 	firstChoiceRightStimulus: autoDraw = True
97.0678 	EXP 	firstVisualStimulus: autoDraw = False
97.0678 	EXP 	firstChoiceLeftStimulus: autoDraw = False
97.0678 	EXP 	firstChoiceRightStimulus: autoDraw = False
97.0678 	EXP 	firstVisualStimulus: autoDraw = False
97.0678 	EXP 	firstChoiceLeftStimulus: autoDraw = False
97.0678 	EXP 	firstChoiceRightStimulus: autoDraw = False
97.0678 	EXP 	ISIVisualStimulus: autoDraw = True
97.0678 	EXP 	rightStimulus: autoDraw = True
97.0678 	EXP 	leftStimulus: autoDraw = True
98.0804 	EXP 	ISIVisualStimulus: autoDraw = False
98.0804 	EXP 	rightStimulus: autoDraw = False
98.0804 	EXP 	leftStimulus: autoDraw = False
98.0804 	EXP 	ISIVisualStimulus: autoDraw = False
98.0804 	EXP 	rightStimulus: autoDraw = False
98.0804 	EXP 	leftStimulus: autoDraw = False
98.1010 	EXP 	secondVisualStimulus: autoDraw = True
98.1010 	EXP 	secondChoiceLeftStimulus: autoDraw = True
98.1010 	EXP 	secondChoiceRightStimulus: autoDraw = True
98.4356 	EXP 	secondVisualStimulus: autoDraw = False
98.4356 	EXP 	secondChoiceLeftStimulus: autoDraw = False
98.4356 	EXP 	secondChoiceRightStimulus: autoDraw = False
98.4356 	EXP 	secondVisualStimulus: autoDraw = False
98.4356 	EXP 	secondChoiceLeftStimulus: autoDraw = False
98.4356 	EXP 	secondChoiceRightStimulus: autoDraw = False
98.4356 	EXP 	decisionTextProbe: autoDraw = True
98.6858 	EXP 	decisionTextProbe: autoDraw = False
98.6858 	EXP 	feedbackText: text = 'Incorrect'
98.6858 	EXP 	feedbackText: autoDraw = True
99.6872 	EXP 	feedbackText: autoDraw = False
99.6872 	EXP 	feedbackText: autoDraw = False
99.6872 	EXP 	text: autoDraw = True
100.6999 	EXP 	text: autoDraw = False
100.6999 	EXP 	text: autoDraw = False
100.7202 	EXP 	firstVisualStimulus: autoDraw = True
100.7202 	EXP 	firstChoiceLeftStimulus: autoDraw = True
100.7202 	EXP 	firstChoiceRightStimulus: autoDraw = True
101.0550 	EXP 	firstVisualStimulus: autoDraw = False
101.0550 	EXP 	firstChoiceLeftStimulus: autoDraw = False
101.0550 	EXP 	firstChoiceRightStimulus: autoDraw = False
101.0550 	EXP 	firstVisualStimulus: autoDraw = False
101.0550 	EXP 	firstChoiceLeftStimulus: autoDraw = False
101.0550 	EXP 	firstChoiceRightStimulus: autoDraw = False
101.0550 	EXP 	ISIVisualStimulus: autoDraw = True
101.0550 	EXP 	rightStimulus: autoDraw = True
101.0550 	EXP 	leftStimulus: autoDraw = True
102.0681 	EXP 	ISIVisualStimulus: autoDraw = False
102.0681 	EXP 	rightStimulus: autoDraw = False
102.0681 	EXP 	leftStimulus: autoDraw = False
102.0681 	EXP 	ISIVisualStimulus: autoDraw = False
102.0681 	EXP 	rightStimulus: autoDraw = False
102.0681 	EXP 	leftStimulus: autoDraw = False
102.0882 	EXP 	secondVisualStimulus: autoDraw = True
102.0882 	EXP 	secondChoiceLeftStimulus: autoDraw = True
102.0882 	EXP 	secondChoiceRightStimulus: autoDraw = True
102.4230 	EXP 	secondVisualStimulus: autoDraw = False
102.4230 	EXP 	secondChoiceLeftStimulus: autoDraw = False
102.4230 	EXP 	secondChoiceRightStimulus: autoDraw = False
102.4230 	EXP 	secondVisualStimulus: autoDraw = False
102.4230 	EXP 	secondChoiceLeftStimulus: autoDraw = False
102.4230 	EXP 	secondChoiceRightStimulus: autoDraw = False
102.4230 	EXP 	decisionTextProbe: autoDraw = True
102.7566 	EXP 	decisionTextProbe: autoDraw = False
102.7566 	EXP 	feedbackText: text = 'Correct'
102.7566 	EXP 	feedbackText: autoDraw = True
103.7577 	EXP 	feedbackText: autoDraw = False
103.7577 	EXP 	feedbackText: autoDraw = False
103.7577 	EXP 	text: autoDraw = True
104.7707 	EXP 	text: autoDraw = False
104.7707 	EXP 	text: autoDraw = False
104.7909 	EXP 	firstVisualStimulus: autoDraw = True
104.7909 	EXP 	firstChoiceLeftStimulus: autoDraw = True
104.7909 	EXP 	firstChoiceRightStimulus: autoDraw = True
105.1255 	EXP 	firstVisualStimulus: autoDraw = False
105.1255 	EXP 	firstChoiceLeftStimulus: autoDraw = False
105.1255 	EXP 	firstChoiceRightStimulus: autoDraw = False
105.1255 	EXP 	firstVisualStimulus: autoDraw = False
105.1255 	EXP 	firstChoiceLeftStimulus: autoDraw = False
105.1255 	EXP 	firstChoiceRightStimulus: autoDraw = False
105.1255 	EXP 	ISIVisualStimulus: autoDraw = True
105.1255 	EXP 	rightStimulus: autoDraw = True
105.1255 	EXP 	leftStimulus: autoDraw = True
105.5247 	EXP 	window1: mouseVisible = True
105.5252 	DEBUG 	Saving data for toneDetectionPlatform_V1.7 ExperimentHandler
105.5351 	INFO 	saved data to C:\Users\W2032175\Documents\GitHub\Open-source-Auditory-Tone-Detection-Task\Auditory Tone Detection Task\data/_toneDetectionPlatform_V1.7_2020_Nov_03_1137.psydat
105.5437 	INFO 	saved data to 'C:\\Users\\W2032175\\Documents\\GitHub\\Open-source-Auditory-Tone-Detection-Task\\Auditory Tone Detection Task\\data/_toneDetectionPlatform_V1.7_2020_Nov_03_1137.csv'
