1.3940 	WARNING 	We strongly recommend you activate the PTB sound engine in PsychoPy prefs as the preferred audio engine. Its timing is vastly superior. Your prefs are currently set to use ['sounddevice', 'PTB', 'pyo', 'pygame'] (in that order).
19.6238 	INFO 	Loaded monitor calibration from ['2020_10_15 13:31']
21.0145 	EXP 	Created window1 = Window(allowGUI=False, allowStencil=False, args=UNKNOWN, autoLog=True, bitsMode=UNKNOWN, blendMode='avg', bpc=(8, 8, 8), color=array([1., 1., 1.]), colorSpace='rgb', depthBits=8, fullscr=<method-wrapper '__getattribute__' of attributeSetter object at 0x0000022D6C886630>, gamma=None, gammaErrorPolicy='raise', kwargs=UNKNOWN, lms=UNKNOWN, monitor=<psychopy.monitors.calibTools.Monitor object at 0x0000022D6C6D6E80>, multiSample=False, name='window1', numSamples=2, pos=[0.0, 0.0], screen=0, size=array([1366,  768]), stencilBits=0, stereo=False, units='height', useFBO=True, useRetina=False, viewOri=0.0, viewPos=None, viewScale=None, waitBlanking=True, winType='pyglet')
21.0146 	EXP 	window1: mouseVisible = True
21.0146 	EXP 	window1: recordFrameIntervals = False
21.1809 	EXP 	window1: recordFrameIntervals = True
21.3646 	DEBUG 	Screen (0) actual frame rate measured at 59.82
21.3646 	EXP 	window1: recordFrameIntervals = False
21.5535 	EXP 	Created welcomeText = TextStim(__class__=<class 'psychopy.visual.text.TextStim'>, alignHoriz=method-wrapper(...), alignText='center', alignVert=method-wrapper(...), anchorHoriz='center', anchorVert='center', antialias=True, autoLog=True, bold=False, color='black', colorSpace='named', contrast=1.0, depth=0.0, flipHoriz=False, flipVert=False, font='Arial', fontFiles=[], height=0.07, italic=False, languageStyle='LTR', name='welcomeText', opacity=1.0, ori=0, pos=array([0., 0.]), rgb=array([0., 0., 0.]), text=str(...), units='height', win=Window(...), wrapWidth=1)
21.5860 	EXP 	Created instructionsLightBulb1 = ImageStim(__class__=<class 'psychopy.visual.image.ImageStim'>, autoLog=True, color=array([1., 1., 1.]), colorSpace='rgb', contrast=1.0, depth=0.0, flipHoriz=False, flipVert=False, image='lightBulb_OFF.png', interpolate=True, mask=None, maskParams=None, name='instructionsLightBulb1', opacity=1.0, ori=0.0, pos=array([-0.5,  0. ]), size=array([0.4, 0.4]), texRes=128, units='height', win=Window(...))
21.6140 	EXP 	Created instructionsLightBulb2 = ImageStim(__class__=<class 'psychopy.visual.image.ImageStim'>, autoLog=True, color=array([1., 1., 1.]), colorSpace='rgb', contrast=1.0, depth=-1.0, flipHoriz=False, flipVert=False, image='lightBulb_OFF.png', interpolate=True, mask=None, maskParams=None, name='instructionsLightBulb2', opacity=1.0, ori=0.0, pos=array([0.5, 0. ]), size=array([0.4, 0.4]), texRes=128, units='height', win=Window(...))
21.6332 	EXP 	Created instructionsText = TextStim(__class__=<class 'psychopy.visual.text.TextStim'>, alignHoriz=method-wrapper(...), alignText='center', alignVert=method-wrapper(...), anchorHoriz='center', anchorVert='center', antialias=True, autoLog=True, bold=False, color='black', colorSpace='named', contrast=1.0, depth=-2.0, flipHoriz=False, flipVert=False, font='Arial', fontFiles=[], height=0.05, italic=False, languageStyle='LTR', name='instructionsText', opacity=1.0, ori=0, pos=array([0. , 0.3]), rgb=array([0., 0., 0.]), text=str(...), units='height', win=Window(...), wrapWidth=1)
21.6386 	EXP 	Created pressSpace = TextStim(__class__=<class 'psychopy.visual.text.TextStim'>, alignHoriz=method-wrapper(...), alignText='center', alignVert=method-wrapper(...), anchorHoriz='center', anchorVert='center', antialias=True, autoLog=True, bold=False, color='black', colorSpace='named', contrast=1.0, depth=-3.0, flipHoriz=False, flipVert=False, font='Arial', fontFiles=[], height=0.05, italic=False, languageStyle='LTR', name='pressSpace', opacity=1.0, ori=0, pos=array([ 0. , -0.3]), rgb=array([0., 0., 0.]), text='PRESS SPACE to continue', units='height', win=Window(...), wrapWidth=1)
21.6575 	EXP 	Created instructionsLightBulb1_2 = ImageStim(__class__=<class 'psychopy.visual.image.ImageStim'>, autoLog=True, color=array([1., 1., 1.]), colorSpace='rgb', contrast=1.0, depth=0.0, flipHoriz=False, flipVert=False, image='lightBulb_OFF.png', interpolate=True, mask=None, maskParams=None, name='instructionsLightBulb1_2', opacity=1.0, ori=0.0, pos=array([-0.5,  0. ]), size=array([0.4, 0.4]), texRes=128, units='height', win=Window(...))
21.6742 	EXP 	Created instructionsLightBulb2_2 = ImageStim(__class__=<class 'psychopy.visual.image.ImageStim'>, autoLog=True, color=array([1., 1., 1.]), colorSpace='rgb', contrast=1.0, depth=-1.0, flipHoriz=False, flipVert=False, image='lightBulb_OFF.png', interpolate=True, mask=None, maskParams=None, name='instructionsLightBulb2_2', opacity=1.0, ori=0.0, pos=array([0.5, 0. ]), size=array([0.4, 0.4]), texRes=128, units='height', win=Window(...))
21.6787 	EXP 	Created instructionsText_2 = TextStim(__class__=<class 'psychopy.visual.text.TextStim'>, alignHoriz=method-wrapper(...), alignText='center', alignVert=method-wrapper(...), anchorHoriz='center', anchorVert='center', antialias=True, autoLog=True, bold=False, color='black', colorSpace='named', contrast=1.0, depth=-2.0, flipHoriz=False, flipVert=False, font='Arial', fontFiles=[], height=0.05, italic=False, languageStyle='LTR', name='instructionsText_2', opacity=1.0, ori=0, pos=array([0. , 0.3]), rgb=array([0., 0., 0.]), text='In each trial, the light bulbs will blink', units='height', win=Window(...), wrapWidth=1)
21.6813 	EXP 	Created pressSpace_2 = TextStim(__class__=<class 'psychopy.visual.text.TextStim'>, alignHoriz=method-wrapper(...), alignText='center', alignVert=method-wrapper(...), anchorHoriz='center', anchorVert='center', antialias=True, autoLog=True, bold=False, color='black', colorSpace='named', contrast=1.0, depth=-3.0, flipHoriz=False, flipVert=False, font='Arial', fontFiles=[], height=0.05, italic=False, languageStyle='LTR', name='pressSpace_2', opacity=1.0, ori=0, pos=array([ 0. , -0.3]), rgb=array([0., 0., 0.]), text='PRESS SPACE to continue', units='height', win=Window(...), wrapWidth=1)
21.6982 	EXP 	Created instructionsLightBulb1_3 = ImageStim(__class__=<class 'psychopy.visual.image.ImageStim'>, autoLog=True, color=array([1., 1., 1.]), colorSpace='rgb', contrast=1.0, depth=0.0, flipHoriz=False, flipVert=False, image='lightBulb_OFF.png', interpolate=True, mask=None, maskParams=None, name='instructionsLightBulb1_3', opacity=1.0, ori=0.0, pos=array([-0.5,  0. ]), size=array([0.4, 0.4]), texRes=128, units='height', win=Window(...))
21.7223 	EXP 	Created instructionsLightBulb2_3 = ImageStim(__class__=<class 'psychopy.visual.image.ImageStim'>, autoLog=True, color=array([1., 1., 1.]), colorSpace='rgb', contrast=1.0, depth=-1.0, flipHoriz=False, flipVert=False, image='lightBulb_OFF.png', interpolate=True, mask=None, maskParams=None, name='instructionsLightBulb2_3', opacity=1.0, ori=0.0, pos=array([0.5, 0. ]), size=array([0.4, 0.4]), texRes=128, units='height', win=Window(...))
21.7289 	EXP 	Created text_3 = TextStim(__class__=<class 'psychopy.visual.text.TextStim'>, alignHoriz=method-wrapper(...), alignText='center', alignVert=method-wrapper(...), anchorHoriz='center', anchorVert='center', antialias=True, autoLog=True, bold=False, color='black', colorSpace='named', contrast=1.0, depth=-2.0, flipHoriz=False, flipVert=False, font='Arial', fontFiles=[], height=0.05, italic=False, languageStyle='LTR', name='text_3', opacity=1.0, ori=0, pos=array([0. , 0.3]), rgb=array([0., 0., 0.]), text=str(...), units='height', win=Window(...), wrapWidth=1)
21.7318 	EXP 	Created pressSpace_3 = TextStim(__class__=<class 'psychopy.visual.text.TextStim'>, alignHoriz=method-wrapper(...), alignText='center', alignVert=method-wrapper(...), anchorHoriz='center', anchorVert='center', antialias=True, autoLog=True, bold=False, color='black', colorSpace='named', contrast=1.0, depth=-3.0, flipHoriz=False, flipVert=False, font='Arial', fontFiles=[], height=0.05, italic=False, languageStyle='LTR', name='pressSpace_3', opacity=1.0, ori=0, pos=array([ 0. , -0.3]), rgb=array([0., 0., 0.]), text='Press SPACE to see light bulb 1 blink', units='height', win=Window(...), wrapWidth=1)
21.7527 	EXP 	Created instructionsLightBulb1_4 = ImageStim(__class__=<class 'psychopy.visual.image.ImageStim'>, autoLog=True, color=array([1., 1., 1.]), colorSpace='rgb', contrast=1.0, depth=0.0, flipHoriz=False, flipVert=False, image='lightBulb_ON.png', interpolate=True, mask=None, maskParams=None, name='instructionsLightBulb1_4', opacity=1.0, ori=0.0, pos=array([-0.5,  0. ]), size=array([0.4, 0.4]), texRes=128, units='height', win=Window(...))
21.7754 	EXP 	Created instructionsLightBulb2_4 = ImageStim(__class__=<class 'psychopy.visual.image.ImageStim'>, autoLog=True, color=array([1., 1., 1.]), colorSpace='rgb', contrast=1.0, depth=-1.0, flipHoriz=False, flipVert=False, image='lightBulb_OFF.png', interpolate=True, mask=None, maskParams=None, name='instructionsLightBulb2_4', opacity=1.0, ori=0.0, pos=array([0.5, 0. ]), size=array([0.4, 0.4]), texRes=128, units='height', win=Window(...))
21.8026 	EXP 	Created instructionsLightBulb1_5 = ImageStim(__class__=<class 'psychopy.visual.image.ImageStim'>, autoLog=True, color=array([1., 1., 1.]), colorSpace='rgb', contrast=1.0, depth=0.0, flipHoriz=False, flipVert=False, image='lightBulb_OFF.png', interpolate=True, mask=None, maskParams=None, name='instructionsLightBulb1_5', opacity=1.0, ori=0.0, pos=array([-0.5,  0. ]), size=array([0.4, 0.4]), texRes=128, units='height', win=Window(...))
21.8328 	EXP 	Created instructionsLightBulb2_5 = ImageStim(__class__=<class 'psychopy.visual.image.ImageStim'>, autoLog=True, color=array([1., 1., 1.]), colorSpace='rgb', contrast=1.0, depth=-1.0, flipHoriz=False, flipVert=False, image='lightBulb_OFF.png', interpolate=True, mask=None, maskParams=None, name='instructionsLightBulb2_5', opacity=1.0, ori=0.0, pos=array([0.5, 0. ]), size=array([0.4, 0.4]), texRes=128, units='height', win=Window(...))
21.8622 	EXP 	Created instructionsLightBulb2_6 = ImageStim(__class__=<class 'psychopy.visual.image.ImageStim'>, autoLog=True, color=array([1., 1., 1.]), colorSpace='rgb', contrast=1.0, depth=-2.0, flipHoriz=False, flipVert=False, image='lightBulb_ON.png', interpolate=True, mask=None, maskParams=None, name='instructionsLightBulb2_6', opacity=1.0, ori=0.0, pos=array([0.5, 0. ]), size=array([0.4, 0.4]), texRes=128, units='height', win=Window(...))
21.8688 	EXP 	Created text_4 = TextStim(__class__=<class 'psychopy.visual.text.TextStim'>, alignHoriz=method-wrapper(...), alignText='center', alignVert=method-wrapper(...), anchorHoriz='center', anchorVert='center', antialias=True, autoLog=True, bold=False, color='black', colorSpace='named', contrast=1.0, depth=-3.0, flipHoriz=False, flipVert=False, font='Arial', fontFiles=[], height=0.05, italic=False, languageStyle='LTR', name='text_4', opacity=1.0, ori=0, pos=array([0. , 0.3]), rgb=array([0., 0., 0.]), text=str(...), units='height', win=Window(...), wrapWidth=1)
21.8712 	EXP 	Created pressSpace_4 = TextStim(__class__=<class 'psychopy.visual.text.TextStim'>, alignHoriz=method-wrapper(...), alignText='center', alignVert=method-wrapper(...), anchorHoriz='center', anchorVert='center', antialias=True, autoLog=True, bold=False, color='black', colorSpace='named', contrast=1.0, depth=-4.0, flipHoriz=False, flipVert=False, font='Arial', fontFiles=[], height=0.05, italic=False, languageStyle='LTR', name='pressSpace_4', opacity=1.0, ori=0, pos=array([ 0. , -0.3]), rgb=array([0., 0., 0.]), text='Press SPACE to continue', units='height', win=Window(...), wrapWidth=1)
21.8799 	EXP 	Created text_2 = TextStim(__class__=<class 'psychopy.visual.text.TextStim'>, alignHoriz=method-wrapper(...), alignText='center', alignVert=method-wrapper(...), anchorHoriz='center', anchorVert='center', antialias=True, autoLog=True, bold=False, color='black', colorSpace='named', contrast=1.0, depth=0.0, flipHoriz=False, flipVert=False, font='Arial', fontFiles=[], height=0.07, italic=False, languageStyle='LTR', name='text_2', opacity=1.0, ori=0, pos=array([0., 0.]), rgb=array([0., 0., 0.]), text=str(...), units='height', win=Window(...), wrapWidth=1)
21.8856 	EXP 	Created text_5 = TextStim(__class__=<class 'psychopy.visual.text.TextStim'>, alignHoriz=method-wrapper(...), alignText='center', alignVert=method-wrapper(...), anchorHoriz='center', anchorVert='center', antialias=True, autoLog=True, bold=False, color='black', colorSpace='named', contrast=1.0, depth=-1.0, flipHoriz=False, flipVert=False, font='Arial', fontFiles=[], height=0.07, italic=False, languageStyle='LTR', name='text_5', opacity=1.0, ori=0, pos=array([ 0. , -0.3]), rgb=array([0., 0., 0.]), text='press SPACEBAR to hear this sound', units='height', win=Window(...), wrapWidth=1)
21.9077 	EXP 	Created lightBulbOFF = ImageStim(__class__=<class 'psychopy.visual.image.ImageStim'>, autoLog=True, color=array([1., 1., 1.]), colorSpace='rgb', contrast=1.0, depth=-1.0, flipHoriz=False, flipVert=False, image='lightBulb_OFF.png', interpolate=True, mask=None, maskParams=None, name='lightBulbOFF', opacity=1.0, ori=0.0, pos=array([0., 0.]), size=array([0.5, 0.5]), texRes=128, units='height', win=Window(...))
21.9298 	EXP 	Created lightBulbON = ImageStim(__class__=<class 'psychopy.visual.image.ImageStim'>, autoLog=True, color=array([1., 1., 1.]), colorSpace='rgb', contrast=1.0, depth=-2.0, flipHoriz=False, flipVert=False, image='lightBulb_ON.png', interpolate=True, mask=None, maskParams=None, name='lightBulbON', opacity=1.0, ori=0.0, pos=array([0., 0.]), size=array([0.5, 0.5]), texRes=128, units='height', win=Window(...))
21.9490 	EXP 	Sound sound_1 set volume 1.000
21.9738 	EXP 	Created instructions_8_firstLine = TextStim(__class__=<class 'psychopy.visual.text.TextStim'>, alignHoriz=method-wrapper(...), alignText='center', alignVert=method-wrapper(...), anchorHoriz='center', anchorVert='center', antialias=True, autoLog=True, bold=False, color='black', colorSpace='named', contrast=1.0, depth=0.0, flipHoriz=False, flipVert=False, font='Arial', fontFiles=[], height=0.04, italic=False, languageStyle='LTR', name='instructions_8_firstLine', opacity=1.0, ori=0, pos=array([0. , 0.2]), rgb=array([0., 0., 0.]), text=str(...), units='height', win=Window(...), wrapWidth=1)
21.9813 	EXP 	Created text_8 = TextStim(__class__=<class 'psychopy.visual.text.TextStim'>, alignHoriz=method-wrapper(...), alignText='center', alignVert=method-wrapper(...), anchorHoriz='center', anchorVert='center', antialias=True, autoLog=True, bold=False, color='black', colorSpace='named', contrast=1.0, depth=-1.0, flipHoriz=False, flipVert=False, font='Arial', fontFiles=[], height=0.04, italic=False, languageStyle='LTR', name='text_8', opacity=1.0, ori=0, pos=array([0. , 0.1]), rgb=array([0., 0., 0.]), text=str(...), units='height', win=Window(...), wrapWidth=1)
21.9886 	EXP 	Created text_9 = TextStim(__class__=<class 'psychopy.visual.text.TextStim'>, alignHoriz=method-wrapper(...), alignText='center', alignVert=method-wrapper(...), anchorHoriz='center', anchorVert='center', antialias=True, autoLog=True, bold=False, color='black', colorSpace='named', contrast=1.0, depth=-2.0, flipHoriz=False, flipVert=False, font='Arial', fontFiles=[], height=0.04, italic=False, languageStyle='LTR', name='text_9', opacity=1.0, ori=0, pos=array([ 0.  , -0.02]), rgb=array([0., 0., 0.]), text=str(...), units='height', win=Window(...), wrapWidth=1)
21.9914 	EXP 	Created instructions_8_pressP = TextStim(__class__=<class 'psychopy.visual.text.TextStim'>, alignHoriz=method-wrapper(...), alignText='center', alignVert=method-wrapper(...), anchorHoriz='center', anchorVert='center', antialias=True, autoLog=True, bold=False, color='black', colorSpace='named', contrast=1.0, depth=-3.0, flipHoriz=False, flipVert=False, font='Arial', fontFiles=[], height=0.04, italic=False, languageStyle='LTR', name='instructions_8_pressP', opacity=1.0, ori=0, pos=array([ 0. , -0.3]), rgb=array([0., 0., 0.]), text="press 'p' to begin the practice trials!", units='height', win=Window(...), wrapWidth=1)
21.9989 	EXP 	Created text_6 = TextStim(__class__=<class 'psychopy.visual.text.TextStim'>, alignHoriz=method-wrapper(...), alignText='center', alignVert=method-wrapper(...), anchorHoriz='center', anchorVert='center', antialias=True, autoLog=True, bold=False, color='black', colorSpace='named', contrast=1.0, depth=-1.0, flipHoriz=False, flipVert=False, font='Arial', fontFiles=[], height=0.1, italic=False, languageStyle='LTR', name='text_6', opacity=1.0, ori=0, pos=array([0., 0.]), rgb=array([0., 0., 0.]), text='+', units='height', win=Window(...), wrapWidth=1)
22.0012 	EXP 	Created firstVisualStimulus_2 = TextStim(__class__=<class 'psychopy.visual.text.TextStim'>, alignHoriz=method-wrapper(...), alignText='center', alignVert=method-wrapper(...), anchorHoriz='center', anchorVert='center', antialias=True, autoLog=True, bold=False, color='black', colorSpace='named', contrast=1.0, depth=-1.0, flipHoriz=False, flipVert=False, font='Arial', fontFiles=[], height=0.1, italic=False, languageStyle='LTR', name='firstVisualStimulus_2', opacity=1.0, ori=0, pos=array([0., 0.]), rgb=array([0., 0., 0.]), text='1', units='height', win=Window(...), wrapWidth=1)
22.0013 	EXP 	Sound firstChoiceProbeTone_2 set volume 1.000
22.0248 	EXP 	Created firstChoiceLeftStimulus_2 = ImageStim(__class__=<class 'psychopy.visual.image.ImageStim'>, autoLog=True, color=array([1., 1., 1.]), colorSpace='rgb', contrast=1.0, depth=-3.0, flipHoriz=False, flipVert=False, image='lightBulb_ON.png', interpolate=True, mask=None, maskParams=None, name='firstChoiceLeftStimulus_2', opacity=1.0, ori=0.0, pos=array([-0.5,  0. ]), size=array([0.4, 0.4]), texRes=128, units='height', win=Window(...))
22.0490 	EXP 	Created firstChoiceRightStimulus_2 = ImageStim(__class__=<class 'psychopy.visual.image.ImageStim'>, autoLog=True, color=array([1., 1., 1.]), colorSpace='rgb', contrast=1.0, depth=-4.0, flipHoriz=False, flipVert=False, image='lightBulb_OFF.png', interpolate=True, mask=None, maskParams=None, name='firstChoiceRightStimulus_2', opacity=1.0, ori=0.0, pos=array([0.5, 0. ]), size=array([0.4, 0.4]), texRes=128, units='height', win=Window(...))
22.0529 	EXP 	Created ISIVisualStimulus_3 = TextStim(__class__=<class 'psychopy.visual.text.TextStim'>, alignHoriz=method-wrapper(...), alignText='center', alignVert=method-wrapper(...), anchorHoriz='center', anchorVert='center', antialias=True, autoLog=True, bold=False, color='black', colorSpace='named', contrast=1.0, depth=0.0, flipHoriz=False, flipVert=False, font='Arial', fontFiles=[], height=0.1, italic=False, languageStyle='LTR', name='ISIVisualStimulus_3', opacity=1.0, ori=0, pos=array([0., 0.]), rgb=array([0., 0., 0.]), text='ISI', units='height', win=Window(...), wrapWidth=1)
22.0772 	EXP 	Created rightStimulus_3 = ImageStim(__class__=<class 'psychopy.visual.image.ImageStim'>, autoLog=True, color=array([1., 1., 1.]), colorSpace='rgb', contrast=1.0, depth=-1.0, flipHoriz=False, flipVert=False, image='lightBulb_OFF.png', interpolate=True, mask=None, maskParams=None, name='rightStimulus_3', opacity=1.0, ori=0.0, pos=array([0.5, 0. ]), size=array([0.4, 0.4]), texRes=128, units='height', win=Window(...))
22.1019 	EXP 	Created leftStimulus_3 = ImageStim(__class__=<class 'psychopy.visual.image.ImageStim'>, autoLog=True, color=array([1., 1., 1.]), colorSpace='rgb', contrast=1.0, depth=-2.0, flipHoriz=False, flipVert=False, image='lightBulb_OFF.png', interpolate=True, mask=None, maskParams=None, name='leftStimulus_3', opacity=1.0, ori=0.0, pos=array([-0.5,  0. ]), size=array([0.4, 0.4]), texRes=128, units='height', win=Window(...))
22.1044 	EXP 	Created secondVisualStimulus_2 = TextStim(__class__=<class 'psychopy.visual.text.TextStim'>, alignHoriz=method-wrapper(...), alignText='center', alignVert=method-wrapper(...), anchorHoriz='center', anchorVert='center', antialias=True, autoLog=True, bold=False, color='black', colorSpace='named', contrast=1.0, depth=-1.0, flipHoriz=False, flipVert=False, font='Arial', fontFiles=[], height=0.1, italic=False, languageStyle='LTR', name='secondVisualStimulus_2', opacity=1.0, ori=0, pos=array([0., 0.]), rgb=array([0., 0., 0.]), text='2', units='height', win=Window(...), wrapWidth=1)
22.1045 	EXP 	Sound secondChoiceTone_2 set volume 1.000
22.1281 	EXP 	Created secondChoiceLeftStimulus_2 = ImageStim(__class__=<class 'psychopy.visual.image.ImageStim'>, autoLog=True, color=array([1., 1., 1.]), colorSpace='rgb', contrast=1.0, depth=-3.0, flipHoriz=False, flipVert=False, image='lightBulb_OFF.png', interpolate=True, mask=None, maskParams=None, name='secondChoiceLeftStimulus_2', opacity=1.0, ori=0.0, pos=array([-0.5,  0. ]), size=array([0.4, 0.4]), texRes=128, units='height', win=Window(...))
22.1537 	EXP 	Created secondChoiceRightStimulus_2 = ImageStim(__class__=<class 'psychopy.visual.image.ImageStim'>, autoLog=True, color=array([1., 1., 1.]), colorSpace='rgb', contrast=1.0, depth=-4.0, flipHoriz=False, flipVert=False, image='lightBulb_ON.png', interpolate=True, mask=None, maskParams=None, name='secondChoiceRightStimulus_2', opacity=1.0, ori=0.0, pos=array([0.5, 0. ]), size=array([0.4, 0.4]), texRes=128, units='height', win=Window(...))
22.1710 	EXP 	Created decisionTextProbe_2 = TextStim(__class__=<class 'psychopy.visual.text.TextStim'>, alignHoriz=method-wrapper(...), alignText='center', alignVert=method-wrapper(...), anchorHoriz='center', anchorVert='center', antialias=True, autoLog=True, bold=False, color='black', colorSpace='named', contrast=1.0, depth=-1.0, flipHoriz=False, flipVert=False, font='Arial', fontFiles=[], height=0.1, italic=False, languageStyle='LTR', name='decisionTextProbe_2', opacity=1.0, ori=0, pos=array([0., 0.]), rgb=array([0., 0., 0.]), text=str(...), units='height', win=Window(...), wrapWidth=1)
22.1759 	EXP 	Created feedbackText_2 = TextStim(__class__=<class 'psychopy.visual.text.TextStim'>, alignHoriz=method-wrapper(...), alignText='center', alignVert=method-wrapper(...), anchorHoriz='center', anchorVert='center', antialias=True, autoLog=True, bold=False, color='black', colorSpace='named', contrast=1.0, depth=-1.0, flipHoriz=False, flipVert=False, font='Arial', fontFiles=[], height=0.1, italic=False, languageStyle='LTR', name='feedbackText_2', opacity=1.0, ori=0, pos=array([0., 0.]), rgb=array([0., 0., 0.]), text='default text', units='height', win=Window(...), wrapWidth=1)
22.1913 	EXP 	Created text_7 = TextStim(__class__=<class 'psychopy.visual.text.TextStim'>, alignHoriz=method-wrapper(...), alignText='center', alignVert=method-wrapper(...), anchorHoriz='center', anchorVert='center', antialias=True, autoLog=True, bold=False, color='black', colorSpace='named', contrast=1.0, depth=0.0, flipHoriz=False, flipVert=False, font='Arial', fontFiles=[], height=0.05, italic=False, languageStyle='LTR', name='text_7', opacity=1.0, ori=0, pos=array([0., 0.]), rgb=array([0., 0., 0.]), text=str(...), units='height', win=Window(...), wrapWidth=1)
22.2105 	EXP 	Created text_10 = TextStim(__class__=<class 'psychopy.visual.text.TextStim'>, alignHoriz=method-wrapper(...), alignText='center', alignVert=method-wrapper(...), anchorHoriz='center', anchorVert='center', antialias=True, autoLog=True, bold=False, color='black', colorSpace='named', contrast=1.0, depth=0.0, flipHoriz=False, flipVert=False, font='Arial', fontFiles=[], height=0.05, italic=False, languageStyle='LTR', name='text_10', opacity=1.0, ori=0, pos=array([0., 0.]), rgb=array([0., 0., 0.]), text=str(...), units='height', win=Window(...), wrapWidth=1)
22.2121 	EXP 	Created firstITI = TextStim(__class__=<class 'psychopy.visual.text.TextStim'>, alignHoriz=method-wrapper(...), alignText='center', alignVert=method-wrapper(...), anchorHoriz='center', anchorVert='center', antialias=True, autoLog=True, bold=False, color='black', colorSpace='named', contrast=1.0, depth=-1.0, flipHoriz=False, flipVert=False, font='Arial', fontFiles=[], height=0.1, italic=False, languageStyle='LTR', name='firstITI', opacity=1.0, ori=0, pos=array([0., 0.]), rgb=array([0., 0., 0.]), text='+', units='height', win=Window(...), wrapWidth=1)
22.2135 	EXP 	Created text = TextStim(__class__=<class 'psychopy.visual.text.TextStim'>, alignHoriz=method-wrapper(...), alignText='center', alignVert=method-wrapper(...), anchorHoriz='center', anchorVert='center', antialias=True, autoLog=True, bold=False, color='black', colorSpace='named', contrast=1.0, depth=0.0, flipHoriz=False, flipVert=False, font='Arial', fontFiles=[], height=0.1, italic=False, languageStyle='LTR', name='text', opacity=1.0, ori=0, pos=array([0., 0.]), rgb=array([0., 0., 0.]), text='+', units='height', win=Window(...), wrapWidth=1)
22.2150 	EXP 	Created firstVisualStimulus = TextStim(__class__=<class 'psychopy.visual.text.TextStim'>, alignHoriz=method-wrapper(...), alignText='center', alignVert=method-wrapper(...), anchorHoriz='center', anchorVert='center', antialias=True, autoLog=True, bold=False, color='black', colorSpace='named', contrast=1.0, depth=-1.0, flipHoriz=False, flipVert=False, font='Arial', fontFiles=[], height=0.1, italic=False, languageStyle='LTR', name='firstVisualStimulus', opacity=1.0, ori=0, pos=array([0., 0.]), rgb=array([0., 0., 0.]), text='1', units='height', win=Window(...), wrapWidth=1)
22.2380 	EXP 	Sound firstChoiceNoise set volume 1.000
22.2381 	EXP 	Sound firstChoiceProbeTone set volume 1.000
22.2639 	EXP 	Created firstChoiceLeftStimulus = ImageStim(__class__=<class 'psychopy.visual.image.ImageStim'>, autoLog=True, color=array([1., 1., 1.]), colorSpace='rgb', contrast=1.0, depth=-4.0, flipHoriz=False, flipVert=False, image='lightBulb_ON.png', interpolate=True, mask=None, maskParams=None, name='firstChoiceLeftStimulus', opacity=1.0, ori=0.0, pos=array([-0.5,  0. ]), size=array([0.4, 0.4]), texRes=128, units='height', win=Window(...))
22.2914 	EXP 	Created firstChoiceRightStimulus = ImageStim(__class__=<class 'psychopy.visual.image.ImageStim'>, autoLog=True, color=array([1., 1., 1.]), colorSpace='rgb', contrast=1.0, depth=-5.0, flipHoriz=False, flipVert=False, image='lightBulb_OFF.png', interpolate=True, mask=None, maskParams=None, name='firstChoiceRightStimulus', opacity=1.0, ori=0.0, pos=array([0.5, 0. ]), size=array([0.4, 0.4]), texRes=128, units='height', win=Window(...))
22.2939 	EXP 	Created ISIVisualStimulus = TextStim(__class__=<class 'psychopy.visual.text.TextStim'>, alignHoriz=method-wrapper(...), alignText='center', alignVert=method-wrapper(...), anchorHoriz='center', anchorVert='center', antialias=True, autoLog=True, bold=False, color='black', colorSpace='named', contrast=1.0, depth=0.0, flipHoriz=False, flipVert=False, font='Arial', fontFiles=[], height=0.1, italic=False, languageStyle='LTR', name='ISIVisualStimulus', opacity=1.0, ori=0, pos=array([0., 0.]), rgb=array([0., 0., 0.]), text='ISI', units='height', win=Window(...), wrapWidth=1)
22.3194 	EXP 	Created rightStimulus = ImageStim(__class__=<class 'psychopy.visual.image.ImageStim'>, autoLog=True, color=array([1., 1., 1.]), colorSpace='rgb', contrast=1.0, depth=-1.0, flipHoriz=False, flipVert=False, image='lightBulb_OFF.png', interpolate=True, mask=None, maskParams=None, name='rightStimulus', opacity=1.0, ori=0.0, pos=array([0.5, 0. ]), size=array([0.4, 0.4]), texRes=128, units='height', win=Window(...))
22.3430 	EXP 	Created leftStimulus = ImageStim(__class__=<class 'psychopy.visual.image.ImageStim'>, autoLog=True, color=array([1., 1., 1.]), colorSpace='rgb', contrast=1.0, depth=-2.0, flipHoriz=False, flipVert=False, image='lightBulb_OFF.png', interpolate=True, mask=None, maskParams=None, name='leftStimulus', opacity=1.0, ori=0.0, pos=array([-0.5,  0. ]), size=array([0.4, 0.4]), texRes=128, units='height', win=Window(...))
22.3452 	EXP 	Created secondVisualStimulus = TextStim(__class__=<class 'psychopy.visual.text.TextStim'>, alignHoriz=method-wrapper(...), alignText='center', alignVert=method-wrapper(...), anchorHoriz='center', anchorVert='center', antialias=True, autoLog=True, bold=False, color='black', colorSpace='named', contrast=1.0, depth=-1.0, flipHoriz=False, flipVert=False, font='Arial', fontFiles=[], height=0.1, italic=False, languageStyle='LTR', name='secondVisualStimulus', opacity=1.0, ori=0, pos=array([0., 0.]), rgb=array([0., 0., 0.]), text='2', units='height', win=Window(...), wrapWidth=1)
22.3677 	EXP 	Sound secondChoiceNoise set volume 1.000
22.3678 	EXP 	Sound secondChoiceTone set volume 1.000
22.3934 	EXP 	Created secondChoiceLeftStimulus = ImageStim(__class__=<class 'psychopy.visual.image.ImageStim'>, autoLog=True, color=array([1., 1., 1.]), colorSpace='rgb', contrast=1.0, depth=-4.0, flipHoriz=False, flipVert=False, image='lightBulb_OFF.png', interpolate=True, mask=None, maskParams=None, name='secondChoiceLeftStimulus', opacity=1.0, ori=0.0, pos=array([-0.5,  0. ]), size=array([0.4, 0.4]), texRes=128, units='height', win=Window(...))
22.4197 	EXP 	Created secondChoiceRightStimulus = ImageStim(__class__=<class 'psychopy.visual.image.ImageStim'>, autoLog=True, color=array([1., 1., 1.]), colorSpace='rgb', contrast=1.0, depth=-5.0, flipHoriz=False, flipVert=False, image='lightBulb_ON.png', interpolate=True, mask=None, maskParams=None, name='secondChoiceRightStimulus', opacity=1.0, ori=0.0, pos=array([0.5, 0. ]), size=array([0.4, 0.4]), texRes=128, units='height', win=Window(...))
22.4252 	EXP 	Created decisionTextProbe = TextStim(__class__=<class 'psychopy.visual.text.TextStim'>, alignHoriz=method-wrapper(...), alignText='center', alignVert=method-wrapper(...), anchorHoriz='center', anchorVert='center', antialias=True, autoLog=True, bold=False, color='black', colorSpace='named', contrast=1.0, depth=-1.0, flipHoriz=False, flipVert=False, font='Arial', fontFiles=[], height=0.1, italic=False, languageStyle='LTR', name='decisionTextProbe', opacity=1.0, ori=0, pos=array([0., 0.]), rgb=array([0., 0., 0.]), text=str(...), units='height', win=Window(...), wrapWidth=1)
22.4282 	EXP 	Created feedbackText = TextStim(__class__=<class 'psychopy.visual.text.TextStim'>, alignHoriz=method-wrapper(...), alignText='center', alignVert=method-wrapper(...), anchorHoriz='center', anchorVert='center', antialias=True, autoLog=True, bold=False, color='black', colorSpace='named', contrast=1.0, depth=-1.0, flipHoriz=False, flipVert=False, font='Arial', fontFiles=[], height=0.1, italic=False, languageStyle='LTR', name='feedbackText', opacity=1.0, ori=0, pos=array([0., 0.]), rgb=array([0., 0., 0.]), text='default text', units='height', win=Window(...), wrapWidth=1)
22.4587 	EXP 	welcomeText: autoDraw = True
22.8855 	EXP 	Created sequence: sequential, trialTypes=1, nReps=0, seed=None
22.8857 	EXP 	Created sequence: random, trialTypes=1, nReps=0, seed=None
22.8881 	DATA 	Keypress: space
22.8993 	EXP 	welcomeText: autoDraw = False
22.8993 	EXP 	text_10: autoDraw = True
23.9371 	DATA 	Keypress: b
23.9670 	EXP 	text_10: autoDraw = False
23.9670 	EXP 	firstITI: autoDraw = True
28.9932 	DEBUG 	Read Excel file with pandas: questConditionsFile.xlsx
28.9946 	DEBUG 	Clearing unnamed columns from questConditionsFile.xlsx
28.9952 	EXP 	Imported questConditionsFile.xlsx as conditions, 1 conditions, 11 params
29.3112 	DEBUG 	Using C:\Program Files\PsychoPy3\lib\site-packages\psychopy\data\staircase.py as origin file
29.3171 	DEBUG 	Using C:\Program Files\PsychoPy3\lib\site-packages\psychopy\data\staircase.py as origin file
29.3231 	EXP 	firstITI: autoDraw = False
29.3231 	EXP 	text: autoDraw = True
30.0408 	EXP 	text: autoDraw = False
30.0408 	EXP 	firstVisualStimulus: autoDraw = True
30.0408 	EXP 	firstChoiceLeftStimulus: autoDraw = True
30.0408 	EXP 	firstChoiceRightStimulus: autoDraw = True
30.3934 	EXP 	firstVisualStimulus: autoDraw = False
30.3934 	EXP 	firstChoiceLeftStimulus: autoDraw = False
30.3934 	EXP 	firstChoiceRightStimulus: autoDraw = False
30.3934 	EXP 	firstVisualStimulus: autoDraw = False
30.3934 	EXP 	firstChoiceLeftStimulus: autoDraw = False
30.3934 	EXP 	firstChoiceRightStimulus: autoDraw = False
30.3934 	EXP 	ISIVisualStimulus: autoDraw = True
30.3934 	EXP 	rightStimulus: autoDraw = True
30.3934 	EXP 	leftStimulus: autoDraw = True
31.4037 	EXP 	ISIVisualStimulus: autoDraw = False
31.4037 	EXP 	rightStimulus: autoDraw = False
31.4037 	EXP 	leftStimulus: autoDraw = False
31.4339 	EXP 	secondVisualStimulus: autoDraw = True
31.4339 	EXP 	secondChoiceLeftStimulus: autoDraw = True
31.4339 	EXP 	secondChoiceRightStimulus: autoDraw = True
31.7580 	EXP 	secondVisualStimulus: autoDraw = False
31.7580 	EXP 	secondChoiceLeftStimulus: autoDraw = False
31.7580 	EXP 	secondChoiceRightStimulus: autoDraw = False
31.7580 	EXP 	secondVisualStimulus: autoDraw = False
31.7580 	EXP 	secondChoiceLeftStimulus: autoDraw = False
31.7580 	EXP 	secondChoiceRightStimulus: autoDraw = False
31.7580 	EXP 	decisionTextProbe: autoDraw = True
32.3194 	DATA 	Keypress: 2
32.3251 	EXP 	decisionTextProbe: autoDraw = False
32.3251 	EXP 	feedbackText: text = 'Correct'
32.3251 	EXP 	feedbackText: autoDraw = True
33.3263 	EXP 	feedbackText: autoDraw = False
33.3263 	EXP 	feedbackText: autoDraw = False
33.3263 	EXP 	text: autoDraw = True
34.3406 	EXP 	text: autoDraw = False
34.3406 	EXP 	text: autoDraw = False
34.3594 	EXP 	firstVisualStimulus: autoDraw = True
34.3594 	EXP 	firstChoiceLeftStimulus: autoDraw = True
34.3594 	EXP 	firstChoiceRightStimulus: autoDraw = True
34.6943 	EXP 	firstVisualStimulus: autoDraw = False
34.6943 	EXP 	firstChoiceLeftStimulus: autoDraw = False
34.6943 	EXP 	firstChoiceRightStimulus: autoDraw = False
34.6943 	EXP 	firstVisualStimulus: autoDraw = False
34.6943 	EXP 	firstChoiceLeftStimulus: autoDraw = False
34.6943 	EXP 	firstChoiceRightStimulus: autoDraw = False
34.6943 	EXP 	ISIVisualStimulus: autoDraw = True
34.6943 	EXP 	rightStimulus: autoDraw = True
34.6943 	EXP 	leftStimulus: autoDraw = True
35.7094 	EXP 	ISIVisualStimulus: autoDraw = False
35.7094 	EXP 	rightStimulus: autoDraw = False
35.7094 	EXP 	leftStimulus: autoDraw = False
35.7094 	EXP 	ISIVisualStimulus: autoDraw = False
35.7094 	EXP 	rightStimulus: autoDraw = False
35.7094 	EXP 	leftStimulus: autoDraw = False
35.7286 	EXP 	secondVisualStimulus: autoDraw = True
35.7286 	EXP 	secondChoiceLeftStimulus: autoDraw = True
35.7286 	EXP 	secondChoiceRightStimulus: autoDraw = True
36.0625 	EXP 	secondVisualStimulus: autoDraw = False
36.0625 	EXP 	secondChoiceLeftStimulus: autoDraw = False
36.0625 	EXP 	secondChoiceRightStimulus: autoDraw = False
36.0625 	EXP 	secondVisualStimulus: autoDraw = False
36.0625 	EXP 	secondChoiceLeftStimulus: autoDraw = False
36.0625 	EXP 	secondChoiceRightStimulus: autoDraw = False
36.0625 	EXP 	decisionTextProbe: autoDraw = True
37.4053 	DATA 	Keypress: 1
37.4137 	EXP 	decisionTextProbe: autoDraw = False
37.4137 	EXP 	feedbackText: text = 'Incorrect'
37.4137 	EXP 	feedbackText: autoDraw = True
38.4147 	EXP 	feedbackText: autoDraw = False
38.4147 	EXP 	feedbackText: autoDraw = False
38.4147 	EXP 	text: autoDraw = True
39.4278 	EXP 	text: autoDraw = False
39.4278 	EXP 	text: autoDraw = False
39.4477 	EXP 	firstVisualStimulus: autoDraw = True
39.4477 	EXP 	firstChoiceLeftStimulus: autoDraw = True
39.4477 	EXP 	firstChoiceRightStimulus: autoDraw = True
39.7827 	EXP 	firstVisualStimulus: autoDraw = False
39.7827 	EXP 	firstChoiceLeftStimulus: autoDraw = False
39.7827 	EXP 	firstChoiceRightStimulus: autoDraw = False
39.7827 	EXP 	firstVisualStimulus: autoDraw = False
39.7827 	EXP 	firstChoiceLeftStimulus: autoDraw = False
39.7827 	EXP 	firstChoiceRightStimulus: autoDraw = False
39.7827 	EXP 	ISIVisualStimulus: autoDraw = True
39.7827 	EXP 	rightStimulus: autoDraw = True
39.7827 	EXP 	leftStimulus: autoDraw = True
40.7953 	EXP 	ISIVisualStimulus: autoDraw = False
40.7953 	EXP 	rightStimulus: autoDraw = False
40.7953 	EXP 	leftStimulus: autoDraw = False
40.7953 	EXP 	ISIVisualStimulus: autoDraw = False
40.7953 	EXP 	rightStimulus: autoDraw = False
40.7953 	EXP 	leftStimulus: autoDraw = False
40.8157 	EXP 	secondVisualStimulus: autoDraw = True
40.8157 	EXP 	secondChoiceLeftStimulus: autoDraw = True
40.8157 	EXP 	secondChoiceRightStimulus: autoDraw = True
41.1508 	EXP 	secondVisualStimulus: autoDraw = False
41.1508 	EXP 	secondChoiceLeftStimulus: autoDraw = False
41.1508 	EXP 	secondChoiceRightStimulus: autoDraw = False
41.1508 	EXP 	secondVisualStimulus: autoDraw = False
41.1508 	EXP 	secondChoiceLeftStimulus: autoDraw = False
41.1508 	EXP 	secondChoiceRightStimulus: autoDraw = False
41.1508 	EXP 	decisionTextProbe: autoDraw = True
41.3440 	DATA 	Keypress: 2
41.3508 	EXP 	decisionTextProbe: autoDraw = False
41.3508 	EXP 	feedbackText: text = 'Correct'
41.3508 	EXP 	feedbackText: autoDraw = True
42.3518 	EXP 	feedbackText: autoDraw = False
42.3518 	EXP 	feedbackText: autoDraw = False
42.3518 	EXP 	text: autoDraw = True
43.3672 	DATA 	Mouse: Left button down, pos=(964,528)
43.3702 	EXP 	text: autoDraw = False
43.3702 	EXP 	text: autoDraw = False
43.3870 	EXP 	firstVisualStimulus: autoDraw = True
43.3870 	EXP 	firstChoiceLeftStimulus: autoDraw = True
43.3870 	EXP 	firstChoiceRightStimulus: autoDraw = True
43.5546 	DATA 	Mouse:  Left button up, pos=(964,528)
43.7198 	EXP 	firstVisualStimulus: autoDraw = False
43.7198 	EXP 	firstChoiceLeftStimulus: autoDraw = False
43.7198 	EXP 	firstChoiceRightStimulus: autoDraw = False
43.7198 	EXP 	firstVisualStimulus: autoDraw = False
43.7198 	EXP 	firstChoiceLeftStimulus: autoDraw = False
43.7198 	EXP 	firstChoiceRightStimulus: autoDraw = False
43.7198 	EXP 	ISIVisualStimulus: autoDraw = True
43.7198 	EXP 	rightStimulus: autoDraw = True
43.7198 	EXP 	leftStimulus: autoDraw = True
44.7330 	EXP 	ISIVisualStimulus: autoDraw = False
44.7330 	EXP 	rightStimulus: autoDraw = False
44.7330 	EXP 	leftStimulus: autoDraw = False
44.7330 	EXP 	ISIVisualStimulus: autoDraw = False
44.7330 	EXP 	rightStimulus: autoDraw = False
44.7330 	EXP 	leftStimulus: autoDraw = False
44.7533 	EXP 	secondVisualStimulus: autoDraw = True
44.7533 	EXP 	secondChoiceLeftStimulus: autoDraw = True
44.7533 	EXP 	secondChoiceRightStimulus: autoDraw = True
45.0878 	EXP 	secondVisualStimulus: autoDraw = False
45.0878 	EXP 	secondChoiceLeftStimulus: autoDraw = False
45.0878 	EXP 	secondChoiceRightStimulus: autoDraw = False
45.0878 	EXP 	secondVisualStimulus: autoDraw = False
45.0878 	EXP 	secondChoiceLeftStimulus: autoDraw = False
45.0878 	EXP 	secondChoiceRightStimulus: autoDraw = False
45.0878 	EXP 	decisionTextProbe: autoDraw = True
45.2276 	DATA 	Keypress: 2
45.2383 	EXP 	decisionTextProbe: autoDraw = False
45.2383 	EXP 	feedbackText: text = 'Correct'
45.2383 	EXP 	feedbackText: autoDraw = True
46.2390 	EXP 	feedbackText: autoDraw = False
46.2390 	EXP 	feedbackText: autoDraw = False
46.2390 	EXP 	text: autoDraw = True
47.2523 	EXP 	text: autoDraw = False
47.2523 	EXP 	text: autoDraw = False
47.2724 	EXP 	firstVisualStimulus: autoDraw = True
47.2724 	EXP 	firstChoiceLeftStimulus: autoDraw = True
47.2724 	EXP 	firstChoiceRightStimulus: autoDraw = True
47.4117 	DATA 	Mouse: Left button down, pos=(872,587)
47.6071 	EXP 	firstVisualStimulus: autoDraw = False
47.6071 	EXP 	firstChoiceLeftStimulus: autoDraw = False
47.6071 	EXP 	firstChoiceRightStimulus: autoDraw = False
47.6071 	EXP 	firstVisualStimulus: autoDraw = False
47.6071 	EXP 	firstChoiceLeftStimulus: autoDraw = False
47.6071 	EXP 	firstChoiceRightStimulus: autoDraw = False
47.6071 	EXP 	ISIVisualStimulus: autoDraw = True
47.6071 	EXP 	rightStimulus: autoDraw = True
47.6071 	EXP 	leftStimulus: autoDraw = True
47.6255 	DATA 	Mouse:  Left button up, pos=(872,587)
48.6205 	EXP 	ISIVisualStimulus: autoDraw = False
48.6205 	EXP 	rightStimulus: autoDraw = False
48.6205 	EXP 	leftStimulus: autoDraw = False
48.6205 	EXP 	ISIVisualStimulus: autoDraw = False
48.6205 	EXP 	rightStimulus: autoDraw = False
48.6205 	EXP 	leftStimulus: autoDraw = False
48.6404 	EXP 	secondVisualStimulus: autoDraw = True
48.6404 	EXP 	secondChoiceLeftStimulus: autoDraw = True
48.6404 	EXP 	secondChoiceRightStimulus: autoDraw = True
48.9753 	EXP 	secondVisualStimulus: autoDraw = False
48.9753 	EXP 	secondChoiceLeftStimulus: autoDraw = False
48.9753 	EXP 	secondChoiceRightStimulus: autoDraw = False
48.9753 	EXP 	secondVisualStimulus: autoDraw = False
48.9753 	EXP 	secondChoiceLeftStimulus: autoDraw = False
48.9753 	EXP 	secondChoiceRightStimulus: autoDraw = False
48.9753 	EXP 	decisionTextProbe: autoDraw = True
49.0975 	DATA 	Keypress: 1
49.1085 	EXP 	decisionTextProbe: autoDraw = False
49.1085 	EXP 	feedbackText: text = 'Correct'
49.1085 	EXP 	feedbackText: autoDraw = True
50.1098 	EXP 	feedbackText: autoDraw = False
50.1098 	EXP 	feedbackText: autoDraw = False
50.1098 	EXP 	text: autoDraw = True
51.1229 	EXP 	text: autoDraw = False
51.1229 	EXP 	text: autoDraw = False
51.1426 	EXP 	firstVisualStimulus: autoDraw = True
51.1426 	EXP 	firstChoiceLeftStimulus: autoDraw = True
51.1426 	EXP 	firstChoiceRightStimulus: autoDraw = True
51.1841 	DATA 	Mouse: Left button down, pos=(866,550)
51.3805 	DATA 	Mouse:  Left button up, pos=(866,550)
51.4776 	EXP 	firstVisualStimulus: autoDraw = False
51.4776 	EXP 	firstChoiceLeftStimulus: autoDraw = False
51.4776 	EXP 	firstChoiceRightStimulus: autoDraw = False
51.4776 	EXP 	firstVisualStimulus: autoDraw = False
51.4776 	EXP 	firstChoiceLeftStimulus: autoDraw = False
51.4776 	EXP 	firstChoiceRightStimulus: autoDraw = False
51.4776 	EXP 	ISIVisualStimulus: autoDraw = True
51.4776 	EXP 	rightStimulus: autoDraw = True
51.4776 	EXP 	leftStimulus: autoDraw = True
52.4901 	EXP 	ISIVisualStimulus: autoDraw = False
52.4901 	EXP 	rightStimulus: autoDraw = False
52.4901 	EXP 	leftStimulus: autoDraw = False
52.4901 	EXP 	ISIVisualStimulus: autoDraw = False
52.4901 	EXP 	rightStimulus: autoDraw = False
52.4901 	EXP 	leftStimulus: autoDraw = False
52.4964 	EXP 	secondVisualStimulus: autoDraw = True
52.4964 	EXP 	secondChoiceLeftStimulus: autoDraw = True
52.4964 	EXP 	secondChoiceRightStimulus: autoDraw = True
52.8290 	EXP 	secondVisualStimulus: autoDraw = False
52.8290 	EXP 	secondChoiceLeftStimulus: autoDraw = False
52.8290 	EXP 	secondChoiceRightStimulus: autoDraw = False
52.8290 	EXP 	secondVisualStimulus: autoDraw = False
52.8290 	EXP 	secondChoiceLeftStimulus: autoDraw = False
52.8290 	EXP 	secondChoiceRightStimulus: autoDraw = False
52.8290 	EXP 	decisionTextProbe: autoDraw = True
52.9331 	DATA 	Keypress: 1
52.9623 	EXP 	decisionTextProbe: autoDraw = False
52.9623 	EXP 	feedbackText: text = 'Correct'
52.9623 	EXP 	feedbackText: autoDraw = True
53.9633 	EXP 	feedbackText: autoDraw = False
53.9633 	EXP 	feedbackText: autoDraw = False
53.9633 	EXP 	text: autoDraw = True
54.9767 	EXP 	text: autoDraw = False
54.9767 	EXP 	text: autoDraw = False
54.9964 	EXP 	firstVisualStimulus: autoDraw = True
54.9964 	EXP 	firstChoiceLeftStimulus: autoDraw = True
54.9964 	EXP 	firstChoiceRightStimulus: autoDraw = True
55.3315 	EXP 	firstVisualStimulus: autoDraw = False
55.3315 	EXP 	firstChoiceLeftStimulus: autoDraw = False
55.3315 	EXP 	firstChoiceRightStimulus: autoDraw = False
55.3315 	EXP 	firstVisualStimulus: autoDraw = False
55.3315 	EXP 	firstChoiceLeftStimulus: autoDraw = False
55.3315 	EXP 	firstChoiceRightStimulus: autoDraw = False
55.3315 	EXP 	ISIVisualStimulus: autoDraw = True
55.3315 	EXP 	rightStimulus: autoDraw = True
55.3315 	EXP 	leftStimulus: autoDraw = True
56.3456 	EXP 	ISIVisualStimulus: autoDraw = False
56.3456 	EXP 	rightStimulus: autoDraw = False
56.3456 	EXP 	leftStimulus: autoDraw = False
56.3456 	EXP 	ISIVisualStimulus: autoDraw = False
56.3456 	EXP 	rightStimulus: autoDraw = False
56.3456 	EXP 	leftStimulus: autoDraw = False
56.3647 	EXP 	secondVisualStimulus: autoDraw = True
56.3647 	EXP 	secondChoiceLeftStimulus: autoDraw = True
56.3647 	EXP 	secondChoiceRightStimulus: autoDraw = True
56.6993 	EXP 	secondVisualStimulus: autoDraw = False
56.6993 	EXP 	secondChoiceLeftStimulus: autoDraw = False
56.6993 	EXP 	secondChoiceRightStimulus: autoDraw = False
56.6993 	EXP 	secondVisualStimulus: autoDraw = False
56.6993 	EXP 	secondChoiceLeftStimulus: autoDraw = False
56.6993 	EXP 	secondChoiceRightStimulus: autoDraw = False
56.6993 	EXP 	decisionTextProbe: autoDraw = True
56.8061 	DATA 	Keypress: 1
56.8164 	EXP 	decisionTextProbe: autoDraw = False
56.8164 	EXP 	feedbackText: text = 'Correct'
56.8164 	EXP 	feedbackText: autoDraw = True
57.8171 	EXP 	feedbackText: autoDraw = False
57.8171 	EXP 	feedbackText: autoDraw = False
57.8171 	EXP 	text: autoDraw = True
58.6560 	DATA 	Mouse: Left button down, pos=(904,474)
58.8307 	EXP 	text: autoDraw = False
58.8307 	EXP 	text: autoDraw = False
58.8506 	EXP 	firstVisualStimulus: autoDraw = True
58.8506 	EXP 	firstChoiceLeftStimulus: autoDraw = True
58.8506 	EXP 	firstChoiceRightStimulus: autoDraw = True
58.8707 	DATA 	Mouse:  Left button up, pos=(904,474)
59.1853 	EXP 	firstVisualStimulus: autoDraw = False
59.1853 	EXP 	firstChoiceLeftStimulus: autoDraw = False
59.1853 	EXP 	firstChoiceRightStimulus: autoDraw = False
59.1853 	EXP 	firstVisualStimulus: autoDraw = False
59.1853 	EXP 	firstChoiceLeftStimulus: autoDraw = False
59.1853 	EXP 	firstChoiceRightStimulus: autoDraw = False
59.1853 	EXP 	ISIVisualStimulus: autoDraw = True
59.1853 	EXP 	rightStimulus: autoDraw = True
59.1853 	EXP 	leftStimulus: autoDraw = True
60.1981 	EXP 	ISIVisualStimulus: autoDraw = False
60.1981 	EXP 	rightStimulus: autoDraw = False
60.1981 	EXP 	leftStimulus: autoDraw = False
60.1981 	EXP 	ISIVisualStimulus: autoDraw = False
60.1981 	EXP 	rightStimulus: autoDraw = False
60.1981 	EXP 	leftStimulus: autoDraw = False
60.2184 	EXP 	secondVisualStimulus: autoDraw = True
60.2184 	EXP 	secondChoiceLeftStimulus: autoDraw = True
60.2184 	EXP 	secondChoiceRightStimulus: autoDraw = True
60.5536 	EXP 	secondVisualStimulus: autoDraw = False
60.5536 	EXP 	secondChoiceLeftStimulus: autoDraw = False
60.5536 	EXP 	secondChoiceRightStimulus: autoDraw = False
60.5536 	EXP 	secondVisualStimulus: autoDraw = False
60.5536 	EXP 	secondChoiceLeftStimulus: autoDraw = False
60.5536 	EXP 	secondChoiceRightStimulus: autoDraw = False
60.5536 	EXP 	decisionTextProbe: autoDraw = True
60.6262 	DATA 	Keypress: 1
60.6368 	EXP 	decisionTextProbe: autoDraw = False
60.6368 	EXP 	feedbackText: text = 'Correct'
60.6368 	EXP 	feedbackText: autoDraw = True
61.6376 	EXP 	feedbackText: autoDraw = False
61.6376 	EXP 	feedbackText: autoDraw = False
61.6376 	EXP 	text: autoDraw = True
62.6522 	EXP 	text: autoDraw = False
62.6522 	EXP 	text: autoDraw = False
62.6714 	EXP 	firstVisualStimulus: autoDraw = True
62.6714 	EXP 	firstChoiceLeftStimulus: autoDraw = True
62.6714 	EXP 	firstChoiceRightStimulus: autoDraw = True
62.6959 	DATA 	Mouse: Left button down, pos=(949,378)
62.9083 	DATA 	Mouse:  Left button up, pos=(949,378)
63.0058 	EXP 	firstVisualStimulus: autoDraw = False
63.0058 	EXP 	firstChoiceLeftStimulus: autoDraw = False
63.0058 	EXP 	firstChoiceRightStimulus: autoDraw = False
63.0058 	EXP 	firstVisualStimulus: autoDraw = False
63.0058 	EXP 	firstChoiceLeftStimulus: autoDraw = False
63.0058 	EXP 	firstChoiceRightStimulus: autoDraw = False
63.0058 	EXP 	ISIVisualStimulus: autoDraw = True
63.0058 	EXP 	rightStimulus: autoDraw = True
63.0058 	EXP 	leftStimulus: autoDraw = True
64.0197 	EXP 	ISIVisualStimulus: autoDraw = False
64.0197 	EXP 	rightStimulus: autoDraw = False
64.0197 	EXP 	leftStimulus: autoDraw = False
64.0197 	EXP 	ISIVisualStimulus: autoDraw = False
64.0197 	EXP 	rightStimulus: autoDraw = False
64.0197 	EXP 	leftStimulus: autoDraw = False
64.0391 	EXP 	secondVisualStimulus: autoDraw = True
64.0391 	EXP 	secondChoiceLeftStimulus: autoDraw = True
64.0391 	EXP 	secondChoiceRightStimulus: autoDraw = True
64.3736 	EXP 	secondVisualStimulus: autoDraw = False
64.3736 	EXP 	secondChoiceLeftStimulus: autoDraw = False
64.3736 	EXP 	secondChoiceRightStimulus: autoDraw = False
64.3736 	EXP 	secondVisualStimulus: autoDraw = False
64.3736 	EXP 	secondChoiceLeftStimulus: autoDraw = False
64.3736 	EXP 	secondChoiceRightStimulus: autoDraw = False
64.3736 	EXP 	decisionTextProbe: autoDraw = True
64.5138 	DATA 	Keypress: 1
64.5241 	EXP 	decisionTextProbe: autoDraw = False
64.5241 	EXP 	feedbackText: text = 'Correct'
64.5241 	EXP 	feedbackText: autoDraw = True
65.5251 	EXP 	feedbackText: autoDraw = False
65.5251 	EXP 	feedbackText: autoDraw = False
65.5251 	EXP 	text: autoDraw = True
66.5394 	EXP 	text: autoDraw = False
66.5394 	EXP 	text: autoDraw = False
66.5583 	EXP 	firstVisualStimulus: autoDraw = True
66.5583 	EXP 	firstChoiceLeftStimulus: autoDraw = True
66.5583 	EXP 	firstChoiceRightStimulus: autoDraw = True
66.8928 	EXP 	firstVisualStimulus: autoDraw = False
66.8928 	EXP 	firstChoiceLeftStimulus: autoDraw = False
66.8928 	EXP 	firstChoiceRightStimulus: autoDraw = False
66.8928 	EXP 	firstVisualStimulus: autoDraw = False
66.8928 	EXP 	firstChoiceLeftStimulus: autoDraw = False
66.8928 	EXP 	firstChoiceRightStimulus: autoDraw = False
66.8928 	EXP 	ISIVisualStimulus: autoDraw = True
66.8928 	EXP 	rightStimulus: autoDraw = True
66.8928 	EXP 	leftStimulus: autoDraw = True
67.9062 	EXP 	ISIVisualStimulus: autoDraw = False
67.9062 	EXP 	rightStimulus: autoDraw = False
67.9062 	EXP 	leftStimulus: autoDraw = False
67.9062 	EXP 	ISIVisualStimulus: autoDraw = False
67.9062 	EXP 	rightStimulus: autoDraw = False
67.9062 	EXP 	leftStimulus: autoDraw = False
67.9263 	EXP 	secondVisualStimulus: autoDraw = True
67.9263 	EXP 	secondChoiceLeftStimulus: autoDraw = True
67.9263 	EXP 	secondChoiceRightStimulus: autoDraw = True
68.2610 	EXP 	secondVisualStimulus: autoDraw = False
68.2610 	EXP 	secondChoiceLeftStimulus: autoDraw = False
68.2610 	EXP 	secondChoiceRightStimulus: autoDraw = False
68.2610 	EXP 	secondVisualStimulus: autoDraw = False
68.2610 	EXP 	secondChoiceLeftStimulus: autoDraw = False
68.2610 	EXP 	secondChoiceRightStimulus: autoDraw = False
68.2610 	EXP 	decisionTextProbe: autoDraw = True
68.5005 	DATA 	Keypress: 1
68.5115 	EXP 	decisionTextProbe: autoDraw = False
68.5115 	EXP 	feedbackText: text = 'Correct'
68.5115 	EXP 	feedbackText: autoDraw = True
69.5125 	EXP 	feedbackText: autoDraw = False
69.5125 	EXP 	feedbackText: autoDraw = False
69.5125 	EXP 	text: autoDraw = True
70.5266 	EXP 	text: autoDraw = False
70.5266 	EXP 	text: autoDraw = False
70.5457 	EXP 	firstVisualStimulus: autoDraw = True
70.5457 	EXP 	firstChoiceLeftStimulus: autoDraw = True
70.5457 	EXP 	firstChoiceRightStimulus: autoDraw = True
70.6019 	DATA 	Mouse: Left button down, pos=(968,457)
70.8161 	DATA 	Mouse:  Left button up, pos=(968,457)
70.8803 	EXP 	firstVisualStimulus: autoDraw = False
70.8803 	EXP 	firstChoiceLeftStimulus: autoDraw = False
70.8803 	EXP 	firstChoiceRightStimulus: autoDraw = False
70.8803 	EXP 	firstVisualStimulus: autoDraw = False
70.8803 	EXP 	firstChoiceLeftStimulus: autoDraw = False
70.8803 	EXP 	firstChoiceRightStimulus: autoDraw = False
70.8803 	EXP 	ISIVisualStimulus: autoDraw = True
70.8803 	EXP 	rightStimulus: autoDraw = True
70.8803 	EXP 	leftStimulus: autoDraw = True
71.9009 	EXP 	ISIVisualStimulus: autoDraw = False
71.9009 	EXP 	rightStimulus: autoDraw = False
71.9009 	EXP 	leftStimulus: autoDraw = False
71.9009 	EXP 	ISIVisualStimulus: autoDraw = False
71.9009 	EXP 	rightStimulus: autoDraw = False
71.9009 	EXP 	leftStimulus: autoDraw = False
71.9151 	EXP 	secondVisualStimulus: autoDraw = True
71.9151 	EXP 	secondChoiceLeftStimulus: autoDraw = True
71.9151 	EXP 	secondChoiceRightStimulus: autoDraw = True
72.2484 	EXP 	secondVisualStimulus: autoDraw = False
72.2484 	EXP 	secondChoiceLeftStimulus: autoDraw = False
72.2484 	EXP 	secondChoiceRightStimulus: autoDraw = False
72.2484 	EXP 	secondVisualStimulus: autoDraw = False
72.2484 	EXP 	secondChoiceLeftStimulus: autoDraw = False
72.2484 	EXP 	secondChoiceRightStimulus: autoDraw = False
72.2484 	EXP 	decisionTextProbe: autoDraw = True
72.4554 	DATA 	Keypress: 1
72.4652 	EXP 	decisionTextProbe: autoDraw = False
72.4652 	EXP 	feedbackText: text = 'Correct'
72.4652 	EXP 	feedbackText: autoDraw = True
73.4663 	EXP 	feedbackText: autoDraw = False
73.4663 	EXP 	feedbackText: autoDraw = False
73.4663 	EXP 	text: autoDraw = True
74.4803 	EXP 	text: autoDraw = False
74.4803 	EXP 	text: autoDraw = False
74.4994 	EXP 	firstVisualStimulus: autoDraw = True
74.4994 	EXP 	firstChoiceLeftStimulus: autoDraw = True
74.4994 	EXP 	firstChoiceRightStimulus: autoDraw = True
74.8344 	EXP 	firstVisualStimulus: autoDraw = False
74.8344 	EXP 	firstChoiceLeftStimulus: autoDraw = False
74.8344 	EXP 	firstChoiceRightStimulus: autoDraw = False
74.8344 	EXP 	firstVisualStimulus: autoDraw = False
74.8344 	EXP 	firstChoiceLeftStimulus: autoDraw = False
74.8344 	EXP 	firstChoiceRightStimulus: autoDraw = False
74.8344 	EXP 	ISIVisualStimulus: autoDraw = True
74.8344 	EXP 	rightStimulus: autoDraw = True
74.8344 	EXP 	leftStimulus: autoDraw = True
75.8553 	EXP 	ISIVisualStimulus: autoDraw = False
75.8553 	EXP 	rightStimulus: autoDraw = False
75.8553 	EXP 	leftStimulus: autoDraw = False
75.8553 	EXP 	ISIVisualStimulus: autoDraw = False
75.8553 	EXP 	rightStimulus: autoDraw = False
75.8553 	EXP 	leftStimulus: autoDraw = False
75.8709 	EXP 	secondVisualStimulus: autoDraw = True
75.8709 	EXP 	secondChoiceLeftStimulus: autoDraw = True
75.8709 	EXP 	secondChoiceRightStimulus: autoDraw = True
76.2024 	EXP 	secondVisualStimulus: autoDraw = False
76.2024 	EXP 	secondChoiceLeftStimulus: autoDraw = False
76.2024 	EXP 	secondChoiceRightStimulus: autoDraw = False
76.2024 	EXP 	secondVisualStimulus: autoDraw = False
76.2024 	EXP 	secondChoiceLeftStimulus: autoDraw = False
76.2024 	EXP 	secondChoiceRightStimulus: autoDraw = False
76.2024 	EXP 	decisionTextProbe: autoDraw = True
76.2582 	DATA 	Mouse: Left button down, pos=(835,364)
76.4725 	DATA 	Mouse:  Left button up, pos=(835,364)
76.7253 	DATA 	Keypress: 1
76.7362 	EXP 	decisionTextProbe: autoDraw = False
76.7362 	EXP 	feedbackText: text = 'Correct'
76.7362 	EXP 	feedbackText: autoDraw = True
77.7371 	EXP 	feedbackText: autoDraw = False
77.7371 	EXP 	feedbackText: autoDraw = False
77.7371 	EXP 	text: autoDraw = True
78.5777 	DATA 	Mouse: Left button down, pos=(857,387)
78.7513 	EXP 	text: autoDraw = False
78.7513 	EXP 	text: autoDraw = False
78.7703 	EXP 	firstVisualStimulus: autoDraw = True
78.7703 	EXP 	firstChoiceLeftStimulus: autoDraw = True
78.7703 	EXP 	firstChoiceRightStimulus: autoDraw = True
78.7907 	DATA 	Mouse:  Left button up, pos=(857,387)
79.1052 	EXP 	firstVisualStimulus: autoDraw = False
79.1052 	EXP 	firstChoiceLeftStimulus: autoDraw = False
79.1052 	EXP 	firstChoiceRightStimulus: autoDraw = False
79.1052 	EXP 	firstVisualStimulus: autoDraw = False
79.1052 	EXP 	firstChoiceLeftStimulus: autoDraw = False
79.1052 	EXP 	firstChoiceRightStimulus: autoDraw = False
79.1052 	EXP 	ISIVisualStimulus: autoDraw = True
79.1052 	EXP 	rightStimulus: autoDraw = True
79.1052 	EXP 	leftStimulus: autoDraw = True
80.1194 	EXP 	ISIVisualStimulus: autoDraw = False
80.1194 	EXP 	rightStimulus: autoDraw = False
80.1194 	EXP 	leftStimulus: autoDraw = False
80.1194 	EXP 	ISIVisualStimulus: autoDraw = False
80.1194 	EXP 	rightStimulus: autoDraw = False
80.1194 	EXP 	leftStimulus: autoDraw = False
80.1384 	EXP 	secondVisualStimulus: autoDraw = True
80.1384 	EXP 	secondChoiceLeftStimulus: autoDraw = True
80.1384 	EXP 	secondChoiceRightStimulus: autoDraw = True
80.4733 	EXP 	secondVisualStimulus: autoDraw = False
80.4733 	EXP 	secondChoiceLeftStimulus: autoDraw = False
80.4733 	EXP 	secondChoiceRightStimulus: autoDraw = False
80.4733 	EXP 	secondVisualStimulus: autoDraw = False
80.4733 	EXP 	secondChoiceLeftStimulus: autoDraw = False
80.4733 	EXP 	secondChoiceRightStimulus: autoDraw = False
80.4733 	EXP 	decisionTextProbe: autoDraw = True
80.5790 	DATA 	Keypress: 1
80.5902 	EXP 	decisionTextProbe: autoDraw = False
80.5902 	EXP 	feedbackText: text = 'Correct'
80.5902 	EXP 	feedbackText: autoDraw = True
81.5913 	EXP 	feedbackText: autoDraw = False
81.5913 	EXP 	feedbackText: autoDraw = False
81.5913 	EXP 	text: autoDraw = True
82.6059 	EXP 	text: autoDraw = False
82.6059 	EXP 	text: autoDraw = False
82.6243 	EXP 	firstVisualStimulus: autoDraw = True
82.6243 	EXP 	firstChoiceLeftStimulus: autoDraw = True
82.6243 	EXP 	firstChoiceRightStimulus: autoDraw = True
82.7337 	DATA 	Mouse: Left button down, pos=(909,437)
82.9472 	DATA 	Mouse:  Left button up, pos=(909,437)
82.9592 	EXP 	firstVisualStimulus: autoDraw = False
82.9592 	EXP 	firstChoiceLeftStimulus: autoDraw = False
82.9592 	EXP 	firstChoiceRightStimulus: autoDraw = False
82.9592 	EXP 	firstVisualStimulus: autoDraw = False
82.9592 	EXP 	firstChoiceLeftStimulus: autoDraw = False
82.9592 	EXP 	firstChoiceRightStimulus: autoDraw = False
82.9592 	EXP 	ISIVisualStimulus: autoDraw = True
82.9592 	EXP 	rightStimulus: autoDraw = True
82.9592 	EXP 	leftStimulus: autoDraw = True
83.9723 	EXP 	ISIVisualStimulus: autoDraw = False
83.9723 	EXP 	rightStimulus: autoDraw = False
83.9723 	EXP 	leftStimulus: autoDraw = False
83.9723 	EXP 	ISIVisualStimulus: autoDraw = False
83.9723 	EXP 	rightStimulus: autoDraw = False
83.9723 	EXP 	leftStimulus: autoDraw = False
83.9923 	EXP 	secondVisualStimulus: autoDraw = True
83.9923 	EXP 	secondChoiceLeftStimulus: autoDraw = True
83.9923 	EXP 	secondChoiceRightStimulus: autoDraw = True
84.3273 	EXP 	secondVisualStimulus: autoDraw = False
84.3273 	EXP 	secondChoiceLeftStimulus: autoDraw = False
84.3273 	EXP 	secondChoiceRightStimulus: autoDraw = False
84.3273 	EXP 	secondVisualStimulus: autoDraw = False
84.3273 	EXP 	secondChoiceLeftStimulus: autoDraw = False
84.3273 	EXP 	secondChoiceRightStimulus: autoDraw = False
84.3273 	EXP 	decisionTextProbe: autoDraw = True
84.4829 	DATA 	Keypress: 2
84.4938 	EXP 	decisionTextProbe: autoDraw = False
84.4938 	EXP 	feedbackText: text = 'Correct'
84.4938 	EXP 	feedbackText: autoDraw = True
85.4948 	EXP 	feedbackText: autoDraw = False
85.4948 	EXP 	feedbackText: autoDraw = False
85.4948 	EXP 	text: autoDraw = True
86.3199 	DATA 	Mouse: Left button down, pos=(914,537)
86.5104 	EXP 	text: autoDraw = False
86.5104 	EXP 	text: autoDraw = False
86.5295 	EXP 	firstVisualStimulus: autoDraw = True
86.5295 	EXP 	firstChoiceLeftStimulus: autoDraw = True
86.5295 	EXP 	firstChoiceRightStimulus: autoDraw = True
86.5326 	DATA 	Mouse:  Left button up, pos=(914,537)
86.8630 	EXP 	firstVisualStimulus: autoDraw = False
86.8630 	EXP 	firstChoiceLeftStimulus: autoDraw = False
86.8630 	EXP 	firstChoiceRightStimulus: autoDraw = False
86.8630 	EXP 	firstVisualStimulus: autoDraw = False
86.8630 	EXP 	firstChoiceLeftStimulus: autoDraw = False
86.8630 	EXP 	firstChoiceRightStimulus: autoDraw = False
86.8630 	EXP 	ISIVisualStimulus: autoDraw = True
86.8630 	EXP 	rightStimulus: autoDraw = True
86.8630 	EXP 	leftStimulus: autoDraw = True
87.8780 	EXP 	ISIVisualStimulus: autoDraw = False
87.8780 	EXP 	rightStimulus: autoDraw = False
87.8780 	EXP 	leftStimulus: autoDraw = False
87.8780 	EXP 	ISIVisualStimulus: autoDraw = False
87.8780 	EXP 	rightStimulus: autoDraw = False
87.8780 	EXP 	leftStimulus: autoDraw = False
87.8975 	EXP 	secondVisualStimulus: autoDraw = True
87.8975 	EXP 	secondChoiceLeftStimulus: autoDraw = True
87.8975 	EXP 	secondChoiceRightStimulus: autoDraw = True
88.2311 	EXP 	secondVisualStimulus: autoDraw = False
88.2311 	EXP 	secondChoiceLeftStimulus: autoDraw = False
88.2311 	EXP 	secondChoiceRightStimulus: autoDraw = False
88.2311 	EXP 	secondVisualStimulus: autoDraw = False
88.2311 	EXP 	secondChoiceLeftStimulus: autoDraw = False
88.2311 	EXP 	secondChoiceRightStimulus: autoDraw = False
88.2311 	EXP 	decisionTextProbe: autoDraw = True
88.3704 	DATA 	Keypress: 2
88.3812 	EXP 	decisionTextProbe: autoDraw = False
88.3812 	EXP 	feedbackText: text = 'Correct'
88.3812 	EXP 	feedbackText: autoDraw = True
89.3821 	EXP 	feedbackText: autoDraw = False
89.3821 	EXP 	feedbackText: autoDraw = False
89.3821 	EXP 	text: autoDraw = True
90.3955 	EXP 	text: autoDraw = False
90.3955 	EXP 	text: autoDraw = False
90.4153 	EXP 	firstVisualStimulus: autoDraw = True
90.4153 	EXP 	firstChoiceLeftStimulus: autoDraw = True
90.4153 	EXP 	firstChoiceRightStimulus: autoDraw = True
90.7503 	EXP 	firstVisualStimulus: autoDraw = False
90.7503 	EXP 	firstChoiceLeftStimulus: autoDraw = False
90.7503 	EXP 	firstChoiceRightStimulus: autoDraw = False
90.7503 	EXP 	firstVisualStimulus: autoDraw = False
90.7503 	EXP 	firstChoiceLeftStimulus: autoDraw = False
90.7503 	EXP 	firstChoiceRightStimulus: autoDraw = False
90.7503 	EXP 	ISIVisualStimulus: autoDraw = True
90.7503 	EXP 	rightStimulus: autoDraw = True
90.7503 	EXP 	leftStimulus: autoDraw = True
91.7632 	EXP 	ISIVisualStimulus: autoDraw = False
91.7632 	EXP 	rightStimulus: autoDraw = False
91.7632 	EXP 	leftStimulus: autoDraw = False
91.7632 	EXP 	ISIVisualStimulus: autoDraw = False
91.7632 	EXP 	rightStimulus: autoDraw = False
91.7632 	EXP 	leftStimulus: autoDraw = False
91.7834 	EXP 	secondVisualStimulus: autoDraw = True
91.7834 	EXP 	secondChoiceLeftStimulus: autoDraw = True
91.7834 	EXP 	secondChoiceRightStimulus: autoDraw = True
92.1184 	EXP 	secondVisualStimulus: autoDraw = False
92.1184 	EXP 	secondChoiceLeftStimulus: autoDraw = False
92.1184 	EXP 	secondChoiceRightStimulus: autoDraw = False
92.1184 	EXP 	secondVisualStimulus: autoDraw = False
92.1184 	EXP 	secondChoiceLeftStimulus: autoDraw = False
92.1184 	EXP 	secondChoiceRightStimulus: autoDraw = False
92.1184 	EXP 	decisionTextProbe: autoDraw = True
92.3755 	DATA 	Keypress: 1
92.3852 	EXP 	decisionTextProbe: autoDraw = False
92.3852 	EXP 	feedbackText: text = 'Correct'
92.3852 	EXP 	feedbackText: autoDraw = True
93.3861 	EXP 	feedbackText: autoDraw = False
93.3861 	EXP 	feedbackText: autoDraw = False
93.3861 	EXP 	text: autoDraw = True
94.4006 	EXP 	text: autoDraw = False
94.4006 	EXP 	text: autoDraw = False
94.4197 	EXP 	firstVisualStimulus: autoDraw = True
94.4197 	EXP 	firstChoiceLeftStimulus: autoDraw = True
94.4197 	EXP 	firstChoiceRightStimulus: autoDraw = True
94.7543 	EXP 	firstVisualStimulus: autoDraw = False
94.7543 	EXP 	firstChoiceLeftStimulus: autoDraw = False
94.7543 	EXP 	firstChoiceRightStimulus: autoDraw = False
94.7543 	EXP 	firstVisualStimulus: autoDraw = False
94.7543 	EXP 	firstChoiceLeftStimulus: autoDraw = False
94.7543 	EXP 	firstChoiceRightStimulus: autoDraw = False
94.7543 	EXP 	ISIVisualStimulus: autoDraw = True
94.7543 	EXP 	rightStimulus: autoDraw = True
94.7543 	EXP 	leftStimulus: autoDraw = True
95.7675 	EXP 	ISIVisualStimulus: autoDraw = False
95.7675 	EXP 	rightStimulus: autoDraw = False
95.7675 	EXP 	leftStimulus: autoDraw = False
95.7675 	EXP 	ISIVisualStimulus: autoDraw = False
95.7675 	EXP 	rightStimulus: autoDraw = False
95.7675 	EXP 	leftStimulus: autoDraw = False
95.7874 	EXP 	secondVisualStimulus: autoDraw = True
95.7874 	EXP 	secondChoiceLeftStimulus: autoDraw = True
95.7874 	EXP 	secondChoiceRightStimulus: autoDraw = True
96.1221 	EXP 	secondVisualStimulus: autoDraw = False
96.1221 	EXP 	secondChoiceLeftStimulus: autoDraw = False
96.1221 	EXP 	secondChoiceRightStimulus: autoDraw = False
96.1221 	EXP 	secondVisualStimulus: autoDraw = False
96.1221 	EXP 	secondChoiceLeftStimulus: autoDraw = False
96.1221 	EXP 	secondChoiceRightStimulus: autoDraw = False
96.1221 	EXP 	decisionTextProbe: autoDraw = True
96.2768 	DATA 	Keypress: 1
96.3056 	EXP 	decisionTextProbe: autoDraw = False
96.3056 	EXP 	feedbackText: text = 'Incorrect'
96.3056 	EXP 	feedbackText: autoDraw = True
97.3069 	EXP 	feedbackText: autoDraw = False
97.3069 	EXP 	feedbackText: autoDraw = False
97.3069 	EXP 	text: autoDraw = True
98.3220 	EXP 	text: autoDraw = False
98.3220 	EXP 	text: autoDraw = False
98.3412 	EXP 	firstVisualStimulus: autoDraw = True
98.3412 	EXP 	firstChoiceLeftStimulus: autoDraw = True
98.3412 	EXP 	firstChoiceRightStimulus: autoDraw = True
98.6748 	EXP 	firstVisualStimulus: autoDraw = False
98.6748 	EXP 	firstChoiceLeftStimulus: autoDraw = False
98.6748 	EXP 	firstChoiceRightStimulus: autoDraw = False
98.6748 	EXP 	firstVisualStimulus: autoDraw = False
98.6748 	EXP 	firstChoiceLeftStimulus: autoDraw = False
98.6748 	EXP 	firstChoiceRightStimulus: autoDraw = False
98.6748 	EXP 	ISIVisualStimulus: autoDraw = True
98.6748 	EXP 	rightStimulus: autoDraw = True
98.6748 	EXP 	leftStimulus: autoDraw = True
99.6892 	EXP 	ISIVisualStimulus: autoDraw = False
99.6892 	EXP 	rightStimulus: autoDraw = False
99.6892 	EXP 	leftStimulus: autoDraw = False
99.6892 	EXP 	ISIVisualStimulus: autoDraw = False
99.6892 	EXP 	rightStimulus: autoDraw = False
99.6892 	EXP 	leftStimulus: autoDraw = False
99.7080 	EXP 	secondVisualStimulus: autoDraw = True
99.7080 	EXP 	secondChoiceLeftStimulus: autoDraw = True
99.7080 	EXP 	secondChoiceRightStimulus: autoDraw = True
100.0428 	EXP 	secondVisualStimulus: autoDraw = False
100.0428 	EXP 	secondChoiceLeftStimulus: autoDraw = False
100.0428 	EXP 	secondChoiceRightStimulus: autoDraw = False
100.0428 	EXP 	secondVisualStimulus: autoDraw = False
100.0428 	EXP 	secondChoiceLeftStimulus: autoDraw = False
100.0428 	EXP 	secondChoiceRightStimulus: autoDraw = False
100.0428 	EXP 	decisionTextProbe: autoDraw = True
100.2929 	EXP 	decisionTextProbe: autoDraw = False
100.2929 	EXP 	feedbackText: text = 'Correct'
100.2929 	EXP 	feedbackText: autoDraw = True
101.2943 	EXP 	feedbackText: autoDraw = False
101.2943 	EXP 	feedbackText: autoDraw = False
101.2943 	EXP 	text: autoDraw = True
101.5165 	DATA 	Mouse: Left button down, pos=(935,504)
101.7305 	DATA 	Mouse:  Left button up, pos=(935,504)
102.3085 	EXP 	text: autoDraw = False
102.3085 	EXP 	text: autoDraw = False
102.3272 	EXP 	firstVisualStimulus: autoDraw = True
102.3272 	EXP 	firstChoiceLeftStimulus: autoDraw = True
102.3272 	EXP 	firstChoiceRightStimulus: autoDraw = True
102.6624 	EXP 	firstVisualStimulus: autoDraw = False
102.6624 	EXP 	firstChoiceLeftStimulus: autoDraw = False
102.6624 	EXP 	firstChoiceRightStimulus: autoDraw = False
102.6624 	EXP 	firstVisualStimulus: autoDraw = False
102.6624 	EXP 	firstChoiceLeftStimulus: autoDraw = False
102.6624 	EXP 	firstChoiceRightStimulus: autoDraw = False
102.6624 	EXP 	ISIVisualStimulus: autoDraw = True
102.6624 	EXP 	rightStimulus: autoDraw = True
102.6624 	EXP 	leftStimulus: autoDraw = True
103.6764 	EXP 	ISIVisualStimulus: autoDraw = False
103.6764 	EXP 	rightStimulus: autoDraw = False
103.6764 	EXP 	leftStimulus: autoDraw = False
103.6764 	EXP 	ISIVisualStimulus: autoDraw = False
103.6764 	EXP 	rightStimulus: autoDraw = False
103.6764 	EXP 	leftStimulus: autoDraw = False
103.6954 	EXP 	secondVisualStimulus: autoDraw = True
103.6954 	EXP 	secondChoiceLeftStimulus: autoDraw = True
103.6954 	EXP 	secondChoiceRightStimulus: autoDraw = True
104.0303 	EXP 	secondVisualStimulus: autoDraw = False
104.0303 	EXP 	secondChoiceLeftStimulus: autoDraw = False
104.0303 	EXP 	secondChoiceRightStimulus: autoDraw = False
104.0303 	EXP 	secondVisualStimulus: autoDraw = False
104.0303 	EXP 	secondChoiceLeftStimulus: autoDraw = False
104.0303 	EXP 	secondChoiceRightStimulus: autoDraw = False
104.0303 	EXP 	decisionTextProbe: autoDraw = True
104.2008 	DATA 	Keypress: 2
104.2304 	EXP 	decisionTextProbe: autoDraw = False
104.2304 	EXP 	feedbackText: text = 'Correct'
104.2304 	EXP 	feedbackText: autoDraw = True
105.2315 	EXP 	feedbackText: autoDraw = False
105.2315 	EXP 	feedbackText: autoDraw = False
105.2315 	EXP 	text: autoDraw = True
106.1205 	DATA 	Mouse: Left button down, pos=(868,485)
106.2444 	EXP 	text: autoDraw = False
106.2444 	EXP 	text: autoDraw = False
106.2646 	EXP 	firstVisualStimulus: autoDraw = True
106.2646 	EXP 	firstChoiceLeftStimulus: autoDraw = True
106.2646 	EXP 	firstChoiceRightStimulus: autoDraw = True
106.3344 	DATA 	Mouse:  Left button up, pos=(868,485)
106.5995 	EXP 	firstVisualStimulus: autoDraw = False
106.5995 	EXP 	firstChoiceLeftStimulus: autoDraw = False
106.5995 	EXP 	firstChoiceRightStimulus: autoDraw = False
106.5995 	EXP 	firstVisualStimulus: autoDraw = False
106.5995 	EXP 	firstChoiceLeftStimulus: autoDraw = False
106.5995 	EXP 	firstChoiceRightStimulus: autoDraw = False
106.5995 	EXP 	ISIVisualStimulus: autoDraw = True
106.5995 	EXP 	rightStimulus: autoDraw = True
106.5995 	EXP 	leftStimulus: autoDraw = True
107.6120 	EXP 	ISIVisualStimulus: autoDraw = False
107.6120 	EXP 	rightStimulus: autoDraw = False
107.6120 	EXP 	leftStimulus: autoDraw = False
107.6120 	EXP 	ISIVisualStimulus: autoDraw = False
107.6120 	EXP 	rightStimulus: autoDraw = False
107.6120 	EXP 	leftStimulus: autoDraw = False
107.6325 	EXP 	secondVisualStimulus: autoDraw = True
107.6325 	EXP 	secondChoiceLeftStimulus: autoDraw = True
107.6325 	EXP 	secondChoiceRightStimulus: autoDraw = True
107.9674 	EXP 	secondVisualStimulus: autoDraw = False
107.9674 	EXP 	secondChoiceLeftStimulus: autoDraw = False
107.9674 	EXP 	secondChoiceRightStimulus: autoDraw = False
107.9674 	EXP 	secondVisualStimulus: autoDraw = False
107.9674 	EXP 	secondChoiceLeftStimulus: autoDraw = False
107.9674 	EXP 	secondChoiceRightStimulus: autoDraw = False
107.9674 	EXP 	decisionTextProbe: autoDraw = True
108.1420 	DATA 	Keypress: 2
108.1509 	EXP 	decisionTextProbe: autoDraw = False
108.1509 	EXP 	feedbackText: text = 'Correct'
108.1509 	EXP 	feedbackText: autoDraw = True
109.1519 	EXP 	feedbackText: autoDraw = False
109.1519 	EXP 	feedbackText: autoDraw = False
109.1519 	EXP 	text: autoDraw = True
109.8586 	DATA 	Mouse: Left button down, pos=(860,711)
110.0724 	DATA 	Mouse:  Left button up, pos=(860,711)
110.1662 	EXP 	text: autoDraw = False
110.1662 	EXP 	text: autoDraw = False
110.1852 	EXP 	firstVisualStimulus: autoDraw = True
110.1852 	EXP 	firstChoiceLeftStimulus: autoDraw = True
110.1852 	EXP 	firstChoiceRightStimulus: autoDraw = True
110.5198 	EXP 	firstVisualStimulus: autoDraw = False
110.5198 	EXP 	firstChoiceLeftStimulus: autoDraw = False
110.5198 	EXP 	firstChoiceRightStimulus: autoDraw = False
110.5198 	EXP 	firstVisualStimulus: autoDraw = False
110.5198 	EXP 	firstChoiceLeftStimulus: autoDraw = False
110.5198 	EXP 	firstChoiceRightStimulus: autoDraw = False
110.5198 	EXP 	ISIVisualStimulus: autoDraw = True
110.5198 	EXP 	rightStimulus: autoDraw = True
110.5198 	EXP 	leftStimulus: autoDraw = True
111.5325 	EXP 	ISIVisualStimulus: autoDraw = False
111.5325 	EXP 	rightStimulus: autoDraw = False
111.5325 	EXP 	leftStimulus: autoDraw = False
111.5325 	EXP 	ISIVisualStimulus: autoDraw = False
111.5325 	EXP 	rightStimulus: autoDraw = False
111.5325 	EXP 	leftStimulus: autoDraw = False
111.5532 	EXP 	secondVisualStimulus: autoDraw = True
111.5532 	EXP 	secondChoiceLeftStimulus: autoDraw = True
111.5532 	EXP 	secondChoiceRightStimulus: autoDraw = True
111.8882 	EXP 	secondVisualStimulus: autoDraw = False
111.8882 	EXP 	secondChoiceLeftStimulus: autoDraw = False
111.8882 	EXP 	secondChoiceRightStimulus: autoDraw = False
111.8882 	EXP 	secondVisualStimulus: autoDraw = False
111.8882 	EXP 	secondChoiceLeftStimulus: autoDraw = False
111.8882 	EXP 	secondChoiceRightStimulus: autoDraw = False
111.8882 	EXP 	decisionTextProbe: autoDraw = True
112.1785 	DATA 	Keypress: 2
112.1884 	EXP 	decisionTextProbe: autoDraw = False
112.1884 	EXP 	feedbackText: text = 'Correct'
112.1884 	EXP 	feedbackText: autoDraw = True
113.1932 	EXP 	feedbackText: autoDraw = False
113.1932 	EXP 	feedbackText: autoDraw = False
113.1932 	EXP 	text: autoDraw = True
114.2201 	EXP 	text: autoDraw = False
114.2201 	EXP 	text: autoDraw = False
114.2390 	EXP 	firstVisualStimulus: autoDraw = True
114.2390 	EXP 	firstChoiceLeftStimulus: autoDraw = True
114.2390 	EXP 	firstChoiceRightStimulus: autoDraw = True
114.5575 	EXP 	firstVisualStimulus: autoDraw = False
114.5575 	EXP 	firstChoiceLeftStimulus: autoDraw = False
114.5575 	EXP 	firstChoiceRightStimulus: autoDraw = False
114.5575 	EXP 	firstVisualStimulus: autoDraw = False
114.5575 	EXP 	firstChoiceLeftStimulus: autoDraw = False
114.5575 	EXP 	firstChoiceRightStimulus: autoDraw = False
114.5575 	EXP 	ISIVisualStimulus: autoDraw = True
114.5575 	EXP 	rightStimulus: autoDraw = True
114.5575 	EXP 	leftStimulus: autoDraw = True
115.5715 	EXP 	ISIVisualStimulus: autoDraw = False
115.5715 	EXP 	rightStimulus: autoDraw = False
115.5715 	EXP 	leftStimulus: autoDraw = False
115.5715 	EXP 	ISIVisualStimulus: autoDraw = False
115.5715 	EXP 	rightStimulus: autoDraw = False
115.5715 	EXP 	leftStimulus: autoDraw = False
115.5906 	EXP 	secondVisualStimulus: autoDraw = True
115.5906 	EXP 	secondChoiceLeftStimulus: autoDraw = True
115.5906 	EXP 	secondChoiceRightStimulus: autoDraw = True
115.9254 	EXP 	secondVisualStimulus: autoDraw = False
115.9254 	EXP 	secondChoiceLeftStimulus: autoDraw = False
115.9254 	EXP 	secondChoiceRightStimulus: autoDraw = False
115.9254 	EXP 	secondVisualStimulus: autoDraw = False
115.9254 	EXP 	secondChoiceLeftStimulus: autoDraw = False
115.9254 	EXP 	secondChoiceRightStimulus: autoDraw = False
115.9254 	EXP 	decisionTextProbe: autoDraw = True
116.2089 	EXP 	decisionTextProbe: autoDraw = False
116.2089 	EXP 	feedbackText: text = 'Correct'
116.2089 	EXP 	feedbackText: autoDraw = True
117.2101 	EXP 	feedbackText: autoDraw = False
117.2101 	EXP 	feedbackText: autoDraw = False
117.2101 	EXP 	text: autoDraw = True
117.5831 	DATA 	Mouse: Left button down, pos=(857,505)
117.7958 	DATA 	Mouse:  Left button up, pos=(857,505)
118.2244 	EXP 	text: autoDraw = False
118.2244 	EXP 	text: autoDraw = False
118.2433 	EXP 	firstVisualStimulus: autoDraw = True
118.2433 	EXP 	firstChoiceLeftStimulus: autoDraw = True
118.2433 	EXP 	firstChoiceRightStimulus: autoDraw = True
118.5779 	EXP 	firstVisualStimulus: autoDraw = False
118.5779 	EXP 	firstChoiceLeftStimulus: autoDraw = False
118.5779 	EXP 	firstChoiceRightStimulus: autoDraw = False
118.5779 	EXP 	firstVisualStimulus: autoDraw = False
118.5779 	EXP 	firstChoiceLeftStimulus: autoDraw = False
118.5779 	EXP 	firstChoiceRightStimulus: autoDraw = False
118.5779 	EXP 	ISIVisualStimulus: autoDraw = True
118.5779 	EXP 	rightStimulus: autoDraw = True
118.5779 	EXP 	leftStimulus: autoDraw = True
119.5937 	EXP 	ISIVisualStimulus: autoDraw = False
119.5937 	EXP 	rightStimulus: autoDraw = False
119.5937 	EXP 	leftStimulus: autoDraw = False
119.5937 	EXP 	ISIVisualStimulus: autoDraw = False
119.5937 	EXP 	rightStimulus: autoDraw = False
119.5937 	EXP 	leftStimulus: autoDraw = False
119.6125 	EXP 	secondVisualStimulus: autoDraw = True
119.6125 	EXP 	secondChoiceLeftStimulus: autoDraw = True
119.6125 	EXP 	secondChoiceRightStimulus: autoDraw = True
119.9458 	EXP 	secondVisualStimulus: autoDraw = False
119.9458 	EXP 	secondChoiceLeftStimulus: autoDraw = False
119.9458 	EXP 	secondChoiceRightStimulus: autoDraw = False
119.9458 	EXP 	secondVisualStimulus: autoDraw = False
119.9458 	EXP 	secondChoiceLeftStimulus: autoDraw = False
119.9458 	EXP 	secondChoiceRightStimulus: autoDraw = False
119.9458 	EXP 	decisionTextProbe: autoDraw = True
120.1336 	DATA 	Keypress: 2
120.1631 	EXP 	decisionTextProbe: autoDraw = False
120.1631 	EXP 	feedbackText: text = 'Correct'
120.1631 	EXP 	feedbackText: autoDraw = True
121.1640 	EXP 	feedbackText: autoDraw = False
121.1640 	EXP 	feedbackText: autoDraw = False
121.1640 	EXP 	text: autoDraw = True
122.1792 	EXP 	text: autoDraw = False
122.1792 	EXP 	text: autoDraw = False
122.1984 	EXP 	firstVisualStimulus: autoDraw = True
122.1984 	EXP 	firstChoiceLeftStimulus: autoDraw = True
122.1984 	EXP 	firstChoiceRightStimulus: autoDraw = True
122.4041 	DATA 	Mouse: Left button down, pos=(844,479)
122.5321 	EXP 	firstVisualStimulus: autoDraw = False
122.5321 	EXP 	firstChoiceLeftStimulus: autoDraw = False
122.5321 	EXP 	firstChoiceRightStimulus: autoDraw = False
122.5321 	EXP 	firstVisualStimulus: autoDraw = False
122.5321 	EXP 	firstChoiceLeftStimulus: autoDraw = False
122.5321 	EXP 	firstChoiceRightStimulus: autoDraw = False
122.5321 	EXP 	ISIVisualStimulus: autoDraw = True
122.5321 	EXP 	rightStimulus: autoDraw = True
122.5321 	EXP 	leftStimulus: autoDraw = True
122.6171 	DATA 	Mouse:  Left button up, pos=(844,479)
123.5463 	EXP 	ISIVisualStimulus: autoDraw = False
123.5463 	EXP 	rightStimulus: autoDraw = False
123.5463 	EXP 	leftStimulus: autoDraw = False
123.5463 	EXP 	ISIVisualStimulus: autoDraw = False
123.5463 	EXP 	rightStimulus: autoDraw = False
123.5463 	EXP 	leftStimulus: autoDraw = False
123.5651 	EXP 	secondVisualStimulus: autoDraw = True
123.5651 	EXP 	secondChoiceLeftStimulus: autoDraw = True
123.5651 	EXP 	secondChoiceRightStimulus: autoDraw = True
123.9000 	EXP 	secondVisualStimulus: autoDraw = False
123.9000 	EXP 	secondChoiceLeftStimulus: autoDraw = False
123.9000 	EXP 	secondChoiceRightStimulus: autoDraw = False
123.9000 	EXP 	secondVisualStimulus: autoDraw = False
123.9000 	EXP 	secondChoiceLeftStimulus: autoDraw = False
123.9000 	EXP 	secondChoiceRightStimulus: autoDraw = False
123.9000 	EXP 	decisionTextProbe: autoDraw = True
124.0403 	DATA 	Keypress: 1
124.0502 	EXP 	decisionTextProbe: autoDraw = False
124.0502 	EXP 	feedbackText: text = 'Correct'
124.0502 	EXP 	feedbackText: autoDraw = True
125.0514 	EXP 	feedbackText: autoDraw = False
125.0514 	EXP 	feedbackText: autoDraw = False
125.0514 	EXP 	text: autoDraw = True
126.0650 	EXP 	text: autoDraw = False
126.0650 	EXP 	text: autoDraw = False
126.0844 	EXP 	firstVisualStimulus: autoDraw = True
126.0844 	EXP 	firstChoiceLeftStimulus: autoDraw = True
126.0844 	EXP 	firstChoiceRightStimulus: autoDraw = True
126.4193 	EXP 	firstVisualStimulus: autoDraw = False
126.4193 	EXP 	firstChoiceLeftStimulus: autoDraw = False
126.4193 	EXP 	firstChoiceRightStimulus: autoDraw = False
126.4193 	EXP 	firstVisualStimulus: autoDraw = False
126.4193 	EXP 	firstChoiceLeftStimulus: autoDraw = False
126.4193 	EXP 	firstChoiceRightStimulus: autoDraw = False
126.4193 	EXP 	ISIVisualStimulus: autoDraw = True
126.4193 	EXP 	rightStimulus: autoDraw = True
126.4193 	EXP 	leftStimulus: autoDraw = True
127.0422 	DATA 	Mouse: Left button down, pos=(759,537)
127.2554 	DATA 	Mouse:  Left button up, pos=(759,537)
127.4333 	EXP 	ISIVisualStimulus: autoDraw = False
127.4333 	EXP 	rightStimulus: autoDraw = False
127.4333 	EXP 	leftStimulus: autoDraw = False
127.4333 	EXP 	ISIVisualStimulus: autoDraw = False
127.4333 	EXP 	rightStimulus: autoDraw = False
127.4333 	EXP 	leftStimulus: autoDraw = False
127.4524 	EXP 	secondVisualStimulus: autoDraw = True
127.4524 	EXP 	secondChoiceLeftStimulus: autoDraw = True
127.4524 	EXP 	secondChoiceRightStimulus: autoDraw = True
127.7873 	EXP 	secondVisualStimulus: autoDraw = False
127.7873 	EXP 	secondChoiceLeftStimulus: autoDraw = False
127.7873 	EXP 	secondChoiceRightStimulus: autoDraw = False
127.7873 	EXP 	secondVisualStimulus: autoDraw = False
127.7873 	EXP 	secondChoiceLeftStimulus: autoDraw = False
127.7873 	EXP 	secondChoiceRightStimulus: autoDraw = False
127.7873 	EXP 	decisionTextProbe: autoDraw = True
128.0441 	DATA 	Keypress: 1
128.0539 	EXP 	decisionTextProbe: autoDraw = False
128.0539 	EXP 	feedbackText: text = 'Correct'
128.0539 	EXP 	feedbackText: autoDraw = True
129.0589 	EXP 	feedbackText: autoDraw = False
129.0589 	EXP 	feedbackText: autoDraw = False
129.0589 	EXP 	text: autoDraw = True
130.0873 	EXP 	text: autoDraw = False
130.0873 	EXP 	text: autoDraw = False
130.0919 	DATA 	Mouse: Left button down, pos=(776,361)
130.1075 	EXP 	firstVisualStimulus: autoDraw = True
130.1075 	EXP 	firstChoiceLeftStimulus: autoDraw = True
130.1075 	EXP 	firstChoiceRightStimulus: autoDraw = True
130.3085 	DATA 	Mouse:  Left button up, pos=(776,361)
130.4398 	EXP 	firstVisualStimulus: autoDraw = False
130.4398 	EXP 	firstChoiceLeftStimulus: autoDraw = False
130.4398 	EXP 	firstChoiceRightStimulus: autoDraw = False
130.4398 	EXP 	firstVisualStimulus: autoDraw = False
130.4398 	EXP 	firstChoiceLeftStimulus: autoDraw = False
130.4398 	EXP 	firstChoiceRightStimulus: autoDraw = False
130.4398 	EXP 	ISIVisualStimulus: autoDraw = True
130.4398 	EXP 	rightStimulus: autoDraw = True
130.4398 	EXP 	leftStimulus: autoDraw = True
131.4532 	EXP 	ISIVisualStimulus: autoDraw = False
131.4532 	EXP 	rightStimulus: autoDraw = False
131.4532 	EXP 	leftStimulus: autoDraw = False
131.4532 	EXP 	ISIVisualStimulus: autoDraw = False
131.4532 	EXP 	rightStimulus: autoDraw = False
131.4532 	EXP 	leftStimulus: autoDraw = False
131.4729 	EXP 	secondVisualStimulus: autoDraw = True
131.4729 	EXP 	secondChoiceLeftStimulus: autoDraw = True
131.4729 	EXP 	secondChoiceRightStimulus: autoDraw = True
131.8077 	EXP 	secondVisualStimulus: autoDraw = False
131.8077 	EXP 	secondChoiceLeftStimulus: autoDraw = False
131.8077 	EXP 	secondChoiceRightStimulus: autoDraw = False
131.8077 	EXP 	secondVisualStimulus: autoDraw = False
131.8077 	EXP 	secondChoiceLeftStimulus: autoDraw = False
131.8077 	EXP 	secondChoiceRightStimulus: autoDraw = False
131.8077 	EXP 	decisionTextProbe: autoDraw = True
131.9144 	DATA 	Keypress: 1
131.9247 	EXP 	decisionTextProbe: autoDraw = False
131.9247 	EXP 	feedbackText: text = 'Correct'
131.9247 	EXP 	feedbackText: autoDraw = True
132.9258 	EXP 	feedbackText: autoDraw = False
132.9258 	EXP 	feedbackText: autoDraw = False
132.9258 	EXP 	text: autoDraw = True
133.9401 	EXP 	text: autoDraw = False
133.9401 	EXP 	text: autoDraw = False
133.9590 	EXP 	firstVisualStimulus: autoDraw = True
133.9590 	EXP 	firstChoiceLeftStimulus: autoDraw = True
133.9590 	EXP 	firstChoiceRightStimulus: autoDraw = True
134.2938 	EXP 	firstVisualStimulus: autoDraw = False
134.2938 	EXP 	firstChoiceLeftStimulus: autoDraw = False
134.2938 	EXP 	firstChoiceRightStimulus: autoDraw = False
134.2938 	EXP 	firstVisualStimulus: autoDraw = False
134.2938 	EXP 	firstChoiceLeftStimulus: autoDraw = False
134.2938 	EXP 	firstChoiceRightStimulus: autoDraw = False
134.2938 	EXP 	ISIVisualStimulus: autoDraw = True
134.2938 	EXP 	rightStimulus: autoDraw = True
134.2938 	EXP 	leftStimulus: autoDraw = True
134.3124 	DATA 	Mouse: Left button down, pos=(769,578)
134.5291 	DATA 	Mouse:  Left button up, pos=(769,578)
135.3079 	EXP 	ISIVisualStimulus: autoDraw = False
135.3079 	EXP 	rightStimulus: autoDraw = False
135.3079 	EXP 	leftStimulus: autoDraw = False
135.3079 	EXP 	ISIVisualStimulus: autoDraw = False
135.3079 	EXP 	rightStimulus: autoDraw = False
135.3079 	EXP 	leftStimulus: autoDraw = False
135.3269 	EXP 	secondVisualStimulus: autoDraw = True
135.3269 	EXP 	secondChoiceLeftStimulus: autoDraw = True
135.3269 	EXP 	secondChoiceRightStimulus: autoDraw = True
135.6620 	EXP 	secondVisualStimulus: autoDraw = False
135.6620 	EXP 	secondChoiceLeftStimulus: autoDraw = False
135.6620 	EXP 	secondChoiceRightStimulus: autoDraw = False
135.6620 	EXP 	secondVisualStimulus: autoDraw = False
135.6620 	EXP 	secondChoiceLeftStimulus: autoDraw = False
135.6620 	EXP 	secondChoiceRightStimulus: autoDraw = False
135.6620 	EXP 	decisionTextProbe: autoDraw = True
135.8511 	DATA 	Keypress: 1
135.8619 	EXP 	decisionTextProbe: autoDraw = False
135.8619 	EXP 	feedbackText: text = 'Correct'
135.8619 	EXP 	feedbackText: autoDraw = True
136.8630 	EXP 	feedbackText: autoDraw = False
136.8630 	EXP 	feedbackText: autoDraw = False
136.8630 	EXP 	text: autoDraw = True
137.8769 	EXP 	text: autoDraw = False
137.8769 	EXP 	text: autoDraw = False
137.8961 	EXP 	firstVisualStimulus: autoDraw = True
137.8961 	EXP 	firstChoiceLeftStimulus: autoDraw = True
137.8961 	EXP 	firstChoiceRightStimulus: autoDraw = True
138.2312 	EXP 	firstVisualStimulus: autoDraw = False
138.2312 	EXP 	firstChoiceLeftStimulus: autoDraw = False
138.2312 	EXP 	firstChoiceRightStimulus: autoDraw = False
138.2312 	EXP 	firstVisualStimulus: autoDraw = False
138.2312 	EXP 	firstChoiceLeftStimulus: autoDraw = False
138.2312 	EXP 	firstChoiceRightStimulus: autoDraw = False
138.2312 	EXP 	ISIVisualStimulus: autoDraw = True
138.2312 	EXP 	rightStimulus: autoDraw = True
138.2312 	EXP 	leftStimulus: autoDraw = True
139.2452 	EXP 	ISIVisualStimulus: autoDraw = False
139.2452 	EXP 	rightStimulus: autoDraw = False
139.2452 	EXP 	leftStimulus: autoDraw = False
139.2452 	EXP 	ISIVisualStimulus: autoDraw = False
139.2452 	EXP 	rightStimulus: autoDraw = False
139.2452 	EXP 	leftStimulus: autoDraw = False
139.2642 	EXP 	secondVisualStimulus: autoDraw = True
139.2642 	EXP 	secondChoiceLeftStimulus: autoDraw = True
139.2642 	EXP 	secondChoiceRightStimulus: autoDraw = True
139.5991 	EXP 	secondVisualStimulus: autoDraw = False
139.5991 	EXP 	secondChoiceLeftStimulus: autoDraw = False
139.5991 	EXP 	secondChoiceRightStimulus: autoDraw = False
139.5991 	EXP 	secondVisualStimulus: autoDraw = False
139.5991 	EXP 	secondChoiceLeftStimulus: autoDraw = False
139.5991 	EXP 	secondChoiceRightStimulus: autoDraw = False
139.5991 	EXP 	decisionTextProbe: autoDraw = True
139.9740 	DATA 	Keypress: 2
139.9829 	EXP 	decisionTextProbe: autoDraw = False
139.9829 	EXP 	feedbackText: text = 'Correct'
139.9829 	EXP 	feedbackText: autoDraw = True
140.9836 	EXP 	feedbackText: autoDraw = False
140.9836 	EXP 	feedbackText: autoDraw = False
140.9836 	EXP 	text: autoDraw = True
141.9975 	EXP 	text: autoDraw = False
141.9975 	EXP 	text: autoDraw = False
142.0170 	EXP 	firstVisualStimulus: autoDraw = True
142.0170 	EXP 	firstChoiceLeftStimulus: autoDraw = True
142.0170 	EXP 	firstChoiceRightStimulus: autoDraw = True
142.3518 	EXP 	firstVisualStimulus: autoDraw = False
142.3518 	EXP 	firstChoiceLeftStimulus: autoDraw = False
142.3518 	EXP 	firstChoiceRightStimulus: autoDraw = False
142.3518 	EXP 	firstVisualStimulus: autoDraw = False
142.3518 	EXP 	firstChoiceLeftStimulus: autoDraw = False
142.3518 	EXP 	firstChoiceRightStimulus: autoDraw = False
142.3518 	EXP 	ISIVisualStimulus: autoDraw = True
142.3518 	EXP 	rightStimulus: autoDraw = True
142.3518 	EXP 	leftStimulus: autoDraw = True
142.4737 	DATA 	Mouse: Left button down, pos=(723,493)
142.6884 	DATA 	Mouse:  Left button up, pos=(723,493)
143.3650 	EXP 	ISIVisualStimulus: autoDraw = False
143.3650 	EXP 	rightStimulus: autoDraw = False
143.3650 	EXP 	leftStimulus: autoDraw = False
143.3650 	EXP 	ISIVisualStimulus: autoDraw = False
143.3650 	EXP 	rightStimulus: autoDraw = False
143.3650 	EXP 	leftStimulus: autoDraw = False
143.3850 	EXP 	secondVisualStimulus: autoDraw = True
143.3850 	EXP 	secondChoiceLeftStimulus: autoDraw = True
143.3850 	EXP 	secondChoiceRightStimulus: autoDraw = True
143.7196 	EXP 	secondVisualStimulus: autoDraw = False
143.7196 	EXP 	secondChoiceLeftStimulus: autoDraw = False
143.7196 	EXP 	secondChoiceRightStimulus: autoDraw = False
143.7196 	EXP 	secondVisualStimulus: autoDraw = False
143.7196 	EXP 	secondChoiceLeftStimulus: autoDraw = False
143.7196 	EXP 	secondChoiceRightStimulus: autoDraw = False
143.7196 	EXP 	decisionTextProbe: autoDraw = True
143.9264 	DATA 	Keypress: 2
143.9365 	EXP 	decisionTextProbe: autoDraw = False
143.9365 	EXP 	feedbackText: text = 'Correct'
143.9365 	EXP 	feedbackText: autoDraw = True
144.9375 	EXP 	feedbackText: autoDraw = False
144.9375 	EXP 	feedbackText: autoDraw = False
144.9375 	EXP 	text: autoDraw = True
145.9521 	EXP 	text: autoDraw = False
145.9521 	EXP 	text: autoDraw = False
145.9709 	EXP 	firstVisualStimulus: autoDraw = True
145.9709 	EXP 	firstChoiceLeftStimulus: autoDraw = True
145.9709 	EXP 	firstChoiceRightStimulus: autoDraw = True
146.3057 	EXP 	firstVisualStimulus: autoDraw = False
146.3057 	EXP 	firstChoiceLeftStimulus: autoDraw = False
146.3057 	EXP 	firstChoiceRightStimulus: autoDraw = False
146.3057 	EXP 	firstVisualStimulus: autoDraw = False
146.3057 	EXP 	firstChoiceLeftStimulus: autoDraw = False
146.3057 	EXP 	firstChoiceRightStimulus: autoDraw = False
146.3057 	EXP 	ISIVisualStimulus: autoDraw = True
146.3057 	EXP 	rightStimulus: autoDraw = True
146.3057 	EXP 	leftStimulus: autoDraw = True
147.3192 	EXP 	ISIVisualStimulus: autoDraw = False
147.3192 	EXP 	rightStimulus: autoDraw = False
147.3192 	EXP 	leftStimulus: autoDraw = False
147.3192 	EXP 	ISIVisualStimulus: autoDraw = False
147.3192 	EXP 	rightStimulus: autoDraw = False
147.3192 	EXP 	leftStimulus: autoDraw = False
147.3391 	EXP 	secondVisualStimulus: autoDraw = True
147.3391 	EXP 	secondChoiceLeftStimulus: autoDraw = True
147.3391 	EXP 	secondChoiceRightStimulus: autoDraw = True
147.6737 	EXP 	secondVisualStimulus: autoDraw = False
147.6737 	EXP 	secondChoiceLeftStimulus: autoDraw = False
147.6737 	EXP 	secondChoiceRightStimulus: autoDraw = False
147.6737 	EXP 	secondVisualStimulus: autoDraw = False
147.6737 	EXP 	secondChoiceLeftStimulus: autoDraw = False
147.6737 	EXP 	secondChoiceRightStimulus: autoDraw = False
147.6737 	EXP 	decisionTextProbe: autoDraw = True
147.8240 	EXP 	decisionTextProbe: autoDraw = False
147.8240 	EXP 	feedbackText: text = 'Correct'
147.8240 	EXP 	feedbackText: autoDraw = True
148.8251 	EXP 	feedbackText: autoDraw = False
148.8251 	EXP 	feedbackText: autoDraw = False
148.8324 	INFO 	saved data to 'C:\\Users\\W2032175\\Documents\\GitHub\\Open-source-Auditory-Tone-Detection-Task\\Auditory Tone Detection Task\\data/_toneDetectionPlatform_V1.7_2020_Nov_03_1142.csv'
148.8421 	INFO 	saved data to C:\Users\W2032175\Documents\GitHub\Open-source-Auditory-Tone-Detection-Task\Auditory Tone Detection Task\data/_toneDetectionPlatform_V1.7_2020_Nov_03_1142.psydat
148.8656 	EXP 	window1: mouseVisible = True
148.9400 	DEBUG 	Saving data for toneDetectionPlatform_V1.7 ExperimentHandler
