2.0928 	WARNING 	We strongly recommend you activate the PTB sound engine in PsychoPy prefs as the preferred audio engine. Its timing is vastly superior. Your prefs are currently set to use ['sounddevice', 'PTB', 'pyo', 'pygame'] (in that order).
10.1115 	INFO 	Loaded monitor calibration from ['2020_10_15 13:31']
12.6787 	EXP 	Created window1 = Window(allowGUI=False, allowStencil=False, args=UNKNOWN, autoLog=True, bitsMode=UNKNOWN, blendMode='avg', bpc=(8, 8, 8), color=array([1., 1., 1.]), colorSpace='rgb', depthBits=8, fullscr=<method-wrapper '__getattribute__' of attributeSetter object at 0x0000021A1308EC88>, gamma=None, gammaErrorPolicy='raise', kwargs=UNKNOWN, lms=UNKNOWN, monitor=<psychopy.monitors.calibTools.Monitor object at 0x0000021A12CA4518>, multiSample=False, name='window1', numSamples=2, pos=[0.0, 0.0], screen=0, size=array([1366,  768]), stencilBits=0, stereo=False, units='height', useFBO=True, useRetina=False, viewOri=0.0, viewPos=None, viewScale=None, waitBlanking=True, winType='pyglet')
12.6789 	EXP 	window1: mouseVisible = True
12.6789 	EXP 	window1: recordFrameIntervals = False
12.8445 	EXP 	window1: recordFrameIntervals = True
13.0281 	DEBUG 	Screen (0) actual frame rate measured at 59.94
13.0282 	EXP 	window1: recordFrameIntervals = False
13.3046 	EXP 	Created welcomeText = TextStim(__class__=<class 'psychopy.visual.text.TextStim'>, alignHoriz=method-wrapper(...), alignText='center', alignVert=method-wrapper(...), anchorHoriz='center', anchorVert='center', antialias=True, autoLog=True, bold=False, color='black', colorSpace='named', contrast=1.0, depth=0.0, flipHoriz=False, flipVert=False, font='Arial', fontFiles=[], height=0.07, italic=False, languageStyle='LTR', name='welcomeText', opacity=1.0, ori=0, pos=array([0., 0.]), rgb=array([0., 0., 0.]), text=str(...), units='height', win=Window(...), wrapWidth=1)
13.3731 	EXP 	Created instructionsLightBulb1 = ImageStim(__class__=<class 'psychopy.visual.image.ImageStim'>, autoLog=True, color=array([1., 1., 1.]), colorSpace='rgb', contrast=1.0, depth=0.0, flipHoriz=False, flipVert=False, image='lightBulb_OFF.png', interpolate=True, mask=None, maskParams=None, name='instructionsLightBulb1', opacity=1.0, ori=0.0, pos=array([-0.5,  0. ]), size=array([0.4, 0.4]), texRes=128, units='height', win=Window(...))
13.4153 	EXP 	Created instructionsLightBulb2 = ImageStim(__class__=<class 'psychopy.visual.image.ImageStim'>, autoLog=True, color=array([1., 1., 1.]), colorSpace='rgb', contrast=1.0, depth=-1.0, flipHoriz=False, flipVert=False, image='lightBulb_OFF.png', interpolate=True, mask=None, maskParams=None, name='instructionsLightBulb2', opacity=1.0, ori=0.0, pos=array([0.5, 0. ]), size=array([0.4, 0.4]), texRes=128, units='height', win=Window(...))
13.4419 	EXP 	Created instructionsText = TextStim(__class__=<class 'psychopy.visual.text.TextStim'>, alignHoriz=method-wrapper(...), alignText='center', alignVert=method-wrapper(...), anchorHoriz='center', anchorVert='center', antialias=True, autoLog=True, bold=False, color='black', colorSpace='named', contrast=1.0, depth=-2.0, flipHoriz=False, flipVert=False, font='Arial', fontFiles=[], height=0.05, italic=False, languageStyle='LTR', name='instructionsText', opacity=1.0, ori=0, pos=array([0. , 0.3]), rgb=array([0., 0., 0.]), text=str(...), units='height', win=Window(...), wrapWidth=1)
13.4512 	EXP 	Created pressSpace = TextStim(__class__=<class 'psychopy.visual.text.TextStim'>, alignHoriz=method-wrapper(...), alignText='center', alignVert=method-wrapper(...), anchorHoriz='center', anchorVert='center', antialias=True, autoLog=True, bold=False, color='black', colorSpace='named', contrast=1.0, depth=-3.0, flipHoriz=False, flipVert=False, font='Arial', fontFiles=[], height=0.05, italic=False, languageStyle='LTR', name='pressSpace', opacity=1.0, ori=0, pos=array([ 0. , -0.3]), rgb=array([0., 0., 0.]), text='PRESS SPACE to continue', units='height', win=Window(...), wrapWidth=1)
13.4937 	EXP 	Created instructionsLightBulb1_2 = ImageStim(__class__=<class 'psychopy.visual.image.ImageStim'>, autoLog=True, color=array([1., 1., 1.]), colorSpace='rgb', contrast=1.0, depth=0.0, flipHoriz=False, flipVert=False, image='lightBulb_OFF.png', interpolate=True, mask=None, maskParams=None, name='instructionsLightBulb1_2', opacity=1.0, ori=0.0, pos=array([-0.5,  0. ]), size=array([0.4, 0.4]), texRes=128, units='height', win=Window(...))
13.5554 	EXP 	Created instructionsLightBulb2_2 = ImageStim(__class__=<class 'psychopy.visual.image.ImageStim'>, autoLog=True, color=array([1., 1., 1.]), colorSpace='rgb', contrast=1.0, depth=-1.0, flipHoriz=False, flipVert=False, image='lightBulb_OFF.png', interpolate=True, mask=None, maskParams=None, name='instructionsLightBulb2_2', opacity=1.0, ori=0.0, pos=array([0.5, 0. ]), size=array([0.4, 0.4]), texRes=128, units='height', win=Window(...))
13.5619 	EXP 	Created instructionsText_2 = TextStim(__class__=<class 'psychopy.visual.text.TextStim'>, alignHoriz=method-wrapper(...), alignText='center', alignVert=method-wrapper(...), anchorHoriz='center', anchorVert='center', antialias=True, autoLog=True, bold=False, color='black', colorSpace='named', contrast=1.0, depth=-2.0, flipHoriz=False, flipVert=False, font='Arial', fontFiles=[], height=0.05, italic=False, languageStyle='LTR', name='instructionsText_2', opacity=1.0, ori=0, pos=array([0. , 0.3]), rgb=array([0., 0., 0.]), text='In each trial, the light bulbs will blink', units='height', win=Window(...), wrapWidth=1)
13.5656 	EXP 	Created pressSpace_2 = TextStim(__class__=<class 'psychopy.visual.text.TextStim'>, alignHoriz=method-wrapper(...), alignText='center', alignVert=method-wrapper(...), anchorHoriz='center', anchorVert='center', antialias=True, autoLog=True, bold=False, color='black', colorSpace='named', contrast=1.0, depth=-3.0, flipHoriz=False, flipVert=False, font='Arial', fontFiles=[], height=0.05, italic=False, languageStyle='LTR', name='pressSpace_2', opacity=1.0, ori=0, pos=array([ 0. , -0.3]), rgb=array([0., 0., 0.]), text='PRESS SPACE to continue', units='height', win=Window(...), wrapWidth=1)
13.6073 	EXP 	Created instructionsLightBulb1_3 = ImageStim(__class__=<class 'psychopy.visual.image.ImageStim'>, autoLog=True, color=array([1., 1., 1.]), colorSpace='rgb', contrast=1.0, depth=0.0, flipHoriz=False, flipVert=False, image='lightBulb_OFF.png', interpolate=True, mask=None, maskParams=None, name='instructionsLightBulb1_3', opacity=1.0, ori=0.0, pos=array([-0.5,  0. ]), size=array([0.4, 0.4]), texRes=128, units='height', win=Window(...))
13.6470 	EXP 	Created instructionsLightBulb2_3 = ImageStim(__class__=<class 'psychopy.visual.image.ImageStim'>, autoLog=True, color=array([1., 1., 1.]), colorSpace='rgb', contrast=1.0, depth=-1.0, flipHoriz=False, flipVert=False, image='lightBulb_OFF.png', interpolate=True, mask=None, maskParams=None, name='instructionsLightBulb2_3', opacity=1.0, ori=0.0, pos=array([0.5, 0. ]), size=array([0.4, 0.4]), texRes=128, units='height', win=Window(...))
13.6549 	EXP 	Created text_3 = TextStim(__class__=<class 'psychopy.visual.text.TextStim'>, alignHoriz=method-wrapper(...), alignText='center', alignVert=method-wrapper(...), anchorHoriz='center', anchorVert='center', antialias=True, autoLog=True, bold=False, color='black', colorSpace='named', contrast=1.0, depth=-2.0, flipHoriz=False, flipVert=False, font='Arial', fontFiles=[], height=0.05, italic=False, languageStyle='LTR', name='text_3', opacity=1.0, ori=0, pos=array([0. , 0.3]), rgb=array([0., 0., 0.]), text=str(...), units='height', win=Window(...), wrapWidth=1)
13.6592 	EXP 	Created pressSpace_3 = TextStim(__class__=<class 'psychopy.visual.text.TextStim'>, alignHoriz=method-wrapper(...), alignText='center', alignVert=method-wrapper(...), anchorHoriz='center', anchorVert='center', antialias=True, autoLog=True, bold=False, color='black', colorSpace='named', contrast=1.0, depth=-3.0, flipHoriz=False, flipVert=False, font='Arial', fontFiles=[], height=0.05, italic=False, languageStyle='LTR', name='pressSpace_3', opacity=1.0, ori=0, pos=array([ 0. , -0.3]), rgb=array([0., 0., 0.]), text='Press SPACE to see light bulb 1 blink', units='height', win=Window(...), wrapWidth=1)
13.6983 	EXP 	Created instructionsLightBulb1_4 = ImageStim(__class__=<class 'psychopy.visual.image.ImageStim'>, autoLog=True, color=array([1., 1., 1.]), colorSpace='rgb', contrast=1.0, depth=0.0, flipHoriz=False, flipVert=False, image='lightBulb_ON.png', interpolate=True, mask=None, maskParams=None, name='instructionsLightBulb1_4', opacity=1.0, ori=0.0, pos=array([-0.5,  0. ]), size=array([0.4, 0.4]), texRes=128, units='height', win=Window(...))
13.7389 	EXP 	Created instructionsLightBulb2_4 = ImageStim(__class__=<class 'psychopy.visual.image.ImageStim'>, autoLog=True, color=array([1., 1., 1.]), colorSpace='rgb', contrast=1.0, depth=-1.0, flipHoriz=False, flipVert=False, image='lightBulb_OFF.png', interpolate=True, mask=None, maskParams=None, name='instructionsLightBulb2_4', opacity=1.0, ori=0.0, pos=array([0.5, 0. ]), size=array([0.4, 0.4]), texRes=128, units='height', win=Window(...))
13.8030 	EXP 	Created instructionsLightBulb1_5 = ImageStim(__class__=<class 'psychopy.visual.image.ImageStim'>, autoLog=True, color=array([1., 1., 1.]), colorSpace='rgb', contrast=1.0, depth=0.0, flipHoriz=False, flipVert=False, image='lightBulb_OFF.png', interpolate=True, mask=None, maskParams=None, name='instructionsLightBulb1_5', opacity=1.0, ori=0.0, pos=array([-0.5,  0. ]), size=array([0.4, 0.4]), texRes=128, units='height', win=Window(...))
13.8650 	EXP 	Created instructionsLightBulb2_5 = ImageStim(__class__=<class 'psychopy.visual.image.ImageStim'>, autoLog=True, color=array([1., 1., 1.]), colorSpace='rgb', contrast=1.0, depth=-1.0, flipHoriz=False, flipVert=False, image='lightBulb_OFF.png', interpolate=True, mask=None, maskParams=None, name='instructionsLightBulb2_5', opacity=1.0, ori=0.0, pos=array([0.5, 0. ]), size=array([0.4, 0.4]), texRes=128, units='height', win=Window(...))
13.9268 	EXP 	Created instructionsLightBulb2_6 = ImageStim(__class__=<class 'psychopy.visual.image.ImageStim'>, autoLog=True, color=array([1., 1., 1.]), colorSpace='rgb', contrast=1.0, depth=-2.0, flipHoriz=False, flipVert=False, image='lightBulb_ON.png', interpolate=True, mask=None, maskParams=None, name='instructionsLightBulb2_6', opacity=1.0, ori=0.0, pos=array([0.5, 0. ]), size=array([0.4, 0.4]), texRes=128, units='height', win=Window(...))
13.9362 	EXP 	Created text_4 = TextStim(__class__=<class 'psychopy.visual.text.TextStim'>, alignHoriz=method-wrapper(...), alignText='center', alignVert=method-wrapper(...), anchorHoriz='center', anchorVert='center', antialias=True, autoLog=True, bold=False, color='black', colorSpace='named', contrast=1.0, depth=-3.0, flipHoriz=False, flipVert=False, font='Arial', fontFiles=[], height=0.05, italic=False, languageStyle='LTR', name='text_4', opacity=1.0, ori=0, pos=array([0. , 0.3]), rgb=array([0., 0., 0.]), text=str(...), units='height', win=Window(...), wrapWidth=1)
13.9394 	EXP 	Created pressSpace_4 = TextStim(__class__=<class 'psychopy.visual.text.TextStim'>, alignHoriz=method-wrapper(...), alignText='center', alignVert=method-wrapper(...), anchorHoriz='center', anchorVert='center', antialias=True, autoLog=True, bold=False, color='black', colorSpace='named', contrast=1.0, depth=-4.0, flipHoriz=False, flipVert=False, font='Arial', fontFiles=[], height=0.05, italic=False, languageStyle='LTR', name='pressSpace_4', opacity=1.0, ori=0, pos=array([ 0. , -0.3]), rgb=array([0., 0., 0.]), text='Press SPACE to continue', units='height', win=Window(...), wrapWidth=1)
13.9517 	EXP 	Created text_2 = TextStim(__class__=<class 'psychopy.visual.text.TextStim'>, alignHoriz=method-wrapper(...), alignText='center', alignVert=method-wrapper(...), anchorHoriz='center', anchorVert='center', antialias=True, autoLog=True, bold=False, color='black', colorSpace='named', contrast=1.0, depth=0.0, flipHoriz=False, flipVert=False, font='Arial', fontFiles=[], height=0.07, italic=False, languageStyle='LTR', name='text_2', opacity=1.0, ori=0, pos=array([0., 0.]), rgb=array([0., 0., 0.]), text=str(...), units='height', win=Window(...), wrapWidth=1)
13.9596 	EXP 	Created text_5 = TextStim(__class__=<class 'psychopy.visual.text.TextStim'>, alignHoriz=method-wrapper(...), alignText='center', alignVert=method-wrapper(...), anchorHoriz='center', anchorVert='center', antialias=True, autoLog=True, bold=False, color='black', colorSpace='named', contrast=1.0, depth=-1.0, flipHoriz=False, flipVert=False, font='Arial', fontFiles=[], height=0.07, italic=False, languageStyle='LTR', name='text_5', opacity=1.0, ori=0, pos=array([ 0. , -0.3]), rgb=array([0., 0., 0.]), text='press SPACEBAR to hear this sound', units='height', win=Window(...), wrapWidth=1)
13.9963 	EXP 	Created lightBulbOFF = ImageStim(__class__=<class 'psychopy.visual.image.ImageStim'>, autoLog=True, color=array([1., 1., 1.]), colorSpace='rgb', contrast=1.0, depth=0.0, flipHoriz=False, flipVert=False, image='lightBulb_OFF.png', interpolate=True, mask=None, maskParams=None, name='lightBulbOFF', opacity=1.0, ori=0.0, pos=array([0., 0.]), size=array([0.5, 0.5]), texRes=128, units='height', win=Window(...))
14.0341 	EXP 	Created lightBulbON = ImageStim(__class__=<class 'psychopy.visual.image.ImageStim'>, autoLog=True, color=array([1., 1., 1.]), colorSpace='rgb', contrast=1.0, depth=-1.0, flipHoriz=False, flipVert=False, image='lightBulb_ON.png', interpolate=True, mask=None, maskParams=None, name='lightBulbON', opacity=1.0, ori=0.0, pos=array([0., 0.]), size=array([0.5, 0.5]), texRes=128, units='height', win=Window(...))
14.0627 	EXP 	Sound sound_1 set volume 1.000
14.0961 	EXP 	Created instructions_8_firstLine = TextStim(__class__=<class 'psychopy.visual.text.TextStim'>, alignHoriz=method-wrapper(...), alignText='center', alignVert=method-wrapper(...), anchorHoriz='center', anchorVert='center', antialias=True, autoLog=True, bold=False, color='black', colorSpace='named', contrast=1.0, depth=0.0, flipHoriz=False, flipVert=False, font='Arial', fontFiles=[], height=0.04, italic=False, languageStyle='LTR', name='instructions_8_firstLine', opacity=1.0, ori=0, pos=array([0. , 0.2]), rgb=array([0., 0., 0.]), text=str(...), units='height', win=Window(...), wrapWidth=1)
14.1065 	EXP 	Created text_8 = TextStim(__class__=<class 'psychopy.visual.text.TextStim'>, alignHoriz=method-wrapper(...), alignText='center', alignVert=method-wrapper(...), anchorHoriz='center', anchorVert='center', antialias=True, autoLog=True, bold=False, color='black', colorSpace='named', contrast=1.0, depth=-1.0, flipHoriz=False, flipVert=False, font='Arial', fontFiles=[], height=0.04, italic=False, languageStyle='LTR', name='text_8', opacity=1.0, ori=0, pos=array([0. , 0.1]), rgb=array([0., 0., 0.]), text=str(...), units='height', win=Window(...), wrapWidth=1)
14.1170 	EXP 	Created text_9 = TextStim(__class__=<class 'psychopy.visual.text.TextStim'>, alignHoriz=method-wrapper(...), alignText='center', alignVert=method-wrapper(...), anchorHoriz='center', anchorVert='center', antialias=True, autoLog=True, bold=False, color='black', colorSpace='named', contrast=1.0, depth=-2.0, flipHoriz=False, flipVert=False, font='Arial', fontFiles=[], height=0.04, italic=False, languageStyle='LTR', name='text_9', opacity=1.0, ori=0, pos=array([ 0.  , -0.02]), rgb=array([0., 0., 0.]), text=str(...), units='height', win=Window(...), wrapWidth=1)
14.1208 	EXP 	Created instructions_8_pressP = TextStim(__class__=<class 'psychopy.visual.text.TextStim'>, alignHoriz=method-wrapper(...), alignText='center', alignVert=method-wrapper(...), anchorHoriz='center', anchorVert='center', antialias=True, autoLog=True, bold=False, color='black', colorSpace='named', contrast=1.0, depth=-3.0, flipHoriz=False, flipVert=False, font='Arial', fontFiles=[], height=0.04, italic=False, languageStyle='LTR', name='instructions_8_pressP', opacity=1.0, ori=0, pos=array([ 0. , -0.3]), rgb=array([0., 0., 0.]), text="press 'p' to begin the practice trials!", units='height', win=Window(...), wrapWidth=1)
14.1320 	EXP 	Created text_6 = TextStim(__class__=<class 'psychopy.visual.text.TextStim'>, alignHoriz=method-wrapper(...), alignText='center', alignVert=method-wrapper(...), anchorHoriz='center', anchorVert='center', antialias=True, autoLog=True, bold=False, color='black', colorSpace='named', contrast=1.0, depth=0.0, flipHoriz=False, flipVert=False, font='Arial', fontFiles=[], height=0.1, italic=False, languageStyle='LTR', name='text_6', opacity=1.0, ori=0, pos=array([0., 0.]), rgb=array([0., 0., 0.]), text='+', units='height', win=Window(...), wrapWidth=1)
14.1351 	EXP 	Created firstVisualStimulus_2 = TextStim(__class__=<class 'psychopy.visual.text.TextStim'>, alignHoriz=method-wrapper(...), alignText='center', alignVert=method-wrapper(...), anchorHoriz='center', anchorVert='center', antialias=True, autoLog=True, bold=False, color='black', colorSpace='named', contrast=1.0, depth=-1.0, flipHoriz=False, flipVert=False, font='Arial', fontFiles=[], height=0.1, italic=False, languageStyle='LTR', name='firstVisualStimulus_2', opacity=1.0, ori=0, pos=array([0., 0.]), rgb=array([0., 0., 0.]), text='1', units='height', win=Window(...), wrapWidth=1)
14.1352 	EXP 	Sound firstChoiceProbeTone_2 set volume 1.000
14.1735 	EXP 	Created firstChoiceLeftStimulus_2 = ImageStim(__class__=<class 'psychopy.visual.image.ImageStim'>, autoLog=True, color=array([1., 1., 1.]), colorSpace='rgb', contrast=1.0, depth=-3.0, flipHoriz=False, flipVert=False, image='lightBulb_ON.png', interpolate=True, mask=None, maskParams=None, name='firstChoiceLeftStimulus_2', opacity=1.0, ori=0.0, pos=array([-0.5,  0. ]), size=array([0.4, 0.4]), texRes=128, units='height', win=Window(...))
14.2107 	EXP 	Created firstChoiceRightStimulus_2 = ImageStim(__class__=<class 'psychopy.visual.image.ImageStim'>, autoLog=True, color=array([1., 1., 1.]), colorSpace='rgb', contrast=1.0, depth=-4.0, flipHoriz=False, flipVert=False, image='lightBulb_OFF.png', interpolate=True, mask=None, maskParams=None, name='firstChoiceRightStimulus_2', opacity=1.0, ori=0.0, pos=array([0.5, 0. ]), size=array([0.4, 0.4]), texRes=128, units='height', win=Window(...))
14.2169 	EXP 	Created ISIVisualStimulus_3 = TextStim(__class__=<class 'psychopy.visual.text.TextStim'>, alignHoriz=method-wrapper(...), alignText='center', alignVert=method-wrapper(...), anchorHoriz='center', anchorVert='center', antialias=True, autoLog=True, bold=False, color='black', colorSpace='named', contrast=1.0, depth=0.0, flipHoriz=False, flipVert=False, font='Arial', fontFiles=[], height=0.1, italic=False, languageStyle='LTR', name='ISIVisualStimulus_3', opacity=1.0, ori=0, pos=array([0., 0.]), rgb=array([0., 0., 0.]), text='ISI', units='height', win=Window(...), wrapWidth=1)
14.2566 	EXP 	Created rightStimulus_3 = ImageStim(__class__=<class 'psychopy.visual.image.ImageStim'>, autoLog=True, color=array([1., 1., 1.]), colorSpace='rgb', contrast=1.0, depth=-1.0, flipHoriz=False, flipVert=False, image='lightBulb_OFF.png', interpolate=True, mask=None, maskParams=None, name='rightStimulus_3', opacity=1.0, ori=0.0, pos=array([0.5, 0. ]), size=array([0.4, 0.4]), texRes=128, units='height', win=Window(...))
14.2930 	EXP 	Created leftStimulus_3 = ImageStim(__class__=<class 'psychopy.visual.image.ImageStim'>, autoLog=True, color=array([1., 1., 1.]), colorSpace='rgb', contrast=1.0, depth=-2.0, flipHoriz=False, flipVert=False, image='lightBulb_OFF.png', interpolate=True, mask=None, maskParams=None, name='leftStimulus_3', opacity=1.0, ori=0.0, pos=array([-0.5,  0. ]), size=array([0.4, 0.4]), texRes=128, units='height', win=Window(...))
14.2977 	EXP 	Created secondVisualStimulus_2 = TextStim(__class__=<class 'psychopy.visual.text.TextStim'>, alignHoriz=method-wrapper(...), alignText='center', alignVert=method-wrapper(...), anchorHoriz='center', anchorVert='center', antialias=True, autoLog=True, bold=False, color='black', colorSpace='named', contrast=1.0, depth=-1.0, flipHoriz=False, flipVert=False, font='Arial', fontFiles=[], height=0.1, italic=False, languageStyle='LTR', name='secondVisualStimulus_2', opacity=1.0, ori=0, pos=array([0., 0.]), rgb=array([0., 0., 0.]), text='2', units='height', win=Window(...), wrapWidth=1)
14.2978 	EXP 	Sound secondChoiceTone_2 set volume 1.000
14.3361 	EXP 	Created secondChoiceLeftStimulus_2 = ImageStim(__class__=<class 'psychopy.visual.image.ImageStim'>, autoLog=True, color=array([1., 1., 1.]), colorSpace='rgb', contrast=1.0, depth=-3.0, flipHoriz=False, flipVert=False, image='lightBulb_OFF.png', interpolate=True, mask=None, maskParams=None, name='secondChoiceLeftStimulus_2', opacity=1.0, ori=0.0, pos=array([-0.5,  0. ]), size=array([0.4, 0.4]), texRes=128, units='height', win=Window(...))
14.3752 	EXP 	Created secondChoiceRightStimulus_2 = ImageStim(__class__=<class 'psychopy.visual.image.ImageStim'>, autoLog=True, color=array([1., 1., 1.]), colorSpace='rgb', contrast=1.0, depth=-4.0, flipHoriz=False, flipVert=False, image='lightBulb_ON.png', interpolate=True, mask=None, maskParams=None, name='secondChoiceRightStimulus_2', opacity=1.0, ori=0.0, pos=array([0.5, 0. ]), size=array([0.4, 0.4]), texRes=128, units='height', win=Window(...))
14.4024 	EXP 	Created decisionTextProbe_2 = TextStim(__class__=<class 'psychopy.visual.text.TextStim'>, alignHoriz=method-wrapper(...), alignText='center', alignVert=method-wrapper(...), anchorHoriz='center', anchorVert='center', antialias=True, autoLog=True, bold=False, color='black', colorSpace='named', contrast=1.0, depth=-1.0, flipHoriz=False, flipVert=False, font='Arial', fontFiles=[], height=0.1, italic=False, languageStyle='LTR', name='decisionTextProbe_2', opacity=1.0, ori=0, pos=array([0., 0.]), rgb=array([0., 0., 0.]), text=str(...), units='height', win=Window(...), wrapWidth=1)
14.4100 	EXP 	Created feedbackText_2 = TextStim(__class__=<class 'psychopy.visual.text.TextStim'>, alignHoriz=method-wrapper(...), alignText='center', alignVert=method-wrapper(...), anchorHoriz='center', anchorVert='center', antialias=True, autoLog=True, bold=False, color='black', colorSpace='named', contrast=1.0, depth=-1.0, flipHoriz=False, flipVert=False, font='Arial', fontFiles=[], height=0.1, italic=False, languageStyle='LTR', name='feedbackText_2', opacity=1.0, ori=0, pos=array([0., 0.]), rgb=array([0., 0., 0.]), text='default text', units='height', win=Window(...), wrapWidth=1)
14.4330 	EXP 	Created text_7 = TextStim(__class__=<class 'psychopy.visual.text.TextStim'>, alignHoriz=method-wrapper(...), alignText='center', alignVert=method-wrapper(...), anchorHoriz='center', anchorVert='center', antialias=True, autoLog=True, bold=False, color='black', colorSpace='named', contrast=1.0, depth=0.0, flipHoriz=False, flipVert=False, font='Arial', fontFiles=[], height=0.05, italic=False, languageStyle='LTR', name='text_7', opacity=1.0, ori=0, pos=array([0., 0.]), rgb=array([0., 0., 0.]), text=str(...), units='height', win=Window(...), wrapWidth=1)
14.4588 	EXP 	Created text_10 = TextStim(__class__=<class 'psychopy.visual.text.TextStim'>, alignHoriz=method-wrapper(...), alignText='center', alignVert=method-wrapper(...), anchorHoriz='center', anchorVert='center', antialias=True, autoLog=True, bold=False, color='black', colorSpace='named', contrast=1.0, depth=0.0, flipHoriz=False, flipVert=False, font='Arial', fontFiles=[], height=0.05, italic=False, languageStyle='LTR', name='text_10', opacity=1.0, ori=0, pos=array([0., 0.]), rgb=array([0., 0., 0.]), text=str(...), units='height', win=Window(...), wrapWidth=1)
14.4612 	EXP 	Created firstITI = TextStim(__class__=<class 'psychopy.visual.text.TextStim'>, alignHoriz=method-wrapper(...), alignText='center', alignVert=method-wrapper(...), anchorHoriz='center', anchorVert='center', antialias=True, autoLog=True, bold=False, color='black', colorSpace='named', contrast=1.0, depth=-1.0, flipHoriz=False, flipVert=False, font='Arial', fontFiles=[], height=0.1, italic=False, languageStyle='LTR', name='firstITI', opacity=1.0, ori=0, pos=array([0., 0.]), rgb=array([0., 0., 0.]), text='+', units='height', win=Window(...), wrapWidth=1)
14.4632 	EXP 	Created text = TextStim(__class__=<class 'psychopy.visual.text.TextStim'>, alignHoriz=method-wrapper(...), alignText='center', alignVert=method-wrapper(...), anchorHoriz='center', anchorVert='center', antialias=True, autoLog=True, bold=False, color='black', colorSpace='named', contrast=1.0, depth=0.0, flipHoriz=False, flipVert=False, font='Arial', fontFiles=[], height=0.1, italic=False, languageStyle='LTR', name='text', opacity=1.0, ori=0, pos=array([0., 0.]), rgb=array([0., 0., 0.]), text='+', units='height', win=Window(...), wrapWidth=1)
14.4655 	EXP 	Created firstVisualStimulus = TextStim(__class__=<class 'psychopy.visual.text.TextStim'>, alignHoriz=method-wrapper(...), alignText='center', alignVert=method-wrapper(...), anchorHoriz='center', anchorVert='center', antialias=True, autoLog=True, bold=False, color='black', colorSpace='named', contrast=1.0, depth=-1.0, flipHoriz=False, flipVert=False, font='Arial', fontFiles=[], height=0.1, italic=False, languageStyle='LTR', name='firstVisualStimulus', opacity=1.0, ori=0, pos=array([0., 0.]), rgb=array([0., 0., 0.]), text='1', units='height', win=Window(...), wrapWidth=1)
14.4675 	EXP 	Sound firstChoiceNoise set volume 1.000
14.4676 	EXP 	Sound firstChoiceProbeTone set volume 1.000
14.5061 	EXP 	Created firstChoiceLeftStimulus = ImageStim(__class__=<class 'psychopy.visual.image.ImageStim'>, autoLog=True, color=array([1., 1., 1.]), colorSpace='rgb', contrast=1.0, depth=-4.0, flipHoriz=False, flipVert=False, image='lightBulb_ON.png', interpolate=True, mask=None, maskParams=None, name='firstChoiceLeftStimulus', opacity=1.0, ori=0.0, pos=array([-0.5,  0. ]), size=array([0.4, 0.4]), texRes=128, units='height', win=Window(...))
14.5429 	EXP 	Created firstChoiceRightStimulus = ImageStim(__class__=<class 'psychopy.visual.image.ImageStim'>, autoLog=True, color=array([1., 1., 1.]), colorSpace='rgb', contrast=1.0, depth=-5.0, flipHoriz=False, flipVert=False, image='lightBulb_OFF.png', interpolate=True, mask=None, maskParams=None, name='firstChoiceRightStimulus', opacity=1.0, ori=0.0, pos=array([0.5, 0. ]), size=array([0.4, 0.4]), texRes=128, units='height', win=Window(...))
14.5470 	EXP 	Created ISIVisualStimulus = TextStim(__class__=<class 'psychopy.visual.text.TextStim'>, alignHoriz=method-wrapper(...), alignText='center', alignVert=method-wrapper(...), anchorHoriz='center', anchorVert='center', antialias=True, autoLog=True, bold=False, color='black', colorSpace='named', contrast=1.0, depth=0.0, flipHoriz=False, flipVert=False, font='Arial', fontFiles=[], height=0.1, italic=False, languageStyle='LTR', name='ISIVisualStimulus', opacity=1.0, ori=0, pos=array([0., 0.]), rgb=array([0., 0., 0.]), text='ISI', units='height', win=Window(...), wrapWidth=1)
14.5869 	EXP 	Created rightStimulus = ImageStim(__class__=<class 'psychopy.visual.image.ImageStim'>, autoLog=True, color=array([1., 1., 1.]), colorSpace='rgb', contrast=1.0, depth=-1.0, flipHoriz=False, flipVert=False, image='lightBulb_OFF.png', interpolate=True, mask=None, maskParams=None, name='rightStimulus', opacity=1.0, ori=0.0, pos=array([0.5, 0. ]), size=array([0.4, 0.4]), texRes=128, units='height', win=Window(...))
14.6262 	EXP 	Created leftStimulus = ImageStim(__class__=<class 'psychopy.visual.image.ImageStim'>, autoLog=True, color=array([1., 1., 1.]), colorSpace='rgb', contrast=1.0, depth=-2.0, flipHoriz=False, flipVert=False, image='lightBulb_OFF.png', interpolate=True, mask=None, maskParams=None, name='leftStimulus', opacity=1.0, ori=0.0, pos=array([-0.5,  0. ]), size=array([0.4, 0.4]), texRes=128, units='height', win=Window(...))
14.6293 	EXP 	Created secondVisualStimulus = TextStim(__class__=<class 'psychopy.visual.text.TextStim'>, alignHoriz=method-wrapper(...), alignText='center', alignVert=method-wrapper(...), anchorHoriz='center', anchorVert='center', antialias=True, autoLog=True, bold=False, color='black', colorSpace='named', contrast=1.0, depth=-1.0, flipHoriz=False, flipVert=False, font='Arial', fontFiles=[], height=0.1, italic=False, languageStyle='LTR', name='secondVisualStimulus', opacity=1.0, ori=0, pos=array([0., 0.]), rgb=array([0., 0., 0.]), text='2', units='height', win=Window(...), wrapWidth=1)
14.6310 	EXP 	Sound secondChoiceNoise set volume 1.000
14.6310 	EXP 	Sound secondChoiceTone set volume 1.000
14.6703 	EXP 	Created secondChoiceLeftStimulus = ImageStim(__class__=<class 'psychopy.visual.image.ImageStim'>, autoLog=True, color=array([1., 1., 1.]), colorSpace='rgb', contrast=1.0, depth=-4.0, flipHoriz=False, flipVert=False, image='lightBulb_OFF.png', interpolate=True, mask=None, maskParams=None, name='secondChoiceLeftStimulus', opacity=1.0, ori=0.0, pos=array([-0.5,  0. ]), size=array([0.4, 0.4]), texRes=128, units='height', win=Window(...))
14.7079 	EXP 	Created secondChoiceRightStimulus = ImageStim(__class__=<class 'psychopy.visual.image.ImageStim'>, autoLog=True, color=array([1., 1., 1.]), colorSpace='rgb', contrast=1.0, depth=-5.0, flipHoriz=False, flipVert=False, image='lightBulb_ON.png', interpolate=True, mask=None, maskParams=None, name='secondChoiceRightStimulus', opacity=1.0, ori=0.0, pos=array([0.5, 0. ]), size=array([0.4, 0.4]), texRes=128, units='height', win=Window(...))
14.7156 	EXP 	Created decisionTextProbe = TextStim(__class__=<class 'psychopy.visual.text.TextStim'>, alignHoriz=method-wrapper(...), alignText='center', alignVert=method-wrapper(...), anchorHoriz='center', anchorVert='center', antialias=True, autoLog=True, bold=False, color='black', colorSpace='named', contrast=1.0, depth=-1.0, flipHoriz=False, flipVert=False, font='Arial', fontFiles=[], height=0.1, italic=False, languageStyle='LTR', name='decisionTextProbe', opacity=1.0, ori=0, pos=array([0., 0.]), rgb=array([0., 0., 0.]), text=str(...), units='height', win=Window(...), wrapWidth=1)
14.7198 	EXP 	Created feedbackText = TextStim(__class__=<class 'psychopy.visual.text.TextStim'>, alignHoriz=method-wrapper(...), alignText='center', alignVert=method-wrapper(...), anchorHoriz='center', anchorVert='center', antialias=True, autoLog=True, bold=False, color='black', colorSpace='named', contrast=1.0, depth=-1.0, flipHoriz=False, flipVert=False, font='Arial', fontFiles=[], height=0.1, italic=False, languageStyle='LTR', name='feedbackText', opacity=1.0, ori=0, pos=array([0., 0.]), rgb=array([0., 0., 0.]), text='default text', units='height', win=Window(...), wrapWidth=1)
14.7520 	EXP 	welcomeText: autoDraw = True
15.6460 	DATA 	Keypress: space
15.6504 	EXP 	welcomeText: autoDraw = False
15.6504 	EXP 	instructionsLightBulb1: autoDraw = True
15.6504 	EXP 	instructionsLightBulb2: autoDraw = True
15.6504 	EXP 	instructionsText: autoDraw = True
15.6504 	EXP 	pressSpace: autoDraw = True
16.4095 	DATA 	Keypress: space
16.4131 	EXP 	instructionsLightBulb1: autoDraw = False
16.4131 	EXP 	instructionsLightBulb2: autoDraw = False
16.4131 	EXP 	instructionsText: autoDraw = False
16.4131 	EXP 	pressSpace: autoDraw = False
16.4131 	EXP 	instructionsLightBulb1_2: autoDraw = True
16.4131 	EXP 	instructionsLightBulb2_2: autoDraw = True
16.4131 	EXP 	instructionsText_2: autoDraw = True
16.4131 	EXP 	pressSpace_2: autoDraw = True
17.0968 	DATA 	Keypress: space
17.1003 	EXP 	instructionsLightBulb1_2: autoDraw = False
17.1003 	EXP 	instructionsLightBulb2_2: autoDraw = False
17.1003 	EXP 	instructionsText_2: autoDraw = False
17.1003 	EXP 	pressSpace_2: autoDraw = False
17.1003 	EXP 	instructionsLightBulb1_3: autoDraw = True
17.1003 	EXP 	instructionsLightBulb2_3: autoDraw = True
17.1003 	EXP 	text_3: autoDraw = True
17.1003 	EXP 	pressSpace_3: autoDraw = True
17.4705 	DATA 	Keypress: space
17.5508 	EXP 	instructionsLightBulb1_3: autoDraw = False
17.5508 	EXP 	instructionsLightBulb2_3: autoDraw = False
17.5508 	EXP 	text_3: autoDraw = False
17.5508 	EXP 	pressSpace_3: autoDraw = False
17.5508 	EXP 	instructionsLightBulb1_4: autoDraw = True
17.5508 	EXP 	instructionsLightBulb2_4: autoDraw = True
18.5810 	EXP 	instructionsLightBulb1_4: autoDraw = False
18.5810 	EXP 	instructionsLightBulb2_4: autoDraw = False
18.5810 	EXP 	instructionsLightBulb1_5: autoDraw = True
18.5810 	EXP 	instructionsLightBulb2_5: autoDraw = True
18.5810 	EXP 	text_4: autoDraw = True
21.4863 	EXP 	instructionsLightBulb2_6: autoDraw = True
21.5864 	EXP 	instructionsLightBulb2_5: autoDraw = False
22.4873 	EXP 	pressSpace_4: autoDraw = True
22.8449 	DATA 	Keypress: space
22.8543 	EXP 	instructionsLightBulb1_5: autoDraw = False
22.8543 	EXP 	instructionsLightBulb2_5: autoDraw = False
22.8543 	EXP 	instructionsLightBulb2_6: autoDraw = False
22.8543 	EXP 	text_4: autoDraw = False
22.8543 	EXP 	pressSpace_4: autoDraw = False
22.8543 	EXP 	text_2: autoDraw = True
23.7257 	DATA 	Keypress: space
24.8396 	EXP 	text_5: autoDraw = True
32.0554 	DATA 	Keypress: space
32.0635 	EXP 	text_2: autoDraw = False
32.0635 	EXP 	text_5: autoDraw = False
32.0635 	EXP 	lightBulbOFF: autoDraw = True
34.0618 	EXP 	lightBulbON: autoDraw = True
34.0816 	EXP 	lightBulbOFF: autoDraw = False
35.0676 	EXP 	lightBulbON: autoDraw = False
35.0676 	EXP 	lightBulbOFF: autoDraw = False
35.0676 	EXP 	lightBulbON: autoDraw = False
35.0676 	EXP 	instructions_8_firstLine: autoDraw = True
35.8868 	DATA 	Keypress: space
37.0520 	EXP 	text_8: autoDraw = True
39.0372 	EXP 	text_9: autoDraw = True
39.2897 	DATA 	Keypress: space
41.0392 	EXP 	instructions_8_pressP: autoDraw = True
41.9117 	DATA 	Keypress: space
42.7277 	DEBUG 	Read Excel file with pandas: practiceConditionsFile.xlsx
42.7293 	DEBUG 	Clearing unnamed columns from practiceConditionsFile.xlsx
42.7296 	EXP 	Imported practiceConditionsFile.xlsx as conditions, 5 conditions, 1 params
42.7299 	EXP 	Created sequence: sequential, trialTypes=5, nReps=1, seed=None
42.7302 	EXP 	New trial (rep=0, index=0): OrderedDict([('condition', 1)])
42.7323 	DATA 	Keypress: p
42.7346 	EXP 	instructions_8_firstLine: autoDraw = False
42.7346 	EXP 	text_8: autoDraw = False
42.7346 	EXP 	text_9: autoDraw = False
42.7346 	EXP 	instructions_8_pressP: autoDraw = False
42.7346 	EXP 	text_6: autoDraw = True
45.7708 	EXP 	text_6: autoDraw = False
45.7708 	EXP 	firstVisualStimulus_2: autoDraw = True
45.7708 	EXP 	firstChoiceLeftStimulus_2: autoDraw = True
45.7708 	EXP 	firstChoiceRightStimulus_2: autoDraw = True
46.1527 	EXP 	firstVisualStimulus_2: autoDraw = False
46.1527 	EXP 	firstChoiceLeftStimulus_2: autoDraw = False
46.1527 	EXP 	firstChoiceRightStimulus_2: autoDraw = False
46.1527 	EXP 	firstVisualStimulus_2: autoDraw = False
46.1527 	EXP 	firstChoiceLeftStimulus_2: autoDraw = False
46.1527 	EXP 	firstChoiceRightStimulus_2: autoDraw = False
46.1527 	EXP 	ISIVisualStimulus_3: autoDraw = True
46.1527 	EXP 	rightStimulus_3: autoDraw = True
46.1527 	EXP 	leftStimulus_3: autoDraw = True
49.1701 	EXP 	ISIVisualStimulus_3: autoDraw = False
49.1701 	EXP 	rightStimulus_3: autoDraw = False
49.1701 	EXP 	leftStimulus_3: autoDraw = False
49.1701 	EXP 	secondVisualStimulus_2: autoDraw = True
49.1701 	EXP 	secondChoiceLeftStimulus_2: autoDraw = True
49.1701 	EXP 	secondChoiceRightStimulus_2: autoDraw = True
49.4975 	EXP 	secondVisualStimulus_2: autoDraw = False
49.4975 	EXP 	secondChoiceLeftStimulus_2: autoDraw = False
49.4975 	EXP 	secondChoiceRightStimulus_2: autoDraw = False
49.4975 	EXP 	secondVisualStimulus_2: autoDraw = False
49.4975 	EXP 	secondChoiceLeftStimulus_2: autoDraw = False
49.4975 	EXP 	secondChoiceRightStimulus_2: autoDraw = False
49.4975 	EXP 	decisionTextProbe_2: autoDraw = True
50.9349 	WARNING 	Got keycode {} but that code isn't yet known
50.9349 	WARNING 	Keypress was given unknown key code (176)
51.7040 	WARNING 	Got keycode {} but that code isn't yet known
51.7040 	WARNING 	Keypress was given unknown key code (174)
53.0954 	DATA 	Keypress: 1
53.1013 	EXP 	decisionTextProbe_2: autoDraw = False
53.1013 	EXP 	feedbackText_2: text = 'Correct'
53.1013 	EXP 	feedbackText_2: autoDraw = True
54.0883 	EXP 	New trial (rep=0, index=1): OrderedDict([('condition', 2)])
54.1025 	EXP 	feedbackText_2: autoDraw = False
54.1025 	EXP 	feedbackText_2: autoDraw = False
54.1025 	EXP 	text_6: autoDraw = True
57.1053 	EXP 	text_6: autoDraw = False
57.1053 	EXP 	text_6: autoDraw = False
57.1053 	EXP 	firstVisualStimulus_2: autoDraw = True
57.1053 	EXP 	firstChoiceLeftStimulus_2: autoDraw = True
57.1053 	EXP 	firstChoiceRightStimulus_2: autoDraw = True
57.4390 	EXP 	firstVisualStimulus_2: autoDraw = False
57.4390 	EXP 	firstChoiceLeftStimulus_2: autoDraw = False
57.4390 	EXP 	firstChoiceRightStimulus_2: autoDraw = False
57.4390 	EXP 	firstVisualStimulus_2: autoDraw = False
57.4390 	EXP 	firstChoiceLeftStimulus_2: autoDraw = False
57.4390 	EXP 	firstChoiceRightStimulus_2: autoDraw = False
57.4390 	EXP 	ISIVisualStimulus_3: autoDraw = True
57.4390 	EXP 	rightStimulus_3: autoDraw = True
57.4390 	EXP 	leftStimulus_3: autoDraw = True
60.4420 	EXP 	ISIVisualStimulus_3: autoDraw = False
60.4420 	EXP 	rightStimulus_3: autoDraw = False
60.4420 	EXP 	leftStimulus_3: autoDraw = False
60.4420 	EXP 	ISIVisualStimulus_3: autoDraw = False
60.4420 	EXP 	rightStimulus_3: autoDraw = False
60.4420 	EXP 	leftStimulus_3: autoDraw = False
60.4420 	EXP 	secondVisualStimulus_2: autoDraw = True
60.4420 	EXP 	secondChoiceLeftStimulus_2: autoDraw = True
60.4420 	EXP 	secondChoiceRightStimulus_2: autoDraw = True
60.7754 	EXP 	secondVisualStimulus_2: autoDraw = False
60.7754 	EXP 	secondChoiceLeftStimulus_2: autoDraw = False
60.7754 	EXP 	secondChoiceRightStimulus_2: autoDraw = False
60.7754 	EXP 	secondVisualStimulus_2: autoDraw = False
60.7754 	EXP 	secondChoiceLeftStimulus_2: autoDraw = False
60.7754 	EXP 	secondChoiceRightStimulus_2: autoDraw = False
60.7754 	EXP 	decisionTextProbe_2: autoDraw = True
65.4044 	DATA 	Keypress: 2
65.4135 	EXP 	decisionTextProbe_2: autoDraw = False
65.4135 	EXP 	feedbackText_2: text = 'Correct'
65.4135 	EXP 	feedbackText_2: autoDraw = True
66.3997 	EXP 	New trial (rep=0, index=2): OrderedDict([('condition', 1)])
66.4146 	EXP 	feedbackText_2: autoDraw = False
66.4146 	EXP 	feedbackText_2: autoDraw = False
66.4146 	EXP 	text_6: autoDraw = True
69.4175 	EXP 	text_6: autoDraw = False
69.4175 	EXP 	text_6: autoDraw = False
69.4175 	EXP 	firstVisualStimulus_2: autoDraw = True
69.4175 	EXP 	firstChoiceLeftStimulus_2: autoDraw = True
69.4175 	EXP 	firstChoiceRightStimulus_2: autoDraw = True
69.7512 	EXP 	firstVisualStimulus_2: autoDraw = False
69.7512 	EXP 	firstChoiceLeftStimulus_2: autoDraw = False
69.7512 	EXP 	firstChoiceRightStimulus_2: autoDraw = False
69.7512 	EXP 	firstVisualStimulus_2: autoDraw = False
69.7512 	EXP 	firstChoiceLeftStimulus_2: autoDraw = False
69.7512 	EXP 	firstChoiceRightStimulus_2: autoDraw = False
69.7512 	EXP 	ISIVisualStimulus_3: autoDraw = True
69.7512 	EXP 	rightStimulus_3: autoDraw = True
69.7512 	EXP 	leftStimulus_3: autoDraw = True
72.7543 	EXP 	ISIVisualStimulus_3: autoDraw = False
72.7543 	EXP 	rightStimulus_3: autoDraw = False
72.7543 	EXP 	leftStimulus_3: autoDraw = False
72.7543 	EXP 	secondVisualStimulus_2: autoDraw = True
72.7543 	EXP 	secondChoiceLeftStimulus_2: autoDraw = True
72.7543 	EXP 	secondChoiceRightStimulus_2: autoDraw = True
73.0879 	EXP 	secondVisualStimulus_2: autoDraw = False
73.0879 	EXP 	secondChoiceLeftStimulus_2: autoDraw = False
73.0879 	EXP 	secondChoiceRightStimulus_2: autoDraw = False
73.0879 	EXP 	secondVisualStimulus_2: autoDraw = False
73.0879 	EXP 	secondChoiceLeftStimulus_2: autoDraw = False
73.0879 	EXP 	secondChoiceRightStimulus_2: autoDraw = False
73.0879 	EXP 	decisionTextProbe_2: autoDraw = True
74.8103 	DATA 	Keypress: 2
74.8395 	EXP 	decisionTextProbe_2: autoDraw = False
74.8395 	EXP 	feedbackText_2: text = 'Incorrect'
74.8395 	EXP 	feedbackText_2: autoDraw = True
75.8260 	EXP 	New trial (rep=0, index=3): OrderedDict([('condition', 2)])
75.8406 	EXP 	feedbackText_2: autoDraw = False
75.8406 	EXP 	feedbackText_2: autoDraw = False
75.8406 	EXP 	text_6: autoDraw = True
78.8436 	EXP 	text_6: autoDraw = False
78.8436 	EXP 	text_6: autoDraw = False
78.8436 	EXP 	firstVisualStimulus_2: autoDraw = True
78.8436 	EXP 	firstChoiceLeftStimulus_2: autoDraw = True
78.8436 	EXP 	firstChoiceRightStimulus_2: autoDraw = True
79.1772 	EXP 	firstVisualStimulus_2: autoDraw = False
79.1772 	EXP 	firstChoiceLeftStimulus_2: autoDraw = False
79.1772 	EXP 	firstChoiceRightStimulus_2: autoDraw = False
79.1772 	EXP 	firstVisualStimulus_2: autoDraw = False
79.1772 	EXP 	firstChoiceLeftStimulus_2: autoDraw = False
79.1772 	EXP 	firstChoiceRightStimulus_2: autoDraw = False
79.1772 	EXP 	ISIVisualStimulus_3: autoDraw = True
79.1772 	EXP 	rightStimulus_3: autoDraw = True
79.1772 	EXP 	leftStimulus_3: autoDraw = True
82.1803 	EXP 	ISIVisualStimulus_3: autoDraw = False
82.1803 	EXP 	rightStimulus_3: autoDraw = False
82.1803 	EXP 	leftStimulus_3: autoDraw = False
82.1803 	EXP 	secondVisualStimulus_2: autoDraw = True
82.1803 	EXP 	secondChoiceLeftStimulus_2: autoDraw = True
82.1803 	EXP 	secondChoiceRightStimulus_2: autoDraw = True
82.5138 	EXP 	secondVisualStimulus_2: autoDraw = False
82.5138 	EXP 	secondChoiceLeftStimulus_2: autoDraw = False
82.5138 	EXP 	secondChoiceRightStimulus_2: autoDraw = False
82.5138 	EXP 	secondVisualStimulus_2: autoDraw = False
82.5138 	EXP 	secondChoiceLeftStimulus_2: autoDraw = False
82.5138 	EXP 	secondChoiceRightStimulus_2: autoDraw = False
82.5138 	EXP 	decisionTextProbe_2: autoDraw = True
82.7355 	DATA 	Keypress: escape
83.0821 	EXP 	window1: mouseVisible = True
83.0822 	DEBUG 	Saving data for toneDetectionPlatform_V1.6 ExperimentHandler
83.1036 	INFO 	saved data to C:\Users\W2032175\Documents\GitHub\Open-source-Auditory-Tone-Detection-Task\Auditory Tone Detection Task\data/_toneDetectionPlatform_V1.6_2020_Nov_02_1310.psydat
83.1155 	INFO 	saved data to 'C:\\Users\\W2032175\\Documents\\GitHub\\Open-source-Auditory-Tone-Detection-Task\\Auditory Tone Detection Task\\data/_toneDetectionPlatform_V1.6_2020_Nov_02_1310.csv'
