1.3954 	WARNING 	We strongly recommend you activate the PTB sound engine in PsychoPy prefs as the preferred audio engine. Its timing is vastly superior. Your prefs are currently set to use ['sounddevice', 'PTB', 'pyo', 'pygame'] (in that order).
7.0051 	INFO 	Loaded monitor calibration from ['2020_10_15 13:31']
8.4163 	EXP 	Created window1 = Window(allowGUI=False, allowStencil=False, args=UNKNOWN, autoLog=True, bitsMode=UNKNOWN, blendMode='avg', bpc=(8, 8, 8), color=array([1., 1., 1.]), colorSpace='rgb', depthBits=8, fullscr=<method-wrapper '__getattribute__' of attributeSetter object at 0x000001E9098DDC18>, gamma=None, gammaErrorPolicy='raise', kwargs=UNKNOWN, lms=UNKNOWN, monitor=<psychopy.monitors.calibTools.Monitor object at 0x000001E9095354A8>, multiSample=False, name='window1', numSamples=2, pos=[0.0, 0.0], screen=0, size=array([1366,  768]), stencilBits=0, stereo=False, units='height', useFBO=True, useRetina=False, viewOri=0.0, viewPos=None, viewScale=None, waitBlanking=True, winType='pyglet')
8.4164 	EXP 	window1: mouseVisible = True
8.4164 	EXP 	window1: recordFrameIntervals = False
8.5825 	EXP 	window1: recordFrameIntervals = True
8.7659 	DEBUG 	Screen (0) actual frame rate measured at 60.08
8.7659 	EXP 	window1: recordFrameIntervals = False
8.9472 	EXP 	Created welcomeText = TextStim(__class__=<class 'psychopy.visual.text.TextStim'>, alignHoriz=method-wrapper(...), alignText='center', alignVert=method-wrapper(...), anchorHoriz='center', anchorVert='center', antialias=True, autoLog=True, bold=False, color='black', colorSpace='named', contrast=1.0, depth=0.0, flipHoriz=False, flipVert=False, font='Arial', fontFiles=[], height=0.07, italic=False, languageStyle='LTR', name='welcomeText', opacity=1.0, ori=0, pos=array([0., 0.]), rgb=array([0., 0., 0.]), text=str(...), units='height', win=Window(...), wrapWidth=1)
8.9827 	EXP 	Created instructionsLightBulb1 = ImageStim(__class__=<class 'psychopy.visual.image.ImageStim'>, autoLog=True, color=array([1., 1., 1.]), colorSpace='rgb', contrast=1.0, depth=0.0, flipHoriz=False, flipVert=False, image='lightBulb_OFF.png', interpolate=True, mask=None, maskParams=None, name='instructionsLightBulb1', opacity=1.0, ori=0.0, pos=array([-0.5,  0. ]), size=array([0.4, 0.4]), texRes=128, units='height', win=Window(...))
9.0195 	EXP 	Created instructionsLightBulb2 = ImageStim(__class__=<class 'psychopy.visual.image.ImageStim'>, autoLog=True, color=array([1., 1., 1.]), colorSpace='rgb', contrast=1.0, depth=-1.0, flipHoriz=False, flipVert=False, image='lightBulb_OFF.png', interpolate=True, mask=None, maskParams=None, name='instructionsLightBulb2', opacity=1.0, ori=0.0, pos=array([0.5, 0. ]), size=array([0.4, 0.4]), texRes=128, units='height', win=Window(...))
9.0389 	EXP 	Created instructionsText = TextStim(__class__=<class 'psychopy.visual.text.TextStim'>, alignHoriz=method-wrapper(...), alignText='center', alignVert=method-wrapper(...), anchorHoriz='center', anchorVert='center', antialias=True, autoLog=True, bold=False, color='black', colorSpace='named', contrast=1.0, depth=-2.0, flipHoriz=False, flipVert=False, font='Arial', fontFiles=[], height=0.05, italic=False, languageStyle='LTR', name='instructionsText', opacity=1.0, ori=0, pos=array([0. , 0.3]), rgb=array([0., 0., 0.]), text=str(...), units='height', win=Window(...), wrapWidth=1)
9.0438 	EXP 	Created pressSpace = TextStim(__class__=<class 'psychopy.visual.text.TextStim'>, alignHoriz=method-wrapper(...), alignText='center', alignVert=method-wrapper(...), anchorHoriz='center', anchorVert='center', antialias=True, autoLog=True, bold=False, color='black', colorSpace='named', contrast=1.0, depth=-3.0, flipHoriz=False, flipVert=False, font='Arial', fontFiles=[], height=0.05, italic=False, languageStyle='LTR', name='pressSpace', opacity=1.0, ori=0, pos=array([ 0. , -0.3]), rgb=array([0., 0., 0.]), text='PRESS SPACE to continue', units='height', win=Window(...), wrapWidth=1)
9.0683 	EXP 	Created instructionsLightBulb1_2 = ImageStim(__class__=<class 'psychopy.visual.image.ImageStim'>, autoLog=True, color=array([1., 1., 1.]), colorSpace='rgb', contrast=1.0, depth=0.0, flipHoriz=False, flipVert=False, image='lightBulb_OFF.png', interpolate=True, mask=None, maskParams=None, name='instructionsLightBulb1_2', opacity=1.0, ori=0.0, pos=array([-0.5,  0. ]), size=array([0.4, 0.4]), texRes=128, units='height', win=Window(...))
9.0929 	EXP 	Created instructionsLightBulb2_2 = ImageStim(__class__=<class 'psychopy.visual.image.ImageStim'>, autoLog=True, color=array([1., 1., 1.]), colorSpace='rgb', contrast=1.0, depth=-1.0, flipHoriz=False, flipVert=False, image='lightBulb_OFF.png', interpolate=True, mask=None, maskParams=None, name='instructionsLightBulb2_2', opacity=1.0, ori=0.0, pos=array([0.5, 0. ]), size=array([0.4, 0.4]), texRes=128, units='height', win=Window(...))
9.0974 	EXP 	Created instructionsText_2 = TextStim(__class__=<class 'psychopy.visual.text.TextStim'>, alignHoriz=method-wrapper(...), alignText='center', alignVert=method-wrapper(...), anchorHoriz='center', anchorVert='center', antialias=True, autoLog=True, bold=False, color='black', colorSpace='named', contrast=1.0, depth=-2.0, flipHoriz=False, flipVert=False, font='Arial', fontFiles=[], height=0.05, italic=False, languageStyle='LTR', name='instructionsText_2', opacity=1.0, ori=0, pos=array([0. , 0.3]), rgb=array([0., 0., 0.]), text='In each trial, the light bulbs will blink', units='height', win=Window(...), wrapWidth=1)
9.0999 	EXP 	Created pressSpace_2 = TextStim(__class__=<class 'psychopy.visual.text.TextStim'>, alignHoriz=method-wrapper(...), alignText='center', alignVert=method-wrapper(...), anchorHoriz='center', anchorVert='center', antialias=True, autoLog=True, bold=False, color='black', colorSpace='named', contrast=1.0, depth=-3.0, flipHoriz=False, flipVert=False, font='Arial', fontFiles=[], height=0.05, italic=False, languageStyle='LTR', name='pressSpace_2', opacity=1.0, ori=0, pos=array([ 0. , -0.3]), rgb=array([0., 0., 0.]), text='PRESS SPACE to continue', units='height', win=Window(...), wrapWidth=1)
9.1262 	EXP 	Created instructionsLightBulb1_3 = ImageStim(__class__=<class 'psychopy.visual.image.ImageStim'>, autoLog=True, color=array([1., 1., 1.]), colorSpace='rgb', contrast=1.0, depth=0.0, flipHoriz=False, flipVert=False, image='lightBulb_OFF.png', interpolate=True, mask=None, maskParams=None, name='instructionsLightBulb1_3', opacity=1.0, ori=0.0, pos=array([-0.5,  0. ]), size=array([0.4, 0.4]), texRes=128, units='height', win=Window(...))
9.1509 	EXP 	Created instructionsLightBulb2_3 = ImageStim(__class__=<class 'psychopy.visual.image.ImageStim'>, autoLog=True, color=array([1., 1., 1.]), colorSpace='rgb', contrast=1.0, depth=-1.0, flipHoriz=False, flipVert=False, image='lightBulb_OFF.png', interpolate=True, mask=None, maskParams=None, name='instructionsLightBulb2_3', opacity=1.0, ori=0.0, pos=array([0.5, 0. ]), size=array([0.4, 0.4]), texRes=128, units='height', win=Window(...))
9.1572 	EXP 	Created text_3 = TextStim(__class__=<class 'psychopy.visual.text.TextStim'>, alignHoriz=method-wrapper(...), alignText='center', alignVert=method-wrapper(...), anchorHoriz='center', anchorVert='center', antialias=True, autoLog=True, bold=False, color='black', colorSpace='named', contrast=1.0, depth=-2.0, flipHoriz=False, flipVert=False, font='Arial', fontFiles=[], height=0.05, italic=False, languageStyle='LTR', name='text_3', opacity=1.0, ori=0, pos=array([0. , 0.3]), rgb=array([0., 0., 0.]), text=str(...), units='height', win=Window(...), wrapWidth=1)
9.1601 	EXP 	Created pressSpace_3 = TextStim(__class__=<class 'psychopy.visual.text.TextStim'>, alignHoriz=method-wrapper(...), alignText='center', alignVert=method-wrapper(...), anchorHoriz='center', anchorVert='center', antialias=True, autoLog=True, bold=False, color='black', colorSpace='named', contrast=1.0, depth=-3.0, flipHoriz=False, flipVert=False, font='Arial', fontFiles=[], height=0.05, italic=False, languageStyle='LTR', name='pressSpace_3', opacity=1.0, ori=0, pos=array([ 0. , -0.3]), rgb=array([0., 0., 0.]), text='Press SPACE to see light bulb 1 blink', units='height', win=Window(...), wrapWidth=1)
9.1860 	EXP 	Created instructionsLightBulb1_4 = ImageStim(__class__=<class 'psychopy.visual.image.ImageStim'>, autoLog=True, color=array([1., 1., 1.]), colorSpace='rgb', contrast=1.0, depth=0.0, flipHoriz=False, flipVert=False, image='lightBulb_ON.png', interpolate=True, mask=None, maskParams=None, name='instructionsLightBulb1_4', opacity=1.0, ori=0.0, pos=array([-0.5,  0. ]), size=array([0.4, 0.4]), texRes=128, units='height', win=Window(...))
9.2130 	EXP 	Created instructionsLightBulb2_4 = ImageStim(__class__=<class 'psychopy.visual.image.ImageStim'>, autoLog=True, color=array([1., 1., 1.]), colorSpace='rgb', contrast=1.0, depth=-1.0, flipHoriz=False, flipVert=False, image='lightBulb_OFF.png', interpolate=True, mask=None, maskParams=None, name='instructionsLightBulb2_4', opacity=1.0, ori=0.0, pos=array([0.5, 0. ]), size=array([0.4, 0.4]), texRes=128, units='height', win=Window(...))
9.2529 	EXP 	Created instructionsLightBulb1_5 = ImageStim(__class__=<class 'psychopy.visual.image.ImageStim'>, autoLog=True, color=array([1., 1., 1.]), colorSpace='rgb', contrast=1.0, depth=0.0, flipHoriz=False, flipVert=False, image='lightBulb_OFF.png', interpolate=True, mask=None, maskParams=None, name='instructionsLightBulb1_5', opacity=1.0, ori=0.0, pos=array([-0.5,  0. ]), size=array([0.4, 0.4]), texRes=128, units='height', win=Window(...))
9.2918 	EXP 	Created instructionsLightBulb2_5 = ImageStim(__class__=<class 'psychopy.visual.image.ImageStim'>, autoLog=True, color=array([1., 1., 1.]), colorSpace='rgb', contrast=1.0, depth=-1.0, flipHoriz=False, flipVert=False, image='lightBulb_OFF.png', interpolate=True, mask=None, maskParams=None, name='instructionsLightBulb2_5', opacity=1.0, ori=0.0, pos=array([0.5, 0. ]), size=array([0.4, 0.4]), texRes=128, units='height', win=Window(...))
9.3302 	EXP 	Created instructionsLightBulb2_6 = ImageStim(__class__=<class 'psychopy.visual.image.ImageStim'>, autoLog=True, color=array([1., 1., 1.]), colorSpace='rgb', contrast=1.0, depth=-2.0, flipHoriz=False, flipVert=False, image='lightBulb_ON.png', interpolate=True, mask=None, maskParams=None, name='instructionsLightBulb2_6', opacity=1.0, ori=0.0, pos=array([0.5, 0. ]), size=array([0.4, 0.4]), texRes=128, units='height', win=Window(...))
9.3367 	EXP 	Created text_4 = TextStim(__class__=<class 'psychopy.visual.text.TextStim'>, alignHoriz=method-wrapper(...), alignText='center', alignVert=method-wrapper(...), anchorHoriz='center', anchorVert='center', antialias=True, autoLog=True, bold=False, color='black', colorSpace='named', contrast=1.0, depth=-3.0, flipHoriz=False, flipVert=False, font='Arial', fontFiles=[], height=0.05, italic=False, languageStyle='LTR', name='text_4', opacity=1.0, ori=0, pos=array([0. , 0.3]), rgb=array([0., 0., 0.]), text=str(...), units='height', win=Window(...), wrapWidth=1)
9.3391 	EXP 	Created pressSpace_4 = TextStim(__class__=<class 'psychopy.visual.text.TextStim'>, alignHoriz=method-wrapper(...), alignText='center', alignVert=method-wrapper(...), anchorHoriz='center', anchorVert='center', antialias=True, autoLog=True, bold=False, color='black', colorSpace='named', contrast=1.0, depth=-4.0, flipHoriz=False, flipVert=False, font='Arial', fontFiles=[], height=0.05, italic=False, languageStyle='LTR', name='pressSpace_4', opacity=1.0, ori=0, pos=array([ 0. , -0.3]), rgb=array([0., 0., 0.]), text='Press SPACE to continue', units='height', win=Window(...), wrapWidth=1)
9.3474 	EXP 	Created text_2 = TextStim(__class__=<class 'psychopy.visual.text.TextStim'>, alignHoriz=method-wrapper(...), alignText='center', alignVert=method-wrapper(...), anchorHoriz='center', anchorVert='center', antialias=True, autoLog=True, bold=False, color='black', colorSpace='named', contrast=1.0, depth=0.0, flipHoriz=False, flipVert=False, font='Arial', fontFiles=[], height=0.07, italic=False, languageStyle='LTR', name='text_2', opacity=1.0, ori=0, pos=array([0., 0.]), rgb=array([0., 0., 0.]), text=str(...), units='height', win=Window(...), wrapWidth=1)
9.3531 	EXP 	Created text_5 = TextStim(__class__=<class 'psychopy.visual.text.TextStim'>, alignHoriz=method-wrapper(...), alignText='center', alignVert=method-wrapper(...), anchorHoriz='center', anchorVert='center', antialias=True, autoLog=True, bold=False, color='black', colorSpace='named', contrast=1.0, depth=-1.0, flipHoriz=False, flipVert=False, font='Arial', fontFiles=[], height=0.07, italic=False, languageStyle='LTR', name='text_5', opacity=1.0, ori=0, pos=array([ 0. , -0.3]), rgb=array([0., 0., 0.]), text='press SPACEBAR to hear this sound', units='height', win=Window(...), wrapWidth=1)
9.3790 	EXP 	Created lightBulbOFF = ImageStim(__class__=<class 'psychopy.visual.image.ImageStim'>, autoLog=True, color=array([1., 1., 1.]), colorSpace='rgb', contrast=1.0, depth=-1.0, flipHoriz=False, flipVert=False, image='lightBulb_OFF.png', interpolate=True, mask=None, maskParams=None, name='lightBulbOFF', opacity=1.0, ori=0.0, pos=array([0., 0.]), size=array([0.5, 0.5]), texRes=128, units='height', win=Window(...))
9.4039 	EXP 	Created lightBulbON = ImageStim(__class__=<class 'psychopy.visual.image.ImageStim'>, autoLog=True, color=array([1., 1., 1.]), colorSpace='rgb', contrast=1.0, depth=-2.0, flipHoriz=False, flipVert=False, image='lightBulb_ON.png', interpolate=True, mask=None, maskParams=None, name='lightBulbON', opacity=1.0, ori=0.0, pos=array([0., 0.]), size=array([0.5, 0.5]), texRes=128, units='height', win=Window(...))
9.4113 	EXP 	Sound sound_1 set volume 1.000
9.4335 	EXP 	Created instructions_8_firstLine = TextStim(__class__=<class 'psychopy.visual.text.TextStim'>, alignHoriz=method-wrapper(...), alignText='center', alignVert=method-wrapper(...), anchorHoriz='center', anchorVert='center', antialias=True, autoLog=True, bold=False, color='black', colorSpace='named', contrast=1.0, depth=0.0, flipHoriz=False, flipVert=False, font='Arial', fontFiles=[], height=0.04, italic=False, languageStyle='LTR', name='instructions_8_firstLine', opacity=1.0, ori=0, pos=array([0. , 0.2]), rgb=array([0., 0., 0.]), text=str(...), units='height', win=Window(...), wrapWidth=1)
9.4410 	EXP 	Created text_8 = TextStim(__class__=<class 'psychopy.visual.text.TextStim'>, alignHoriz=method-wrapper(...), alignText='center', alignVert=method-wrapper(...), anchorHoriz='center', anchorVert='center', antialias=True, autoLog=True, bold=False, color='black', colorSpace='named', contrast=1.0, depth=-1.0, flipHoriz=False, flipVert=False, font='Arial', fontFiles=[], height=0.04, italic=False, languageStyle='LTR', name='text_8', opacity=1.0, ori=0, pos=array([0. , 0.1]), rgb=array([0., 0., 0.]), text=str(...), units='height', win=Window(...), wrapWidth=1)
9.4483 	EXP 	Created text_9 = TextStim(__class__=<class 'psychopy.visual.text.TextStim'>, alignHoriz=method-wrapper(...), alignText='center', alignVert=method-wrapper(...), anchorHoriz='center', anchorVert='center', antialias=True, autoLog=True, bold=False, color='black', colorSpace='named', contrast=1.0, depth=-2.0, flipHoriz=False, flipVert=False, font='Arial', fontFiles=[], height=0.04, italic=False, languageStyle='LTR', name='text_9', opacity=1.0, ori=0, pos=array([ 0.  , -0.02]), rgb=array([0., 0., 0.]), text=str(...), units='height', win=Window(...), wrapWidth=1)
9.4511 	EXP 	Created instructions_8_pressP = TextStim(__class__=<class 'psychopy.visual.text.TextStim'>, alignHoriz=method-wrapper(...), alignText='center', alignVert=method-wrapper(...), anchorHoriz='center', anchorVert='center', antialias=True, autoLog=True, bold=False, color='black', colorSpace='named', contrast=1.0, depth=-3.0, flipHoriz=False, flipVert=False, font='Arial', fontFiles=[], height=0.04, italic=False, languageStyle='LTR', name='instructions_8_pressP', opacity=1.0, ori=0, pos=array([ 0. , -0.3]), rgb=array([0., 0., 0.]), text="press 'p' to begin the practice trials!", units='height', win=Window(...), wrapWidth=1)
9.4587 	EXP 	Created text_6 = TextStim(__class__=<class 'psychopy.visual.text.TextStim'>, alignHoriz=method-wrapper(...), alignText='center', alignVert=method-wrapper(...), anchorHoriz='center', anchorVert='center', antialias=True, autoLog=True, bold=False, color='black', colorSpace='named', contrast=1.0, depth=-1.0, flipHoriz=False, flipVert=False, font='Arial', fontFiles=[], height=0.1, italic=False, languageStyle='LTR', name='text_6', opacity=1.0, ori=0, pos=array([0., 0.]), rgb=array([0., 0., 0.]), text='+', units='height', win=Window(...), wrapWidth=1)
9.4610 	EXP 	Created firstVisualStimulus_2 = TextStim(__class__=<class 'psychopy.visual.text.TextStim'>, alignHoriz=method-wrapper(...), alignText='center', alignVert=method-wrapper(...), anchorHoriz='center', anchorVert='center', antialias=True, autoLog=True, bold=False, color='black', colorSpace='named', contrast=1.0, depth=-1.0, flipHoriz=False, flipVert=False, font='Arial', fontFiles=[], height=0.1, italic=False, languageStyle='LTR', name='firstVisualStimulus_2', opacity=1.0, ori=0, pos=array([0., 0.]), rgb=array([0., 0., 0.]), text='1', units='height', win=Window(...), wrapWidth=1)
9.4611 	EXP 	Sound firstChoiceProbeTone_2 set volume 1.000
9.4869 	EXP 	Created firstChoiceLeftStimulus_2 = ImageStim(__class__=<class 'psychopy.visual.image.ImageStim'>, autoLog=True, color=array([1., 1., 1.]), colorSpace='rgb', contrast=1.0, depth=-3.0, flipHoriz=False, flipVert=False, image='lightBulb_ON.png', interpolate=True, mask=None, maskParams=None, name='firstChoiceLeftStimulus_2', opacity=1.0, ori=0.0, pos=array([-0.5,  0. ]), size=array([0.4, 0.4]), texRes=128, units='height', win=Window(...))
9.5122 	EXP 	Created firstChoiceRightStimulus_2 = ImageStim(__class__=<class 'psychopy.visual.image.ImageStim'>, autoLog=True, color=array([1., 1., 1.]), colorSpace='rgb', contrast=1.0, depth=-4.0, flipHoriz=False, flipVert=False, image='lightBulb_OFF.png', interpolate=True, mask=None, maskParams=None, name='firstChoiceRightStimulus_2', opacity=1.0, ori=0.0, pos=array([0.5, 0. ]), size=array([0.4, 0.4]), texRes=128, units='height', win=Window(...))
9.5163 	EXP 	Created ISIVisualStimulus_3 = TextStim(__class__=<class 'psychopy.visual.text.TextStim'>, alignHoriz=method-wrapper(...), alignText='center', alignVert=method-wrapper(...), anchorHoriz='center', anchorVert='center', antialias=True, autoLog=True, bold=False, color='black', colorSpace='named', contrast=1.0, depth=0.0, flipHoriz=False, flipVert=False, font='Arial', fontFiles=[], height=0.1, italic=False, languageStyle='LTR', name='ISIVisualStimulus_3', opacity=1.0, ori=0, pos=array([0., 0.]), rgb=array([0., 0., 0.]), text='ISI', units='height', win=Window(...), wrapWidth=1)
9.5462 	EXP 	Created rightStimulus_3 = ImageStim(__class__=<class 'psychopy.visual.image.ImageStim'>, autoLog=True, color=array([1., 1., 1.]), colorSpace='rgb', contrast=1.0, depth=-1.0, flipHoriz=False, flipVert=False, image='lightBulb_OFF.png', interpolate=True, mask=None, maskParams=None, name='rightStimulus_3', opacity=1.0, ori=0.0, pos=array([0.5, 0. ]), size=array([0.4, 0.4]), texRes=128, units='height', win=Window(...))
9.5707 	EXP 	Created leftStimulus_3 = ImageStim(__class__=<class 'psychopy.visual.image.ImageStim'>, autoLog=True, color=array([1., 1., 1.]), colorSpace='rgb', contrast=1.0, depth=-2.0, flipHoriz=False, flipVert=False, image='lightBulb_OFF.png', interpolate=True, mask=None, maskParams=None, name='leftStimulus_3', opacity=1.0, ori=0.0, pos=array([-0.5,  0. ]), size=array([0.4, 0.4]), texRes=128, units='height', win=Window(...))
9.5732 	EXP 	Created secondVisualStimulus_2 = TextStim(__class__=<class 'psychopy.visual.text.TextStim'>, alignHoriz=method-wrapper(...), alignText='center', alignVert=method-wrapper(...), anchorHoriz='center', anchorVert='center', antialias=True, autoLog=True, bold=False, color='black', colorSpace='named', contrast=1.0, depth=-1.0, flipHoriz=False, flipVert=False, font='Arial', fontFiles=[], height=0.1, italic=False, languageStyle='LTR', name='secondVisualStimulus_2', opacity=1.0, ori=0, pos=array([0., 0.]), rgb=array([0., 0., 0.]), text='2', units='height', win=Window(...), wrapWidth=1)
9.5733 	EXP 	Sound secondChoiceTone_2 set volume 1.000
9.5982 	EXP 	Created secondChoiceLeftStimulus_2 = ImageStim(__class__=<class 'psychopy.visual.image.ImageStim'>, autoLog=True, color=array([1., 1., 1.]), colorSpace='rgb', contrast=1.0, depth=-3.0, flipHoriz=False, flipVert=False, image='lightBulb_OFF.png', interpolate=True, mask=None, maskParams=None, name='secondChoiceLeftStimulus_2', opacity=1.0, ori=0.0, pos=array([-0.5,  0. ]), size=array([0.4, 0.4]), texRes=128, units='height', win=Window(...))
9.6232 	EXP 	Created secondChoiceRightStimulus_2 = ImageStim(__class__=<class 'psychopy.visual.image.ImageStim'>, autoLog=True, color=array([1., 1., 1.]), colorSpace='rgb', contrast=1.0, depth=-4.0, flipHoriz=False, flipVert=False, image='lightBulb_ON.png', interpolate=True, mask=None, maskParams=None, name='secondChoiceRightStimulus_2', opacity=1.0, ori=0.0, pos=array([0.5, 0. ]), size=array([0.4, 0.4]), texRes=128, units='height', win=Window(...))
9.6467 	EXP 	Created decisionTextProbe_2 = TextStim(__class__=<class 'psychopy.visual.text.TextStim'>, alignHoriz=method-wrapper(...), alignText='center', alignVert=method-wrapper(...), anchorHoriz='center', anchorVert='center', antialias=True, autoLog=True, bold=False, color='black', colorSpace='named', contrast=1.0, depth=-1.0, flipHoriz=False, flipVert=False, font='Arial', fontFiles=[], height=0.1, italic=False, languageStyle='LTR', name='decisionTextProbe_2', opacity=1.0, ori=0, pos=array([0., 0.]), rgb=array([0., 0., 0.]), text=str(...), units='height', win=Window(...), wrapWidth=1)
9.6527 	EXP 	Created feedbackText_2 = TextStim(__class__=<class 'psychopy.visual.text.TextStim'>, alignHoriz=method-wrapper(...), alignText='center', alignVert=method-wrapper(...), anchorHoriz='center', anchorVert='center', antialias=True, autoLog=True, bold=False, color='black', colorSpace='named', contrast=1.0, depth=-1.0, flipHoriz=False, flipVert=False, font='Arial', fontFiles=[], height=0.1, italic=False, languageStyle='LTR', name='feedbackText_2', opacity=1.0, ori=0, pos=array([0., 0.]), rgb=array([0., 0., 0.]), text='default text', units='height', win=Window(...), wrapWidth=1)
9.6689 	EXP 	Created text_7 = TextStim(__class__=<class 'psychopy.visual.text.TextStim'>, alignHoriz=method-wrapper(...), alignText='center', alignVert=method-wrapper(...), anchorHoriz='center', anchorVert='center', antialias=True, autoLog=True, bold=False, color='black', colorSpace='named', contrast=1.0, depth=0.0, flipHoriz=False, flipVert=False, font='Arial', fontFiles=[], height=0.05, italic=False, languageStyle='LTR', name='text_7', opacity=1.0, ori=0, pos=array([0., 0.]), rgb=array([0., 0., 0.]), text=str(...), units='height', win=Window(...), wrapWidth=1)
9.6874 	EXP 	Created text_10 = TextStim(__class__=<class 'psychopy.visual.text.TextStim'>, alignHoriz=method-wrapper(...), alignText='center', alignVert=method-wrapper(...), anchorHoriz='center', anchorVert='center', antialias=True, autoLog=True, bold=False, color='black', colorSpace='named', contrast=1.0, depth=0.0, flipHoriz=False, flipVert=False, font='Arial', fontFiles=[], height=0.05, italic=False, languageStyle='LTR', name='text_10', opacity=1.0, ori=0, pos=array([0., 0.]), rgb=array([0., 0., 0.]), text=str(...), units='height', win=Window(...), wrapWidth=1)
9.6892 	EXP 	Created firstITI = TextStim(__class__=<class 'psychopy.visual.text.TextStim'>, alignHoriz=method-wrapper(...), alignText='center', alignVert=method-wrapper(...), anchorHoriz='center', anchorVert='center', antialias=True, autoLog=True, bold=False, color='black', colorSpace='named', contrast=1.0, depth=-1.0, flipHoriz=False, flipVert=False, font='Arial', fontFiles=[], height=0.1, italic=False, languageStyle='LTR', name='firstITI', opacity=1.0, ori=0, pos=array([0., 0.]), rgb=array([0., 0., 0.]), text='+', units='height', win=Window(...), wrapWidth=1)
9.6904 	EXP 	Created text = TextStim(__class__=<class 'psychopy.visual.text.TextStim'>, alignHoriz=method-wrapper(...), alignText='center', alignVert=method-wrapper(...), anchorHoriz='center', anchorVert='center', antialias=True, autoLog=True, bold=False, color='black', colorSpace='named', contrast=1.0, depth=0.0, flipHoriz=False, flipVert=False, font='Arial', fontFiles=[], height=0.1, italic=False, languageStyle='LTR', name='text', opacity=1.0, ori=0, pos=array([0., 0.]), rgb=array([0., 0., 0.]), text='+', units='height', win=Window(...), wrapWidth=1)
9.6919 	EXP 	Created firstVisualStimulus = TextStim(__class__=<class 'psychopy.visual.text.TextStim'>, alignHoriz=method-wrapper(...), alignText='center', alignVert=method-wrapper(...), anchorHoriz='center', anchorVert='center', antialias=True, autoLog=True, bold=False, color='black', colorSpace='named', contrast=1.0, depth=-1.0, flipHoriz=False, flipVert=False, font='Arial', fontFiles=[], height=0.1, italic=False, languageStyle='LTR', name='firstVisualStimulus', opacity=1.0, ori=0, pos=array([0., 0.]), rgb=array([0., 0., 0.]), text='1', units='height', win=Window(...), wrapWidth=1)
9.6933 	EXP 	Sound firstChoiceNoise set volume 1.000
9.6933 	EXP 	Sound firstChoiceProbeTone set volume 1.000
9.7213 	EXP 	Created firstChoiceLeftStimulus = ImageStim(__class__=<class 'psychopy.visual.image.ImageStim'>, autoLog=True, color=array([1., 1., 1.]), colorSpace='rgb', contrast=1.0, depth=-4.0, flipHoriz=False, flipVert=False, image='lightBulb_ON.png', interpolate=True, mask=None, maskParams=None, name='firstChoiceLeftStimulus', opacity=1.0, ori=0.0, pos=array([-0.5,  0. ]), size=array([0.4, 0.4]), texRes=128, units='height', win=Window(...))
9.7483 	EXP 	Created firstChoiceRightStimulus = ImageStim(__class__=<class 'psychopy.visual.image.ImageStim'>, autoLog=True, color=array([1., 1., 1.]), colorSpace='rgb', contrast=1.0, depth=-5.0, flipHoriz=False, flipVert=False, image='lightBulb_OFF.png', interpolate=True, mask=None, maskParams=None, name='firstChoiceRightStimulus', opacity=1.0, ori=0.0, pos=array([0.5, 0. ]), size=array([0.4, 0.4]), texRes=128, units='height', win=Window(...))
9.7509 	EXP 	Created ISIVisualStimulus = TextStim(__class__=<class 'psychopy.visual.text.TextStim'>, alignHoriz=method-wrapper(...), alignText='center', alignVert=method-wrapper(...), anchorHoriz='center', anchorVert='center', antialias=True, autoLog=True, bold=False, color='black', colorSpace='named', contrast=1.0, depth=0.0, flipHoriz=False, flipVert=False, font='Arial', fontFiles=[], height=0.1, italic=False, languageStyle='LTR', name='ISIVisualStimulus', opacity=1.0, ori=0, pos=array([0., 0.]), rgb=array([0., 0., 0.]), text='ISI', units='height', win=Window(...), wrapWidth=1)
9.7758 	EXP 	Created rightStimulus = ImageStim(__class__=<class 'psychopy.visual.image.ImageStim'>, autoLog=True, color=array([1., 1., 1.]), colorSpace='rgb', contrast=1.0, depth=-1.0, flipHoriz=False, flipVert=False, image='lightBulb_OFF.png', interpolate=True, mask=None, maskParams=None, name='rightStimulus', opacity=1.0, ori=0.0, pos=array([0.5, 0. ]), size=array([0.4, 0.4]), texRes=128, units='height', win=Window(...))
9.8026 	EXP 	Created leftStimulus = ImageStim(__class__=<class 'psychopy.visual.image.ImageStim'>, autoLog=True, color=array([1., 1., 1.]), colorSpace='rgb', contrast=1.0, depth=-2.0, flipHoriz=False, flipVert=False, image='lightBulb_OFF.png', interpolate=True, mask=None, maskParams=None, name='leftStimulus', opacity=1.0, ori=0.0, pos=array([-0.5,  0. ]), size=array([0.4, 0.4]), texRes=128, units='height', win=Window(...))
9.8049 	EXP 	Created secondVisualStimulus = TextStim(__class__=<class 'psychopy.visual.text.TextStim'>, alignHoriz=method-wrapper(...), alignText='center', alignVert=method-wrapper(...), anchorHoriz='center', anchorVert='center', antialias=True, autoLog=True, bold=False, color='black', colorSpace='named', contrast=1.0, depth=-1.0, flipHoriz=False, flipVert=False, font='Arial', fontFiles=[], height=0.1, italic=False, languageStyle='LTR', name='secondVisualStimulus', opacity=1.0, ori=0, pos=array([0., 0.]), rgb=array([0., 0., 0.]), text='2', units='height', win=Window(...), wrapWidth=1)
9.8061 	EXP 	Sound secondChoiceNoise set volume 1.000
9.8062 	EXP 	Sound secondChoiceTone set volume 1.000
9.8325 	EXP 	Created secondChoiceLeftStimulus = ImageStim(__class__=<class 'psychopy.visual.image.ImageStim'>, autoLog=True, color=array([1., 1., 1.]), colorSpace='rgb', contrast=1.0, depth=-4.0, flipHoriz=False, flipVert=False, image='lightBulb_OFF.png', interpolate=True, mask=None, maskParams=None, name='secondChoiceLeftStimulus', opacity=1.0, ori=0.0, pos=array([-0.5,  0. ]), size=array([0.4, 0.4]), texRes=128, units='height', win=Window(...))
9.8563 	EXP 	Created secondChoiceRightStimulus = ImageStim(__class__=<class 'psychopy.visual.image.ImageStim'>, autoLog=True, color=array([1., 1., 1.]), colorSpace='rgb', contrast=1.0, depth=-5.0, flipHoriz=False, flipVert=False, image='lightBulb_ON.png', interpolate=True, mask=None, maskParams=None, name='secondChoiceRightStimulus', opacity=1.0, ori=0.0, pos=array([0.5, 0. ]), size=array([0.4, 0.4]), texRes=128, units='height', win=Window(...))
9.8618 	EXP 	Created decisionTextProbe = TextStim(__class__=<class 'psychopy.visual.text.TextStim'>, alignHoriz=method-wrapper(...), alignText='center', alignVert=method-wrapper(...), anchorHoriz='center', anchorVert='center', antialias=True, autoLog=True, bold=False, color='black', colorSpace='named', contrast=1.0, depth=-1.0, flipHoriz=False, flipVert=False, font='Arial', fontFiles=[], height=0.1, italic=False, languageStyle='LTR', name='decisionTextProbe', opacity=1.0, ori=0, pos=array([0., 0.]), rgb=array([0., 0., 0.]), text=str(...), units='height', win=Window(...), wrapWidth=1)
9.8653 	EXP 	Created feedbackText = TextStim(__class__=<class 'psychopy.visual.text.TextStim'>, alignHoriz=method-wrapper(...), alignText='center', alignVert=method-wrapper(...), anchorHoriz='center', anchorVert='center', antialias=True, autoLog=True, bold=False, color='black', colorSpace='named', contrast=1.0, depth=-1.0, flipHoriz=False, flipVert=False, font='Arial', fontFiles=[], height=0.1, italic=False, languageStyle='LTR', name='feedbackText', opacity=1.0, ori=0, pos=array([0., 0.]), rgb=array([0., 0., 0.]), text='default text', units='height', win=Window(...), wrapWidth=1)
9.8952 	EXP 	welcomeText: autoDraw = True
10.6217 	EXP 	Created sequence: sequential, trialTypes=1, nReps=0, seed=None
10.6576 	DEBUG 	Read Excel file with pandas: practiceConditionsFile.xlsx
10.6589 	DEBUG 	Clearing unnamed columns from practiceConditionsFile.xlsx
10.6591 	EXP 	Imported practiceConditionsFile.xlsx as conditions, 5 conditions, 1 params
10.6593 	EXP 	Created sequence: sequential, trialTypes=5, nReps=0, seed=None
10.6622 	DATA 	Keypress: space
10.6651 	EXP 	welcomeText: autoDraw = False
10.6651 	EXP 	text_7: autoDraw = True
11.0553 	DATA 	Keypress: space
11.7751 	DATA 	Keypress: c
11.7854 	EXP 	text_7: autoDraw = False
11.7854 	EXP 	text_10: autoDraw = True
13.0931 	DATA 	Keypress: b
13.1034 	EXP 	text_10: autoDraw = False
13.1034 	EXP 	firstITI: autoDraw = True
18.0982 	DEBUG 	Read Excel file with pandas: questConditionsFile.xlsx
18.0990 	DEBUG 	Clearing unnamed columns from questConditionsFile.xlsx
18.0996 	EXP 	Imported questConditionsFile.xlsx as conditions, 1 conditions, 11 params
18.4067 	DEBUG 	Using C:\Program Files\PsychoPy3\lib\site-packages\psychopy\data\staircase.py as origin file
18.4101 	DEBUG 	Using C:\Program Files\PsychoPy3\lib\site-packages\psychopy\data\staircase.py as origin file
18.4164 	EXP 	firstITI: autoDraw = False
18.4164 	EXP 	text: autoDraw = True
19.1644 	EXP 	text: autoDraw = False
19.1644 	EXP 	firstVisualStimulus: autoDraw = True
19.1644 	EXP 	firstChoiceLeftStimulus: autoDraw = True
19.1644 	EXP 	firstChoiceRightStimulus: autoDraw = True
19.5282 	EXP 	firstVisualStimulus: autoDraw = False
19.5282 	EXP 	firstChoiceLeftStimulus: autoDraw = False
19.5282 	EXP 	firstChoiceRightStimulus: autoDraw = False
19.5282 	EXP 	firstVisualStimulus: autoDraw = False
19.5282 	EXP 	firstChoiceLeftStimulus: autoDraw = False
19.5282 	EXP 	firstChoiceRightStimulus: autoDraw = False
19.5282 	EXP 	ISIVisualStimulus: autoDraw = True
19.5282 	EXP 	rightStimulus: autoDraw = True
19.5282 	EXP 	leftStimulus: autoDraw = True
20.5495 	EXP 	ISIVisualStimulus: autoDraw = False
20.5495 	EXP 	rightStimulus: autoDraw = False
20.5495 	EXP 	leftStimulus: autoDraw = False
20.5495 	EXP 	secondVisualStimulus: autoDraw = True
20.5495 	EXP 	secondChoiceLeftStimulus: autoDraw = True
20.5495 	EXP 	secondChoiceRightStimulus: autoDraw = True
20.8780 	EXP 	secondVisualStimulus: autoDraw = False
20.8780 	EXP 	secondChoiceLeftStimulus: autoDraw = False
20.8780 	EXP 	secondChoiceRightStimulus: autoDraw = False
20.8780 	EXP 	secondVisualStimulus: autoDraw = False
20.8780 	EXP 	secondChoiceLeftStimulus: autoDraw = False
20.8780 	EXP 	secondChoiceRightStimulus: autoDraw = False
20.8780 	EXP 	decisionTextProbe: autoDraw = True
21.2731 	DATA 	Keypress: 2
21.2784 	EXP 	decisionTextProbe: autoDraw = False
21.2784 	EXP 	feedbackText: text = 'Correct'
21.2784 	EXP 	feedbackText: autoDraw = True
22.2792 	EXP 	feedbackText: autoDraw = False
22.2792 	EXP 	feedbackText: autoDraw = False
22.2792 	EXP 	text: autoDraw = True
23.2804 	EXP 	text: autoDraw = False
23.2804 	EXP 	text: autoDraw = False
23.2804 	EXP 	firstVisualStimulus: autoDraw = True
23.2804 	EXP 	firstChoiceLeftStimulus: autoDraw = True
23.2804 	EXP 	firstChoiceRightStimulus: autoDraw = True
23.6140 	EXP 	firstVisualStimulus: autoDraw = False
23.6140 	EXP 	firstChoiceLeftStimulus: autoDraw = False
23.6140 	EXP 	firstChoiceRightStimulus: autoDraw = False
23.6140 	EXP 	firstVisualStimulus: autoDraw = False
23.6140 	EXP 	firstChoiceLeftStimulus: autoDraw = False
23.6140 	EXP 	firstChoiceRightStimulus: autoDraw = False
23.6140 	EXP 	ISIVisualStimulus: autoDraw = True
23.6140 	EXP 	rightStimulus: autoDraw = True
23.6140 	EXP 	leftStimulus: autoDraw = True
24.6148 	EXP 	ISIVisualStimulus: autoDraw = False
24.6148 	EXP 	rightStimulus: autoDraw = False
24.6148 	EXP 	leftStimulus: autoDraw = False
24.6148 	EXP 	ISIVisualStimulus: autoDraw = False
24.6148 	EXP 	rightStimulus: autoDraw = False
24.6148 	EXP 	leftStimulus: autoDraw = False
24.6148 	EXP 	secondVisualStimulus: autoDraw = True
24.6148 	EXP 	secondChoiceLeftStimulus: autoDraw = True
24.6148 	EXP 	secondChoiceRightStimulus: autoDraw = True
24.9487 	EXP 	secondVisualStimulus: autoDraw = False
24.9487 	EXP 	secondChoiceLeftStimulus: autoDraw = False
24.9487 	EXP 	secondChoiceRightStimulus: autoDraw = False
24.9487 	EXP 	secondVisualStimulus: autoDraw = False
24.9487 	EXP 	secondChoiceLeftStimulus: autoDraw = False
24.9487 	EXP 	secondChoiceRightStimulus: autoDraw = False
24.9487 	EXP 	decisionTextProbe: autoDraw = True
25.3883 	DATA 	Keypress: 2
25.3991 	EXP 	decisionTextProbe: autoDraw = False
25.3991 	EXP 	feedbackText: text = 'Correct'
25.3991 	EXP 	feedbackText: autoDraw = True
26.4002 	EXP 	feedbackText: autoDraw = False
26.4002 	EXP 	feedbackText: autoDraw = False
26.4002 	EXP 	text: autoDraw = True
27.4011 	EXP 	text: autoDraw = False
27.4011 	EXP 	text: autoDraw = False
27.4011 	EXP 	firstVisualStimulus: autoDraw = True
27.4011 	EXP 	firstChoiceLeftStimulus: autoDraw = True
27.4011 	EXP 	firstChoiceRightStimulus: autoDraw = True
27.7351 	EXP 	firstVisualStimulus: autoDraw = False
27.7351 	EXP 	firstChoiceLeftStimulus: autoDraw = False
27.7351 	EXP 	firstChoiceRightStimulus: autoDraw = False
27.7351 	EXP 	firstVisualStimulus: autoDraw = False
27.7351 	EXP 	firstChoiceLeftStimulus: autoDraw = False
27.7351 	EXP 	firstChoiceRightStimulus: autoDraw = False
27.7351 	EXP 	ISIVisualStimulus: autoDraw = True
27.7351 	EXP 	rightStimulus: autoDraw = True
27.7351 	EXP 	leftStimulus: autoDraw = True
28.7360 	EXP 	ISIVisualStimulus: autoDraw = False
28.7360 	EXP 	rightStimulus: autoDraw = False
28.7360 	EXP 	leftStimulus: autoDraw = False
28.7360 	EXP 	ISIVisualStimulus: autoDraw = False
28.7360 	EXP 	rightStimulus: autoDraw = False
28.7360 	EXP 	leftStimulus: autoDraw = False
28.7360 	EXP 	secondVisualStimulus: autoDraw = True
28.7360 	EXP 	secondChoiceLeftStimulus: autoDraw = True
28.7360 	EXP 	secondChoiceRightStimulus: autoDraw = True
29.0694 	EXP 	secondVisualStimulus: autoDraw = False
29.0694 	EXP 	secondChoiceLeftStimulus: autoDraw = False
29.0694 	EXP 	secondChoiceRightStimulus: autoDraw = False
29.0694 	EXP 	secondVisualStimulus: autoDraw = False
29.0694 	EXP 	secondChoiceLeftStimulus: autoDraw = False
29.0694 	EXP 	secondChoiceRightStimulus: autoDraw = False
29.0694 	EXP 	decisionTextProbe: autoDraw = True
30.0870 	EXP 	decisionTextProbe: autoDraw = False
30.0870 	EXP 	feedbackText: text = 'Correct'
30.0870 	EXP 	feedbackText: autoDraw = True
31.0881 	EXP 	feedbackText: autoDraw = False
31.0881 	EXP 	feedbackText: autoDraw = False
31.0881 	EXP 	text: autoDraw = True
32.0890 	EXP 	text: autoDraw = False
32.0890 	EXP 	text: autoDraw = False
32.0890 	EXP 	firstVisualStimulus: autoDraw = True
32.0890 	EXP 	firstChoiceLeftStimulus: autoDraw = True
32.0890 	EXP 	firstChoiceRightStimulus: autoDraw = True
32.4229 	EXP 	firstVisualStimulus: autoDraw = False
32.4229 	EXP 	firstChoiceLeftStimulus: autoDraw = False
32.4229 	EXP 	firstChoiceRightStimulus: autoDraw = False
32.4229 	EXP 	firstVisualStimulus: autoDraw = False
32.4229 	EXP 	firstChoiceLeftStimulus: autoDraw = False
32.4229 	EXP 	firstChoiceRightStimulus: autoDraw = False
32.4229 	EXP 	ISIVisualStimulus: autoDraw = True
32.4229 	EXP 	rightStimulus: autoDraw = True
32.4229 	EXP 	leftStimulus: autoDraw = True
33.4237 	EXP 	ISIVisualStimulus: autoDraw = False
33.4237 	EXP 	rightStimulus: autoDraw = False
33.4237 	EXP 	leftStimulus: autoDraw = False
33.4237 	EXP 	ISIVisualStimulus: autoDraw = False
33.4237 	EXP 	rightStimulus: autoDraw = False
33.4237 	EXP 	leftStimulus: autoDraw = False
33.4237 	EXP 	secondVisualStimulus: autoDraw = True
33.4237 	EXP 	secondChoiceLeftStimulus: autoDraw = True
33.4237 	EXP 	secondChoiceRightStimulus: autoDraw = True
33.7572 	EXP 	secondVisualStimulus: autoDraw = False
33.7572 	EXP 	secondChoiceLeftStimulus: autoDraw = False
33.7572 	EXP 	secondChoiceRightStimulus: autoDraw = False
33.7572 	EXP 	secondVisualStimulus: autoDraw = False
33.7572 	EXP 	secondChoiceLeftStimulus: autoDraw = False
33.7572 	EXP 	secondChoiceRightStimulus: autoDraw = False
33.7572 	EXP 	decisionTextProbe: autoDraw = True
34.1410 	EXP 	decisionTextProbe: autoDraw = False
34.1410 	EXP 	feedbackText: text = 'Incorrect'
34.1410 	EXP 	feedbackText: autoDraw = True
35.1420 	EXP 	feedbackText: autoDraw = False
35.1420 	EXP 	feedbackText: autoDraw = False
35.1420 	EXP 	text: autoDraw = True
36.1432 	EXP 	text: autoDraw = False
36.1432 	EXP 	text: autoDraw = False
36.1432 	EXP 	firstVisualStimulus: autoDraw = True
36.1432 	EXP 	firstChoiceLeftStimulus: autoDraw = True
36.1432 	EXP 	firstChoiceRightStimulus: autoDraw = True
36.4776 	EXP 	firstVisualStimulus: autoDraw = False
36.4776 	EXP 	firstChoiceLeftStimulus: autoDraw = False
36.4776 	EXP 	firstChoiceRightStimulus: autoDraw = False
36.4776 	EXP 	firstVisualStimulus: autoDraw = False
36.4776 	EXP 	firstChoiceLeftStimulus: autoDraw = False
36.4776 	EXP 	firstChoiceRightStimulus: autoDraw = False
36.4776 	EXP 	ISIVisualStimulus: autoDraw = True
36.4776 	EXP 	rightStimulus: autoDraw = True
36.4776 	EXP 	leftStimulus: autoDraw = True
37.4779 	EXP 	ISIVisualStimulus: autoDraw = False
37.4779 	EXP 	rightStimulus: autoDraw = False
37.4779 	EXP 	leftStimulus: autoDraw = False
37.4779 	EXP 	ISIVisualStimulus: autoDraw = False
37.4779 	EXP 	rightStimulus: autoDraw = False
37.4779 	EXP 	leftStimulus: autoDraw = False
37.4779 	EXP 	secondVisualStimulus: autoDraw = True
37.4779 	EXP 	secondChoiceLeftStimulus: autoDraw = True
37.4779 	EXP 	secondChoiceRightStimulus: autoDraw = True
37.8117 	EXP 	secondVisualStimulus: autoDraw = False
37.8117 	EXP 	secondChoiceLeftStimulus: autoDraw = False
37.8117 	EXP 	secondChoiceRightStimulus: autoDraw = False
37.8117 	EXP 	secondVisualStimulus: autoDraw = False
37.8117 	EXP 	secondChoiceLeftStimulus: autoDraw = False
37.8117 	EXP 	secondChoiceRightStimulus: autoDraw = False
37.8117 	EXP 	decisionTextProbe: autoDraw = True
38.1120 	EXP 	decisionTextProbe: autoDraw = False
38.1120 	EXP 	feedbackText: text = 'Correct'
38.1120 	EXP 	feedbackText: autoDraw = True
39.1129 	EXP 	feedbackText: autoDraw = False
39.1129 	EXP 	feedbackText: autoDraw = False
39.1129 	EXP 	text: autoDraw = True
40.1139 	EXP 	text: autoDraw = False
40.1139 	EXP 	text: autoDraw = False
40.1139 	EXP 	firstVisualStimulus: autoDraw = True
40.1139 	EXP 	firstChoiceLeftStimulus: autoDraw = True
40.1139 	EXP 	firstChoiceRightStimulus: autoDraw = True
40.4473 	EXP 	firstVisualStimulus: autoDraw = False
40.4473 	EXP 	firstChoiceLeftStimulus: autoDraw = False
40.4473 	EXP 	firstChoiceRightStimulus: autoDraw = False
40.4473 	EXP 	firstVisualStimulus: autoDraw = False
40.4473 	EXP 	firstChoiceLeftStimulus: autoDraw = False
40.4473 	EXP 	firstChoiceRightStimulus: autoDraw = False
40.4473 	EXP 	ISIVisualStimulus: autoDraw = True
40.4473 	EXP 	rightStimulus: autoDraw = True
40.4473 	EXP 	leftStimulus: autoDraw = True
41.4486 	EXP 	ISIVisualStimulus: autoDraw = False
41.4486 	EXP 	rightStimulus: autoDraw = False
41.4486 	EXP 	leftStimulus: autoDraw = False
41.4486 	EXP 	ISIVisualStimulus: autoDraw = False
41.4486 	EXP 	rightStimulus: autoDraw = False
41.4486 	EXP 	leftStimulus: autoDraw = False
41.4486 	EXP 	secondVisualStimulus: autoDraw = True
41.4486 	EXP 	secondChoiceLeftStimulus: autoDraw = True
41.4486 	EXP 	secondChoiceRightStimulus: autoDraw = True
41.7823 	EXP 	secondVisualStimulus: autoDraw = False
41.7823 	EXP 	secondChoiceLeftStimulus: autoDraw = False
41.7823 	EXP 	secondChoiceRightStimulus: autoDraw = False
41.7823 	EXP 	secondVisualStimulus: autoDraw = False
41.7823 	EXP 	secondChoiceLeftStimulus: autoDraw = False
41.7823 	EXP 	secondChoiceRightStimulus: autoDraw = False
41.7823 	EXP 	decisionTextProbe: autoDraw = True
43.1000 	EXP 	decisionTextProbe: autoDraw = False
43.1000 	EXP 	feedbackText: text = 'Correct'
43.1000 	EXP 	feedbackText: autoDraw = True
44.1012 	EXP 	feedbackText: autoDraw = False
44.1012 	EXP 	feedbackText: autoDraw = False
44.1012 	EXP 	text: autoDraw = True
45.1022 	EXP 	text: autoDraw = False
45.1022 	EXP 	text: autoDraw = False
45.1022 	EXP 	firstVisualStimulus: autoDraw = True
45.1022 	EXP 	firstChoiceLeftStimulus: autoDraw = True
45.1022 	EXP 	firstChoiceRightStimulus: autoDraw = True
45.4357 	EXP 	firstVisualStimulus: autoDraw = False
45.4357 	EXP 	firstChoiceLeftStimulus: autoDraw = False
45.4357 	EXP 	firstChoiceRightStimulus: autoDraw = False
45.4357 	EXP 	firstVisualStimulus: autoDraw = False
45.4357 	EXP 	firstChoiceLeftStimulus: autoDraw = False
45.4357 	EXP 	firstChoiceRightStimulus: autoDraw = False
45.4357 	EXP 	ISIVisualStimulus: autoDraw = True
45.4357 	EXP 	rightStimulus: autoDraw = True
45.4357 	EXP 	leftStimulus: autoDraw = True
46.4370 	EXP 	ISIVisualStimulus: autoDraw = False
46.4370 	EXP 	rightStimulus: autoDraw = False
46.4370 	EXP 	leftStimulus: autoDraw = False
46.4370 	EXP 	ISIVisualStimulus: autoDraw = False
46.4370 	EXP 	rightStimulus: autoDraw = False
46.4370 	EXP 	leftStimulus: autoDraw = False
46.4370 	EXP 	secondVisualStimulus: autoDraw = True
46.4370 	EXP 	secondChoiceLeftStimulus: autoDraw = True
46.4370 	EXP 	secondChoiceRightStimulus: autoDraw = True
46.7704 	EXP 	secondVisualStimulus: autoDraw = False
46.7704 	EXP 	secondChoiceLeftStimulus: autoDraw = False
46.7704 	EXP 	secondChoiceRightStimulus: autoDraw = False
46.7704 	EXP 	secondVisualStimulus: autoDraw = False
46.7704 	EXP 	secondChoiceLeftStimulus: autoDraw = False
46.7704 	EXP 	secondChoiceRightStimulus: autoDraw = False
46.7704 	EXP 	decisionTextProbe: autoDraw = True
48.4889 	EXP 	decisionTextProbe: autoDraw = False
48.4889 	EXP 	feedbackText: text = 'Incorrect'
48.4889 	EXP 	feedbackText: autoDraw = True
49.4900 	EXP 	feedbackText: autoDraw = False
49.4900 	EXP 	feedbackText: autoDraw = False
49.4900 	EXP 	text: autoDraw = True
50.4909 	EXP 	text: autoDraw = False
50.4909 	EXP 	text: autoDraw = False
50.4909 	EXP 	firstVisualStimulus: autoDraw = True
50.4909 	EXP 	firstChoiceLeftStimulus: autoDraw = True
50.4909 	EXP 	firstChoiceRightStimulus: autoDraw = True
50.8244 	EXP 	firstVisualStimulus: autoDraw = False
50.8244 	EXP 	firstChoiceLeftStimulus: autoDraw = False
50.8244 	EXP 	firstChoiceRightStimulus: autoDraw = False
50.8244 	EXP 	firstVisualStimulus: autoDraw = False
50.8244 	EXP 	firstChoiceLeftStimulus: autoDraw = False
50.8244 	EXP 	firstChoiceRightStimulus: autoDraw = False
50.8244 	EXP 	ISIVisualStimulus: autoDraw = True
50.8244 	EXP 	rightStimulus: autoDraw = True
50.8244 	EXP 	leftStimulus: autoDraw = True
51.8254 	EXP 	ISIVisualStimulus: autoDraw = False
51.8254 	EXP 	rightStimulus: autoDraw = False
51.8254 	EXP 	leftStimulus: autoDraw = False
51.8254 	EXP 	ISIVisualStimulus: autoDraw = False
51.8254 	EXP 	rightStimulus: autoDraw = False
51.8254 	EXP 	leftStimulus: autoDraw = False
51.8254 	EXP 	secondVisualStimulus: autoDraw = True
51.8254 	EXP 	secondChoiceLeftStimulus: autoDraw = True
51.8254 	EXP 	secondChoiceRightStimulus: autoDraw = True
52.1593 	EXP 	secondVisualStimulus: autoDraw = False
52.1593 	EXP 	secondChoiceLeftStimulus: autoDraw = False
52.1593 	EXP 	secondChoiceRightStimulus: autoDraw = False
52.1593 	EXP 	secondVisualStimulus: autoDraw = False
52.1593 	EXP 	secondChoiceLeftStimulus: autoDraw = False
52.1593 	EXP 	secondChoiceRightStimulus: autoDraw = False
52.1593 	EXP 	decisionTextProbe: autoDraw = True
52.5427 	EXP 	decisionTextProbe: autoDraw = False
52.5427 	EXP 	feedbackText: text = 'Correct'
52.5427 	EXP 	feedbackText: autoDraw = True
53.5441 	EXP 	feedbackText: autoDraw = False
53.5441 	EXP 	feedbackText: autoDraw = False
53.5441 	EXP 	text: autoDraw = True
54.5451 	EXP 	text: autoDraw = False
54.5451 	EXP 	text: autoDraw = False
54.5451 	EXP 	firstVisualStimulus: autoDraw = True
54.5451 	EXP 	firstChoiceLeftStimulus: autoDraw = True
54.5451 	EXP 	firstChoiceRightStimulus: autoDraw = True
54.8785 	EXP 	firstVisualStimulus: autoDraw = False
54.8785 	EXP 	firstChoiceLeftStimulus: autoDraw = False
54.8785 	EXP 	firstChoiceRightStimulus: autoDraw = False
54.8785 	EXP 	firstVisualStimulus: autoDraw = False
54.8785 	EXP 	firstChoiceLeftStimulus: autoDraw = False
54.8785 	EXP 	firstChoiceRightStimulus: autoDraw = False
54.8785 	EXP 	ISIVisualStimulus: autoDraw = True
54.8785 	EXP 	rightStimulus: autoDraw = True
54.8785 	EXP 	leftStimulus: autoDraw = True
55.5750 	EXP 	window1: mouseVisible = True
55.5751 	DEBUG 	Saving data for toneDetectionPlatform_V1.6 ExperimentHandler
55.5845 	INFO 	saved data to C:\Users\W2032175\Documents\GitHub\Open-source-Auditory-Tone-Detection-Task\Auditory Tone Detection Task\data/_toneDetectionPlatform_V1.6_2020_Nov_02_1346.psydat
55.5904 	INFO 	saved data to 'C:\\Users\\W2032175\\Documents\\GitHub\\Open-source-Auditory-Tone-Detection-Task\\Auditory Tone Detection Task\\data/_toneDetectionPlatform_V1.6_2020_Nov_02_1346.csv'
