1.4487 	WARNING 	We strongly recommend you activate the PTB sound engine in PsychoPy prefs as the preferred audio engine. Its timing is vastly superior. Your prefs are currently set to use ['sounddevice', 'PTB', 'pyo', 'pygame'] (in that order).
27.1028 	INFO 	Loaded monitor calibration from ['2020_10_15 13:31']
29.0485 	EXP 	Created window1 = Window(allowGUI=False, allowStencil=False, args=UNKNOWN, autoLog=True, bitsMode=UNKNOWN, blendMode='avg', bpc=(8, 8, 8), color=array([1., 1., 1.]), colorSpace='rgb', depthBits=8, fullscr=<method-wrapper '__getattribute__' of attributeSetter object at 0x00000204276B24A8>, gamma=None, gammaErrorPolicy='raise', kwargs=UNKNOWN, lms=UNKNOWN, monitor=<psychopy.monitors.calibTools.Monitor object at 0x0000020427746D30>, multiSample=False, name='window1', numSamples=2, pos=[0.0, 0.0], screen=0, size=array([1366,  768]), stencilBits=0, stereo=False, units='height', useFBO=True, useRetina=False, viewOri=0.0, viewPos=None, viewScale=None, waitBlanking=True, winType='pyglet')
29.0486 	EXP 	window1: mouseVisible = True
29.0486 	EXP 	window1: recordFrameIntervals = False
29.2146 	EXP 	window1: recordFrameIntervals = True
29.3983 	DEBUG 	Screen (0) actual frame rate measured at 59.93
29.3983 	EXP 	window1: recordFrameIntervals = False
29.6843 	EXP 	Created welcomeText = TextStim(__class__=<class 'psychopy.visual.text.TextStim'>, alignHoriz=method-wrapper(...), alignText='center', alignVert=method-wrapper(...), anchorHoriz='center', anchorVert='center', antialias=True, autoLog=True, bold=False, color='black', colorSpace='named', contrast=1.0, depth=0.0, flipHoriz=False, flipVert=False, font='Arial', fontFiles=[], height=0.07, italic=False, languageStyle='LTR', name='welcomeText', opacity=1.0, ori=0, pos=array([0., 0.]), rgb=array([0., 0., 0.]), text=str(...), units='height', win=Window(...), wrapWidth=1)
29.7269 	EXP 	Created instructionsLightBulb1 = ImageStim(__class__=<class 'psychopy.visual.image.ImageStim'>, autoLog=True, color=array([1., 1., 1.]), colorSpace='rgb', contrast=1.0, depth=0.0, flipHoriz=False, flipVert=False, image='lightBulb_OFF.png', interpolate=True, mask=None, maskParams=None, name='instructionsLightBulb1', opacity=1.0, ori=0.0, pos=array([-0.5,  0. ]), size=array([0.4, 0.4]), texRes=128, units='height', win=Window(...))
29.7668 	EXP 	Created instructionsLightBulb2 = ImageStim(__class__=<class 'psychopy.visual.image.ImageStim'>, autoLog=True, color=array([1., 1., 1.]), colorSpace='rgb', contrast=1.0, depth=-1.0, flipHoriz=False, flipVert=False, image='lightBulb_OFF.png', interpolate=True, mask=None, maskParams=None, name='instructionsLightBulb2', opacity=1.0, ori=0.0, pos=array([0.5, 0. ]), size=array([0.4, 0.4]), texRes=128, units='height', win=Window(...))
29.7869 	EXP 	Created instructionsText = TextStim(__class__=<class 'psychopy.visual.text.TextStim'>, alignHoriz=method-wrapper(...), alignText='center', alignVert=method-wrapper(...), anchorHoriz='center', anchorVert='center', antialias=True, autoLog=True, bold=False, color='black', colorSpace='named', contrast=1.0, depth=-2.0, flipHoriz=False, flipVert=False, font='Arial', fontFiles=[], height=0.05, italic=False, languageStyle='LTR', name='instructionsText', opacity=1.0, ori=0, pos=array([0. , 0.3]), rgb=array([0., 0., 0.]), text=str(...), units='height', win=Window(...), wrapWidth=1)
29.7923 	EXP 	Created pressSpace = TextStim(__class__=<class 'psychopy.visual.text.TextStim'>, alignHoriz=method-wrapper(...), alignText='center', alignVert=method-wrapper(...), anchorHoriz='center', anchorVert='center', antialias=True, autoLog=True, bold=False, color='black', colorSpace='named', contrast=1.0, depth=-3.0, flipHoriz=False, flipVert=False, font='Arial', fontFiles=[], height=0.05, italic=False, languageStyle='LTR', name='pressSpace', opacity=1.0, ori=0, pos=array([ 0. , -0.3]), rgb=array([0., 0., 0.]), text='PRESS SPACE to continue', units='height', win=Window(...), wrapWidth=1)
29.8186 	EXP 	Created instructionsLightBulb1_2 = ImageStim(__class__=<class 'psychopy.visual.image.ImageStim'>, autoLog=True, color=array([1., 1., 1.]), colorSpace='rgb', contrast=1.0, depth=0.0, flipHoriz=False, flipVert=False, image='lightBulb_OFF.png', interpolate=True, mask=None, maskParams=None, name='instructionsLightBulb1_2', opacity=1.0, ori=0.0, pos=array([-0.5,  0. ]), size=array([0.4, 0.4]), texRes=128, units='height', win=Window(...))
29.8440 	EXP 	Created instructionsLightBulb2_2 = ImageStim(__class__=<class 'psychopy.visual.image.ImageStim'>, autoLog=True, color=array([1., 1., 1.]), colorSpace='rgb', contrast=1.0, depth=-1.0, flipHoriz=False, flipVert=False, image='lightBulb_OFF.png', interpolate=True, mask=None, maskParams=None, name='instructionsLightBulb2_2', opacity=1.0, ori=0.0, pos=array([0.5, 0. ]), size=array([0.4, 0.4]), texRes=128, units='height', win=Window(...))
29.8488 	EXP 	Created instructionsText_2 = TextStim(__class__=<class 'psychopy.visual.text.TextStim'>, alignHoriz=method-wrapper(...), alignText='center', alignVert=method-wrapper(...), anchorHoriz='center', anchorVert='center', antialias=True, autoLog=True, bold=False, color='black', colorSpace='named', contrast=1.0, depth=-2.0, flipHoriz=False, flipVert=False, font='Arial', fontFiles=[], height=0.05, italic=False, languageStyle='LTR', name='instructionsText_2', opacity=1.0, ori=0, pos=array([0. , 0.3]), rgb=array([0., 0., 0.]), text='In each trial, the light bulbs will blink', units='height', win=Window(...), wrapWidth=1)
29.8515 	EXP 	Created pressSpace_2 = TextStim(__class__=<class 'psychopy.visual.text.TextStim'>, alignHoriz=method-wrapper(...), alignText='center', alignVert=method-wrapper(...), anchorHoriz='center', anchorVert='center', antialias=True, autoLog=True, bold=False, color='black', colorSpace='named', contrast=1.0, depth=-3.0, flipHoriz=False, flipVert=False, font='Arial', fontFiles=[], height=0.05, italic=False, languageStyle='LTR', name='pressSpace_2', opacity=1.0, ori=0, pos=array([ 0. , -0.3]), rgb=array([0., 0., 0.]), text='PRESS SPACE to continue', units='height', win=Window(...), wrapWidth=1)
29.8776 	EXP 	Created instructionsLightBulb1_3 = ImageStim(__class__=<class 'psychopy.visual.image.ImageStim'>, autoLog=True, color=array([1., 1., 1.]), colorSpace='rgb', contrast=1.0, depth=0.0, flipHoriz=False, flipVert=False, image='lightBulb_OFF.png', interpolate=True, mask=None, maskParams=None, name='instructionsLightBulb1_3', opacity=1.0, ori=0.0, pos=array([-0.5,  0. ]), size=array([0.4, 0.4]), texRes=128, units='height', win=Window(...))
29.9038 	EXP 	Created instructionsLightBulb2_3 = ImageStim(__class__=<class 'psychopy.visual.image.ImageStim'>, autoLog=True, color=array([1., 1., 1.]), colorSpace='rgb', contrast=1.0, depth=-1.0, flipHoriz=False, flipVert=False, image='lightBulb_OFF.png', interpolate=True, mask=None, maskParams=None, name='instructionsLightBulb2_3', opacity=1.0, ori=0.0, pos=array([0.5, 0. ]), size=array([0.4, 0.4]), texRes=128, units='height', win=Window(...))
29.9103 	EXP 	Created text_3 = TextStim(__class__=<class 'psychopy.visual.text.TextStim'>, alignHoriz=method-wrapper(...), alignText='center', alignVert=method-wrapper(...), anchorHoriz='center', anchorVert='center', antialias=True, autoLog=True, bold=False, color='black', colorSpace='named', contrast=1.0, depth=-2.0, flipHoriz=False, flipVert=False, font='Arial', fontFiles=[], height=0.05, italic=False, languageStyle='LTR', name='text_3', opacity=1.0, ori=0, pos=array([0. , 0.3]), rgb=array([0., 0., 0.]), text=str(...), units='height', win=Window(...), wrapWidth=1)
29.9133 	EXP 	Created pressSpace_3 = TextStim(__class__=<class 'psychopy.visual.text.TextStim'>, alignHoriz=method-wrapper(...), alignText='center', alignVert=method-wrapper(...), anchorHoriz='center', anchorVert='center', antialias=True, autoLog=True, bold=False, color='black', colorSpace='named', contrast=1.0, depth=-3.0, flipHoriz=False, flipVert=False, font='Arial', fontFiles=[], height=0.05, italic=False, languageStyle='LTR', name='pressSpace_3', opacity=1.0, ori=0, pos=array([ 0. , -0.3]), rgb=array([0., 0., 0.]), text='Press SPACE to see light bulb 1 blink', units='height', win=Window(...), wrapWidth=1)
29.9404 	EXP 	Created instructionsLightBulb1_4 = ImageStim(__class__=<class 'psychopy.visual.image.ImageStim'>, autoLog=True, color=array([1., 1., 1.]), colorSpace='rgb', contrast=1.0, depth=0.0, flipHoriz=False, flipVert=False, image='lightBulb_ON.png', interpolate=True, mask=None, maskParams=None, name='instructionsLightBulb1_4', opacity=1.0, ori=0.0, pos=array([-0.5,  0. ]), size=array([0.4, 0.4]), texRes=128, units='height', win=Window(...))
29.9668 	EXP 	Created instructionsLightBulb2_4 = ImageStim(__class__=<class 'psychopy.visual.image.ImageStim'>, autoLog=True, color=array([1., 1., 1.]), colorSpace='rgb', contrast=1.0, depth=-1.0, flipHoriz=False, flipVert=False, image='lightBulb_OFF.png', interpolate=True, mask=None, maskParams=None, name='instructionsLightBulb2_4', opacity=1.0, ori=0.0, pos=array([0.5, 0. ]), size=array([0.4, 0.4]), texRes=128, units='height', win=Window(...))
30.0082 	EXP 	Created instructionsLightBulb1_5 = ImageStim(__class__=<class 'psychopy.visual.image.ImageStim'>, autoLog=True, color=array([1., 1., 1.]), colorSpace='rgb', contrast=1.0, depth=0.0, flipHoriz=False, flipVert=False, image='lightBulb_OFF.png', interpolate=True, mask=None, maskParams=None, name='instructionsLightBulb1_5', opacity=1.0, ori=0.0, pos=array([-0.5,  0. ]), size=array([0.4, 0.4]), texRes=128, units='height', win=Window(...))
30.0487 	EXP 	Created instructionsLightBulb2_5 = ImageStim(__class__=<class 'psychopy.visual.image.ImageStim'>, autoLog=True, color=array([1., 1., 1.]), colorSpace='rgb', contrast=1.0, depth=-1.0, flipHoriz=False, flipVert=False, image='lightBulb_OFF.png', interpolate=True, mask=None, maskParams=None, name='instructionsLightBulb2_5', opacity=1.0, ori=0.0, pos=array([0.5, 0. ]), size=array([0.4, 0.4]), texRes=128, units='height', win=Window(...))
30.0894 	EXP 	Created instructionsLightBulb2_6 = ImageStim(__class__=<class 'psychopy.visual.image.ImageStim'>, autoLog=True, color=array([1., 1., 1.]), colorSpace='rgb', contrast=1.0, depth=-2.0, flipHoriz=False, flipVert=False, image='lightBulb_ON.png', interpolate=True, mask=None, maskParams=None, name='instructionsLightBulb2_6', opacity=1.0, ori=0.0, pos=array([0.5, 0. ]), size=array([0.4, 0.4]), texRes=128, units='height', win=Window(...))
30.0961 	EXP 	Created text_4 = TextStim(__class__=<class 'psychopy.visual.text.TextStim'>, alignHoriz=method-wrapper(...), alignText='center', alignVert=method-wrapper(...), anchorHoriz='center', anchorVert='center', antialias=True, autoLog=True, bold=False, color='black', colorSpace='named', contrast=1.0, depth=-3.0, flipHoriz=False, flipVert=False, font='Arial', fontFiles=[], height=0.05, italic=False, languageStyle='LTR', name='text_4', opacity=1.0, ori=0, pos=array([0. , 0.3]), rgb=array([0., 0., 0.]), text=str(...), units='height', win=Window(...), wrapWidth=1)
30.0986 	EXP 	Created pressSpace_4 = TextStim(__class__=<class 'psychopy.visual.text.TextStim'>, alignHoriz=method-wrapper(...), alignText='center', alignVert=method-wrapper(...), anchorHoriz='center', anchorVert='center', antialias=True, autoLog=True, bold=False, color='black', colorSpace='named', contrast=1.0, depth=-4.0, flipHoriz=False, flipVert=False, font='Arial', fontFiles=[], height=0.05, italic=False, languageStyle='LTR', name='pressSpace_4', opacity=1.0, ori=0, pos=array([ 0. , -0.3]), rgb=array([0., 0., 0.]), text='Press SPACE to continue', units='height', win=Window(...), wrapWidth=1)
30.1072 	EXP 	Created text_2 = TextStim(__class__=<class 'psychopy.visual.text.TextStim'>, alignHoriz=method-wrapper(...), alignText='center', alignVert=method-wrapper(...), anchorHoriz='center', anchorVert='center', antialias=True, autoLog=True, bold=False, color='black', colorSpace='named', contrast=1.0, depth=0.0, flipHoriz=False, flipVert=False, font='Arial', fontFiles=[], height=0.07, italic=False, languageStyle='LTR', name='text_2', opacity=1.0, ori=0, pos=array([0., 0.]), rgb=array([0., 0., 0.]), text=str(...), units='height', win=Window(...), wrapWidth=1)
30.1130 	EXP 	Created text_5 = TextStim(__class__=<class 'psychopy.visual.text.TextStim'>, alignHoriz=method-wrapper(...), alignText='center', alignVert=method-wrapper(...), anchorHoriz='center', anchorVert='center', antialias=True, autoLog=True, bold=False, color='black', colorSpace='named', contrast=1.0, depth=-1.0, flipHoriz=False, flipVert=False, font='Arial', fontFiles=[], height=0.07, italic=False, languageStyle='LTR', name='text_5', opacity=1.0, ori=0, pos=array([ 0. , -0.3]), rgb=array([0., 0., 0.]), text='press SPACEBAR to hear this sound', units='height', win=Window(...), wrapWidth=1)
30.1386 	EXP 	Created lightBulbOFF = ImageStim(__class__=<class 'psychopy.visual.image.ImageStim'>, autoLog=True, color=array([1., 1., 1.]), colorSpace='rgb', contrast=1.0, depth=-1.0, flipHoriz=False, flipVert=False, image='lightBulb_OFF.png', interpolate=True, mask=None, maskParams=None, name='lightBulbOFF', opacity=1.0, ori=0.0, pos=array([0., 0.]), size=array([0.5, 0.5]), texRes=128, units='height', win=Window(...))
30.1649 	EXP 	Created lightBulbON = ImageStim(__class__=<class 'psychopy.visual.image.ImageStim'>, autoLog=True, color=array([1., 1., 1.]), colorSpace='rgb', contrast=1.0, depth=-2.0, flipHoriz=False, flipVert=False, image='lightBulb_ON.png', interpolate=True, mask=None, maskParams=None, name='lightBulbON', opacity=1.0, ori=0.0, pos=array([0., 0.]), size=array([0.5, 0.5]), texRes=128, units='height', win=Window(...))
30.1775 	EXP 	Sound sound_1 set volume 1.000
30.2003 	EXP 	Created instructions_8_firstLine = TextStim(__class__=<class 'psychopy.visual.text.TextStim'>, alignHoriz=method-wrapper(...), alignText='center', alignVert=method-wrapper(...), anchorHoriz='center', anchorVert='center', antialias=True, autoLog=True, bold=False, color='black', colorSpace='named', contrast=1.0, depth=0.0, flipHoriz=False, flipVert=False, font='Arial', fontFiles=[], height=0.04, italic=False, languageStyle='LTR', name='instructions_8_firstLine', opacity=1.0, ori=0, pos=array([0. , 0.2]), rgb=array([0., 0., 0.]), text=str(...), units='height', win=Window(...), wrapWidth=1)
30.2070 	EXP 	Created text_8 = TextStim(__class__=<class 'psychopy.visual.text.TextStim'>, alignHoriz=method-wrapper(...), alignText='center', alignVert=method-wrapper(...), anchorHoriz='center', anchorVert='center', antialias=True, autoLog=True, bold=False, color='black', colorSpace='named', contrast=1.0, depth=-1.0, flipHoriz=False, flipVert=False, font='Arial', fontFiles=[], height=0.04, italic=False, languageStyle='LTR', name='text_8', opacity=1.0, ori=0, pos=array([0. , 0.1]), rgb=array([0., 0., 0.]), text=str(...), units='height', win=Window(...), wrapWidth=1)
30.2141 	EXP 	Created text_9 = TextStim(__class__=<class 'psychopy.visual.text.TextStim'>, alignHoriz=method-wrapper(...), alignText='center', alignVert=method-wrapper(...), anchorHoriz='center', anchorVert='center', antialias=True, autoLog=True, bold=False, color='black', colorSpace='named', contrast=1.0, depth=-2.0, flipHoriz=False, flipVert=False, font='Arial', fontFiles=[], height=0.04, italic=False, languageStyle='LTR', name='text_9', opacity=1.0, ori=0, pos=array([ 0.  , -0.02]), rgb=array([0., 0., 0.]), text=str(...), units='height', win=Window(...), wrapWidth=1)
30.2169 	EXP 	Created instructions_8_pressP = TextStim(__class__=<class 'psychopy.visual.text.TextStim'>, alignHoriz=method-wrapper(...), alignText='center', alignVert=method-wrapper(...), anchorHoriz='center', anchorVert='center', antialias=True, autoLog=True, bold=False, color='black', colorSpace='named', contrast=1.0, depth=-3.0, flipHoriz=False, flipVert=False, font='Arial', fontFiles=[], height=0.04, italic=False, languageStyle='LTR', name='instructions_8_pressP', opacity=1.0, ori=0, pos=array([ 0. , -0.3]), rgb=array([0., 0., 0.]), text="press 'p' to begin the practice trials!", units='height', win=Window(...), wrapWidth=1)
30.2245 	EXP 	Created text_6 = TextStim(__class__=<class 'psychopy.visual.text.TextStim'>, alignHoriz=method-wrapper(...), alignText='center', alignVert=method-wrapper(...), anchorHoriz='center', anchorVert='center', antialias=True, autoLog=True, bold=False, color='black', colorSpace='named', contrast=1.0, depth=-1.0, flipHoriz=False, flipVert=False, font='Arial', fontFiles=[], height=0.1, italic=False, languageStyle='LTR', name='text_6', opacity=1.0, ori=0, pos=array([0., 0.]), rgb=array([0., 0., 0.]), text='+', units='height', win=Window(...), wrapWidth=1)
30.2266 	EXP 	Created firstVisualStimulus_2 = TextStim(__class__=<class 'psychopy.visual.text.TextStim'>, alignHoriz=method-wrapper(...), alignText='center', alignVert=method-wrapper(...), anchorHoriz='center', anchorVert='center', antialias=True, autoLog=True, bold=False, color='black', colorSpace='named', contrast=1.0, depth=-1.0, flipHoriz=False, flipVert=False, font='Arial', fontFiles=[], height=0.1, italic=False, languageStyle='LTR', name='firstVisualStimulus_2', opacity=1.0, ori=0, pos=array([0., 0.]), rgb=array([0., 0., 0.]), text='1', units='height', win=Window(...), wrapWidth=1)
30.2267 	EXP 	Sound firstChoiceProbeTone_2 set volume 1.000
30.2497 	EXP 	Created firstChoiceLeftStimulus_2 = ImageStim(__class__=<class 'psychopy.visual.image.ImageStim'>, autoLog=True, color=array([1., 1., 1.]), colorSpace='rgb', contrast=1.0, depth=-3.0, flipHoriz=False, flipVert=False, image='lightBulb_ON.png', interpolate=True, mask=None, maskParams=None, name='firstChoiceLeftStimulus_2', opacity=1.0, ori=0.0, pos=array([-0.5,  0. ]), size=array([0.4, 0.4]), texRes=128, units='height', win=Window(...))
30.2767 	EXP 	Created firstChoiceRightStimulus_2 = ImageStim(__class__=<class 'psychopy.visual.image.ImageStim'>, autoLog=True, color=array([1., 1., 1.]), colorSpace='rgb', contrast=1.0, depth=-4.0, flipHoriz=False, flipVert=False, image='lightBulb_OFF.png', interpolate=True, mask=None, maskParams=None, name='firstChoiceRightStimulus_2', opacity=1.0, ori=0.0, pos=array([0.5, 0. ]), size=array([0.4, 0.4]), texRes=128, units='height', win=Window(...))
30.2809 	EXP 	Created ISIVisualStimulus_3 = TextStim(__class__=<class 'psychopy.visual.text.TextStim'>, alignHoriz=method-wrapper(...), alignText='center', alignVert=method-wrapper(...), anchorHoriz='center', anchorVert='center', antialias=True, autoLog=True, bold=False, color='black', colorSpace='named', contrast=1.0, depth=0.0, flipHoriz=False, flipVert=False, font='Arial', fontFiles=[], height=0.1, italic=False, languageStyle='LTR', name='ISIVisualStimulus_3', opacity=1.0, ori=0, pos=array([0., 0.]), rgb=array([0., 0., 0.]), text='ISI', units='height', win=Window(...), wrapWidth=1)
30.3068 	EXP 	Created rightStimulus_3 = ImageStim(__class__=<class 'psychopy.visual.image.ImageStim'>, autoLog=True, color=array([1., 1., 1.]), colorSpace='rgb', contrast=1.0, depth=-1.0, flipHoriz=False, flipVert=False, image='lightBulb_OFF.png', interpolate=True, mask=None, maskParams=None, name='rightStimulus_3', opacity=1.0, ori=0.0, pos=array([0.5, 0. ]), size=array([0.4, 0.4]), texRes=128, units='height', win=Window(...))
30.3331 	EXP 	Created leftStimulus_3 = ImageStim(__class__=<class 'psychopy.visual.image.ImageStim'>, autoLog=True, color=array([1., 1., 1.]), colorSpace='rgb', contrast=1.0, depth=-2.0, flipHoriz=False, flipVert=False, image='lightBulb_OFF.png', interpolate=True, mask=None, maskParams=None, name='leftStimulus_3', opacity=1.0, ori=0.0, pos=array([-0.5,  0. ]), size=array([0.4, 0.4]), texRes=128, units='height', win=Window(...))
30.3356 	EXP 	Created secondVisualStimulus_2 = TextStim(__class__=<class 'psychopy.visual.text.TextStim'>, alignHoriz=method-wrapper(...), alignText='center', alignVert=method-wrapper(...), anchorHoriz='center', anchorVert='center', antialias=True, autoLog=True, bold=False, color='black', colorSpace='named', contrast=1.0, depth=-1.0, flipHoriz=False, flipVert=False, font='Arial', fontFiles=[], height=0.1, italic=False, languageStyle='LTR', name='secondVisualStimulus_2', opacity=1.0, ori=0, pos=array([0., 0.]), rgb=array([0., 0., 0.]), text='2', units='height', win=Window(...), wrapWidth=1)
30.3357 	EXP 	Sound secondChoiceTone_2 set volume 1.000
30.3638 	EXP 	Created secondChoiceLeftStimulus_2 = ImageStim(__class__=<class 'psychopy.visual.image.ImageStim'>, autoLog=True, color=array([1., 1., 1.]), colorSpace='rgb', contrast=1.0, depth=-3.0, flipHoriz=False, flipVert=False, image='lightBulb_OFF.png', interpolate=True, mask=None, maskParams=None, name='secondChoiceLeftStimulus_2', opacity=1.0, ori=0.0, pos=array([-0.5,  0. ]), size=array([0.4, 0.4]), texRes=128, units='height', win=Window(...))
30.3899 	EXP 	Created secondChoiceRightStimulus_2 = ImageStim(__class__=<class 'psychopy.visual.image.ImageStim'>, autoLog=True, color=array([1., 1., 1.]), colorSpace='rgb', contrast=1.0, depth=-4.0, flipHoriz=False, flipVert=False, image='lightBulb_ON.png', interpolate=True, mask=None, maskParams=None, name='secondChoiceRightStimulus_2', opacity=1.0, ori=0.0, pos=array([0.5, 0. ]), size=array([0.4, 0.4]), texRes=128, units='height', win=Window(...))
30.4069 	EXP 	Created decisionTextProbe_2 = TextStim(__class__=<class 'psychopy.visual.text.TextStim'>, alignHoriz=method-wrapper(...), alignText='center', alignVert=method-wrapper(...), anchorHoriz='center', anchorVert='center', antialias=True, autoLog=True, bold=False, color='black', colorSpace='named', contrast=1.0, depth=-1.0, flipHoriz=False, flipVert=False, font='Arial', fontFiles=[], height=0.1, italic=False, languageStyle='LTR', name='decisionTextProbe_2', opacity=1.0, ori=0, pos=array([0., 0.]), rgb=array([0., 0., 0.]), text=str(...), units='height', win=Window(...), wrapWidth=1)
30.4122 	EXP 	Created feedbackText_2 = TextStim(__class__=<class 'psychopy.visual.text.TextStim'>, alignHoriz=method-wrapper(...), alignText='center', alignVert=method-wrapper(...), anchorHoriz='center', anchorVert='center', antialias=True, autoLog=True, bold=False, color='black', colorSpace='named', contrast=1.0, depth=-1.0, flipHoriz=False, flipVert=False, font='Arial', fontFiles=[], height=0.1, italic=False, languageStyle='LTR', name='feedbackText_2', opacity=1.0, ori=0, pos=array([0., 0.]), rgb=array([0., 0., 0.]), text='default text', units='height', win=Window(...), wrapWidth=1)
30.4277 	EXP 	Created text_7 = TextStim(__class__=<class 'psychopy.visual.text.TextStim'>, alignHoriz=method-wrapper(...), alignText='center', alignVert=method-wrapper(...), anchorHoriz='center', anchorVert='center', antialias=True, autoLog=True, bold=False, color='black', colorSpace='named', contrast=1.0, depth=0.0, flipHoriz=False, flipVert=False, font='Arial', fontFiles=[], height=0.05, italic=False, languageStyle='LTR', name='text_7', opacity=1.0, ori=0, pos=array([0., 0.]), rgb=array([0., 0., 0.]), text=str(...), units='height', win=Window(...), wrapWidth=1)
30.4469 	EXP 	Created text_10 = TextStim(__class__=<class 'psychopy.visual.text.TextStim'>, alignHoriz=method-wrapper(...), alignText='center', alignVert=method-wrapper(...), anchorHoriz='center', anchorVert='center', antialias=True, autoLog=True, bold=False, color='black', colorSpace='named', contrast=1.0, depth=0.0, flipHoriz=False, flipVert=False, font='Arial', fontFiles=[], height=0.05, italic=False, languageStyle='LTR', name='text_10', opacity=1.0, ori=0, pos=array([0., 0.]), rgb=array([0., 0., 0.]), text=str(...), units='height', win=Window(...), wrapWidth=1)
30.4486 	EXP 	Created firstITI = TextStim(__class__=<class 'psychopy.visual.text.TextStim'>, alignHoriz=method-wrapper(...), alignText='center', alignVert=method-wrapper(...), anchorHoriz='center', anchorVert='center', antialias=True, autoLog=True, bold=False, color='black', colorSpace='named', contrast=1.0, depth=-1.0, flipHoriz=False, flipVert=False, font='Arial', fontFiles=[], height=0.1, italic=False, languageStyle='LTR', name='firstITI', opacity=1.0, ori=0, pos=array([0., 0.]), rgb=array([0., 0., 0.]), text='+', units='height', win=Window(...), wrapWidth=1)
30.4497 	EXP 	Created text = TextStim(__class__=<class 'psychopy.visual.text.TextStim'>, alignHoriz=method-wrapper(...), alignText='center', alignVert=method-wrapper(...), anchorHoriz='center', anchorVert='center', antialias=True, autoLog=True, bold=False, color='black', colorSpace='named', contrast=1.0, depth=0.0, flipHoriz=False, flipVert=False, font='Arial', fontFiles=[], height=0.1, italic=False, languageStyle='LTR', name='text', opacity=1.0, ori=0, pos=array([0., 0.]), rgb=array([0., 0., 0.]), text='+', units='height', win=Window(...), wrapWidth=1)
30.4514 	EXP 	Created firstVisualStimulus = TextStim(__class__=<class 'psychopy.visual.text.TextStim'>, alignHoriz=method-wrapper(...), alignText='center', alignVert=method-wrapper(...), anchorHoriz='center', anchorVert='center', antialias=True, autoLog=True, bold=False, color='black', colorSpace='named', contrast=1.0, depth=-1.0, flipHoriz=False, flipVert=False, font='Arial', fontFiles=[], height=0.1, italic=False, languageStyle='LTR', name='firstVisualStimulus', opacity=1.0, ori=0, pos=array([0., 0.]), rgb=array([0., 0., 0.]), text='1', units='height', win=Window(...), wrapWidth=1)
30.4543 	EXP 	Sound firstChoiceNoise set volume 1.000
30.4543 	EXP 	Sound firstChoiceProbeTone set volume 1.000
30.4820 	EXP 	Created firstChoiceLeftStimulus = ImageStim(__class__=<class 'psychopy.visual.image.ImageStim'>, autoLog=True, color=array([1., 1., 1.]), colorSpace='rgb', contrast=1.0, depth=-4.0, flipHoriz=False, flipVert=False, image='lightBulb_ON.png', interpolate=True, mask=None, maskParams=None, name='firstChoiceLeftStimulus', opacity=1.0, ori=0.0, pos=array([-0.5,  0. ]), size=array([0.4, 0.4]), texRes=128, units='height', win=Window(...))
30.5080 	EXP 	Created firstChoiceRightStimulus = ImageStim(__class__=<class 'psychopy.visual.image.ImageStim'>, autoLog=True, color=array([1., 1., 1.]), colorSpace='rgb', contrast=1.0, depth=-5.0, flipHoriz=False, flipVert=False, image='lightBulb_OFF.png', interpolate=True, mask=None, maskParams=None, name='firstChoiceRightStimulus', opacity=1.0, ori=0.0, pos=array([0.5, 0. ]), size=array([0.4, 0.4]), texRes=128, units='height', win=Window(...))
30.5105 	EXP 	Created ISIVisualStimulus = TextStim(__class__=<class 'psychopy.visual.text.TextStim'>, alignHoriz=method-wrapper(...), alignText='center', alignVert=method-wrapper(...), anchorHoriz='center', anchorVert='center', antialias=True, autoLog=True, bold=False, color='black', colorSpace='named', contrast=1.0, depth=0.0, flipHoriz=False, flipVert=False, font='Arial', fontFiles=[], height=0.1, italic=False, languageStyle='LTR', name='ISIVisualStimulus', opacity=1.0, ori=0, pos=array([0., 0.]), rgb=array([0., 0., 0.]), text='ISI', units='height', win=Window(...), wrapWidth=1)
30.5369 	EXP 	Created rightStimulus = ImageStim(__class__=<class 'psychopy.visual.image.ImageStim'>, autoLog=True, color=array([1., 1., 1.]), colorSpace='rgb', contrast=1.0, depth=-1.0, flipHoriz=False, flipVert=False, image='lightBulb_OFF.png', interpolate=True, mask=None, maskParams=None, name='rightStimulus', opacity=1.0, ori=0.0, pos=array([0.5, 0. ]), size=array([0.4, 0.4]), texRes=128, units='height', win=Window(...))
30.5660 	EXP 	Created leftStimulus = ImageStim(__class__=<class 'psychopy.visual.image.ImageStim'>, autoLog=True, color=array([1., 1., 1.]), colorSpace='rgb', contrast=1.0, depth=-2.0, flipHoriz=False, flipVert=False, image='lightBulb_OFF.png', interpolate=True, mask=None, maskParams=None, name='leftStimulus', opacity=1.0, ori=0.0, pos=array([-0.5,  0. ]), size=array([0.4, 0.4]), texRes=128, units='height', win=Window(...))
30.5682 	EXP 	Created secondVisualStimulus = TextStim(__class__=<class 'psychopy.visual.text.TextStim'>, alignHoriz=method-wrapper(...), alignText='center', alignVert=method-wrapper(...), anchorHoriz='center', anchorVert='center', antialias=True, autoLog=True, bold=False, color='black', colorSpace='named', contrast=1.0, depth=-1.0, flipHoriz=False, flipVert=False, font='Arial', fontFiles=[], height=0.1, italic=False, languageStyle='LTR', name='secondVisualStimulus', opacity=1.0, ori=0, pos=array([0., 0.]), rgb=array([0., 0., 0.]), text='2', units='height', win=Window(...), wrapWidth=1)
30.5695 	EXP 	Sound secondChoiceNoise set volume 1.000
30.5696 	EXP 	Sound secondChoiceTone set volume 1.000
30.5970 	EXP 	Created secondChoiceLeftStimulus = ImageStim(__class__=<class 'psychopy.visual.image.ImageStim'>, autoLog=True, color=array([1., 1., 1.]), colorSpace='rgb', contrast=1.0, depth=-4.0, flipHoriz=False, flipVert=False, image='lightBulb_OFF.png', interpolate=True, mask=None, maskParams=None, name='secondChoiceLeftStimulus', opacity=1.0, ori=0.0, pos=array([-0.5,  0. ]), size=array([0.4, 0.4]), texRes=128, units='height', win=Window(...))
30.6242 	EXP 	Created secondChoiceRightStimulus = ImageStim(__class__=<class 'psychopy.visual.image.ImageStim'>, autoLog=True, color=array([1., 1., 1.]), colorSpace='rgb', contrast=1.0, depth=-5.0, flipHoriz=False, flipVert=False, image='lightBulb_ON.png', interpolate=True, mask=None, maskParams=None, name='secondChoiceRightStimulus', opacity=1.0, ori=0.0, pos=array([0.5, 0. ]), size=array([0.4, 0.4]), texRes=128, units='height', win=Window(...))
30.6295 	EXP 	Created decisionTextProbe = TextStim(__class__=<class 'psychopy.visual.text.TextStim'>, alignHoriz=method-wrapper(...), alignText='center', alignVert=method-wrapper(...), anchorHoriz='center', anchorVert='center', antialias=True, autoLog=True, bold=False, color='black', colorSpace='named', contrast=1.0, depth=-1.0, flipHoriz=False, flipVert=False, font='Arial', fontFiles=[], height=0.1, italic=False, languageStyle='LTR', name='decisionTextProbe', opacity=1.0, ori=0, pos=array([0., 0.]), rgb=array([0., 0., 0.]), text=str(...), units='height', win=Window(...), wrapWidth=1)
30.6329 	EXP 	Created feedbackText = TextStim(__class__=<class 'psychopy.visual.text.TextStim'>, alignHoriz=method-wrapper(...), alignText='center', alignVert=method-wrapper(...), anchorHoriz='center', anchorVert='center', antialias=True, autoLog=True, bold=False, color='black', colorSpace='named', contrast=1.0, depth=-1.0, flipHoriz=False, flipVert=False, font='Arial', fontFiles=[], height=0.1, italic=False, languageStyle='LTR', name='feedbackText', opacity=1.0, ori=0, pos=array([0., 0.]), rgb=array([0., 0., 0.]), text='default text', units='height', win=Window(...), wrapWidth=1)
30.6630 	EXP 	welcomeText: autoDraw = True
31.2037 	DATA 	Mouse: Left button down, pos=(606,535)
31.4200 	DATA 	Mouse:  Left button up, pos=(606,535)
31.4870 	EXP 	Created sequence: sequential, trialTypes=1, nReps=0, seed=None
31.4872 	EXP 	Created sequence: random, trialTypes=1, nReps=0, seed=None
31.4902 	DATA 	Keypress: space
31.5003 	EXP 	welcomeText: autoDraw = False
31.5003 	EXP 	text_10: autoDraw = True
32.4743 	DATA 	Keypress: b
32.4843 	EXP 	text_10: autoDraw = False
32.4843 	EXP 	firstITI: autoDraw = True
37.5792 	DEBUG 	Read Excel file with pandas: questConditionsFile.xlsx
37.5806 	DEBUG 	Clearing unnamed columns from questConditionsFile.xlsx
37.5813 	EXP 	Imported questConditionsFile.xlsx as conditions, 1 conditions, 11 params
38.2029 	DEBUG 	Using C:\Program Files\PsychoPy3\lib\site-packages\psychopy\data\staircase.py as origin file
38.2063 	DEBUG 	Using C:\Program Files\PsychoPy3\lib\site-packages\psychopy\data\staircase.py as origin file
38.2122 	EXP 	firstITI: autoDraw = False
38.2122 	EXP 	text: autoDraw = True
38.5543 	EXP 	text: autoDraw = False
38.5543 	EXP 	firstVisualStimulus: autoDraw = True
38.5543 	EXP 	firstChoiceLeftStimulus: autoDraw = True
38.5543 	EXP 	firstChoiceRightStimulus: autoDraw = True
38.9145 	EXP 	firstVisualStimulus: autoDraw = False
38.9145 	EXP 	firstChoiceLeftStimulus: autoDraw = False
38.9145 	EXP 	firstChoiceRightStimulus: autoDraw = False
38.9145 	EXP 	firstVisualStimulus: autoDraw = False
38.9145 	EXP 	firstChoiceLeftStimulus: autoDraw = False
38.9145 	EXP 	firstChoiceRightStimulus: autoDraw = False
38.9145 	EXP 	ISIVisualStimulus: autoDraw = True
38.9145 	EXP 	rightStimulus: autoDraw = True
38.9145 	EXP 	leftStimulus: autoDraw = True
39.9341 	EXP 	ISIVisualStimulus: autoDraw = False
39.9341 	EXP 	rightStimulus: autoDraw = False
39.9341 	EXP 	leftStimulus: autoDraw = False
39.9341 	EXP 	secondVisualStimulus: autoDraw = True
39.9341 	EXP 	secondChoiceLeftStimulus: autoDraw = True
39.9341 	EXP 	secondChoiceRightStimulus: autoDraw = True
40.2586 	EXP 	secondVisualStimulus: autoDraw = False
40.2586 	EXP 	secondChoiceLeftStimulus: autoDraw = False
40.2586 	EXP 	secondChoiceRightStimulus: autoDraw = False
40.2586 	EXP 	secondVisualStimulus: autoDraw = False
40.2586 	EXP 	secondChoiceLeftStimulus: autoDraw = False
40.2586 	EXP 	secondChoiceRightStimulus: autoDraw = False
40.2586 	EXP 	decisionTextProbe: autoDraw = True
41.7202 	DATA 	Keypress: 2
41.7272 	EXP 	decisionTextProbe: autoDraw = False
41.7272 	EXP 	feedbackText: text = 'Correct'
41.7272 	EXP 	feedbackText: autoDraw = True
42.7276 	EXP 	feedbackText: autoDraw = False
42.7276 	EXP 	feedbackText: autoDraw = False
42.7276 	EXP 	text: autoDraw = True
43.7289 	EXP 	text: autoDraw = False
43.7289 	EXP 	text: autoDraw = False
43.7289 	EXP 	firstVisualStimulus: autoDraw = True
43.7289 	EXP 	firstChoiceLeftStimulus: autoDraw = True
43.7289 	EXP 	firstChoiceRightStimulus: autoDraw = True
44.0625 	EXP 	firstVisualStimulus: autoDraw = False
44.0625 	EXP 	firstChoiceLeftStimulus: autoDraw = False
44.0625 	EXP 	firstChoiceRightStimulus: autoDraw = False
44.0625 	EXP 	firstVisualStimulus: autoDraw = False
44.0625 	EXP 	firstChoiceLeftStimulus: autoDraw = False
44.0625 	EXP 	firstChoiceRightStimulus: autoDraw = False
44.0625 	EXP 	ISIVisualStimulus: autoDraw = True
44.0625 	EXP 	rightStimulus: autoDraw = True
44.0625 	EXP 	leftStimulus: autoDraw = True
45.0635 	EXP 	ISIVisualStimulus: autoDraw = False
45.0635 	EXP 	rightStimulus: autoDraw = False
45.0635 	EXP 	leftStimulus: autoDraw = False
45.0635 	EXP 	ISIVisualStimulus: autoDraw = False
45.0635 	EXP 	rightStimulus: autoDraw = False
45.0635 	EXP 	leftStimulus: autoDraw = False
45.0635 	EXP 	secondVisualStimulus: autoDraw = True
45.0635 	EXP 	secondChoiceLeftStimulus: autoDraw = True
45.0635 	EXP 	secondChoiceRightStimulus: autoDraw = True
45.3970 	EXP 	secondVisualStimulus: autoDraw = False
45.3970 	EXP 	secondChoiceLeftStimulus: autoDraw = False
45.3970 	EXP 	secondChoiceRightStimulus: autoDraw = False
45.3970 	EXP 	secondVisualStimulus: autoDraw = False
45.3970 	EXP 	secondChoiceLeftStimulus: autoDraw = False
45.3970 	EXP 	secondChoiceRightStimulus: autoDraw = False
45.3970 	EXP 	decisionTextProbe: autoDraw = True
46.0044 	DATA 	Keypress: 2
46.0144 	EXP 	decisionTextProbe: autoDraw = False
46.0144 	EXP 	feedbackText: text = 'Correct'
46.0144 	EXP 	feedbackText: autoDraw = True
47.0153 	EXP 	feedbackText: autoDraw = False
47.0153 	EXP 	feedbackText: autoDraw = False
47.0153 	EXP 	text: autoDraw = True
47.7521 	WARNING 	Got keycode {} but that code isn't yet known
47.7522 	WARNING 	Keypress was given unknown key code (176)
48.0165 	EXP 	text: autoDraw = False
48.0165 	EXP 	text: autoDraw = False
48.0165 	EXP 	firstVisualStimulus: autoDraw = True
48.0165 	EXP 	firstChoiceLeftStimulus: autoDraw = True
48.0165 	EXP 	firstChoiceRightStimulus: autoDraw = True
48.3505 	EXP 	firstVisualStimulus: autoDraw = False
48.3505 	EXP 	firstChoiceLeftStimulus: autoDraw = False
48.3505 	EXP 	firstChoiceRightStimulus: autoDraw = False
48.3505 	EXP 	firstVisualStimulus: autoDraw = False
48.3505 	EXP 	firstChoiceLeftStimulus: autoDraw = False
48.3505 	EXP 	firstChoiceRightStimulus: autoDraw = False
48.3505 	EXP 	ISIVisualStimulus: autoDraw = True
48.3505 	EXP 	rightStimulus: autoDraw = True
48.3505 	EXP 	leftStimulus: autoDraw = True
48.4360 	WARNING 	Got keycode {} but that code isn't yet known
48.4360 	WARNING 	Keypress was given unknown key code (174)
49.3510 	EXP 	ISIVisualStimulus: autoDraw = False
49.3510 	EXP 	rightStimulus: autoDraw = False
49.3510 	EXP 	leftStimulus: autoDraw = False
49.3510 	EXP 	ISIVisualStimulus: autoDraw = False
49.3510 	EXP 	rightStimulus: autoDraw = False
49.3510 	EXP 	leftStimulus: autoDraw = False
49.3510 	EXP 	secondVisualStimulus: autoDraw = True
49.3510 	EXP 	secondChoiceLeftStimulus: autoDraw = True
49.3510 	EXP 	secondChoiceRightStimulus: autoDraw = True
49.6848 	EXP 	secondVisualStimulus: autoDraw = False
49.6848 	EXP 	secondChoiceLeftStimulus: autoDraw = False
49.6848 	EXP 	secondChoiceRightStimulus: autoDraw = False
49.6848 	EXP 	secondVisualStimulus: autoDraw = False
49.6848 	EXP 	secondChoiceLeftStimulus: autoDraw = False
49.6848 	EXP 	secondChoiceRightStimulus: autoDraw = False
49.6848 	EXP 	decisionTextProbe: autoDraw = True
51.1560 	DATA 	Keypress: 1
51.1864 	EXP 	decisionTextProbe: autoDraw = False
51.1864 	EXP 	feedbackText: text = 'Incorrect'
51.1864 	EXP 	feedbackText: autoDraw = True
52.1873 	EXP 	feedbackText: autoDraw = False
52.1873 	EXP 	feedbackText: autoDraw = False
52.1873 	EXP 	text: autoDraw = True
53.1882 	EXP 	text: autoDraw = False
53.1882 	EXP 	text: autoDraw = False
53.1882 	EXP 	firstVisualStimulus: autoDraw = True
53.1882 	EXP 	firstChoiceLeftStimulus: autoDraw = True
53.1882 	EXP 	firstChoiceRightStimulus: autoDraw = True
53.5220 	EXP 	firstVisualStimulus: autoDraw = False
53.5220 	EXP 	firstChoiceLeftStimulus: autoDraw = False
53.5220 	EXP 	firstChoiceRightStimulus: autoDraw = False
53.5220 	EXP 	firstVisualStimulus: autoDraw = False
53.5220 	EXP 	firstChoiceLeftStimulus: autoDraw = False
53.5220 	EXP 	firstChoiceRightStimulus: autoDraw = False
53.5220 	EXP 	ISIVisualStimulus: autoDraw = True
53.5220 	EXP 	rightStimulus: autoDraw = True
53.5220 	EXP 	leftStimulus: autoDraw = True
54.5230 	EXP 	ISIVisualStimulus: autoDraw = False
54.5230 	EXP 	rightStimulus: autoDraw = False
54.5230 	EXP 	leftStimulus: autoDraw = False
54.5230 	EXP 	ISIVisualStimulus: autoDraw = False
54.5230 	EXP 	rightStimulus: autoDraw = False
54.5230 	EXP 	leftStimulus: autoDraw = False
54.5230 	EXP 	secondVisualStimulus: autoDraw = True
54.5230 	EXP 	secondChoiceLeftStimulus: autoDraw = True
54.5230 	EXP 	secondChoiceRightStimulus: autoDraw = True
54.8568 	EXP 	secondVisualStimulus: autoDraw = False
54.8568 	EXP 	secondChoiceLeftStimulus: autoDraw = False
54.8568 	EXP 	secondChoiceRightStimulus: autoDraw = False
54.8568 	EXP 	secondVisualStimulus: autoDraw = False
54.8568 	EXP 	secondChoiceLeftStimulus: autoDraw = False
54.8568 	EXP 	secondChoiceRightStimulus: autoDraw = False
54.8568 	EXP 	decisionTextProbe: autoDraw = True
55.1141 	DATA 	Keypress: 2
55.1237 	EXP 	decisionTextProbe: autoDraw = False
55.1237 	EXP 	feedbackText: text = 'Incorrect'
55.1237 	EXP 	feedbackText: autoDraw = True
56.1248 	EXP 	feedbackText: autoDraw = False
56.1248 	EXP 	feedbackText: autoDraw = False
56.1248 	EXP 	text: autoDraw = True
57.1256 	EXP 	text: autoDraw = False
57.1256 	EXP 	text: autoDraw = False
57.1256 	EXP 	firstVisualStimulus: autoDraw = True
57.1256 	EXP 	firstChoiceLeftStimulus: autoDraw = True
57.1256 	EXP 	firstChoiceRightStimulus: autoDraw = True
57.4595 	EXP 	firstVisualStimulus: autoDraw = False
57.4595 	EXP 	firstChoiceLeftStimulus: autoDraw = False
57.4595 	EXP 	firstChoiceRightStimulus: autoDraw = False
57.4595 	EXP 	firstVisualStimulus: autoDraw = False
57.4595 	EXP 	firstChoiceLeftStimulus: autoDraw = False
57.4595 	EXP 	firstChoiceRightStimulus: autoDraw = False
57.4595 	EXP 	ISIVisualStimulus: autoDraw = True
57.4595 	EXP 	rightStimulus: autoDraw = True
57.4595 	EXP 	leftStimulus: autoDraw = True
58.4605 	EXP 	ISIVisualStimulus: autoDraw = False
58.4605 	EXP 	rightStimulus: autoDraw = False
58.4605 	EXP 	leftStimulus: autoDraw = False
58.4605 	EXP 	ISIVisualStimulus: autoDraw = False
58.4605 	EXP 	rightStimulus: autoDraw = False
58.4605 	EXP 	leftStimulus: autoDraw = False
58.4605 	EXP 	secondVisualStimulus: autoDraw = True
58.4605 	EXP 	secondChoiceLeftStimulus: autoDraw = True
58.4605 	EXP 	secondChoiceRightStimulus: autoDraw = True
58.7939 	EXP 	secondVisualStimulus: autoDraw = False
58.7939 	EXP 	secondChoiceLeftStimulus: autoDraw = False
58.7939 	EXP 	secondChoiceRightStimulus: autoDraw = False
58.7939 	EXP 	secondVisualStimulus: autoDraw = False
58.7939 	EXP 	secondChoiceLeftStimulus: autoDraw = False
58.7939 	EXP 	secondChoiceRightStimulus: autoDraw = False
58.7939 	EXP 	decisionTextProbe: autoDraw = True
59.0485 	DATA 	Keypress: 1
59.0776 	EXP 	decisionTextProbe: autoDraw = False
59.0776 	EXP 	feedbackText: text = 'Correct'
59.0776 	EXP 	feedbackText: autoDraw = True
60.0785 	EXP 	feedbackText: autoDraw = False
60.0785 	EXP 	feedbackText: autoDraw = False
60.0785 	EXP 	text: autoDraw = True
61.0797 	EXP 	text: autoDraw = False
61.0797 	EXP 	text: autoDraw = False
61.0797 	EXP 	firstVisualStimulus: autoDraw = True
61.0797 	EXP 	firstChoiceLeftStimulus: autoDraw = True
61.0797 	EXP 	firstChoiceRightStimulus: autoDraw = True
61.4131 	EXP 	firstVisualStimulus: autoDraw = False
61.4131 	EXP 	firstChoiceLeftStimulus: autoDraw = False
61.4131 	EXP 	firstChoiceRightStimulus: autoDraw = False
61.4131 	EXP 	firstVisualStimulus: autoDraw = False
61.4131 	EXP 	firstChoiceLeftStimulus: autoDraw = False
61.4131 	EXP 	firstChoiceRightStimulus: autoDraw = False
61.4131 	EXP 	ISIVisualStimulus: autoDraw = True
61.4131 	EXP 	rightStimulus: autoDraw = True
61.4131 	EXP 	leftStimulus: autoDraw = True
62.4140 	EXP 	ISIVisualStimulus: autoDraw = False
62.4140 	EXP 	rightStimulus: autoDraw = False
62.4140 	EXP 	leftStimulus: autoDraw = False
62.4140 	EXP 	ISIVisualStimulus: autoDraw = False
62.4140 	EXP 	rightStimulus: autoDraw = False
62.4140 	EXP 	leftStimulus: autoDraw = False
62.4140 	EXP 	secondVisualStimulus: autoDraw = True
62.4140 	EXP 	secondChoiceLeftStimulus: autoDraw = True
62.4140 	EXP 	secondChoiceRightStimulus: autoDraw = True
62.7165 	DATA 	Keypress: 2
62.7478 	EXP 	secondVisualStimulus: autoDraw = False
62.7478 	EXP 	secondChoiceLeftStimulus: autoDraw = False
62.7478 	EXP 	secondChoiceRightStimulus: autoDraw = False
62.7478 	EXP 	secondVisualStimulus: autoDraw = False
62.7478 	EXP 	secondChoiceLeftStimulus: autoDraw = False
62.7478 	EXP 	secondChoiceRightStimulus: autoDraw = False
62.7478 	EXP 	decisionTextProbe: autoDraw = True
63.3703 	DATA 	Keypress: 2
63.3820 	EXP 	decisionTextProbe: autoDraw = False
63.3820 	EXP 	feedbackText: text = 'Correct'
63.3820 	EXP 	feedbackText: autoDraw = True
64.3829 	EXP 	feedbackText: autoDraw = False
64.3829 	EXP 	feedbackText: autoDraw = False
64.3829 	EXP 	text: autoDraw = True
65.3839 	EXP 	text: autoDraw = False
65.3839 	EXP 	text: autoDraw = False
65.3839 	EXP 	firstVisualStimulus: autoDraw = True
65.3839 	EXP 	firstChoiceLeftStimulus: autoDraw = True
65.3839 	EXP 	firstChoiceRightStimulus: autoDraw = True
65.7170 	EXP 	firstVisualStimulus: autoDraw = False
65.7170 	EXP 	firstChoiceLeftStimulus: autoDraw = False
65.7170 	EXP 	firstChoiceRightStimulus: autoDraw = False
65.7170 	EXP 	firstVisualStimulus: autoDraw = False
65.7170 	EXP 	firstChoiceLeftStimulus: autoDraw = False
65.7170 	EXP 	firstChoiceRightStimulus: autoDraw = False
65.7170 	EXP 	ISIVisualStimulus: autoDraw = True
65.7170 	EXP 	rightStimulus: autoDraw = True
65.7170 	EXP 	leftStimulus: autoDraw = True
66.7190 	EXP 	ISIVisualStimulus: autoDraw = False
66.7190 	EXP 	rightStimulus: autoDraw = False
66.7190 	EXP 	leftStimulus: autoDraw = False
66.7190 	EXP 	ISIVisualStimulus: autoDraw = False
66.7190 	EXP 	rightStimulus: autoDraw = False
66.7190 	EXP 	leftStimulus: autoDraw = False
66.7190 	EXP 	secondVisualStimulus: autoDraw = True
66.7190 	EXP 	secondChoiceLeftStimulus: autoDraw = True
66.7190 	EXP 	secondChoiceRightStimulus: autoDraw = True
67.0521 	EXP 	secondVisualStimulus: autoDraw = False
67.0521 	EXP 	secondChoiceLeftStimulus: autoDraw = False
67.0521 	EXP 	secondChoiceRightStimulus: autoDraw = False
67.0521 	EXP 	secondVisualStimulus: autoDraw = False
67.0521 	EXP 	secondChoiceLeftStimulus: autoDraw = False
67.0521 	EXP 	secondChoiceRightStimulus: autoDraw = False
67.0521 	EXP 	decisionTextProbe: autoDraw = True
69.0402 	WARNING 	Got keycode {} but that code isn't yet known
69.0402 	WARNING 	Keypress was given unknown key code (176)
69.7404 	WARNING 	Got keycode {} but that code isn't yet known
69.7405 	WARNING 	Keypress was given unknown key code (174)
71.3989 	DATA 	Keypress: 1
71.4067 	EXP 	decisionTextProbe: autoDraw = False
71.4067 	EXP 	feedbackText: text = 'Incorrect'
71.4067 	EXP 	feedbackText: autoDraw = True
72.4077 	EXP 	feedbackText: autoDraw = False
72.4077 	EXP 	feedbackText: autoDraw = False
72.4077 	EXP 	text: autoDraw = True
73.4087 	EXP 	text: autoDraw = False
73.4087 	EXP 	text: autoDraw = False
73.4087 	EXP 	firstVisualStimulus: autoDraw = True
73.4087 	EXP 	firstChoiceLeftStimulus: autoDraw = True
73.4087 	EXP 	firstChoiceRightStimulus: autoDraw = True
73.7420 	EXP 	firstVisualStimulus: autoDraw = False
73.7420 	EXP 	firstChoiceLeftStimulus: autoDraw = False
73.7420 	EXP 	firstChoiceRightStimulus: autoDraw = False
73.7420 	EXP 	firstVisualStimulus: autoDraw = False
73.7420 	EXP 	firstChoiceLeftStimulus: autoDraw = False
73.7420 	EXP 	firstChoiceRightStimulus: autoDraw = False
73.7420 	EXP 	ISIVisualStimulus: autoDraw = True
73.7420 	EXP 	rightStimulus: autoDraw = True
73.7420 	EXP 	leftStimulus: autoDraw = True
74.7432 	EXP 	ISIVisualStimulus: autoDraw = False
74.7432 	EXP 	rightStimulus: autoDraw = False
74.7432 	EXP 	leftStimulus: autoDraw = False
74.7432 	EXP 	ISIVisualStimulus: autoDraw = False
74.7432 	EXP 	rightStimulus: autoDraw = False
74.7432 	EXP 	leftStimulus: autoDraw = False
74.7432 	EXP 	secondVisualStimulus: autoDraw = True
74.7432 	EXP 	secondChoiceLeftStimulus: autoDraw = True
74.7432 	EXP 	secondChoiceRightStimulus: autoDraw = True
75.0775 	EXP 	secondVisualStimulus: autoDraw = False
75.0775 	EXP 	secondChoiceLeftStimulus: autoDraw = False
75.0775 	EXP 	secondChoiceRightStimulus: autoDraw = False
75.0775 	EXP 	secondVisualStimulus: autoDraw = False
75.0775 	EXP 	secondChoiceLeftStimulus: autoDraw = False
75.0775 	EXP 	secondChoiceRightStimulus: autoDraw = False
75.0775 	EXP 	decisionTextProbe: autoDraw = True
75.4642 	DATA 	Keypress: 1
75.4936 	EXP 	decisionTextProbe: autoDraw = False
75.4936 	EXP 	feedbackText: text = 'Correct'
75.4936 	EXP 	feedbackText: autoDraw = True
76.4951 	EXP 	feedbackText: autoDraw = False
76.4951 	EXP 	feedbackText: autoDraw = False
76.4951 	EXP 	text: autoDraw = True
77.4961 	EXP 	text: autoDraw = False
77.4961 	EXP 	text: autoDraw = False
77.4961 	EXP 	firstVisualStimulus: autoDraw = True
77.4961 	EXP 	firstChoiceLeftStimulus: autoDraw = True
77.4961 	EXP 	firstChoiceRightStimulus: autoDraw = True
77.8295 	EXP 	firstVisualStimulus: autoDraw = False
77.8295 	EXP 	firstChoiceLeftStimulus: autoDraw = False
77.8295 	EXP 	firstChoiceRightStimulus: autoDraw = False
77.8295 	EXP 	firstVisualStimulus: autoDraw = False
77.8295 	EXP 	firstChoiceLeftStimulus: autoDraw = False
77.8295 	EXP 	firstChoiceRightStimulus: autoDraw = False
77.8295 	EXP 	ISIVisualStimulus: autoDraw = True
77.8295 	EXP 	rightStimulus: autoDraw = True
77.8295 	EXP 	leftStimulus: autoDraw = True
78.8309 	EXP 	ISIVisualStimulus: autoDraw = False
78.8309 	EXP 	rightStimulus: autoDraw = False
78.8309 	EXP 	leftStimulus: autoDraw = False
78.8309 	EXP 	ISIVisualStimulus: autoDraw = False
78.8309 	EXP 	rightStimulus: autoDraw = False
78.8309 	EXP 	leftStimulus: autoDraw = False
78.8309 	EXP 	secondVisualStimulus: autoDraw = True
78.8309 	EXP 	secondChoiceLeftStimulus: autoDraw = True
78.8309 	EXP 	secondChoiceRightStimulus: autoDraw = True
79.1640 	EXP 	secondVisualStimulus: autoDraw = False
79.1640 	EXP 	secondChoiceLeftStimulus: autoDraw = False
79.1640 	EXP 	secondChoiceRightStimulus: autoDraw = False
79.1640 	EXP 	secondVisualStimulus: autoDraw = False
79.1640 	EXP 	secondChoiceLeftStimulus: autoDraw = False
79.1640 	EXP 	secondChoiceRightStimulus: autoDraw = False
79.1640 	EXP 	decisionTextProbe: autoDraw = True
79.6400 	DATA 	Mouse: Left button down, pos=(377,391)
79.8519 	DATA 	Mouse:  Left button up, pos=(377,391)
79.9373 	DATA 	Keypress: 1
79.9484 	EXP 	decisionTextProbe: autoDraw = False
79.9484 	EXP 	feedbackText: text = 'Correct'
79.9484 	EXP 	feedbackText: autoDraw = True
80.9495 	EXP 	feedbackText: autoDraw = False
80.9495 	EXP 	feedbackText: autoDraw = False
80.9495 	EXP 	text: autoDraw = True
81.9506 	EXP 	text: autoDraw = False
81.9506 	EXP 	text: autoDraw = False
81.9506 	EXP 	firstVisualStimulus: autoDraw = True
81.9506 	EXP 	firstChoiceLeftStimulus: autoDraw = True
81.9506 	EXP 	firstChoiceRightStimulus: autoDraw = True
82.2842 	EXP 	firstVisualStimulus: autoDraw = False
82.2842 	EXP 	firstChoiceLeftStimulus: autoDraw = False
82.2842 	EXP 	firstChoiceRightStimulus: autoDraw = False
82.2842 	EXP 	firstVisualStimulus: autoDraw = False
82.2842 	EXP 	firstChoiceLeftStimulus: autoDraw = False
82.2842 	EXP 	firstChoiceRightStimulus: autoDraw = False
82.2842 	EXP 	ISIVisualStimulus: autoDraw = True
82.2842 	EXP 	rightStimulus: autoDraw = True
82.2842 	EXP 	leftStimulus: autoDraw = True
83.2849 	EXP 	ISIVisualStimulus: autoDraw = False
83.2849 	EXP 	rightStimulus: autoDraw = False
83.2849 	EXP 	leftStimulus: autoDraw = False
83.2849 	EXP 	ISIVisualStimulus: autoDraw = False
83.2849 	EXP 	rightStimulus: autoDraw = False
83.2849 	EXP 	leftStimulus: autoDraw = False
83.2849 	EXP 	secondVisualStimulus: autoDraw = True
83.2849 	EXP 	secondChoiceLeftStimulus: autoDraw = True
83.2849 	EXP 	secondChoiceRightStimulus: autoDraw = True
83.6186 	EXP 	secondVisualStimulus: autoDraw = False
83.6186 	EXP 	secondChoiceLeftStimulus: autoDraw = False
83.6186 	EXP 	secondChoiceRightStimulus: autoDraw = False
83.6186 	EXP 	secondVisualStimulus: autoDraw = False
83.6186 	EXP 	secondChoiceLeftStimulus: autoDraw = False
83.6186 	EXP 	secondChoiceRightStimulus: autoDraw = False
83.6186 	EXP 	decisionTextProbe: autoDraw = True
84.3948 	DATA 	Keypress: 2
84.4028 	EXP 	decisionTextProbe: autoDraw = False
84.4028 	EXP 	feedbackText: text = 'Incorrect'
84.4028 	EXP 	feedbackText: autoDraw = True
85.4040 	EXP 	feedbackText: autoDraw = False
85.4040 	EXP 	feedbackText: autoDraw = False
85.4040 	EXP 	text: autoDraw = True
86.4049 	EXP 	text: autoDraw = False
86.4049 	EXP 	text: autoDraw = False
86.4049 	EXP 	firstVisualStimulus: autoDraw = True
86.4049 	EXP 	firstChoiceLeftStimulus: autoDraw = True
86.4049 	EXP 	firstChoiceRightStimulus: autoDraw = True
86.7394 	EXP 	firstVisualStimulus: autoDraw = False
86.7394 	EXP 	firstChoiceLeftStimulus: autoDraw = False
86.7394 	EXP 	firstChoiceRightStimulus: autoDraw = False
86.7394 	EXP 	firstVisualStimulus: autoDraw = False
86.7394 	EXP 	firstChoiceLeftStimulus: autoDraw = False
86.7394 	EXP 	firstChoiceRightStimulus: autoDraw = False
86.7394 	EXP 	ISIVisualStimulus: autoDraw = True
86.7394 	EXP 	rightStimulus: autoDraw = True
86.7394 	EXP 	leftStimulus: autoDraw = True
87.7117 	DATA 	Mouse: Left button down, pos=(402,557)
87.7420 	EXP 	ISIVisualStimulus: autoDraw = False
87.7420 	EXP 	rightStimulus: autoDraw = False
87.7420 	EXP 	leftStimulus: autoDraw = False
87.7420 	EXP 	ISIVisualStimulus: autoDraw = False
87.7420 	EXP 	rightStimulus: autoDraw = False
87.7420 	EXP 	leftStimulus: autoDraw = False
87.7420 	EXP 	secondVisualStimulus: autoDraw = True
87.7420 	EXP 	secondChoiceLeftStimulus: autoDraw = True
87.7420 	EXP 	secondChoiceRightStimulus: autoDraw = True
87.9261 	DATA 	Mouse:  Left button up, pos=(402,557)
88.0728 	EXP 	secondVisualStimulus: autoDraw = False
88.0728 	EXP 	secondChoiceLeftStimulus: autoDraw = False
88.0728 	EXP 	secondChoiceRightStimulus: autoDraw = False
88.0728 	EXP 	secondVisualStimulus: autoDraw = False
88.0728 	EXP 	secondChoiceLeftStimulus: autoDraw = False
88.0728 	EXP 	secondChoiceRightStimulus: autoDraw = False
88.0728 	EXP 	decisionTextProbe: autoDraw = True
88.5447 	DATA 	Keypress: 2
88.5737 	EXP 	decisionTextProbe: autoDraw = False
88.5737 	EXP 	feedbackText: text = 'Incorrect'
88.5737 	EXP 	feedbackText: autoDraw = True
89.5748 	EXP 	feedbackText: autoDraw = False
89.5748 	EXP 	feedbackText: autoDraw = False
89.5748 	EXP 	text: autoDraw = True
90.5758 	EXP 	text: autoDraw = False
90.5758 	EXP 	text: autoDraw = False
90.5758 	EXP 	firstVisualStimulus: autoDraw = True
90.5758 	EXP 	firstChoiceLeftStimulus: autoDraw = True
90.5758 	EXP 	firstChoiceRightStimulus: autoDraw = True
90.9093 	EXP 	firstVisualStimulus: autoDraw = False
90.9093 	EXP 	firstChoiceLeftStimulus: autoDraw = False
90.9093 	EXP 	firstChoiceRightStimulus: autoDraw = False
90.9093 	EXP 	firstVisualStimulus: autoDraw = False
90.9093 	EXP 	firstChoiceLeftStimulus: autoDraw = False
90.9093 	EXP 	firstChoiceRightStimulus: autoDraw = False
90.9093 	EXP 	ISIVisualStimulus: autoDraw = True
90.9093 	EXP 	rightStimulus: autoDraw = True
90.9093 	EXP 	leftStimulus: autoDraw = True
91.9106 	EXP 	ISIVisualStimulus: autoDraw = False
91.9106 	EXP 	rightStimulus: autoDraw = False
91.9106 	EXP 	leftStimulus: autoDraw = False
91.9106 	EXP 	ISIVisualStimulus: autoDraw = False
91.9106 	EXP 	rightStimulus: autoDraw = False
91.9106 	EXP 	leftStimulus: autoDraw = False
91.9106 	EXP 	secondVisualStimulus: autoDraw = True
91.9106 	EXP 	secondChoiceLeftStimulus: autoDraw = True
91.9106 	EXP 	secondChoiceRightStimulus: autoDraw = True
92.2442 	EXP 	secondVisualStimulus: autoDraw = False
92.2442 	EXP 	secondChoiceLeftStimulus: autoDraw = False
92.2442 	EXP 	secondChoiceRightStimulus: autoDraw = False
92.2442 	EXP 	secondVisualStimulus: autoDraw = False
92.2442 	EXP 	secondChoiceLeftStimulus: autoDraw = False
92.2442 	EXP 	secondChoiceRightStimulus: autoDraw = False
92.2442 	EXP 	decisionTextProbe: autoDraw = True
92.7278 	EXP 	decisionTextProbe: autoDraw = False
92.7278 	EXP 	feedbackText: text = 'Incorrect'
92.7278 	EXP 	feedbackText: autoDraw = True
93.7288 	EXP 	feedbackText: autoDraw = False
93.7288 	EXP 	feedbackText: autoDraw = False
93.7288 	EXP 	text: autoDraw = True
94.7301 	EXP 	text: autoDraw = False
94.7301 	EXP 	text: autoDraw = False
94.7301 	EXP 	firstVisualStimulus: autoDraw = True
94.7301 	EXP 	firstChoiceLeftStimulus: autoDraw = True
94.7301 	EXP 	firstChoiceRightStimulus: autoDraw = True
95.0633 	EXP 	firstVisualStimulus: autoDraw = False
95.0633 	EXP 	firstChoiceLeftStimulus: autoDraw = False
95.0633 	EXP 	firstChoiceRightStimulus: autoDraw = False
95.0633 	EXP 	firstVisualStimulus: autoDraw = False
95.0633 	EXP 	firstChoiceLeftStimulus: autoDraw = False
95.0633 	EXP 	firstChoiceRightStimulus: autoDraw = False
95.0633 	EXP 	ISIVisualStimulus: autoDraw = True
95.0633 	EXP 	rightStimulus: autoDraw = True
95.0633 	EXP 	leftStimulus: autoDraw = True
96.0645 	EXP 	ISIVisualStimulus: autoDraw = False
96.0645 	EXP 	rightStimulus: autoDraw = False
96.0645 	EXP 	leftStimulus: autoDraw = False
96.0645 	EXP 	ISIVisualStimulus: autoDraw = False
96.0645 	EXP 	rightStimulus: autoDraw = False
96.0645 	EXP 	leftStimulus: autoDraw = False
96.0645 	EXP 	secondVisualStimulus: autoDraw = True
96.0645 	EXP 	secondChoiceLeftStimulus: autoDraw = True
96.0645 	EXP 	secondChoiceRightStimulus: autoDraw = True
96.3981 	EXP 	secondVisualStimulus: autoDraw = False
96.3981 	EXP 	secondChoiceLeftStimulus: autoDraw = False
96.3981 	EXP 	secondChoiceRightStimulus: autoDraw = False
96.3981 	EXP 	secondVisualStimulus: autoDraw = False
96.3981 	EXP 	secondChoiceLeftStimulus: autoDraw = False
96.3981 	EXP 	secondChoiceRightStimulus: autoDraw = False
96.3981 	EXP 	decisionTextProbe: autoDraw = True
96.9319 	EXP 	decisionTextProbe: autoDraw = False
96.9319 	EXP 	feedbackText: text = 'Correct'
96.9319 	EXP 	feedbackText: autoDraw = True
97.9330 	EXP 	feedbackText: autoDraw = False
97.9330 	EXP 	feedbackText: autoDraw = False
97.9330 	EXP 	text: autoDraw = True
98.9340 	EXP 	text: autoDraw = False
98.9340 	EXP 	text: autoDraw = False
98.9340 	EXP 	firstVisualStimulus: autoDraw = True
98.9340 	EXP 	firstChoiceLeftStimulus: autoDraw = True
98.9340 	EXP 	firstChoiceRightStimulus: autoDraw = True
99.2676 	EXP 	firstVisualStimulus: autoDraw = False
99.2676 	EXP 	firstChoiceLeftStimulus: autoDraw = False
99.2676 	EXP 	firstChoiceRightStimulus: autoDraw = False
99.2676 	EXP 	firstVisualStimulus: autoDraw = False
99.2676 	EXP 	firstChoiceLeftStimulus: autoDraw = False
99.2676 	EXP 	firstChoiceRightStimulus: autoDraw = False
99.2676 	EXP 	ISIVisualStimulus: autoDraw = True
99.2676 	EXP 	rightStimulus: autoDraw = True
99.2676 	EXP 	leftStimulus: autoDraw = True
100.2689 	EXP 	ISIVisualStimulus: autoDraw = False
100.2689 	EXP 	rightStimulus: autoDraw = False
100.2689 	EXP 	leftStimulus: autoDraw = False
100.2689 	EXP 	ISIVisualStimulus: autoDraw = False
100.2689 	EXP 	rightStimulus: autoDraw = False
100.2689 	EXP 	leftStimulus: autoDraw = False
100.2689 	EXP 	secondVisualStimulus: autoDraw = True
100.2689 	EXP 	secondChoiceLeftStimulus: autoDraw = True
100.2689 	EXP 	secondChoiceRightStimulus: autoDraw = True
100.6024 	EXP 	secondVisualStimulus: autoDraw = False
100.6024 	EXP 	secondChoiceLeftStimulus: autoDraw = False
100.6024 	EXP 	secondChoiceRightStimulus: autoDraw = False
100.6024 	EXP 	secondVisualStimulus: autoDraw = False
100.6024 	EXP 	secondChoiceLeftStimulus: autoDraw = False
100.6024 	EXP 	secondChoiceRightStimulus: autoDraw = False
100.6024 	EXP 	decisionTextProbe: autoDraw = True
101.1695 	EXP 	decisionTextProbe: autoDraw = False
101.1695 	EXP 	feedbackText: text = 'Correct'
101.1695 	EXP 	feedbackText: autoDraw = True
102.1707 	EXP 	feedbackText: autoDraw = False
102.1707 	EXP 	feedbackText: autoDraw = False
102.1707 	EXP 	text: autoDraw = True
103.1716 	EXP 	text: autoDraw = False
103.1716 	EXP 	text: autoDraw = False
103.1716 	EXP 	firstVisualStimulus: autoDraw = True
103.1716 	EXP 	firstChoiceLeftStimulus: autoDraw = True
103.1716 	EXP 	firstChoiceRightStimulus: autoDraw = True
103.5051 	EXP 	firstVisualStimulus: autoDraw = False
103.5051 	EXP 	firstChoiceLeftStimulus: autoDraw = False
103.5051 	EXP 	firstChoiceRightStimulus: autoDraw = False
103.5051 	EXP 	firstVisualStimulus: autoDraw = False
103.5051 	EXP 	firstChoiceLeftStimulus: autoDraw = False
103.5051 	EXP 	firstChoiceRightStimulus: autoDraw = False
103.5051 	EXP 	ISIVisualStimulus: autoDraw = True
103.5051 	EXP 	rightStimulus: autoDraw = True
103.5051 	EXP 	leftStimulus: autoDraw = True
104.5061 	EXP 	ISIVisualStimulus: autoDraw = False
104.5061 	EXP 	rightStimulus: autoDraw = False
104.5061 	EXP 	leftStimulus: autoDraw = False
104.5061 	EXP 	ISIVisualStimulus: autoDraw = False
104.5061 	EXP 	rightStimulus: autoDraw = False
104.5061 	EXP 	leftStimulus: autoDraw = False
104.5061 	EXP 	secondVisualStimulus: autoDraw = True
104.5061 	EXP 	secondChoiceLeftStimulus: autoDraw = True
104.5061 	EXP 	secondChoiceRightStimulus: autoDraw = True
104.8402 	EXP 	secondVisualStimulus: autoDraw = False
104.8402 	EXP 	secondChoiceLeftStimulus: autoDraw = False
104.8402 	EXP 	secondChoiceRightStimulus: autoDraw = False
104.8402 	EXP 	secondVisualStimulus: autoDraw = False
104.8402 	EXP 	secondChoiceLeftStimulus: autoDraw = False
104.8402 	EXP 	secondChoiceRightStimulus: autoDraw = False
104.8402 	EXP 	decisionTextProbe: autoDraw = True
105.4906 	EXP 	decisionTextProbe: autoDraw = False
105.4906 	EXP 	feedbackText: text = 'Incorrect'
105.4906 	EXP 	feedbackText: autoDraw = True
106.4918 	EXP 	feedbackText: autoDraw = False
106.4918 	EXP 	feedbackText: autoDraw = False
106.4918 	EXP 	text: autoDraw = True
107.4925 	EXP 	text: autoDraw = False
107.4925 	EXP 	text: autoDraw = False
107.4925 	EXP 	firstVisualStimulus: autoDraw = True
107.4925 	EXP 	firstChoiceLeftStimulus: autoDraw = True
107.4925 	EXP 	firstChoiceRightStimulus: autoDraw = True
107.8265 	EXP 	firstVisualStimulus: autoDraw = False
107.8265 	EXP 	firstChoiceLeftStimulus: autoDraw = False
107.8265 	EXP 	firstChoiceRightStimulus: autoDraw = False
107.8265 	EXP 	firstVisualStimulus: autoDraw = False
107.8265 	EXP 	firstChoiceLeftStimulus: autoDraw = False
107.8265 	EXP 	firstChoiceRightStimulus: autoDraw = False
107.8265 	EXP 	ISIVisualStimulus: autoDraw = True
107.8265 	EXP 	rightStimulus: autoDraw = True
107.8265 	EXP 	leftStimulus: autoDraw = True
108.8274 	EXP 	ISIVisualStimulus: autoDraw = False
108.8274 	EXP 	rightStimulus: autoDraw = False
108.8274 	EXP 	leftStimulus: autoDraw = False
108.8274 	EXP 	ISIVisualStimulus: autoDraw = False
108.8274 	EXP 	rightStimulus: autoDraw = False
108.8274 	EXP 	leftStimulus: autoDraw = False
108.8274 	EXP 	secondVisualStimulus: autoDraw = True
108.8274 	EXP 	secondChoiceLeftStimulus: autoDraw = True
108.8274 	EXP 	secondChoiceRightStimulus: autoDraw = True
109.1608 	EXP 	secondVisualStimulus: autoDraw = False
109.1608 	EXP 	secondChoiceLeftStimulus: autoDraw = False
109.1608 	EXP 	secondChoiceRightStimulus: autoDraw = False
109.1608 	EXP 	secondVisualStimulus: autoDraw = False
109.1608 	EXP 	secondChoiceLeftStimulus: autoDraw = False
109.1608 	EXP 	secondChoiceRightStimulus: autoDraw = False
109.1608 	EXP 	decisionTextProbe: autoDraw = True
109.6948 	EXP 	decisionTextProbe: autoDraw = False
109.6948 	EXP 	feedbackText: text = 'Incorrect'
109.6948 	EXP 	feedbackText: autoDraw = True
110.6956 	EXP 	feedbackText: autoDraw = False
110.6956 	EXP 	feedbackText: autoDraw = False
110.6956 	EXP 	text: autoDraw = True
111.6969 	EXP 	text: autoDraw = False
111.6969 	EXP 	text: autoDraw = False
111.6969 	EXP 	firstVisualStimulus: autoDraw = True
111.6969 	EXP 	firstChoiceLeftStimulus: autoDraw = True
111.6969 	EXP 	firstChoiceRightStimulus: autoDraw = True
112.0306 	EXP 	firstVisualStimulus: autoDraw = False
112.0306 	EXP 	firstChoiceLeftStimulus: autoDraw = False
112.0306 	EXP 	firstChoiceRightStimulus: autoDraw = False
112.0306 	EXP 	firstVisualStimulus: autoDraw = False
112.0306 	EXP 	firstChoiceLeftStimulus: autoDraw = False
112.0306 	EXP 	firstChoiceRightStimulus: autoDraw = False
112.0306 	EXP 	ISIVisualStimulus: autoDraw = True
112.0306 	EXP 	rightStimulus: autoDraw = True
112.0306 	EXP 	leftStimulus: autoDraw = True
113.0313 	EXP 	ISIVisualStimulus: autoDraw = False
113.0313 	EXP 	rightStimulus: autoDraw = False
113.0313 	EXP 	leftStimulus: autoDraw = False
113.0313 	EXP 	ISIVisualStimulus: autoDraw = False
113.0313 	EXP 	rightStimulus: autoDraw = False
113.0313 	EXP 	leftStimulus: autoDraw = False
113.0313 	EXP 	secondVisualStimulus: autoDraw = True
113.0313 	EXP 	secondChoiceLeftStimulus: autoDraw = True
113.0313 	EXP 	secondChoiceRightStimulus: autoDraw = True
113.3651 	EXP 	secondVisualStimulus: autoDraw = False
113.3651 	EXP 	secondChoiceLeftStimulus: autoDraw = False
113.3651 	EXP 	secondChoiceRightStimulus: autoDraw = False
113.3651 	EXP 	secondVisualStimulus: autoDraw = False
113.3651 	EXP 	secondChoiceLeftStimulus: autoDraw = False
113.3651 	EXP 	secondChoiceRightStimulus: autoDraw = False
113.3651 	EXP 	decisionTextProbe: autoDraw = True
113.9156 	EXP 	decisionTextProbe: autoDraw = False
113.9156 	EXP 	feedbackText: text = 'Correct'
113.9156 	EXP 	feedbackText: autoDraw = True
114.9166 	EXP 	feedbackText: autoDraw = False
114.9166 	EXP 	feedbackText: autoDraw = False
114.9166 	EXP 	text: autoDraw = True
115.7909 	EXP 	window1: mouseVisible = True
115.7911 	DEBUG 	Saving data for toneDetectionPlatform_V1.6 ExperimentHandler
115.7985 	INFO 	saved data to C:\Users\W2032175\Documents\GitHub\Open-source-Auditory-Tone-Detection-Task\Auditory Tone Detection Task\data/_toneDetectionPlatform_V1.6_2020_Nov_02_1649.psydat
115.8053 	INFO 	saved data to 'C:\\Users\\W2032175\\Documents\\GitHub\\Open-source-Auditory-Tone-Detection-Task\\Auditory Tone Detection Task\\data/_toneDetectionPlatform_V1.6_2020_Nov_02_1649.csv'
