1.4153 	WARNING 	We strongly recommend you activate the PTB sound engine in PsychoPy prefs as the preferred audio engine. Its timing is vastly superior. Your prefs are currently set to use ['sounddevice', 'PTB', 'pyo', 'pygame'] (in that order).
18.7541 	INFO 	Loaded monitor calibration from ['2020_10_15 13:31']
20.1659 	EXP 	Created window1 = Window(allowGUI=False, allowStencil=False, args=UNKNOWN, autoLog=True, bitsMode=UNKNOWN, blendMode='avg', bpc=(8, 8, 8), color=array([1., 1., 1.]), colorSpace='rgb', depthBits=8, fullscr=<method-wrapper '__getattribute__' of attributeSetter object at 0x000002337EF5DBA8>, gamma=None, gammaErrorPolicy='raise', kwargs=UNKNOWN, lms=UNKNOWN, monitor=<psychopy.monitors.calibTools.Monitor object at 0x000002337EB74438>, multiSample=False, name='window1', numSamples=2, pos=[0.0, 0.0], screen=0, size=array([1366,  768]), stencilBits=0, stereo=False, units='height', useFBO=True, useRetina=False, viewOri=0.0, viewPos=None, viewScale=None, waitBlanking=True, winType='pyglet')
20.1659 	EXP 	window1: mouseVisible = True
20.1660 	EXP 	window1: recordFrameIntervals = False
20.3320 	EXP 	window1: recordFrameIntervals = True
20.5156 	DEBUG 	Screen (0) actual frame rate measured at 60.02
20.5156 	EXP 	window1: recordFrameIntervals = False
20.7122 	EXP 	Created welcomeText = TextStim(__class__=<class 'psychopy.visual.text.TextStim'>, alignHoriz=method-wrapper(...), alignText='center', alignVert=method-wrapper(...), anchorHoriz='center', anchorVert='center', antialias=True, autoLog=True, bold=False, color='black', colorSpace='named', contrast=1.0, depth=0.0, flipHoriz=False, flipVert=False, font='Arial', fontFiles=[], height=0.07, italic=False, languageStyle='LTR', name='welcomeText', opacity=1.0, ori=0, pos=array([0., 0.]), rgb=array([0., 0., 0.]), text=str(...), units='height', win=Window(...), wrapWidth=1)
20.7535 	EXP 	Created instructionsLightBulb1 = ImageStim(__class__=<class 'psychopy.visual.image.ImageStim'>, autoLog=True, color=array([1., 1., 1.]), colorSpace='rgb', contrast=1.0, depth=0.0, flipHoriz=False, flipVert=False, image='lightBulb_OFF.png', interpolate=True, mask=None, maskParams=None, name='instructionsLightBulb1', opacity=1.0, ori=0.0, pos=array([-0.5,  0. ]), size=array([0.4, 0.4]), texRes=128, units='height', win=Window(...))
20.7939 	EXP 	Created instructionsLightBulb2 = ImageStim(__class__=<class 'psychopy.visual.image.ImageStim'>, autoLog=True, color=array([1., 1., 1.]), colorSpace='rgb', contrast=1.0, depth=-1.0, flipHoriz=False, flipVert=False, image='lightBulb_OFF.png', interpolate=True, mask=None, maskParams=None, name='instructionsLightBulb2', opacity=1.0, ori=0.0, pos=array([0.5, 0. ]), size=array([0.4, 0.4]), texRes=128, units='height', win=Window(...))
20.8128 	EXP 	Created instructionsText = TextStim(__class__=<class 'psychopy.visual.text.TextStim'>, alignHoriz=method-wrapper(...), alignText='center', alignVert=method-wrapper(...), anchorHoriz='center', anchorVert='center', antialias=True, autoLog=True, bold=False, color='black', colorSpace='named', contrast=1.0, depth=-2.0, flipHoriz=False, flipVert=False, font='Arial', fontFiles=[], height=0.05, italic=False, languageStyle='LTR', name='instructionsText', opacity=1.0, ori=0, pos=array([0. , 0.3]), rgb=array([0., 0., 0.]), text=str(...), units='height', win=Window(...), wrapWidth=1)
20.8182 	EXP 	Created pressSpace = TextStim(__class__=<class 'psychopy.visual.text.TextStim'>, alignHoriz=method-wrapper(...), alignText='center', alignVert=method-wrapper(...), anchorHoriz='center', anchorVert='center', antialias=True, autoLog=True, bold=False, color='black', colorSpace='named', contrast=1.0, depth=-3.0, flipHoriz=False, flipVert=False, font='Arial', fontFiles=[], height=0.05, italic=False, languageStyle='LTR', name='pressSpace', opacity=1.0, ori=0, pos=array([ 0. , -0.3]), rgb=array([0., 0., 0.]), text='PRESS SPACE to continue', units='height', win=Window(...), wrapWidth=1)
20.8436 	EXP 	Created instructionsLightBulb1_2 = ImageStim(__class__=<class 'psychopy.visual.image.ImageStim'>, autoLog=True, color=array([1., 1., 1.]), colorSpace='rgb', contrast=1.0, depth=0.0, flipHoriz=False, flipVert=False, image='lightBulb_OFF.png', interpolate=True, mask=None, maskParams=None, name='instructionsLightBulb1_2', opacity=1.0, ori=0.0, pos=array([-0.5,  0. ]), size=array([0.4, 0.4]), texRes=128, units='height', win=Window(...))
20.8722 	EXP 	Created instructionsLightBulb2_2 = ImageStim(__class__=<class 'psychopy.visual.image.ImageStim'>, autoLog=True, color=array([1., 1., 1.]), colorSpace='rgb', contrast=1.0, depth=-1.0, flipHoriz=False, flipVert=False, image='lightBulb_OFF.png', interpolate=True, mask=None, maskParams=None, name='instructionsLightBulb2_2', opacity=1.0, ori=0.0, pos=array([0.5, 0. ]), size=array([0.4, 0.4]), texRes=128, units='height', win=Window(...))
20.8770 	EXP 	Created instructionsText_2 = TextStim(__class__=<class 'psychopy.visual.text.TextStim'>, alignHoriz=method-wrapper(...), alignText='center', alignVert=method-wrapper(...), anchorHoriz='center', anchorVert='center', antialias=True, autoLog=True, bold=False, color='black', colorSpace='named', contrast=1.0, depth=-2.0, flipHoriz=False, flipVert=False, font='Arial', fontFiles=[], height=0.05, italic=False, languageStyle='LTR', name='instructionsText_2', opacity=1.0, ori=0, pos=array([0. , 0.3]), rgb=array([0., 0., 0.]), text='In each trial, the light bulbs will blink', units='height', win=Window(...), wrapWidth=1)
20.8797 	EXP 	Created pressSpace_2 = TextStim(__class__=<class 'psychopy.visual.text.TextStim'>, alignHoriz=method-wrapper(...), alignText='center', alignVert=method-wrapper(...), anchorHoriz='center', anchorVert='center', antialias=True, autoLog=True, bold=False, color='black', colorSpace='named', contrast=1.0, depth=-3.0, flipHoriz=False, flipVert=False, font='Arial', fontFiles=[], height=0.05, italic=False, languageStyle='LTR', name='pressSpace_2', opacity=1.0, ori=0, pos=array([ 0. , -0.3]), rgb=array([0., 0., 0.]), text='PRESS SPACE to continue', units='height', win=Window(...), wrapWidth=1)
20.9061 	EXP 	Created instructionsLightBulb1_3 = ImageStim(__class__=<class 'psychopy.visual.image.ImageStim'>, autoLog=True, color=array([1., 1., 1.]), colorSpace='rgb', contrast=1.0, depth=0.0, flipHoriz=False, flipVert=False, image='lightBulb_OFF.png', interpolate=True, mask=None, maskParams=None, name='instructionsLightBulb1_3', opacity=1.0, ori=0.0, pos=array([-0.5,  0. ]), size=array([0.4, 0.4]), texRes=128, units='height', win=Window(...))
20.9332 	EXP 	Created instructionsLightBulb2_3 = ImageStim(__class__=<class 'psychopy.visual.image.ImageStim'>, autoLog=True, color=array([1., 1., 1.]), colorSpace='rgb', contrast=1.0, depth=-1.0, flipHoriz=False, flipVert=False, image='lightBulb_OFF.png', interpolate=True, mask=None, maskParams=None, name='instructionsLightBulb2_3', opacity=1.0, ori=0.0, pos=array([0.5, 0. ]), size=array([0.4, 0.4]), texRes=128, units='height', win=Window(...))
20.9395 	EXP 	Created text_3 = TextStim(__class__=<class 'psychopy.visual.text.TextStim'>, alignHoriz=method-wrapper(...), alignText='center', alignVert=method-wrapper(...), anchorHoriz='center', anchorVert='center', antialias=True, autoLog=True, bold=False, color='black', colorSpace='named', contrast=1.0, depth=-2.0, flipHoriz=False, flipVert=False, font='Arial', fontFiles=[], height=0.05, italic=False, languageStyle='LTR', name='text_3', opacity=1.0, ori=0, pos=array([0. , 0.3]), rgb=array([0., 0., 0.]), text=str(...), units='height', win=Window(...), wrapWidth=1)
20.9425 	EXP 	Created pressSpace_3 = TextStim(__class__=<class 'psychopy.visual.text.TextStim'>, alignHoriz=method-wrapper(...), alignText='center', alignVert=method-wrapper(...), anchorHoriz='center', anchorVert='center', antialias=True, autoLog=True, bold=False, color='black', colorSpace='named', contrast=1.0, depth=-3.0, flipHoriz=False, flipVert=False, font='Arial', fontFiles=[], height=0.05, italic=False, languageStyle='LTR', name='pressSpace_3', opacity=1.0, ori=0, pos=array([ 0. , -0.3]), rgb=array([0., 0., 0.]), text='Press SPACE to see light bulb 1 blink', units='height', win=Window(...), wrapWidth=1)
20.9686 	EXP 	Created instructionsLightBulb1_4 = ImageStim(__class__=<class 'psychopy.visual.image.ImageStim'>, autoLog=True, color=array([1., 1., 1.]), colorSpace='rgb', contrast=1.0, depth=0.0, flipHoriz=False, flipVert=False, image='lightBulb_ON.png', interpolate=True, mask=None, maskParams=None, name='instructionsLightBulb1_4', opacity=1.0, ori=0.0, pos=array([-0.5,  0. ]), size=array([0.4, 0.4]), texRes=128, units='height', win=Window(...))
20.9950 	EXP 	Created instructionsLightBulb2_4 = ImageStim(__class__=<class 'psychopy.visual.image.ImageStim'>, autoLog=True, color=array([1., 1., 1.]), colorSpace='rgb', contrast=1.0, depth=-1.0, flipHoriz=False, flipVert=False, image='lightBulb_OFF.png', interpolate=True, mask=None, maskParams=None, name='instructionsLightBulb2_4', opacity=1.0, ori=0.0, pos=array([0.5, 0. ]), size=array([0.4, 0.4]), texRes=128, units='height', win=Window(...))
21.0364 	EXP 	Created instructionsLightBulb1_5 = ImageStim(__class__=<class 'psychopy.visual.image.ImageStim'>, autoLog=True, color=array([1., 1., 1.]), colorSpace='rgb', contrast=1.0, depth=0.0, flipHoriz=False, flipVert=False, image='lightBulb_OFF.png', interpolate=True, mask=None, maskParams=None, name='instructionsLightBulb1_5', opacity=1.0, ori=0.0, pos=array([-0.5,  0. ]), size=array([0.4, 0.4]), texRes=128, units='height', win=Window(...))
21.0790 	EXP 	Created instructionsLightBulb2_5 = ImageStim(__class__=<class 'psychopy.visual.image.ImageStim'>, autoLog=True, color=array([1., 1., 1.]), colorSpace='rgb', contrast=1.0, depth=-1.0, flipHoriz=False, flipVert=False, image='lightBulb_OFF.png', interpolate=True, mask=None, maskParams=None, name='instructionsLightBulb2_5', opacity=1.0, ori=0.0, pos=array([0.5, 0. ]), size=array([0.4, 0.4]), texRes=128, units='height', win=Window(...))
21.1161 	EXP 	Created instructionsLightBulb2_6 = ImageStim(__class__=<class 'psychopy.visual.image.ImageStim'>, autoLog=True, color=array([1., 1., 1.]), colorSpace='rgb', contrast=1.0, depth=-2.0, flipHoriz=False, flipVert=False, image='lightBulb_ON.png', interpolate=True, mask=None, maskParams=None, name='instructionsLightBulb2_6', opacity=1.0, ori=0.0, pos=array([0.5, 0. ]), size=array([0.4, 0.4]), texRes=128, units='height', win=Window(...))
21.1228 	EXP 	Created text_4 = TextStim(__class__=<class 'psychopy.visual.text.TextStim'>, alignHoriz=method-wrapper(...), alignText='center', alignVert=method-wrapper(...), anchorHoriz='center', anchorVert='center', antialias=True, autoLog=True, bold=False, color='black', colorSpace='named', contrast=1.0, depth=-3.0, flipHoriz=False, flipVert=False, font='Arial', fontFiles=[], height=0.05, italic=False, languageStyle='LTR', name='text_4', opacity=1.0, ori=0, pos=array([0. , 0.3]), rgb=array([0., 0., 0.]), text=str(...), units='height', win=Window(...), wrapWidth=1)
21.1252 	EXP 	Created pressSpace_4 = TextStim(__class__=<class 'psychopy.visual.text.TextStim'>, alignHoriz=method-wrapper(...), alignText='center', alignVert=method-wrapper(...), anchorHoriz='center', anchorVert='center', antialias=True, autoLog=True, bold=False, color='black', colorSpace='named', contrast=1.0, depth=-4.0, flipHoriz=False, flipVert=False, font='Arial', fontFiles=[], height=0.05, italic=False, languageStyle='LTR', name='pressSpace_4', opacity=1.0, ori=0, pos=array([ 0. , -0.3]), rgb=array([0., 0., 0.]), text='Press SPACE to continue', units='height', win=Window(...), wrapWidth=1)
21.1344 	EXP 	Created text_2 = TextStim(__class__=<class 'psychopy.visual.text.TextStim'>, alignHoriz=method-wrapper(...), alignText='center', alignVert=method-wrapper(...), anchorHoriz='center', anchorVert='center', antialias=True, autoLog=True, bold=False, color='black', colorSpace='named', contrast=1.0, depth=0.0, flipHoriz=False, flipVert=False, font='Arial', fontFiles=[], height=0.07, italic=False, languageStyle='LTR', name='text_2', opacity=1.0, ori=0, pos=array([0., 0.]), rgb=array([0., 0., 0.]), text=str(...), units='height', win=Window(...), wrapWidth=1)
21.1404 	EXP 	Created text_5 = TextStim(__class__=<class 'psychopy.visual.text.TextStim'>, alignHoriz=method-wrapper(...), alignText='center', alignVert=method-wrapper(...), anchorHoriz='center', anchorVert='center', antialias=True, autoLog=True, bold=False, color='black', colorSpace='named', contrast=1.0, depth=-1.0, flipHoriz=False, flipVert=False, font='Arial', fontFiles=[], height=0.07, italic=False, languageStyle='LTR', name='text_5', opacity=1.0, ori=0, pos=array([ 0. , -0.3]), rgb=array([0., 0., 0.]), text='press SPACEBAR to hear this sound', units='height', win=Window(...), wrapWidth=1)
21.1673 	EXP 	Created lightBulbOFF = ImageStim(__class__=<class 'psychopy.visual.image.ImageStim'>, autoLog=True, color=array([1., 1., 1.]), colorSpace='rgb', contrast=1.0, depth=-1.0, flipHoriz=False, flipVert=False, image='lightBulb_OFF.png', interpolate=True, mask=None, maskParams=None, name='lightBulbOFF', opacity=1.0, ori=0.0, pos=array([0., 0.]), size=array([0.5, 0.5]), texRes=128, units='height', win=Window(...))
21.1947 	EXP 	Created lightBulbON = ImageStim(__class__=<class 'psychopy.visual.image.ImageStim'>, autoLog=True, color=array([1., 1., 1.]), colorSpace='rgb', contrast=1.0, depth=-2.0, flipHoriz=False, flipVert=False, image='lightBulb_ON.png', interpolate=True, mask=None, maskParams=None, name='lightBulbON', opacity=1.0, ori=0.0, pos=array([0., 0.]), size=array([0.5, 0.5]), texRes=128, units='height', win=Window(...))
21.2026 	EXP 	Sound sound_1 set volume 1.000
21.2277 	EXP 	Created instructions_8_firstLine = TextStim(__class__=<class 'psychopy.visual.text.TextStim'>, alignHoriz=method-wrapper(...), alignText='center', alignVert=method-wrapper(...), anchorHoriz='center', anchorVert='center', antialias=True, autoLog=True, bold=False, color='black', colorSpace='named', contrast=1.0, depth=0.0, flipHoriz=False, flipVert=False, font='Arial', fontFiles=[], height=0.04, italic=False, languageStyle='LTR', name='instructions_8_firstLine', opacity=1.0, ori=0, pos=array([0. , 0.2]), rgb=array([0., 0., 0.]), text=str(...), units='height', win=Window(...), wrapWidth=1)
21.2351 	EXP 	Created text_8 = TextStim(__class__=<class 'psychopy.visual.text.TextStim'>, alignHoriz=method-wrapper(...), alignText='center', alignVert=method-wrapper(...), anchorHoriz='center', anchorVert='center', antialias=True, autoLog=True, bold=False, color='black', colorSpace='named', contrast=1.0, depth=-1.0, flipHoriz=False, flipVert=False, font='Arial', fontFiles=[], height=0.04, italic=False, languageStyle='LTR', name='text_8', opacity=1.0, ori=0, pos=array([0. , 0.1]), rgb=array([0., 0., 0.]), text=str(...), units='height', win=Window(...), wrapWidth=1)
21.2425 	EXP 	Created text_9 = TextStim(__class__=<class 'psychopy.visual.text.TextStim'>, alignHoriz=method-wrapper(...), alignText='center', alignVert=method-wrapper(...), anchorHoriz='center', anchorVert='center', antialias=True, autoLog=True, bold=False, color='black', colorSpace='named', contrast=1.0, depth=-2.0, flipHoriz=False, flipVert=False, font='Arial', fontFiles=[], height=0.04, italic=False, languageStyle='LTR', name='text_9', opacity=1.0, ori=0, pos=array([ 0.  , -0.02]), rgb=array([0., 0., 0.]), text=str(...), units='height', win=Window(...), wrapWidth=1)
21.2455 	EXP 	Created instructions_8_pressP = TextStim(__class__=<class 'psychopy.visual.text.TextStim'>, alignHoriz=method-wrapper(...), alignText='center', alignVert=method-wrapper(...), anchorHoriz='center', anchorVert='center', antialias=True, autoLog=True, bold=False, color='black', colorSpace='named', contrast=1.0, depth=-3.0, flipHoriz=False, flipVert=False, font='Arial', fontFiles=[], height=0.04, italic=False, languageStyle='LTR', name='instructions_8_pressP', opacity=1.0, ori=0, pos=array([ 0. , -0.3]), rgb=array([0., 0., 0.]), text="press 'p' to begin the practice trials!", units='height', win=Window(...), wrapWidth=1)
21.2543 	EXP 	Created text_6 = TextStim(__class__=<class 'psychopy.visual.text.TextStim'>, alignHoriz=method-wrapper(...), alignText='center', alignVert=method-wrapper(...), anchorHoriz='center', anchorVert='center', antialias=True, autoLog=True, bold=False, color='black', colorSpace='named', contrast=1.0, depth=-1.0, flipHoriz=False, flipVert=False, font='Arial', fontFiles=[], height=0.1, italic=False, languageStyle='LTR', name='text_6', opacity=1.0, ori=0, pos=array([0., 0.]), rgb=array([0., 0., 0.]), text='+', units='height', win=Window(...), wrapWidth=1)
21.2565 	EXP 	Created firstVisualStimulus_2 = TextStim(__class__=<class 'psychopy.visual.text.TextStim'>, alignHoriz=method-wrapper(...), alignText='center', alignVert=method-wrapper(...), anchorHoriz='center', anchorVert='center', antialias=True, autoLog=True, bold=False, color='black', colorSpace='named', contrast=1.0, depth=-1.0, flipHoriz=False, flipVert=False, font='Arial', fontFiles=[], height=0.1, italic=False, languageStyle='LTR', name='firstVisualStimulus_2', opacity=1.0, ori=0, pos=array([0., 0.]), rgb=array([0., 0., 0.]), text='1', units='height', win=Window(...), wrapWidth=1)
21.2566 	EXP 	Sound firstChoiceProbeTone_2 set volume 1.000
21.2833 	EXP 	Created firstChoiceLeftStimulus_2 = ImageStim(__class__=<class 'psychopy.visual.image.ImageStim'>, autoLog=True, color=array([1., 1., 1.]), colorSpace='rgb', contrast=1.0, depth=-3.0, flipHoriz=False, flipVert=False, image='lightBulb_ON.png', interpolate=True, mask=None, maskParams=None, name='firstChoiceLeftStimulus_2', opacity=1.0, ori=0.0, pos=array([-0.5,  0. ]), size=array([0.4, 0.4]), texRes=128, units='height', win=Window(...))
21.3099 	EXP 	Created firstChoiceRightStimulus_2 = ImageStim(__class__=<class 'psychopy.visual.image.ImageStim'>, autoLog=True, color=array([1., 1., 1.]), colorSpace='rgb', contrast=1.0, depth=-4.0, flipHoriz=False, flipVert=False, image='lightBulb_OFF.png', interpolate=True, mask=None, maskParams=None, name='firstChoiceRightStimulus_2', opacity=1.0, ori=0.0, pos=array([0.5, 0. ]), size=array([0.4, 0.4]), texRes=128, units='height', win=Window(...))
21.3141 	EXP 	Created ISIVisualStimulus_3 = TextStim(__class__=<class 'psychopy.visual.text.TextStim'>, alignHoriz=method-wrapper(...), alignText='center', alignVert=method-wrapper(...), anchorHoriz='center', anchorVert='center', antialias=True, autoLog=True, bold=False, color='black', colorSpace='named', contrast=1.0, depth=0.0, flipHoriz=False, flipVert=False, font='Arial', fontFiles=[], height=0.1, italic=False, languageStyle='LTR', name='ISIVisualStimulus_3', opacity=1.0, ori=0, pos=array([0., 0.]), rgb=array([0., 0., 0.]), text='ISI', units='height', win=Window(...), wrapWidth=1)
21.3415 	EXP 	Created rightStimulus_3 = ImageStim(__class__=<class 'psychopy.visual.image.ImageStim'>, autoLog=True, color=array([1., 1., 1.]), colorSpace='rgb', contrast=1.0, depth=-1.0, flipHoriz=False, flipVert=False, image='lightBulb_OFF.png', interpolate=True, mask=None, maskParams=None, name='rightStimulus_3', opacity=1.0, ori=0.0, pos=array([0.5, 0. ]), size=array([0.4, 0.4]), texRes=128, units='height', win=Window(...))
21.3681 	EXP 	Created leftStimulus_3 = ImageStim(__class__=<class 'psychopy.visual.image.ImageStim'>, autoLog=True, color=array([1., 1., 1.]), colorSpace='rgb', contrast=1.0, depth=-2.0, flipHoriz=False, flipVert=False, image='lightBulb_OFF.png', interpolate=True, mask=None, maskParams=None, name='leftStimulus_3', opacity=1.0, ori=0.0, pos=array([-0.5,  0. ]), size=array([0.4, 0.4]), texRes=128, units='height', win=Window(...))
21.3705 	EXP 	Created secondVisualStimulus_2 = TextStim(__class__=<class 'psychopy.visual.text.TextStim'>, alignHoriz=method-wrapper(...), alignText='center', alignVert=method-wrapper(...), anchorHoriz='center', anchorVert='center', antialias=True, autoLog=True, bold=False, color='black', colorSpace='named', contrast=1.0, depth=-1.0, flipHoriz=False, flipVert=False, font='Arial', fontFiles=[], height=0.1, italic=False, languageStyle='LTR', name='secondVisualStimulus_2', opacity=1.0, ori=0, pos=array([0., 0.]), rgb=array([0., 0., 0.]), text='2', units='height', win=Window(...), wrapWidth=1)
21.3706 	EXP 	Sound secondChoiceTone_2 set volume 1.000
21.3981 	EXP 	Created secondChoiceLeftStimulus_2 = ImageStim(__class__=<class 'psychopy.visual.image.ImageStim'>, autoLog=True, color=array([1., 1., 1.]), colorSpace='rgb', contrast=1.0, depth=-3.0, flipHoriz=False, flipVert=False, image='lightBulb_OFF.png', interpolate=True, mask=None, maskParams=None, name='secondChoiceLeftStimulus_2', opacity=1.0, ori=0.0, pos=array([-0.5,  0. ]), size=array([0.4, 0.4]), texRes=128, units='height', win=Window(...))
21.4249 	EXP 	Created secondChoiceRightStimulus_2 = ImageStim(__class__=<class 'psychopy.visual.image.ImageStim'>, autoLog=True, color=array([1., 1., 1.]), colorSpace='rgb', contrast=1.0, depth=-4.0, flipHoriz=False, flipVert=False, image='lightBulb_ON.png', interpolate=True, mask=None, maskParams=None, name='secondChoiceRightStimulus_2', opacity=1.0, ori=0.0, pos=array([0.5, 0. ]), size=array([0.4, 0.4]), texRes=128, units='height', win=Window(...))
21.4419 	EXP 	Created decisionTextProbe_2 = TextStim(__class__=<class 'psychopy.visual.text.TextStim'>, alignHoriz=method-wrapper(...), alignText='center', alignVert=method-wrapper(...), anchorHoriz='center', anchorVert='center', antialias=True, autoLog=True, bold=False, color='black', colorSpace='named', contrast=1.0, depth=-1.0, flipHoriz=False, flipVert=False, font='Arial', fontFiles=[], height=0.1, italic=False, languageStyle='LTR', name='decisionTextProbe_2', opacity=1.0, ori=0, pos=array([0., 0.]), rgb=array([0., 0., 0.]), text=str(...), units='height', win=Window(...), wrapWidth=1)
21.4471 	EXP 	Created feedbackText_2 = TextStim(__class__=<class 'psychopy.visual.text.TextStim'>, alignHoriz=method-wrapper(...), alignText='center', alignVert=method-wrapper(...), anchorHoriz='center', anchorVert='center', antialias=True, autoLog=True, bold=False, color='black', colorSpace='named', contrast=1.0, depth=-1.0, flipHoriz=False, flipVert=False, font='Arial', fontFiles=[], height=0.1, italic=False, languageStyle='LTR', name='feedbackText_2', opacity=1.0, ori=0, pos=array([0., 0.]), rgb=array([0., 0., 0.]), text='default text', units='height', win=Window(...), wrapWidth=1)
21.4632 	EXP 	Created text_7 = TextStim(__class__=<class 'psychopy.visual.text.TextStim'>, alignHoriz=method-wrapper(...), alignText='center', alignVert=method-wrapper(...), anchorHoriz='center', anchorVert='center', antialias=True, autoLog=True, bold=False, color='black', colorSpace='named', contrast=1.0, depth=0.0, flipHoriz=False, flipVert=False, font='Arial', fontFiles=[], height=0.05, italic=False, languageStyle='LTR', name='text_7', opacity=1.0, ori=0, pos=array([0., 0.]), rgb=array([0., 0., 0.]), text=str(...), units='height', win=Window(...), wrapWidth=1)
21.4826 	EXP 	Created text_10 = TextStim(__class__=<class 'psychopy.visual.text.TextStim'>, alignHoriz=method-wrapper(...), alignText='center', alignVert=method-wrapper(...), anchorHoriz='center', anchorVert='center', antialias=True, autoLog=True, bold=False, color='black', colorSpace='named', contrast=1.0, depth=0.0, flipHoriz=False, flipVert=False, font='Arial', fontFiles=[], height=0.05, italic=False, languageStyle='LTR', name='text_10', opacity=1.0, ori=0, pos=array([0., 0.]), rgb=array([0., 0., 0.]), text=str(...), units='height', win=Window(...), wrapWidth=1)
21.4842 	EXP 	Created firstITI = TextStim(__class__=<class 'psychopy.visual.text.TextStim'>, alignHoriz=method-wrapper(...), alignText='center', alignVert=method-wrapper(...), anchorHoriz='center', anchorVert='center', antialias=True, autoLog=True, bold=False, color='black', colorSpace='named', contrast=1.0, depth=-1.0, flipHoriz=False, flipVert=False, font='Arial', fontFiles=[], height=0.1, italic=False, languageStyle='LTR', name='firstITI', opacity=1.0, ori=0, pos=array([0., 0.]), rgb=array([0., 0., 0.]), text='+', units='height', win=Window(...), wrapWidth=1)
21.4855 	EXP 	Created text = TextStim(__class__=<class 'psychopy.visual.text.TextStim'>, alignHoriz=method-wrapper(...), alignText='center', alignVert=method-wrapper(...), anchorHoriz='center', anchorVert='center', antialias=True, autoLog=True, bold=False, color='black', colorSpace='named', contrast=1.0, depth=0.0, flipHoriz=False, flipVert=False, font='Arial', fontFiles=[], height=0.1, italic=False, languageStyle='LTR', name='text', opacity=1.0, ori=0, pos=array([0., 0.]), rgb=array([0., 0., 0.]), text='+', units='height', win=Window(...), wrapWidth=1)
21.4870 	EXP 	Created firstVisualStimulus = TextStim(__class__=<class 'psychopy.visual.text.TextStim'>, alignHoriz=method-wrapper(...), alignText='center', alignVert=method-wrapper(...), anchorHoriz='center', anchorVert='center', antialias=True, autoLog=True, bold=False, color='black', colorSpace='named', contrast=1.0, depth=-1.0, flipHoriz=False, flipVert=False, font='Arial', fontFiles=[], height=0.1, italic=False, languageStyle='LTR', name='firstVisualStimulus', opacity=1.0, ori=0, pos=array([0., 0.]), rgb=array([0., 0., 0.]), text='1', units='height', win=Window(...), wrapWidth=1)
21.4885 	EXP 	Sound firstChoiceNoise set volume 1.000
21.4886 	EXP 	Sound firstChoiceProbeTone set volume 1.000
21.5166 	EXP 	Created firstChoiceLeftStimulus = ImageStim(__class__=<class 'psychopy.visual.image.ImageStim'>, autoLog=True, color=array([1., 1., 1.]), colorSpace='rgb', contrast=1.0, depth=-4.0, flipHoriz=False, flipVert=False, image='lightBulb_ON.png', interpolate=True, mask=None, maskParams=None, name='firstChoiceLeftStimulus', opacity=1.0, ori=0.0, pos=array([-0.5,  0. ]), size=array([0.4, 0.4]), texRes=128, units='height', win=Window(...))
21.5431 	EXP 	Created firstChoiceRightStimulus = ImageStim(__class__=<class 'psychopy.visual.image.ImageStim'>, autoLog=True, color=array([1., 1., 1.]), colorSpace='rgb', contrast=1.0, depth=-5.0, flipHoriz=False, flipVert=False, image='lightBulb_OFF.png', interpolate=True, mask=None, maskParams=None, name='firstChoiceRightStimulus', opacity=1.0, ori=0.0, pos=array([0.5, 0. ]), size=array([0.4, 0.4]), texRes=128, units='height', win=Window(...))
21.5458 	EXP 	Created ISIVisualStimulus = TextStim(__class__=<class 'psychopy.visual.text.TextStim'>, alignHoriz=method-wrapper(...), alignText='center', alignVert=method-wrapper(...), anchorHoriz='center', anchorVert='center', antialias=True, autoLog=True, bold=False, color='black', colorSpace='named', contrast=1.0, depth=0.0, flipHoriz=False, flipVert=False, font='Arial', fontFiles=[], height=0.1, italic=False, languageStyle='LTR', name='ISIVisualStimulus', opacity=1.0, ori=0, pos=array([0., 0.]), rgb=array([0., 0., 0.]), text='ISI', units='height', win=Window(...), wrapWidth=1)
21.5728 	EXP 	Created rightStimulus = ImageStim(__class__=<class 'psychopy.visual.image.ImageStim'>, autoLog=True, color=array([1., 1., 1.]), colorSpace='rgb', contrast=1.0, depth=-1.0, flipHoriz=False, flipVert=False, image='lightBulb_OFF.png', interpolate=True, mask=None, maskParams=None, name='rightStimulus', opacity=1.0, ori=0.0, pos=array([0.5, 0. ]), size=array([0.4, 0.4]), texRes=128, units='height', win=Window(...))
21.5997 	EXP 	Created leftStimulus = ImageStim(__class__=<class 'psychopy.visual.image.ImageStim'>, autoLog=True, color=array([1., 1., 1.]), colorSpace='rgb', contrast=1.0, depth=-2.0, flipHoriz=False, flipVert=False, image='lightBulb_OFF.png', interpolate=True, mask=None, maskParams=None, name='leftStimulus', opacity=1.0, ori=0.0, pos=array([-0.5,  0. ]), size=array([0.4, 0.4]), texRes=128, units='height', win=Window(...))
21.6018 	EXP 	Created secondVisualStimulus = TextStim(__class__=<class 'psychopy.visual.text.TextStim'>, alignHoriz=method-wrapper(...), alignText='center', alignVert=method-wrapper(...), anchorHoriz='center', anchorVert='center', antialias=True, autoLog=True, bold=False, color='black', colorSpace='named', contrast=1.0, depth=-1.0, flipHoriz=False, flipVert=False, font='Arial', fontFiles=[], height=0.1, italic=False, languageStyle='LTR', name='secondVisualStimulus', opacity=1.0, ori=0, pos=array([0., 0.]), rgb=array([0., 0., 0.]), text='2', units='height', win=Window(...), wrapWidth=1)
21.6031 	EXP 	Sound secondChoiceNoise set volume 1.000
21.6031 	EXP 	Sound secondChoiceTone set volume 1.000
21.6324 	EXP 	Created secondChoiceLeftStimulus = ImageStim(__class__=<class 'psychopy.visual.image.ImageStim'>, autoLog=True, color=array([1., 1., 1.]), colorSpace='rgb', contrast=1.0, depth=-4.0, flipHoriz=False, flipVert=False, image='lightBulb_OFF.png', interpolate=True, mask=None, maskParams=None, name='secondChoiceLeftStimulus', opacity=1.0, ori=0.0, pos=array([-0.5,  0. ]), size=array([0.4, 0.4]), texRes=128, units='height', win=Window(...))
21.6593 	EXP 	Created secondChoiceRightStimulus = ImageStim(__class__=<class 'psychopy.visual.image.ImageStim'>, autoLog=True, color=array([1., 1., 1.]), colorSpace='rgb', contrast=1.0, depth=-5.0, flipHoriz=False, flipVert=False, image='lightBulb_ON.png', interpolate=True, mask=None, maskParams=None, name='secondChoiceRightStimulus', opacity=1.0, ori=0.0, pos=array([0.5, 0. ]), size=array([0.4, 0.4]), texRes=128, units='height', win=Window(...))
21.6644 	EXP 	Created decisionTextProbe = TextStim(__class__=<class 'psychopy.visual.text.TextStim'>, alignHoriz=method-wrapper(...), alignText='center', alignVert=method-wrapper(...), anchorHoriz='center', anchorVert='center', antialias=True, autoLog=True, bold=False, color='black', colorSpace='named', contrast=1.0, depth=-1.0, flipHoriz=False, flipVert=False, font='Arial', fontFiles=[], height=0.1, italic=False, languageStyle='LTR', name='decisionTextProbe', opacity=1.0, ori=0, pos=array([0., 0.]), rgb=array([0., 0., 0.]), text=str(...), units='height', win=Window(...), wrapWidth=1)
21.6676 	EXP 	Created feedbackText = TextStim(__class__=<class 'psychopy.visual.text.TextStim'>, alignHoriz=method-wrapper(...), alignText='center', alignVert=method-wrapper(...), anchorHoriz='center', anchorVert='center', antialias=True, autoLog=True, bold=False, color='black', colorSpace='named', contrast=1.0, depth=-1.0, flipHoriz=False, flipVert=False, font='Arial', fontFiles=[], height=0.1, italic=False, languageStyle='LTR', name='feedbackText', opacity=1.0, ori=0, pos=array([0., 0.]), rgb=array([0., 0., 0.]), text='default text', units='height', win=Window(...), wrapWidth=1)
21.6973 	EXP 	welcomeText: autoDraw = True
22.7891 	EXP 	Created sequence: sequential, trialTypes=1, nReps=0, seed=None
22.8254 	DEBUG 	Read Excel file with pandas: practiceConditionsFile.xlsx
22.8267 	DEBUG 	Clearing unnamed columns from practiceConditionsFile.xlsx
22.8269 	EXP 	Imported practiceConditionsFile.xlsx as conditions, 5 conditions, 1 params
22.8271 	EXP 	Created sequence: sequential, trialTypes=5, nReps=0, seed=None
22.8299 	DATA 	Keypress: space
22.8328 	EXP 	welcomeText: autoDraw = False
22.8328 	EXP 	text_7: autoDraw = True
24.0751 	DATA 	Keypress: c
24.0857 	EXP 	text_7: autoDraw = False
24.0857 	EXP 	text_10: autoDraw = True
25.0763 	DATA 	Keypress: b
25.0868 	EXP 	text_10: autoDraw = False
25.0868 	EXP 	firstITI: autoDraw = True
30.0810 	DEBUG 	Read Excel file with pandas: questConditionsFile.xlsx
30.0818 	DEBUG 	Clearing unnamed columns from questConditionsFile.xlsx
30.0823 	EXP 	Imported questConditionsFile.xlsx as conditions, 1 conditions, 11 params
30.3977 	DEBUG 	Using C:\Program Files\PsychoPy3\lib\site-packages\psychopy\data\staircase.py as origin file
30.4012 	DEBUG 	Using C:\Program Files\PsychoPy3\lib\site-packages\psychopy\data\staircase.py as origin file
30.4075 	EXP 	firstITI: autoDraw = False
30.4075 	EXP 	text: autoDraw = True
31.1533 	EXP 	text: autoDraw = False
31.1533 	EXP 	firstVisualStimulus: autoDraw = True
31.1533 	EXP 	firstChoiceLeftStimulus: autoDraw = True
31.1533 	EXP 	firstChoiceRightStimulus: autoDraw = True
31.5164 	EXP 	firstVisualStimulus: autoDraw = False
31.5164 	EXP 	firstChoiceLeftStimulus: autoDraw = False
31.5164 	EXP 	firstChoiceRightStimulus: autoDraw = False
31.5164 	EXP 	firstVisualStimulus: autoDraw = False
31.5164 	EXP 	firstChoiceLeftStimulus: autoDraw = False
31.5164 	EXP 	firstChoiceRightStimulus: autoDraw = False
31.5164 	EXP 	ISIVisualStimulus: autoDraw = True
31.5164 	EXP 	rightStimulus: autoDraw = True
31.5164 	EXP 	leftStimulus: autoDraw = True
32.5308 	EXP 	ISIVisualStimulus: autoDraw = False
32.5308 	EXP 	rightStimulus: autoDraw = False
32.5308 	EXP 	leftStimulus: autoDraw = False
32.5308 	EXP 	secondVisualStimulus: autoDraw = True
32.5308 	EXP 	secondChoiceLeftStimulus: autoDraw = True
32.5308 	EXP 	secondChoiceRightStimulus: autoDraw = True
32.8613 	EXP 	secondVisualStimulus: autoDraw = False
32.8613 	EXP 	secondChoiceLeftStimulus: autoDraw = False
32.8613 	EXP 	secondChoiceRightStimulus: autoDraw = False
32.8613 	EXP 	secondVisualStimulus: autoDraw = False
32.8613 	EXP 	secondChoiceLeftStimulus: autoDraw = False
32.8613 	EXP 	secondChoiceRightStimulus: autoDraw = False
32.8613 	EXP 	decisionTextProbe: autoDraw = True
33.9724 	DATA 	Keypress: 1
33.9788 	EXP 	decisionTextProbe: autoDraw = False
33.9788 	EXP 	feedbackText: text = 'Correct'
33.9788 	EXP 	feedbackText: autoDraw = True
34.9800 	EXP 	feedbackText: autoDraw = False
34.9800 	EXP 	feedbackText: autoDraw = False
34.9800 	EXP 	text: autoDraw = True
35.9357 	DATA 	Mouse: Left button down, pos=(492,478)
35.9807 	EXP 	text: autoDraw = False
35.9807 	EXP 	text: autoDraw = False
35.9807 	EXP 	firstVisualStimulus: autoDraw = True
35.9807 	EXP 	firstChoiceLeftStimulus: autoDraw = True
35.9807 	EXP 	firstChoiceRightStimulus: autoDraw = True
36.1496 	DATA 	Mouse:  Left button up, pos=(492,478)
36.3146 	EXP 	firstVisualStimulus: autoDraw = False
36.3146 	EXP 	firstChoiceLeftStimulus: autoDraw = False
36.3146 	EXP 	firstChoiceRightStimulus: autoDraw = False
36.3146 	EXP 	firstVisualStimulus: autoDraw = False
36.3146 	EXP 	firstChoiceLeftStimulus: autoDraw = False
36.3146 	EXP 	firstChoiceRightStimulus: autoDraw = False
36.3146 	EXP 	ISIVisualStimulus: autoDraw = True
36.3146 	EXP 	rightStimulus: autoDraw = True
36.3146 	EXP 	leftStimulus: autoDraw = True
37.3157 	EXP 	ISIVisualStimulus: autoDraw = False
37.3157 	EXP 	rightStimulus: autoDraw = False
37.3157 	EXP 	leftStimulus: autoDraw = False
37.3157 	EXP 	ISIVisualStimulus: autoDraw = False
37.3157 	EXP 	rightStimulus: autoDraw = False
37.3157 	EXP 	leftStimulus: autoDraw = False
37.3157 	EXP 	secondVisualStimulus: autoDraw = True
37.3157 	EXP 	secondChoiceLeftStimulus: autoDraw = True
37.3157 	EXP 	secondChoiceRightStimulus: autoDraw = True
37.6491 	EXP 	secondVisualStimulus: autoDraw = False
37.6491 	EXP 	secondChoiceLeftStimulus: autoDraw = False
37.6491 	EXP 	secondChoiceRightStimulus: autoDraw = False
37.6491 	EXP 	secondVisualStimulus: autoDraw = False
37.6491 	EXP 	secondChoiceLeftStimulus: autoDraw = False
37.6491 	EXP 	secondChoiceRightStimulus: autoDraw = False
37.6491 	EXP 	decisionTextProbe: autoDraw = True
38.0560 	DATA 	Keypress: 1
38.0664 	EXP 	decisionTextProbe: autoDraw = False
38.0664 	EXP 	feedbackText: text = 'Correct'
38.0664 	EXP 	feedbackText: autoDraw = True
39.0676 	EXP 	feedbackText: autoDraw = False
39.0676 	EXP 	feedbackText: autoDraw = False
39.0676 	EXP 	text: autoDraw = True
40.0685 	EXP 	text: autoDraw = False
40.0685 	EXP 	text: autoDraw = False
40.0685 	EXP 	firstVisualStimulus: autoDraw = True
40.0685 	EXP 	firstChoiceLeftStimulus: autoDraw = True
40.0685 	EXP 	firstChoiceRightStimulus: autoDraw = True
40.4021 	EXP 	firstVisualStimulus: autoDraw = False
40.4021 	EXP 	firstChoiceLeftStimulus: autoDraw = False
40.4021 	EXP 	firstChoiceRightStimulus: autoDraw = False
40.4021 	EXP 	firstVisualStimulus: autoDraw = False
40.4021 	EXP 	firstChoiceLeftStimulus: autoDraw = False
40.4021 	EXP 	firstChoiceRightStimulus: autoDraw = False
40.4021 	EXP 	ISIVisualStimulus: autoDraw = True
40.4021 	EXP 	rightStimulus: autoDraw = True
40.4021 	EXP 	leftStimulus: autoDraw = True
41.4030 	EXP 	ISIVisualStimulus: autoDraw = False
41.4030 	EXP 	rightStimulus: autoDraw = False
41.4030 	EXP 	leftStimulus: autoDraw = False
41.4030 	EXP 	ISIVisualStimulus: autoDraw = False
41.4030 	EXP 	rightStimulus: autoDraw = False
41.4030 	EXP 	leftStimulus: autoDraw = False
41.4030 	EXP 	secondVisualStimulus: autoDraw = True
41.4030 	EXP 	secondChoiceLeftStimulus: autoDraw = True
41.4030 	EXP 	secondChoiceRightStimulus: autoDraw = True
41.7368 	EXP 	secondVisualStimulus: autoDraw = False
41.7368 	EXP 	secondChoiceLeftStimulus: autoDraw = False
41.7368 	EXP 	secondChoiceRightStimulus: autoDraw = False
41.7368 	EXP 	secondVisualStimulus: autoDraw = False
41.7368 	EXP 	secondChoiceLeftStimulus: autoDraw = False
41.7368 	EXP 	secondChoiceRightStimulus: autoDraw = False
41.7368 	EXP 	decisionTextProbe: autoDraw = True
42.0263 	DATA 	Keypress: 2
42.0372 	EXP 	decisionTextProbe: autoDraw = False
42.0372 	EXP 	feedbackText: text = 'Correct'
42.0372 	EXP 	feedbackText: autoDraw = True
43.0381 	EXP 	feedbackText: autoDraw = False
43.0381 	EXP 	feedbackText: autoDraw = False
43.0381 	EXP 	text: autoDraw = True
44.0391 	EXP 	text: autoDraw = False
44.0391 	EXP 	text: autoDraw = False
44.0391 	EXP 	firstVisualStimulus: autoDraw = True
44.0391 	EXP 	firstChoiceLeftStimulus: autoDraw = True
44.0391 	EXP 	firstChoiceRightStimulus: autoDraw = True
44.3290 	DATA 	Mouse: Left button down, pos=(594,670)
44.3766 	EXP 	firstVisualStimulus: autoDraw = False
44.3766 	EXP 	firstChoiceLeftStimulus: autoDraw = False
44.3766 	EXP 	firstChoiceRightStimulus: autoDraw = False
44.3766 	EXP 	firstVisualStimulus: autoDraw = False
44.3766 	EXP 	firstChoiceLeftStimulus: autoDraw = False
44.3766 	EXP 	firstChoiceRightStimulus: autoDraw = False
44.3766 	EXP 	ISIVisualStimulus: autoDraw = True
44.3766 	EXP 	rightStimulus: autoDraw = True
44.3766 	EXP 	leftStimulus: autoDraw = True
44.5419 	DATA 	Mouse:  Left button up, pos=(594,670)
45.3902 	EXP 	ISIVisualStimulus: autoDraw = False
45.3902 	EXP 	rightStimulus: autoDraw = False
45.3902 	EXP 	leftStimulus: autoDraw = False
45.3902 	EXP 	secondVisualStimulus: autoDraw = True
45.3902 	EXP 	secondChoiceLeftStimulus: autoDraw = True
45.3902 	EXP 	secondChoiceRightStimulus: autoDraw = True
45.7240 	EXP 	secondVisualStimulus: autoDraw = False
45.7240 	EXP 	secondChoiceLeftStimulus: autoDraw = False
45.7240 	EXP 	secondChoiceRightStimulus: autoDraw = False
45.7240 	EXP 	secondVisualStimulus: autoDraw = False
45.7240 	EXP 	secondChoiceLeftStimulus: autoDraw = False
45.7240 	EXP 	secondChoiceRightStimulus: autoDraw = False
45.7240 	EXP 	decisionTextProbe: autoDraw = True
45.9641 	DATA 	Keypress: 1
45.9740 	EXP 	decisionTextProbe: autoDraw = False
45.9740 	EXP 	feedbackText: text = 'Correct'
45.9740 	EXP 	feedbackText: autoDraw = True
46.9755 	EXP 	feedbackText: autoDraw = False
46.9755 	EXP 	feedbackText: autoDraw = False
46.9755 	EXP 	text: autoDraw = True
47.9765 	EXP 	text: autoDraw = False
47.9765 	EXP 	text: autoDraw = False
47.9765 	EXP 	firstVisualStimulus: autoDraw = True
47.9765 	EXP 	firstChoiceLeftStimulus: autoDraw = True
47.9765 	EXP 	firstChoiceRightStimulus: autoDraw = True
48.3101 	EXP 	firstVisualStimulus: autoDraw = False
48.3101 	EXP 	firstChoiceLeftStimulus: autoDraw = False
48.3101 	EXP 	firstChoiceRightStimulus: autoDraw = False
48.3101 	EXP 	firstVisualStimulus: autoDraw = False
48.3101 	EXP 	firstChoiceLeftStimulus: autoDraw = False
48.3101 	EXP 	firstChoiceRightStimulus: autoDraw = False
48.3101 	EXP 	ISIVisualStimulus: autoDraw = True
48.3101 	EXP 	rightStimulus: autoDraw = True
48.3101 	EXP 	leftStimulus: autoDraw = True
49.3106 	EXP 	ISIVisualStimulus: autoDraw = False
49.3106 	EXP 	rightStimulus: autoDraw = False
49.3106 	EXP 	leftStimulus: autoDraw = False
49.3106 	EXP 	ISIVisualStimulus: autoDraw = False
49.3106 	EXP 	rightStimulus: autoDraw = False
49.3106 	EXP 	leftStimulus: autoDraw = False
49.3106 	EXP 	secondVisualStimulus: autoDraw = True
49.3106 	EXP 	secondChoiceLeftStimulus: autoDraw = True
49.3106 	EXP 	secondChoiceRightStimulus: autoDraw = True
49.6445 	EXP 	secondVisualStimulus: autoDraw = False
49.6445 	EXP 	secondChoiceLeftStimulus: autoDraw = False
49.6445 	EXP 	secondChoiceRightStimulus: autoDraw = False
49.6445 	EXP 	secondVisualStimulus: autoDraw = False
49.6445 	EXP 	secondChoiceLeftStimulus: autoDraw = False
49.6445 	EXP 	secondChoiceRightStimulus: autoDraw = False
49.6445 	EXP 	decisionTextProbe: autoDraw = True
49.9501 	DATA 	Keypress: 2
49.9614 	EXP 	decisionTextProbe: autoDraw = False
49.9614 	EXP 	feedbackText: text = 'Correct'
49.9614 	EXP 	feedbackText: autoDraw = True
50.9626 	EXP 	feedbackText: autoDraw = False
50.9626 	EXP 	feedbackText: autoDraw = False
50.9626 	EXP 	text: autoDraw = True
51.9636 	EXP 	text: autoDraw = False
51.9636 	EXP 	text: autoDraw = False
51.9636 	EXP 	firstVisualStimulus: autoDraw = True
51.9636 	EXP 	firstChoiceLeftStimulus: autoDraw = True
51.9636 	EXP 	firstChoiceRightStimulus: autoDraw = True
52.2973 	EXP 	firstVisualStimulus: autoDraw = False
52.2973 	EXP 	firstChoiceLeftStimulus: autoDraw = False
52.2973 	EXP 	firstChoiceRightStimulus: autoDraw = False
52.2973 	EXP 	firstVisualStimulus: autoDraw = False
52.2973 	EXP 	firstChoiceLeftStimulus: autoDraw = False
52.2973 	EXP 	firstChoiceRightStimulus: autoDraw = False
52.2973 	EXP 	ISIVisualStimulus: autoDraw = True
52.2973 	EXP 	rightStimulus: autoDraw = True
52.2973 	EXP 	leftStimulus: autoDraw = True
53.2981 	EXP 	ISIVisualStimulus: autoDraw = False
53.2981 	EXP 	rightStimulus: autoDraw = False
53.2981 	EXP 	leftStimulus: autoDraw = False
53.2981 	EXP 	ISIVisualStimulus: autoDraw = False
53.2981 	EXP 	rightStimulus: autoDraw = False
53.2981 	EXP 	leftStimulus: autoDraw = False
53.2981 	EXP 	secondVisualStimulus: autoDraw = True
53.2981 	EXP 	secondChoiceLeftStimulus: autoDraw = True
53.2981 	EXP 	secondChoiceRightStimulus: autoDraw = True
53.6330 	EXP 	secondVisualStimulus: autoDraw = False
53.6330 	EXP 	secondChoiceLeftStimulus: autoDraw = False
53.6330 	EXP 	secondChoiceRightStimulus: autoDraw = False
53.6330 	EXP 	secondVisualStimulus: autoDraw = False
53.6330 	EXP 	secondChoiceLeftStimulus: autoDraw = False
53.6330 	EXP 	secondChoiceRightStimulus: autoDraw = False
53.6330 	EXP 	decisionTextProbe: autoDraw = True
54.6734 	DATA 	Keypress: 1
54.6830 	EXP 	decisionTextProbe: autoDraw = False
54.6830 	EXP 	feedbackText: text = 'Correct'
54.6830 	EXP 	feedbackText: autoDraw = True
55.6839 	EXP 	feedbackText: autoDraw = False
55.6839 	EXP 	feedbackText: autoDraw = False
55.6839 	EXP 	text: autoDraw = True
56.6851 	EXP 	text: autoDraw = False
56.6851 	EXP 	text: autoDraw = False
56.6851 	EXP 	firstVisualStimulus: autoDraw = True
56.6851 	EXP 	firstChoiceLeftStimulus: autoDraw = True
56.6851 	EXP 	firstChoiceRightStimulus: autoDraw = True
57.0186 	EXP 	firstVisualStimulus: autoDraw = False
57.0186 	EXP 	firstChoiceLeftStimulus: autoDraw = False
57.0186 	EXP 	firstChoiceRightStimulus: autoDraw = False
57.0186 	EXP 	firstVisualStimulus: autoDraw = False
57.0186 	EXP 	firstChoiceLeftStimulus: autoDraw = False
57.0186 	EXP 	firstChoiceRightStimulus: autoDraw = False
57.0186 	EXP 	ISIVisualStimulus: autoDraw = True
57.0186 	EXP 	rightStimulus: autoDraw = True
57.0186 	EXP 	leftStimulus: autoDraw = True
58.0198 	EXP 	ISIVisualStimulus: autoDraw = False
58.0198 	EXP 	rightStimulus: autoDraw = False
58.0198 	EXP 	leftStimulus: autoDraw = False
58.0198 	EXP 	ISIVisualStimulus: autoDraw = False
58.0198 	EXP 	rightStimulus: autoDraw = False
58.0198 	EXP 	leftStimulus: autoDraw = False
58.0198 	EXP 	secondVisualStimulus: autoDraw = True
58.0198 	EXP 	secondChoiceLeftStimulus: autoDraw = True
58.0198 	EXP 	secondChoiceRightStimulus: autoDraw = True
58.3532 	EXP 	secondVisualStimulus: autoDraw = False
58.3532 	EXP 	secondChoiceLeftStimulus: autoDraw = False
58.3532 	EXP 	secondChoiceRightStimulus: autoDraw = False
58.3532 	EXP 	secondVisualStimulus: autoDraw = False
58.3532 	EXP 	secondChoiceLeftStimulus: autoDraw = False
58.3532 	EXP 	secondChoiceRightStimulus: autoDraw = False
58.3532 	EXP 	decisionTextProbe: autoDraw = True
59.1753 	DATA 	Keypress: 2
59.2039 	EXP 	decisionTextProbe: autoDraw = False
59.2039 	EXP 	feedbackText: text = 'Correct'
59.2039 	EXP 	feedbackText: autoDraw = True
60.2051 	EXP 	feedbackText: autoDraw = False
60.2051 	EXP 	feedbackText: autoDraw = False
60.2051 	EXP 	text: autoDraw = True
61.2064 	EXP 	text: autoDraw = False
61.2064 	EXP 	text: autoDraw = False
61.2064 	EXP 	firstVisualStimulus: autoDraw = True
61.2064 	EXP 	firstChoiceLeftStimulus: autoDraw = True
61.2064 	EXP 	firstChoiceRightStimulus: autoDraw = True
61.5399 	EXP 	firstVisualStimulus: autoDraw = False
61.5399 	EXP 	firstChoiceLeftStimulus: autoDraw = False
61.5399 	EXP 	firstChoiceRightStimulus: autoDraw = False
61.5399 	EXP 	firstVisualStimulus: autoDraw = False
61.5399 	EXP 	firstChoiceLeftStimulus: autoDraw = False
61.5399 	EXP 	firstChoiceRightStimulus: autoDraw = False
61.5399 	EXP 	ISIVisualStimulus: autoDraw = True
61.5399 	EXP 	rightStimulus: autoDraw = True
61.5399 	EXP 	leftStimulus: autoDraw = True
62.5408 	EXP 	ISIVisualStimulus: autoDraw = False
62.5408 	EXP 	rightStimulus: autoDraw = False
62.5408 	EXP 	leftStimulus: autoDraw = False
62.5408 	EXP 	ISIVisualStimulus: autoDraw = False
62.5408 	EXP 	rightStimulus: autoDraw = False
62.5408 	EXP 	leftStimulus: autoDraw = False
62.5408 	EXP 	secondVisualStimulus: autoDraw = True
62.5408 	EXP 	secondChoiceLeftStimulus: autoDraw = True
62.5408 	EXP 	secondChoiceRightStimulus: autoDraw = True
62.8744 	EXP 	secondVisualStimulus: autoDraw = False
62.8744 	EXP 	secondChoiceLeftStimulus: autoDraw = False
62.8744 	EXP 	secondChoiceRightStimulus: autoDraw = False
62.8744 	EXP 	secondVisualStimulus: autoDraw = False
62.8744 	EXP 	secondChoiceLeftStimulus: autoDraw = False
62.8744 	EXP 	secondChoiceRightStimulus: autoDraw = False
62.8744 	EXP 	decisionTextProbe: autoDraw = True
64.2350 	DATA 	Keypress: 1
64.2425 	EXP 	decisionTextProbe: autoDraw = False
64.2425 	EXP 	feedbackText: text = 'Incorrect'
64.2425 	EXP 	feedbackText: autoDraw = True
65.2433 	EXP 	feedbackText: autoDraw = False
65.2433 	EXP 	feedbackText: autoDraw = False
65.2433 	EXP 	text: autoDraw = True
66.2442 	EXP 	text: autoDraw = False
66.2442 	EXP 	text: autoDraw = False
66.2442 	EXP 	firstVisualStimulus: autoDraw = True
66.2442 	EXP 	firstChoiceLeftStimulus: autoDraw = True
66.2442 	EXP 	firstChoiceRightStimulus: autoDraw = True
66.5782 	EXP 	firstVisualStimulus: autoDraw = False
66.5782 	EXP 	firstChoiceLeftStimulus: autoDraw = False
66.5782 	EXP 	firstChoiceRightStimulus: autoDraw = False
66.5782 	EXP 	firstVisualStimulus: autoDraw = False
66.5782 	EXP 	firstChoiceLeftStimulus: autoDraw = False
66.5782 	EXP 	firstChoiceRightStimulus: autoDraw = False
66.5782 	EXP 	ISIVisualStimulus: autoDraw = True
66.5782 	EXP 	rightStimulus: autoDraw = True
66.5782 	EXP 	leftStimulus: autoDraw = True
67.5792 	EXP 	ISIVisualStimulus: autoDraw = False
67.5792 	EXP 	rightStimulus: autoDraw = False
67.5792 	EXP 	leftStimulus: autoDraw = False
67.5792 	EXP 	ISIVisualStimulus: autoDraw = False
67.5792 	EXP 	rightStimulus: autoDraw = False
67.5792 	EXP 	leftStimulus: autoDraw = False
67.5792 	EXP 	secondVisualStimulus: autoDraw = True
67.5792 	EXP 	secondChoiceLeftStimulus: autoDraw = True
67.5792 	EXP 	secondChoiceRightStimulus: autoDraw = True
67.9127 	EXP 	secondVisualStimulus: autoDraw = False
67.9127 	EXP 	secondChoiceLeftStimulus: autoDraw = False
67.9127 	EXP 	secondChoiceRightStimulus: autoDraw = False
67.9127 	EXP 	secondVisualStimulus: autoDraw = False
67.9127 	EXP 	secondChoiceLeftStimulus: autoDraw = False
67.9127 	EXP 	secondChoiceRightStimulus: autoDraw = False
67.9127 	EXP 	decisionTextProbe: autoDraw = True
68.1393 	DATA 	Keypress: 2
68.1466 	EXP 	decisionTextProbe: autoDraw = False
68.1466 	EXP 	feedbackText: text = 'Correct'
68.1466 	EXP 	feedbackText: autoDraw = True
69.1475 	EXP 	feedbackText: autoDraw = False
69.1475 	EXP 	feedbackText: autoDraw = False
69.1475 	EXP 	text: autoDraw = True
70.1483 	EXP 	text: autoDraw = False
70.1483 	EXP 	text: autoDraw = False
70.1483 	EXP 	firstVisualStimulus: autoDraw = True
70.1483 	EXP 	firstChoiceLeftStimulus: autoDraw = True
70.1483 	EXP 	firstChoiceRightStimulus: autoDraw = True
70.4821 	EXP 	firstVisualStimulus: autoDraw = False
70.4821 	EXP 	firstChoiceLeftStimulus: autoDraw = False
70.4821 	EXP 	firstChoiceRightStimulus: autoDraw = False
70.4821 	EXP 	firstVisualStimulus: autoDraw = False
70.4821 	EXP 	firstChoiceLeftStimulus: autoDraw = False
70.4821 	EXP 	firstChoiceRightStimulus: autoDraw = False
70.4821 	EXP 	ISIVisualStimulus: autoDraw = True
70.4821 	EXP 	rightStimulus: autoDraw = True
70.4821 	EXP 	leftStimulus: autoDraw = True
71.4831 	EXP 	ISIVisualStimulus: autoDraw = False
71.4831 	EXP 	rightStimulus: autoDraw = False
71.4831 	EXP 	leftStimulus: autoDraw = False
71.4831 	EXP 	ISIVisualStimulus: autoDraw = False
71.4831 	EXP 	rightStimulus: autoDraw = False
71.4831 	EXP 	leftStimulus: autoDraw = False
71.4831 	EXP 	secondVisualStimulus: autoDraw = True
71.4831 	EXP 	secondChoiceLeftStimulus: autoDraw = True
71.4831 	EXP 	secondChoiceRightStimulus: autoDraw = True
71.8169 	EXP 	secondVisualStimulus: autoDraw = False
71.8169 	EXP 	secondChoiceLeftStimulus: autoDraw = False
71.8169 	EXP 	secondChoiceRightStimulus: autoDraw = False
71.8169 	EXP 	secondVisualStimulus: autoDraw = False
71.8169 	EXP 	secondChoiceLeftStimulus: autoDraw = False
71.8169 	EXP 	secondChoiceRightStimulus: autoDraw = False
71.8169 	EXP 	decisionTextProbe: autoDraw = True
72.1236 	DATA 	Keypress: 2
72.1337 	EXP 	decisionTextProbe: autoDraw = False
72.1337 	EXP 	feedbackText: text = 'Correct'
72.1337 	EXP 	feedbackText: autoDraw = True
73.1347 	EXP 	feedbackText: autoDraw = False
73.1347 	EXP 	feedbackText: autoDraw = False
73.1347 	EXP 	text: autoDraw = True
74.1358 	EXP 	text: autoDraw = False
74.1358 	EXP 	text: autoDraw = False
74.1358 	EXP 	firstVisualStimulus: autoDraw = True
74.1358 	EXP 	firstChoiceLeftStimulus: autoDraw = True
74.1358 	EXP 	firstChoiceRightStimulus: autoDraw = True
74.4695 	EXP 	firstVisualStimulus: autoDraw = False
74.4695 	EXP 	firstChoiceLeftStimulus: autoDraw = False
74.4695 	EXP 	firstChoiceRightStimulus: autoDraw = False
74.4695 	EXP 	firstVisualStimulus: autoDraw = False
74.4695 	EXP 	firstChoiceLeftStimulus: autoDraw = False
74.4695 	EXP 	firstChoiceRightStimulus: autoDraw = False
74.4695 	EXP 	ISIVisualStimulus: autoDraw = True
74.4695 	EXP 	rightStimulus: autoDraw = True
74.4695 	EXP 	leftStimulus: autoDraw = True
75.4703 	EXP 	ISIVisualStimulus: autoDraw = False
75.4703 	EXP 	rightStimulus: autoDraw = False
75.4703 	EXP 	leftStimulus: autoDraw = False
75.4703 	EXP 	ISIVisualStimulus: autoDraw = False
75.4703 	EXP 	rightStimulus: autoDraw = False
75.4703 	EXP 	leftStimulus: autoDraw = False
75.4703 	EXP 	secondVisualStimulus: autoDraw = True
75.4703 	EXP 	secondChoiceLeftStimulus: autoDraw = True
75.4703 	EXP 	secondChoiceRightStimulus: autoDraw = True
75.8042 	EXP 	secondVisualStimulus: autoDraw = False
75.8042 	EXP 	secondChoiceLeftStimulus: autoDraw = False
75.8042 	EXP 	secondChoiceRightStimulus: autoDraw = False
75.8042 	EXP 	secondVisualStimulus: autoDraw = False
75.8042 	EXP 	secondChoiceLeftStimulus: autoDraw = False
75.8042 	EXP 	secondChoiceRightStimulus: autoDraw = False
75.8042 	EXP 	decisionTextProbe: autoDraw = True
76.2608 	DATA 	Keypress: 2
76.2712 	EXP 	decisionTextProbe: autoDraw = False
76.2712 	EXP 	feedbackText: text = 'Correct'
76.2712 	EXP 	feedbackText: autoDraw = True
77.2723 	EXP 	feedbackText: autoDraw = False
77.2723 	EXP 	feedbackText: autoDraw = False
77.2723 	EXP 	text: autoDraw = True
78.2731 	EXP 	text: autoDraw = False
78.2731 	EXP 	text: autoDraw = False
78.2731 	EXP 	firstVisualStimulus: autoDraw = True
78.2731 	EXP 	firstChoiceLeftStimulus: autoDraw = True
78.2731 	EXP 	firstChoiceRightStimulus: autoDraw = True
78.6070 	EXP 	firstVisualStimulus: autoDraw = False
78.6070 	EXP 	firstChoiceLeftStimulus: autoDraw = False
78.6070 	EXP 	firstChoiceRightStimulus: autoDraw = False
78.6070 	EXP 	firstVisualStimulus: autoDraw = False
78.6070 	EXP 	firstChoiceLeftStimulus: autoDraw = False
78.6070 	EXP 	firstChoiceRightStimulus: autoDraw = False
78.6070 	EXP 	ISIVisualStimulus: autoDraw = True
78.6070 	EXP 	rightStimulus: autoDraw = True
78.6070 	EXP 	leftStimulus: autoDraw = True
78.9668 	DATA 	Mouse: Left button down, pos=(445,427)
79.1772 	DATA 	Mouse:  Left button up, pos=(445,427)
79.6077 	EXP 	ISIVisualStimulus: autoDraw = False
79.6077 	EXP 	rightStimulus: autoDraw = False
79.6077 	EXP 	leftStimulus: autoDraw = False
79.6077 	EXP 	ISIVisualStimulus: autoDraw = False
79.6077 	EXP 	rightStimulus: autoDraw = False
79.6077 	EXP 	leftStimulus: autoDraw = False
79.6077 	EXP 	secondVisualStimulus: autoDraw = True
79.6077 	EXP 	secondChoiceLeftStimulus: autoDraw = True
79.6077 	EXP 	secondChoiceRightStimulus: autoDraw = True
79.9415 	EXP 	secondVisualStimulus: autoDraw = False
79.9415 	EXP 	secondChoiceLeftStimulus: autoDraw = False
79.9415 	EXP 	secondChoiceRightStimulus: autoDraw = False
79.9415 	EXP 	secondVisualStimulus: autoDraw = False
79.9415 	EXP 	secondChoiceLeftStimulus: autoDraw = False
79.9415 	EXP 	secondChoiceRightStimulus: autoDraw = False
79.9415 	EXP 	decisionTextProbe: autoDraw = True
80.3130 	DATA 	Keypress: 1
80.3421 	EXP 	decisionTextProbe: autoDraw = False
80.3421 	EXP 	feedbackText: text = 'Correct'
80.3421 	EXP 	feedbackText: autoDraw = True
81.3429 	EXP 	feedbackText: autoDraw = False
81.3429 	EXP 	feedbackText: autoDraw = False
81.3429 	EXP 	text: autoDraw = True
82.3441 	EXP 	text: autoDraw = False
82.3441 	EXP 	text: autoDraw = False
82.3441 	EXP 	firstVisualStimulus: autoDraw = True
82.3441 	EXP 	firstChoiceLeftStimulus: autoDraw = True
82.3441 	EXP 	firstChoiceRightStimulus: autoDraw = True
82.6778 	EXP 	firstVisualStimulus: autoDraw = False
82.6778 	EXP 	firstChoiceLeftStimulus: autoDraw = False
82.6778 	EXP 	firstChoiceRightStimulus: autoDraw = False
82.6778 	EXP 	firstVisualStimulus: autoDraw = False
82.6778 	EXP 	firstChoiceLeftStimulus: autoDraw = False
82.6778 	EXP 	firstChoiceRightStimulus: autoDraw = False
82.6778 	EXP 	ISIVisualStimulus: autoDraw = True
82.6778 	EXP 	rightStimulus: autoDraw = True
82.6778 	EXP 	leftStimulus: autoDraw = True
83.6784 	EXP 	ISIVisualStimulus: autoDraw = False
83.6784 	EXP 	rightStimulus: autoDraw = False
83.6784 	EXP 	leftStimulus: autoDraw = False
83.6784 	EXP 	ISIVisualStimulus: autoDraw = False
83.6784 	EXP 	rightStimulus: autoDraw = False
83.6784 	EXP 	leftStimulus: autoDraw = False
83.6784 	EXP 	secondVisualStimulus: autoDraw = True
83.6784 	EXP 	secondChoiceLeftStimulus: autoDraw = True
83.6784 	EXP 	secondChoiceRightStimulus: autoDraw = True
84.0123 	EXP 	secondVisualStimulus: autoDraw = False
84.0123 	EXP 	secondChoiceLeftStimulus: autoDraw = False
84.0123 	EXP 	secondChoiceRightStimulus: autoDraw = False
84.0123 	EXP 	secondVisualStimulus: autoDraw = False
84.0123 	EXP 	secondChoiceLeftStimulus: autoDraw = False
84.0123 	EXP 	secondChoiceRightStimulus: autoDraw = False
84.0123 	EXP 	decisionTextProbe: autoDraw = True
84.2186 	DATA 	Keypress: 1
84.2290 	EXP 	decisionTextProbe: autoDraw = False
84.2290 	EXP 	feedbackText: text = 'Correct'
84.2290 	EXP 	feedbackText: autoDraw = True
85.2301 	EXP 	feedbackText: autoDraw = False
85.2301 	EXP 	feedbackText: autoDraw = False
85.2301 	EXP 	text: autoDraw = True
86.2311 	EXP 	text: autoDraw = False
86.2311 	EXP 	text: autoDraw = False
86.2311 	EXP 	firstVisualStimulus: autoDraw = True
86.2311 	EXP 	firstChoiceLeftStimulus: autoDraw = True
86.2311 	EXP 	firstChoiceRightStimulus: autoDraw = True
86.5650 	EXP 	firstVisualStimulus: autoDraw = False
86.5650 	EXP 	firstChoiceLeftStimulus: autoDraw = False
86.5650 	EXP 	firstChoiceRightStimulus: autoDraw = False
86.5650 	EXP 	firstVisualStimulus: autoDraw = False
86.5650 	EXP 	firstChoiceLeftStimulus: autoDraw = False
86.5650 	EXP 	firstChoiceRightStimulus: autoDraw = False
86.5650 	EXP 	ISIVisualStimulus: autoDraw = True
86.5650 	EXP 	rightStimulus: autoDraw = True
86.5650 	EXP 	leftStimulus: autoDraw = True
87.5660 	EXP 	ISIVisualStimulus: autoDraw = False
87.5660 	EXP 	rightStimulus: autoDraw = False
87.5660 	EXP 	leftStimulus: autoDraw = False
87.5660 	EXP 	ISIVisualStimulus: autoDraw = False
87.5660 	EXP 	rightStimulus: autoDraw = False
87.5660 	EXP 	leftStimulus: autoDraw = False
87.5660 	EXP 	secondVisualStimulus: autoDraw = True
87.5660 	EXP 	secondChoiceLeftStimulus: autoDraw = True
87.5660 	EXP 	secondChoiceRightStimulus: autoDraw = True
87.8994 	EXP 	secondVisualStimulus: autoDraw = False
87.8994 	EXP 	secondChoiceLeftStimulus: autoDraw = False
87.8994 	EXP 	secondChoiceRightStimulus: autoDraw = False
87.8994 	EXP 	secondVisualStimulus: autoDraw = False
87.8994 	EXP 	secondChoiceLeftStimulus: autoDraw = False
87.8994 	EXP 	secondChoiceRightStimulus: autoDraw = False
87.8994 	EXP 	decisionTextProbe: autoDraw = True
89.7407 	DATA 	Keypress: 1
89.7512 	EXP 	decisionTextProbe: autoDraw = False
89.7512 	EXP 	feedbackText: text = 'Correct'
89.7512 	EXP 	feedbackText: autoDraw = True
90.7522 	EXP 	feedbackText: autoDraw = False
90.7522 	EXP 	feedbackText: autoDraw = False
90.7522 	EXP 	text: autoDraw = True
91.7533 	EXP 	text: autoDraw = False
91.7533 	EXP 	text: autoDraw = False
91.7533 	EXP 	firstVisualStimulus: autoDraw = True
91.7533 	EXP 	firstChoiceLeftStimulus: autoDraw = True
91.7533 	EXP 	firstChoiceRightStimulus: autoDraw = True
92.0870 	EXP 	firstVisualStimulus: autoDraw = False
92.0870 	EXP 	firstChoiceLeftStimulus: autoDraw = False
92.0870 	EXP 	firstChoiceRightStimulus: autoDraw = False
92.0870 	EXP 	firstVisualStimulus: autoDraw = False
92.0870 	EXP 	firstChoiceLeftStimulus: autoDraw = False
92.0870 	EXP 	firstChoiceRightStimulus: autoDraw = False
92.0870 	EXP 	ISIVisualStimulus: autoDraw = True
92.0870 	EXP 	rightStimulus: autoDraw = True
92.0870 	EXP 	leftStimulus: autoDraw = True
93.0879 	EXP 	ISIVisualStimulus: autoDraw = False
93.0879 	EXP 	rightStimulus: autoDraw = False
93.0879 	EXP 	leftStimulus: autoDraw = False
93.0879 	EXP 	ISIVisualStimulus: autoDraw = False
93.0879 	EXP 	rightStimulus: autoDraw = False
93.0879 	EXP 	leftStimulus: autoDraw = False
93.0879 	EXP 	secondVisualStimulus: autoDraw = True
93.0879 	EXP 	secondChoiceLeftStimulus: autoDraw = True
93.0879 	EXP 	secondChoiceRightStimulus: autoDraw = True
93.4214 	EXP 	secondVisualStimulus: autoDraw = False
93.4214 	EXP 	secondChoiceLeftStimulus: autoDraw = False
93.4214 	EXP 	secondChoiceRightStimulus: autoDraw = False
93.4214 	EXP 	secondVisualStimulus: autoDraw = False
93.4214 	EXP 	secondChoiceLeftStimulus: autoDraw = False
93.4214 	EXP 	secondChoiceRightStimulus: autoDraw = False
93.4214 	EXP 	decisionTextProbe: autoDraw = True
93.7805 	DATA 	Keypress: 2
93.7887 	EXP 	decisionTextProbe: autoDraw = False
93.7887 	EXP 	feedbackText: text = 'Incorrect'
93.7887 	EXP 	feedbackText: autoDraw = True
94.7898 	EXP 	feedbackText: autoDraw = False
94.7898 	EXP 	feedbackText: autoDraw = False
94.7898 	EXP 	text: autoDraw = True
95.7907 	EXP 	text: autoDraw = False
95.7907 	EXP 	text: autoDraw = False
95.7907 	EXP 	firstVisualStimulus: autoDraw = True
95.7907 	EXP 	firstChoiceLeftStimulus: autoDraw = True
95.7907 	EXP 	firstChoiceRightStimulus: autoDraw = True
96.1245 	EXP 	firstVisualStimulus: autoDraw = False
96.1245 	EXP 	firstChoiceLeftStimulus: autoDraw = False
96.1245 	EXP 	firstChoiceRightStimulus: autoDraw = False
96.1245 	EXP 	firstVisualStimulus: autoDraw = False
96.1245 	EXP 	firstChoiceLeftStimulus: autoDraw = False
96.1245 	EXP 	firstChoiceRightStimulus: autoDraw = False
96.1245 	EXP 	ISIVisualStimulus: autoDraw = True
96.1245 	EXP 	rightStimulus: autoDraw = True
96.1245 	EXP 	leftStimulus: autoDraw = True
97.1253 	EXP 	ISIVisualStimulus: autoDraw = False
97.1253 	EXP 	rightStimulus: autoDraw = False
97.1253 	EXP 	leftStimulus: autoDraw = False
97.1253 	EXP 	ISIVisualStimulus: autoDraw = False
97.1253 	EXP 	rightStimulus: autoDraw = False
97.1253 	EXP 	leftStimulus: autoDraw = False
97.1253 	EXP 	secondVisualStimulus: autoDraw = True
97.1253 	EXP 	secondChoiceLeftStimulus: autoDraw = True
97.1253 	EXP 	secondChoiceRightStimulus: autoDraw = True
97.4592 	EXP 	secondVisualStimulus: autoDraw = False
97.4592 	EXP 	secondChoiceLeftStimulus: autoDraw = False
97.4592 	EXP 	secondChoiceRightStimulus: autoDraw = False
97.4592 	EXP 	secondVisualStimulus: autoDraw = False
97.4592 	EXP 	secondChoiceLeftStimulus: autoDraw = False
97.4592 	EXP 	secondChoiceRightStimulus: autoDraw = False
97.4592 	EXP 	decisionTextProbe: autoDraw = True
97.8694 	DATA 	Keypress: 2
97.8759 	EXP 	decisionTextProbe: autoDraw = False
97.8759 	EXP 	feedbackText: text = 'Correct'
97.8759 	EXP 	feedbackText: autoDraw = True
98.8773 	EXP 	feedbackText: autoDraw = False
98.8773 	EXP 	feedbackText: autoDraw = False
98.8773 	EXP 	text: autoDraw = True
99.8778 	EXP 	text: autoDraw = False
99.8778 	EXP 	text: autoDraw = False
99.8778 	EXP 	firstVisualStimulus: autoDraw = True
99.8778 	EXP 	firstChoiceLeftStimulus: autoDraw = True
99.8778 	EXP 	firstChoiceRightStimulus: autoDraw = True
100.2119 	EXP 	firstVisualStimulus: autoDraw = False
100.2119 	EXP 	firstChoiceLeftStimulus: autoDraw = False
100.2119 	EXP 	firstChoiceRightStimulus: autoDraw = False
100.2119 	EXP 	firstVisualStimulus: autoDraw = False
100.2119 	EXP 	firstChoiceLeftStimulus: autoDraw = False
100.2119 	EXP 	firstChoiceRightStimulus: autoDraw = False
100.2119 	EXP 	ISIVisualStimulus: autoDraw = True
100.2119 	EXP 	rightStimulus: autoDraw = True
100.2119 	EXP 	leftStimulus: autoDraw = True
101.2125 	EXP 	ISIVisualStimulus: autoDraw = False
101.2125 	EXP 	rightStimulus: autoDraw = False
101.2125 	EXP 	leftStimulus: autoDraw = False
101.2125 	EXP 	ISIVisualStimulus: autoDraw = False
101.2125 	EXP 	rightStimulus: autoDraw = False
101.2125 	EXP 	leftStimulus: autoDraw = False
101.2125 	EXP 	secondVisualStimulus: autoDraw = True
101.2125 	EXP 	secondChoiceLeftStimulus: autoDraw = True
101.2125 	EXP 	secondChoiceRightStimulus: autoDraw = True
101.5462 	EXP 	secondVisualStimulus: autoDraw = False
101.5462 	EXP 	secondChoiceLeftStimulus: autoDraw = False
101.5462 	EXP 	secondChoiceRightStimulus: autoDraw = False
101.5462 	EXP 	secondVisualStimulus: autoDraw = False
101.5462 	EXP 	secondChoiceLeftStimulus: autoDraw = False
101.5462 	EXP 	secondChoiceRightStimulus: autoDraw = False
101.5462 	EXP 	decisionTextProbe: autoDraw = True
101.9540 	DATA 	Keypress: 2
101.9636 	EXP 	decisionTextProbe: autoDraw = False
101.9636 	EXP 	feedbackText: text = 'Correct'
101.9636 	EXP 	feedbackText: autoDraw = True
102.9645 	EXP 	feedbackText: autoDraw = False
102.9645 	EXP 	feedbackText: autoDraw = False
102.9645 	EXP 	text: autoDraw = True
103.9656 	EXP 	text: autoDraw = False
103.9656 	EXP 	text: autoDraw = False
103.9656 	EXP 	firstVisualStimulus: autoDraw = True
103.9656 	EXP 	firstChoiceLeftStimulus: autoDraw = True
103.9656 	EXP 	firstChoiceRightStimulus: autoDraw = True
104.2994 	EXP 	firstVisualStimulus: autoDraw = False
104.2994 	EXP 	firstChoiceLeftStimulus: autoDraw = False
104.2994 	EXP 	firstChoiceRightStimulus: autoDraw = False
104.2994 	EXP 	firstVisualStimulus: autoDraw = False
104.2994 	EXP 	firstChoiceLeftStimulus: autoDraw = False
104.2994 	EXP 	firstChoiceRightStimulus: autoDraw = False
104.2994 	EXP 	ISIVisualStimulus: autoDraw = True
104.2994 	EXP 	rightStimulus: autoDraw = True
104.2994 	EXP 	leftStimulus: autoDraw = True
105.3002 	EXP 	ISIVisualStimulus: autoDraw = False
105.3002 	EXP 	rightStimulus: autoDraw = False
105.3002 	EXP 	leftStimulus: autoDraw = False
105.3002 	EXP 	ISIVisualStimulus: autoDraw = False
105.3002 	EXP 	rightStimulus: autoDraw = False
105.3002 	EXP 	leftStimulus: autoDraw = False
105.3002 	EXP 	secondVisualStimulus: autoDraw = True
105.3002 	EXP 	secondChoiceLeftStimulus: autoDraw = True
105.3002 	EXP 	secondChoiceRightStimulus: autoDraw = True
105.6340 	EXP 	secondVisualStimulus: autoDraw = False
105.6340 	EXP 	secondChoiceLeftStimulus: autoDraw = False
105.6340 	EXP 	secondChoiceRightStimulus: autoDraw = False
105.6340 	EXP 	secondVisualStimulus: autoDraw = False
105.6340 	EXP 	secondChoiceLeftStimulus: autoDraw = False
105.6340 	EXP 	secondChoiceRightStimulus: autoDraw = False
105.6340 	EXP 	decisionTextProbe: autoDraw = True
106.0421 	DATA 	Keypress: 2
106.0509 	EXP 	decisionTextProbe: autoDraw = False
106.0509 	EXP 	feedbackText: text = 'Incorrect'
106.0509 	EXP 	feedbackText: autoDraw = True
107.0519 	EXP 	feedbackText: autoDraw = False
107.0519 	EXP 	feedbackText: autoDraw = False
107.0519 	EXP 	text: autoDraw = True
108.0531 	EXP 	text: autoDraw = False
108.0531 	EXP 	text: autoDraw = False
108.0531 	EXP 	firstVisualStimulus: autoDraw = True
108.0531 	EXP 	firstChoiceLeftStimulus: autoDraw = True
108.0531 	EXP 	firstChoiceRightStimulus: autoDraw = True
108.3867 	EXP 	firstVisualStimulus: autoDraw = False
108.3867 	EXP 	firstChoiceLeftStimulus: autoDraw = False
108.3867 	EXP 	firstChoiceRightStimulus: autoDraw = False
108.3867 	EXP 	firstVisualStimulus: autoDraw = False
108.3867 	EXP 	firstChoiceLeftStimulus: autoDraw = False
108.3867 	EXP 	firstChoiceRightStimulus: autoDraw = False
108.3867 	EXP 	ISIVisualStimulus: autoDraw = True
108.3867 	EXP 	rightStimulus: autoDraw = True
108.3867 	EXP 	leftStimulus: autoDraw = True
109.3876 	EXP 	ISIVisualStimulus: autoDraw = False
109.3876 	EXP 	rightStimulus: autoDraw = False
109.3876 	EXP 	leftStimulus: autoDraw = False
109.3876 	EXP 	ISIVisualStimulus: autoDraw = False
109.3876 	EXP 	rightStimulus: autoDraw = False
109.3876 	EXP 	leftStimulus: autoDraw = False
109.3876 	EXP 	secondVisualStimulus: autoDraw = True
109.3876 	EXP 	secondChoiceLeftStimulus: autoDraw = True
109.3876 	EXP 	secondChoiceRightStimulus: autoDraw = True
109.7210 	EXP 	secondVisualStimulus: autoDraw = False
109.7210 	EXP 	secondChoiceLeftStimulus: autoDraw = False
109.7210 	EXP 	secondChoiceRightStimulus: autoDraw = False
109.7210 	EXP 	secondVisualStimulus: autoDraw = False
109.7210 	EXP 	secondChoiceLeftStimulus: autoDraw = False
109.7210 	EXP 	secondChoiceRightStimulus: autoDraw = False
109.7210 	EXP 	decisionTextProbe: autoDraw = True
110.0474 	DATA 	Keypress: 2
110.0550 	EXP 	decisionTextProbe: autoDraw = False
110.0550 	EXP 	feedbackText: text = 'Correct'
110.0550 	EXP 	feedbackText: autoDraw = True
111.0559 	EXP 	feedbackText: autoDraw = False
111.0559 	EXP 	feedbackText: autoDraw = False
111.0559 	EXP 	text: autoDraw = True
112.0572 	EXP 	text: autoDraw = False
112.0572 	EXP 	text: autoDraw = False
112.0572 	EXP 	firstVisualStimulus: autoDraw = True
112.0572 	EXP 	firstChoiceLeftStimulus: autoDraw = True
112.0572 	EXP 	firstChoiceRightStimulus: autoDraw = True
112.3906 	EXP 	firstVisualStimulus: autoDraw = False
112.3906 	EXP 	firstChoiceLeftStimulus: autoDraw = False
112.3906 	EXP 	firstChoiceRightStimulus: autoDraw = False
112.3906 	EXP 	firstVisualStimulus: autoDraw = False
112.3906 	EXP 	firstChoiceLeftStimulus: autoDraw = False
112.3906 	EXP 	firstChoiceRightStimulus: autoDraw = False
112.3906 	EXP 	ISIVisualStimulus: autoDraw = True
112.3906 	EXP 	rightStimulus: autoDraw = True
112.3906 	EXP 	leftStimulus: autoDraw = True
113.3917 	EXP 	ISIVisualStimulus: autoDraw = False
113.3917 	EXP 	rightStimulus: autoDraw = False
113.3917 	EXP 	leftStimulus: autoDraw = False
113.3917 	EXP 	ISIVisualStimulus: autoDraw = False
113.3917 	EXP 	rightStimulus: autoDraw = False
113.3917 	EXP 	leftStimulus: autoDraw = False
113.3917 	EXP 	secondVisualStimulus: autoDraw = True
113.3917 	EXP 	secondChoiceLeftStimulus: autoDraw = True
113.3917 	EXP 	secondChoiceRightStimulus: autoDraw = True
113.7252 	EXP 	secondVisualStimulus: autoDraw = False
113.7252 	EXP 	secondChoiceLeftStimulus: autoDraw = False
113.7252 	EXP 	secondChoiceRightStimulus: autoDraw = False
113.7252 	EXP 	secondVisualStimulus: autoDraw = False
113.7252 	EXP 	secondChoiceLeftStimulus: autoDraw = False
113.7252 	EXP 	secondChoiceRightStimulus: autoDraw = False
113.7252 	EXP 	decisionTextProbe: autoDraw = True
113.9808 	DATA 	Keypress: 2
113.9922 	EXP 	decisionTextProbe: autoDraw = False
113.9922 	EXP 	feedbackText: text = 'Correct'
113.9922 	EXP 	feedbackText: autoDraw = True
114.9931 	EXP 	feedbackText: autoDraw = False
114.9931 	EXP 	feedbackText: autoDraw = False
114.9931 	EXP 	text: autoDraw = True
115.9943 	EXP 	text: autoDraw = False
115.9943 	EXP 	text: autoDraw = False
115.9943 	EXP 	firstVisualStimulus: autoDraw = True
115.9943 	EXP 	firstChoiceLeftStimulus: autoDraw = True
115.9943 	EXP 	firstChoiceRightStimulus: autoDraw = True
116.3277 	EXP 	firstVisualStimulus: autoDraw = False
116.3277 	EXP 	firstChoiceLeftStimulus: autoDraw = False
116.3277 	EXP 	firstChoiceRightStimulus: autoDraw = False
116.3277 	EXP 	firstVisualStimulus: autoDraw = False
116.3277 	EXP 	firstChoiceLeftStimulus: autoDraw = False
116.3277 	EXP 	firstChoiceRightStimulus: autoDraw = False
116.3277 	EXP 	ISIVisualStimulus: autoDraw = True
116.3277 	EXP 	rightStimulus: autoDraw = True
116.3277 	EXP 	leftStimulus: autoDraw = True
117.3287 	EXP 	ISIVisualStimulus: autoDraw = False
117.3287 	EXP 	rightStimulus: autoDraw = False
117.3287 	EXP 	leftStimulus: autoDraw = False
117.3287 	EXP 	ISIVisualStimulus: autoDraw = False
117.3287 	EXP 	rightStimulus: autoDraw = False
117.3287 	EXP 	leftStimulus: autoDraw = False
117.3287 	EXP 	secondVisualStimulus: autoDraw = True
117.3287 	EXP 	secondChoiceLeftStimulus: autoDraw = True
117.3287 	EXP 	secondChoiceRightStimulus: autoDraw = True
117.6626 	EXP 	secondVisualStimulus: autoDraw = False
117.6626 	EXP 	secondChoiceLeftStimulus: autoDraw = False
117.6626 	EXP 	secondChoiceRightStimulus: autoDraw = False
117.6626 	EXP 	secondVisualStimulus: autoDraw = False
117.6626 	EXP 	secondChoiceLeftStimulus: autoDraw = False
117.6626 	EXP 	secondChoiceRightStimulus: autoDraw = False
117.6626 	EXP 	decisionTextProbe: autoDraw = True
117.9383 	DATA 	Keypress: 2
117.9462 	EXP 	decisionTextProbe: autoDraw = False
117.9462 	EXP 	feedbackText: text = 'Incorrect'
117.9462 	EXP 	feedbackText: autoDraw = True
118.9471 	EXP 	feedbackText: autoDraw = False
118.9471 	EXP 	feedbackText: autoDraw = False
118.9471 	EXP 	text: autoDraw = True
119.9482 	EXP 	text: autoDraw = False
119.9482 	EXP 	text: autoDraw = False
119.9482 	EXP 	firstVisualStimulus: autoDraw = True
119.9482 	EXP 	firstChoiceLeftStimulus: autoDraw = True
119.9482 	EXP 	firstChoiceRightStimulus: autoDraw = True
120.2819 	EXP 	firstVisualStimulus: autoDraw = False
120.2819 	EXP 	firstChoiceLeftStimulus: autoDraw = False
120.2819 	EXP 	firstChoiceRightStimulus: autoDraw = False
120.2819 	EXP 	firstVisualStimulus: autoDraw = False
120.2819 	EXP 	firstChoiceLeftStimulus: autoDraw = False
120.2819 	EXP 	firstChoiceRightStimulus: autoDraw = False
120.2819 	EXP 	ISIVisualStimulus: autoDraw = True
120.2819 	EXP 	rightStimulus: autoDraw = True
120.2819 	EXP 	leftStimulus: autoDraw = True
121.2829 	EXP 	ISIVisualStimulus: autoDraw = False
121.2829 	EXP 	rightStimulus: autoDraw = False
121.2829 	EXP 	leftStimulus: autoDraw = False
121.2829 	EXP 	ISIVisualStimulus: autoDraw = False
121.2829 	EXP 	rightStimulus: autoDraw = False
121.2829 	EXP 	leftStimulus: autoDraw = False
121.2829 	EXP 	secondVisualStimulus: autoDraw = True
121.2829 	EXP 	secondChoiceLeftStimulus: autoDraw = True
121.2829 	EXP 	secondChoiceRightStimulus: autoDraw = True
121.6168 	EXP 	secondVisualStimulus: autoDraw = False
121.6168 	EXP 	secondChoiceLeftStimulus: autoDraw = False
121.6168 	EXP 	secondChoiceRightStimulus: autoDraw = False
121.6168 	EXP 	secondVisualStimulus: autoDraw = False
121.6168 	EXP 	secondChoiceLeftStimulus: autoDraw = False
121.6168 	EXP 	secondChoiceRightStimulus: autoDraw = False
121.6168 	EXP 	decisionTextProbe: autoDraw = True
122.2094 	DATA 	Keypress: 1
122.2169 	EXP 	decisionTextProbe: autoDraw = False
122.2169 	EXP 	feedbackText: text = 'Correct'
122.2169 	EXP 	feedbackText: autoDraw = True
123.2182 	EXP 	feedbackText: autoDraw = False
123.2182 	EXP 	feedbackText: autoDraw = False
123.2182 	EXP 	text: autoDraw = True
124.2192 	EXP 	text: autoDraw = False
124.2192 	EXP 	text: autoDraw = False
124.2192 	EXP 	firstVisualStimulus: autoDraw = True
124.2192 	EXP 	firstChoiceLeftStimulus: autoDraw = True
124.2192 	EXP 	firstChoiceRightStimulus: autoDraw = True
124.5526 	EXP 	firstVisualStimulus: autoDraw = False
124.5526 	EXP 	firstChoiceLeftStimulus: autoDraw = False
124.5526 	EXP 	firstChoiceRightStimulus: autoDraw = False
124.5526 	EXP 	firstVisualStimulus: autoDraw = False
124.5526 	EXP 	firstChoiceLeftStimulus: autoDraw = False
124.5526 	EXP 	firstChoiceRightStimulus: autoDraw = False
124.5526 	EXP 	ISIVisualStimulus: autoDraw = True
124.5526 	EXP 	rightStimulus: autoDraw = True
124.5526 	EXP 	leftStimulus: autoDraw = True
125.5539 	EXP 	ISIVisualStimulus: autoDraw = False
125.5539 	EXP 	rightStimulus: autoDraw = False
125.5539 	EXP 	leftStimulus: autoDraw = False
125.5539 	EXP 	ISIVisualStimulus: autoDraw = False
125.5539 	EXP 	rightStimulus: autoDraw = False
125.5539 	EXP 	leftStimulus: autoDraw = False
125.5539 	EXP 	secondVisualStimulus: autoDraw = True
125.5539 	EXP 	secondChoiceLeftStimulus: autoDraw = True
125.5539 	EXP 	secondChoiceRightStimulus: autoDraw = True
125.8875 	EXP 	secondVisualStimulus: autoDraw = False
125.8875 	EXP 	secondChoiceLeftStimulus: autoDraw = False
125.8875 	EXP 	secondChoiceRightStimulus: autoDraw = False
125.8875 	EXP 	secondVisualStimulus: autoDraw = False
125.8875 	EXP 	secondChoiceLeftStimulus: autoDraw = False
125.8875 	EXP 	secondChoiceRightStimulus: autoDraw = False
125.8875 	EXP 	decisionTextProbe: autoDraw = True
126.1461 	DATA 	Keypress: 2
126.1545 	EXP 	decisionTextProbe: autoDraw = False
126.1545 	EXP 	feedbackText: text = 'Incorrect'
126.1545 	EXP 	feedbackText: autoDraw = True
127.1555 	EXP 	feedbackText: autoDraw = False
127.1555 	EXP 	feedbackText: autoDraw = False
127.1555 	EXP 	text: autoDraw = True
128.1565 	EXP 	text: autoDraw = False
128.1565 	EXP 	text: autoDraw = False
128.1565 	EXP 	firstVisualStimulus: autoDraw = True
128.1565 	EXP 	firstChoiceLeftStimulus: autoDraw = True
128.1565 	EXP 	firstChoiceRightStimulus: autoDraw = True
128.4899 	EXP 	firstVisualStimulus: autoDraw = False
128.4899 	EXP 	firstChoiceLeftStimulus: autoDraw = False
128.4899 	EXP 	firstChoiceRightStimulus: autoDraw = False
128.4899 	EXP 	firstVisualStimulus: autoDraw = False
128.4899 	EXP 	firstChoiceLeftStimulus: autoDraw = False
128.4899 	EXP 	firstChoiceRightStimulus: autoDraw = False
128.4899 	EXP 	ISIVisualStimulus: autoDraw = True
128.4899 	EXP 	rightStimulus: autoDraw = True
128.4899 	EXP 	leftStimulus: autoDraw = True
129.4909 	EXP 	ISIVisualStimulus: autoDraw = False
129.4909 	EXP 	rightStimulus: autoDraw = False
129.4909 	EXP 	leftStimulus: autoDraw = False
129.4909 	EXP 	ISIVisualStimulus: autoDraw = False
129.4909 	EXP 	rightStimulus: autoDraw = False
129.4909 	EXP 	leftStimulus: autoDraw = False
129.4909 	EXP 	secondVisualStimulus: autoDraw = True
129.4909 	EXP 	secondChoiceLeftStimulus: autoDraw = True
129.4909 	EXP 	secondChoiceRightStimulus: autoDraw = True
129.8248 	EXP 	secondVisualStimulus: autoDraw = False
129.8248 	EXP 	secondChoiceLeftStimulus: autoDraw = False
129.8248 	EXP 	secondChoiceRightStimulus: autoDraw = False
129.8248 	EXP 	secondVisualStimulus: autoDraw = False
129.8248 	EXP 	secondChoiceLeftStimulus: autoDraw = False
129.8248 	EXP 	secondChoiceRightStimulus: autoDraw = False
129.8248 	EXP 	decisionTextProbe: autoDraw = True
130.1184 	DATA 	Keypress: 2
130.1252 	EXP 	decisionTextProbe: autoDraw = False
130.1252 	EXP 	feedbackText: text = 'Correct'
130.1252 	EXP 	feedbackText: autoDraw = True
131.1263 	EXP 	feedbackText: autoDraw = False
131.1263 	EXP 	feedbackText: autoDraw = False
131.1263 	EXP 	text: autoDraw = True
132.1272 	EXP 	text: autoDraw = False
132.1272 	EXP 	text: autoDraw = False
132.1272 	EXP 	firstVisualStimulus: autoDraw = True
132.1272 	EXP 	firstChoiceLeftStimulus: autoDraw = True
132.1272 	EXP 	firstChoiceRightStimulus: autoDraw = True
132.4607 	EXP 	firstVisualStimulus: autoDraw = False
132.4607 	EXP 	firstChoiceLeftStimulus: autoDraw = False
132.4607 	EXP 	firstChoiceRightStimulus: autoDraw = False
132.4607 	EXP 	firstVisualStimulus: autoDraw = False
132.4607 	EXP 	firstChoiceLeftStimulus: autoDraw = False
132.4607 	EXP 	firstChoiceRightStimulus: autoDraw = False
132.4607 	EXP 	ISIVisualStimulus: autoDraw = True
132.4607 	EXP 	rightStimulus: autoDraw = True
132.4607 	EXP 	leftStimulus: autoDraw = True
133.4617 	EXP 	ISIVisualStimulus: autoDraw = False
133.4617 	EXP 	rightStimulus: autoDraw = False
133.4617 	EXP 	leftStimulus: autoDraw = False
133.4617 	EXP 	ISIVisualStimulus: autoDraw = False
133.4617 	EXP 	rightStimulus: autoDraw = False
133.4617 	EXP 	leftStimulus: autoDraw = False
133.4617 	EXP 	secondVisualStimulus: autoDraw = True
133.4617 	EXP 	secondChoiceLeftStimulus: autoDraw = True
133.4617 	EXP 	secondChoiceRightStimulus: autoDraw = True
133.7953 	EXP 	secondVisualStimulus: autoDraw = False
133.7953 	EXP 	secondChoiceLeftStimulus: autoDraw = False
133.7953 	EXP 	secondChoiceRightStimulus: autoDraw = False
133.7953 	EXP 	secondVisualStimulus: autoDraw = False
133.7953 	EXP 	secondChoiceLeftStimulus: autoDraw = False
133.7953 	EXP 	secondChoiceRightStimulus: autoDraw = False
133.7953 	EXP 	decisionTextProbe: autoDraw = True
134.1357 	DATA 	Keypress: 2
134.1456 	EXP 	decisionTextProbe: autoDraw = False
134.1456 	EXP 	feedbackText: text = 'Correct'
134.1456 	EXP 	feedbackText: autoDraw = True
135.1468 	EXP 	feedbackText: autoDraw = False
135.1468 	EXP 	feedbackText: autoDraw = False
135.1468 	EXP 	text: autoDraw = True
136.1477 	EXP 	text: autoDraw = False
136.1477 	EXP 	text: autoDraw = False
136.1477 	EXP 	firstVisualStimulus: autoDraw = True
136.1477 	EXP 	firstChoiceLeftStimulus: autoDraw = True
136.1477 	EXP 	firstChoiceRightStimulus: autoDraw = True
136.4811 	EXP 	firstVisualStimulus: autoDraw = False
136.4811 	EXP 	firstChoiceLeftStimulus: autoDraw = False
136.4811 	EXP 	firstChoiceRightStimulus: autoDraw = False
136.4811 	EXP 	firstVisualStimulus: autoDraw = False
136.4811 	EXP 	firstChoiceLeftStimulus: autoDraw = False
136.4811 	EXP 	firstChoiceRightStimulus: autoDraw = False
136.4811 	EXP 	ISIVisualStimulus: autoDraw = True
136.4811 	EXP 	rightStimulus: autoDraw = True
136.4811 	EXP 	leftStimulus: autoDraw = True
137.4823 	EXP 	ISIVisualStimulus: autoDraw = False
137.4823 	EXP 	rightStimulus: autoDraw = False
137.4823 	EXP 	leftStimulus: autoDraw = False
137.4823 	EXP 	ISIVisualStimulus: autoDraw = False
137.4823 	EXP 	rightStimulus: autoDraw = False
137.4823 	EXP 	leftStimulus: autoDraw = False
137.4823 	EXP 	secondVisualStimulus: autoDraw = True
137.4823 	EXP 	secondChoiceLeftStimulus: autoDraw = True
137.4823 	EXP 	secondChoiceRightStimulus: autoDraw = True
137.8163 	EXP 	secondVisualStimulus: autoDraw = False
137.8163 	EXP 	secondChoiceLeftStimulus: autoDraw = False
137.8163 	EXP 	secondChoiceRightStimulus: autoDraw = False
137.8163 	EXP 	secondVisualStimulus: autoDraw = False
137.8163 	EXP 	secondChoiceLeftStimulus: autoDraw = False
137.8163 	EXP 	secondChoiceRightStimulus: autoDraw = False
137.8163 	EXP 	decisionTextProbe: autoDraw = True
138.1066 	DATA 	Keypress: 2
138.1165 	EXP 	decisionTextProbe: autoDraw = False
138.1165 	EXP 	feedbackText: text = 'Correct'
138.1165 	EXP 	feedbackText: autoDraw = True
139.1171 	EXP 	feedbackText: autoDraw = False
139.1171 	EXP 	feedbackText: autoDraw = False
139.1171 	EXP 	text: autoDraw = True
140.1182 	EXP 	text: autoDraw = False
140.1182 	EXP 	text: autoDraw = False
140.1182 	EXP 	firstVisualStimulus: autoDraw = True
140.1182 	EXP 	firstChoiceLeftStimulus: autoDraw = True
140.1182 	EXP 	firstChoiceRightStimulus: autoDraw = True
140.4525 	EXP 	firstVisualStimulus: autoDraw = False
140.4525 	EXP 	firstChoiceLeftStimulus: autoDraw = False
140.4525 	EXP 	firstChoiceRightStimulus: autoDraw = False
140.4525 	EXP 	firstVisualStimulus: autoDraw = False
140.4525 	EXP 	firstChoiceLeftStimulus: autoDraw = False
140.4525 	EXP 	firstChoiceRightStimulus: autoDraw = False
140.4525 	EXP 	ISIVisualStimulus: autoDraw = True
140.4525 	EXP 	rightStimulus: autoDraw = True
140.4525 	EXP 	leftStimulus: autoDraw = True
140.7280 	DATA 	Mouse: Left button down, pos=(556,632)
140.9379 	DATA 	Mouse:  Left button up, pos=(556,632)
141.4528 	EXP 	ISIVisualStimulus: autoDraw = False
141.4528 	EXP 	rightStimulus: autoDraw = False
141.4528 	EXP 	leftStimulus: autoDraw = False
141.4528 	EXP 	ISIVisualStimulus: autoDraw = False
141.4528 	EXP 	rightStimulus: autoDraw = False
141.4528 	EXP 	leftStimulus: autoDraw = False
141.4528 	EXP 	secondVisualStimulus: autoDraw = True
141.4528 	EXP 	secondChoiceLeftStimulus: autoDraw = True
141.4528 	EXP 	secondChoiceRightStimulus: autoDraw = True
141.7867 	EXP 	secondVisualStimulus: autoDraw = False
141.7867 	EXP 	secondChoiceLeftStimulus: autoDraw = False
141.7867 	EXP 	secondChoiceRightStimulus: autoDraw = False
141.7867 	EXP 	secondVisualStimulus: autoDraw = False
141.7867 	EXP 	secondChoiceLeftStimulus: autoDraw = False
141.7867 	EXP 	secondChoiceRightStimulus: autoDraw = False
141.7867 	EXP 	decisionTextProbe: autoDraw = True
142.0606 	DATA 	Keypress: 2
142.0701 	EXP 	decisionTextProbe: autoDraw = False
142.0701 	EXP 	feedbackText: text = 'Correct'
142.0701 	EXP 	feedbackText: autoDraw = True
143.0711 	EXP 	feedbackText: autoDraw = False
143.0711 	EXP 	feedbackText: autoDraw = False
143.0711 	EXP 	text: autoDraw = True
144.0723 	EXP 	text: autoDraw = False
144.0723 	EXP 	text: autoDraw = False
144.0723 	EXP 	firstVisualStimulus: autoDraw = True
144.0723 	EXP 	firstChoiceLeftStimulus: autoDraw = True
144.0723 	EXP 	firstChoiceRightStimulus: autoDraw = True
144.4059 	EXP 	firstVisualStimulus: autoDraw = False
144.4059 	EXP 	firstChoiceLeftStimulus: autoDraw = False
144.4059 	EXP 	firstChoiceRightStimulus: autoDraw = False
144.4059 	EXP 	firstVisualStimulus: autoDraw = False
144.4059 	EXP 	firstChoiceLeftStimulus: autoDraw = False
144.4059 	EXP 	firstChoiceRightStimulus: autoDraw = False
144.4059 	EXP 	ISIVisualStimulus: autoDraw = True
144.4059 	EXP 	rightStimulus: autoDraw = True
144.4059 	EXP 	leftStimulus: autoDraw = True
145.4071 	EXP 	ISIVisualStimulus: autoDraw = False
145.4071 	EXP 	rightStimulus: autoDraw = False
145.4071 	EXP 	leftStimulus: autoDraw = False
145.4071 	EXP 	ISIVisualStimulus: autoDraw = False
145.4071 	EXP 	rightStimulus: autoDraw = False
145.4071 	EXP 	leftStimulus: autoDraw = False
145.4071 	EXP 	secondVisualStimulus: autoDraw = True
145.4071 	EXP 	secondChoiceLeftStimulus: autoDraw = True
145.4071 	EXP 	secondChoiceRightStimulus: autoDraw = True
145.7405 	EXP 	secondVisualStimulus: autoDraw = False
145.7405 	EXP 	secondChoiceLeftStimulus: autoDraw = False
145.7405 	EXP 	secondChoiceRightStimulus: autoDraw = False
145.7405 	EXP 	secondVisualStimulus: autoDraw = False
145.7405 	EXP 	secondChoiceLeftStimulus: autoDraw = False
145.7405 	EXP 	secondChoiceRightStimulus: autoDraw = False
145.7405 	EXP 	decisionTextProbe: autoDraw = True
146.2636 	DATA 	Keypress: 1
146.2742 	EXP 	decisionTextProbe: autoDraw = False
146.2742 	EXP 	feedbackText: text = 'Correct'
146.2742 	EXP 	feedbackText: autoDraw = True
147.2755 	EXP 	feedbackText: autoDraw = False
147.2755 	EXP 	feedbackText: autoDraw = False
147.2755 	EXP 	text: autoDraw = True
148.2764 	EXP 	text: autoDraw = False
148.2764 	EXP 	text: autoDraw = False
148.2764 	EXP 	firstVisualStimulus: autoDraw = True
148.2764 	EXP 	firstChoiceLeftStimulus: autoDraw = True
148.2764 	EXP 	firstChoiceRightStimulus: autoDraw = True
148.6101 	EXP 	firstVisualStimulus: autoDraw = False
148.6101 	EXP 	firstChoiceLeftStimulus: autoDraw = False
148.6101 	EXP 	firstChoiceRightStimulus: autoDraw = False
148.6101 	EXP 	firstVisualStimulus: autoDraw = False
148.6101 	EXP 	firstChoiceLeftStimulus: autoDraw = False
148.6101 	EXP 	firstChoiceRightStimulus: autoDraw = False
148.6101 	EXP 	ISIVisualStimulus: autoDraw = True
148.6101 	EXP 	rightStimulus: autoDraw = True
148.6101 	EXP 	leftStimulus: autoDraw = True
149.6110 	EXP 	ISIVisualStimulus: autoDraw = False
149.6110 	EXP 	rightStimulus: autoDraw = False
149.6110 	EXP 	leftStimulus: autoDraw = False
149.6110 	EXP 	ISIVisualStimulus: autoDraw = False
149.6110 	EXP 	rightStimulus: autoDraw = False
149.6110 	EXP 	leftStimulus: autoDraw = False
149.6110 	EXP 	secondVisualStimulus: autoDraw = True
149.6110 	EXP 	secondChoiceLeftStimulus: autoDraw = True
149.6110 	EXP 	secondChoiceRightStimulus: autoDraw = True
149.9446 	EXP 	secondVisualStimulus: autoDraw = False
149.9446 	EXP 	secondChoiceLeftStimulus: autoDraw = False
149.9446 	EXP 	secondChoiceRightStimulus: autoDraw = False
149.9446 	EXP 	secondVisualStimulus: autoDraw = False
149.9446 	EXP 	secondChoiceLeftStimulus: autoDraw = False
149.9446 	EXP 	secondChoiceRightStimulus: autoDraw = False
149.9446 	EXP 	decisionTextProbe: autoDraw = True
150.1717 	DATA 	Keypress: 2
150.1785 	EXP 	decisionTextProbe: autoDraw = False
150.1785 	EXP 	feedbackText: text = 'Incorrect'
150.1785 	EXP 	feedbackText: autoDraw = True
151.1793 	EXP 	feedbackText: autoDraw = False
151.1793 	EXP 	feedbackText: autoDraw = False
151.1793 	EXP 	text: autoDraw = True
152.1802 	EXP 	text: autoDraw = False
152.1802 	EXP 	text: autoDraw = False
152.1802 	EXP 	firstVisualStimulus: autoDraw = True
152.1802 	EXP 	firstChoiceLeftStimulus: autoDraw = True
152.1802 	EXP 	firstChoiceRightStimulus: autoDraw = True
152.5139 	EXP 	firstVisualStimulus: autoDraw = False
152.5139 	EXP 	firstChoiceLeftStimulus: autoDraw = False
152.5139 	EXP 	firstChoiceRightStimulus: autoDraw = False
152.5139 	EXP 	firstVisualStimulus: autoDraw = False
152.5139 	EXP 	firstChoiceLeftStimulus: autoDraw = False
152.5139 	EXP 	firstChoiceRightStimulus: autoDraw = False
152.5139 	EXP 	ISIVisualStimulus: autoDraw = True
152.5139 	EXP 	rightStimulus: autoDraw = True
152.5139 	EXP 	leftStimulus: autoDraw = True
153.5151 	EXP 	ISIVisualStimulus: autoDraw = False
153.5151 	EXP 	rightStimulus: autoDraw = False
153.5151 	EXP 	leftStimulus: autoDraw = False
153.5151 	EXP 	ISIVisualStimulus: autoDraw = False
153.5151 	EXP 	rightStimulus: autoDraw = False
153.5151 	EXP 	leftStimulus: autoDraw = False
153.5151 	EXP 	secondVisualStimulus: autoDraw = True
153.5151 	EXP 	secondChoiceLeftStimulus: autoDraw = True
153.5151 	EXP 	secondChoiceRightStimulus: autoDraw = True
153.8486 	EXP 	secondVisualStimulus: autoDraw = False
153.8486 	EXP 	secondChoiceLeftStimulus: autoDraw = False
153.8486 	EXP 	secondChoiceRightStimulus: autoDraw = False
153.8486 	EXP 	secondVisualStimulus: autoDraw = False
153.8486 	EXP 	secondChoiceLeftStimulus: autoDraw = False
153.8486 	EXP 	secondChoiceRightStimulus: autoDraw = False
153.8486 	EXP 	decisionTextProbe: autoDraw = True
154.0879 	DATA 	Keypress: 2
154.0988 	EXP 	decisionTextProbe: autoDraw = False
154.0988 	EXP 	feedbackText: text = 'Incorrect'
154.0988 	EXP 	feedbackText: autoDraw = True
155.0999 	EXP 	feedbackText: autoDraw = False
155.0999 	EXP 	feedbackText: autoDraw = False
155.1074 	INFO 	saved data to 'C:\\Users\\W2032175\\Documents\\GitHub\\Open-source-Auditory-Tone-Detection-Task\\Auditory Tone Detection Task\\data/_toneDetectionPlatform_V1.6_2020_Nov_02_1435.csv'
155.1154 	INFO 	saved data to C:\Users\W2032175\Documents\GitHub\Open-source-Auditory-Tone-Detection-Task\Auditory Tone Detection Task\data/_toneDetectionPlatform_V1.6_2020_Nov_02_1435.psydat
155.1414 	EXP 	window1: mouseVisible = True
155.2168 	DEBUG 	Saving data for toneDetectionPlatform_V1.6 ExperimentHandler
