1.4173 	WARNING 	We strongly recommend you activate the PTB sound engine in PsychoPy prefs as the preferred audio engine. Its timing is vastly superior. Your prefs are currently set to use ['sounddevice', 'PTB', 'pyo', 'pygame'] (in that order).
6.3141 	INFO 	Loaded monitor calibration from ['2020_10_15 13:31']
7.9493 	EXP 	Created window1 = Window(allowGUI=False, allowStencil=False, args=UNKNOWN, autoLog=True, bitsMode=UNKNOWN, blendMode='avg', bpc=(8, 8, 8), color=array([1., 1., 1.]), colorSpace='rgb', depthBits=8, fullscr=<method-wrapper '__getattribute__' of attributeSetter object at 0x00000153E5D365C0>, gamma=None, gammaErrorPolicy='raise', kwargs=UNKNOWN, lms=UNKNOWN, monitor=<psychopy.monitors.calibTools.Monitor object at 0x00000153E5CC5E10>, multiSample=False, name='window1', numSamples=2, pos=[0.0, 0.0], screen=0, size=array([1366,  768]), stencilBits=0, stereo=False, units='height', useFBO=True, useRetina=False, viewOri=0.0, viewPos=None, viewScale=None, waitBlanking=True, winType='pyglet')
7.9494 	EXP 	window1: mouseVisible = True
7.9494 	EXP 	window1: recordFrameIntervals = False
8.1154 	EXP 	window1: recordFrameIntervals = True
8.2993 	DEBUG 	Screen (0) actual frame rate measured at 59.94
8.2993 	EXP 	window1: recordFrameIntervals = False
8.4956 	EXP 	Created welcomeText = TextStim(__class__=<class 'psychopy.visual.text.TextStim'>, alignHoriz=method-wrapper(...), alignText='center', alignVert=method-wrapper(...), anchorHoriz='center', anchorVert='center', antialias=True, autoLog=True, bold=False, color='black', colorSpace='named', contrast=1.0, depth=0.0, flipHoriz=False, flipVert=False, font='Arial', fontFiles=[], height=0.07, italic=False, languageStyle='LTR', name='welcomeText', opacity=1.0, ori=0, pos=array([0., 0.]), rgb=array([0., 0., 0.]), text=str(...), units='height', win=Window(...), wrapWidth=1)
8.5376 	EXP 	Created instructionsLightBulb1 = ImageStim(__class__=<class 'psychopy.visual.image.ImageStim'>, autoLog=True, color=array([1., 1., 1.]), colorSpace='rgb', contrast=1.0, depth=0.0, flipHoriz=False, flipVert=False, image='lightBulb_OFF.png', interpolate=True, mask=None, maskParams=None, name='instructionsLightBulb1', opacity=1.0, ori=0.0, pos=array([-0.5,  0. ]), size=array([0.4, 0.4]), texRes=128, units='height', win=Window(...))
8.5787 	EXP 	Created instructionsLightBulb2 = ImageStim(__class__=<class 'psychopy.visual.image.ImageStim'>, autoLog=True, color=array([1., 1., 1.]), colorSpace='rgb', contrast=1.0, depth=-1.0, flipHoriz=False, flipVert=False, image='lightBulb_OFF.png', interpolate=True, mask=None, maskParams=None, name='instructionsLightBulb2', opacity=1.0, ori=0.0, pos=array([0.5, 0. ]), size=array([0.4, 0.4]), texRes=128, units='height', win=Window(...))
8.5988 	EXP 	Created instructionsText = TextStim(__class__=<class 'psychopy.visual.text.TextStim'>, alignHoriz=method-wrapper(...), alignText='center', alignVert=method-wrapper(...), anchorHoriz='center', anchorVert='center', antialias=True, autoLog=True, bold=False, color='black', colorSpace='named', contrast=1.0, depth=-2.0, flipHoriz=False, flipVert=False, font='Arial', fontFiles=[], height=0.05, italic=False, languageStyle='LTR', name='instructionsText', opacity=1.0, ori=0, pos=array([0. , 0.3]), rgb=array([0., 0., 0.]), text=str(...), units='height', win=Window(...), wrapWidth=1)
8.6044 	EXP 	Created pressSpace = TextStim(__class__=<class 'psychopy.visual.text.TextStim'>, alignHoriz=method-wrapper(...), alignText='center', alignVert=method-wrapper(...), anchorHoriz='center', anchorVert='center', antialias=True, autoLog=True, bold=False, color='black', colorSpace='named', contrast=1.0, depth=-3.0, flipHoriz=False, flipVert=False, font='Arial', fontFiles=[], height=0.05, italic=False, languageStyle='LTR', name='pressSpace', opacity=1.0, ori=0, pos=array([ 0. , -0.3]), rgb=array([0., 0., 0.]), text='PRESS SPACE to continue', units='height', win=Window(...), wrapWidth=1)
8.6302 	EXP 	Created instructionsLightBulb1_2 = ImageStim(__class__=<class 'psychopy.visual.image.ImageStim'>, autoLog=True, color=array([1., 1., 1.]), colorSpace='rgb', contrast=1.0, depth=0.0, flipHoriz=False, flipVert=False, image='lightBulb_OFF.png', interpolate=True, mask=None, maskParams=None, name='instructionsLightBulb1_2', opacity=1.0, ori=0.0, pos=array([-0.5,  0. ]), size=array([0.4, 0.4]), texRes=128, units='height', win=Window(...))
8.6569 	EXP 	Created instructionsLightBulb2_2 = ImageStim(__class__=<class 'psychopy.visual.image.ImageStim'>, autoLog=True, color=array([1., 1., 1.]), colorSpace='rgb', contrast=1.0, depth=-1.0, flipHoriz=False, flipVert=False, image='lightBulb_OFF.png', interpolate=True, mask=None, maskParams=None, name='instructionsLightBulb2_2', opacity=1.0, ori=0.0, pos=array([0.5, 0. ]), size=array([0.4, 0.4]), texRes=128, units='height', win=Window(...))
8.6613 	EXP 	Created instructionsText_2 = TextStim(__class__=<class 'psychopy.visual.text.TextStim'>, alignHoriz=method-wrapper(...), alignText='center', alignVert=method-wrapper(...), anchorHoriz='center', anchorVert='center', antialias=True, autoLog=True, bold=False, color='black', colorSpace='named', contrast=1.0, depth=-2.0, flipHoriz=False, flipVert=False, font='Arial', fontFiles=[], height=0.05, italic=False, languageStyle='LTR', name='instructionsText_2', opacity=1.0, ori=0, pos=array([0. , 0.3]), rgb=array([0., 0., 0.]), text='In each trial, the light bulbs will blink', units='height', win=Window(...), wrapWidth=1)
8.6638 	EXP 	Created pressSpace_2 = TextStim(__class__=<class 'psychopy.visual.text.TextStim'>, alignHoriz=method-wrapper(...), alignText='center', alignVert=method-wrapper(...), anchorHoriz='center', anchorVert='center', antialias=True, autoLog=True, bold=False, color='black', colorSpace='named', contrast=1.0, depth=-3.0, flipHoriz=False, flipVert=False, font='Arial', fontFiles=[], height=0.05, italic=False, languageStyle='LTR', name='pressSpace_2', opacity=1.0, ori=0, pos=array([ 0. , -0.3]), rgb=array([0., 0., 0.]), text='PRESS SPACE to continue', units='height', win=Window(...), wrapWidth=1)
8.6900 	EXP 	Created instructionsLightBulb1_3 = ImageStim(__class__=<class 'psychopy.visual.image.ImageStim'>, autoLog=True, color=array([1., 1., 1.]), colorSpace='rgb', contrast=1.0, depth=0.0, flipHoriz=False, flipVert=False, image='lightBulb_OFF.png', interpolate=True, mask=None, maskParams=None, name='instructionsLightBulb1_3', opacity=1.0, ori=0.0, pos=array([-0.5,  0. ]), size=array([0.4, 0.4]), texRes=128, units='height', win=Window(...))
8.7171 	EXP 	Created instructionsLightBulb2_3 = ImageStim(__class__=<class 'psychopy.visual.image.ImageStim'>, autoLog=True, color=array([1., 1., 1.]), colorSpace='rgb', contrast=1.0, depth=-1.0, flipHoriz=False, flipVert=False, image='lightBulb_OFF.png', interpolate=True, mask=None, maskParams=None, name='instructionsLightBulb2_3', opacity=1.0, ori=0.0, pos=array([0.5, 0. ]), size=array([0.4, 0.4]), texRes=128, units='height', win=Window(...))
8.7233 	EXP 	Created text_3 = TextStim(__class__=<class 'psychopy.visual.text.TextStim'>, alignHoriz=method-wrapper(...), alignText='center', alignVert=method-wrapper(...), anchorHoriz='center', anchorVert='center', antialias=True, autoLog=True, bold=False, color='black', colorSpace='named', contrast=1.0, depth=-2.0, flipHoriz=False, flipVert=False, font='Arial', fontFiles=[], height=0.05, italic=False, languageStyle='LTR', name='text_3', opacity=1.0, ori=0, pos=array([0. , 0.3]), rgb=array([0., 0., 0.]), text=str(...), units='height', win=Window(...), wrapWidth=1)
8.7261 	EXP 	Created pressSpace_3 = TextStim(__class__=<class 'psychopy.visual.text.TextStim'>, alignHoriz=method-wrapper(...), alignText='center', alignVert=method-wrapper(...), anchorHoriz='center', anchorVert='center', antialias=True, autoLog=True, bold=False, color='black', colorSpace='named', contrast=1.0, depth=-3.0, flipHoriz=False, flipVert=False, font='Arial', fontFiles=[], height=0.05, italic=False, languageStyle='LTR', name='pressSpace_3', opacity=1.0, ori=0, pos=array([ 0. , -0.3]), rgb=array([0., 0., 0.]), text='Press SPACE to see light bulb 1 blink', units='height', win=Window(...), wrapWidth=1)
8.7522 	EXP 	Created instructionsLightBulb1_4 = ImageStim(__class__=<class 'psychopy.visual.image.ImageStim'>, autoLog=True, color=array([1., 1., 1.]), colorSpace='rgb', contrast=1.0, depth=0.0, flipHoriz=False, flipVert=False, image='lightBulb_ON.png', interpolate=True, mask=None, maskParams=None, name='instructionsLightBulb1_4', opacity=1.0, ori=0.0, pos=array([-0.5,  0. ]), size=array([0.4, 0.4]), texRes=128, units='height', win=Window(...))
8.7798 	EXP 	Created instructionsLightBulb2_4 = ImageStim(__class__=<class 'psychopy.visual.image.ImageStim'>, autoLog=True, color=array([1., 1., 1.]), colorSpace='rgb', contrast=1.0, depth=-1.0, flipHoriz=False, flipVert=False, image='lightBulb_OFF.png', interpolate=True, mask=None, maskParams=None, name='instructionsLightBulb2_4', opacity=1.0, ori=0.0, pos=array([0.5, 0. ]), size=array([0.4, 0.4]), texRes=128, units='height', win=Window(...))
8.8215 	EXP 	Created instructionsLightBulb1_5 = ImageStim(__class__=<class 'psychopy.visual.image.ImageStim'>, autoLog=True, color=array([1., 1., 1.]), colorSpace='rgb', contrast=1.0, depth=0.0, flipHoriz=False, flipVert=False, image='lightBulb_OFF.png', interpolate=True, mask=None, maskParams=None, name='instructionsLightBulb1_5', opacity=1.0, ori=0.0, pos=array([-0.5,  0. ]), size=array([0.4, 0.4]), texRes=128, units='height', win=Window(...))
8.8625 	EXP 	Created instructionsLightBulb2_5 = ImageStim(__class__=<class 'psychopy.visual.image.ImageStim'>, autoLog=True, color=array([1., 1., 1.]), colorSpace='rgb', contrast=1.0, depth=-1.0, flipHoriz=False, flipVert=False, image='lightBulb_OFF.png', interpolate=True, mask=None, maskParams=None, name='instructionsLightBulb2_5', opacity=1.0, ori=0.0, pos=array([0.5, 0. ]), size=array([0.4, 0.4]), texRes=128, units='height', win=Window(...))
8.9029 	EXP 	Created instructionsLightBulb2_6 = ImageStim(__class__=<class 'psychopy.visual.image.ImageStim'>, autoLog=True, color=array([1., 1., 1.]), colorSpace='rgb', contrast=1.0, depth=-2.0, flipHoriz=False, flipVert=False, image='lightBulb_ON.png', interpolate=True, mask=None, maskParams=None, name='instructionsLightBulb2_6', opacity=1.0, ori=0.0, pos=array([0.5, 0. ]), size=array([0.4, 0.4]), texRes=128, units='height', win=Window(...))
8.9094 	EXP 	Created text_4 = TextStim(__class__=<class 'psychopy.visual.text.TextStim'>, alignHoriz=method-wrapper(...), alignText='center', alignVert=method-wrapper(...), anchorHoriz='center', anchorVert='center', antialias=True, autoLog=True, bold=False, color='black', colorSpace='named', contrast=1.0, depth=-3.0, flipHoriz=False, flipVert=False, font='Arial', fontFiles=[], height=0.05, italic=False, languageStyle='LTR', name='text_4', opacity=1.0, ori=0, pos=array([0. , 0.3]), rgb=array([0., 0., 0.]), text=str(...), units='height', win=Window(...), wrapWidth=1)
8.9117 	EXP 	Created pressSpace_4 = TextStim(__class__=<class 'psychopy.visual.text.TextStim'>, alignHoriz=method-wrapper(...), alignText='center', alignVert=method-wrapper(...), anchorHoriz='center', anchorVert='center', antialias=True, autoLog=True, bold=False, color='black', colorSpace='named', contrast=1.0, depth=-4.0, flipHoriz=False, flipVert=False, font='Arial', fontFiles=[], height=0.05, italic=False, languageStyle='LTR', name='pressSpace_4', opacity=1.0, ori=0, pos=array([ 0. , -0.3]), rgb=array([0., 0., 0.]), text='Press SPACE to continue', units='height', win=Window(...), wrapWidth=1)
8.9203 	EXP 	Created text_2 = TextStim(__class__=<class 'psychopy.visual.text.TextStim'>, alignHoriz=method-wrapper(...), alignText='center', alignVert=method-wrapper(...), anchorHoriz='center', anchorVert='center', antialias=True, autoLog=True, bold=False, color='black', colorSpace='named', contrast=1.0, depth=0.0, flipHoriz=False, flipVert=False, font='Arial', fontFiles=[], height=0.07, italic=False, languageStyle='LTR', name='text_2', opacity=1.0, ori=0, pos=array([0., 0.]), rgb=array([0., 0., 0.]), text=str(...), units='height', win=Window(...), wrapWidth=1)
8.9258 	EXP 	Created text_5 = TextStim(__class__=<class 'psychopy.visual.text.TextStim'>, alignHoriz=method-wrapper(...), alignText='center', alignVert=method-wrapper(...), anchorHoriz='center', anchorVert='center', antialias=True, autoLog=True, bold=False, color='black', colorSpace='named', contrast=1.0, depth=-1.0, flipHoriz=False, flipVert=False, font='Arial', fontFiles=[], height=0.07, italic=False, languageStyle='LTR', name='text_5', opacity=1.0, ori=0, pos=array([ 0. , -0.3]), rgb=array([0., 0., 0.]), text='press SPACEBAR to hear this sound', units='height', win=Window(...), wrapWidth=1)
8.9515 	EXP 	Created lightBulbOFF = ImageStim(__class__=<class 'psychopy.visual.image.ImageStim'>, autoLog=True, color=array([1., 1., 1.]), colorSpace='rgb', contrast=1.0, depth=-1.0, flipHoriz=False, flipVert=False, image='lightBulb_OFF.png', interpolate=True, mask=None, maskParams=None, name='lightBulbOFF', opacity=1.0, ori=0.0, pos=array([0., 0.]), size=array([0.5, 0.5]), texRes=128, units='height', win=Window(...))
8.9760 	EXP 	Created lightBulbON = ImageStim(__class__=<class 'psychopy.visual.image.ImageStim'>, autoLog=True, color=array([1., 1., 1.]), colorSpace='rgb', contrast=1.0, depth=-2.0, flipHoriz=False, flipVert=False, image='lightBulb_ON.png', interpolate=True, mask=None, maskParams=None, name='lightBulbON', opacity=1.0, ori=0.0, pos=array([0., 0.]), size=array([0.5, 0.5]), texRes=128, units='height', win=Window(...))
8.9974 	EXP 	Sound sound_1 set volume 1.000
9.0212 	EXP 	Created instructions_8_firstLine = TextStim(__class__=<class 'psychopy.visual.text.TextStim'>, alignHoriz=method-wrapper(...), alignText='center', alignVert=method-wrapper(...), anchorHoriz='center', anchorVert='center', antialias=True, autoLog=True, bold=False, color='black', colorSpace='named', contrast=1.0, depth=0.0, flipHoriz=False, flipVert=False, font='Arial', fontFiles=[], height=0.04, italic=False, languageStyle='LTR', name='instructions_8_firstLine', opacity=1.0, ori=0, pos=array([0. , 0.2]), rgb=array([0., 0., 0.]), text=str(...), units='height', win=Window(...), wrapWidth=1)
9.0280 	EXP 	Created text_8 = TextStim(__class__=<class 'psychopy.visual.text.TextStim'>, alignHoriz=method-wrapper(...), alignText='center', alignVert=method-wrapper(...), anchorHoriz='center', anchorVert='center', antialias=True, autoLog=True, bold=False, color='black', colorSpace='named', contrast=1.0, depth=-1.0, flipHoriz=False, flipVert=False, font='Arial', fontFiles=[], height=0.04, italic=False, languageStyle='LTR', name='text_8', opacity=1.0, ori=0, pos=array([0. , 0.1]), rgb=array([0., 0., 0.]), text=str(...), units='height', win=Window(...), wrapWidth=1)
9.0350 	EXP 	Created text_9 = TextStim(__class__=<class 'psychopy.visual.text.TextStim'>, alignHoriz=method-wrapper(...), alignText='center', alignVert=method-wrapper(...), anchorHoriz='center', anchorVert='center', antialias=True, autoLog=True, bold=False, color='black', colorSpace='named', contrast=1.0, depth=-2.0, flipHoriz=False, flipVert=False, font='Arial', fontFiles=[], height=0.04, italic=False, languageStyle='LTR', name='text_9', opacity=1.0, ori=0, pos=array([ 0.  , -0.02]), rgb=array([0., 0., 0.]), text=str(...), units='height', win=Window(...), wrapWidth=1)
9.0379 	EXP 	Created instructions_8_pressP = TextStim(__class__=<class 'psychopy.visual.text.TextStim'>, alignHoriz=method-wrapper(...), alignText='center', alignVert=method-wrapper(...), anchorHoriz='center', anchorVert='center', antialias=True, autoLog=True, bold=False, color='black', colorSpace='named', contrast=1.0, depth=-3.0, flipHoriz=False, flipVert=False, font='Arial', fontFiles=[], height=0.04, italic=False, languageStyle='LTR', name='instructions_8_pressP', opacity=1.0, ori=0, pos=array([ 0. , -0.3]), rgb=array([0., 0., 0.]), text="press 'p' to begin the practice trials!", units='height', win=Window(...), wrapWidth=1)
9.0455 	EXP 	Created text_6 = TextStim(__class__=<class 'psychopy.visual.text.TextStim'>, alignHoriz=method-wrapper(...), alignText='center', alignVert=method-wrapper(...), anchorHoriz='center', anchorVert='center', antialias=True, autoLog=True, bold=False, color='black', colorSpace='named', contrast=1.0, depth=-1.0, flipHoriz=False, flipVert=False, font='Arial', fontFiles=[], height=0.1, italic=False, languageStyle='LTR', name='text_6', opacity=1.0, ori=0, pos=array([0., 0.]), rgb=array([0., 0., 0.]), text='+', units='height', win=Window(...), wrapWidth=1)
9.0476 	EXP 	Created firstVisualStimulus_2 = TextStim(__class__=<class 'psychopy.visual.text.TextStim'>, alignHoriz=method-wrapper(...), alignText='center', alignVert=method-wrapper(...), anchorHoriz='center', anchorVert='center', antialias=True, autoLog=True, bold=False, color='black', colorSpace='named', contrast=1.0, depth=-1.0, flipHoriz=False, flipVert=False, font='Arial', fontFiles=[], height=0.1, italic=False, languageStyle='LTR', name='firstVisualStimulus_2', opacity=1.0, ori=0, pos=array([0., 0.]), rgb=array([0., 0., 0.]), text='1', units='height', win=Window(...), wrapWidth=1)
9.0477 	EXP 	Sound firstChoiceProbeTone_2 set volume 1.000
9.0722 	EXP 	Created firstChoiceLeftStimulus_2 = ImageStim(__class__=<class 'psychopy.visual.image.ImageStim'>, autoLog=True, color=array([1., 1., 1.]), colorSpace='rgb', contrast=1.0, depth=-3.0, flipHoriz=False, flipVert=False, image='lightBulb_ON.png', interpolate=True, mask=None, maskParams=None, name='firstChoiceLeftStimulus_2', opacity=1.0, ori=0.0, pos=array([-0.5,  0. ]), size=array([0.4, 0.4]), texRes=128, units='height', win=Window(...))
9.0958 	EXP 	Created firstChoiceRightStimulus_2 = ImageStim(__class__=<class 'psychopy.visual.image.ImageStim'>, autoLog=True, color=array([1., 1., 1.]), colorSpace='rgb', contrast=1.0, depth=-4.0, flipHoriz=False, flipVert=False, image='lightBulb_OFF.png', interpolate=True, mask=None, maskParams=None, name='firstChoiceRightStimulus_2', opacity=1.0, ori=0.0, pos=array([0.5, 0. ]), size=array([0.4, 0.4]), texRes=128, units='height', win=Window(...))
9.0999 	EXP 	Created ISIVisualStimulus_3 = TextStim(__class__=<class 'psychopy.visual.text.TextStim'>, alignHoriz=method-wrapper(...), alignText='center', alignVert=method-wrapper(...), anchorHoriz='center', anchorVert='center', antialias=True, autoLog=True, bold=False, color='black', colorSpace='named', contrast=1.0, depth=0.0, flipHoriz=False, flipVert=False, font='Arial', fontFiles=[], height=0.1, italic=False, languageStyle='LTR', name='ISIVisualStimulus_3', opacity=1.0, ori=0, pos=array([0., 0.]), rgb=array([0., 0., 0.]), text='ISI', units='height', win=Window(...), wrapWidth=1)
9.1227 	EXP 	Created rightStimulus_3 = ImageStim(__class__=<class 'psychopy.visual.image.ImageStim'>, autoLog=True, color=array([1., 1., 1.]), colorSpace='rgb', contrast=1.0, depth=-1.0, flipHoriz=False, flipVert=False, image='lightBulb_OFF.png', interpolate=True, mask=None, maskParams=None, name='rightStimulus_3', opacity=1.0, ori=0.0, pos=array([0.5, 0. ]), size=array([0.4, 0.4]), texRes=128, units='height', win=Window(...))
9.1452 	EXP 	Created leftStimulus_3 = ImageStim(__class__=<class 'psychopy.visual.image.ImageStim'>, autoLog=True, color=array([1., 1., 1.]), colorSpace='rgb', contrast=1.0, depth=-2.0, flipHoriz=False, flipVert=False, image='lightBulb_OFF.png', interpolate=True, mask=None, maskParams=None, name='leftStimulus_3', opacity=1.0, ori=0.0, pos=array([-0.5,  0. ]), size=array([0.4, 0.4]), texRes=128, units='height', win=Window(...))
9.1479 	EXP 	Created secondVisualStimulus_2 = TextStim(__class__=<class 'psychopy.visual.text.TextStim'>, alignHoriz=method-wrapper(...), alignText='center', alignVert=method-wrapper(...), anchorHoriz='center', anchorVert='center', antialias=True, autoLog=True, bold=False, color='black', colorSpace='named', contrast=1.0, depth=-1.0, flipHoriz=False, flipVert=False, font='Arial', fontFiles=[], height=0.1, italic=False, languageStyle='LTR', name='secondVisualStimulus_2', opacity=1.0, ori=0, pos=array([0., 0.]), rgb=array([0., 0., 0.]), text='2', units='height', win=Window(...), wrapWidth=1)
9.1480 	EXP 	Sound secondChoiceTone_2 set volume 1.000
9.1709 	EXP 	Created secondChoiceLeftStimulus_2 = ImageStim(__class__=<class 'psychopy.visual.image.ImageStim'>, autoLog=True, color=array([1., 1., 1.]), colorSpace='rgb', contrast=1.0, depth=-3.0, flipHoriz=False, flipVert=False, image='lightBulb_OFF.png', interpolate=True, mask=None, maskParams=None, name='secondChoiceLeftStimulus_2', opacity=1.0, ori=0.0, pos=array([-0.5,  0. ]), size=array([0.4, 0.4]), texRes=128, units='height', win=Window(...))
9.1927 	EXP 	Created secondChoiceRightStimulus_2 = ImageStim(__class__=<class 'psychopy.visual.image.ImageStim'>, autoLog=True, color=array([1., 1., 1.]), colorSpace='rgb', contrast=1.0, depth=-4.0, flipHoriz=False, flipVert=False, image='lightBulb_ON.png', interpolate=True, mask=None, maskParams=None, name='secondChoiceRightStimulus_2', opacity=1.0, ori=0.0, pos=array([0.5, 0. ]), size=array([0.4, 0.4]), texRes=128, units='height', win=Window(...))
9.2101 	EXP 	Created decisionTextProbe_2 = TextStim(__class__=<class 'psychopy.visual.text.TextStim'>, alignHoriz=method-wrapper(...), alignText='center', alignVert=method-wrapper(...), anchorHoriz='center', anchorVert='center', antialias=True, autoLog=True, bold=False, color='black', colorSpace='named', contrast=1.0, depth=-1.0, flipHoriz=False, flipVert=False, font='Arial', fontFiles=[], height=0.1, italic=False, languageStyle='LTR', name='decisionTextProbe_2', opacity=1.0, ori=0, pos=array([0., 0.]), rgb=array([0., 0., 0.]), text=str(...), units='height', win=Window(...), wrapWidth=1)
9.2150 	EXP 	Created feedbackText_2 = TextStim(__class__=<class 'psychopy.visual.text.TextStim'>, alignHoriz=method-wrapper(...), alignText='center', alignVert=method-wrapper(...), anchorHoriz='center', anchorVert='center', antialias=True, autoLog=True, bold=False, color='black', colorSpace='named', contrast=1.0, depth=-1.0, flipHoriz=False, flipVert=False, font='Arial', fontFiles=[], height=0.1, italic=False, languageStyle='LTR', name='feedbackText_2', opacity=1.0, ori=0, pos=array([0., 0.]), rgb=array([0., 0., 0.]), text='default text', units='height', win=Window(...), wrapWidth=1)
9.2306 	EXP 	Created text_7 = TextStim(__class__=<class 'psychopy.visual.text.TextStim'>, alignHoriz=method-wrapper(...), alignText='center', alignVert=method-wrapper(...), anchorHoriz='center', anchorVert='center', antialias=True, autoLog=True, bold=False, color='black', colorSpace='named', contrast=1.0, depth=0.0, flipHoriz=False, flipVert=False, font='Arial', fontFiles=[], height=0.05, italic=False, languageStyle='LTR', name='text_7', opacity=1.0, ori=0, pos=array([0., 0.]), rgb=array([0., 0., 0.]), text=str(...), units='height', win=Window(...), wrapWidth=1)
9.2499 	EXP 	Created text_10 = TextStim(__class__=<class 'psychopy.visual.text.TextStim'>, alignHoriz=method-wrapper(...), alignText='center', alignVert=method-wrapper(...), anchorHoriz='center', anchorVert='center', antialias=True, autoLog=True, bold=False, color='black', colorSpace='named', contrast=1.0, depth=0.0, flipHoriz=False, flipVert=False, font='Arial', fontFiles=[], height=0.05, italic=False, languageStyle='LTR', name='text_10', opacity=1.0, ori=0, pos=array([0., 0.]), rgb=array([0., 0., 0.]), text=str(...), units='height', win=Window(...), wrapWidth=1)
9.2517 	EXP 	Created firstITI = TextStim(__class__=<class 'psychopy.visual.text.TextStim'>, alignHoriz=method-wrapper(...), alignText='center', alignVert=method-wrapper(...), anchorHoriz='center', anchorVert='center', antialias=True, autoLog=True, bold=False, color='black', colorSpace='named', contrast=1.0, depth=-1.0, flipHoriz=False, flipVert=False, font='Arial', fontFiles=[], height=0.1, italic=False, languageStyle='LTR', name='firstITI', opacity=1.0, ori=0, pos=array([0., 0.]), rgb=array([0., 0., 0.]), text='+', units='height', win=Window(...), wrapWidth=1)
9.2529 	EXP 	Created text = TextStim(__class__=<class 'psychopy.visual.text.TextStim'>, alignHoriz=method-wrapper(...), alignText='center', alignVert=method-wrapper(...), anchorHoriz='center', anchorVert='center', antialias=True, autoLog=True, bold=False, color='black', colorSpace='named', contrast=1.0, depth=0.0, flipHoriz=False, flipVert=False, font='Arial', fontFiles=[], height=0.1, italic=False, languageStyle='LTR', name='text', opacity=1.0, ori=0, pos=array([0., 0.]), rgb=array([0., 0., 0.]), text='+', units='height', win=Window(...), wrapWidth=1)
9.2544 	EXP 	Created firstVisualStimulus = TextStim(__class__=<class 'psychopy.visual.text.TextStim'>, alignHoriz=method-wrapper(...), alignText='center', alignVert=method-wrapper(...), anchorHoriz='center', anchorVert='center', antialias=True, autoLog=True, bold=False, color='black', colorSpace='named', contrast=1.0, depth=-1.0, flipHoriz=False, flipVert=False, font='Arial', fontFiles=[], height=0.1, italic=False, languageStyle='LTR', name='firstVisualStimulus', opacity=1.0, ori=0, pos=array([0., 0.]), rgb=array([0., 0., 0.]), text='1', units='height', win=Window(...), wrapWidth=1)
9.2771 	EXP 	Sound firstChoiceNoise set volume 1.000
9.2772 	EXP 	Sound firstChoiceProbeTone set volume 1.000
9.2991 	EXP 	Created firstChoiceLeftStimulus = ImageStim(__class__=<class 'psychopy.visual.image.ImageStim'>, autoLog=True, color=array([1., 1., 1.]), colorSpace='rgb', contrast=1.0, depth=-4.0, flipHoriz=False, flipVert=False, image='lightBulb_ON.png', interpolate=True, mask=None, maskParams=None, name='firstChoiceLeftStimulus', opacity=1.0, ori=0.0, pos=array([-0.5,  0. ]), size=array([0.4, 0.4]), texRes=128, units='height', win=Window(...))
9.3214 	EXP 	Created firstChoiceRightStimulus = ImageStim(__class__=<class 'psychopy.visual.image.ImageStim'>, autoLog=True, color=array([1., 1., 1.]), colorSpace='rgb', contrast=1.0, depth=-5.0, flipHoriz=False, flipVert=False, image='lightBulb_OFF.png', interpolate=True, mask=None, maskParams=None, name='firstChoiceRightStimulus', opacity=1.0, ori=0.0, pos=array([0.5, 0. ]), size=array([0.4, 0.4]), texRes=128, units='height', win=Window(...))
9.3239 	EXP 	Created ISIVisualStimulus = TextStim(__class__=<class 'psychopy.visual.text.TextStim'>, alignHoriz=method-wrapper(...), alignText='center', alignVert=method-wrapper(...), anchorHoriz='center', anchorVert='center', antialias=True, autoLog=True, bold=False, color='black', colorSpace='named', contrast=1.0, depth=0.0, flipHoriz=False, flipVert=False, font='Arial', fontFiles=[], height=0.1, italic=False, languageStyle='LTR', name='ISIVisualStimulus', opacity=1.0, ori=0, pos=array([0., 0.]), rgb=array([0., 0., 0.]), text='ISI', units='height', win=Window(...), wrapWidth=1)
9.3447 	EXP 	Created rightStimulus = ImageStim(__class__=<class 'psychopy.visual.image.ImageStim'>, autoLog=True, color=array([1., 1., 1.]), colorSpace='rgb', contrast=1.0, depth=-1.0, flipHoriz=False, flipVert=False, image='lightBulb_OFF.png', interpolate=True, mask=None, maskParams=None, name='rightStimulus', opacity=1.0, ori=0.0, pos=array([0.5, 0. ]), size=array([0.4, 0.4]), texRes=128, units='height', win=Window(...))
9.3666 	EXP 	Created leftStimulus = ImageStim(__class__=<class 'psychopy.visual.image.ImageStim'>, autoLog=True, color=array([1., 1., 1.]), colorSpace='rgb', contrast=1.0, depth=-2.0, flipHoriz=False, flipVert=False, image='lightBulb_OFF.png', interpolate=True, mask=None, maskParams=None, name='leftStimulus', opacity=1.0, ori=0.0, pos=array([-0.5,  0. ]), size=array([0.4, 0.4]), texRes=128, units='height', win=Window(...))
9.3688 	EXP 	Created secondVisualStimulus = TextStim(__class__=<class 'psychopy.visual.text.TextStim'>, alignHoriz=method-wrapper(...), alignText='center', alignVert=method-wrapper(...), anchorHoriz='center', anchorVert='center', antialias=True, autoLog=True, bold=False, color='black', colorSpace='named', contrast=1.0, depth=-1.0, flipHoriz=False, flipVert=False, font='Arial', fontFiles=[], height=0.1, italic=False, languageStyle='LTR', name='secondVisualStimulus', opacity=1.0, ori=0, pos=array([0., 0.]), rgb=array([0., 0., 0.]), text='2', units='height', win=Window(...), wrapWidth=1)
9.3980 	EXP 	Sound secondChoiceNoise set volume 1.000
9.3980 	EXP 	Sound secondChoiceTone set volume 1.000
9.4230 	EXP 	Created secondChoiceLeftStimulus = ImageStim(__class__=<class 'psychopy.visual.image.ImageStim'>, autoLog=True, color=array([1., 1., 1.]), colorSpace='rgb', contrast=1.0, depth=-4.0, flipHoriz=False, flipVert=False, image='lightBulb_OFF.png', interpolate=True, mask=None, maskParams=None, name='secondChoiceLeftStimulus', opacity=1.0, ori=0.0, pos=array([-0.5,  0. ]), size=array([0.4, 0.4]), texRes=128, units='height', win=Window(...))
9.4446 	EXP 	Created secondChoiceRightStimulus = ImageStim(__class__=<class 'psychopy.visual.image.ImageStim'>, autoLog=True, color=array([1., 1., 1.]), colorSpace='rgb', contrast=1.0, depth=-5.0, flipHoriz=False, flipVert=False, image='lightBulb_ON.png', interpolate=True, mask=None, maskParams=None, name='secondChoiceRightStimulus', opacity=1.0, ori=0.0, pos=array([0.5, 0. ]), size=array([0.4, 0.4]), texRes=128, units='height', win=Window(...))
9.4499 	EXP 	Created decisionTextProbe = TextStim(__class__=<class 'psychopy.visual.text.TextStim'>, alignHoriz=method-wrapper(...), alignText='center', alignVert=method-wrapper(...), anchorHoriz='center', anchorVert='center', antialias=True, autoLog=True, bold=False, color='black', colorSpace='named', contrast=1.0, depth=-1.0, flipHoriz=False, flipVert=False, font='Arial', fontFiles=[], height=0.1, italic=False, languageStyle='LTR', name='decisionTextProbe', opacity=1.0, ori=0, pos=array([0., 0.]), rgb=array([0., 0., 0.]), text=str(...), units='height', win=Window(...), wrapWidth=1)
9.4529 	EXP 	Created feedbackText = TextStim(__class__=<class 'psychopy.visual.text.TextStim'>, alignHoriz=method-wrapper(...), alignText='center', alignVert=method-wrapper(...), anchorHoriz='center', anchorVert='center', antialias=True, autoLog=True, bold=False, color='black', colorSpace='named', contrast=1.0, depth=-1.0, flipHoriz=False, flipVert=False, font='Arial', fontFiles=[], height=0.1, italic=False, languageStyle='LTR', name='feedbackText', opacity=1.0, ori=0, pos=array([0., 0.]), rgb=array([0., 0., 0.]), text='default text', units='height', win=Window(...), wrapWidth=1)
9.4836 	EXP 	welcomeText: autoDraw = True
10.9886 	DATA 	Mouse: Left button down, pos=(563,443)
11.1892 	EXP 	Created sequence: sequential, trialTypes=1, nReps=0, seed=None
11.1894 	EXP 	Created sequence: random, trialTypes=1, nReps=0, seed=None
11.1919 	DATA 	Keypress: space
11.2018 	EXP 	welcomeText: autoDraw = False
11.2018 	EXP 	text_10: autoDraw = True
11.2075 	DATA 	Mouse:  Left button up, pos=(563,443)
12.0752 	DATA 	Keypress: b
12.0861 	EXP 	text_10: autoDraw = False
12.0861 	EXP 	firstITI: autoDraw = True
17.1132 	DEBUG 	Read Excel file with pandas: questConditionsFile.xlsx
17.1146 	DEBUG 	Clearing unnamed columns from questConditionsFile.xlsx
17.1152 	EXP 	Imported questConditionsFile.xlsx as conditions, 1 conditions, 11 params
17.4333 	DEBUG 	Using C:\Program Files\PsychoPy3\lib\site-packages\psychopy\data\staircase.py as origin file
17.4370 	DEBUG 	Using C:\Program Files\PsychoPy3\lib\site-packages\psychopy\data\staircase.py as origin file
17.4430 	EXP 	firstITI: autoDraw = False
17.4430 	EXP 	text: autoDraw = True
18.1041 	EXP 	text: autoDraw = False
18.1786 	EXP 	firstVisualStimulus: autoDraw = True
18.1786 	EXP 	firstChoiceLeftStimulus: autoDraw = True
18.1786 	EXP 	firstChoiceRightStimulus: autoDraw = True
18.5494 	EXP 	firstVisualStimulus: autoDraw = False
18.5494 	EXP 	firstChoiceLeftStimulus: autoDraw = False
18.5494 	EXP 	firstChoiceRightStimulus: autoDraw = False
18.5494 	EXP 	firstVisualStimulus: autoDraw = False
18.5494 	EXP 	firstChoiceLeftStimulus: autoDraw = False
18.5494 	EXP 	firstChoiceRightStimulus: autoDraw = False
18.5494 	EXP 	ISIVisualStimulus: autoDraw = True
18.5494 	EXP 	rightStimulus: autoDraw = True
18.5494 	EXP 	leftStimulus: autoDraw = True
19.5407 	EXP 	ISIVisualStimulus: autoDraw = False
19.5407 	EXP 	rightStimulus: autoDraw = False
19.5407 	EXP 	leftStimulus: autoDraw = False
19.5912 	EXP 	secondVisualStimulus: autoDraw = True
19.5912 	EXP 	secondChoiceLeftStimulus: autoDraw = True
19.5912 	EXP 	secondChoiceRightStimulus: autoDraw = True
19.9107 	EXP 	secondVisualStimulus: autoDraw = False
19.9107 	EXP 	secondChoiceLeftStimulus: autoDraw = False
19.9107 	EXP 	secondChoiceRightStimulus: autoDraw = False
19.9107 	EXP 	secondVisualStimulus: autoDraw = False
19.9107 	EXP 	secondChoiceLeftStimulus: autoDraw = False
19.9107 	EXP 	secondChoiceRightStimulus: autoDraw = False
19.9107 	EXP 	decisionTextProbe: autoDraw = True
20.1319 	DATA 	Keypress: 1
20.1608 	EXP 	decisionTextProbe: autoDraw = False
20.1608 	EXP 	feedbackText: text = 'Correct'
20.1608 	EXP 	feedbackText: autoDraw = True
21.1615 	EXP 	feedbackText: autoDraw = False
21.1615 	EXP 	feedbackText: autoDraw = False
21.1615 	EXP 	text: autoDraw = True
22.1808 	EXP 	text: autoDraw = False
22.1808 	EXP 	text: autoDraw = False
22.1959 	EXP 	firstVisualStimulus: autoDraw = True
22.1959 	EXP 	firstChoiceLeftStimulus: autoDraw = True
22.1959 	EXP 	firstChoiceRightStimulus: autoDraw = True
22.5299 	EXP 	firstVisualStimulus: autoDraw = False
22.5299 	EXP 	firstChoiceLeftStimulus: autoDraw = False
22.5299 	EXP 	firstChoiceRightStimulus: autoDraw = False
22.5299 	EXP 	firstVisualStimulus: autoDraw = False
22.5299 	EXP 	firstChoiceLeftStimulus: autoDraw = False
22.5299 	EXP 	firstChoiceRightStimulus: autoDraw = False
22.5299 	EXP 	ISIVisualStimulus: autoDraw = True
22.5299 	EXP 	rightStimulus: autoDraw = True
22.5299 	EXP 	leftStimulus: autoDraw = True
23.5441 	EXP 	ISIVisualStimulus: autoDraw = False
23.5441 	EXP 	rightStimulus: autoDraw = False
23.5441 	EXP 	leftStimulus: autoDraw = False
23.5441 	EXP 	ISIVisualStimulus: autoDraw = False
23.5441 	EXP 	rightStimulus: autoDraw = False
23.5441 	EXP 	leftStimulus: autoDraw = False
23.5629 	EXP 	secondVisualStimulus: autoDraw = True
23.5629 	EXP 	secondChoiceLeftStimulus: autoDraw = True
23.5629 	EXP 	secondChoiceRightStimulus: autoDraw = True
23.8980 	EXP 	secondVisualStimulus: autoDraw = False
23.8980 	EXP 	secondChoiceLeftStimulus: autoDraw = False
23.8980 	EXP 	secondChoiceRightStimulus: autoDraw = False
23.8980 	EXP 	secondVisualStimulus: autoDraw = False
23.8980 	EXP 	secondChoiceLeftStimulus: autoDraw = False
23.8980 	EXP 	secondChoiceRightStimulus: autoDraw = False
23.8980 	EXP 	decisionTextProbe: autoDraw = True
24.1209 	DATA 	Keypress: 2
24.1312 	EXP 	decisionTextProbe: autoDraw = False
24.1312 	EXP 	feedbackText: text = 'Correct'
24.1312 	EXP 	feedbackText: autoDraw = True
25.1325 	EXP 	feedbackText: autoDraw = False
25.1325 	EXP 	feedbackText: autoDraw = False
25.1325 	EXP 	text: autoDraw = True
26.1457 	EXP 	text: autoDraw = False
26.1457 	EXP 	text: autoDraw = False
26.1656 	EXP 	firstVisualStimulus: autoDraw = True
26.1656 	EXP 	firstChoiceLeftStimulus: autoDraw = True
26.1656 	EXP 	firstChoiceRightStimulus: autoDraw = True
26.5007 	EXP 	firstVisualStimulus: autoDraw = False
26.5007 	EXP 	firstChoiceLeftStimulus: autoDraw = False
26.5007 	EXP 	firstChoiceRightStimulus: autoDraw = False
26.5007 	EXP 	firstVisualStimulus: autoDraw = False
26.5007 	EXP 	firstChoiceLeftStimulus: autoDraw = False
26.5007 	EXP 	firstChoiceRightStimulus: autoDraw = False
26.5007 	EXP 	ISIVisualStimulus: autoDraw = True
26.5007 	EXP 	rightStimulus: autoDraw = True
26.5007 	EXP 	leftStimulus: autoDraw = True
27.5134 	EXP 	ISIVisualStimulus: autoDraw = False
27.5134 	EXP 	rightStimulus: autoDraw = False
27.5134 	EXP 	leftStimulus: autoDraw = False
27.5134 	EXP 	ISIVisualStimulus: autoDraw = False
27.5134 	EXP 	rightStimulus: autoDraw = False
27.5134 	EXP 	leftStimulus: autoDraw = False
27.5338 	EXP 	secondVisualStimulus: autoDraw = True
27.5338 	EXP 	secondChoiceLeftStimulus: autoDraw = True
27.5338 	EXP 	secondChoiceRightStimulus: autoDraw = True
27.8684 	EXP 	secondVisualStimulus: autoDraw = False
27.8684 	EXP 	secondChoiceLeftStimulus: autoDraw = False
27.8684 	EXP 	secondChoiceRightStimulus: autoDraw = False
27.8684 	EXP 	secondVisualStimulus: autoDraw = False
27.8684 	EXP 	secondChoiceLeftStimulus: autoDraw = False
27.8684 	EXP 	secondChoiceRightStimulus: autoDraw = False
27.8684 	EXP 	decisionTextProbe: autoDraw = True
28.0912 	DATA 	Keypress: 2
28.1021 	EXP 	decisionTextProbe: autoDraw = False
28.1021 	EXP 	feedbackText: text = 'Correct'
28.1021 	EXP 	feedbackText: autoDraw = True
29.1031 	EXP 	feedbackText: autoDraw = False
29.1031 	EXP 	feedbackText: autoDraw = False
29.1031 	EXP 	text: autoDraw = True
30.1168 	EXP 	text: autoDraw = False
30.1168 	EXP 	text: autoDraw = False
30.1362 	EXP 	firstVisualStimulus: autoDraw = True
30.1362 	EXP 	firstChoiceLeftStimulus: autoDraw = True
30.1362 	EXP 	firstChoiceRightStimulus: autoDraw = True
30.4713 	EXP 	firstVisualStimulus: autoDraw = False
30.4713 	EXP 	firstChoiceLeftStimulus: autoDraw = False
30.4713 	EXP 	firstChoiceRightStimulus: autoDraw = False
30.4713 	EXP 	firstVisualStimulus: autoDraw = False
30.4713 	EXP 	firstChoiceLeftStimulus: autoDraw = False
30.4713 	EXP 	firstChoiceRightStimulus: autoDraw = False
30.4713 	EXP 	ISIVisualStimulus: autoDraw = True
30.4713 	EXP 	rightStimulus: autoDraw = True
30.4713 	EXP 	leftStimulus: autoDraw = True
31.4836 	EXP 	ISIVisualStimulus: autoDraw = False
31.4836 	EXP 	rightStimulus: autoDraw = False
31.4836 	EXP 	leftStimulus: autoDraw = False
31.4836 	EXP 	ISIVisualStimulus: autoDraw = False
31.4836 	EXP 	rightStimulus: autoDraw = False
31.4836 	EXP 	leftStimulus: autoDraw = False
31.5043 	EXP 	secondVisualStimulus: autoDraw = True
31.5043 	EXP 	secondChoiceLeftStimulus: autoDraw = True
31.5043 	EXP 	secondChoiceRightStimulus: autoDraw = True
31.8390 	EXP 	secondVisualStimulus: autoDraw = False
31.8390 	EXP 	secondChoiceLeftStimulus: autoDraw = False
31.8390 	EXP 	secondChoiceRightStimulus: autoDraw = False
31.8390 	EXP 	secondVisualStimulus: autoDraw = False
31.8390 	EXP 	secondChoiceLeftStimulus: autoDraw = False
31.8390 	EXP 	secondChoiceRightStimulus: autoDraw = False
31.8390 	EXP 	decisionTextProbe: autoDraw = True
32.0626 	DATA 	Keypress: 1
32.0727 	EXP 	decisionTextProbe: autoDraw = False
32.0727 	EXP 	feedbackText: text = 'Correct'
32.0727 	EXP 	feedbackText: autoDraw = True
33.0737 	EXP 	feedbackText: autoDraw = False
33.0737 	EXP 	feedbackText: autoDraw = False
33.0737 	EXP 	text: autoDraw = True
34.0909 	EXP 	text: autoDraw = False
34.0909 	EXP 	text: autoDraw = False
34.1078 	EXP 	firstVisualStimulus: autoDraw = True
34.1078 	EXP 	firstChoiceLeftStimulus: autoDraw = True
34.1078 	EXP 	firstChoiceRightStimulus: autoDraw = True
34.4418 	EXP 	firstVisualStimulus: autoDraw = False
34.4418 	EXP 	firstChoiceLeftStimulus: autoDraw = False
34.4418 	EXP 	firstChoiceRightStimulus: autoDraw = False
34.4418 	EXP 	firstVisualStimulus: autoDraw = False
34.4418 	EXP 	firstChoiceLeftStimulus: autoDraw = False
34.4418 	EXP 	firstChoiceRightStimulus: autoDraw = False
34.4418 	EXP 	ISIVisualStimulus: autoDraw = True
34.4418 	EXP 	rightStimulus: autoDraw = True
34.4418 	EXP 	leftStimulus: autoDraw = True
35.4556 	EXP 	ISIVisualStimulus: autoDraw = False
35.4556 	EXP 	rightStimulus: autoDraw = False
35.4556 	EXP 	leftStimulus: autoDraw = False
35.4556 	EXP 	ISIVisualStimulus: autoDraw = False
35.4556 	EXP 	rightStimulus: autoDraw = False
35.4556 	EXP 	leftStimulus: autoDraw = False
35.4747 	EXP 	secondVisualStimulus: autoDraw = True
35.4747 	EXP 	secondChoiceLeftStimulus: autoDraw = True
35.4747 	EXP 	secondChoiceRightStimulus: autoDraw = True
35.8097 	EXP 	secondVisualStimulus: autoDraw = False
35.8097 	EXP 	secondChoiceLeftStimulus: autoDraw = False
35.8097 	EXP 	secondChoiceRightStimulus: autoDraw = False
35.8097 	EXP 	secondVisualStimulus: autoDraw = False
35.8097 	EXP 	secondChoiceLeftStimulus: autoDraw = False
35.8097 	EXP 	secondChoiceRightStimulus: autoDraw = False
35.8097 	EXP 	decisionTextProbe: autoDraw = True
36.0469 	DATA 	Keypress: 1
36.0768 	EXP 	decisionTextProbe: autoDraw = False
36.0768 	EXP 	feedbackText: text = 'Correct'
36.0768 	EXP 	feedbackText: autoDraw = True
37.0777 	EXP 	feedbackText: autoDraw = False
37.0777 	EXP 	feedbackText: autoDraw = False
37.0777 	EXP 	text: autoDraw = True
38.0917 	EXP 	text: autoDraw = False
38.0917 	EXP 	text: autoDraw = False
38.1108 	EXP 	firstVisualStimulus: autoDraw = True
38.1108 	EXP 	firstChoiceLeftStimulus: autoDraw = True
38.1108 	EXP 	firstChoiceRightStimulus: autoDraw = True
38.4457 	EXP 	firstVisualStimulus: autoDraw = False
38.4457 	EXP 	firstChoiceLeftStimulus: autoDraw = False
38.4457 	EXP 	firstChoiceRightStimulus: autoDraw = False
38.4457 	EXP 	firstVisualStimulus: autoDraw = False
38.4457 	EXP 	firstChoiceLeftStimulus: autoDraw = False
38.4457 	EXP 	firstChoiceRightStimulus: autoDraw = False
38.4457 	EXP 	ISIVisualStimulus: autoDraw = True
38.4457 	EXP 	rightStimulus: autoDraw = True
38.4457 	EXP 	leftStimulus: autoDraw = True
39.4588 	EXP 	ISIVisualStimulus: autoDraw = False
39.4588 	EXP 	rightStimulus: autoDraw = False
39.4588 	EXP 	leftStimulus: autoDraw = False
39.4588 	EXP 	ISIVisualStimulus: autoDraw = False
39.4588 	EXP 	rightStimulus: autoDraw = False
39.4588 	EXP 	leftStimulus: autoDraw = False
39.4789 	EXP 	secondVisualStimulus: autoDraw = True
39.4789 	EXP 	secondChoiceLeftStimulus: autoDraw = True
39.4789 	EXP 	secondChoiceRightStimulus: autoDraw = True
39.8135 	EXP 	secondVisualStimulus: autoDraw = False
39.8135 	EXP 	secondChoiceLeftStimulus: autoDraw = False
39.8135 	EXP 	secondChoiceRightStimulus: autoDraw = False
39.8135 	EXP 	secondVisualStimulus: autoDraw = False
39.8135 	EXP 	secondChoiceLeftStimulus: autoDraw = False
39.8135 	EXP 	secondChoiceRightStimulus: autoDraw = False
39.8135 	EXP 	decisionTextProbe: autoDraw = True
41.2415 	DATA 	Keypress: 1
41.2484 	EXP 	decisionTextProbe: autoDraw = False
41.2484 	EXP 	feedbackText: text = 'Incorrect'
41.2484 	EXP 	feedbackText: autoDraw = True
42.2495 	EXP 	feedbackText: autoDraw = False
42.2495 	EXP 	feedbackText: autoDraw = False
42.2495 	EXP 	text: autoDraw = True
43.2628 	EXP 	text: autoDraw = False
43.2628 	EXP 	text: autoDraw = False
43.2825 	EXP 	firstVisualStimulus: autoDraw = True
43.2825 	EXP 	firstChoiceLeftStimulus: autoDraw = True
43.2825 	EXP 	firstChoiceRightStimulus: autoDraw = True
43.6174 	EXP 	firstVisualStimulus: autoDraw = False
43.6174 	EXP 	firstChoiceLeftStimulus: autoDraw = False
43.6174 	EXP 	firstChoiceRightStimulus: autoDraw = False
43.6174 	EXP 	firstVisualStimulus: autoDraw = False
43.6174 	EXP 	firstChoiceLeftStimulus: autoDraw = False
43.6174 	EXP 	firstChoiceRightStimulus: autoDraw = False
43.6174 	EXP 	ISIVisualStimulus: autoDraw = True
43.6174 	EXP 	rightStimulus: autoDraw = True
43.6174 	EXP 	leftStimulus: autoDraw = True
44.6306 	EXP 	ISIVisualStimulus: autoDraw = False
44.6306 	EXP 	rightStimulus: autoDraw = False
44.6306 	EXP 	leftStimulus: autoDraw = False
44.6306 	EXP 	ISIVisualStimulus: autoDraw = False
44.6306 	EXP 	rightStimulus: autoDraw = False
44.6306 	EXP 	leftStimulus: autoDraw = False
44.6306 	EXP 	secondVisualStimulus: autoDraw = True
44.6306 	EXP 	secondChoiceLeftStimulus: autoDraw = True
44.6306 	EXP 	secondChoiceRightStimulus: autoDraw = True
44.9520 	EXP 	secondVisualStimulus: autoDraw = False
44.9520 	EXP 	secondChoiceLeftStimulus: autoDraw = False
44.9520 	EXP 	secondChoiceRightStimulus: autoDraw = False
44.9689 	EXP 	secondVisualStimulus: autoDraw = False
44.9689 	EXP 	secondChoiceLeftStimulus: autoDraw = False
44.9689 	EXP 	secondChoiceRightStimulus: autoDraw = False
44.9689 	EXP 	decisionTextProbe: autoDraw = True
45.2284 	DATA 	Keypress: 1
45.2356 	EXP 	decisionTextProbe: autoDraw = False
45.2356 	EXP 	feedbackText: text = 'Correct'
45.2356 	EXP 	feedbackText: autoDraw = True
46.2367 	EXP 	feedbackText: autoDraw = False
46.2367 	EXP 	feedbackText: autoDraw = False
46.2367 	EXP 	text: autoDraw = True
47.2501 	EXP 	text: autoDraw = False
47.2501 	EXP 	text: autoDraw = False
47.2501 	EXP 	firstVisualStimulus: autoDraw = True
47.2501 	EXP 	firstChoiceLeftStimulus: autoDraw = True
47.2501 	EXP 	firstChoiceRightStimulus: autoDraw = True
47.5716 	EXP 	firstVisualStimulus: autoDraw = False
47.5716 	EXP 	firstChoiceLeftStimulus: autoDraw = False
47.5716 	EXP 	firstChoiceRightStimulus: autoDraw = False
47.5881 	EXP 	firstVisualStimulus: autoDraw = False
47.5881 	EXP 	firstChoiceLeftStimulus: autoDraw = False
47.5881 	EXP 	firstChoiceRightStimulus: autoDraw = False
47.5881 	EXP 	ISIVisualStimulus: autoDraw = True
47.5881 	EXP 	rightStimulus: autoDraw = True
47.5881 	EXP 	leftStimulus: autoDraw = True
48.6014 	EXP 	ISIVisualStimulus: autoDraw = False
48.6014 	EXP 	rightStimulus: autoDraw = False
48.6014 	EXP 	leftStimulus: autoDraw = False
48.6014 	EXP 	ISIVisualStimulus: autoDraw = False
48.6014 	EXP 	rightStimulus: autoDraw = False
48.6014 	EXP 	leftStimulus: autoDraw = False
48.6212 	EXP 	secondVisualStimulus: autoDraw = True
48.6212 	EXP 	secondChoiceLeftStimulus: autoDraw = True
48.6212 	EXP 	secondChoiceRightStimulus: autoDraw = True
48.9561 	EXP 	secondVisualStimulus: autoDraw = False
48.9561 	EXP 	secondChoiceLeftStimulus: autoDraw = False
48.9561 	EXP 	secondChoiceRightStimulus: autoDraw = False
48.9561 	EXP 	secondVisualStimulus: autoDraw = False
48.9561 	EXP 	secondChoiceLeftStimulus: autoDraw = False
48.9561 	EXP 	secondChoiceRightStimulus: autoDraw = False
48.9561 	EXP 	decisionTextProbe: autoDraw = True
49.3466 	DATA 	Keypress: 1
49.3566 	EXP 	decisionTextProbe: autoDraw = False
49.3566 	EXP 	feedbackText: text = 'Correct'
49.3566 	EXP 	feedbackText: autoDraw = True
50.3576 	EXP 	feedbackText: autoDraw = False
50.3576 	EXP 	feedbackText: autoDraw = False
50.3576 	EXP 	text: autoDraw = True
51.3701 	EXP 	text: autoDraw = False
51.3701 	EXP 	text: autoDraw = False
51.3701 	EXP 	firstVisualStimulus: autoDraw = True
51.3701 	EXP 	firstChoiceLeftStimulus: autoDraw = True
51.3701 	EXP 	firstChoiceRightStimulus: autoDraw = True
51.6924 	EXP 	firstVisualStimulus: autoDraw = False
51.6924 	EXP 	firstChoiceLeftStimulus: autoDraw = False
51.6924 	EXP 	firstChoiceRightStimulus: autoDraw = False
51.7089 	EXP 	firstVisualStimulus: autoDraw = False
51.7089 	EXP 	firstChoiceLeftStimulus: autoDraw = False
51.7089 	EXP 	firstChoiceRightStimulus: autoDraw = False
51.7089 	EXP 	ISIVisualStimulus: autoDraw = True
51.7089 	EXP 	rightStimulus: autoDraw = True
51.7089 	EXP 	leftStimulus: autoDraw = True
52.7224 	EXP 	ISIVisualStimulus: autoDraw = False
52.7224 	EXP 	rightStimulus: autoDraw = False
52.7224 	EXP 	leftStimulus: autoDraw = False
52.7224 	EXP 	ISIVisualStimulus: autoDraw = False
52.7224 	EXP 	rightStimulus: autoDraw = False
52.7224 	EXP 	leftStimulus: autoDraw = False
52.7421 	EXP 	secondVisualStimulus: autoDraw = True
52.7421 	EXP 	secondChoiceLeftStimulus: autoDraw = True
52.7421 	EXP 	secondChoiceRightStimulus: autoDraw = True
53.0770 	EXP 	secondVisualStimulus: autoDraw = False
53.0770 	EXP 	secondChoiceLeftStimulus: autoDraw = False
53.0770 	EXP 	secondChoiceRightStimulus: autoDraw = False
53.0770 	EXP 	secondVisualStimulus: autoDraw = False
53.0770 	EXP 	secondChoiceLeftStimulus: autoDraw = False
53.0770 	EXP 	secondChoiceRightStimulus: autoDraw = False
53.0770 	EXP 	decisionTextProbe: autoDraw = True
53.3834 	DATA 	Keypress: 2
53.3939 	EXP 	decisionTextProbe: autoDraw = False
53.3939 	EXP 	feedbackText: text = 'Correct'
53.3939 	EXP 	feedbackText: autoDraw = True
54.3951 	EXP 	feedbackText: autoDraw = False
54.3951 	EXP 	feedbackText: autoDraw = False
54.3951 	EXP 	text: autoDraw = True
55.4087 	EXP 	text: autoDraw = False
55.4087 	EXP 	text: autoDraw = False
55.4087 	EXP 	firstVisualStimulus: autoDraw = True
55.4087 	EXP 	firstChoiceLeftStimulus: autoDraw = True
55.4087 	EXP 	firstChoiceRightStimulus: autoDraw = True
55.7297 	EXP 	firstVisualStimulus: autoDraw = False
55.7297 	EXP 	firstChoiceLeftStimulus: autoDraw = False
55.7297 	EXP 	firstChoiceRightStimulus: autoDraw = False
55.7464 	EXP 	firstVisualStimulus: autoDraw = False
55.7464 	EXP 	firstChoiceLeftStimulus: autoDraw = False
55.7464 	EXP 	firstChoiceRightStimulus: autoDraw = False
55.7464 	EXP 	ISIVisualStimulus: autoDraw = True
55.7464 	EXP 	rightStimulus: autoDraw = True
55.7464 	EXP 	leftStimulus: autoDraw = True
56.7597 	EXP 	ISIVisualStimulus: autoDraw = False
56.7597 	EXP 	rightStimulus: autoDraw = False
56.7597 	EXP 	leftStimulus: autoDraw = False
56.7597 	EXP 	ISIVisualStimulus: autoDraw = False
56.7597 	EXP 	rightStimulus: autoDraw = False
56.7597 	EXP 	leftStimulus: autoDraw = False
56.7597 	EXP 	secondVisualStimulus: autoDraw = True
56.7597 	EXP 	secondChoiceLeftStimulus: autoDraw = True
56.7597 	EXP 	secondChoiceRightStimulus: autoDraw = True
57.0810 	EXP 	secondVisualStimulus: autoDraw = False
57.0810 	EXP 	secondChoiceLeftStimulus: autoDraw = False
57.0810 	EXP 	secondChoiceRightStimulus: autoDraw = False
57.0977 	EXP 	secondVisualStimulus: autoDraw = False
57.0977 	EXP 	secondChoiceLeftStimulus: autoDraw = False
57.0977 	EXP 	secondChoiceRightStimulus: autoDraw = False
57.0977 	EXP 	decisionTextProbe: autoDraw = True
57.3367 	DATA 	Keypress: 1
57.3476 	EXP 	decisionTextProbe: autoDraw = False
57.3476 	EXP 	feedbackText: text = 'Correct'
57.3476 	EXP 	feedbackText: autoDraw = True
58.3489 	EXP 	feedbackText: autoDraw = False
58.3489 	EXP 	feedbackText: autoDraw = False
58.3489 	EXP 	text: autoDraw = True
59.3628 	EXP 	text: autoDraw = False
59.3628 	EXP 	text: autoDraw = False
59.3628 	EXP 	firstVisualStimulus: autoDraw = True
59.3628 	EXP 	firstChoiceLeftStimulus: autoDraw = True
59.3628 	EXP 	firstChoiceRightStimulus: autoDraw = True
59.6834 	EXP 	firstVisualStimulus: autoDraw = False
59.6834 	EXP 	firstChoiceLeftStimulus: autoDraw = False
59.6834 	EXP 	firstChoiceRightStimulus: autoDraw = False
59.7002 	EXP 	firstVisualStimulus: autoDraw = False
59.7002 	EXP 	firstChoiceLeftStimulus: autoDraw = False
59.7002 	EXP 	firstChoiceRightStimulus: autoDraw = False
59.7002 	EXP 	ISIVisualStimulus: autoDraw = True
59.7002 	EXP 	rightStimulus: autoDraw = True
59.7002 	EXP 	leftStimulus: autoDraw = True
60.7135 	EXP 	ISIVisualStimulus: autoDraw = False
60.7135 	EXP 	rightStimulus: autoDraw = False
60.7135 	EXP 	leftStimulus: autoDraw = False
60.7135 	EXP 	ISIVisualStimulus: autoDraw = False
60.7135 	EXP 	rightStimulus: autoDraw = False
60.7135 	EXP 	leftStimulus: autoDraw = False
60.7336 	EXP 	secondVisualStimulus: autoDraw = True
60.7336 	EXP 	secondChoiceLeftStimulus: autoDraw = True
60.7336 	EXP 	secondChoiceRightStimulus: autoDraw = True
61.0684 	EXP 	secondVisualStimulus: autoDraw = False
61.0684 	EXP 	secondChoiceLeftStimulus: autoDraw = False
61.0684 	EXP 	secondChoiceRightStimulus: autoDraw = False
61.0684 	EXP 	secondVisualStimulus: autoDraw = False
61.0684 	EXP 	secondChoiceLeftStimulus: autoDraw = False
61.0684 	EXP 	secondChoiceRightStimulus: autoDraw = False
61.0684 	EXP 	decisionTextProbe: autoDraw = True
61.3254 	DATA 	Keypress: 1
61.3351 	EXP 	decisionTextProbe: autoDraw = False
61.3351 	EXP 	feedbackText: text = 'Correct'
61.3351 	EXP 	feedbackText: autoDraw = True
62.3365 	EXP 	feedbackText: autoDraw = False
62.3365 	EXP 	feedbackText: autoDraw = False
62.3365 	EXP 	text: autoDraw = True
63.3495 	EXP 	text: autoDraw = False
63.3495 	EXP 	text: autoDraw = False
63.3696 	EXP 	firstVisualStimulus: autoDraw = True
63.3696 	EXP 	firstChoiceLeftStimulus: autoDraw = True
63.3696 	EXP 	firstChoiceRightStimulus: autoDraw = True
63.7041 	EXP 	firstVisualStimulus: autoDraw = False
63.7041 	EXP 	firstChoiceLeftStimulus: autoDraw = False
63.7041 	EXP 	firstChoiceRightStimulus: autoDraw = False
63.7041 	EXP 	firstVisualStimulus: autoDraw = False
63.7041 	EXP 	firstChoiceLeftStimulus: autoDraw = False
63.7041 	EXP 	firstChoiceRightStimulus: autoDraw = False
63.7041 	EXP 	ISIVisualStimulus: autoDraw = True
63.7041 	EXP 	rightStimulus: autoDraw = True
63.7041 	EXP 	leftStimulus: autoDraw = True
64.7172 	EXP 	ISIVisualStimulus: autoDraw = False
64.7172 	EXP 	rightStimulus: autoDraw = False
64.7172 	EXP 	leftStimulus: autoDraw = False
64.7172 	EXP 	ISIVisualStimulus: autoDraw = False
64.7172 	EXP 	rightStimulus: autoDraw = False
64.7172 	EXP 	leftStimulus: autoDraw = False
64.7172 	EXP 	secondVisualStimulus: autoDraw = True
64.7172 	EXP 	secondChoiceLeftStimulus: autoDraw = True
64.7172 	EXP 	secondChoiceRightStimulus: autoDraw = True
65.0388 	EXP 	secondVisualStimulus: autoDraw = False
65.0388 	EXP 	secondChoiceLeftStimulus: autoDraw = False
65.0388 	EXP 	secondChoiceRightStimulus: autoDraw = False
65.0557 	EXP 	secondVisualStimulus: autoDraw = False
65.0557 	EXP 	secondChoiceLeftStimulus: autoDraw = False
65.0557 	EXP 	secondChoiceRightStimulus: autoDraw = False
65.0557 	EXP 	decisionTextProbe: autoDraw = True
65.2454 	DATA 	Keypress: 1
65.2557 	EXP 	decisionTextProbe: autoDraw = False
65.2557 	EXP 	feedbackText: text = 'Correct'
65.2557 	EXP 	feedbackText: autoDraw = True
66.2568 	EXP 	feedbackText: autoDraw = False
66.2568 	EXP 	feedbackText: autoDraw = False
66.2568 	EXP 	text: autoDraw = True
67.2694 	EXP 	text: autoDraw = False
67.2694 	EXP 	text: autoDraw = False
67.2694 	EXP 	firstVisualStimulus: autoDraw = True
67.2694 	EXP 	firstChoiceLeftStimulus: autoDraw = True
67.2694 	EXP 	firstChoiceRightStimulus: autoDraw = True
67.5913 	EXP 	firstVisualStimulus: autoDraw = False
67.5913 	EXP 	firstChoiceLeftStimulus: autoDraw = False
67.5913 	EXP 	firstChoiceRightStimulus: autoDraw = False
67.6079 	EXP 	firstVisualStimulus: autoDraw = False
67.6079 	EXP 	firstChoiceLeftStimulus: autoDraw = False
67.6079 	EXP 	firstChoiceRightStimulus: autoDraw = False
67.6079 	EXP 	ISIVisualStimulus: autoDraw = True
67.6079 	EXP 	rightStimulus: autoDraw = True
67.6079 	EXP 	leftStimulus: autoDraw = True
68.6218 	EXP 	ISIVisualStimulus: autoDraw = False
68.6218 	EXP 	rightStimulus: autoDraw = False
68.6218 	EXP 	leftStimulus: autoDraw = False
68.6218 	EXP 	ISIVisualStimulus: autoDraw = False
68.6218 	EXP 	rightStimulus: autoDraw = False
68.6218 	EXP 	leftStimulus: autoDraw = False
68.6414 	EXP 	secondVisualStimulus: autoDraw = True
68.6414 	EXP 	secondChoiceLeftStimulus: autoDraw = True
68.6414 	EXP 	secondChoiceRightStimulus: autoDraw = True
68.9761 	EXP 	secondVisualStimulus: autoDraw = False
68.9761 	EXP 	secondChoiceLeftStimulus: autoDraw = False
68.9761 	EXP 	secondChoiceRightStimulus: autoDraw = False
68.9761 	EXP 	secondVisualStimulus: autoDraw = False
68.9761 	EXP 	secondChoiceLeftStimulus: autoDraw = False
68.9761 	EXP 	secondChoiceRightStimulus: autoDraw = False
68.9761 	EXP 	decisionTextProbe: autoDraw = True
69.2134 	DATA 	Keypress: 1
69.2431 	EXP 	decisionTextProbe: autoDraw = False
69.2431 	EXP 	feedbackText: text = 'Correct'
69.2431 	EXP 	feedbackText: autoDraw = True
70.2442 	EXP 	feedbackText: autoDraw = False
70.2442 	EXP 	feedbackText: autoDraw = False
70.2442 	EXP 	text: autoDraw = True
71.2586 	EXP 	text: autoDraw = False
71.2586 	EXP 	text: autoDraw = False
71.2774 	EXP 	firstVisualStimulus: autoDraw = True
71.2774 	EXP 	firstChoiceLeftStimulus: autoDraw = True
71.2774 	EXP 	firstChoiceRightStimulus: autoDraw = True
71.6119 	EXP 	firstVisualStimulus: autoDraw = False
71.6119 	EXP 	firstChoiceLeftStimulus: autoDraw = False
71.6119 	EXP 	firstChoiceRightStimulus: autoDraw = False
71.6119 	EXP 	firstVisualStimulus: autoDraw = False
71.6119 	EXP 	firstChoiceLeftStimulus: autoDraw = False
71.6119 	EXP 	firstChoiceRightStimulus: autoDraw = False
71.6119 	EXP 	ISIVisualStimulus: autoDraw = True
71.6119 	EXP 	rightStimulus: autoDraw = True
71.6119 	EXP 	leftStimulus: autoDraw = True
72.6264 	EXP 	ISIVisualStimulus: autoDraw = False
72.6264 	EXP 	rightStimulus: autoDraw = False
72.6264 	EXP 	leftStimulus: autoDraw = False
72.6264 	EXP 	ISIVisualStimulus: autoDraw = False
72.6264 	EXP 	rightStimulus: autoDraw = False
72.6264 	EXP 	leftStimulus: autoDraw = False
72.6452 	EXP 	secondVisualStimulus: autoDraw = True
72.6452 	EXP 	secondChoiceLeftStimulus: autoDraw = True
72.6452 	EXP 	secondChoiceRightStimulus: autoDraw = True
72.9800 	EXP 	secondVisualStimulus: autoDraw = False
72.9800 	EXP 	secondChoiceLeftStimulus: autoDraw = False
72.9800 	EXP 	secondChoiceRightStimulus: autoDraw = False
72.9800 	EXP 	secondVisualStimulus: autoDraw = False
72.9800 	EXP 	secondChoiceLeftStimulus: autoDraw = False
72.9800 	EXP 	secondChoiceRightStimulus: autoDraw = False
72.9800 	EXP 	decisionTextProbe: autoDraw = True
73.2708 	DATA 	Keypress: 2
73.2806 	EXP 	decisionTextProbe: autoDraw = False
73.2806 	EXP 	feedbackText: text = 'Correct'
73.2806 	EXP 	feedbackText: autoDraw = True
74.2812 	EXP 	feedbackText: autoDraw = False
74.2812 	EXP 	feedbackText: autoDraw = False
74.2812 	EXP 	text: autoDraw = True
75.2954 	EXP 	text: autoDraw = False
75.2954 	EXP 	text: autoDraw = False
75.3146 	EXP 	firstVisualStimulus: autoDraw = True
75.3146 	EXP 	firstChoiceLeftStimulus: autoDraw = True
75.3146 	EXP 	firstChoiceRightStimulus: autoDraw = True
75.6494 	EXP 	firstVisualStimulus: autoDraw = False
75.6494 	EXP 	firstChoiceLeftStimulus: autoDraw = False
75.6494 	EXP 	firstChoiceRightStimulus: autoDraw = False
75.6494 	EXP 	firstVisualStimulus: autoDraw = False
75.6494 	EXP 	firstChoiceLeftStimulus: autoDraw = False
75.6494 	EXP 	firstChoiceRightStimulus: autoDraw = False
75.6494 	EXP 	ISIVisualStimulus: autoDraw = True
75.6494 	EXP 	rightStimulus: autoDraw = True
75.6494 	EXP 	leftStimulus: autoDraw = True
76.6633 	EXP 	ISIVisualStimulus: autoDraw = False
76.6633 	EXP 	rightStimulus: autoDraw = False
76.6633 	EXP 	leftStimulus: autoDraw = False
76.6633 	EXP 	ISIVisualStimulus: autoDraw = False
76.6633 	EXP 	rightStimulus: autoDraw = False
76.6633 	EXP 	leftStimulus: autoDraw = False
76.6827 	EXP 	secondVisualStimulus: autoDraw = True
76.6827 	EXP 	secondChoiceLeftStimulus: autoDraw = True
76.6827 	EXP 	secondChoiceRightStimulus: autoDraw = True
77.0175 	EXP 	secondVisualStimulus: autoDraw = False
77.0175 	EXP 	secondChoiceLeftStimulus: autoDraw = False
77.0175 	EXP 	secondChoiceRightStimulus: autoDraw = False
77.0175 	EXP 	secondVisualStimulus: autoDraw = False
77.0175 	EXP 	secondChoiceLeftStimulus: autoDraw = False
77.0175 	EXP 	secondChoiceRightStimulus: autoDraw = False
77.0175 	EXP 	decisionTextProbe: autoDraw = True
77.2230 	DATA 	Keypress: 2
77.2344 	EXP 	decisionTextProbe: autoDraw = False
77.2344 	EXP 	feedbackText: text = 'Correct'
77.2344 	EXP 	feedbackText: autoDraw = True
78.2354 	EXP 	feedbackText: autoDraw = False
78.2354 	EXP 	feedbackText: autoDraw = False
78.2354 	EXP 	text: autoDraw = True
79.2492 	EXP 	text: autoDraw = False
79.2492 	EXP 	text: autoDraw = False
79.2684 	EXP 	firstVisualStimulus: autoDraw = True
79.2684 	EXP 	firstChoiceLeftStimulus: autoDraw = True
79.2684 	EXP 	firstChoiceRightStimulus: autoDraw = True
79.6034 	EXP 	firstVisualStimulus: autoDraw = False
79.6034 	EXP 	firstChoiceLeftStimulus: autoDraw = False
79.6034 	EXP 	firstChoiceRightStimulus: autoDraw = False
79.6034 	EXP 	firstVisualStimulus: autoDraw = False
79.6034 	EXP 	firstChoiceLeftStimulus: autoDraw = False
79.6034 	EXP 	firstChoiceRightStimulus: autoDraw = False
79.6034 	EXP 	ISIVisualStimulus: autoDraw = True
79.6034 	EXP 	rightStimulus: autoDraw = True
79.6034 	EXP 	leftStimulus: autoDraw = True
80.6168 	EXP 	ISIVisualStimulus: autoDraw = False
80.6168 	EXP 	rightStimulus: autoDraw = False
80.6168 	EXP 	leftStimulus: autoDraw = False
80.6168 	EXP 	ISIVisualStimulus: autoDraw = False
80.6168 	EXP 	rightStimulus: autoDraw = False
80.6168 	EXP 	leftStimulus: autoDraw = False
80.6367 	EXP 	secondVisualStimulus: autoDraw = True
80.6367 	EXP 	secondChoiceLeftStimulus: autoDraw = True
80.6367 	EXP 	secondChoiceRightStimulus: autoDraw = True
80.9713 	EXP 	secondVisualStimulus: autoDraw = False
80.9713 	EXP 	secondChoiceLeftStimulus: autoDraw = False
80.9713 	EXP 	secondChoiceRightStimulus: autoDraw = False
80.9713 	EXP 	secondVisualStimulus: autoDraw = False
80.9713 	EXP 	secondChoiceLeftStimulus: autoDraw = False
80.9713 	EXP 	secondChoiceRightStimulus: autoDraw = False
80.9713 	EXP 	decisionTextProbe: autoDraw = True
81.2273 	DATA 	Keypress: 2
81.2385 	EXP 	decisionTextProbe: autoDraw = False
81.2385 	EXP 	feedbackText: text = 'Correct'
81.2385 	EXP 	feedbackText: autoDraw = True
82.2396 	EXP 	feedbackText: autoDraw = False
82.2396 	EXP 	feedbackText: autoDraw = False
82.2396 	EXP 	text: autoDraw = True
83.2539 	EXP 	text: autoDraw = False
83.2539 	EXP 	text: autoDraw = False
83.2726 	EXP 	firstVisualStimulus: autoDraw = True
83.2726 	EXP 	firstChoiceLeftStimulus: autoDraw = True
83.2726 	EXP 	firstChoiceRightStimulus: autoDraw = True
83.6076 	EXP 	firstVisualStimulus: autoDraw = False
83.6076 	EXP 	firstChoiceLeftStimulus: autoDraw = False
83.6076 	EXP 	firstChoiceRightStimulus: autoDraw = False
83.6076 	EXP 	firstVisualStimulus: autoDraw = False
83.6076 	EXP 	firstChoiceLeftStimulus: autoDraw = False
83.6076 	EXP 	firstChoiceRightStimulus: autoDraw = False
83.6076 	EXP 	ISIVisualStimulus: autoDraw = True
83.6076 	EXP 	rightStimulus: autoDraw = True
83.6076 	EXP 	leftStimulus: autoDraw = True
84.6213 	EXP 	ISIVisualStimulus: autoDraw = False
84.6213 	EXP 	rightStimulus: autoDraw = False
84.6213 	EXP 	leftStimulus: autoDraw = False
84.6213 	EXP 	ISIVisualStimulus: autoDraw = False
84.6213 	EXP 	rightStimulus: autoDraw = False
84.6213 	EXP 	leftStimulus: autoDraw = False
84.6405 	EXP 	secondVisualStimulus: autoDraw = True
84.6405 	EXP 	secondChoiceLeftStimulus: autoDraw = True
84.6405 	EXP 	secondChoiceRightStimulus: autoDraw = True
84.9756 	EXP 	secondVisualStimulus: autoDraw = False
84.9756 	EXP 	secondChoiceLeftStimulus: autoDraw = False
84.9756 	EXP 	secondChoiceRightStimulus: autoDraw = False
84.9756 	EXP 	secondVisualStimulus: autoDraw = False
84.9756 	EXP 	secondChoiceLeftStimulus: autoDraw = False
84.9756 	EXP 	secondChoiceRightStimulus: autoDraw = False
84.9756 	EXP 	decisionTextProbe: autoDraw = True
85.1989 	DATA 	Keypress: 2
85.2091 	EXP 	decisionTextProbe: autoDraw = False
85.2091 	EXP 	feedbackText: text = 'Correct'
85.2091 	EXP 	feedbackText: autoDraw = True
86.2103 	EXP 	feedbackText: autoDraw = False
86.2103 	EXP 	feedbackText: autoDraw = False
86.2103 	EXP 	text: autoDraw = True
87.2244 	EXP 	text: autoDraw = False
87.2244 	EXP 	text: autoDraw = False
87.2433 	EXP 	firstVisualStimulus: autoDraw = True
87.2433 	EXP 	firstChoiceLeftStimulus: autoDraw = True
87.2433 	EXP 	firstChoiceRightStimulus: autoDraw = True
87.5781 	EXP 	firstVisualStimulus: autoDraw = False
87.5781 	EXP 	firstChoiceLeftStimulus: autoDraw = False
87.5781 	EXP 	firstChoiceRightStimulus: autoDraw = False
87.5781 	EXP 	firstVisualStimulus: autoDraw = False
87.5781 	EXP 	firstChoiceLeftStimulus: autoDraw = False
87.5781 	EXP 	firstChoiceRightStimulus: autoDraw = False
87.5781 	EXP 	ISIVisualStimulus: autoDraw = True
87.5781 	EXP 	rightStimulus: autoDraw = True
87.5781 	EXP 	leftStimulus: autoDraw = True
88.5914 	EXP 	ISIVisualStimulus: autoDraw = False
88.5914 	EXP 	rightStimulus: autoDraw = False
88.5914 	EXP 	leftStimulus: autoDraw = False
88.5914 	EXP 	ISIVisualStimulus: autoDraw = False
88.5914 	EXP 	rightStimulus: autoDraw = False
88.5914 	EXP 	leftStimulus: autoDraw = False
88.6111 	EXP 	secondVisualStimulus: autoDraw = True
88.6111 	EXP 	secondChoiceLeftStimulus: autoDraw = True
88.6111 	EXP 	secondChoiceRightStimulus: autoDraw = True
88.9462 	EXP 	secondVisualStimulus: autoDraw = False
88.9462 	EXP 	secondChoiceLeftStimulus: autoDraw = False
88.9462 	EXP 	secondChoiceRightStimulus: autoDraw = False
88.9462 	EXP 	secondVisualStimulus: autoDraw = False
88.9462 	EXP 	secondChoiceLeftStimulus: autoDraw = False
88.9462 	EXP 	secondChoiceRightStimulus: autoDraw = False
88.9462 	EXP 	decisionTextProbe: autoDraw = True
89.1691 	DATA 	Keypress: 1
89.1795 	EXP 	decisionTextProbe: autoDraw = False
89.1795 	EXP 	feedbackText: text = 'Correct'
89.1795 	EXP 	feedbackText: autoDraw = True
90.1809 	EXP 	feedbackText: autoDraw = False
90.1809 	EXP 	feedbackText: autoDraw = False
90.1809 	EXP 	text: autoDraw = True
91.1943 	EXP 	text: autoDraw = False
91.1943 	EXP 	text: autoDraw = False
91.2140 	EXP 	firstVisualStimulus: autoDraw = True
91.2140 	EXP 	firstChoiceLeftStimulus: autoDraw = True
91.2140 	EXP 	firstChoiceRightStimulus: autoDraw = True
91.5487 	EXP 	firstVisualStimulus: autoDraw = False
91.5487 	EXP 	firstChoiceLeftStimulus: autoDraw = False
91.5487 	EXP 	firstChoiceRightStimulus: autoDraw = False
91.5487 	EXP 	firstVisualStimulus: autoDraw = False
91.5487 	EXP 	firstChoiceLeftStimulus: autoDraw = False
91.5487 	EXP 	firstChoiceRightStimulus: autoDraw = False
91.5487 	EXP 	ISIVisualStimulus: autoDraw = True
91.5487 	EXP 	rightStimulus: autoDraw = True
91.5487 	EXP 	leftStimulus: autoDraw = True
92.5618 	EXP 	ISIVisualStimulus: autoDraw = False
92.5618 	EXP 	rightStimulus: autoDraw = False
92.5618 	EXP 	leftStimulus: autoDraw = False
92.5618 	EXP 	ISIVisualStimulus: autoDraw = False
92.5618 	EXP 	rightStimulus: autoDraw = False
92.5618 	EXP 	leftStimulus: autoDraw = False
92.5818 	EXP 	secondVisualStimulus: autoDraw = True
92.5818 	EXP 	secondChoiceLeftStimulus: autoDraw = True
92.5818 	EXP 	secondChoiceRightStimulus: autoDraw = True
92.9172 	EXP 	secondVisualStimulus: autoDraw = False
92.9172 	EXP 	secondChoiceLeftStimulus: autoDraw = False
92.9172 	EXP 	secondChoiceRightStimulus: autoDraw = False
92.9172 	EXP 	secondVisualStimulus: autoDraw = False
92.9172 	EXP 	secondChoiceLeftStimulus: autoDraw = False
92.9172 	EXP 	secondChoiceRightStimulus: autoDraw = False
92.9172 	EXP 	decisionTextProbe: autoDraw = True
93.1229 	DATA 	Keypress: 2
93.1337 	EXP 	decisionTextProbe: autoDraw = False
93.1337 	EXP 	feedbackText: text = 'Correct'
93.1337 	EXP 	feedbackText: autoDraw = True
94.1346 	EXP 	feedbackText: autoDraw = False
94.1346 	EXP 	feedbackText: autoDraw = False
94.1346 	EXP 	text: autoDraw = True
95.1477 	EXP 	text: autoDraw = False
95.1477 	EXP 	text: autoDraw = False
95.1679 	EXP 	firstVisualStimulus: autoDraw = True
95.1679 	EXP 	firstChoiceLeftStimulus: autoDraw = True
95.1679 	EXP 	firstChoiceRightStimulus: autoDraw = True
95.5027 	EXP 	firstVisualStimulus: autoDraw = False
95.5027 	EXP 	firstChoiceLeftStimulus: autoDraw = False
95.5027 	EXP 	firstChoiceRightStimulus: autoDraw = False
95.5027 	EXP 	firstVisualStimulus: autoDraw = False
95.5027 	EXP 	firstChoiceLeftStimulus: autoDraw = False
95.5027 	EXP 	firstChoiceRightStimulus: autoDraw = False
95.5027 	EXP 	ISIVisualStimulus: autoDraw = True
95.5027 	EXP 	rightStimulus: autoDraw = True
95.5027 	EXP 	leftStimulus: autoDraw = True
96.5168 	EXP 	ISIVisualStimulus: autoDraw = False
96.5168 	EXP 	rightStimulus: autoDraw = False
96.5168 	EXP 	leftStimulus: autoDraw = False
96.5168 	EXP 	ISIVisualStimulus: autoDraw = False
96.5168 	EXP 	rightStimulus: autoDraw = False
96.5168 	EXP 	leftStimulus: autoDraw = False
96.5358 	EXP 	secondVisualStimulus: autoDraw = True
96.5358 	EXP 	secondChoiceLeftStimulus: autoDraw = True
96.5358 	EXP 	secondChoiceRightStimulus: autoDraw = True
96.8706 	EXP 	secondVisualStimulus: autoDraw = False
96.8706 	EXP 	secondChoiceLeftStimulus: autoDraw = False
96.8706 	EXP 	secondChoiceRightStimulus: autoDraw = False
96.8706 	EXP 	secondVisualStimulus: autoDraw = False
96.8706 	EXP 	secondChoiceLeftStimulus: autoDraw = False
96.8706 	EXP 	secondChoiceRightStimulus: autoDraw = False
96.8706 	EXP 	decisionTextProbe: autoDraw = True
97.3774 	DATA 	Keypress: 2
97.3877 	EXP 	decisionTextProbe: autoDraw = False
97.3877 	EXP 	feedbackText: text = 'Correct'
97.3877 	EXP 	feedbackText: autoDraw = True
98.3889 	EXP 	feedbackText: autoDraw = False
98.3889 	EXP 	feedbackText: autoDraw = False
98.3889 	EXP 	text: autoDraw = True
99.4042 	EXP 	text: autoDraw = False
99.4042 	EXP 	text: autoDraw = False
99.4233 	EXP 	firstVisualStimulus: autoDraw = True
99.4233 	EXP 	firstChoiceLeftStimulus: autoDraw = True
99.4233 	EXP 	firstChoiceRightStimulus: autoDraw = True
99.6285 	DATA 	Mouse: Left button down, pos=(422,408)
99.7403 	EXP 	firstVisualStimulus: autoDraw = False
99.7403 	EXP 	firstChoiceLeftStimulus: autoDraw = False
99.7403 	EXP 	firstChoiceRightStimulus: autoDraw = False
99.7403 	EXP 	firstVisualStimulus: autoDraw = False
99.7403 	EXP 	firstChoiceLeftStimulus: autoDraw = False
99.7403 	EXP 	firstChoiceRightStimulus: autoDraw = False
99.7403 	EXP 	ISIVisualStimulus: autoDraw = True
99.7403 	EXP 	rightStimulus: autoDraw = True
99.7403 	EXP 	leftStimulus: autoDraw = True
99.8423 	DATA 	Mouse:  Left button up, pos=(422,408)
100.7544 	EXP 	ISIVisualStimulus: autoDraw = False
100.7544 	EXP 	rightStimulus: autoDraw = False
100.7544 	EXP 	leftStimulus: autoDraw = False
100.7544 	EXP 	ISIVisualStimulus: autoDraw = False
100.7544 	EXP 	rightStimulus: autoDraw = False
100.7544 	EXP 	leftStimulus: autoDraw = False
100.7736 	EXP 	secondVisualStimulus: autoDraw = True
100.7736 	EXP 	secondChoiceLeftStimulus: autoDraw = True
100.7736 	EXP 	secondChoiceRightStimulus: autoDraw = True
101.1083 	EXP 	secondVisualStimulus: autoDraw = False
101.1083 	EXP 	secondChoiceLeftStimulus: autoDraw = False
101.1083 	EXP 	secondChoiceRightStimulus: autoDraw = False
101.1083 	EXP 	secondVisualStimulus: autoDraw = False
101.1083 	EXP 	secondChoiceLeftStimulus: autoDraw = False
101.1083 	EXP 	secondChoiceRightStimulus: autoDraw = False
101.1083 	EXP 	decisionTextProbe: autoDraw = True
101.2646 	DATA 	Keypress: 1
101.2751 	EXP 	decisionTextProbe: autoDraw = False
101.2751 	EXP 	feedbackText: text = 'Correct'
101.2751 	EXP 	feedbackText: autoDraw = True
102.2761 	EXP 	feedbackText: autoDraw = False
102.2761 	EXP 	feedbackText: autoDraw = False
102.2761 	EXP 	text: autoDraw = True
103.2896 	EXP 	text: autoDraw = False
103.2896 	EXP 	text: autoDraw = False
103.3096 	EXP 	firstVisualStimulus: autoDraw = True
103.3096 	EXP 	firstChoiceLeftStimulus: autoDraw = True
103.3096 	EXP 	firstChoiceRightStimulus: autoDraw = True
103.6442 	EXP 	firstVisualStimulus: autoDraw = False
103.6442 	EXP 	firstChoiceLeftStimulus: autoDraw = False
103.6442 	EXP 	firstChoiceRightStimulus: autoDraw = False
103.6442 	EXP 	firstVisualStimulus: autoDraw = False
103.6442 	EXP 	firstChoiceLeftStimulus: autoDraw = False
103.6442 	EXP 	firstChoiceRightStimulus: autoDraw = False
103.6442 	EXP 	ISIVisualStimulus: autoDraw = True
103.6442 	EXP 	rightStimulus: autoDraw = True
103.6442 	EXP 	leftStimulus: autoDraw = True
104.6569 	EXP 	ISIVisualStimulus: autoDraw = False
104.6569 	EXP 	rightStimulus: autoDraw = False
104.6569 	EXP 	leftStimulus: autoDraw = False
104.6569 	EXP 	ISIVisualStimulus: autoDraw = False
104.6569 	EXP 	rightStimulus: autoDraw = False
104.6569 	EXP 	leftStimulus: autoDraw = False
104.6774 	EXP 	secondVisualStimulus: autoDraw = True
104.6774 	EXP 	secondChoiceLeftStimulus: autoDraw = True
104.6774 	EXP 	secondChoiceRightStimulus: autoDraw = True
104.9484 	DATA 	Keypress: 1
105.0123 	EXP 	secondVisualStimulus: autoDraw = False
105.0123 	EXP 	secondChoiceLeftStimulus: autoDraw = False
105.0123 	EXP 	secondChoiceRightStimulus: autoDraw = False
105.0123 	EXP 	secondVisualStimulus: autoDraw = False
105.0123 	EXP 	secondChoiceLeftStimulus: autoDraw = False
105.0123 	EXP 	secondChoiceRightStimulus: autoDraw = False
105.0123 	EXP 	decisionTextProbe: autoDraw = True
105.8031 	DATA 	Keypress: 1
105.8129 	EXP 	decisionTextProbe: autoDraw = False
105.8129 	EXP 	feedbackText: text = 'Correct'
105.8129 	EXP 	feedbackText: autoDraw = True
106.8150 	EXP 	feedbackText: autoDraw = False
106.8150 	EXP 	feedbackText: autoDraw = False
106.8150 	EXP 	text: autoDraw = True
107.8298 	EXP 	text: autoDraw = False
107.8298 	EXP 	text: autoDraw = False
107.8488 	EXP 	firstVisualStimulus: autoDraw = True
107.8488 	EXP 	firstChoiceLeftStimulus: autoDraw = True
107.8488 	EXP 	firstChoiceRightStimulus: autoDraw = True
108.1821 	EXP 	firstVisualStimulus: autoDraw = False
108.1821 	EXP 	firstChoiceLeftStimulus: autoDraw = False
108.1821 	EXP 	firstChoiceRightStimulus: autoDraw = False
108.1821 	EXP 	firstVisualStimulus: autoDraw = False
108.1821 	EXP 	firstChoiceLeftStimulus: autoDraw = False
108.1821 	EXP 	firstChoiceRightStimulus: autoDraw = False
108.1821 	EXP 	ISIVisualStimulus: autoDraw = True
108.1821 	EXP 	rightStimulus: autoDraw = True
108.1821 	EXP 	leftStimulus: autoDraw = True
109.1956 	EXP 	ISIVisualStimulus: autoDraw = False
109.1956 	EXP 	rightStimulus: autoDraw = False
109.1956 	EXP 	leftStimulus: autoDraw = False
109.1956 	EXP 	ISIVisualStimulus: autoDraw = False
109.1956 	EXP 	rightStimulus: autoDraw = False
109.1956 	EXP 	leftStimulus: autoDraw = False
109.2153 	EXP 	secondVisualStimulus: autoDraw = True
109.2153 	EXP 	secondChoiceLeftStimulus: autoDraw = True
109.2153 	EXP 	secondChoiceRightStimulus: autoDraw = True
109.5501 	EXP 	secondVisualStimulus: autoDraw = False
109.5501 	EXP 	secondChoiceLeftStimulus: autoDraw = False
109.5501 	EXP 	secondChoiceRightStimulus: autoDraw = False
109.5501 	EXP 	secondVisualStimulus: autoDraw = False
109.5501 	EXP 	secondChoiceLeftStimulus: autoDraw = False
109.5501 	EXP 	secondChoiceRightStimulus: autoDraw = False
109.5501 	EXP 	decisionTextProbe: autoDraw = True
109.7731 	DATA 	Keypress: 1
109.7838 	EXP 	decisionTextProbe: autoDraw = False
109.7838 	EXP 	feedbackText: text = 'Correct'
109.7838 	EXP 	feedbackText: autoDraw = True
110.7846 	EXP 	feedbackText: autoDraw = False
110.7846 	EXP 	feedbackText: autoDraw = False
110.7846 	EXP 	text: autoDraw = True
111.7985 	EXP 	text: autoDraw = False
111.7985 	EXP 	text: autoDraw = False
111.8179 	EXP 	firstVisualStimulus: autoDraw = True
111.8179 	EXP 	firstChoiceLeftStimulus: autoDraw = True
111.8179 	EXP 	firstChoiceRightStimulus: autoDraw = True
112.1526 	EXP 	firstVisualStimulus: autoDraw = False
112.1526 	EXP 	firstChoiceLeftStimulus: autoDraw = False
112.1526 	EXP 	firstChoiceRightStimulus: autoDraw = False
112.1526 	EXP 	firstVisualStimulus: autoDraw = False
112.1526 	EXP 	firstChoiceLeftStimulus: autoDraw = False
112.1526 	EXP 	firstChoiceRightStimulus: autoDraw = False
112.1526 	EXP 	ISIVisualStimulus: autoDraw = True
112.1526 	EXP 	rightStimulus: autoDraw = True
112.1526 	EXP 	leftStimulus: autoDraw = True
113.1665 	EXP 	ISIVisualStimulus: autoDraw = False
113.1665 	EXP 	rightStimulus: autoDraw = False
113.1665 	EXP 	leftStimulus: autoDraw = False
113.1665 	EXP 	ISIVisualStimulus: autoDraw = False
113.1665 	EXP 	rightStimulus: autoDraw = False
113.1665 	EXP 	leftStimulus: autoDraw = False
113.1858 	EXP 	secondVisualStimulus: autoDraw = True
113.1858 	EXP 	secondChoiceLeftStimulus: autoDraw = True
113.1858 	EXP 	secondChoiceRightStimulus: autoDraw = True
113.5206 	EXP 	secondVisualStimulus: autoDraw = False
113.5206 	EXP 	secondChoiceLeftStimulus: autoDraw = False
113.5206 	EXP 	secondChoiceRightStimulus: autoDraw = False
113.5206 	EXP 	secondVisualStimulus: autoDraw = False
113.5206 	EXP 	secondChoiceLeftStimulus: autoDraw = False
113.5206 	EXP 	secondChoiceRightStimulus: autoDraw = False
113.5206 	EXP 	decisionTextProbe: autoDraw = True
113.7439 	DATA 	Keypress: 2
113.7543 	EXP 	decisionTextProbe: autoDraw = False
113.7543 	EXP 	feedbackText: text = 'Correct'
113.7543 	EXP 	feedbackText: autoDraw = True
114.7552 	EXP 	feedbackText: autoDraw = False
114.7552 	EXP 	feedbackText: autoDraw = False
114.7552 	EXP 	text: autoDraw = True
115.7688 	EXP 	text: autoDraw = False
115.7688 	EXP 	text: autoDraw = False
115.7891 	EXP 	firstVisualStimulus: autoDraw = True
115.7891 	EXP 	firstChoiceLeftStimulus: autoDraw = True
115.7891 	EXP 	firstChoiceRightStimulus: autoDraw = True
116.1232 	EXP 	firstVisualStimulus: autoDraw = False
116.1232 	EXP 	firstChoiceLeftStimulus: autoDraw = False
116.1232 	EXP 	firstChoiceRightStimulus: autoDraw = False
116.1232 	EXP 	firstVisualStimulus: autoDraw = False
116.1232 	EXP 	firstChoiceLeftStimulus: autoDraw = False
116.1232 	EXP 	firstChoiceRightStimulus: autoDraw = False
116.1232 	EXP 	ISIVisualStimulus: autoDraw = True
116.1232 	EXP 	rightStimulus: autoDraw = True
116.1232 	EXP 	leftStimulus: autoDraw = True
117.1376 	EXP 	ISIVisualStimulus: autoDraw = False
117.1376 	EXP 	rightStimulus: autoDraw = False
117.1376 	EXP 	leftStimulus: autoDraw = False
117.1376 	EXP 	ISIVisualStimulus: autoDraw = False
117.1376 	EXP 	rightStimulus: autoDraw = False
117.1376 	EXP 	leftStimulus: autoDraw = False
117.1565 	EXP 	secondVisualStimulus: autoDraw = True
117.1565 	EXP 	secondChoiceLeftStimulus: autoDraw = True
117.1565 	EXP 	secondChoiceRightStimulus: autoDraw = True
117.4913 	EXP 	secondVisualStimulus: autoDraw = False
117.4913 	EXP 	secondChoiceLeftStimulus: autoDraw = False
117.4913 	EXP 	secondChoiceRightStimulus: autoDraw = False
117.4913 	EXP 	secondVisualStimulus: autoDraw = False
117.4913 	EXP 	secondChoiceLeftStimulus: autoDraw = False
117.4913 	EXP 	secondChoiceRightStimulus: autoDraw = False
117.4913 	EXP 	decisionTextProbe: autoDraw = True
117.7675 	DATA 	Keypress: 2
117.7747 	EXP 	decisionTextProbe: autoDraw = False
117.7747 	EXP 	feedbackText: text = 'Incorrect'
117.7747 	EXP 	feedbackText: autoDraw = True
118.7760 	EXP 	feedbackText: autoDraw = False
118.7760 	EXP 	feedbackText: autoDraw = False
118.7760 	EXP 	text: autoDraw = True
119.7906 	EXP 	text: autoDraw = False
119.7906 	EXP 	text: autoDraw = False
119.8090 	EXP 	firstVisualStimulus: autoDraw = True
119.8090 	EXP 	firstChoiceLeftStimulus: autoDraw = True
119.8090 	EXP 	firstChoiceRightStimulus: autoDraw = True
120.1199 	DATA 	Mouse: Left button down, pos=(221,302)
120.1273 	EXP 	firstVisualStimulus: autoDraw = False
120.1273 	EXP 	firstChoiceLeftStimulus: autoDraw = False
120.1273 	EXP 	firstChoiceRightStimulus: autoDraw = False
120.1273 	EXP 	firstVisualStimulus: autoDraw = False
120.1273 	EXP 	firstChoiceLeftStimulus: autoDraw = False
120.1273 	EXP 	firstChoiceRightStimulus: autoDraw = False
120.1273 	EXP 	ISIVisualStimulus: autoDraw = True
120.1273 	EXP 	rightStimulus: autoDraw = True
120.1273 	EXP 	leftStimulus: autoDraw = True
120.3136 	DATA 	Mouse:  Left button up, pos=(221,302)
121.1405 	EXP 	ISIVisualStimulus: autoDraw = False
121.1405 	EXP 	rightStimulus: autoDraw = False
121.1405 	EXP 	leftStimulus: autoDraw = False
121.1405 	EXP 	ISIVisualStimulus: autoDraw = False
121.1405 	EXP 	rightStimulus: autoDraw = False
121.1405 	EXP 	leftStimulus: autoDraw = False
121.1603 	EXP 	secondVisualStimulus: autoDraw = True
121.1603 	EXP 	secondChoiceLeftStimulus: autoDraw = True
121.1603 	EXP 	secondChoiceRightStimulus: autoDraw = True
121.4953 	EXP 	secondVisualStimulus: autoDraw = False
121.4953 	EXP 	secondChoiceLeftStimulus: autoDraw = False
121.4953 	EXP 	secondChoiceRightStimulus: autoDraw = False
121.4953 	EXP 	secondVisualStimulus: autoDraw = False
121.4953 	EXP 	secondChoiceLeftStimulus: autoDraw = False
121.4953 	EXP 	secondChoiceRightStimulus: autoDraw = False
121.4953 	EXP 	decisionTextProbe: autoDraw = True
122.3004 	DATA 	Keypress: 1
122.3295 	EXP 	decisionTextProbe: autoDraw = False
122.3295 	EXP 	feedbackText: text = 'Incorrect'
122.3295 	EXP 	feedbackText: autoDraw = True
123.3301 	EXP 	feedbackText: autoDraw = False
123.3301 	EXP 	feedbackText: autoDraw = False
123.3301 	EXP 	text: autoDraw = True
124.3457 	EXP 	text: autoDraw = False
124.3457 	EXP 	text: autoDraw = False
124.3644 	EXP 	firstVisualStimulus: autoDraw = True
124.3644 	EXP 	firstChoiceLeftStimulus: autoDraw = True
124.3644 	EXP 	firstChoiceRightStimulus: autoDraw = True
124.6980 	EXP 	firstVisualStimulus: autoDraw = False
124.6980 	EXP 	firstChoiceLeftStimulus: autoDraw = False
124.6980 	EXP 	firstChoiceRightStimulus: autoDraw = False
124.6980 	EXP 	firstVisualStimulus: autoDraw = False
124.6980 	EXP 	firstChoiceLeftStimulus: autoDraw = False
124.6980 	EXP 	firstChoiceRightStimulus: autoDraw = False
124.6980 	EXP 	ISIVisualStimulus: autoDraw = True
124.6980 	EXP 	rightStimulus: autoDraw = True
124.6980 	EXP 	leftStimulus: autoDraw = True
125.7118 	EXP 	ISIVisualStimulus: autoDraw = False
125.7118 	EXP 	rightStimulus: autoDraw = False
125.7118 	EXP 	leftStimulus: autoDraw = False
125.7118 	EXP 	ISIVisualStimulus: autoDraw = False
125.7118 	EXP 	rightStimulus: autoDraw = False
125.7118 	EXP 	leftStimulus: autoDraw = False
125.7311 	EXP 	secondVisualStimulus: autoDraw = True
125.7311 	EXP 	secondChoiceLeftStimulus: autoDraw = True
125.7311 	EXP 	secondChoiceRightStimulus: autoDraw = True
126.0666 	EXP 	secondVisualStimulus: autoDraw = False
126.0666 	EXP 	secondChoiceLeftStimulus: autoDraw = False
126.0666 	EXP 	secondChoiceRightStimulus: autoDraw = False
126.0666 	EXP 	secondVisualStimulus: autoDraw = False
126.0666 	EXP 	secondChoiceLeftStimulus: autoDraw = False
126.0666 	EXP 	secondChoiceRightStimulus: autoDraw = False
126.0666 	EXP 	decisionTextProbe: autoDraw = True
126.2936 	DATA 	Keypress: 2
126.2997 	EXP 	decisionTextProbe: autoDraw = False
126.2997 	EXP 	feedbackText: text = 'Correct'
126.2997 	EXP 	feedbackText: autoDraw = True
127.3008 	EXP 	feedbackText: autoDraw = False
127.3008 	EXP 	feedbackText: autoDraw = False
127.3008 	EXP 	text: autoDraw = True
128.3170 	EXP 	text: autoDraw = False
128.3170 	EXP 	text: autoDraw = False
128.3351 	EXP 	firstVisualStimulus: autoDraw = True
128.3351 	EXP 	firstChoiceLeftStimulus: autoDraw = True
128.3351 	EXP 	firstChoiceRightStimulus: autoDraw = True
128.6691 	EXP 	firstVisualStimulus: autoDraw = False
128.6691 	EXP 	firstChoiceLeftStimulus: autoDraw = False
128.6691 	EXP 	firstChoiceRightStimulus: autoDraw = False
128.6691 	EXP 	firstVisualStimulus: autoDraw = False
128.6691 	EXP 	firstChoiceLeftStimulus: autoDraw = False
128.6691 	EXP 	firstChoiceRightStimulus: autoDraw = False
128.6691 	EXP 	ISIVisualStimulus: autoDraw = True
128.6691 	EXP 	rightStimulus: autoDraw = True
128.6691 	EXP 	leftStimulus: autoDraw = True
129.6862 	EXP 	ISIVisualStimulus: autoDraw = False
129.6862 	EXP 	rightStimulus: autoDraw = False
129.6862 	EXP 	leftStimulus: autoDraw = False
129.6862 	EXP 	ISIVisualStimulus: autoDraw = False
129.6862 	EXP 	rightStimulus: autoDraw = False
129.6862 	EXP 	leftStimulus: autoDraw = False
129.7032 	EXP 	secondVisualStimulus: autoDraw = True
129.7032 	EXP 	secondChoiceLeftStimulus: autoDraw = True
129.7032 	EXP 	secondChoiceRightStimulus: autoDraw = True
130.0369 	EXP 	secondVisualStimulus: autoDraw = False
130.0369 	EXP 	secondChoiceLeftStimulus: autoDraw = False
130.0369 	EXP 	secondChoiceRightStimulus: autoDraw = False
130.0369 	EXP 	secondVisualStimulus: autoDraw = False
130.0369 	EXP 	secondChoiceLeftStimulus: autoDraw = False
130.0369 	EXP 	secondChoiceRightStimulus: autoDraw = False
130.0369 	EXP 	decisionTextProbe: autoDraw = True
130.3268 	DATA 	Keypress: 2
130.3370 	EXP 	decisionTextProbe: autoDraw = False
130.3370 	EXP 	feedbackText: text = 'Correct'
130.3370 	EXP 	feedbackText: autoDraw = True
131.3383 	EXP 	feedbackText: autoDraw = False
131.3383 	EXP 	feedbackText: autoDraw = False
131.3383 	EXP 	text: autoDraw = True
132.3515 	EXP 	text: autoDraw = False
132.3515 	EXP 	text: autoDraw = False
132.3717 	EXP 	firstVisualStimulus: autoDraw = True
132.3717 	EXP 	firstChoiceLeftStimulus: autoDraw = True
132.3717 	EXP 	firstChoiceRightStimulus: autoDraw = True
132.7066 	EXP 	firstVisualStimulus: autoDraw = False
132.7066 	EXP 	firstChoiceLeftStimulus: autoDraw = False
132.7066 	EXP 	firstChoiceRightStimulus: autoDraw = False
132.7066 	EXP 	firstVisualStimulus: autoDraw = False
132.7066 	EXP 	firstChoiceLeftStimulus: autoDraw = False
132.7066 	EXP 	firstChoiceRightStimulus: autoDraw = False
132.7066 	EXP 	ISIVisualStimulus: autoDraw = True
132.7066 	EXP 	rightStimulus: autoDraw = True
132.7066 	EXP 	leftStimulus: autoDraw = True
133.7196 	EXP 	ISIVisualStimulus: autoDraw = False
133.7196 	EXP 	rightStimulus: autoDraw = False
133.7196 	EXP 	leftStimulus: autoDraw = False
133.7196 	EXP 	ISIVisualStimulus: autoDraw = False
133.7196 	EXP 	rightStimulus: autoDraw = False
133.7196 	EXP 	leftStimulus: autoDraw = False
133.7397 	EXP 	secondVisualStimulus: autoDraw = True
133.7397 	EXP 	secondChoiceLeftStimulus: autoDraw = True
133.7397 	EXP 	secondChoiceRightStimulus: autoDraw = True
134.0746 	EXP 	secondVisualStimulus: autoDraw = False
134.0746 	EXP 	secondChoiceLeftStimulus: autoDraw = False
134.0746 	EXP 	secondChoiceRightStimulus: autoDraw = False
134.0746 	EXP 	secondVisualStimulus: autoDraw = False
134.0746 	EXP 	secondChoiceLeftStimulus: autoDraw = False
134.0746 	EXP 	secondChoiceRightStimulus: autoDraw = False
134.0746 	EXP 	decisionTextProbe: autoDraw = True
134.3808 	DATA 	Keypress: 1
134.3914 	EXP 	decisionTextProbe: autoDraw = False
134.3914 	EXP 	feedbackText: text = 'Correct'
134.3914 	EXP 	feedbackText: autoDraw = True
135.3926 	EXP 	feedbackText: autoDraw = False
135.3926 	EXP 	feedbackText: autoDraw = False
135.3926 	EXP 	text: autoDraw = True
136.4067 	EXP 	text: autoDraw = False
136.4067 	EXP 	text: autoDraw = False
136.4256 	EXP 	firstVisualStimulus: autoDraw = True
136.4256 	EXP 	firstChoiceLeftStimulus: autoDraw = True
136.4256 	EXP 	firstChoiceRightStimulus: autoDraw = True
136.7608 	EXP 	firstVisualStimulus: autoDraw = False
136.7608 	EXP 	firstChoiceLeftStimulus: autoDraw = False
136.7608 	EXP 	firstChoiceRightStimulus: autoDraw = False
136.7608 	EXP 	firstVisualStimulus: autoDraw = False
136.7608 	EXP 	firstChoiceLeftStimulus: autoDraw = False
136.7608 	EXP 	firstChoiceRightStimulus: autoDraw = False
136.7608 	EXP 	ISIVisualStimulus: autoDraw = True
136.7608 	EXP 	rightStimulus: autoDraw = True
136.7608 	EXP 	leftStimulus: autoDraw = True
137.7741 	EXP 	ISIVisualStimulus: autoDraw = False
137.7741 	EXP 	rightStimulus: autoDraw = False
137.7741 	EXP 	leftStimulus: autoDraw = False
137.7741 	EXP 	ISIVisualStimulus: autoDraw = False
137.7741 	EXP 	rightStimulus: autoDraw = False
137.7741 	EXP 	leftStimulus: autoDraw = False
137.7938 	EXP 	secondVisualStimulus: autoDraw = True
137.7938 	EXP 	secondChoiceLeftStimulus: autoDraw = True
137.7938 	EXP 	secondChoiceRightStimulus: autoDraw = True
138.1286 	EXP 	secondVisualStimulus: autoDraw = False
138.1286 	EXP 	secondChoiceLeftStimulus: autoDraw = False
138.1286 	EXP 	secondChoiceRightStimulus: autoDraw = False
138.1286 	EXP 	secondVisualStimulus: autoDraw = False
138.1286 	EXP 	secondChoiceLeftStimulus: autoDraw = False
138.1286 	EXP 	secondChoiceRightStimulus: autoDraw = False
138.1286 	EXP 	decisionTextProbe: autoDraw = True
138.4027 	DATA 	Keypress: 2
138.4123 	EXP 	decisionTextProbe: autoDraw = False
138.4123 	EXP 	feedbackText: text = 'Correct'
138.4123 	EXP 	feedbackText: autoDraw = True
139.4134 	EXP 	feedbackText: autoDraw = False
139.4134 	EXP 	feedbackText: autoDraw = False
139.4204 	INFO 	saved data to 'C:\\Users\\W2032175\\Documents\\GitHub\\Open-source-Auditory-Tone-Detection-Task\\Auditory Tone Detection Task\\data/_toneDetectionPlatform_V1.7_2020_Nov_03_1039.csv'
139.4271 	INFO 	saved data to C:\Users\W2032175\Documents\GitHub\Open-source-Auditory-Tone-Detection-Task\Auditory Tone Detection Task\data/_toneDetectionPlatform_V1.7_2020_Nov_03_1039.psydat
139.4560 	EXP 	window1: mouseVisible = True
139.5301 	DEBUG 	Saving data for toneDetectionPlatform_V1.7 ExperimentHandler
