2.1690 	WARNING 	We strongly recommend you activate the PTB sound engine in PsychoPy prefs as the preferred audio engine. Its timing is vastly superior. Your prefs are currently set to use ['sounddevice', 'PTB', 'pyo', 'pygame'] (in that order).
23.3104 	INFO 	Loaded monitor calibration from ['2020_10_15 13:31']
25.6567 	EXP 	Created window1 = Window(allowGUI=False, allowStencil=False, args=UNKNOWN, autoLog=True, bitsMode=UNKNOWN, blendMode='avg', bpc=(8, 8, 8), color=array([1., 1., 1.]), colorSpace='rgb', depthBits=8, fullscr=<method-wrapper '__getattribute__' of attributeSetter object at 0x0000017E6770DC88>, gamma=None, gammaErrorPolicy='raise', kwargs=UNKNOWN, lms=UNKNOWN, monitor=<psychopy.monitors.calibTools.Monitor object at 0x0000017E67325518>, multiSample=False, name='window1', numSamples=2, pos=[0.0, 0.0], screen=0, size=array([1366,  768]), stencilBits=0, stereo=False, units='height', useFBO=True, useRetina=False, viewOri=0.0, viewPos=None, viewScale=None, waitBlanking=True, winType='pyglet')
25.6568 	EXP 	window1: mouseVisible = True
25.6569 	EXP 	window1: recordFrameIntervals = False
25.8226 	EXP 	window1: recordFrameIntervals = True
26.0062 	DEBUG 	Screen (0) actual frame rate measured at 60.00
26.0063 	EXP 	window1: recordFrameIntervals = False
26.2742 	EXP 	Created welcomeText = TextStim(__class__=<class 'psychopy.visual.text.TextStim'>, alignHoriz=method-wrapper(...), alignText='center', alignVert=method-wrapper(...), anchorHoriz='center', anchorVert='center', antialias=True, autoLog=True, bold=False, color='black', colorSpace='named', contrast=1.0, depth=0.0, flipHoriz=False, flipVert=False, font='Arial', fontFiles=[], height=0.07, italic=False, languageStyle='LTR', name='welcomeText', opacity=1.0, ori=0, pos=array([0., 0.]), rgb=array([0., 0., 0.]), text=str(...), units='height', win=Window(...), wrapWidth=1)
26.3367 	EXP 	Created instructionsLightBulb1 = ImageStim(__class__=<class 'psychopy.visual.image.ImageStim'>, autoLog=True, color=array([1., 1., 1.]), colorSpace='rgb', contrast=1.0, depth=0.0, flipHoriz=False, flipVert=False, image='lightBulb_OFF.png', interpolate=True, mask=None, maskParams=None, name='instructionsLightBulb1', opacity=1.0, ori=0.0, pos=array([-0.5,  0. ]), size=array([0.4, 0.4]), texRes=128, units='height', win=Window(...))
26.4000 	EXP 	Created instructionsLightBulb2 = ImageStim(__class__=<class 'psychopy.visual.image.ImageStim'>, autoLog=True, color=array([1., 1., 1.]), colorSpace='rgb', contrast=1.0, depth=-1.0, flipHoriz=False, flipVert=False, image='lightBulb_OFF.png', interpolate=True, mask=None, maskParams=None, name='instructionsLightBulb2', opacity=1.0, ori=0.0, pos=array([0.5, 0. ]), size=array([0.4, 0.4]), texRes=128, units='height', win=Window(...))
26.4292 	EXP 	Created instructionsText = TextStim(__class__=<class 'psychopy.visual.text.TextStim'>, alignHoriz=method-wrapper(...), alignText='center', alignVert=method-wrapper(...), anchorHoriz='center', anchorVert='center', antialias=True, autoLog=True, bold=False, color='black', colorSpace='named', contrast=1.0, depth=-2.0, flipHoriz=False, flipVert=False, font='Arial', fontFiles=[], height=0.05, italic=False, languageStyle='LTR', name='instructionsText', opacity=1.0, ori=0, pos=array([0. , 0.3]), rgb=array([0., 0., 0.]), text=str(...), units='height', win=Window(...), wrapWidth=1)
26.4367 	EXP 	Created pressSpace = TextStim(__class__=<class 'psychopy.visual.text.TextStim'>, alignHoriz=method-wrapper(...), alignText='center', alignVert=method-wrapper(...), anchorHoriz='center', anchorVert='center', antialias=True, autoLog=True, bold=False, color='black', colorSpace='named', contrast=1.0, depth=-3.0, flipHoriz=False, flipVert=False, font='Arial', fontFiles=[], height=0.05, italic=False, languageStyle='LTR', name='pressSpace', opacity=1.0, ori=0, pos=array([ 0. , -0.3]), rgb=array([0., 0., 0.]), text='PRESS SPACE to continue', units='height', win=Window(...), wrapWidth=1)
26.4758 	EXP 	Created instructionsLightBulb1_2 = ImageStim(__class__=<class 'psychopy.visual.image.ImageStim'>, autoLog=True, color=array([1., 1., 1.]), colorSpace='rgb', contrast=1.0, depth=0.0, flipHoriz=False, flipVert=False, image='lightBulb_OFF.png', interpolate=True, mask=None, maskParams=None, name='instructionsLightBulb1_2', opacity=1.0, ori=0.0, pos=array([-0.5,  0. ]), size=array([0.4, 0.4]), texRes=128, units='height', win=Window(...))
26.5160 	EXP 	Created instructionsLightBulb2_2 = ImageStim(__class__=<class 'psychopy.visual.image.ImageStim'>, autoLog=True, color=array([1., 1., 1.]), colorSpace='rgb', contrast=1.0, depth=-1.0, flipHoriz=False, flipVert=False, image='lightBulb_OFF.png', interpolate=True, mask=None, maskParams=None, name='instructionsLightBulb2_2', opacity=1.0, ori=0.0, pos=array([0.5, 0. ]), size=array([0.4, 0.4]), texRes=128, units='height', win=Window(...))
26.5219 	EXP 	Created instructionsText_2 = TextStim(__class__=<class 'psychopy.visual.text.TextStim'>, alignHoriz=method-wrapper(...), alignText='center', alignVert=method-wrapper(...), anchorHoriz='center', anchorVert='center', antialias=True, autoLog=True, bold=False, color='black', colorSpace='named', contrast=1.0, depth=-2.0, flipHoriz=False, flipVert=False, font='Arial', fontFiles=[], height=0.05, italic=False, languageStyle='LTR', name='instructionsText_2', opacity=1.0, ori=0, pos=array([0. , 0.3]), rgb=array([0., 0., 0.]), text='In each trial, the light bulbs will blink', units='height', win=Window(...), wrapWidth=1)
26.5263 	EXP 	Created pressSpace_2 = TextStim(__class__=<class 'psychopy.visual.text.TextStim'>, alignHoriz=method-wrapper(...), alignText='center', alignVert=method-wrapper(...), anchorHoriz='center', anchorVert='center', antialias=True, autoLog=True, bold=False, color='black', colorSpace='named', contrast=1.0, depth=-3.0, flipHoriz=False, flipVert=False, font='Arial', fontFiles=[], height=0.05, italic=False, languageStyle='LTR', name='pressSpace_2', opacity=1.0, ori=0, pos=array([ 0. , -0.3]), rgb=array([0., 0., 0.]), text='PRESS SPACE to continue', units='height', win=Window(...), wrapWidth=1)
26.5661 	EXP 	Created instructionsLightBulb1_3 = ImageStim(__class__=<class 'psychopy.visual.image.ImageStim'>, autoLog=True, color=array([1., 1., 1.]), colorSpace='rgb', contrast=1.0, depth=0.0, flipHoriz=False, flipVert=False, image='lightBulb_OFF.png', interpolate=True, mask=None, maskParams=None, name='instructionsLightBulb1_3', opacity=1.0, ori=0.0, pos=array([-0.5,  0. ]), size=array([0.4, 0.4]), texRes=128, units='height', win=Window(...))
26.6077 	EXP 	Created instructionsLightBulb2_3 = ImageStim(__class__=<class 'psychopy.visual.image.ImageStim'>, autoLog=True, color=array([1., 1., 1.]), colorSpace='rgb', contrast=1.0, depth=-1.0, flipHoriz=False, flipVert=False, image='lightBulb_OFF.png', interpolate=True, mask=None, maskParams=None, name='instructionsLightBulb2_3', opacity=1.0, ori=0.0, pos=array([0.5, 0. ]), size=array([0.4, 0.4]), texRes=128, units='height', win=Window(...))
26.6156 	EXP 	Created text_3 = TextStim(__class__=<class 'psychopy.visual.text.TextStim'>, alignHoriz=method-wrapper(...), alignText='center', alignVert=method-wrapper(...), anchorHoriz='center', anchorVert='center', antialias=True, autoLog=True, bold=False, color='black', colorSpace='named', contrast=1.0, depth=-2.0, flipHoriz=False, flipVert=False, font='Arial', fontFiles=[], height=0.05, italic=False, languageStyle='LTR', name='text_3', opacity=1.0, ori=0, pos=array([0. , 0.3]), rgb=array([0., 0., 0.]), text=str(...), units='height', win=Window(...), wrapWidth=1)
26.6195 	EXP 	Created pressSpace_3 = TextStim(__class__=<class 'psychopy.visual.text.TextStim'>, alignHoriz=method-wrapper(...), alignText='center', alignVert=method-wrapper(...), anchorHoriz='center', anchorVert='center', antialias=True, autoLog=True, bold=False, color='black', colorSpace='named', contrast=1.0, depth=-3.0, flipHoriz=False, flipVert=False, font='Arial', fontFiles=[], height=0.05, italic=False, languageStyle='LTR', name='pressSpace_3', opacity=1.0, ori=0, pos=array([ 0. , -0.3]), rgb=array([0., 0., 0.]), text='Press SPACE to see light bulb 1 blink', units='height', win=Window(...), wrapWidth=1)
26.6597 	EXP 	Created instructionsLightBulb1_4 = ImageStim(__class__=<class 'psychopy.visual.image.ImageStim'>, autoLog=True, color=array([1., 1., 1.]), colorSpace='rgb', contrast=1.0, depth=0.0, flipHoriz=False, flipVert=False, image='lightBulb_ON.png', interpolate=True, mask=None, maskParams=None, name='instructionsLightBulb1_4', opacity=1.0, ori=0.0, pos=array([-0.5,  0. ]), size=array([0.4, 0.4]), texRes=128, units='height', win=Window(...))
26.6997 	EXP 	Created instructionsLightBulb2_4 = ImageStim(__class__=<class 'psychopy.visual.image.ImageStim'>, autoLog=True, color=array([1., 1., 1.]), colorSpace='rgb', contrast=1.0, depth=-1.0, flipHoriz=False, flipVert=False, image='lightBulb_OFF.png', interpolate=True, mask=None, maskParams=None, name='instructionsLightBulb2_4', opacity=1.0, ori=0.0, pos=array([0.5, 0. ]), size=array([0.4, 0.4]), texRes=128, units='height', win=Window(...))
26.7617 	EXP 	Created instructionsLightBulb1_5 = ImageStim(__class__=<class 'psychopy.visual.image.ImageStim'>, autoLog=True, color=array([1., 1., 1.]), colorSpace='rgb', contrast=1.0, depth=0.0, flipHoriz=False, flipVert=False, image='lightBulb_OFF.png', interpolate=True, mask=None, maskParams=None, name='instructionsLightBulb1_5', opacity=1.0, ori=0.0, pos=array([-0.5,  0. ]), size=array([0.4, 0.4]), texRes=128, units='height', win=Window(...))
26.8254 	EXP 	Created instructionsLightBulb2_5 = ImageStim(__class__=<class 'psychopy.visual.image.ImageStim'>, autoLog=True, color=array([1., 1., 1.]), colorSpace='rgb', contrast=1.0, depth=-1.0, flipHoriz=False, flipVert=False, image='lightBulb_OFF.png', interpolate=True, mask=None, maskParams=None, name='instructionsLightBulb2_5', opacity=1.0, ori=0.0, pos=array([0.5, 0. ]), size=array([0.4, 0.4]), texRes=128, units='height', win=Window(...))
26.8899 	EXP 	Created instructionsLightBulb2_6 = ImageStim(__class__=<class 'psychopy.visual.image.ImageStim'>, autoLog=True, color=array([1., 1., 1.]), colorSpace='rgb', contrast=1.0, depth=-2.0, flipHoriz=False, flipVert=False, image='lightBulb_ON.png', interpolate=True, mask=None, maskParams=None, name='instructionsLightBulb2_6', opacity=1.0, ori=0.0, pos=array([0.5, 0. ]), size=array([0.4, 0.4]), texRes=128, units='height', win=Window(...))
26.8992 	EXP 	Created text_4 = TextStim(__class__=<class 'psychopy.visual.text.TextStim'>, alignHoriz=method-wrapper(...), alignText='center', alignVert=method-wrapper(...), anchorHoriz='center', anchorVert='center', antialias=True, autoLog=True, bold=False, color='black', colorSpace='named', contrast=1.0, depth=-3.0, flipHoriz=False, flipVert=False, font='Arial', fontFiles=[], height=0.05, italic=False, languageStyle='LTR', name='text_4', opacity=1.0, ori=0, pos=array([0. , 0.3]), rgb=array([0., 0., 0.]), text=str(...), units='height', win=Window(...), wrapWidth=1)
26.9024 	EXP 	Created pressSpace_4 = TextStim(__class__=<class 'psychopy.visual.text.TextStim'>, alignHoriz=method-wrapper(...), alignText='center', alignVert=method-wrapper(...), anchorHoriz='center', anchorVert='center', antialias=True, autoLog=True, bold=False, color='black', colorSpace='named', contrast=1.0, depth=-4.0, flipHoriz=False, flipVert=False, font='Arial', fontFiles=[], height=0.05, italic=False, languageStyle='LTR', name='pressSpace_4', opacity=1.0, ori=0, pos=array([ 0. , -0.3]), rgb=array([0., 0., 0.]), text='Press SPACE to continue', units='height', win=Window(...), wrapWidth=1)
26.9151 	EXP 	Created text_2 = TextStim(__class__=<class 'psychopy.visual.text.TextStim'>, alignHoriz=method-wrapper(...), alignText='center', alignVert=method-wrapper(...), anchorHoriz='center', anchorVert='center', antialias=True, autoLog=True, bold=False, color='black', colorSpace='named', contrast=1.0, depth=0.0, flipHoriz=False, flipVert=False, font='Arial', fontFiles=[], height=0.07, italic=False, languageStyle='LTR', name='text_2', opacity=1.0, ori=0, pos=array([0., 0.]), rgb=array([0., 0., 0.]), text=str(...), units='height', win=Window(...), wrapWidth=1)
26.9243 	EXP 	Created text_5 = TextStim(__class__=<class 'psychopy.visual.text.TextStim'>, alignHoriz=method-wrapper(...), alignText='center', alignVert=method-wrapper(...), anchorHoriz='center', anchorVert='center', antialias=True, autoLog=True, bold=False, color='black', colorSpace='named', contrast=1.0, depth=-1.0, flipHoriz=False, flipVert=False, font='Arial', fontFiles=[], height=0.07, italic=False, languageStyle='LTR', name='text_5', opacity=1.0, ori=0, pos=array([ 0. , -0.3]), rgb=array([0., 0., 0.]), text='press SPACEBAR to hear this sound', units='height', win=Window(...), wrapWidth=1)
26.9633 	EXP 	Created lightBulbOFF = ImageStim(__class__=<class 'psychopy.visual.image.ImageStim'>, autoLog=True, color=array([1., 1., 1.]), colorSpace='rgb', contrast=1.0, depth=0.0, flipHoriz=False, flipVert=False, image='lightBulb_OFF.png', interpolate=True, mask=None, maskParams=None, name='lightBulbOFF', opacity=1.0, ori=0.0, pos=array([0., 0.]), size=array([0.5, 0.5]), texRes=128, units='height', win=Window(...))
27.0037 	EXP 	Created lightBulbON = ImageStim(__class__=<class 'psychopy.visual.image.ImageStim'>, autoLog=True, color=array([1., 1., 1.]), colorSpace='rgb', contrast=1.0, depth=-1.0, flipHoriz=False, flipVert=False, image='lightBulb_ON.png', interpolate=True, mask=None, maskParams=None, name='lightBulbON', opacity=1.0, ori=0.0, pos=array([0., 0.]), size=array([0.5, 0.5]), texRes=128, units='height', win=Window(...))
27.0315 	EXP 	Sound sound_1 set volume 1.000
27.0647 	EXP 	Created instructions_8_firstLine = TextStim(__class__=<class 'psychopy.visual.text.TextStim'>, alignHoriz=method-wrapper(...), alignText='center', alignVert=method-wrapper(...), anchorHoriz='center', anchorVert='center', antialias=True, autoLog=True, bold=False, color='black', colorSpace='named', contrast=1.0, depth=0.0, flipHoriz=False, flipVert=False, font='Arial', fontFiles=[], height=0.04, italic=False, languageStyle='LTR', name='instructions_8_firstLine', opacity=1.0, ori=0, pos=array([0. , 0.2]), rgb=array([0., 0., 0.]), text=str(...), units='height', win=Window(...), wrapWidth=1)
27.0770 	EXP 	Created text_8 = TextStim(__class__=<class 'psychopy.visual.text.TextStim'>, alignHoriz=method-wrapper(...), alignText='center', alignVert=method-wrapper(...), anchorHoriz='center', anchorVert='center', antialias=True, autoLog=True, bold=False, color='black', colorSpace='named', contrast=1.0, depth=-1.0, flipHoriz=False, flipVert=False, font='Arial', fontFiles=[], height=0.04, italic=False, languageStyle='LTR', name='text_8', opacity=1.0, ori=0, pos=array([0. , 0.1]), rgb=array([0., 0., 0.]), text=str(...), units='height', win=Window(...), wrapWidth=1)
27.0875 	EXP 	Created text_9 = TextStim(__class__=<class 'psychopy.visual.text.TextStim'>, alignHoriz=method-wrapper(...), alignText='center', alignVert=method-wrapper(...), anchorHoriz='center', anchorVert='center', antialias=True, autoLog=True, bold=False, color='black', colorSpace='named', contrast=1.0, depth=-2.0, flipHoriz=False, flipVert=False, font='Arial', fontFiles=[], height=0.04, italic=False, languageStyle='LTR', name='text_9', opacity=1.0, ori=0, pos=array([ 0.  , -0.02]), rgb=array([0., 0., 0.]), text=str(...), units='height', win=Window(...), wrapWidth=1)
27.0927 	EXP 	Created instructions_8_pressP = TextStim(__class__=<class 'psychopy.visual.text.TextStim'>, alignHoriz=method-wrapper(...), alignText='center', alignVert=method-wrapper(...), anchorHoriz='center', anchorVert='center', antialias=True, autoLog=True, bold=False, color='black', colorSpace='named', contrast=1.0, depth=-3.0, flipHoriz=False, flipVert=False, font='Arial', fontFiles=[], height=0.04, italic=False, languageStyle='LTR', name='instructions_8_pressP', opacity=1.0, ori=0, pos=array([ 0. , -0.3]), rgb=array([0., 0., 0.]), text="press 'p' to begin the practice trials!", units='height', win=Window(...), wrapWidth=1)
27.1038 	EXP 	Created text_6 = TextStim(__class__=<class 'psychopy.visual.text.TextStim'>, alignHoriz=method-wrapper(...), alignText='center', alignVert=method-wrapper(...), anchorHoriz='center', anchorVert='center', antialias=True, autoLog=True, bold=False, color='black', colorSpace='named', contrast=1.0, depth=-1.0, flipHoriz=False, flipVert=False, font='Arial', fontFiles=[], height=0.1, italic=False, languageStyle='LTR', name='text_6', opacity=1.0, ori=0, pos=array([0., 0.]), rgb=array([0., 0., 0.]), text='+', units='height', win=Window(...), wrapWidth=1)
27.1075 	EXP 	Created firstVisualStimulus_2 = TextStim(__class__=<class 'psychopy.visual.text.TextStim'>, alignHoriz=method-wrapper(...), alignText='center', alignVert=method-wrapper(...), anchorHoriz='center', anchorVert='center', antialias=True, autoLog=True, bold=False, color='black', colorSpace='named', contrast=1.0, depth=-1.0, flipHoriz=False, flipVert=False, font='Arial', fontFiles=[], height=0.1, italic=False, languageStyle='LTR', name='firstVisualStimulus_2', opacity=1.0, ori=0, pos=array([0., 0.]), rgb=array([0., 0., 0.]), text='1', units='height', win=Window(...), wrapWidth=1)
27.1076 	EXP 	Sound firstChoiceProbeTone_2 set volume 1.000
27.1469 	EXP 	Created firstChoiceLeftStimulus_2 = ImageStim(__class__=<class 'psychopy.visual.image.ImageStim'>, autoLog=True, color=array([1., 1., 1.]), colorSpace='rgb', contrast=1.0, depth=-3.0, flipHoriz=False, flipVert=False, image='lightBulb_ON.png', interpolate=True, mask=None, maskParams=None, name='firstChoiceLeftStimulus_2', opacity=1.0, ori=0.0, pos=array([-0.5,  0. ]), size=array([0.4, 0.4]), texRes=128, units='height', win=Window(...))
27.1877 	EXP 	Created firstChoiceRightStimulus_2 = ImageStim(__class__=<class 'psychopy.visual.image.ImageStim'>, autoLog=True, color=array([1., 1., 1.]), colorSpace='rgb', contrast=1.0, depth=-4.0, flipHoriz=False, flipVert=False, image='lightBulb_OFF.png', interpolate=True, mask=None, maskParams=None, name='firstChoiceRightStimulus_2', opacity=1.0, ori=0.0, pos=array([0.5, 0. ]), size=array([0.4, 0.4]), texRes=128, units='height', win=Window(...))
27.1948 	EXP 	Created ISIVisualStimulus_3 = TextStim(__class__=<class 'psychopy.visual.text.TextStim'>, alignHoriz=method-wrapper(...), alignText='center', alignVert=method-wrapper(...), anchorHoriz='center', anchorVert='center', antialias=True, autoLog=True, bold=False, color='black', colorSpace='named', contrast=1.0, depth=0.0, flipHoriz=False, flipVert=False, font='Arial', fontFiles=[], height=0.1, italic=False, languageStyle='LTR', name='ISIVisualStimulus_3', opacity=1.0, ori=0, pos=array([0., 0.]), rgb=array([0., 0., 0.]), text='ISI', units='height', win=Window(...), wrapWidth=1)
27.2349 	EXP 	Created rightStimulus_3 = ImageStim(__class__=<class 'psychopy.visual.image.ImageStim'>, autoLog=True, color=array([1., 1., 1.]), colorSpace='rgb', contrast=1.0, depth=-1.0, flipHoriz=False, flipVert=False, image='lightBulb_OFF.png', interpolate=True, mask=None, maskParams=None, name='rightStimulus_3', opacity=1.0, ori=0.0, pos=array([0.5, 0. ]), size=array([0.4, 0.4]), texRes=128, units='height', win=Window(...))
27.2756 	EXP 	Created leftStimulus_3 = ImageStim(__class__=<class 'psychopy.visual.image.ImageStim'>, autoLog=True, color=array([1., 1., 1.]), colorSpace='rgb', contrast=1.0, depth=-2.0, flipHoriz=False, flipVert=False, image='lightBulb_OFF.png', interpolate=True, mask=None, maskParams=None, name='leftStimulus_3', opacity=1.0, ori=0.0, pos=array([-0.5,  0. ]), size=array([0.4, 0.4]), texRes=128, units='height', win=Window(...))
27.2789 	EXP 	Created secondVisualStimulus_2 = TextStim(__class__=<class 'psychopy.visual.text.TextStim'>, alignHoriz=method-wrapper(...), alignText='center', alignVert=method-wrapper(...), anchorHoriz='center', anchorVert='center', antialias=True, autoLog=True, bold=False, color='black', colorSpace='named', contrast=1.0, depth=-1.0, flipHoriz=False, flipVert=False, font='Arial', fontFiles=[], height=0.1, italic=False, languageStyle='LTR', name='secondVisualStimulus_2', opacity=1.0, ori=0, pos=array([0., 0.]), rgb=array([0., 0., 0.]), text='2', units='height', win=Window(...), wrapWidth=1)
27.2790 	EXP 	Sound secondChoiceTone_2 set volume 1.000
27.3202 	EXP 	Created secondChoiceLeftStimulus_2 = ImageStim(__class__=<class 'psychopy.visual.image.ImageStim'>, autoLog=True, color=array([1., 1., 1.]), colorSpace='rgb', contrast=1.0, depth=-3.0, flipHoriz=False, flipVert=False, image='lightBulb_OFF.png', interpolate=True, mask=None, maskParams=None, name='secondChoiceLeftStimulus_2', opacity=1.0, ori=0.0, pos=array([-0.5,  0. ]), size=array([0.4, 0.4]), texRes=128, units='height', win=Window(...))
27.3588 	EXP 	Created secondChoiceRightStimulus_2 = ImageStim(__class__=<class 'psychopy.visual.image.ImageStim'>, autoLog=True, color=array([1., 1., 1.]), colorSpace='rgb', contrast=1.0, depth=-4.0, flipHoriz=False, flipVert=False, image='lightBulb_ON.png', interpolate=True, mask=None, maskParams=None, name='secondChoiceRightStimulus_2', opacity=1.0, ori=0.0, pos=array([0.5, 0. ]), size=array([0.4, 0.4]), texRes=128, units='height', win=Window(...))
27.3843 	EXP 	Created decisionTextProbe_2 = TextStim(__class__=<class 'psychopy.visual.text.TextStim'>, alignHoriz=method-wrapper(...), alignText='center', alignVert=method-wrapper(...), anchorHoriz='center', anchorVert='center', antialias=True, autoLog=True, bold=False, color='black', colorSpace='named', contrast=1.0, depth=-1.0, flipHoriz=False, flipVert=False, font='Arial', fontFiles=[], height=0.1, italic=False, languageStyle='LTR', name='decisionTextProbe_2', opacity=1.0, ori=0, pos=array([0., 0.]), rgb=array([0., 0., 0.]), text=str(...), units='height', win=Window(...), wrapWidth=1)
27.3935 	EXP 	Created feedbackText_2 = TextStim(__class__=<class 'psychopy.visual.text.TextStim'>, alignHoriz=method-wrapper(...), alignText='center', alignVert=method-wrapper(...), anchorHoriz='center', anchorVert='center', antialias=True, autoLog=True, bold=False, color='black', colorSpace='named', contrast=1.0, depth=-1.0, flipHoriz=False, flipVert=False, font='Arial', fontFiles=[], height=0.1, italic=False, languageStyle='LTR', name='feedbackText_2', opacity=1.0, ori=0, pos=array([0., 0.]), rgb=array([0., 0., 0.]), text='default text', units='height', win=Window(...), wrapWidth=1)
27.4156 	EXP 	Created text_7 = TextStim(__class__=<class 'psychopy.visual.text.TextStim'>, alignHoriz=method-wrapper(...), alignText='center', alignVert=method-wrapper(...), anchorHoriz='center', anchorVert='center', antialias=True, autoLog=True, bold=False, color='black', colorSpace='named', contrast=1.0, depth=0.0, flipHoriz=False, flipVert=False, font='Arial', fontFiles=[], height=0.05, italic=False, languageStyle='LTR', name='text_7', opacity=1.0, ori=0, pos=array([0., 0.]), rgb=array([0., 0., 0.]), text=str(...), units='height', win=Window(...), wrapWidth=1)
27.4437 	EXP 	Created text_10 = TextStim(__class__=<class 'psychopy.visual.text.TextStim'>, alignHoriz=method-wrapper(...), alignText='center', alignVert=method-wrapper(...), anchorHoriz='center', anchorVert='center', antialias=True, autoLog=True, bold=False, color='black', colorSpace='named', contrast=1.0, depth=0.0, flipHoriz=False, flipVert=False, font='Arial', fontFiles=[], height=0.05, italic=False, languageStyle='LTR', name='text_10', opacity=1.0, ori=0, pos=array([0., 0.]), rgb=array([0., 0., 0.]), text=str(...), units='height', win=Window(...), wrapWidth=1)
27.4462 	EXP 	Created firstITI = TextStim(__class__=<class 'psychopy.visual.text.TextStim'>, alignHoriz=method-wrapper(...), alignText='center', alignVert=method-wrapper(...), anchorHoriz='center', anchorVert='center', antialias=True, autoLog=True, bold=False, color='black', colorSpace='named', contrast=1.0, depth=-1.0, flipHoriz=False, flipVert=False, font='Arial', fontFiles=[], height=0.1, italic=False, languageStyle='LTR', name='firstITI', opacity=1.0, ori=0, pos=array([0., 0.]), rgb=array([0., 0., 0.]), text='+', units='height', win=Window(...), wrapWidth=1)
27.4479 	EXP 	Created text = TextStim(__class__=<class 'psychopy.visual.text.TextStim'>, alignHoriz=method-wrapper(...), alignText='center', alignVert=method-wrapper(...), anchorHoriz='center', anchorVert='center', antialias=True, autoLog=True, bold=False, color='black', colorSpace='named', contrast=1.0, depth=0.0, flipHoriz=False, flipVert=False, font='Arial', fontFiles=[], height=0.1, italic=False, languageStyle='LTR', name='text', opacity=1.0, ori=0, pos=array([0., 0.]), rgb=array([0., 0., 0.]), text='+', units='height', win=Window(...), wrapWidth=1)
27.4503 	EXP 	Created firstVisualStimulus = TextStim(__class__=<class 'psychopy.visual.text.TextStim'>, alignHoriz=method-wrapper(...), alignText='center', alignVert=method-wrapper(...), anchorHoriz='center', anchorVert='center', antialias=True, autoLog=True, bold=False, color='black', colorSpace='named', contrast=1.0, depth=-1.0, flipHoriz=False, flipVert=False, font='Arial', fontFiles=[], height=0.1, italic=False, languageStyle='LTR', name='firstVisualStimulus', opacity=1.0, ori=0, pos=array([0., 0.]), rgb=array([0., 0., 0.]), text='1', units='height', win=Window(...), wrapWidth=1)
27.4521 	EXP 	Sound firstChoiceNoise set volume 1.000
27.4522 	EXP 	Sound firstChoiceProbeTone set volume 1.000
27.4933 	EXP 	Created firstChoiceLeftStimulus = ImageStim(__class__=<class 'psychopy.visual.image.ImageStim'>, autoLog=True, color=array([1., 1., 1.]), colorSpace='rgb', contrast=1.0, depth=-4.0, flipHoriz=False, flipVert=False, image='lightBulb_ON.png', interpolate=True, mask=None, maskParams=None, name='firstChoiceLeftStimulus', opacity=1.0, ori=0.0, pos=array([-0.5,  0. ]), size=array([0.4, 0.4]), texRes=128, units='height', win=Window(...))
27.5322 	EXP 	Created firstChoiceRightStimulus = ImageStim(__class__=<class 'psychopy.visual.image.ImageStim'>, autoLog=True, color=array([1., 1., 1.]), colorSpace='rgb', contrast=1.0, depth=-5.0, flipHoriz=False, flipVert=False, image='lightBulb_OFF.png', interpolate=True, mask=None, maskParams=None, name='firstChoiceRightStimulus', opacity=1.0, ori=0.0, pos=array([0.5, 0. ]), size=array([0.4, 0.4]), texRes=128, units='height', win=Window(...))
27.5356 	EXP 	Created ISIVisualStimulus = TextStim(__class__=<class 'psychopy.visual.text.TextStim'>, alignHoriz=method-wrapper(...), alignText='center', alignVert=method-wrapper(...), anchorHoriz='center', anchorVert='center', antialias=True, autoLog=True, bold=False, color='black', colorSpace='named', contrast=1.0, depth=0.0, flipHoriz=False, flipVert=False, font='Arial', fontFiles=[], height=0.1, italic=False, languageStyle='LTR', name='ISIVisualStimulus', opacity=1.0, ori=0, pos=array([0., 0.]), rgb=array([0., 0., 0.]), text='ISI', units='height', win=Window(...), wrapWidth=1)
27.5761 	EXP 	Created rightStimulus = ImageStim(__class__=<class 'psychopy.visual.image.ImageStim'>, autoLog=True, color=array([1., 1., 1.]), colorSpace='rgb', contrast=1.0, depth=-1.0, flipHoriz=False, flipVert=False, image='lightBulb_OFF.png', interpolate=True, mask=None, maskParams=None, name='rightStimulus', opacity=1.0, ori=0.0, pos=array([0.5, 0. ]), size=array([0.4, 0.4]), texRes=128, units='height', win=Window(...))
27.6167 	EXP 	Created leftStimulus = ImageStim(__class__=<class 'psychopy.visual.image.ImageStim'>, autoLog=True, color=array([1., 1., 1.]), colorSpace='rgb', contrast=1.0, depth=-2.0, flipHoriz=False, flipVert=False, image='lightBulb_OFF.png', interpolate=True, mask=None, maskParams=None, name='leftStimulus', opacity=1.0, ori=0.0, pos=array([-0.5,  0. ]), size=array([0.4, 0.4]), texRes=128, units='height', win=Window(...))
27.6196 	EXP 	Created secondVisualStimulus = TextStim(__class__=<class 'psychopy.visual.text.TextStim'>, alignHoriz=method-wrapper(...), alignText='center', alignVert=method-wrapper(...), anchorHoriz='center', anchorVert='center', antialias=True, autoLog=True, bold=False, color='black', colorSpace='named', contrast=1.0, depth=-1.0, flipHoriz=False, flipVert=False, font='Arial', fontFiles=[], height=0.1, italic=False, languageStyle='LTR', name='secondVisualStimulus', opacity=1.0, ori=0, pos=array([0., 0.]), rgb=array([0., 0., 0.]), text='2', units='height', win=Window(...), wrapWidth=1)
27.6212 	EXP 	Sound secondChoiceNoise set volume 1.000
27.6212 	EXP 	Sound secondChoiceTone set volume 1.000
27.6622 	EXP 	Created secondChoiceLeftStimulus = ImageStim(__class__=<class 'psychopy.visual.image.ImageStim'>, autoLog=True, color=array([1., 1., 1.]), colorSpace='rgb', contrast=1.0, depth=-4.0, flipHoriz=False, flipVert=False, image='lightBulb_OFF.png', interpolate=True, mask=None, maskParams=None, name='secondChoiceLeftStimulus', opacity=1.0, ori=0.0, pos=array([-0.5,  0. ]), size=array([0.4, 0.4]), texRes=128, units='height', win=Window(...))
27.7022 	EXP 	Created secondChoiceRightStimulus = ImageStim(__class__=<class 'psychopy.visual.image.ImageStim'>, autoLog=True, color=array([1., 1., 1.]), colorSpace='rgb', contrast=1.0, depth=-5.0, flipHoriz=False, flipVert=False, image='lightBulb_ON.png', interpolate=True, mask=None, maskParams=None, name='secondChoiceRightStimulus', opacity=1.0, ori=0.0, pos=array([0.5, 0. ]), size=array([0.4, 0.4]), texRes=128, units='height', win=Window(...))
27.7107 	EXP 	Created decisionTextProbe = TextStim(__class__=<class 'psychopy.visual.text.TextStim'>, alignHoriz=method-wrapper(...), alignText='center', alignVert=method-wrapper(...), anchorHoriz='center', anchorVert='center', antialias=True, autoLog=True, bold=False, color='black', colorSpace='named', contrast=1.0, depth=-1.0, flipHoriz=False, flipVert=False, font='Arial', fontFiles=[], height=0.1, italic=False, languageStyle='LTR', name='decisionTextProbe', opacity=1.0, ori=0, pos=array([0., 0.]), rgb=array([0., 0., 0.]), text=str(...), units='height', win=Window(...), wrapWidth=1)
27.7151 	EXP 	Created feedbackText = TextStim(__class__=<class 'psychopy.visual.text.TextStim'>, alignHoriz=method-wrapper(...), alignText='center', alignVert=method-wrapper(...), anchorHoriz='center', anchorVert='center', antialias=True, autoLog=True, bold=False, color='black', colorSpace='named', contrast=1.0, depth=-1.0, flipHoriz=False, flipVert=False, font='Arial', fontFiles=[], height=0.1, italic=False, languageStyle='LTR', name='feedbackText', opacity=1.0, ori=0, pos=array([0., 0.]), rgb=array([0., 0., 0.]), text='default text', units='height', win=Window(...), wrapWidth=1)
27.7469 	EXP 	welcomeText: autoDraw = True
46.6344 	DATA 	Keypress: space
46.6382 	EXP 	welcomeText: autoDraw = False
46.6382 	EXP 	instructionsLightBulb1: autoDraw = True
46.6382 	EXP 	instructionsLightBulb2: autoDraw = True
46.6382 	EXP 	instructionsText: autoDraw = True
46.6382 	EXP 	pressSpace: autoDraw = True
47.3266 	DATA 	Keypress: space
47.3303 	EXP 	instructionsLightBulb1: autoDraw = False
47.3303 	EXP 	instructionsLightBulb2: autoDraw = False
47.3303 	EXP 	instructionsText: autoDraw = False
47.3303 	EXP 	pressSpace: autoDraw = False
47.3303 	EXP 	instructionsLightBulb1_2: autoDraw = True
47.3303 	EXP 	instructionsLightBulb2_2: autoDraw = True
47.3303 	EXP 	instructionsText_2: autoDraw = True
47.3303 	EXP 	pressSpace_2: autoDraw = True
48.1357 	DATA 	Keypress: space
48.1392 	EXP 	instructionsLightBulb1_2: autoDraw = False
48.1392 	EXP 	instructionsLightBulb2_2: autoDraw = False
48.1392 	EXP 	instructionsText_2: autoDraw = False
48.1392 	EXP 	pressSpace_2: autoDraw = False
48.1392 	EXP 	instructionsLightBulb1_3: autoDraw = True
48.1392 	EXP 	instructionsLightBulb2_3: autoDraw = True
48.1392 	EXP 	text_3: autoDraw = True
48.1392 	EXP 	pressSpace_3: autoDraw = True
48.6611 	DATA 	Keypress: space
48.6646 	EXP 	instructionsLightBulb1_3: autoDraw = False
48.6646 	EXP 	instructionsLightBulb2_3: autoDraw = False
48.6646 	EXP 	text_3: autoDraw = False
48.6646 	EXP 	pressSpace_3: autoDraw = False
48.6646 	EXP 	instructionsLightBulb1_4: autoDraw = True
48.6646 	EXP 	instructionsLightBulb2_4: autoDraw = True
49.6866 	EXP 	instructionsLightBulb1_4: autoDraw = False
49.6866 	EXP 	instructionsLightBulb2_4: autoDraw = False
49.6866 	EXP 	instructionsLightBulb1_5: autoDraw = True
49.6866 	EXP 	instructionsLightBulb2_5: autoDraw = True
49.6866 	EXP 	text_4: autoDraw = True
52.5824 	EXP 	instructionsLightBulb2_6: autoDraw = True
52.6993 	EXP 	instructionsLightBulb2_5: autoDraw = False
53.5692 	WARNING 	Got keycode {} but that code isn't yet known
53.5692 	WARNING 	Keypress was given unknown key code (176)
53.5849 	EXP 	pressSpace_4: autoDraw = True
54.4531 	WARNING 	Got keycode {} but that code isn't yet known
54.4532 	WARNING 	Keypress was given unknown key code (174)
55.1927 	DATA 	Keypress: space
55.2018 	EXP 	instructionsLightBulb1_5: autoDraw = False
55.2018 	EXP 	instructionsLightBulb2_5: autoDraw = False
55.2018 	EXP 	instructionsLightBulb2_6: autoDraw = False
55.2018 	EXP 	text_4: autoDraw = False
55.2018 	EXP 	pressSpace_4: autoDraw = False
55.2018 	EXP 	text_2: autoDraw = True
57.1879 	EXP 	text_5: autoDraw = True
58.2437 	DATA 	Keypress: space
58.2550 	EXP 	text_2: autoDraw = False
58.2550 	EXP 	text_5: autoDraw = False
58.2550 	EXP 	lightBulbOFF: autoDraw = True
60.2402 	EXP 	lightBulbON: autoDraw = True
60.2569 	EXP 	lightBulbOFF: autoDraw = False
61.2411 	EXP 	lightBulbON: autoDraw = False
61.2411 	EXP 	lightBulbOFF: autoDraw = False
61.2411 	EXP 	lightBulbON: autoDraw = False
61.2411 	EXP 	instructions_8_firstLine: autoDraw = True
63.2263 	EXP 	text_8: autoDraw = True
65.2282 	EXP 	text_9: autoDraw = True
67.2138 	EXP 	instructions_8_pressP: autoDraw = True
131.5684 	DEBUG 	Read Excel file with pandas: practiceConditionsFile.xlsx
131.5703 	DEBUG 	Clearing unnamed columns from practiceConditionsFile.xlsx
131.5706 	EXP 	Imported practiceConditionsFile.xlsx as conditions, 5 conditions, 1 params
131.5709 	EXP 	Created sequence: sequential, trialTypes=5, nReps=1, seed=None
131.5712 	EXP 	New trial (rep=0, index=0): OrderedDict([('condition', 1)])
131.5738 	DATA 	Keypress: p
131.5765 	EXP 	instructions_8_firstLine: autoDraw = False
131.5765 	EXP 	text_8: autoDraw = False
131.5765 	EXP 	text_9: autoDraw = False
131.5765 	EXP 	instructions_8_pressP: autoDraw = False
131.5765 	EXP 	text_6: autoDraw = True
134.6062 	EXP 	text_6: autoDraw = False
134.6062 	EXP 	firstVisualStimulus_2: autoDraw = True
134.6062 	EXP 	firstChoiceLeftStimulus_2: autoDraw = True
134.6062 	EXP 	firstChoiceRightStimulus_2: autoDraw = True
134.9979 	EXP 	firstVisualStimulus_2: autoDraw = False
134.9979 	EXP 	firstChoiceLeftStimulus_2: autoDraw = False
134.9979 	EXP 	firstChoiceRightStimulus_2: autoDraw = False
134.9979 	EXP 	firstVisualStimulus_2: autoDraw = False
134.9979 	EXP 	firstChoiceLeftStimulus_2: autoDraw = False
134.9979 	EXP 	firstChoiceRightStimulus_2: autoDraw = False
134.9979 	EXP 	ISIVisualStimulus_3: autoDraw = True
134.9979 	EXP 	rightStimulus_3: autoDraw = True
134.9979 	EXP 	leftStimulus_3: autoDraw = True
138.0227 	EXP 	ISIVisualStimulus_3: autoDraw = False
138.0227 	EXP 	rightStimulus_3: autoDraw = False
138.0227 	EXP 	leftStimulus_3: autoDraw = False
138.0227 	EXP 	secondVisualStimulus_2: autoDraw = True
138.0227 	EXP 	secondChoiceLeftStimulus_2: autoDraw = True
138.0227 	EXP 	secondChoiceRightStimulus_2: autoDraw = True
138.3525 	EXP 	secondVisualStimulus_2: autoDraw = False
138.3525 	EXP 	secondChoiceLeftStimulus_2: autoDraw = False
138.3525 	EXP 	secondChoiceRightStimulus_2: autoDraw = False
138.3525 	EXP 	secondVisualStimulus_2: autoDraw = False
138.3525 	EXP 	secondChoiceLeftStimulus_2: autoDraw = False
138.3525 	EXP 	secondChoiceRightStimulus_2: autoDraw = False
138.3525 	EXP 	decisionTextProbe_2: autoDraw = True
141.9353 	DATA 	Keypress: 1
141.9391 	EXP 	decisionTextProbe_2: autoDraw = False
141.9391 	EXP 	feedbackText_2: text = 'Correct'
141.9391 	EXP 	feedbackText_2: autoDraw = True
142.9254 	EXP 	New trial (rep=0, index=1): OrderedDict([('condition', 2)])
142.9395 	EXP 	feedbackText_2: autoDraw = False
142.9395 	EXP 	feedbackText_2: autoDraw = False
142.9395 	EXP 	text_6: autoDraw = True
145.9426 	EXP 	text_6: autoDraw = False
145.9426 	EXP 	text_6: autoDraw = False
145.9426 	EXP 	firstVisualStimulus_2: autoDraw = True
145.9426 	EXP 	firstChoiceLeftStimulus_2: autoDraw = True
145.9426 	EXP 	firstChoiceRightStimulus_2: autoDraw = True
146.2768 	EXP 	firstVisualStimulus_2: autoDraw = False
146.2768 	EXP 	firstChoiceLeftStimulus_2: autoDraw = False
146.2768 	EXP 	firstChoiceRightStimulus_2: autoDraw = False
146.2768 	EXP 	firstVisualStimulus_2: autoDraw = False
146.2768 	EXP 	firstChoiceLeftStimulus_2: autoDraw = False
146.2768 	EXP 	firstChoiceRightStimulus_2: autoDraw = False
146.2768 	EXP 	ISIVisualStimulus_3: autoDraw = True
146.2768 	EXP 	rightStimulus_3: autoDraw = True
146.2768 	EXP 	leftStimulus_3: autoDraw = True
149.2792 	EXP 	ISIVisualStimulus_3: autoDraw = False
149.2792 	EXP 	rightStimulus_3: autoDraw = False
149.2792 	EXP 	leftStimulus_3: autoDraw = False
149.2792 	EXP 	secondVisualStimulus_2: autoDraw = True
149.2792 	EXP 	secondChoiceLeftStimulus_2: autoDraw = True
149.2792 	EXP 	secondChoiceRightStimulus_2: autoDraw = True
149.6128 	EXP 	secondVisualStimulus_2: autoDraw = False
149.6128 	EXP 	secondChoiceLeftStimulus_2: autoDraw = False
149.6128 	EXP 	secondChoiceRightStimulus_2: autoDraw = False
149.6128 	EXP 	secondVisualStimulus_2: autoDraw = False
149.6128 	EXP 	secondChoiceLeftStimulus_2: autoDraw = False
149.6128 	EXP 	secondChoiceRightStimulus_2: autoDraw = False
149.6128 	EXP 	decisionTextProbe_2: autoDraw = True
151.8860 	DATA 	Keypress: escape
152.2068 	EXP 	window1: mouseVisible = True
152.2074 	DEBUG 	Saving data for toneDetectionPlatform_V1.6 ExperimentHandler
152.2200 	INFO 	saved data to C:\Users\W2032175\Documents\GitHub\Open-source-Auditory-Tone-Detection-Task\Auditory Tone Detection Task\data/_toneDetectionPlatform_V1.6_2020_Nov_02_1313.psydat
152.2281 	INFO 	saved data to 'C:\\Users\\W2032175\\Documents\\GitHub\\Open-source-Auditory-Tone-Detection-Task\\Auditory Tone Detection Task\\data/_toneDetectionPlatform_V1.6_2020_Nov_02_1313.csv'
