1.5077 	WARNING 	We strongly recommend you activate the PTB sound engine in PsychoPy prefs as the preferred audio engine. Its timing is vastly superior. Your prefs are currently set to use ['sounddevice', 'PTB', 'pyo', 'pygame'] (in that order).
44.8968 	INFO 	Loaded monitor calibration from ['2020_10_15 13:31']
46.5193 	EXP 	Created window1 = Window(allowGUI=False, allowStencil=False, args=UNKNOWN, autoLog=True, bitsMode=UNKNOWN, blendMode='avg', bpc=(8, 8, 8), color=array([1., 1., 1.]), colorSpace='rgb', depthBits=8, fullscr=<method-wrapper '__getattribute__' of attributeSetter object at 0x0000027AB1814438>, gamma=None, gammaErrorPolicy='raise', kwargs=UNKNOWN, lms=UNKNOWN, monitor=<psychopy.monitors.calibTools.Monitor object at 0x0000027AB1927CC0>, multiSample=False, name='window1', numSamples=2, pos=[0.0, 0.0], screen=0, size=array([1366,  768]), stencilBits=0, stereo=False, units='height', useFBO=True, useRetina=False, viewOri=0.0, viewPos=None, viewScale=None, waitBlanking=True, winType='pyglet')
46.5194 	EXP 	window1: mouseVisible = True
46.5194 	EXP 	window1: recordFrameIntervals = False
46.6859 	EXP 	window1: recordFrameIntervals = True
46.8695 	DEBUG 	Screen (0) actual frame rate measured at 59.97
46.8695 	EXP 	window1: recordFrameIntervals = False
47.0620 	EXP 	Created welcomeText = TextStim(__class__=<class 'psychopy.visual.text.TextStim'>, alignHoriz=method-wrapper(...), alignText='center', alignVert=method-wrapper(...), anchorHoriz='center', anchorVert='center', antialias=True, autoLog=True, bold=False, color='black', colorSpace='named', contrast=1.0, depth=0.0, flipHoriz=False, flipVert=False, font='Arial', fontFiles=[], height=0.07, italic=False, languageStyle='LTR', name='welcomeText', opacity=1.0, ori=0, pos=array([0., 0.]), rgb=array([0., 0., 0.]), text=str(...), units='height', win=Window(...), wrapWidth=1)
47.1028 	EXP 	Created instructionsLightBulb1 = ImageStim(__class__=<class 'psychopy.visual.image.ImageStim'>, autoLog=True, color=array([1., 1., 1.]), colorSpace='rgb', contrast=1.0, depth=0.0, flipHoriz=False, flipVert=False, image='lightBulb_OFF.png', interpolate=True, mask=None, maskParams=None, name='instructionsLightBulb1', opacity=1.0, ori=0.0, pos=array([-0.5,  0. ]), size=array([0.4, 0.4]), texRes=128, units='height', win=Window(...))
47.1423 	EXP 	Created instructionsLightBulb2 = ImageStim(__class__=<class 'psychopy.visual.image.ImageStim'>, autoLog=True, color=array([1., 1., 1.]), colorSpace='rgb', contrast=1.0, depth=-1.0, flipHoriz=False, flipVert=False, image='lightBulb_OFF.png', interpolate=True, mask=None, maskParams=None, name='instructionsLightBulb2', opacity=1.0, ori=0.0, pos=array([0.5, 0. ]), size=array([0.4, 0.4]), texRes=128, units='height', win=Window(...))
47.1641 	EXP 	Created instructionsText = TextStim(__class__=<class 'psychopy.visual.text.TextStim'>, alignHoriz=method-wrapper(...), alignText='center', alignVert=method-wrapper(...), anchorHoriz='center', anchorVert='center', antialias=True, autoLog=True, bold=False, color='black', colorSpace='named', contrast=1.0, depth=-2.0, flipHoriz=False, flipVert=False, font='Arial', fontFiles=[], height=0.05, italic=False, languageStyle='LTR', name='instructionsText', opacity=1.0, ori=0, pos=array([0. , 0.3]), rgb=array([0., 0., 0.]), text=str(...), units='height', win=Window(...), wrapWidth=1)
47.1695 	EXP 	Created pressSpace = TextStim(__class__=<class 'psychopy.visual.text.TextStim'>, alignHoriz=method-wrapper(...), alignText='center', alignVert=method-wrapper(...), anchorHoriz='center', anchorVert='center', antialias=True, autoLog=True, bold=False, color='black', colorSpace='named', contrast=1.0, depth=-3.0, flipHoriz=False, flipVert=False, font='Arial', fontFiles=[], height=0.05, italic=False, languageStyle='LTR', name='pressSpace', opacity=1.0, ori=0, pos=array([ 0. , -0.3]), rgb=array([0., 0., 0.]), text='PRESS SPACE to continue', units='height', win=Window(...), wrapWidth=1)
47.1947 	EXP 	Created instructionsLightBulb1_2 = ImageStim(__class__=<class 'psychopy.visual.image.ImageStim'>, autoLog=True, color=array([1., 1., 1.]), colorSpace='rgb', contrast=1.0, depth=0.0, flipHoriz=False, flipVert=False, image='lightBulb_OFF.png', interpolate=True, mask=None, maskParams=None, name='instructionsLightBulb1_2', opacity=1.0, ori=0.0, pos=array([-0.5,  0. ]), size=array([0.4, 0.4]), texRes=128, units='height', win=Window(...))
47.2201 	EXP 	Created instructionsLightBulb2_2 = ImageStim(__class__=<class 'psychopy.visual.image.ImageStim'>, autoLog=True, color=array([1., 1., 1.]), colorSpace='rgb', contrast=1.0, depth=-1.0, flipHoriz=False, flipVert=False, image='lightBulb_OFF.png', interpolate=True, mask=None, maskParams=None, name='instructionsLightBulb2_2', opacity=1.0, ori=0.0, pos=array([0.5, 0. ]), size=array([0.4, 0.4]), texRes=128, units='height', win=Window(...))
47.2247 	EXP 	Created instructionsText_2 = TextStim(__class__=<class 'psychopy.visual.text.TextStim'>, alignHoriz=method-wrapper(...), alignText='center', alignVert=method-wrapper(...), anchorHoriz='center', anchorVert='center', antialias=True, autoLog=True, bold=False, color='black', colorSpace='named', contrast=1.0, depth=-2.0, flipHoriz=False, flipVert=False, font='Arial', fontFiles=[], height=0.05, italic=False, languageStyle='LTR', name='instructionsText_2', opacity=1.0, ori=0, pos=array([0. , 0.3]), rgb=array([0., 0., 0.]), text='In each trial, the light bulbs will blink', units='height', win=Window(...), wrapWidth=1)
47.2272 	EXP 	Created pressSpace_2 = TextStim(__class__=<class 'psychopy.visual.text.TextStim'>, alignHoriz=method-wrapper(...), alignText='center', alignVert=method-wrapper(...), anchorHoriz='center', anchorVert='center', antialias=True, autoLog=True, bold=False, color='black', colorSpace='named', contrast=1.0, depth=-3.0, flipHoriz=False, flipVert=False, font='Arial', fontFiles=[], height=0.05, italic=False, languageStyle='LTR', name='pressSpace_2', opacity=1.0, ori=0, pos=array([ 0. , -0.3]), rgb=array([0., 0., 0.]), text='PRESS SPACE to continue', units='height', win=Window(...), wrapWidth=1)
47.2530 	EXP 	Created instructionsLightBulb1_3 = ImageStim(__class__=<class 'psychopy.visual.image.ImageStim'>, autoLog=True, color=array([1., 1., 1.]), colorSpace='rgb', contrast=1.0, depth=0.0, flipHoriz=False, flipVert=False, image='lightBulb_OFF.png', interpolate=True, mask=None, maskParams=None, name='instructionsLightBulb1_3', opacity=1.0, ori=0.0, pos=array([-0.5,  0. ]), size=array([0.4, 0.4]), texRes=128, units='height', win=Window(...))
47.2780 	EXP 	Created instructionsLightBulb2_3 = ImageStim(__class__=<class 'psychopy.visual.image.ImageStim'>, autoLog=True, color=array([1., 1., 1.]), colorSpace='rgb', contrast=1.0, depth=-1.0, flipHoriz=False, flipVert=False, image='lightBulb_OFF.png', interpolate=True, mask=None, maskParams=None, name='instructionsLightBulb2_3', opacity=1.0, ori=0.0, pos=array([0.5, 0. ]), size=array([0.4, 0.4]), texRes=128, units='height', win=Window(...))
47.2847 	EXP 	Created text_3 = TextStim(__class__=<class 'psychopy.visual.text.TextStim'>, alignHoriz=method-wrapper(...), alignText='center', alignVert=method-wrapper(...), anchorHoriz='center', anchorVert='center', antialias=True, autoLog=True, bold=False, color='black', colorSpace='named', contrast=1.0, depth=-2.0, flipHoriz=False, flipVert=False, font='Arial', fontFiles=[], height=0.05, italic=False, languageStyle='LTR', name='text_3', opacity=1.0, ori=0, pos=array([0. , 0.3]), rgb=array([0., 0., 0.]), text=str(...), units='height', win=Window(...), wrapWidth=1)
47.2875 	EXP 	Created pressSpace_3 = TextStim(__class__=<class 'psychopy.visual.text.TextStim'>, alignHoriz=method-wrapper(...), alignText='center', alignVert=method-wrapper(...), anchorHoriz='center', anchorVert='center', antialias=True, autoLog=True, bold=False, color='black', colorSpace='named', contrast=1.0, depth=-3.0, flipHoriz=False, flipVert=False, font='Arial', fontFiles=[], height=0.05, italic=False, languageStyle='LTR', name='pressSpace_3', opacity=1.0, ori=0, pos=array([ 0. , -0.3]), rgb=array([0., 0., 0.]), text='Press SPACE to see light bulb 1 blink', units='height', win=Window(...), wrapWidth=1)
47.3134 	EXP 	Created instructionsLightBulb1_4 = ImageStim(__class__=<class 'psychopy.visual.image.ImageStim'>, autoLog=True, color=array([1., 1., 1.]), colorSpace='rgb', contrast=1.0, depth=0.0, flipHoriz=False, flipVert=False, image='lightBulb_ON.png', interpolate=True, mask=None, maskParams=None, name='instructionsLightBulb1_4', opacity=1.0, ori=0.0, pos=array([-0.5,  0. ]), size=array([0.4, 0.4]), texRes=128, units='height', win=Window(...))
47.3383 	EXP 	Created instructionsLightBulb2_4 = ImageStim(__class__=<class 'psychopy.visual.image.ImageStim'>, autoLog=True, color=array([1., 1., 1.]), colorSpace='rgb', contrast=1.0, depth=-1.0, flipHoriz=False, flipVert=False, image='lightBulb_OFF.png', interpolate=True, mask=None, maskParams=None, name='instructionsLightBulb2_4', opacity=1.0, ori=0.0, pos=array([0.5, 0. ]), size=array([0.4, 0.4]), texRes=128, units='height', win=Window(...))
47.3769 	EXP 	Created instructionsLightBulb1_5 = ImageStim(__class__=<class 'psychopy.visual.image.ImageStim'>, autoLog=True, color=array([1., 1., 1.]), colorSpace='rgb', contrast=1.0, depth=0.0, flipHoriz=False, flipVert=False, image='lightBulb_OFF.png', interpolate=True, mask=None, maskParams=None, name='instructionsLightBulb1_5', opacity=1.0, ori=0.0, pos=array([-0.5,  0. ]), size=array([0.4, 0.4]), texRes=128, units='height', win=Window(...))
47.4164 	EXP 	Created instructionsLightBulb2_5 = ImageStim(__class__=<class 'psychopy.visual.image.ImageStim'>, autoLog=True, color=array([1., 1., 1.]), colorSpace='rgb', contrast=1.0, depth=-1.0, flipHoriz=False, flipVert=False, image='lightBulb_OFF.png', interpolate=True, mask=None, maskParams=None, name='instructionsLightBulb2_5', opacity=1.0, ori=0.0, pos=array([0.5, 0. ]), size=array([0.4, 0.4]), texRes=128, units='height', win=Window(...))
47.4557 	EXP 	Created instructionsLightBulb2_6 = ImageStim(__class__=<class 'psychopy.visual.image.ImageStim'>, autoLog=True, color=array([1., 1., 1.]), colorSpace='rgb', contrast=1.0, depth=-2.0, flipHoriz=False, flipVert=False, image='lightBulb_ON.png', interpolate=True, mask=None, maskParams=None, name='instructionsLightBulb2_6', opacity=1.0, ori=0.0, pos=array([0.5, 0. ]), size=array([0.4, 0.4]), texRes=128, units='height', win=Window(...))
47.4622 	EXP 	Created text_4 = TextStim(__class__=<class 'psychopy.visual.text.TextStim'>, alignHoriz=method-wrapper(...), alignText='center', alignVert=method-wrapper(...), anchorHoriz='center', anchorVert='center', antialias=True, autoLog=True, bold=False, color='black', colorSpace='named', contrast=1.0, depth=-3.0, flipHoriz=False, flipVert=False, font='Arial', fontFiles=[], height=0.05, italic=False, languageStyle='LTR', name='text_4', opacity=1.0, ori=0, pos=array([0. , 0.3]), rgb=array([0., 0., 0.]), text=str(...), units='height', win=Window(...), wrapWidth=1)
47.4647 	EXP 	Created pressSpace_4 = TextStim(__class__=<class 'psychopy.visual.text.TextStim'>, alignHoriz=method-wrapper(...), alignText='center', alignVert=method-wrapper(...), anchorHoriz='center', anchorVert='center', antialias=True, autoLog=True, bold=False, color='black', colorSpace='named', contrast=1.0, depth=-4.0, flipHoriz=False, flipVert=False, font='Arial', fontFiles=[], height=0.05, italic=False, languageStyle='LTR', name='pressSpace_4', opacity=1.0, ori=0, pos=array([ 0. , -0.3]), rgb=array([0., 0., 0.]), text='Press SPACE to continue', units='height', win=Window(...), wrapWidth=1)
47.4737 	EXP 	Created text_2 = TextStim(__class__=<class 'psychopy.visual.text.TextStim'>, alignHoriz=method-wrapper(...), alignText='center', alignVert=method-wrapper(...), anchorHoriz='center', anchorVert='center', antialias=True, autoLog=True, bold=False, color='black', colorSpace='named', contrast=1.0, depth=0.0, flipHoriz=False, flipVert=False, font='Arial', fontFiles=[], height=0.07, italic=False, languageStyle='LTR', name='text_2', opacity=1.0, ori=0, pos=array([0., 0.]), rgb=array([0., 0., 0.]), text=str(...), units='height', win=Window(...), wrapWidth=1)
47.4797 	EXP 	Created text_5 = TextStim(__class__=<class 'psychopy.visual.text.TextStim'>, alignHoriz=method-wrapper(...), alignText='center', alignVert=method-wrapper(...), anchorHoriz='center', anchorVert='center', antialias=True, autoLog=True, bold=False, color='black', colorSpace='named', contrast=1.0, depth=-1.0, flipHoriz=False, flipVert=False, font='Arial', fontFiles=[], height=0.07, italic=False, languageStyle='LTR', name='text_5', opacity=1.0, ori=0, pos=array([ 0. , -0.3]), rgb=array([0., 0., 0.]), text='press SPACEBAR to hear this sound', units='height', win=Window(...), wrapWidth=1)
47.5054 	EXP 	Created lightBulbOFF = ImageStim(__class__=<class 'psychopy.visual.image.ImageStim'>, autoLog=True, color=array([1., 1., 1.]), colorSpace='rgb', contrast=1.0, depth=-1.0, flipHoriz=False, flipVert=False, image='lightBulb_OFF.png', interpolate=True, mask=None, maskParams=None, name='lightBulbOFF', opacity=1.0, ori=0.0, pos=array([0., 0.]), size=array([0.5, 0.5]), texRes=128, units='height', win=Window(...))
47.5308 	EXP 	Created lightBulbON = ImageStim(__class__=<class 'psychopy.visual.image.ImageStim'>, autoLog=True, color=array([1., 1., 1.]), colorSpace='rgb', contrast=1.0, depth=-2.0, flipHoriz=False, flipVert=False, image='lightBulb_ON.png', interpolate=True, mask=None, maskParams=None, name='lightBulbON', opacity=1.0, ori=0.0, pos=array([0., 0.]), size=array([0.5, 0.5]), texRes=128, units='height', win=Window(...))
47.5437 	EXP 	Sound sound_1 set volume 1.000
47.5664 	EXP 	Created instructions_8_firstLine = TextStim(__class__=<class 'psychopy.visual.text.TextStim'>, alignHoriz=method-wrapper(...), alignText='center', alignVert=method-wrapper(...), anchorHoriz='center', anchorVert='center', antialias=True, autoLog=True, bold=False, color='black', colorSpace='named', contrast=1.0, depth=0.0, flipHoriz=False, flipVert=False, font='Arial', fontFiles=[], height=0.04, italic=False, languageStyle='LTR', name='instructions_8_firstLine', opacity=1.0, ori=0, pos=array([0. , 0.2]), rgb=array([0., 0., 0.]), text=str(...), units='height', win=Window(...), wrapWidth=1)
47.5731 	EXP 	Created text_8 = TextStim(__class__=<class 'psychopy.visual.text.TextStim'>, alignHoriz=method-wrapper(...), alignText='center', alignVert=method-wrapper(...), anchorHoriz='center', anchorVert='center', antialias=True, autoLog=True, bold=False, color='black', colorSpace='named', contrast=1.0, depth=-1.0, flipHoriz=False, flipVert=False, font='Arial', fontFiles=[], height=0.04, italic=False, languageStyle='LTR', name='text_8', opacity=1.0, ori=0, pos=array([0. , 0.1]), rgb=array([0., 0., 0.]), text=str(...), units='height', win=Window(...), wrapWidth=1)
47.5803 	EXP 	Created text_9 = TextStim(__class__=<class 'psychopy.visual.text.TextStim'>, alignHoriz=method-wrapper(...), alignText='center', alignVert=method-wrapper(...), anchorHoriz='center', anchorVert='center', antialias=True, autoLog=True, bold=False, color='black', colorSpace='named', contrast=1.0, depth=-2.0, flipHoriz=False, flipVert=False, font='Arial', fontFiles=[], height=0.04, italic=False, languageStyle='LTR', name='text_9', opacity=1.0, ori=0, pos=array([ 0.  , -0.02]), rgb=array([0., 0., 0.]), text=str(...), units='height', win=Window(...), wrapWidth=1)
47.5831 	EXP 	Created instructions_8_pressP = TextStim(__class__=<class 'psychopy.visual.text.TextStim'>, alignHoriz=method-wrapper(...), alignText='center', alignVert=method-wrapper(...), anchorHoriz='center', anchorVert='center', antialias=True, autoLog=True, bold=False, color='black', colorSpace='named', contrast=1.0, depth=-3.0, flipHoriz=False, flipVert=False, font='Arial', fontFiles=[], height=0.04, italic=False, languageStyle='LTR', name='instructions_8_pressP', opacity=1.0, ori=0, pos=array([ 0. , -0.3]), rgb=array([0., 0., 0.]), text="press 'p' to begin the practice trials!", units='height', win=Window(...), wrapWidth=1)
47.5907 	EXP 	Created text_6 = TextStim(__class__=<class 'psychopy.visual.text.TextStim'>, alignHoriz=method-wrapper(...), alignText='center', alignVert=method-wrapper(...), anchorHoriz='center', anchorVert='center', antialias=True, autoLog=True, bold=False, color='black', colorSpace='named', contrast=1.0, depth=-1.0, flipHoriz=False, flipVert=False, font='Arial', fontFiles=[], height=0.1, italic=False, languageStyle='LTR', name='text_6', opacity=1.0, ori=0, pos=array([0., 0.]), rgb=array([0., 0., 0.]), text='+', units='height', win=Window(...), wrapWidth=1)
47.5929 	EXP 	Created firstVisualStimulus_2 = TextStim(__class__=<class 'psychopy.visual.text.TextStim'>, alignHoriz=method-wrapper(...), alignText='center', alignVert=method-wrapper(...), anchorHoriz='center', anchorVert='center', antialias=True, autoLog=True, bold=False, color='black', colorSpace='named', contrast=1.0, depth=-1.0, flipHoriz=False, flipVert=False, font='Arial', fontFiles=[], height=0.1, italic=False, languageStyle='LTR', name='firstVisualStimulus_2', opacity=1.0, ori=0, pos=array([0., 0.]), rgb=array([0., 0., 0.]), text='1', units='height', win=Window(...), wrapWidth=1)
47.5930 	EXP 	Sound firstChoiceProbeTone_2 set volume 1.000
47.6201 	EXP 	Created firstChoiceLeftStimulus_2 = ImageStim(__class__=<class 'psychopy.visual.image.ImageStim'>, autoLog=True, color=array([1., 1., 1.]), colorSpace='rgb', contrast=1.0, depth=-3.0, flipHoriz=False, flipVert=False, image='lightBulb_ON.png', interpolate=True, mask=None, maskParams=None, name='firstChoiceLeftStimulus_2', opacity=1.0, ori=0.0, pos=array([-0.5,  0. ]), size=array([0.4, 0.4]), texRes=128, units='height', win=Window(...))
47.6468 	EXP 	Created firstChoiceRightStimulus_2 = ImageStim(__class__=<class 'psychopy.visual.image.ImageStim'>, autoLog=True, color=array([1., 1., 1.]), colorSpace='rgb', contrast=1.0, depth=-4.0, flipHoriz=False, flipVert=False, image='lightBulb_OFF.png', interpolate=True, mask=None, maskParams=None, name='firstChoiceRightStimulus_2', opacity=1.0, ori=0.0, pos=array([0.5, 0. ]), size=array([0.4, 0.4]), texRes=128, units='height', win=Window(...))
47.6511 	EXP 	Created ISIVisualStimulus_3 = TextStim(__class__=<class 'psychopy.visual.text.TextStim'>, alignHoriz=method-wrapper(...), alignText='center', alignVert=method-wrapper(...), anchorHoriz='center', anchorVert='center', antialias=True, autoLog=True, bold=False, color='black', colorSpace='named', contrast=1.0, depth=0.0, flipHoriz=False, flipVert=False, font='Arial', fontFiles=[], height=0.1, italic=False, languageStyle='LTR', name='ISIVisualStimulus_3', opacity=1.0, ori=0, pos=array([0., 0.]), rgb=array([0., 0., 0.]), text='ISI', units='height', win=Window(...), wrapWidth=1)
47.6783 	EXP 	Created rightStimulus_3 = ImageStim(__class__=<class 'psychopy.visual.image.ImageStim'>, autoLog=True, color=array([1., 1., 1.]), colorSpace='rgb', contrast=1.0, depth=-1.0, flipHoriz=False, flipVert=False, image='lightBulb_OFF.png', interpolate=True, mask=None, maskParams=None, name='rightStimulus_3', opacity=1.0, ori=0.0, pos=array([0.5, 0. ]), size=array([0.4, 0.4]), texRes=128, units='height', win=Window(...))
47.7046 	EXP 	Created leftStimulus_3 = ImageStim(__class__=<class 'psychopy.visual.image.ImageStim'>, autoLog=True, color=array([1., 1., 1.]), colorSpace='rgb', contrast=1.0, depth=-2.0, flipHoriz=False, flipVert=False, image='lightBulb_OFF.png', interpolate=True, mask=None, maskParams=None, name='leftStimulus_3', opacity=1.0, ori=0.0, pos=array([-0.5,  0. ]), size=array([0.4, 0.4]), texRes=128, units='height', win=Window(...))
47.7070 	EXP 	Created secondVisualStimulus_2 = TextStim(__class__=<class 'psychopy.visual.text.TextStim'>, alignHoriz=method-wrapper(...), alignText='center', alignVert=method-wrapper(...), anchorHoriz='center', anchorVert='center', antialias=True, autoLog=True, bold=False, color='black', colorSpace='named', contrast=1.0, depth=-1.0, flipHoriz=False, flipVert=False, font='Arial', fontFiles=[], height=0.1, italic=False, languageStyle='LTR', name='secondVisualStimulus_2', opacity=1.0, ori=0, pos=array([0., 0.]), rgb=array([0., 0., 0.]), text='2', units='height', win=Window(...), wrapWidth=1)
47.7072 	EXP 	Sound secondChoiceTone_2 set volume 1.000
47.7337 	EXP 	Created secondChoiceLeftStimulus_2 = ImageStim(__class__=<class 'psychopy.visual.image.ImageStim'>, autoLog=True, color=array([1., 1., 1.]), colorSpace='rgb', contrast=1.0, depth=-3.0, flipHoriz=False, flipVert=False, image='lightBulb_OFF.png', interpolate=True, mask=None, maskParams=None, name='secondChoiceLeftStimulus_2', opacity=1.0, ori=0.0, pos=array([-0.5,  0. ]), size=array([0.4, 0.4]), texRes=128, units='height', win=Window(...))
47.7601 	EXP 	Created secondChoiceRightStimulus_2 = ImageStim(__class__=<class 'psychopy.visual.image.ImageStim'>, autoLog=True, color=array([1., 1., 1.]), colorSpace='rgb', contrast=1.0, depth=-4.0, flipHoriz=False, flipVert=False, image='lightBulb_ON.png', interpolate=True, mask=None, maskParams=None, name='secondChoiceRightStimulus_2', opacity=1.0, ori=0.0, pos=array([0.5, 0. ]), size=array([0.4, 0.4]), texRes=128, units='height', win=Window(...))
47.7784 	EXP 	Created decisionTextProbe_2 = TextStim(__class__=<class 'psychopy.visual.text.TextStim'>, alignHoriz=method-wrapper(...), alignText='center', alignVert=method-wrapper(...), anchorHoriz='center', anchorVert='center', antialias=True, autoLog=True, bold=False, color='black', colorSpace='named', contrast=1.0, depth=-1.0, flipHoriz=False, flipVert=False, font='Arial', fontFiles=[], height=0.1, italic=False, languageStyle='LTR', name='decisionTextProbe_2', opacity=1.0, ori=0, pos=array([0., 0.]), rgb=array([0., 0., 0.]), text=str(...), units='height', win=Window(...), wrapWidth=1)
47.7831 	EXP 	Created feedbackText_2 = TextStim(__class__=<class 'psychopy.visual.text.TextStim'>, alignHoriz=method-wrapper(...), alignText='center', alignVert=method-wrapper(...), anchorHoriz='center', anchorVert='center', antialias=True, autoLog=True, bold=False, color='black', colorSpace='named', contrast=1.0, depth=-1.0, flipHoriz=False, flipVert=False, font='Arial', fontFiles=[], height=0.1, italic=False, languageStyle='LTR', name='feedbackText_2', opacity=1.0, ori=0, pos=array([0., 0.]), rgb=array([0., 0., 0.]), text='default text', units='height', win=Window(...), wrapWidth=1)
47.7983 	EXP 	Created text_7 = TextStim(__class__=<class 'psychopy.visual.text.TextStim'>, alignHoriz=method-wrapper(...), alignText='center', alignVert=method-wrapper(...), anchorHoriz='center', anchorVert='center', antialias=True, autoLog=True, bold=False, color='black', colorSpace='named', contrast=1.0, depth=0.0, flipHoriz=False, flipVert=False, font='Arial', fontFiles=[], height=0.05, italic=False, languageStyle='LTR', name='text_7', opacity=1.0, ori=0, pos=array([0., 0.]), rgb=array([0., 0., 0.]), text=str(...), units='height', win=Window(...), wrapWidth=1)
47.8173 	EXP 	Created text_10 = TextStim(__class__=<class 'psychopy.visual.text.TextStim'>, alignHoriz=method-wrapper(...), alignText='center', alignVert=method-wrapper(...), anchorHoriz='center', anchorVert='center', antialias=True, autoLog=True, bold=False, color='black', colorSpace='named', contrast=1.0, depth=0.0, flipHoriz=False, flipVert=False, font='Arial', fontFiles=[], height=0.05, italic=False, languageStyle='LTR', name='text_10', opacity=1.0, ori=0, pos=array([0., 0.]), rgb=array([0., 0., 0.]), text=str(...), units='height', win=Window(...), wrapWidth=1)
47.8190 	EXP 	Created firstITI = TextStim(__class__=<class 'psychopy.visual.text.TextStim'>, alignHoriz=method-wrapper(...), alignText='center', alignVert=method-wrapper(...), anchorHoriz='center', anchorVert='center', antialias=True, autoLog=True, bold=False, color='black', colorSpace='named', contrast=1.0, depth=-1.0, flipHoriz=False, flipVert=False, font='Arial', fontFiles=[], height=0.1, italic=False, languageStyle='LTR', name='firstITI', opacity=1.0, ori=0, pos=array([0., 0.]), rgb=array([0., 0., 0.]), text='+', units='height', win=Window(...), wrapWidth=1)
47.8202 	EXP 	Created text = TextStim(__class__=<class 'psychopy.visual.text.TextStim'>, alignHoriz=method-wrapper(...), alignText='center', alignVert=method-wrapper(...), anchorHoriz='center', anchorVert='center', antialias=True, autoLog=True, bold=False, color='black', colorSpace='named', contrast=1.0, depth=0.0, flipHoriz=False, flipVert=False, font='Arial', fontFiles=[], height=0.1, italic=False, languageStyle='LTR', name='text', opacity=1.0, ori=0, pos=array([0., 0.]), rgb=array([0., 0., 0.]), text='+', units='height', win=Window(...), wrapWidth=1)
47.8216 	EXP 	Created firstVisualStimulus = TextStim(__class__=<class 'psychopy.visual.text.TextStim'>, alignHoriz=method-wrapper(...), alignText='center', alignVert=method-wrapper(...), anchorHoriz='center', anchorVert='center', antialias=True, autoLog=True, bold=False, color='black', colorSpace='named', contrast=1.0, depth=-1.0, flipHoriz=False, flipVert=False, font='Arial', fontFiles=[], height=0.1, italic=False, languageStyle='LTR', name='firstVisualStimulus', opacity=1.0, ori=0, pos=array([0., 0.]), rgb=array([0., 0., 0.]), text='1', units='height', win=Window(...), wrapWidth=1)
47.8436 	EXP 	Sound firstChoiceNoise set volume 1.000
47.8437 	EXP 	Sound firstChoiceProbeTone set volume 1.000
47.8653 	EXP 	Created firstChoiceLeftStimulus = ImageStim(__class__=<class 'psychopy.visual.image.ImageStim'>, autoLog=True, color=array([1., 1., 1.]), colorSpace='rgb', contrast=1.0, depth=-4.0, flipHoriz=False, flipVert=False, image='lightBulb_ON.png', interpolate=True, mask=None, maskParams=None, name='firstChoiceLeftStimulus', opacity=1.0, ori=0.0, pos=array([-0.5,  0. ]), size=array([0.4, 0.4]), texRes=128, units='height', win=Window(...))
47.8911 	EXP 	Created firstChoiceRightStimulus = ImageStim(__class__=<class 'psychopy.visual.image.ImageStim'>, autoLog=True, color=array([1., 1., 1.]), colorSpace='rgb', contrast=1.0, depth=-5.0, flipHoriz=False, flipVert=False, image='lightBulb_OFF.png', interpolate=True, mask=None, maskParams=None, name='firstChoiceRightStimulus', opacity=1.0, ori=0.0, pos=array([0.5, 0. ]), size=array([0.4, 0.4]), texRes=128, units='height', win=Window(...))
47.8937 	EXP 	Created ISIVisualStimulus = TextStim(__class__=<class 'psychopy.visual.text.TextStim'>, alignHoriz=method-wrapper(...), alignText='center', alignVert=method-wrapper(...), anchorHoriz='center', anchorVert='center', antialias=True, autoLog=True, bold=False, color='black', colorSpace='named', contrast=1.0, depth=0.0, flipHoriz=False, flipVert=False, font='Arial', fontFiles=[], height=0.1, italic=False, languageStyle='LTR', name='ISIVisualStimulus', opacity=1.0, ori=0, pos=array([0., 0.]), rgb=array([0., 0., 0.]), text='ISI', units='height', win=Window(...), wrapWidth=1)
47.9195 	EXP 	Created rightStimulus = ImageStim(__class__=<class 'psychopy.visual.image.ImageStim'>, autoLog=True, color=array([1., 1., 1.]), colorSpace='rgb', contrast=1.0, depth=-1.0, flipHoriz=False, flipVert=False, image='lightBulb_OFF.png', interpolate=True, mask=None, maskParams=None, name='rightStimulus', opacity=1.0, ori=0.0, pos=array([0.5, 0. ]), size=array([0.4, 0.4]), texRes=128, units='height', win=Window(...))
47.9461 	EXP 	Created leftStimulus = ImageStim(__class__=<class 'psychopy.visual.image.ImageStim'>, autoLog=True, color=array([1., 1., 1.]), colorSpace='rgb', contrast=1.0, depth=-2.0, flipHoriz=False, flipVert=False, image='lightBulb_OFF.png', interpolate=True, mask=None, maskParams=None, name='leftStimulus', opacity=1.0, ori=0.0, pos=array([-0.5,  0. ]), size=array([0.4, 0.4]), texRes=128, units='height', win=Window(...))
47.9484 	EXP 	Created secondVisualStimulus = TextStim(__class__=<class 'psychopy.visual.text.TextStim'>, alignHoriz=method-wrapper(...), alignText='center', alignVert=method-wrapper(...), anchorHoriz='center', anchorVert='center', antialias=True, autoLog=True, bold=False, color='black', colorSpace='named', contrast=1.0, depth=-1.0, flipHoriz=False, flipVert=False, font='Arial', fontFiles=[], height=0.1, italic=False, languageStyle='LTR', name='secondVisualStimulus', opacity=1.0, ori=0, pos=array([0., 0.]), rgb=array([0., 0., 0.]), text='2', units='height', win=Window(...), wrapWidth=1)
47.9697 	EXP 	Sound secondChoiceNoise set volume 1.000
47.9697 	EXP 	Sound secondChoiceTone set volume 1.000
47.9958 	EXP 	Created secondChoiceLeftStimulus = ImageStim(__class__=<class 'psychopy.visual.image.ImageStim'>, autoLog=True, color=array([1., 1., 1.]), colorSpace='rgb', contrast=1.0, depth=-4.0, flipHoriz=False, flipVert=False, image='lightBulb_OFF.png', interpolate=True, mask=None, maskParams=None, name='secondChoiceLeftStimulus', opacity=1.0, ori=0.0, pos=array([-0.5,  0. ]), size=array([0.4, 0.4]), texRes=128, units='height', win=Window(...))
48.0223 	EXP 	Created secondChoiceRightStimulus = ImageStim(__class__=<class 'psychopy.visual.image.ImageStim'>, autoLog=True, color=array([1., 1., 1.]), colorSpace='rgb', contrast=1.0, depth=-5.0, flipHoriz=False, flipVert=False, image='lightBulb_ON.png', interpolate=True, mask=None, maskParams=None, name='secondChoiceRightStimulus', opacity=1.0, ori=0.0, pos=array([0.5, 0. ]), size=array([0.4, 0.4]), texRes=128, units='height', win=Window(...))
48.0280 	EXP 	Created decisionTextProbe = TextStim(__class__=<class 'psychopy.visual.text.TextStim'>, alignHoriz=method-wrapper(...), alignText='center', alignVert=method-wrapper(...), anchorHoriz='center', anchorVert='center', antialias=True, autoLog=True, bold=False, color='black', colorSpace='named', contrast=1.0, depth=-1.0, flipHoriz=False, flipVert=False, font='Arial', fontFiles=[], height=0.1, italic=False, languageStyle='LTR', name='decisionTextProbe', opacity=1.0, ori=0, pos=array([0., 0.]), rgb=array([0., 0., 0.]), text=str(...), units='height', win=Window(...), wrapWidth=1)
48.0309 	EXP 	Created feedbackText = TextStim(__class__=<class 'psychopy.visual.text.TextStim'>, alignHoriz=method-wrapper(...), alignText='center', alignVert=method-wrapper(...), anchorHoriz='center', anchorVert='center', antialias=True, autoLog=True, bold=False, color='black', colorSpace='named', contrast=1.0, depth=-1.0, flipHoriz=False, flipVert=False, font='Arial', fontFiles=[], height=0.1, italic=False, languageStyle='LTR', name='feedbackText', opacity=1.0, ori=0, pos=array([0., 0.]), rgb=array([0., 0., 0.]), text='default text', units='height', win=Window(...), wrapWidth=1)
48.0610 	EXP 	welcomeText: autoDraw = True
49.1087 	EXP 	Created sequence: sequential, trialTypes=1, nReps=0, seed=None
49.1089 	EXP 	Created sequence: random, trialTypes=1, nReps=0, seed=None
49.1115 	DATA 	Keypress: space
49.1215 	EXP 	welcomeText: autoDraw = False
49.1215 	EXP 	text_10: autoDraw = True
49.4432 	DATA 	Keypress: space
50.0796 	DATA 	Keypress: b
50.0891 	EXP 	text_10: autoDraw = False
50.0891 	EXP 	firstITI: autoDraw = True
55.1599 	DEBUG 	Read Excel file with pandas: questConditionsFile.xlsx
55.1613 	DEBUG 	Clearing unnamed columns from questConditionsFile.xlsx
55.1619 	EXP 	Imported questConditionsFile.xlsx as conditions, 1 conditions, 11 params
55.7926 	DEBUG 	Using C:\Program Files\PsychoPy3\lib\site-packages\psychopy\data\staircase.py as origin file
55.7964 	DEBUG 	Using C:\Program Files\PsychoPy3\lib\site-packages\psychopy\data\staircase.py as origin file
55.8026 	EXP 	firstITI: autoDraw = False
55.8026 	EXP 	text: autoDraw = True
56.1747 	EXP 	text: autoDraw = False
56.1747 	EXP 	firstVisualStimulus: autoDraw = True
56.1747 	EXP 	firstChoiceLeftStimulus: autoDraw = True
56.1747 	EXP 	firstChoiceRightStimulus: autoDraw = True
56.5364 	EXP 	firstVisualStimulus: autoDraw = False
56.5364 	EXP 	firstChoiceLeftStimulus: autoDraw = False
56.5364 	EXP 	firstChoiceRightStimulus: autoDraw = False
56.5364 	EXP 	firstVisualStimulus: autoDraw = False
56.5364 	EXP 	firstChoiceLeftStimulus: autoDraw = False
56.5364 	EXP 	firstChoiceRightStimulus: autoDraw = False
56.5364 	EXP 	ISIVisualStimulus: autoDraw = True
56.5364 	EXP 	rightStimulus: autoDraw = True
56.5364 	EXP 	leftStimulus: autoDraw = True
57.5727 	EXP 	ISIVisualStimulus: autoDraw = False
57.5727 	EXP 	rightStimulus: autoDraw = False
57.5727 	EXP 	leftStimulus: autoDraw = False
57.5727 	EXP 	secondVisualStimulus: autoDraw = True
57.5727 	EXP 	secondChoiceLeftStimulus: autoDraw = True
57.5727 	EXP 	secondChoiceRightStimulus: autoDraw = True
57.8967 	EXP 	secondVisualStimulus: autoDraw = False
57.8967 	EXP 	secondChoiceLeftStimulus: autoDraw = False
57.8967 	EXP 	secondChoiceRightStimulus: autoDraw = False
57.8967 	EXP 	secondVisualStimulus: autoDraw = False
57.8967 	EXP 	secondChoiceLeftStimulus: autoDraw = False
57.8967 	EXP 	secondChoiceRightStimulus: autoDraw = False
57.8967 	EXP 	decisionTextProbe: autoDraw = True
61.4284 	DATA 	Keypress: 1
61.4337 	EXP 	decisionTextProbe: autoDraw = False
61.4337 	EXP 	feedbackText: text = 'Correct'
61.4337 	EXP 	feedbackText: autoDraw = True
62.4345 	EXP 	feedbackText: autoDraw = False
62.4345 	EXP 	feedbackText: autoDraw = False
62.4345 	EXP 	text: autoDraw = True
63.4483 	EXP 	text: autoDraw = False
63.4483 	EXP 	text: autoDraw = False
63.4677 	EXP 	firstVisualStimulus: autoDraw = True
63.4677 	EXP 	firstChoiceLeftStimulus: autoDraw = True
63.4677 	EXP 	firstChoiceRightStimulus: autoDraw = True
63.8026 	EXP 	firstVisualStimulus: autoDraw = False
63.8026 	EXP 	firstChoiceLeftStimulus: autoDraw = False
63.8026 	EXP 	firstChoiceRightStimulus: autoDraw = False
63.8026 	EXP 	firstVisualStimulus: autoDraw = False
63.8026 	EXP 	firstChoiceLeftStimulus: autoDraw = False
63.8026 	EXP 	firstChoiceRightStimulus: autoDraw = False
63.8026 	EXP 	ISIVisualStimulus: autoDraw = True
63.8026 	EXP 	rightStimulus: autoDraw = True
63.8026 	EXP 	leftStimulus: autoDraw = True
64.8165 	EXP 	ISIVisualStimulus: autoDraw = False
64.8165 	EXP 	rightStimulus: autoDraw = False
64.8165 	EXP 	leftStimulus: autoDraw = False
64.8165 	EXP 	ISIVisualStimulus: autoDraw = False
64.8165 	EXP 	rightStimulus: autoDraw = False
64.8165 	EXP 	leftStimulus: autoDraw = False
64.8357 	EXP 	secondVisualStimulus: autoDraw = True
64.8357 	EXP 	secondChoiceLeftStimulus: autoDraw = True
64.8357 	EXP 	secondChoiceRightStimulus: autoDraw = True
65.1706 	EXP 	secondVisualStimulus: autoDraw = False
65.1706 	EXP 	secondChoiceLeftStimulus: autoDraw = False
65.1706 	EXP 	secondChoiceRightStimulus: autoDraw = False
65.1706 	EXP 	secondVisualStimulus: autoDraw = False
65.1706 	EXP 	secondChoiceLeftStimulus: autoDraw = False
65.1706 	EXP 	secondChoiceRightStimulus: autoDraw = False
65.1706 	EXP 	decisionTextProbe: autoDraw = True
66.0473 	DATA 	Keypress: 1
66.0549 	EXP 	decisionTextProbe: autoDraw = False
66.0549 	EXP 	feedbackText: text = 'Incorrect'
66.0549 	EXP 	feedbackText: autoDraw = True
67.0562 	EXP 	feedbackText: autoDraw = False
67.0562 	EXP 	feedbackText: autoDraw = False
67.0562 	EXP 	text: autoDraw = True
68.0702 	EXP 	text: autoDraw = False
68.0702 	EXP 	text: autoDraw = False
68.0893 	EXP 	firstVisualStimulus: autoDraw = True
68.0893 	EXP 	firstChoiceLeftStimulus: autoDraw = True
68.0893 	EXP 	firstChoiceRightStimulus: autoDraw = True
68.4241 	EXP 	firstVisualStimulus: autoDraw = False
68.4241 	EXP 	firstChoiceLeftStimulus: autoDraw = False
68.4241 	EXP 	firstChoiceRightStimulus: autoDraw = False
68.4241 	EXP 	firstVisualStimulus: autoDraw = False
68.4241 	EXP 	firstChoiceLeftStimulus: autoDraw = False
68.4241 	EXP 	firstChoiceRightStimulus: autoDraw = False
68.4241 	EXP 	ISIVisualStimulus: autoDraw = True
68.4241 	EXP 	rightStimulus: autoDraw = True
68.4241 	EXP 	leftStimulus: autoDraw = True
69.4368 	EXP 	ISIVisualStimulus: autoDraw = False
69.4368 	EXP 	rightStimulus: autoDraw = False
69.4368 	EXP 	leftStimulus: autoDraw = False
69.4368 	EXP 	ISIVisualStimulus: autoDraw = False
69.4368 	EXP 	rightStimulus: autoDraw = False
69.4368 	EXP 	leftStimulus: autoDraw = False
69.4573 	EXP 	secondVisualStimulus: autoDraw = True
69.4573 	EXP 	secondChoiceLeftStimulus: autoDraw = True
69.4573 	EXP 	secondChoiceRightStimulus: autoDraw = True
69.7919 	EXP 	secondVisualStimulus: autoDraw = False
69.7919 	EXP 	secondChoiceLeftStimulus: autoDraw = False
69.7919 	EXP 	secondChoiceRightStimulus: autoDraw = False
69.7919 	EXP 	secondVisualStimulus: autoDraw = False
69.7919 	EXP 	secondChoiceLeftStimulus: autoDraw = False
69.7919 	EXP 	secondChoiceRightStimulus: autoDraw = False
69.7919 	EXP 	decisionTextProbe: autoDraw = True
70.6656 	DATA 	Keypress: 2
70.6764 	EXP 	decisionTextProbe: autoDraw = False
70.6764 	EXP 	feedbackText: text = 'Incorrect'
70.6764 	EXP 	feedbackText: autoDraw = True
71.6774 	EXP 	feedbackText: autoDraw = False
71.6774 	EXP 	feedbackText: autoDraw = False
71.6774 	EXP 	text: autoDraw = True
72.6893 	EXP 	text: autoDraw = False
72.6893 	EXP 	text: autoDraw = False
72.6959 	EXP 	firstVisualStimulus: autoDraw = True
72.6959 	EXP 	firstChoiceLeftStimulus: autoDraw = True
72.6959 	EXP 	firstChoiceRightStimulus: autoDraw = True
73.0285 	EXP 	firstVisualStimulus: autoDraw = False
73.0285 	EXP 	firstChoiceLeftStimulus: autoDraw = False
73.0285 	EXP 	firstChoiceRightStimulus: autoDraw = False
73.0285 	EXP 	firstVisualStimulus: autoDraw = False
73.0285 	EXP 	firstChoiceLeftStimulus: autoDraw = False
73.0285 	EXP 	firstChoiceRightStimulus: autoDraw = False
73.0285 	EXP 	ISIVisualStimulus: autoDraw = True
73.0285 	EXP 	rightStimulus: autoDraw = True
73.0285 	EXP 	leftStimulus: autoDraw = True
74.0420 	EXP 	ISIVisualStimulus: autoDraw = False
74.0420 	EXP 	rightStimulus: autoDraw = False
74.0420 	EXP 	leftStimulus: autoDraw = False
74.0420 	EXP 	ISIVisualStimulus: autoDraw = False
74.0420 	EXP 	rightStimulus: autoDraw = False
74.0420 	EXP 	leftStimulus: autoDraw = False
74.0618 	EXP 	secondVisualStimulus: autoDraw = True
74.0618 	EXP 	secondChoiceLeftStimulus: autoDraw = True
74.0618 	EXP 	secondChoiceRightStimulus: autoDraw = True
74.3966 	EXP 	secondVisualStimulus: autoDraw = False
74.3966 	EXP 	secondChoiceLeftStimulus: autoDraw = False
74.3966 	EXP 	secondChoiceRightStimulus: autoDraw = False
74.3966 	EXP 	secondVisualStimulus: autoDraw = False
74.3966 	EXP 	secondChoiceLeftStimulus: autoDraw = False
74.3966 	EXP 	secondChoiceRightStimulus: autoDraw = False
74.3966 	EXP 	decisionTextProbe: autoDraw = True
75.3571 	DATA 	Keypress: 2
75.3643 	EXP 	decisionTextProbe: autoDraw = False
75.3643 	EXP 	feedbackText: text = 'Correct'
75.3643 	EXP 	feedbackText: autoDraw = True
76.3653 	EXP 	feedbackText: autoDraw = False
76.3653 	EXP 	feedbackText: autoDraw = False
76.3653 	EXP 	text: autoDraw = True
77.3781 	EXP 	text: autoDraw = False
77.3781 	EXP 	text: autoDraw = False
77.3844 	EXP 	firstVisualStimulus: autoDraw = True
77.3844 	EXP 	firstChoiceLeftStimulus: autoDraw = True
77.3844 	EXP 	firstChoiceRightStimulus: autoDraw = True
77.7164 	EXP 	firstVisualStimulus: autoDraw = False
77.7164 	EXP 	firstChoiceLeftStimulus: autoDraw = False
77.7164 	EXP 	firstChoiceRightStimulus: autoDraw = False
77.7164 	EXP 	firstVisualStimulus: autoDraw = False
77.7164 	EXP 	firstChoiceLeftStimulus: autoDraw = False
77.7164 	EXP 	firstChoiceRightStimulus: autoDraw = False
77.7164 	EXP 	ISIVisualStimulus: autoDraw = True
77.7164 	EXP 	rightStimulus: autoDraw = True
77.7164 	EXP 	leftStimulus: autoDraw = True
78.7308 	EXP 	ISIVisualStimulus: autoDraw = False
78.7308 	EXP 	rightStimulus: autoDraw = False
78.7308 	EXP 	leftStimulus: autoDraw = False
78.7308 	EXP 	ISIVisualStimulus: autoDraw = False
78.7308 	EXP 	rightStimulus: autoDraw = False
78.7308 	EXP 	leftStimulus: autoDraw = False
78.7493 	EXP 	secondVisualStimulus: autoDraw = True
78.7493 	EXP 	secondChoiceLeftStimulus: autoDraw = True
78.7493 	EXP 	secondChoiceRightStimulus: autoDraw = True
79.0850 	EXP 	secondVisualStimulus: autoDraw = False
79.0850 	EXP 	secondChoiceLeftStimulus: autoDraw = False
79.0850 	EXP 	secondChoiceRightStimulus: autoDraw = False
79.0850 	EXP 	secondVisualStimulus: autoDraw = False
79.0850 	EXP 	secondChoiceLeftStimulus: autoDraw = False
79.0850 	EXP 	secondChoiceRightStimulus: autoDraw = False
79.0850 	EXP 	decisionTextProbe: autoDraw = True
80.8300 	DATA 	Keypress: 2
80.8363 	EXP 	decisionTextProbe: autoDraw = False
80.8363 	EXP 	feedbackText: text = 'Incorrect'
80.8363 	EXP 	feedbackText: autoDraw = True
81.8371 	EXP 	feedbackText: autoDraw = False
81.8371 	EXP 	feedbackText: autoDraw = False
81.8371 	EXP 	text: autoDraw = True
82.8524 	EXP 	text: autoDraw = False
82.8524 	EXP 	text: autoDraw = False
82.8718 	EXP 	firstVisualStimulus: autoDraw = True
82.8718 	EXP 	firstChoiceLeftStimulus: autoDraw = True
82.8718 	EXP 	firstChoiceRightStimulus: autoDraw = True
83.2055 	EXP 	firstVisualStimulus: autoDraw = False
83.2055 	EXP 	firstChoiceLeftStimulus: autoDraw = False
83.2055 	EXP 	firstChoiceRightStimulus: autoDraw = False
83.2055 	EXP 	firstVisualStimulus: autoDraw = False
83.2055 	EXP 	firstChoiceLeftStimulus: autoDraw = False
83.2055 	EXP 	firstChoiceRightStimulus: autoDraw = False
83.2055 	EXP 	ISIVisualStimulus: autoDraw = True
83.2055 	EXP 	rightStimulus: autoDraw = True
83.2055 	EXP 	leftStimulus: autoDraw = True
84.2202 	EXP 	ISIVisualStimulus: autoDraw = False
84.2202 	EXP 	rightStimulus: autoDraw = False
84.2202 	EXP 	leftStimulus: autoDraw = False
84.2202 	EXP 	ISIVisualStimulus: autoDraw = False
84.2202 	EXP 	rightStimulus: autoDraw = False
84.2202 	EXP 	leftStimulus: autoDraw = False
84.2394 	EXP 	secondVisualStimulus: autoDraw = True
84.2394 	EXP 	secondChoiceLeftStimulus: autoDraw = True
84.2394 	EXP 	secondChoiceRightStimulus: autoDraw = True
84.5735 	EXP 	secondVisualStimulus: autoDraw = False
84.5735 	EXP 	secondChoiceLeftStimulus: autoDraw = False
84.5735 	EXP 	secondChoiceRightStimulus: autoDraw = False
84.5735 	EXP 	secondVisualStimulus: autoDraw = False
84.5735 	EXP 	secondChoiceLeftStimulus: autoDraw = False
84.5735 	EXP 	secondChoiceRightStimulus: autoDraw = False
84.5735 	EXP 	decisionTextProbe: autoDraw = True
86.0318 	DATA 	Keypress: 1
86.0412 	EXP 	decisionTextProbe: autoDraw = False
86.0412 	EXP 	feedbackText: text = 'Incorrect'
86.0412 	EXP 	feedbackText: autoDraw = True
87.0425 	EXP 	feedbackText: autoDraw = False
87.0425 	EXP 	feedbackText: autoDraw = False
87.0425 	EXP 	text: autoDraw = True
88.0582 	EXP 	text: autoDraw = False
88.0582 	EXP 	text: autoDraw = False
88.0769 	EXP 	firstVisualStimulus: autoDraw = True
88.0769 	EXP 	firstChoiceLeftStimulus: autoDraw = True
88.0769 	EXP 	firstChoiceRightStimulus: autoDraw = True
88.4104 	EXP 	firstVisualStimulus: autoDraw = False
88.4104 	EXP 	firstChoiceLeftStimulus: autoDraw = False
88.4104 	EXP 	firstChoiceRightStimulus: autoDraw = False
88.4104 	EXP 	firstVisualStimulus: autoDraw = False
88.4104 	EXP 	firstChoiceLeftStimulus: autoDraw = False
88.4104 	EXP 	firstChoiceRightStimulus: autoDraw = False
88.4104 	EXP 	ISIVisualStimulus: autoDraw = True
88.4104 	EXP 	rightStimulus: autoDraw = True
88.4104 	EXP 	leftStimulus: autoDraw = True
88.9466 	DATA 	Keypress: escape
89.2809 	EXP 	window1: mouseVisible = True
89.2811 	DEBUG 	Saving data for toneDetectionPlatform_V1.6 ExperimentHandler
89.3007 	INFO 	saved data to C:\Users\W2032175\Documents\GitHub\Open-source-Auditory-Tone-Detection-Task\Auditory Tone Detection Task\data/_toneDetectionPlatform_V1.6_2020_Nov_02_1700.psydat
89.3078 	INFO 	saved data to 'C:\\Users\\W2032175\\Documents\\GitHub\\Open-source-Auditory-Tone-Detection-Task\\Auditory Tone Detection Task\\data/_toneDetectionPlatform_V1.6_2020_Nov_02_1700.csv'
