1.5228 	WARNING 	We strongly recommend you activate the PTB sound engine in PsychoPy prefs as the preferred audio engine. Its timing is vastly superior. Your prefs are currently set to use ['sounddevice', 'PTB', 'pyo', 'pygame'] (in that order).
14.6972 	INFO 	Loaded monitor calibration from ['2020_10_15 13:31']
14.7062 	WARNING 	User requested fullscreen with size [1920 1080], but screen is actually [1366, 768]. Using actual size
16.1149 	EXP 	Created window1 = Window(allowGUI=False, allowStencil=False, args=UNKNOWN, autoLog=True, bitsMode=UNKNOWN, blendMode='avg', bpc=(8, 8, 8), color=array([1., 1., 1.]), colorSpace='rgb', depthBits=8, fullscr=<method-wrapper '__getattribute__' of attributeSetter object at 0x000001C0575049B0>, gamma=None, gammaErrorPolicy='raise', kwargs=UNKNOWN, lms=UNKNOWN, monitor=<psychopy.monitors.calibTools.Monitor object at 0x000001C0571192E8>, multiSample=False, name='window1', numSamples=2, pos=[0.0, 0.0], screen=0, size=array([1366,  768]), stencilBits=0, stereo=False, units='height', useFBO=True, useRetina=False, viewOri=0.0, viewPos=None, viewScale=None, waitBlanking=True, winType='pyglet')
16.1149 	EXP 	window1: mouseVisible = True
16.1150 	EXP 	window1: recordFrameIntervals = False
16.2811 	EXP 	window1: recordFrameIntervals = True
16.4646 	DEBUG 	Screen (0) actual frame rate measured at 60.04
16.4647 	EXP 	window1: recordFrameIntervals = False
16.6727 	EXP 	Created welcomeText = TextStim(__class__=<class 'psychopy.visual.text.TextStim'>, alignHoriz=method-wrapper(...), alignText='center', alignVert=method-wrapper(...), anchorHoriz='center', anchorVert='center', antialias=True, autoLog=True, bold=False, color='black', colorSpace='named', contrast=1.0, depth=0.0, flipHoriz=False, flipVert=False, font='Arial', fontFiles=[], height=0.07, italic=False, languageStyle='LTR', name='welcomeText', opacity=1.0, ori=0, pos=array([0., 0.]), rgb=array([0., 0., 0.]), text=str(...), units='height', win=Window(...), wrapWidth=1)
16.6855 	EXP 	Created instructionsLightBulb1 = ImageStim(__class__=<class 'psychopy.visual.image.ImageStim'>, autoLog=True, color=array([1., 1., 1.]), colorSpace='rgb', contrast=1.0, depth=0.0, flipHoriz=False, flipVert=False, image='lightBulb_OFF.png', interpolate=True, mask=None, maskParams=None, name='instructionsLightBulb1', opacity=1.0, ori=0.0, pos=array([-0.5,  0. ]), size=array([0.4, 0.4]), texRes=128, units='height', win=Window(...))
16.6972 	EXP 	Created instructionsLightBulb2 = ImageStim(__class__=<class 'psychopy.visual.image.ImageStim'>, autoLog=True, color=array([1., 1., 1.]), colorSpace='rgb', contrast=1.0, depth=-1.0, flipHoriz=False, flipVert=False, image='lightBulb_OFF.png', interpolate=True, mask=None, maskParams=None, name='instructionsLightBulb2', opacity=1.0, ori=0.0, pos=array([0.5, 0. ]), size=array([0.4, 0.4]), texRes=128, units='height', win=Window(...))
16.7174 	EXP 	Created instructionsText = TextStim(__class__=<class 'psychopy.visual.text.TextStim'>, alignHoriz=method-wrapper(...), alignText='center', alignVert=method-wrapper(...), anchorHoriz='center', anchorVert='center', antialias=True, autoLog=True, bold=False, color='black', colorSpace='named', contrast=1.0, depth=-2.0, flipHoriz=False, flipVert=False, font='Arial', fontFiles=[], height=0.05, italic=False, languageStyle='LTR', name='instructionsText', opacity=1.0, ori=0, pos=array([0. , 0.3]), rgb=array([0., 0., 0.]), text=str(...), units='height', win=Window(...), wrapWidth=1)
16.7229 	EXP 	Created pressSpace = TextStim(__class__=<class 'psychopy.visual.text.TextStim'>, alignHoriz=method-wrapper(...), alignText='center', alignVert=method-wrapper(...), anchorHoriz='center', anchorVert='center', antialias=True, autoLog=True, bold=False, color='black', colorSpace='named', contrast=1.0, depth=-3.0, flipHoriz=False, flipVert=False, font='Arial', fontFiles=[], height=0.05, italic=False, languageStyle='LTR', name='pressSpace', opacity=1.0, ori=0, pos=array([ 0. , -0.3]), rgb=array([0., 0., 0.]), text='PRESS SPACE to continue', units='height', win=Window(...), wrapWidth=1)
16.7347 	EXP 	Created instructionsLightBulb1_2 = ImageStim(__class__=<class 'psychopy.visual.image.ImageStim'>, autoLog=True, color=array([1., 1., 1.]), colorSpace='rgb', contrast=1.0, depth=0.0, flipHoriz=False, flipVert=False, image='lightBulb_OFF.png', interpolate=True, mask=None, maskParams=None, name='instructionsLightBulb1_2', opacity=1.0, ori=0.0, pos=array([-0.5,  0. ]), size=array([0.4, 0.4]), texRes=128, units='height', win=Window(...))
16.7466 	EXP 	Created instructionsLightBulb2_2 = ImageStim(__class__=<class 'psychopy.visual.image.ImageStim'>, autoLog=True, color=array([1., 1., 1.]), colorSpace='rgb', contrast=1.0, depth=-1.0, flipHoriz=False, flipVert=False, image='lightBulb_OFF.png', interpolate=True, mask=None, maskParams=None, name='instructionsLightBulb2_2', opacity=1.0, ori=0.0, pos=array([0.5, 0. ]), size=array([0.4, 0.4]), texRes=128, units='height', win=Window(...))
16.7512 	EXP 	Created instructionsText_2 = TextStim(__class__=<class 'psychopy.visual.text.TextStim'>, alignHoriz=method-wrapper(...), alignText='center', alignVert=method-wrapper(...), anchorHoriz='center', anchorVert='center', antialias=True, autoLog=True, bold=False, color='black', colorSpace='named', contrast=1.0, depth=-2.0, flipHoriz=False, flipVert=False, font='Arial', fontFiles=[], height=0.05, italic=False, languageStyle='LTR', name='instructionsText_2', opacity=1.0, ori=0, pos=array([0. , 0.3]), rgb=array([0., 0., 0.]), text='In each trial, the light bulbs will blink', units='height', win=Window(...), wrapWidth=1)
16.7537 	EXP 	Created pressSpace_2 = TextStim(__class__=<class 'psychopy.visual.text.TextStim'>, alignHoriz=method-wrapper(...), alignText='center', alignVert=method-wrapper(...), anchorHoriz='center', anchorVert='center', antialias=True, autoLog=True, bold=False, color='black', colorSpace='named', contrast=1.0, depth=-3.0, flipHoriz=False, flipVert=False, font='Arial', fontFiles=[], height=0.05, italic=False, languageStyle='LTR', name='pressSpace_2', opacity=1.0, ori=0, pos=array([ 0. , -0.3]), rgb=array([0., 0., 0.]), text='PRESS SPACE to continue', units='height', win=Window(...), wrapWidth=1)
16.7654 	EXP 	Created instructionsLightBulb1_3 = ImageStim(__class__=<class 'psychopy.visual.image.ImageStim'>, autoLog=True, color=array([1., 1., 1.]), colorSpace='rgb', contrast=1.0, depth=0.0, flipHoriz=False, flipVert=False, image='lightBulb_OFF.png', interpolate=True, mask=None, maskParams=None, name='instructionsLightBulb1_3', opacity=1.0, ori=0.0, pos=array([-0.5,  0. ]), size=array([0.4, 0.4]), texRes=128, units='height', win=Window(...))
16.7765 	EXP 	Created instructionsLightBulb2_3 = ImageStim(__class__=<class 'psychopy.visual.image.ImageStim'>, autoLog=True, color=array([1., 1., 1.]), colorSpace='rgb', contrast=1.0, depth=-1.0, flipHoriz=False, flipVert=False, image='lightBulb_OFF.png', interpolate=True, mask=None, maskParams=None, name='instructionsLightBulb2_3', opacity=1.0, ori=0.0, pos=array([0.5, 0. ]), size=array([0.4, 0.4]), texRes=128, units='height', win=Window(...))
16.7829 	EXP 	Created text_3 = TextStim(__class__=<class 'psychopy.visual.text.TextStim'>, alignHoriz=method-wrapper(...), alignText='center', alignVert=method-wrapper(...), anchorHoriz='center', anchorVert='center', antialias=True, autoLog=True, bold=False, color='black', colorSpace='named', contrast=1.0, depth=-2.0, flipHoriz=False, flipVert=False, font='Arial', fontFiles=[], height=0.05, italic=False, languageStyle='LTR', name='text_3', opacity=1.0, ori=0, pos=array([0. , 0.3]), rgb=array([0., 0., 0.]), text=str(...), units='height', win=Window(...), wrapWidth=1)
16.7858 	EXP 	Created pressSpace_3 = TextStim(__class__=<class 'psychopy.visual.text.TextStim'>, alignHoriz=method-wrapper(...), alignText='center', alignVert=method-wrapper(...), anchorHoriz='center', anchorVert='center', antialias=True, autoLog=True, bold=False, color='black', colorSpace='named', contrast=1.0, depth=-3.0, flipHoriz=False, flipVert=False, font='Arial', fontFiles=[], height=0.05, italic=False, languageStyle='LTR', name='pressSpace_3', opacity=1.0, ori=0, pos=array([ 0. , -0.3]), rgb=array([0., 0., 0.]), text='Press SPACE to see light bulb 1 blink', units='height', win=Window(...), wrapWidth=1)
16.7973 	EXP 	Created instructionsLightBulb1_4 = ImageStim(__class__=<class 'psychopy.visual.image.ImageStim'>, autoLog=True, color=array([1., 1., 1.]), colorSpace='rgb', contrast=1.0, depth=0.0, flipHoriz=False, flipVert=False, image='lightBulb_ON.png', interpolate=True, mask=None, maskParams=None, name='instructionsLightBulb1_4', opacity=1.0, ori=0.0, pos=array([-0.5,  0. ]), size=array([0.4, 0.4]), texRes=128, units='height', win=Window(...))
16.8085 	EXP 	Created instructionsLightBulb2_4 = ImageStim(__class__=<class 'psychopy.visual.image.ImageStim'>, autoLog=True, color=array([1., 1., 1.]), colorSpace='rgb', contrast=1.0, depth=-1.0, flipHoriz=False, flipVert=False, image='lightBulb_OFF.png', interpolate=True, mask=None, maskParams=None, name='instructionsLightBulb2_4', opacity=1.0, ori=0.0, pos=array([0.5, 0. ]), size=array([0.4, 0.4]), texRes=128, units='height', win=Window(...))
16.8199 	EXP 	Created instructionsLightBulb1_5 = ImageStim(__class__=<class 'psychopy.visual.image.ImageStim'>, autoLog=True, color=array([1., 1., 1.]), colorSpace='rgb', contrast=1.0, depth=0.0, flipHoriz=False, flipVert=False, image='lightBulb_OFF.png', interpolate=True, mask=None, maskParams=None, name='instructionsLightBulb1_5', opacity=1.0, ori=0.0, pos=array([-0.5,  0. ]), size=array([0.4, 0.4]), texRes=128, units='height', win=Window(...))
16.8316 	EXP 	Created instructionsLightBulb2_5 = ImageStim(__class__=<class 'psychopy.visual.image.ImageStim'>, autoLog=True, color=array([1., 1., 1.]), colorSpace='rgb', contrast=1.0, depth=-1.0, flipHoriz=False, flipVert=False, image='lightBulb_OFF.png', interpolate=True, mask=None, maskParams=None, name='instructionsLightBulb2_5', opacity=1.0, ori=0.0, pos=array([0.5, 0. ]), size=array([0.4, 0.4]), texRes=128, units='height', win=Window(...))
16.8431 	EXP 	Created instructionsLightBulb2_6 = ImageStim(__class__=<class 'psychopy.visual.image.ImageStim'>, autoLog=True, color=array([1., 1., 1.]), colorSpace='rgb', contrast=1.0, depth=-2.0, flipHoriz=False, flipVert=False, image='lightBulb_ON.png', interpolate=True, mask=None, maskParams=None, name='instructionsLightBulb2_6', opacity=1.0, ori=0.0, pos=array([0.5, 0. ]), size=array([0.4, 0.4]), texRes=128, units='height', win=Window(...))
16.8497 	EXP 	Created text_4 = TextStim(__class__=<class 'psychopy.visual.text.TextStim'>, alignHoriz=method-wrapper(...), alignText='center', alignVert=method-wrapper(...), anchorHoriz='center', anchorVert='center', antialias=True, autoLog=True, bold=False, color='black', colorSpace='named', contrast=1.0, depth=-3.0, flipHoriz=False, flipVert=False, font='Arial', fontFiles=[], height=0.05, italic=False, languageStyle='LTR', name='text_4', opacity=1.0, ori=0, pos=array([0. , 0.3]), rgb=array([0., 0., 0.]), text=str(...), units='height', win=Window(...), wrapWidth=1)
16.8522 	EXP 	Created pressSpace_4 = TextStim(__class__=<class 'psychopy.visual.text.TextStim'>, alignHoriz=method-wrapper(...), alignText='center', alignVert=method-wrapper(...), anchorHoriz='center', anchorVert='center', antialias=True, autoLog=True, bold=False, color='black', colorSpace='named', contrast=1.0, depth=-4.0, flipHoriz=False, flipVert=False, font='Arial', fontFiles=[], height=0.05, italic=False, languageStyle='LTR', name='pressSpace_4', opacity=1.0, ori=0, pos=array([ 0. , -0.3]), rgb=array([0., 0., 0.]), text='Press SPACE to continue', units='height', win=Window(...), wrapWidth=1)
16.8608 	EXP 	Created text_2 = TextStim(__class__=<class 'psychopy.visual.text.TextStim'>, alignHoriz=method-wrapper(...), alignText='center', alignVert=method-wrapper(...), anchorHoriz='center', anchorVert='center', antialias=True, autoLog=True, bold=False, color='black', colorSpace='named', contrast=1.0, depth=0.0, flipHoriz=False, flipVert=False, font='Arial', fontFiles=[], height=0.07, italic=False, languageStyle='LTR', name='text_2', opacity=1.0, ori=0, pos=array([0., 0.]), rgb=array([0., 0., 0.]), text=str(...), units='height', win=Window(...), wrapWidth=1)
16.8668 	EXP 	Created text_5 = TextStim(__class__=<class 'psychopy.visual.text.TextStim'>, alignHoriz=method-wrapper(...), alignText='center', alignVert=method-wrapper(...), anchorHoriz='center', anchorVert='center', antialias=True, autoLog=True, bold=False, color='black', colorSpace='named', contrast=1.0, depth=-1.0, flipHoriz=False, flipVert=False, font='Arial', fontFiles=[], height=0.07, italic=False, languageStyle='LTR', name='text_5', opacity=1.0, ori=0, pos=array([ 0. , -0.3]), rgb=array([0., 0., 0.]), text='press SPACEBAR to hear this sound', units='height', win=Window(...), wrapWidth=1)
16.8782 	EXP 	Created lightBulbOFF = ImageStim(__class__=<class 'psychopy.visual.image.ImageStim'>, autoLog=True, color=array([1., 1., 1.]), colorSpace='rgb', contrast=1.0, depth=-1.0, flipHoriz=False, flipVert=False, image='lightBulb_OFF.png', interpolate=True, mask=None, maskParams=None, name='lightBulbOFF', opacity=1.0, ori=0.0, pos=array([0., 0.]), size=array([0.5, 0.5]), texRes=128, units='height', win=Window(...))
16.8894 	EXP 	Created lightBulbON = ImageStim(__class__=<class 'psychopy.visual.image.ImageStim'>, autoLog=True, color=array([1., 1., 1.]), colorSpace='rgb', contrast=1.0, depth=-2.0, flipHoriz=False, flipVert=False, image='lightBulb_ON.png', interpolate=True, mask=None, maskParams=None, name='lightBulbON', opacity=1.0, ori=0.0, pos=array([0., 0.]), size=array([0.5, 0.5]), texRes=128, units='height', win=Window(...))
16.9032 	EXP 	Sound sound_1 set volume 1.000
16.9262 	EXP 	Created instructions_8_firstLine = TextStim(__class__=<class 'psychopy.visual.text.TextStim'>, alignHoriz=method-wrapper(...), alignText='center', alignVert=method-wrapper(...), anchorHoriz='center', anchorVert='center', antialias=True, autoLog=True, bold=False, color='black', colorSpace='named', contrast=1.0, depth=0.0, flipHoriz=False, flipVert=False, font='Arial', fontFiles=[], height=0.04, italic=False, languageStyle='LTR', name='instructions_8_firstLine', opacity=1.0, ori=0, pos=array([0. , 0.2]), rgb=array([0., 0., 0.]), text=str(...), units='height', win=Window(...), wrapWidth=1)
16.9330 	EXP 	Created text_8 = TextStim(__class__=<class 'psychopy.visual.text.TextStim'>, alignHoriz=method-wrapper(...), alignText='center', alignVert=method-wrapper(...), anchorHoriz='center', anchorVert='center', antialias=True, autoLog=True, bold=False, color='black', colorSpace='named', contrast=1.0, depth=-1.0, flipHoriz=False, flipVert=False, font='Arial', fontFiles=[], height=0.04, italic=False, languageStyle='LTR', name='text_8', opacity=1.0, ori=0, pos=array([0. , 0.1]), rgb=array([0., 0., 0.]), text=str(...), units='height', win=Window(...), wrapWidth=1)
16.9400 	EXP 	Created text_9 = TextStim(__class__=<class 'psychopy.visual.text.TextStim'>, alignHoriz=method-wrapper(...), alignText='center', alignVert=method-wrapper(...), anchorHoriz='center', anchorVert='center', antialias=True, autoLog=True, bold=False, color='black', colorSpace='named', contrast=1.0, depth=-2.0, flipHoriz=False, flipVert=False, font='Arial', fontFiles=[], height=0.04, italic=False, languageStyle='LTR', name='text_9', opacity=1.0, ori=0, pos=array([ 0.  , -0.02]), rgb=array([0., 0., 0.]), text=str(...), units='height', win=Window(...), wrapWidth=1)
16.9428 	EXP 	Created instructions_8_pressP = TextStim(__class__=<class 'psychopy.visual.text.TextStim'>, alignHoriz=method-wrapper(...), alignText='center', alignVert=method-wrapper(...), anchorHoriz='center', anchorVert='center', antialias=True, autoLog=True, bold=False, color='black', colorSpace='named', contrast=1.0, depth=-3.0, flipHoriz=False, flipVert=False, font='Arial', fontFiles=[], height=0.04, italic=False, languageStyle='LTR', name='instructions_8_pressP', opacity=1.0, ori=0, pos=array([ 0. , -0.3]), rgb=array([0., 0., 0.]), text="press 'p' to begin the practice trials!", units='height', win=Window(...), wrapWidth=1)
16.9508 	EXP 	Created firstITI = TextStim(__class__=<class 'psychopy.visual.text.TextStim'>, alignHoriz=method-wrapper(...), alignText='center', alignVert=method-wrapper(...), anchorHoriz='center', anchorVert='center', antialias=True, autoLog=True, bold=False, color='black', colorSpace='named', contrast=1.0, depth=0.0, flipHoriz=False, flipVert=False, font='Arial', fontFiles=[], height=0.1, italic=False, languageStyle='LTR', name='firstITI', opacity=1.0, ori=0, pos=array([0., 0.]), rgb=array([0., 0., 0.]), text='+', units='height', win=Window(...), wrapWidth=1)
16.9520 	EXP 	Created text_6 = TextStim(__class__=<class 'psychopy.visual.text.TextStim'>, alignHoriz=method-wrapper(...), alignText='center', alignVert=method-wrapper(...), anchorHoriz='center', anchorVert='center', antialias=True, autoLog=True, bold=False, color='black', colorSpace='named', contrast=1.0, depth=-1.0, flipHoriz=False, flipVert=False, font='Arial', fontFiles=[], height=0.1, italic=False, languageStyle='LTR', name='text_6', opacity=1.0, ori=0, pos=array([0., 0.]), rgb=array([0., 0., 0.]), text='+', units='height', win=Window(...), wrapWidth=1)
17.3198 	EXP 	Sound firstChoiceProbeTone_2 set volume 1.000
17.3411 	EXP 	Sound firstChoice_Noise set volume 1.000
17.3441 	EXP 	Created firstVisualStimulus_2 = TextStim(__class__=<class 'psychopy.visual.text.TextStim'>, alignHoriz=method-wrapper(...), alignText='center', alignVert=method-wrapper(...), anchorHoriz='center', anchorVert='center', antialias=True, autoLog=True, bold=False, color='black', colorSpace='named', contrast=1.0, depth=-3.0, flipHoriz=False, flipVert=False, font='Arial', fontFiles=[], height=0.1, italic=False, languageStyle='LTR', name='firstVisualStimulus_2', opacity=1.0, ori=0, pos=array([0., 0.]), rgb=array([0., 0., 0.]), text='1', units='height', win=Window(...), wrapWidth=1)
17.3566 	EXP 	Created firstChoiceLeftStimulus_2 = ImageStim(__class__=<class 'psychopy.visual.image.ImageStim'>, autoLog=True, color=array([1., 1., 1.]), colorSpace='rgb', contrast=1.0, depth=-4.0, flipHoriz=False, flipVert=False, image='lightBulb_ON.png', interpolate=True, mask=None, maskParams=None, name='firstChoiceLeftStimulus_2', opacity=1.0, ori=0.0, pos=array([-0.5,  0. ]), size=array([0.4, 0.4]), texRes=128, units='height', win=Window(...))
17.3777 	EXP 	Created firstChoiceRightStimulus_2 = ImageStim(__class__=<class 'psychopy.visual.image.ImageStim'>, autoLog=True, color=array([1., 1., 1.]), colorSpace='rgb', contrast=1.0, depth=-5.0, flipHoriz=False, flipVert=False, image='lightBulb_OFF.png', interpolate=True, mask=None, maskParams=None, name='firstChoiceRightStimulus_2', opacity=1.0, ori=0.0, pos=array([0.5, 0. ]), size=array([0.4, 0.4]), texRes=128, units='height', win=Window(...))
17.3819 	EXP 	Created ISIVisualStimulus_3 = TextStim(__class__=<class 'psychopy.visual.text.TextStim'>, alignHoriz=method-wrapper(...), alignText='center', alignVert=method-wrapper(...), anchorHoriz='center', anchorVert='center', antialias=True, autoLog=True, bold=False, color='black', colorSpace='named', contrast=1.0, depth=0.0, flipHoriz=False, flipVert=False, font='Arial', fontFiles=[], height=0.1, italic=False, languageStyle='LTR', name='ISIVisualStimulus_3', opacity=1.0, ori=0, pos=array([0., 0.]), rgb=array([0., 0., 0.]), text='ISI', units='height', win=Window(...), wrapWidth=1)
17.4088 	EXP 	Created rightStimulus_3 = ImageStim(__class__=<class 'psychopy.visual.image.ImageStim'>, autoLog=True, color=array([1., 1., 1.]), colorSpace='rgb', contrast=1.0, depth=-1.0, flipHoriz=False, flipVert=False, image='lightBulb_OFF.png', interpolate=True, mask=None, maskParams=None, name='rightStimulus_3', opacity=1.0, ori=0.0, pos=array([0.5, 0. ]), size=array([0.4, 0.4]), texRes=128, units='height', win=Window(...))
17.4357 	EXP 	Created leftStimulus_3 = ImageStim(__class__=<class 'psychopy.visual.image.ImageStim'>, autoLog=True, color=array([1., 1., 1.]), colorSpace='rgb', contrast=1.0, depth=-2.0, flipHoriz=False, flipVert=False, image='lightBulb_OFF.png', interpolate=True, mask=None, maskParams=None, name='leftStimulus_3', opacity=1.0, ori=0.0, pos=array([-0.5,  0. ]), size=array([0.4, 0.4]), texRes=128, units='height', win=Window(...))
17.7994 	EXP 	Sound secondChoiceTone_2 set volume 1.000
17.8201 	EXP 	Sound secondChoice_Noise set volume 1.000
17.8231 	EXP 	Created secondVisualStimulus_2 = TextStim(__class__=<class 'psychopy.visual.text.TextStim'>, alignHoriz=method-wrapper(...), alignText='center', alignVert=method-wrapper(...), anchorHoriz='center', anchorVert='center', antialias=True, autoLog=True, bold=False, color='black', colorSpace='named', contrast=1.0, depth=-3.0, flipHoriz=False, flipVert=False, font='Arial', fontFiles=[], height=0.1, italic=False, languageStyle='LTR', name='secondVisualStimulus_2', opacity=1.0, ori=0, pos=array([0., 0.]), rgb=array([0., 0., 0.]), text='2', units='height', win=Window(...), wrapWidth=1)
17.8502 	EXP 	Created secondChoiceLeftStimulus_2 = ImageStim(__class__=<class 'psychopy.visual.image.ImageStim'>, autoLog=True, color=array([1., 1., 1.]), colorSpace='rgb', contrast=1.0, depth=-4.0, flipHoriz=False, flipVert=False, image='lightBulb_OFF.png', interpolate=True, mask=None, maskParams=None, name='secondChoiceLeftStimulus_2', opacity=1.0, ori=0.0, pos=array([-0.5,  0. ]), size=array([0.4, 0.4]), texRes=128, units='height', win=Window(...))
17.8766 	EXP 	Created secondChoiceRightStimulus_2 = ImageStim(__class__=<class 'psychopy.visual.image.ImageStim'>, autoLog=True, color=array([1., 1., 1.]), colorSpace='rgb', contrast=1.0, depth=-5.0, flipHoriz=False, flipVert=False, image='lightBulb_ON.png', interpolate=True, mask=None, maskParams=None, name='secondChoiceRightStimulus_2', opacity=1.0, ori=0.0, pos=array([0.5, 0. ]), size=array([0.4, 0.4]), texRes=128, units='height', win=Window(...))
17.8961 	EXP 	Created decisionTextProbe_2 = TextStim(__class__=<class 'psychopy.visual.text.TextStim'>, alignHoriz=method-wrapper(...), alignText='center', alignVert=method-wrapper(...), anchorHoriz='center', anchorVert='center', antialias=True, autoLog=True, bold=False, color='black', colorSpace='named', contrast=1.0, depth=-1.0, flipHoriz=False, flipVert=False, font='Arial', fontFiles=[], height=0.1, italic=False, languageStyle='LTR', name='decisionTextProbe_2', opacity=1.0, ori=0, pos=array([0., 0.]), rgb=array([0., 0., 0.]), text=str(...), units='height', win=Window(...), wrapWidth=1)
17.9017 	EXP 	Created feedbackText_2 = TextStim(__class__=<class 'psychopy.visual.text.TextStim'>, alignHoriz=method-wrapper(...), alignText='center', alignVert=method-wrapper(...), anchorHoriz='center', anchorVert='center', antialias=True, autoLog=True, bold=False, color='black', colorSpace='named', contrast=1.0, depth=-1.0, flipHoriz=False, flipVert=False, font='Arial', fontFiles=[], height=0.1, italic=False, languageStyle='LTR', name='feedbackText_2', opacity=1.0, ori=0, pos=array([0., 0.]), rgb=array([0., 0., 0.]), text='default text', units='height', win=Window(...), wrapWidth=1)
17.9199 	EXP 	Created text_7 = TextStim(__class__=<class 'psychopy.visual.text.TextStim'>, alignHoriz=method-wrapper(...), alignText='center', alignVert=method-wrapper(...), anchorHoriz='center', anchorVert='center', antialias=True, autoLog=True, bold=False, color='black', colorSpace='named', contrast=1.0, depth=0.0, flipHoriz=False, flipVert=False, font='Arial', fontFiles=[], height=0.05, italic=False, languageStyle='LTR', name='text_7', opacity=1.0, ori=0, pos=array([0., 0.]), rgb=array([0., 0., 0.]), text=str(...), units='height', win=Window(...), wrapWidth=1)
17.9398 	EXP 	Created text_10 = TextStim(__class__=<class 'psychopy.visual.text.TextStim'>, alignHoriz=method-wrapper(...), alignText='center', alignVert=method-wrapper(...), anchorHoriz='center', anchorVert='center', antialias=True, autoLog=True, bold=False, color='black', colorSpace='named', contrast=1.0, depth=0.0, flipHoriz=False, flipVert=False, font='Arial', fontFiles=[], height=0.05, italic=False, languageStyle='LTR', name='text_10', opacity=1.0, ori=0, pos=array([0., 0.]), rgb=array([0., 0., 0.]), text=str(...), units='height', win=Window(...), wrapWidth=1)
17.9413 	EXP 	Created firstITI = TextStim(__class__=<class 'psychopy.visual.text.TextStim'>, alignHoriz=method-wrapper(...), alignText='center', alignVert=method-wrapper(...), anchorHoriz='center', anchorVert='center', antialias=True, autoLog=True, bold=False, color='black', colorSpace='named', contrast=1.0, depth=0.0, flipHoriz=False, flipVert=False, font='Arial', fontFiles=[], height=0.1, italic=False, languageStyle='LTR', name='firstITI', opacity=1.0, ori=0, pos=array([0., 0.]), rgb=array([0., 0., 0.]), text='+', units='height', win=Window(...), wrapWidth=1)
17.9427 	EXP 	Created text = TextStim(__class__=<class 'psychopy.visual.text.TextStim'>, alignHoriz=method-wrapper(...), alignText='center', alignVert=method-wrapper(...), anchorHoriz='center', anchorVert='center', antialias=True, autoLog=True, bold=False, color='black', colorSpace='named', contrast=1.0, depth=0.0, flipHoriz=False, flipVert=False, font='Arial', fontFiles=[], height=0.1, italic=False, languageStyle='LTR', name='text', opacity=1.0, ori=0, pos=array([0., 0.]), rgb=array([0., 0., 0.]), text='+', units='height', win=Window(...), wrapWidth=1)
17.9443 	EXP 	Created firstVisualStimulus = TextStim(__class__=<class 'psychopy.visual.text.TextStim'>, alignHoriz=method-wrapper(...), alignText='center', alignVert=method-wrapper(...), anchorHoriz='center', anchorVert='center', antialias=True, autoLog=True, bold=False, color='black', colorSpace='named', contrast=1.0, depth=-1.0, flipHoriz=False, flipVert=False, font='Arial', fontFiles=[], height=0.1, italic=False, languageStyle='LTR', name='firstVisualStimulus', opacity=1.0, ori=0, pos=array([0., 0.]), rgb=array([0., 0., 0.]), text='1', units='height', win=Window(...), wrapWidth=1)
17.9646 	EXP 	Sound firstChoiceNoise set volume 1.000
18.3307 	EXP 	Sound firstChoiceProbeTone set volume 1.000
18.3619 	EXP 	Created firstChoiceLeftStimulus = ImageStim(__class__=<class 'psychopy.visual.image.ImageStim'>, autoLog=True, color=array([1., 1., 1.]), colorSpace='rgb', contrast=1.0, depth=-4.0, flipHoriz=False, flipVert=False, image='lightBulb_ON.png', interpolate=True, mask=None, maskParams=None, name='firstChoiceLeftStimulus', opacity=1.0, ori=0.0, pos=array([-0.5,  0. ]), size=array([0.4, 0.4]), texRes=128, units='height', win=Window(...))
18.3883 	EXP 	Created firstChoiceRightStimulus = ImageStim(__class__=<class 'psychopy.visual.image.ImageStim'>, autoLog=True, color=array([1., 1., 1.]), colorSpace='rgb', contrast=1.0, depth=-5.0, flipHoriz=False, flipVert=False, image='lightBulb_OFF.png', interpolate=True, mask=None, maskParams=None, name='firstChoiceRightStimulus', opacity=1.0, ori=0.0, pos=array([0.5, 0. ]), size=array([0.4, 0.4]), texRes=128, units='height', win=Window(...))
18.3907 	EXP 	Created ISIVisualStimulus = TextStim(__class__=<class 'psychopy.visual.text.TextStim'>, alignHoriz=method-wrapper(...), alignText='center', alignVert=method-wrapper(...), anchorHoriz='center', anchorVert='center', antialias=True, autoLog=True, bold=False, color='black', colorSpace='named', contrast=1.0, depth=0.0, flipHoriz=False, flipVert=False, font='Arial', fontFiles=[], height=0.1, italic=False, languageStyle='LTR', name='ISIVisualStimulus', opacity=1.0, ori=0, pos=array([0., 0.]), rgb=array([0., 0., 0.]), text='ISI', units='height', win=Window(...), wrapWidth=1)
18.4177 	EXP 	Created rightStimulus = ImageStim(__class__=<class 'psychopy.visual.image.ImageStim'>, autoLog=True, color=array([1., 1., 1.]), colorSpace='rgb', contrast=1.0, depth=-1.0, flipHoriz=False, flipVert=False, image='lightBulb_OFF.png', interpolate=True, mask=None, maskParams=None, name='rightStimulus', opacity=1.0, ori=0.0, pos=array([0.5, 0. ]), size=array([0.4, 0.4]), texRes=128, units='height', win=Window(...))
18.4438 	EXP 	Created leftStimulus = ImageStim(__class__=<class 'psychopy.visual.image.ImageStim'>, autoLog=True, color=array([1., 1., 1.]), colorSpace='rgb', contrast=1.0, depth=-2.0, flipHoriz=False, flipVert=False, image='lightBulb_OFF.png', interpolate=True, mask=None, maskParams=None, name='leftStimulus', opacity=1.0, ori=0.0, pos=array([-0.5,  0. ]), size=array([0.4, 0.4]), texRes=128, units='height', win=Window(...))
18.8412 	EXP 	Sound secondChoiceTone set volume 1.000
18.8632 	EXP 	Sound secondChoiceNoise set volume 1.000
18.8662 	EXP 	Created secondVisualStimulus = TextStim(__class__=<class 'psychopy.visual.text.TextStim'>, alignHoriz=method-wrapper(...), alignText='center', alignVert=method-wrapper(...), anchorHoriz='center', anchorVert='center', antialias=True, autoLog=True, bold=False, color='black', colorSpace='named', contrast=1.0, depth=-3.0, flipHoriz=False, flipVert=False, font='Arial', fontFiles=[], height=0.1, italic=False, languageStyle='LTR', name='secondVisualStimulus', opacity=1.0, ori=0, pos=array([0., 0.]), rgb=array([0., 0., 0.]), text='2', units='height', win=Window(...), wrapWidth=1)
18.8938 	EXP 	Created secondChoiceLeftStimulus = ImageStim(__class__=<class 'psychopy.visual.image.ImageStim'>, autoLog=True, color=array([1., 1., 1.]), colorSpace='rgb', contrast=1.0, depth=-4.0, flipHoriz=False, flipVert=False, image='lightBulb_OFF.png', interpolate=True, mask=None, maskParams=None, name='secondChoiceLeftStimulus', opacity=1.0, ori=0.0, pos=array([-0.5,  0. ]), size=array([0.4, 0.4]), texRes=128, units='height', win=Window(...))
18.9208 	EXP 	Created secondChoiceRightStimulus = ImageStim(__class__=<class 'psychopy.visual.image.ImageStim'>, autoLog=True, color=array([1., 1., 1.]), colorSpace='rgb', contrast=1.0, depth=-5.0, flipHoriz=False, flipVert=False, image='lightBulb_ON.png', interpolate=True, mask=None, maskParams=None, name='secondChoiceRightStimulus', opacity=1.0, ori=0.0, pos=array([0.5, 0. ]), size=array([0.4, 0.4]), texRes=128, units='height', win=Window(...))
18.9265 	EXP 	Created decisionTextProbe = TextStim(__class__=<class 'psychopy.visual.text.TextStim'>, alignHoriz=method-wrapper(...), alignText='center', alignVert=method-wrapper(...), anchorHoriz='center', anchorVert='center', antialias=True, autoLog=True, bold=False, color='black', colorSpace='named', contrast=1.0, depth=-1.0, flipHoriz=False, flipVert=False, font='Arial', fontFiles=[], height=0.1, italic=False, languageStyle='LTR', name='decisionTextProbe', opacity=1.0, ori=0, pos=array([0., 0.]), rgb=array([0., 0., 0.]), text=str(...), units='height', win=Window(...), wrapWidth=1)
18.9297 	EXP 	Created feedbackText = TextStim(__class__=<class 'psychopy.visual.text.TextStim'>, alignHoriz=method-wrapper(...), alignText='center', alignVert=method-wrapper(...), anchorHoriz='center', anchorVert='center', antialias=True, autoLog=True, bold=False, color='black', colorSpace='named', contrast=1.0, depth=-1.0, flipHoriz=False, flipVert=False, font='Arial', fontFiles=[], height=0.1, italic=False, languageStyle='LTR', name='feedbackText', opacity=1.0, ori=0, pos=array([0., 0.]), rgb=array([0., 0., 0.]), text='default text', units='height', win=Window(...), wrapWidth=1)
18.9432 	EXP 	Created text_11 = TextStim(__class__=<class 'psychopy.visual.text.TextStim'>, alignHoriz=method-wrapper(...), alignText='center', alignVert=method-wrapper(...), anchorHoriz='center', anchorVert='center', antialias=True, autoLog=True, bold=False, color='black', colorSpace='named', contrast=1.0, depth=0.0, flipHoriz=False, flipVert=False, font='Arial', fontFiles=[], height=0.1, italic=False, languageStyle='LTR', name='text_11', opacity=1.0, ori=0, pos=array([0., 0.]), rgb=array([0., 0., 0.]), text=str(...), units='height', win=Window(...), wrapWidth=1)
18.9733 	EXP 	welcomeText: autoDraw = True
22.9423 	EXP 	Created sequence: sequential, trialTypes=1, nReps=0, seed=None
22.9454 	DATA 	Keypress: space
22.9541 	EXP 	welcomeText: autoDraw = False
22.9541 	EXP 	firstITI: autoDraw = True
27.9877 	DEBUG 	Read Excel file with pandas: practiceConditionsFile.xlsx
27.9890 	DEBUG 	Clearing unnamed columns from practiceConditionsFile.xlsx
27.9892 	EXP 	Imported practiceConditionsFile.xlsx as conditions, 6 conditions, 1 params
27.9894 	EXP 	Created sequence: sequential, trialTypes=6, nReps=0, seed=None
27.9897 	EXP 	Created sequence: random, trialTypes=1, nReps=0, seed=None
27.9945 	EXP 	firstITI: autoDraw = False
27.9945 	EXP 	text_10: autoDraw = True
41.9101 	DATA 	Keypress: b
41.9400 	EXP 	text_10: autoDraw = False
41.9400 	EXP 	firstITI: autoDraw = True
46.9350 	DEBUG 	Read Excel file with pandas: questConditionsFile.xlsx
46.9358 	DEBUG 	Clearing unnamed columns from questConditionsFile.xlsx
46.9364 	EXP 	Imported questConditionsFile.xlsx as conditions, 1 conditions, 11 params
47.3132 	DEBUG 	Using C:\Program Files\PsychoPy3\lib\site-packages\psychopy\data\staircase.py as origin file
47.3197 	DEBUG 	Using C:\Program Files\PsychoPy3\lib\site-packages\psychopy\data\staircase.py as origin file
47.3263 	EXP 	firstITI: autoDraw = False
47.3263 	EXP 	text: autoDraw = True
48.3992 	EXP 	text: autoDraw = False
48.3992 	EXP 	firstVisualStimulus: autoDraw = True
48.3992 	EXP 	firstChoiceLeftStimulus: autoDraw = True
48.3992 	EXP 	firstChoiceRightStimulus: autoDraw = True
48.7465 	EXP 	firstVisualStimulus: autoDraw = False
48.7465 	EXP 	firstChoiceLeftStimulus: autoDraw = False
48.7465 	EXP 	firstChoiceRightStimulus: autoDraw = False
48.7465 	EXP 	firstVisualStimulus: autoDraw = False
48.7465 	EXP 	firstChoiceLeftStimulus: autoDraw = False
48.7465 	EXP 	firstChoiceRightStimulus: autoDraw = False
48.7465 	EXP 	ISIVisualStimulus: autoDraw = True
48.7465 	EXP 	rightStimulus: autoDraw = True
48.7465 	EXP 	leftStimulus: autoDraw = True
50.2143 	EXP 	ISIVisualStimulus: autoDraw = False
50.2143 	EXP 	rightStimulus: autoDraw = False
50.2143 	EXP 	leftStimulus: autoDraw = False
50.2143 	EXP 	secondVisualStimulus: autoDraw = True
50.2143 	EXP 	secondChoiceLeftStimulus: autoDraw = True
50.2143 	EXP 	secondChoiceRightStimulus: autoDraw = True
50.5484 	EXP 	secondVisualStimulus: autoDraw = False
50.5484 	EXP 	secondChoiceLeftStimulus: autoDraw = False
50.5484 	EXP 	secondChoiceRightStimulus: autoDraw = False
50.5484 	EXP 	secondVisualStimulus: autoDraw = False
50.5484 	EXP 	secondChoiceLeftStimulus: autoDraw = False
50.5484 	EXP 	secondChoiceRightStimulus: autoDraw = False
50.5484 	EXP 	decisionTextProbe: autoDraw = True
51.3942 	DATA 	Keypress: 2
51.3991 	EXP 	decisionTextProbe: autoDraw = False
51.3991 	EXP 	feedbackText: text = 'Correct'
51.3991 	EXP 	feedbackText: autoDraw = True
52.4005 	EXP 	feedbackText: autoDraw = False
52.4005 	EXP 	feedbackText: autoDraw = False
52.4005 	EXP 	text: autoDraw = True
53.8180 	EXP 	text: autoDraw = False
53.8180 	EXP 	text: autoDraw = False
53.8351 	EXP 	firstVisualStimulus: autoDraw = True
53.8351 	EXP 	firstChoiceLeftStimulus: autoDraw = True
53.8351 	EXP 	firstChoiceRightStimulus: autoDraw = True
54.1688 	EXP 	firstVisualStimulus: autoDraw = False
54.1688 	EXP 	firstChoiceLeftStimulus: autoDraw = False
54.1688 	EXP 	firstChoiceRightStimulus: autoDraw = False
54.1688 	EXP 	firstVisualStimulus: autoDraw = False
54.1688 	EXP 	firstChoiceLeftStimulus: autoDraw = False
54.1688 	EXP 	firstChoiceRightStimulus: autoDraw = False
54.1688 	EXP 	ISIVisualStimulus: autoDraw = True
54.1688 	EXP 	rightStimulus: autoDraw = True
54.1688 	EXP 	leftStimulus: autoDraw = True
55.5827 	EXP 	ISIVisualStimulus: autoDraw = False
55.5827 	EXP 	rightStimulus: autoDraw = False
55.5827 	EXP 	leftStimulus: autoDraw = False
55.5827 	EXP 	ISIVisualStimulus: autoDraw = False
55.5827 	EXP 	rightStimulus: autoDraw = False
55.5827 	EXP 	leftStimulus: autoDraw = False
55.6022 	EXP 	secondVisualStimulus: autoDraw = True
55.6022 	EXP 	secondChoiceLeftStimulus: autoDraw = True
55.6022 	EXP 	secondChoiceRightStimulus: autoDraw = True
55.9374 	EXP 	secondVisualStimulus: autoDraw = False
55.9374 	EXP 	secondChoiceLeftStimulus: autoDraw = False
55.9374 	EXP 	secondChoiceRightStimulus: autoDraw = False
55.9374 	EXP 	secondVisualStimulus: autoDraw = False
55.9374 	EXP 	secondChoiceLeftStimulus: autoDraw = False
55.9374 	EXP 	secondChoiceRightStimulus: autoDraw = False
55.9374 	EXP 	decisionTextProbe: autoDraw = True
57.6114 	DATA 	Keypress: 2
57.6220 	EXP 	decisionTextProbe: autoDraw = False
57.6220 	EXP 	feedbackText: text = 'Correct'
57.6220 	EXP 	feedbackText: autoDraw = True
58.6233 	EXP 	feedbackText: autoDraw = False
58.6233 	EXP 	feedbackText: autoDraw = False
58.6233 	EXP 	text: autoDraw = True
60.0374 	EXP 	text: autoDraw = False
60.0374 	EXP 	text: autoDraw = False
60.0566 	EXP 	firstVisualStimulus: autoDraw = True
60.0566 	EXP 	firstChoiceLeftStimulus: autoDraw = True
60.0566 	EXP 	firstChoiceRightStimulus: autoDraw = True
60.3916 	EXP 	firstVisualStimulus: autoDraw = False
60.3916 	EXP 	firstChoiceLeftStimulus: autoDraw = False
60.3916 	EXP 	firstChoiceRightStimulus: autoDraw = False
60.3916 	EXP 	firstVisualStimulus: autoDraw = False
60.3916 	EXP 	firstChoiceLeftStimulus: autoDraw = False
60.3916 	EXP 	firstChoiceRightStimulus: autoDraw = False
60.3916 	EXP 	ISIVisualStimulus: autoDraw = True
60.3916 	EXP 	rightStimulus: autoDraw = True
60.3916 	EXP 	leftStimulus: autoDraw = True
61.8079 	EXP 	ISIVisualStimulus: autoDraw = False
61.8079 	EXP 	rightStimulus: autoDraw = False
61.8079 	EXP 	leftStimulus: autoDraw = False
61.8079 	EXP 	ISIVisualStimulus: autoDraw = False
61.8079 	EXP 	rightStimulus: autoDraw = False
61.8079 	EXP 	leftStimulus: autoDraw = False
61.8266 	EXP 	secondVisualStimulus: autoDraw = True
61.8266 	EXP 	secondChoiceLeftStimulus: autoDraw = True
61.8266 	EXP 	secondChoiceRightStimulus: autoDraw = True
62.1601 	EXP 	secondVisualStimulus: autoDraw = False
62.1601 	EXP 	secondChoiceLeftStimulus: autoDraw = False
62.1601 	EXP 	secondChoiceRightStimulus: autoDraw = False
62.1601 	EXP 	secondVisualStimulus: autoDraw = False
62.1601 	EXP 	secondChoiceLeftStimulus: autoDraw = False
62.1601 	EXP 	secondChoiceRightStimulus: autoDraw = False
62.1601 	EXP 	decisionTextProbe: autoDraw = True
62.6006 	DATA 	Keypress: 2
62.6105 	EXP 	decisionTextProbe: autoDraw = False
62.6105 	EXP 	feedbackText: text = 'Correct'
62.6105 	EXP 	feedbackText: autoDraw = True
63.6116 	EXP 	feedbackText: autoDraw = False
63.6116 	EXP 	feedbackText: autoDraw = False
63.6116 	EXP 	text: autoDraw = True
65.0269 	EXP 	text: autoDraw = False
65.0269 	EXP 	text: autoDraw = False
65.0463 	EXP 	firstVisualStimulus: autoDraw = True
65.0463 	EXP 	firstChoiceLeftStimulus: autoDraw = True
65.0463 	EXP 	firstChoiceRightStimulus: autoDraw = True
65.3799 	EXP 	firstVisualStimulus: autoDraw = False
65.3799 	EXP 	firstChoiceLeftStimulus: autoDraw = False
65.3799 	EXP 	firstChoiceRightStimulus: autoDraw = False
65.3799 	EXP 	firstVisualStimulus: autoDraw = False
65.3799 	EXP 	firstChoiceLeftStimulus: autoDraw = False
65.3799 	EXP 	firstChoiceRightStimulus: autoDraw = False
65.3799 	EXP 	ISIVisualStimulus: autoDraw = True
65.3799 	EXP 	rightStimulus: autoDraw = True
65.3799 	EXP 	leftStimulus: autoDraw = True
66.7962 	EXP 	ISIVisualStimulus: autoDraw = False
66.7962 	EXP 	rightStimulus: autoDraw = False
66.7962 	EXP 	leftStimulus: autoDraw = False
66.7962 	EXP 	ISIVisualStimulus: autoDraw = False
66.7962 	EXP 	rightStimulus: autoDraw = False
66.7962 	EXP 	leftStimulus: autoDraw = False
66.8148 	EXP 	secondVisualStimulus: autoDraw = True
66.8148 	EXP 	secondChoiceLeftStimulus: autoDraw = True
66.8148 	EXP 	secondChoiceRightStimulus: autoDraw = True
67.1486 	EXP 	secondVisualStimulus: autoDraw = False
67.1486 	EXP 	secondChoiceLeftStimulus: autoDraw = False
67.1486 	EXP 	secondChoiceRightStimulus: autoDraw = False
67.1486 	EXP 	secondVisualStimulus: autoDraw = False
67.1486 	EXP 	secondChoiceLeftStimulus: autoDraw = False
67.1486 	EXP 	secondChoiceRightStimulus: autoDraw = False
67.1486 	EXP 	decisionTextProbe: autoDraw = True
67.4206 	DATA 	Keypress: 2
67.4320 	EXP 	decisionTextProbe: autoDraw = False
67.4320 	EXP 	feedbackText: text = 'Correct'
67.4320 	EXP 	feedbackText: autoDraw = True
68.4332 	EXP 	feedbackText: autoDraw = False
68.4332 	EXP 	feedbackText: autoDraw = False
68.4332 	EXP 	text: autoDraw = True
69.8592 	EXP 	text: autoDraw = False
69.8592 	EXP 	text: autoDraw = False
69.8592 	EXP 	firstVisualStimulus: autoDraw = True
69.8592 	EXP 	firstChoiceLeftStimulus: autoDraw = True
69.8592 	EXP 	firstChoiceRightStimulus: autoDraw = True
70.1849 	EXP 	firstVisualStimulus: autoDraw = False
70.1849 	EXP 	firstChoiceLeftStimulus: autoDraw = False
70.1849 	EXP 	firstChoiceRightStimulus: autoDraw = False
70.2016 	EXP 	firstVisualStimulus: autoDraw = False
70.2016 	EXP 	firstChoiceLeftStimulus: autoDraw = False
70.2016 	EXP 	firstChoiceRightStimulus: autoDraw = False
70.2016 	EXP 	ISIVisualStimulus: autoDraw = True
70.2016 	EXP 	rightStimulus: autoDraw = True
70.2016 	EXP 	leftStimulus: autoDraw = True
71.6180 	EXP 	ISIVisualStimulus: autoDraw = False
71.6180 	EXP 	rightStimulus: autoDraw = False
71.6180 	EXP 	leftStimulus: autoDraw = False
71.6180 	EXP 	ISIVisualStimulus: autoDraw = False
71.6180 	EXP 	rightStimulus: autoDraw = False
71.6180 	EXP 	leftStimulus: autoDraw = False
71.6362 	EXP 	secondVisualStimulus: autoDraw = True
71.6362 	EXP 	secondChoiceLeftStimulus: autoDraw = True
71.6362 	EXP 	secondChoiceRightStimulus: autoDraw = True
71.9699 	EXP 	secondVisualStimulus: autoDraw = False
71.9699 	EXP 	secondChoiceLeftStimulus: autoDraw = False
71.9699 	EXP 	secondChoiceRightStimulus: autoDraw = False
71.9699 	EXP 	secondVisualStimulus: autoDraw = False
71.9699 	EXP 	secondChoiceLeftStimulus: autoDraw = False
71.9699 	EXP 	secondChoiceRightStimulus: autoDraw = False
71.9699 	EXP 	decisionTextProbe: autoDraw = True
72.4263 	DATA 	Keypress: 2
72.4373 	EXP 	decisionTextProbe: autoDraw = False
72.4373 	EXP 	feedbackText: text = 'Correct'
72.4373 	EXP 	feedbackText: autoDraw = True
73.4379 	EXP 	feedbackText: autoDraw = False
73.4379 	EXP 	feedbackText: autoDraw = False
73.4379 	EXP 	text: autoDraw = True
74.8631 	EXP 	text: autoDraw = False
74.8631 	EXP 	text: autoDraw = False
74.8631 	EXP 	firstVisualStimulus: autoDraw = True
74.8631 	EXP 	firstChoiceLeftStimulus: autoDraw = True
74.8631 	EXP 	firstChoiceRightStimulus: autoDraw = True
75.1898 	EXP 	firstVisualStimulus: autoDraw = False
75.1898 	EXP 	firstChoiceLeftStimulus: autoDraw = False
75.1898 	EXP 	firstChoiceRightStimulus: autoDraw = False
75.2066 	EXP 	firstVisualStimulus: autoDraw = False
75.2066 	EXP 	firstChoiceLeftStimulus: autoDraw = False
75.2066 	EXP 	firstChoiceRightStimulus: autoDraw = False
75.2066 	EXP 	ISIVisualStimulus: autoDraw = True
75.2066 	EXP 	rightStimulus: autoDraw = True
75.2066 	EXP 	leftStimulus: autoDraw = True
76.6221 	EXP 	ISIVisualStimulus: autoDraw = False
76.6221 	EXP 	rightStimulus: autoDraw = False
76.6221 	EXP 	leftStimulus: autoDraw = False
76.6221 	EXP 	ISIVisualStimulus: autoDraw = False
76.6221 	EXP 	rightStimulus: autoDraw = False
76.6221 	EXP 	leftStimulus: autoDraw = False
76.6414 	EXP 	secondVisualStimulus: autoDraw = True
76.6414 	EXP 	secondChoiceLeftStimulus: autoDraw = True
76.6414 	EXP 	secondChoiceRightStimulus: autoDraw = True
76.9750 	EXP 	secondVisualStimulus: autoDraw = False
76.9750 	EXP 	secondChoiceLeftStimulus: autoDraw = False
76.9750 	EXP 	secondChoiceRightStimulus: autoDraw = False
76.9750 	EXP 	secondVisualStimulus: autoDraw = False
76.9750 	EXP 	secondChoiceLeftStimulus: autoDraw = False
76.9750 	EXP 	secondChoiceRightStimulus: autoDraw = False
76.9750 	EXP 	decisionTextProbe: autoDraw = True
78.5331 	DATA 	Keypress: 2
78.5430 	EXP 	decisionTextProbe: autoDraw = False
78.5430 	EXP 	feedbackText: text = 'Correct'
78.5430 	EXP 	feedbackText: autoDraw = True
79.5443 	EXP 	feedbackText: autoDraw = False
79.5443 	EXP 	feedbackText: autoDraw = False
79.5443 	EXP 	text: autoDraw = True
80.9633 	EXP 	text: autoDraw = False
80.9633 	EXP 	text: autoDraw = False
80.9790 	EXP 	firstVisualStimulus: autoDraw = True
80.9790 	EXP 	firstChoiceLeftStimulus: autoDraw = True
80.9790 	EXP 	firstChoiceRightStimulus: autoDraw = True
81.3125 	EXP 	firstVisualStimulus: autoDraw = False
81.3125 	EXP 	firstChoiceLeftStimulus: autoDraw = False
81.3125 	EXP 	firstChoiceRightStimulus: autoDraw = False
81.3125 	EXP 	firstVisualStimulus: autoDraw = False
81.3125 	EXP 	firstChoiceLeftStimulus: autoDraw = False
81.3125 	EXP 	firstChoiceRightStimulus: autoDraw = False
81.3125 	EXP 	ISIVisualStimulus: autoDraw = True
81.3125 	EXP 	rightStimulus: autoDraw = True
81.3125 	EXP 	leftStimulus: autoDraw = True
82.7280 	EXP 	ISIVisualStimulus: autoDraw = False
82.7280 	EXP 	rightStimulus: autoDraw = False
82.7280 	EXP 	leftStimulus: autoDraw = False
82.7280 	EXP 	ISIVisualStimulus: autoDraw = False
82.7280 	EXP 	rightStimulus: autoDraw = False
82.7280 	EXP 	leftStimulus: autoDraw = False
82.7474 	EXP 	secondVisualStimulus: autoDraw = True
82.7474 	EXP 	secondChoiceLeftStimulus: autoDraw = True
82.7474 	EXP 	secondChoiceRightStimulus: autoDraw = True
83.0811 	EXP 	secondVisualStimulus: autoDraw = False
83.0811 	EXP 	secondChoiceLeftStimulus: autoDraw = False
83.0811 	EXP 	secondChoiceRightStimulus: autoDraw = False
83.0811 	EXP 	secondVisualStimulus: autoDraw = False
83.0811 	EXP 	secondChoiceLeftStimulus: autoDraw = False
83.0811 	EXP 	secondChoiceRightStimulus: autoDraw = False
83.0811 	EXP 	decisionTextProbe: autoDraw = True
83.6040 	DATA 	Keypress: 2
83.6315 	EXP 	decisionTextProbe: autoDraw = False
83.6315 	EXP 	feedbackText: text = 'Incorrect'
83.6315 	EXP 	feedbackText: autoDraw = True
84.6326 	EXP 	feedbackText: autoDraw = False
84.6326 	EXP 	feedbackText: autoDraw = False
84.6326 	EXP 	text: autoDraw = True
86.0469 	EXP 	text: autoDraw = False
86.0469 	EXP 	text: autoDraw = False
86.0469 	EXP 	firstVisualStimulus: autoDraw = True
86.0469 	EXP 	firstChoiceLeftStimulus: autoDraw = True
86.0469 	EXP 	firstChoiceRightStimulus: autoDraw = True
86.3675 	EXP 	firstVisualStimulus: autoDraw = False
86.3675 	EXP 	firstChoiceLeftStimulus: autoDraw = False
86.3675 	EXP 	firstChoiceRightStimulus: autoDraw = False
86.3844 	EXP 	firstVisualStimulus: autoDraw = False
86.3844 	EXP 	firstChoiceLeftStimulus: autoDraw = False
86.3844 	EXP 	firstChoiceRightStimulus: autoDraw = False
86.3844 	EXP 	ISIVisualStimulus: autoDraw = True
86.3844 	EXP 	rightStimulus: autoDraw = True
86.3844 	EXP 	leftStimulus: autoDraw = True
87.8111 	EXP 	ISIVisualStimulus: autoDraw = False
87.8111 	EXP 	rightStimulus: autoDraw = False
87.8111 	EXP 	leftStimulus: autoDraw = False
87.8111 	EXP 	ISIVisualStimulus: autoDraw = False
87.8111 	EXP 	rightStimulus: autoDraw = False
87.8111 	EXP 	leftStimulus: autoDraw = False
87.8111 	EXP 	secondVisualStimulus: autoDraw = True
87.8111 	EXP 	secondChoiceLeftStimulus: autoDraw = True
87.8111 	EXP 	secondChoiceRightStimulus: autoDraw = True
88.1361 	EXP 	secondVisualStimulus: autoDraw = False
88.1361 	EXP 	secondChoiceLeftStimulus: autoDraw = False
88.1361 	EXP 	secondChoiceRightStimulus: autoDraw = False
88.1528 	EXP 	secondVisualStimulus: autoDraw = False
88.1528 	EXP 	secondChoiceLeftStimulus: autoDraw = False
88.1528 	EXP 	secondChoiceRightStimulus: autoDraw = False
88.1528 	EXP 	decisionTextProbe: autoDraw = True
88.5098 	DATA 	Keypress: 2
88.5197 	EXP 	decisionTextProbe: autoDraw = False
88.5197 	EXP 	feedbackText: text = 'Incorrect'
88.5197 	EXP 	feedbackText: autoDraw = True
89.5208 	EXP 	feedbackText: autoDraw = False
89.5208 	EXP 	feedbackText: autoDraw = False
89.5208 	EXP 	text: autoDraw = True
90.9366 	EXP 	text: autoDraw = False
90.9366 	EXP 	text: autoDraw = False
90.9557 	EXP 	firstVisualStimulus: autoDraw = True
90.9557 	EXP 	firstChoiceLeftStimulus: autoDraw = True
90.9557 	EXP 	firstChoiceRightStimulus: autoDraw = True
91.2899 	EXP 	firstVisualStimulus: autoDraw = False
91.2899 	EXP 	firstChoiceLeftStimulus: autoDraw = False
91.2899 	EXP 	firstChoiceRightStimulus: autoDraw = False
91.2899 	EXP 	firstVisualStimulus: autoDraw = False
91.2899 	EXP 	firstChoiceLeftStimulus: autoDraw = False
91.2899 	EXP 	firstChoiceRightStimulus: autoDraw = False
91.2899 	EXP 	ISIVisualStimulus: autoDraw = True
91.2899 	EXP 	rightStimulus: autoDraw = True
91.2899 	EXP 	leftStimulus: autoDraw = True
92.7069 	EXP 	ISIVisualStimulus: autoDraw = False
92.7069 	EXP 	rightStimulus: autoDraw = False
92.7069 	EXP 	leftStimulus: autoDraw = False
92.7069 	EXP 	ISIVisualStimulus: autoDraw = False
92.7069 	EXP 	rightStimulus: autoDraw = False
92.7069 	EXP 	leftStimulus: autoDraw = False
92.7238 	EXP 	secondVisualStimulus: autoDraw = True
92.7238 	EXP 	secondChoiceLeftStimulus: autoDraw = True
92.7238 	EXP 	secondChoiceRightStimulus: autoDraw = True
93.0576 	EXP 	secondVisualStimulus: autoDraw = False
93.0576 	EXP 	secondChoiceLeftStimulus: autoDraw = False
93.0576 	EXP 	secondChoiceRightStimulus: autoDraw = False
93.0576 	EXP 	secondVisualStimulus: autoDraw = False
93.0576 	EXP 	secondChoiceLeftStimulus: autoDraw = False
93.0576 	EXP 	secondChoiceRightStimulus: autoDraw = False
93.0576 	EXP 	decisionTextProbe: autoDraw = True
93.5336 	DATA 	Keypress: 2
93.5416 	EXP 	decisionTextProbe: autoDraw = False
93.5416 	EXP 	feedbackText: text = 'Correct'
93.5416 	EXP 	feedbackText: autoDraw = True
94.5426 	EXP 	feedbackText: autoDraw = False
94.5426 	EXP 	feedbackText: autoDraw = False
94.5426 	EXP 	text: autoDraw = True
95.9593 	EXP 	text: autoDraw = False
95.9593 	EXP 	text: autoDraw = False
95.9774 	EXP 	firstVisualStimulus: autoDraw = True
95.9774 	EXP 	firstChoiceLeftStimulus: autoDraw = True
95.9774 	EXP 	firstChoiceRightStimulus: autoDraw = True
96.3110 	EXP 	firstVisualStimulus: autoDraw = False
96.3110 	EXP 	firstChoiceLeftStimulus: autoDraw = False
96.3110 	EXP 	firstChoiceRightStimulus: autoDraw = False
96.3110 	EXP 	firstVisualStimulus: autoDraw = False
96.3110 	EXP 	firstChoiceLeftStimulus: autoDraw = False
96.3110 	EXP 	firstChoiceRightStimulus: autoDraw = False
96.3110 	EXP 	ISIVisualStimulus: autoDraw = True
96.3110 	EXP 	rightStimulus: autoDraw = True
96.3110 	EXP 	leftStimulus: autoDraw = True
97.7247 	EXP 	ISIVisualStimulus: autoDraw = False
97.7247 	EXP 	rightStimulus: autoDraw = False
97.7247 	EXP 	leftStimulus: autoDraw = False
97.7247 	EXP 	ISIVisualStimulus: autoDraw = False
97.7247 	EXP 	rightStimulus: autoDraw = False
97.7247 	EXP 	leftStimulus: autoDraw = False
97.7446 	EXP 	secondVisualStimulus: autoDraw = True
97.7446 	EXP 	secondChoiceLeftStimulus: autoDraw = True
97.7446 	EXP 	secondChoiceRightStimulus: autoDraw = True
98.0793 	EXP 	secondVisualStimulus: autoDraw = False
98.0793 	EXP 	secondChoiceLeftStimulus: autoDraw = False
98.0793 	EXP 	secondChoiceRightStimulus: autoDraw = False
98.0793 	EXP 	secondVisualStimulus: autoDraw = False
98.0793 	EXP 	secondChoiceLeftStimulus: autoDraw = False
98.0793 	EXP 	secondChoiceRightStimulus: autoDraw = False
98.0793 	EXP 	decisionTextProbe: autoDraw = True
98.6518 	DATA 	Keypress: 1
98.6632 	EXP 	decisionTextProbe: autoDraw = False
98.6632 	EXP 	feedbackText: text = 'Correct'
98.6632 	EXP 	feedbackText: autoDraw = True
99.6644 	EXP 	feedbackText: autoDraw = False
99.6644 	EXP 	feedbackText: autoDraw = False
99.6644 	EXP 	text: autoDraw = True
101.0812 	EXP 	text: autoDraw = False
101.0812 	EXP 	text: autoDraw = False
101.0992 	EXP 	firstVisualStimulus: autoDraw = True
101.0992 	EXP 	firstChoiceLeftStimulus: autoDraw = True
101.0992 	EXP 	firstChoiceRightStimulus: autoDraw = True
101.4328 	EXP 	firstVisualStimulus: autoDraw = False
101.4328 	EXP 	firstChoiceLeftStimulus: autoDraw = False
101.4328 	EXP 	firstChoiceRightStimulus: autoDraw = False
101.4328 	EXP 	firstVisualStimulus: autoDraw = False
101.4328 	EXP 	firstChoiceLeftStimulus: autoDraw = False
101.4328 	EXP 	firstChoiceRightStimulus: autoDraw = False
101.4328 	EXP 	ISIVisualStimulus: autoDraw = True
101.4328 	EXP 	rightStimulus: autoDraw = True
101.4328 	EXP 	leftStimulus: autoDraw = True
102.8505 	EXP 	ISIVisualStimulus: autoDraw = False
102.8505 	EXP 	rightStimulus: autoDraw = False
102.8505 	EXP 	leftStimulus: autoDraw = False
102.8505 	EXP 	ISIVisualStimulus: autoDraw = False
102.8505 	EXP 	rightStimulus: autoDraw = False
102.8505 	EXP 	leftStimulus: autoDraw = False
102.8673 	EXP 	secondVisualStimulus: autoDraw = True
102.8673 	EXP 	secondChoiceLeftStimulus: autoDraw = True
102.8673 	EXP 	secondChoiceRightStimulus: autoDraw = True
103.2010 	EXP 	secondVisualStimulus: autoDraw = False
103.2010 	EXP 	secondChoiceLeftStimulus: autoDraw = False
103.2010 	EXP 	secondChoiceRightStimulus: autoDraw = False
103.2010 	EXP 	secondVisualStimulus: autoDraw = False
103.2010 	EXP 	secondChoiceLeftStimulus: autoDraw = False
103.2010 	EXP 	secondChoiceRightStimulus: autoDraw = False
103.2010 	EXP 	decisionTextProbe: autoDraw = True
103.7890 	DATA 	Keypress: 2
103.8183 	EXP 	decisionTextProbe: autoDraw = False
103.8183 	EXP 	feedbackText: text = 'Correct'
103.8183 	EXP 	feedbackText: autoDraw = True
104.8194 	EXP 	feedbackText: autoDraw = False
104.8194 	EXP 	feedbackText: autoDraw = False
104.8194 	EXP 	text: autoDraw = True
106.2332 	EXP 	text: autoDraw = False
106.2332 	EXP 	text: autoDraw = False
106.2528 	EXP 	firstVisualStimulus: autoDraw = True
106.2528 	EXP 	firstChoiceLeftStimulus: autoDraw = True
106.2528 	EXP 	firstChoiceRightStimulus: autoDraw = True
106.5878 	EXP 	firstVisualStimulus: autoDraw = False
106.5878 	EXP 	firstChoiceLeftStimulus: autoDraw = False
106.5878 	EXP 	firstChoiceRightStimulus: autoDraw = False
106.5878 	EXP 	firstVisualStimulus: autoDraw = False
106.5878 	EXP 	firstChoiceLeftStimulus: autoDraw = False
106.5878 	EXP 	firstChoiceRightStimulus: autoDraw = False
106.5878 	EXP 	ISIVisualStimulus: autoDraw = True
106.5878 	EXP 	rightStimulus: autoDraw = True
106.5878 	EXP 	leftStimulus: autoDraw = True
108.0057 	EXP 	ISIVisualStimulus: autoDraw = False
108.0057 	EXP 	rightStimulus: autoDraw = False
108.0057 	EXP 	leftStimulus: autoDraw = False
108.0057 	EXP 	ISIVisualStimulus: autoDraw = False
108.0057 	EXP 	rightStimulus: autoDraw = False
108.0057 	EXP 	leftStimulus: autoDraw = False
108.0227 	EXP 	secondVisualStimulus: autoDraw = True
108.0227 	EXP 	secondChoiceLeftStimulus: autoDraw = True
108.0227 	EXP 	secondChoiceRightStimulus: autoDraw = True
108.3564 	EXP 	secondVisualStimulus: autoDraw = False
108.3564 	EXP 	secondChoiceLeftStimulus: autoDraw = False
108.3564 	EXP 	secondChoiceRightStimulus: autoDraw = False
108.3564 	EXP 	secondVisualStimulus: autoDraw = False
108.3564 	EXP 	secondChoiceLeftStimulus: autoDraw = False
108.3564 	EXP 	secondChoiceRightStimulus: autoDraw = False
108.3564 	EXP 	decisionTextProbe: autoDraw = True
108.7496 	DATA 	Keypress: 2
108.7566 	EXP 	decisionTextProbe: autoDraw = False
108.7566 	EXP 	feedbackText: text = 'Incorrect'
108.7566 	EXP 	feedbackText: autoDraw = True
109.7575 	EXP 	feedbackText: autoDraw = False
109.7575 	EXP 	feedbackText: autoDraw = False
109.7575 	EXP 	text: autoDraw = True
111.1705 	EXP 	text: autoDraw = False
111.1705 	EXP 	text: autoDraw = False
111.1770 	EXP 	firstVisualStimulus: autoDraw = True
111.1770 	EXP 	firstChoiceLeftStimulus: autoDraw = True
111.1770 	EXP 	firstChoiceRightStimulus: autoDraw = True
111.5093 	EXP 	firstVisualStimulus: autoDraw = False
111.5093 	EXP 	firstChoiceLeftStimulus: autoDraw = False
111.5093 	EXP 	firstChoiceRightStimulus: autoDraw = False
111.5093 	EXP 	firstVisualStimulus: autoDraw = False
111.5093 	EXP 	firstChoiceLeftStimulus: autoDraw = False
111.5093 	EXP 	firstChoiceRightStimulus: autoDraw = False
111.5093 	EXP 	ISIVisualStimulus: autoDraw = True
111.5093 	EXP 	rightStimulus: autoDraw = True
111.5093 	EXP 	leftStimulus: autoDraw = True
112.9429 	EXP 	ISIVisualStimulus: autoDraw = False
112.9429 	EXP 	rightStimulus: autoDraw = False
112.9429 	EXP 	leftStimulus: autoDraw = False
112.9429 	EXP 	ISIVisualStimulus: autoDraw = False
112.9429 	EXP 	rightStimulus: autoDraw = False
112.9429 	EXP 	leftStimulus: autoDraw = False
112.9610 	EXP 	secondVisualStimulus: autoDraw = True
112.9610 	EXP 	secondChoiceLeftStimulus: autoDraw = True
112.9610 	EXP 	secondChoiceRightStimulus: autoDraw = True
113.2945 	EXP 	secondVisualStimulus: autoDraw = False
113.2945 	EXP 	secondChoiceLeftStimulus: autoDraw = False
113.2945 	EXP 	secondChoiceRightStimulus: autoDraw = False
113.2945 	EXP 	secondVisualStimulus: autoDraw = False
113.2945 	EXP 	secondChoiceLeftStimulus: autoDraw = False
113.2945 	EXP 	secondChoiceRightStimulus: autoDraw = False
113.2945 	EXP 	decisionTextProbe: autoDraw = True
113.8175 	DATA 	Keypress: 2
113.8285 	EXP 	decisionTextProbe: autoDraw = False
113.8285 	EXP 	feedbackText: text = 'Incorrect'
113.8285 	EXP 	feedbackText: autoDraw = True
114.8294 	EXP 	feedbackText: autoDraw = False
114.8294 	EXP 	feedbackText: autoDraw = False
114.8294 	EXP 	text: autoDraw = True
116.2458 	EXP 	text: autoDraw = False
116.2458 	EXP 	text: autoDraw = False
116.2643 	EXP 	firstVisualStimulus: autoDraw = True
116.2643 	EXP 	firstChoiceLeftStimulus: autoDraw = True
116.2643 	EXP 	firstChoiceRightStimulus: autoDraw = True
116.5980 	EXP 	firstVisualStimulus: autoDraw = False
116.5980 	EXP 	firstChoiceLeftStimulus: autoDraw = False
116.5980 	EXP 	firstChoiceRightStimulus: autoDraw = False
116.5980 	EXP 	firstVisualStimulus: autoDraw = False
116.5980 	EXP 	firstChoiceLeftStimulus: autoDraw = False
116.5980 	EXP 	firstChoiceRightStimulus: autoDraw = False
116.5980 	EXP 	ISIVisualStimulus: autoDraw = True
116.5980 	EXP 	rightStimulus: autoDraw = True
116.5980 	EXP 	leftStimulus: autoDraw = True
118.0167 	EXP 	ISIVisualStimulus: autoDraw = False
118.0167 	EXP 	rightStimulus: autoDraw = False
118.0167 	EXP 	leftStimulus: autoDraw = False
118.0167 	EXP 	ISIVisualStimulus: autoDraw = False
118.0167 	EXP 	rightStimulus: autoDraw = False
118.0167 	EXP 	leftStimulus: autoDraw = False
118.0323 	EXP 	secondVisualStimulus: autoDraw = True
118.0323 	EXP 	secondChoiceLeftStimulus: autoDraw = True
118.0323 	EXP 	secondChoiceRightStimulus: autoDraw = True
118.3661 	EXP 	secondVisualStimulus: autoDraw = False
118.3661 	EXP 	secondChoiceLeftStimulus: autoDraw = False
118.3661 	EXP 	secondChoiceRightStimulus: autoDraw = False
118.3661 	EXP 	secondVisualStimulus: autoDraw = False
118.3661 	EXP 	secondChoiceLeftStimulus: autoDraw = False
118.3661 	EXP 	secondChoiceRightStimulus: autoDraw = False
118.3661 	EXP 	decisionTextProbe: autoDraw = True
119.1373 	DATA 	Keypress: 2
119.1669 	EXP 	decisionTextProbe: autoDraw = False
119.1669 	EXP 	feedbackText: text = 'Incorrect'
119.1669 	EXP 	feedbackText: autoDraw = True
120.1677 	EXP 	feedbackText: autoDraw = False
120.1677 	EXP 	feedbackText: autoDraw = False
120.1677 	EXP 	text: autoDraw = True
121.5808 	EXP 	text: autoDraw = False
121.5808 	EXP 	text: autoDraw = False
121.5877 	EXP 	firstVisualStimulus: autoDraw = True
121.5877 	EXP 	firstChoiceLeftStimulus: autoDraw = True
121.5877 	EXP 	firstChoiceRightStimulus: autoDraw = True
121.9195 	EXP 	firstVisualStimulus: autoDraw = False
121.9195 	EXP 	firstChoiceLeftStimulus: autoDraw = False
121.9195 	EXP 	firstChoiceRightStimulus: autoDraw = False
121.9195 	EXP 	firstVisualStimulus: autoDraw = False
121.9195 	EXP 	firstChoiceLeftStimulus: autoDraw = False
121.9195 	EXP 	firstChoiceRightStimulus: autoDraw = False
121.9195 	EXP 	ISIVisualStimulus: autoDraw = True
121.9195 	EXP 	rightStimulus: autoDraw = True
121.9195 	EXP 	leftStimulus: autoDraw = True
123.3412 	EXP 	ISIVisualStimulus: autoDraw = False
123.3412 	EXP 	rightStimulus: autoDraw = False
123.3412 	EXP 	leftStimulus: autoDraw = False
123.3412 	EXP 	ISIVisualStimulus: autoDraw = False
123.3412 	EXP 	rightStimulus: autoDraw = False
123.3412 	EXP 	leftStimulus: autoDraw = False
123.3544 	EXP 	secondVisualStimulus: autoDraw = True
123.3544 	EXP 	secondChoiceLeftStimulus: autoDraw = True
123.3544 	EXP 	secondChoiceRightStimulus: autoDraw = True
123.6887 	EXP 	secondVisualStimulus: autoDraw = False
123.6887 	EXP 	secondChoiceLeftStimulus: autoDraw = False
123.6887 	EXP 	secondChoiceRightStimulus: autoDraw = False
123.6887 	EXP 	secondVisualStimulus: autoDraw = False
123.6887 	EXP 	secondChoiceLeftStimulus: autoDraw = False
123.6887 	EXP 	secondChoiceRightStimulus: autoDraw = False
123.6887 	EXP 	decisionTextProbe: autoDraw = True
123.9444 	DATA 	Keypress: 1
123.9551 	EXP 	decisionTextProbe: autoDraw = False
123.9551 	EXP 	feedbackText: text = 'Incorrect'
123.9551 	EXP 	feedbackText: autoDraw = True
124.9562 	EXP 	feedbackText: autoDraw = False
124.9562 	EXP 	feedbackText: autoDraw = False
124.9562 	EXP 	text: autoDraw = True
126.3700 	EXP 	text: autoDraw = False
126.3700 	EXP 	text: autoDraw = False
126.3700 	EXP 	firstVisualStimulus: autoDraw = True
126.3700 	EXP 	firstChoiceLeftStimulus: autoDraw = True
126.3700 	EXP 	firstChoiceRightStimulus: autoDraw = True
126.6911 	EXP 	firstVisualStimulus: autoDraw = False
126.6911 	EXP 	firstChoiceLeftStimulus: autoDraw = False
126.6911 	EXP 	firstChoiceRightStimulus: autoDraw = False
126.7079 	EXP 	firstVisualStimulus: autoDraw = False
126.7079 	EXP 	firstChoiceLeftStimulus: autoDraw = False
126.7079 	EXP 	firstChoiceRightStimulus: autoDraw = False
126.7079 	EXP 	ISIVisualStimulus: autoDraw = True
126.7079 	EXP 	rightStimulus: autoDraw = True
126.7079 	EXP 	leftStimulus: autoDraw = True
128.1264 	EXP 	ISIVisualStimulus: autoDraw = False
128.1264 	EXP 	rightStimulus: autoDraw = False
128.1264 	EXP 	leftStimulus: autoDraw = False
128.1264 	EXP 	ISIVisualStimulus: autoDraw = False
128.1264 	EXP 	rightStimulus: autoDraw = False
128.1264 	EXP 	leftStimulus: autoDraw = False
128.1425 	EXP 	secondVisualStimulus: autoDraw = True
128.1425 	EXP 	secondChoiceLeftStimulus: autoDraw = True
128.1425 	EXP 	secondChoiceRightStimulus: autoDraw = True
128.4765 	EXP 	secondVisualStimulus: autoDraw = False
128.4765 	EXP 	secondChoiceLeftStimulus: autoDraw = False
128.4765 	EXP 	secondChoiceRightStimulus: autoDraw = False
128.4765 	EXP 	secondVisualStimulus: autoDraw = False
128.4765 	EXP 	secondChoiceLeftStimulus: autoDraw = False
128.4765 	EXP 	secondChoiceRightStimulus: autoDraw = False
128.4765 	EXP 	decisionTextProbe: autoDraw = True
129.3982 	DATA 	Keypress: 2
129.4272 	EXP 	decisionTextProbe: autoDraw = False
129.4272 	EXP 	feedbackText: text = 'Incorrect'
129.4272 	EXP 	feedbackText: autoDraw = True
130.4283 	EXP 	feedbackText: autoDraw = False
130.4283 	EXP 	feedbackText: autoDraw = False
130.4283 	EXP 	text: autoDraw = True
131.8445 	EXP 	text: autoDraw = False
131.8445 	EXP 	text: autoDraw = False
131.8631 	EXP 	firstVisualStimulus: autoDraw = True
131.8631 	EXP 	firstChoiceLeftStimulus: autoDraw = True
131.8631 	EXP 	firstChoiceRightStimulus: autoDraw = True
132.1968 	EXP 	firstVisualStimulus: autoDraw = False
132.1968 	EXP 	firstChoiceLeftStimulus: autoDraw = False
132.1968 	EXP 	firstChoiceRightStimulus: autoDraw = False
132.1968 	EXP 	firstVisualStimulus: autoDraw = False
132.1968 	EXP 	firstChoiceLeftStimulus: autoDraw = False
132.1968 	EXP 	firstChoiceRightStimulus: autoDraw = False
132.1968 	EXP 	ISIVisualStimulus: autoDraw = True
132.1968 	EXP 	rightStimulus: autoDraw = True
132.1968 	EXP 	leftStimulus: autoDraw = True
133.6163 	EXP 	ISIVisualStimulus: autoDraw = False
133.6163 	EXP 	rightStimulus: autoDraw = False
133.6163 	EXP 	leftStimulus: autoDraw = False
133.6163 	EXP 	ISIVisualStimulus: autoDraw = False
133.6163 	EXP 	rightStimulus: autoDraw = False
133.6163 	EXP 	leftStimulus: autoDraw = False
133.6315 	EXP 	secondVisualStimulus: autoDraw = True
133.6315 	EXP 	secondChoiceLeftStimulus: autoDraw = True
133.6315 	EXP 	secondChoiceRightStimulus: autoDraw = True
133.9652 	EXP 	secondVisualStimulus: autoDraw = False
133.9652 	EXP 	secondChoiceLeftStimulus: autoDraw = False
133.9652 	EXP 	secondChoiceRightStimulus: autoDraw = False
133.9652 	EXP 	secondVisualStimulus: autoDraw = False
133.9652 	EXP 	secondChoiceLeftStimulus: autoDraw = False
133.9652 	EXP 	secondChoiceRightStimulus: autoDraw = False
133.9652 	EXP 	decisionTextProbe: autoDraw = True
134.4055 	DATA 	Keypress: 2
134.4158 	EXP 	decisionTextProbe: autoDraw = False
134.4158 	EXP 	feedbackText: text = 'Incorrect'
134.4158 	EXP 	feedbackText: autoDraw = True
135.4167 	EXP 	feedbackText: autoDraw = False
135.4167 	EXP 	feedbackText: autoDraw = False
135.4167 	EXP 	text: autoDraw = True
136.8305 	EXP 	text: autoDraw = False
136.8305 	EXP 	text: autoDraw = False
136.8500 	EXP 	firstVisualStimulus: autoDraw = True
136.8500 	EXP 	firstChoiceLeftStimulus: autoDraw = True
136.8500 	EXP 	firstChoiceRightStimulus: autoDraw = True
137.1851 	EXP 	firstVisualStimulus: autoDraw = False
137.1851 	EXP 	firstChoiceLeftStimulus: autoDraw = False
137.1851 	EXP 	firstChoiceRightStimulus: autoDraw = False
137.1851 	EXP 	firstVisualStimulus: autoDraw = False
137.1851 	EXP 	firstChoiceLeftStimulus: autoDraw = False
137.1851 	EXP 	firstChoiceRightStimulus: autoDraw = False
137.1851 	EXP 	ISIVisualStimulus: autoDraw = True
137.1851 	EXP 	rightStimulus: autoDraw = True
137.1851 	EXP 	leftStimulus: autoDraw = True
138.6000 	EXP 	ISIVisualStimulus: autoDraw = False
138.6000 	EXP 	rightStimulus: autoDraw = False
138.6000 	EXP 	leftStimulus: autoDraw = False
138.6000 	EXP 	ISIVisualStimulus: autoDraw = False
138.6000 	EXP 	rightStimulus: autoDraw = False
138.6000 	EXP 	leftStimulus: autoDraw = False
138.6186 	EXP 	secondVisualStimulus: autoDraw = True
138.6186 	EXP 	secondChoiceLeftStimulus: autoDraw = True
138.6186 	EXP 	secondChoiceRightStimulus: autoDraw = True
138.9537 	EXP 	secondVisualStimulus: autoDraw = False
138.9537 	EXP 	secondChoiceLeftStimulus: autoDraw = False
138.9537 	EXP 	secondChoiceRightStimulus: autoDraw = False
138.9537 	EXP 	secondVisualStimulus: autoDraw = False
138.9537 	EXP 	secondChoiceLeftStimulus: autoDraw = False
138.9537 	EXP 	secondChoiceRightStimulus: autoDraw = False
138.9537 	EXP 	decisionTextProbe: autoDraw = True
139.4297 	DATA 	Keypress: 2
139.4371 	EXP 	decisionTextProbe: autoDraw = False
139.4371 	EXP 	feedbackText: text = 'Correct'
139.4371 	EXP 	feedbackText: autoDraw = True
140.4384 	EXP 	feedbackText: autoDraw = False
140.4384 	EXP 	feedbackText: autoDraw = False
140.4384 	EXP 	text: autoDraw = True
141.8501 	EXP 	text: autoDraw = False
141.8501 	EXP 	text: autoDraw = False
141.8501 	EXP 	firstVisualStimulus: autoDraw = True
141.8501 	EXP 	firstChoiceLeftStimulus: autoDraw = True
141.8501 	EXP 	firstChoiceRightStimulus: autoDraw = True
142.1735 	EXP 	firstVisualStimulus: autoDraw = False
142.1735 	EXP 	firstChoiceLeftStimulus: autoDraw = False
142.1735 	EXP 	firstChoiceRightStimulus: autoDraw = False
142.1899 	EXP 	firstVisualStimulus: autoDraw = False
142.1899 	EXP 	firstChoiceLeftStimulus: autoDraw = False
142.1899 	EXP 	firstChoiceRightStimulus: autoDraw = False
142.1899 	EXP 	ISIVisualStimulus: autoDraw = True
142.1899 	EXP 	rightStimulus: autoDraw = True
142.1899 	EXP 	leftStimulus: autoDraw = True
143.6136 	EXP 	ISIVisualStimulus: autoDraw = False
143.6136 	EXP 	rightStimulus: autoDraw = False
143.6136 	EXP 	leftStimulus: autoDraw = False
143.6136 	EXP 	ISIVisualStimulus: autoDraw = False
143.6136 	EXP 	rightStimulus: autoDraw = False
143.6136 	EXP 	leftStimulus: autoDraw = False
143.6136 	EXP 	secondVisualStimulus: autoDraw = True
143.6136 	EXP 	secondChoiceLeftStimulus: autoDraw = True
143.6136 	EXP 	secondChoiceRightStimulus: autoDraw = True
143.9417 	EXP 	secondVisualStimulus: autoDraw = False
143.9417 	EXP 	secondChoiceLeftStimulus: autoDraw = False
143.9417 	EXP 	secondChoiceRightStimulus: autoDraw = False
143.9584 	EXP 	secondVisualStimulus: autoDraw = False
143.9584 	EXP 	secondChoiceLeftStimulus: autoDraw = False
143.9584 	EXP 	secondChoiceRightStimulus: autoDraw = False
143.9584 	EXP 	decisionTextProbe: autoDraw = True
144.4806 	DATA 	Keypress: 2
144.5091 	EXP 	decisionTextProbe: autoDraw = False
144.5091 	EXP 	feedbackText: text = 'Correct'
144.5091 	EXP 	feedbackText: autoDraw = True
145.5103 	EXP 	feedbackText: autoDraw = False
145.5103 	EXP 	feedbackText: autoDraw = False
145.5103 	EXP 	text: autoDraw = True
146.9235 	EXP 	text: autoDraw = False
146.9235 	EXP 	text: autoDraw = False
146.9297 	EXP 	firstVisualStimulus: autoDraw = True
146.9297 	EXP 	firstChoiceLeftStimulus: autoDraw = True
146.9297 	EXP 	firstChoiceRightStimulus: autoDraw = True
147.2618 	EXP 	firstVisualStimulus: autoDraw = False
147.2618 	EXP 	firstChoiceLeftStimulus: autoDraw = False
147.2618 	EXP 	firstChoiceRightStimulus: autoDraw = False
147.2618 	EXP 	firstVisualStimulus: autoDraw = False
147.2618 	EXP 	firstChoiceLeftStimulus: autoDraw = False
147.2618 	EXP 	firstChoiceRightStimulus: autoDraw = False
147.2618 	EXP 	ISIVisualStimulus: autoDraw = True
147.2618 	EXP 	rightStimulus: autoDraw = True
147.2618 	EXP 	leftStimulus: autoDraw = True
148.6749 	EXP 	ISIVisualStimulus: autoDraw = False
148.6749 	EXP 	rightStimulus: autoDraw = False
148.6749 	EXP 	leftStimulus: autoDraw = False
148.6749 	EXP 	secondVisualStimulus: autoDraw = True
148.6749 	EXP 	secondChoiceLeftStimulus: autoDraw = True
148.6749 	EXP 	secondChoiceRightStimulus: autoDraw = True
148.9971 	EXP 	secondVisualStimulus: autoDraw = False
148.9971 	EXP 	secondChoiceLeftStimulus: autoDraw = False
148.9971 	EXP 	secondChoiceRightStimulus: autoDraw = False
149.0136 	EXP 	secondVisualStimulus: autoDraw = False
149.0136 	EXP 	secondChoiceLeftStimulus: autoDraw = False
149.0136 	EXP 	secondChoiceRightStimulus: autoDraw = False
149.0136 	EXP 	decisionTextProbe: autoDraw = True
149.5210 	DATA 	Keypress: 2
149.5307 	EXP 	decisionTextProbe: autoDraw = False
149.5307 	EXP 	feedbackText: text = 'Correct'
149.5307 	EXP 	feedbackText: autoDraw = True
150.5317 	EXP 	feedbackText: autoDraw = False
150.5317 	EXP 	feedbackText: autoDraw = False
150.5317 	EXP 	text: autoDraw = True
151.9492 	EXP 	text: autoDraw = False
151.9492 	EXP 	text: autoDraw = False
151.9667 	EXP 	firstVisualStimulus: autoDraw = True
151.9667 	EXP 	firstChoiceLeftStimulus: autoDraw = True
151.9667 	EXP 	firstChoiceRightStimulus: autoDraw = True
152.3000 	EXP 	firstVisualStimulus: autoDraw = False
152.3000 	EXP 	firstChoiceLeftStimulus: autoDraw = False
152.3000 	EXP 	firstChoiceRightStimulus: autoDraw = False
152.3000 	EXP 	firstVisualStimulus: autoDraw = False
152.3000 	EXP 	firstChoiceLeftStimulus: autoDraw = False
152.3000 	EXP 	firstChoiceRightStimulus: autoDraw = False
152.3000 	EXP 	ISIVisualStimulus: autoDraw = True
152.3000 	EXP 	rightStimulus: autoDraw = True
152.3000 	EXP 	leftStimulus: autoDraw = True
153.7179 	EXP 	ISIVisualStimulus: autoDraw = False
153.7179 	EXP 	rightStimulus: autoDraw = False
153.7179 	EXP 	leftStimulus: autoDraw = False
153.7179 	EXP 	ISIVisualStimulus: autoDraw = False
153.7179 	EXP 	rightStimulus: autoDraw = False
153.7179 	EXP 	leftStimulus: autoDraw = False
153.7348 	EXP 	secondVisualStimulus: autoDraw = True
153.7348 	EXP 	secondChoiceLeftStimulus: autoDraw = True
153.7348 	EXP 	secondChoiceRightStimulus: autoDraw = True
154.0684 	EXP 	secondVisualStimulus: autoDraw = False
154.0684 	EXP 	secondChoiceLeftStimulus: autoDraw = False
154.0684 	EXP 	secondChoiceRightStimulus: autoDraw = False
154.0684 	EXP 	secondVisualStimulus: autoDraw = False
154.0684 	EXP 	secondChoiceLeftStimulus: autoDraw = False
154.0684 	EXP 	secondChoiceRightStimulus: autoDraw = False
154.0684 	EXP 	decisionTextProbe: autoDraw = True
155.1113 	DATA 	Keypress: 2
155.1193 	EXP 	decisionTextProbe: autoDraw = False
155.1193 	EXP 	feedbackText: text = 'Incorrect'
155.1193 	EXP 	feedbackText: autoDraw = True
156.1207 	EXP 	feedbackText: autoDraw = False
156.1207 	EXP 	feedbackText: autoDraw = False
156.1207 	EXP 	text: autoDraw = True
157.5367 	EXP 	text: autoDraw = False
157.5367 	EXP 	text: autoDraw = False
157.5556 	EXP 	firstVisualStimulus: autoDraw = True
157.5556 	EXP 	firstChoiceLeftStimulus: autoDraw = True
157.5556 	EXP 	firstChoiceRightStimulus: autoDraw = True
157.8891 	EXP 	firstVisualStimulus: autoDraw = False
157.8891 	EXP 	firstChoiceLeftStimulus: autoDraw = False
157.8891 	EXP 	firstChoiceRightStimulus: autoDraw = False
157.8891 	EXP 	firstVisualStimulus: autoDraw = False
157.8891 	EXP 	firstChoiceLeftStimulus: autoDraw = False
157.8891 	EXP 	firstChoiceRightStimulus: autoDraw = False
157.8891 	EXP 	ISIVisualStimulus: autoDraw = True
157.8891 	EXP 	rightStimulus: autoDraw = True
157.8891 	EXP 	leftStimulus: autoDraw = True
159.3186 	EXP 	ISIVisualStimulus: autoDraw = False
159.3186 	EXP 	rightStimulus: autoDraw = False
159.3186 	EXP 	leftStimulus: autoDraw = False
159.3186 	EXP 	ISIVisualStimulus: autoDraw = False
159.3186 	EXP 	rightStimulus: autoDraw = False
159.3186 	EXP 	leftStimulus: autoDraw = False
159.3252 	EXP 	secondVisualStimulus: autoDraw = True
159.3252 	EXP 	secondChoiceLeftStimulus: autoDraw = True
159.3252 	EXP 	secondChoiceRightStimulus: autoDraw = True
159.6575 	EXP 	secondVisualStimulus: autoDraw = False
159.6575 	EXP 	secondChoiceLeftStimulus: autoDraw = False
159.6575 	EXP 	secondChoiceRightStimulus: autoDraw = False
159.6575 	EXP 	secondVisualStimulus: autoDraw = False
159.6575 	EXP 	secondChoiceLeftStimulus: autoDraw = False
159.6575 	EXP 	secondChoiceRightStimulus: autoDraw = False
159.6575 	EXP 	decisionTextProbe: autoDraw = True
159.8501 	DATA 	Keypress: 1
159.8575 	EXP 	decisionTextProbe: autoDraw = False
159.8575 	EXP 	feedbackText: text = 'Correct'
159.8575 	EXP 	feedbackText: autoDraw = True
160.8588 	EXP 	feedbackText: autoDraw = False
160.8588 	EXP 	feedbackText: autoDraw = False
160.8588 	EXP 	text: autoDraw = True
162.2722 	EXP 	text: autoDraw = False
162.2722 	EXP 	text: autoDraw = False
162.2921 	EXP 	firstVisualStimulus: autoDraw = True
162.2921 	EXP 	firstChoiceLeftStimulus: autoDraw = True
162.2921 	EXP 	firstChoiceRightStimulus: autoDraw = True
162.6269 	EXP 	firstVisualStimulus: autoDraw = False
162.6269 	EXP 	firstChoiceLeftStimulus: autoDraw = False
162.6269 	EXP 	firstChoiceRightStimulus: autoDraw = False
162.6269 	EXP 	firstVisualStimulus: autoDraw = False
162.6269 	EXP 	firstChoiceLeftStimulus: autoDraw = False
162.6269 	EXP 	firstChoiceRightStimulus: autoDraw = False
162.6269 	EXP 	ISIVisualStimulus: autoDraw = True
162.6269 	EXP 	rightStimulus: autoDraw = True
162.6269 	EXP 	leftStimulus: autoDraw = True
164.0411 	EXP 	ISIVisualStimulus: autoDraw = False
164.0411 	EXP 	rightStimulus: autoDraw = False
164.0411 	EXP 	leftStimulus: autoDraw = False
164.0411 	EXP 	ISIVisualStimulus: autoDraw = False
164.0411 	EXP 	rightStimulus: autoDraw = False
164.0411 	EXP 	leftStimulus: autoDraw = False
164.0608 	EXP 	secondVisualStimulus: autoDraw = True
164.0608 	EXP 	secondChoiceLeftStimulus: autoDraw = True
164.0608 	EXP 	secondChoiceRightStimulus: autoDraw = True
164.3954 	EXP 	secondVisualStimulus: autoDraw = False
164.3954 	EXP 	secondChoiceLeftStimulus: autoDraw = False
164.3954 	EXP 	secondChoiceRightStimulus: autoDraw = False
164.3954 	EXP 	secondVisualStimulus: autoDraw = False
164.3954 	EXP 	secondChoiceLeftStimulus: autoDraw = False
164.3954 	EXP 	secondChoiceRightStimulus: autoDraw = False
164.3954 	EXP 	decisionTextProbe: autoDraw = True
164.6507 	DATA 	Keypress: 1
164.6789 	EXP 	decisionTextProbe: autoDraw = False
164.6789 	EXP 	feedbackText: text = 'Incorrect'
164.6789 	EXP 	feedbackText: autoDraw = True
165.6803 	EXP 	feedbackText: autoDraw = False
165.6803 	EXP 	feedbackText: autoDraw = False
165.6803 	EXP 	text: autoDraw = True
167.0952 	EXP 	text: autoDraw = False
167.0952 	EXP 	text: autoDraw = False
167.1136 	EXP 	firstVisualStimulus: autoDraw = True
167.1136 	EXP 	firstChoiceLeftStimulus: autoDraw = True
167.1136 	EXP 	firstChoiceRightStimulus: autoDraw = True
167.4487 	EXP 	firstVisualStimulus: autoDraw = False
167.4487 	EXP 	firstChoiceLeftStimulus: autoDraw = False
167.4487 	EXP 	firstChoiceRightStimulus: autoDraw = False
167.4487 	EXP 	firstVisualStimulus: autoDraw = False
167.4487 	EXP 	firstChoiceLeftStimulus: autoDraw = False
167.4487 	EXP 	firstChoiceRightStimulus: autoDraw = False
167.4487 	EXP 	ISIVisualStimulus: autoDraw = True
167.4487 	EXP 	rightStimulus: autoDraw = True
167.4487 	EXP 	leftStimulus: autoDraw = True
168.8666 	EXP 	ISIVisualStimulus: autoDraw = False
168.8666 	EXP 	rightStimulus: autoDraw = False
168.8666 	EXP 	leftStimulus: autoDraw = False
168.8666 	EXP 	ISIVisualStimulus: autoDraw = False
168.8666 	EXP 	rightStimulus: autoDraw = False
168.8666 	EXP 	leftStimulus: autoDraw = False
168.8833 	EXP 	secondVisualStimulus: autoDraw = True
168.8833 	EXP 	secondChoiceLeftStimulus: autoDraw = True
168.8833 	EXP 	secondChoiceRightStimulus: autoDraw = True
169.2171 	EXP 	secondVisualStimulus: autoDraw = False
169.2171 	EXP 	secondChoiceLeftStimulus: autoDraw = False
169.2171 	EXP 	secondChoiceRightStimulus: autoDraw = False
169.2171 	EXP 	secondVisualStimulus: autoDraw = False
169.2171 	EXP 	secondChoiceLeftStimulus: autoDraw = False
169.2171 	EXP 	secondChoiceRightStimulus: autoDraw = False
169.2171 	EXP 	decisionTextProbe: autoDraw = True
169.5565 	DATA 	Keypress: 1
169.5673 	EXP 	decisionTextProbe: autoDraw = False
169.5673 	EXP 	feedbackText: text = 'Incorrect'
169.5673 	EXP 	feedbackText: autoDraw = True
170.5685 	EXP 	feedbackText: autoDraw = False
170.5685 	EXP 	feedbackText: autoDraw = False
170.5685 	EXP 	text: autoDraw = True
171.9825 	EXP 	text: autoDraw = False
171.9825 	EXP 	text: autoDraw = False
172.0018 	EXP 	firstVisualStimulus: autoDraw = True
172.0018 	EXP 	firstChoiceLeftStimulus: autoDraw = True
172.0018 	EXP 	firstChoiceRightStimulus: autoDraw = True
172.3368 	EXP 	firstVisualStimulus: autoDraw = False
172.3368 	EXP 	firstChoiceLeftStimulus: autoDraw = False
172.3368 	EXP 	firstChoiceRightStimulus: autoDraw = False
172.3368 	EXP 	firstVisualStimulus: autoDraw = False
172.3368 	EXP 	firstChoiceLeftStimulus: autoDraw = False
172.3368 	EXP 	firstChoiceRightStimulus: autoDraw = False
172.3368 	EXP 	ISIVisualStimulus: autoDraw = True
172.3368 	EXP 	rightStimulus: autoDraw = True
172.3368 	EXP 	leftStimulus: autoDraw = True
173.7539 	EXP 	ISIVisualStimulus: autoDraw = False
173.7539 	EXP 	rightStimulus: autoDraw = False
173.7539 	EXP 	leftStimulus: autoDraw = False
173.7539 	EXP 	ISIVisualStimulus: autoDraw = False
173.7539 	EXP 	rightStimulus: autoDraw = False
173.7539 	EXP 	leftStimulus: autoDraw = False
173.7716 	EXP 	secondVisualStimulus: autoDraw = True
173.7716 	EXP 	secondChoiceLeftStimulus: autoDraw = True
173.7716 	EXP 	secondChoiceRightStimulus: autoDraw = True
174.1052 	EXP 	secondVisualStimulus: autoDraw = False
174.1052 	EXP 	secondChoiceLeftStimulus: autoDraw = False
174.1052 	EXP 	secondChoiceRightStimulus: autoDraw = False
174.1052 	EXP 	secondVisualStimulus: autoDraw = False
174.1052 	EXP 	secondChoiceLeftStimulus: autoDraw = False
174.1052 	EXP 	secondChoiceRightStimulus: autoDraw = False
174.1052 	EXP 	decisionTextProbe: autoDraw = True
174.3487 	DATA 	Keypress: 1
174.3553 	EXP 	decisionTextProbe: autoDraw = False
174.3553 	EXP 	feedbackText: text = 'Correct'
174.3553 	EXP 	feedbackText: autoDraw = True
175.3567 	EXP 	feedbackText: autoDraw = False
175.3567 	EXP 	feedbackText: autoDraw = False
175.3567 	EXP 	text: autoDraw = True
176.7724 	EXP 	text: autoDraw = False
176.7724 	EXP 	text: autoDraw = False
176.7914 	EXP 	firstVisualStimulus: autoDraw = True
176.7914 	EXP 	firstChoiceLeftStimulus: autoDraw = True
176.7914 	EXP 	firstChoiceRightStimulus: autoDraw = True
177.1251 	EXP 	firstVisualStimulus: autoDraw = False
177.1251 	EXP 	firstChoiceLeftStimulus: autoDraw = False
177.1251 	EXP 	firstChoiceRightStimulus: autoDraw = False
177.1251 	EXP 	firstVisualStimulus: autoDraw = False
177.1251 	EXP 	firstChoiceLeftStimulus: autoDraw = False
177.1251 	EXP 	firstChoiceRightStimulus: autoDraw = False
177.1251 	EXP 	ISIVisualStimulus: autoDraw = True
177.1251 	EXP 	rightStimulus: autoDraw = True
177.1251 	EXP 	leftStimulus: autoDraw = True
178.5389 	EXP 	ISIVisualStimulus: autoDraw = False
178.5389 	EXP 	rightStimulus: autoDraw = False
178.5389 	EXP 	leftStimulus: autoDraw = False
178.5389 	EXP 	ISIVisualStimulus: autoDraw = False
178.5389 	EXP 	rightStimulus: autoDraw = False
178.5389 	EXP 	leftStimulus: autoDraw = False
178.5584 	EXP 	secondVisualStimulus: autoDraw = True
178.5584 	EXP 	secondChoiceLeftStimulus: autoDraw = True
178.5584 	EXP 	secondChoiceRightStimulus: autoDraw = True
178.8934 	EXP 	secondVisualStimulus: autoDraw = False
178.8934 	EXP 	secondChoiceLeftStimulus: autoDraw = False
178.8934 	EXP 	secondChoiceRightStimulus: autoDraw = False
178.8934 	EXP 	secondVisualStimulus: autoDraw = False
178.8934 	EXP 	secondChoiceLeftStimulus: autoDraw = False
178.8934 	EXP 	secondChoiceRightStimulus: autoDraw = False
178.8934 	EXP 	decisionTextProbe: autoDraw = True
179.9368 	DATA 	Keypress: 2
179.9442 	EXP 	decisionTextProbe: autoDraw = False
179.9442 	EXP 	feedbackText: text = 'Incorrect'
179.9442 	EXP 	feedbackText: autoDraw = True
180.9457 	EXP 	feedbackText: autoDraw = False
180.9457 	EXP 	feedbackText: autoDraw = False
180.9457 	EXP 	text: autoDraw = True
182.3616 	EXP 	text: autoDraw = False
182.3616 	EXP 	text: autoDraw = False
182.3800 	EXP 	firstVisualStimulus: autoDraw = True
182.3800 	EXP 	firstChoiceLeftStimulus: autoDraw = True
182.3800 	EXP 	firstChoiceRightStimulus: autoDraw = True
182.7139 	EXP 	firstVisualStimulus: autoDraw = False
182.7139 	EXP 	firstChoiceLeftStimulus: autoDraw = False
182.7139 	EXP 	firstChoiceRightStimulus: autoDraw = False
182.7139 	EXP 	firstVisualStimulus: autoDraw = False
182.7139 	EXP 	firstChoiceLeftStimulus: autoDraw = False
182.7139 	EXP 	firstChoiceRightStimulus: autoDraw = False
182.7139 	EXP 	ISIVisualStimulus: autoDraw = True
182.7139 	EXP 	rightStimulus: autoDraw = True
182.7139 	EXP 	leftStimulus: autoDraw = True
184.1292 	EXP 	ISIVisualStimulus: autoDraw = False
184.1292 	EXP 	rightStimulus: autoDraw = False
184.1292 	EXP 	leftStimulus: autoDraw = False
184.1292 	EXP 	ISIVisualStimulus: autoDraw = False
184.1292 	EXP 	rightStimulus: autoDraw = False
184.1292 	EXP 	leftStimulus: autoDraw = False
184.1487 	EXP 	secondVisualStimulus: autoDraw = True
184.1487 	EXP 	secondChoiceLeftStimulus: autoDraw = True
184.1487 	EXP 	secondChoiceRightStimulus: autoDraw = True
184.4820 	EXP 	secondVisualStimulus: autoDraw = False
184.4820 	EXP 	secondChoiceLeftStimulus: autoDraw = False
184.4820 	EXP 	secondChoiceRightStimulus: autoDraw = False
184.4820 	EXP 	secondVisualStimulus: autoDraw = False
184.4820 	EXP 	secondChoiceLeftStimulus: autoDraw = False
184.4820 	EXP 	secondChoiceRightStimulus: autoDraw = False
184.4820 	EXP 	decisionTextProbe: autoDraw = True
184.7588 	DATA 	Keypress: 1
184.7658 	EXP 	decisionTextProbe: autoDraw = False
184.7658 	EXP 	feedbackText: text = 'Correct'
184.7658 	EXP 	feedbackText: autoDraw = True
185.7668 	EXP 	feedbackText: autoDraw = False
185.7668 	EXP 	feedbackText: autoDraw = False
185.7668 	EXP 	text: autoDraw = True
187.1787 	EXP 	text: autoDraw = False
187.1787 	EXP 	text: autoDraw = False
187.1787 	EXP 	firstVisualStimulus: autoDraw = True
187.1787 	EXP 	firstChoiceLeftStimulus: autoDraw = True
187.1787 	EXP 	firstChoiceRightStimulus: autoDraw = True
187.5019 	EXP 	firstVisualStimulus: autoDraw = False
187.5019 	EXP 	firstChoiceLeftStimulus: autoDraw = False
187.5019 	EXP 	firstChoiceRightStimulus: autoDraw = False
187.5184 	EXP 	firstVisualStimulus: autoDraw = False
187.5184 	EXP 	firstChoiceLeftStimulus: autoDraw = False
187.5184 	EXP 	firstChoiceRightStimulus: autoDraw = False
187.5184 	EXP 	ISIVisualStimulus: autoDraw = True
187.5184 	EXP 	rightStimulus: autoDraw = True
187.5184 	EXP 	leftStimulus: autoDraw = True
188.9461 	EXP 	ISIVisualStimulus: autoDraw = False
188.9461 	EXP 	rightStimulus: autoDraw = False
188.9461 	EXP 	leftStimulus: autoDraw = False
188.9461 	EXP 	ISIVisualStimulus: autoDraw = False
188.9461 	EXP 	rightStimulus: autoDraw = False
188.9461 	EXP 	leftStimulus: autoDraw = False
188.9461 	EXP 	secondVisualStimulus: autoDraw = True
188.9461 	EXP 	secondChoiceLeftStimulus: autoDraw = True
188.9461 	EXP 	secondChoiceRightStimulus: autoDraw = True
189.2707 	EXP 	secondVisualStimulus: autoDraw = False
189.2707 	EXP 	secondChoiceLeftStimulus: autoDraw = False
189.2707 	EXP 	secondChoiceRightStimulus: autoDraw = False
189.2871 	EXP 	secondVisualStimulus: autoDraw = False
189.2871 	EXP 	secondChoiceLeftStimulus: autoDraw = False
189.2871 	EXP 	secondChoiceRightStimulus: autoDraw = False
189.2871 	EXP 	decisionTextProbe: autoDraw = True
189.7107 	DATA 	Keypress: 1
189.7207 	EXP 	decisionTextProbe: autoDraw = False
189.7207 	EXP 	feedbackText: text = 'Correct'
189.7207 	EXP 	feedbackText: autoDraw = True
190.7216 	EXP 	feedbackText: autoDraw = False
190.7216 	EXP 	feedbackText: autoDraw = False
190.7216 	EXP 	text: autoDraw = True
192.1387 	EXP 	text: autoDraw = False
192.1387 	EXP 	text: autoDraw = False
192.1568 	EXP 	firstVisualStimulus: autoDraw = True
192.1568 	EXP 	firstChoiceLeftStimulus: autoDraw = True
192.1568 	EXP 	firstChoiceRightStimulus: autoDraw = True
192.4903 	EXP 	firstVisualStimulus: autoDraw = False
192.4903 	EXP 	firstChoiceLeftStimulus: autoDraw = False
192.4903 	EXP 	firstChoiceRightStimulus: autoDraw = False
192.4903 	EXP 	firstVisualStimulus: autoDraw = False
192.4903 	EXP 	firstChoiceLeftStimulus: autoDraw = False
192.4903 	EXP 	firstChoiceRightStimulus: autoDraw = False
192.4903 	EXP 	ISIVisualStimulus: autoDraw = True
192.4903 	EXP 	rightStimulus: autoDraw = True
192.4903 	EXP 	leftStimulus: autoDraw = True
193.9077 	EXP 	ISIVisualStimulus: autoDraw = False
193.9077 	EXP 	rightStimulus: autoDraw = False
193.9077 	EXP 	leftStimulus: autoDraw = False
193.9077 	EXP 	ISIVisualStimulus: autoDraw = False
193.9077 	EXP 	rightStimulus: autoDraw = False
193.9077 	EXP 	leftStimulus: autoDraw = False
193.9251 	EXP 	secondVisualStimulus: autoDraw = True
193.9251 	EXP 	secondChoiceLeftStimulus: autoDraw = True
193.9251 	EXP 	secondChoiceRightStimulus: autoDraw = True
194.2587 	EXP 	secondVisualStimulus: autoDraw = False
194.2587 	EXP 	secondChoiceLeftStimulus: autoDraw = False
194.2587 	EXP 	secondChoiceRightStimulus: autoDraw = False
194.2587 	EXP 	secondVisualStimulus: autoDraw = False
194.2587 	EXP 	secondChoiceLeftStimulus: autoDraw = False
194.2587 	EXP 	secondChoiceRightStimulus: autoDraw = False
194.2587 	EXP 	decisionTextProbe: autoDraw = True
194.5960 	DATA 	Keypress: 1
194.6256 	EXP 	decisionTextProbe: autoDraw = False
194.6256 	EXP 	feedbackText: text = 'Correct'
194.6256 	EXP 	feedbackText: autoDraw = True
195.6267 	EXP 	feedbackText: autoDraw = False
195.6267 	EXP 	feedbackText: autoDraw = False
195.6267 	EXP 	text: autoDraw = True
197.0412 	EXP 	text: autoDraw = False
197.0412 	EXP 	text: autoDraw = False
197.0602 	EXP 	firstVisualStimulus: autoDraw = True
197.0602 	EXP 	firstChoiceLeftStimulus: autoDraw = True
197.0602 	EXP 	firstChoiceRightStimulus: autoDraw = True
197.3950 	EXP 	firstVisualStimulus: autoDraw = False
197.3950 	EXP 	firstChoiceLeftStimulus: autoDraw = False
197.3950 	EXP 	firstChoiceRightStimulus: autoDraw = False
197.3950 	EXP 	firstVisualStimulus: autoDraw = False
197.3950 	EXP 	firstChoiceLeftStimulus: autoDraw = False
197.3950 	EXP 	firstChoiceRightStimulus: autoDraw = False
197.3950 	EXP 	ISIVisualStimulus: autoDraw = True
197.3950 	EXP 	rightStimulus: autoDraw = True
197.3950 	EXP 	leftStimulus: autoDraw = True
198.8139 	EXP 	ISIVisualStimulus: autoDraw = False
198.8139 	EXP 	rightStimulus: autoDraw = False
198.8139 	EXP 	leftStimulus: autoDraw = False
198.8139 	EXP 	ISIVisualStimulus: autoDraw = False
198.8139 	EXP 	rightStimulus: autoDraw = False
198.8139 	EXP 	leftStimulus: autoDraw = False
198.8298 	EXP 	secondVisualStimulus: autoDraw = True
198.8298 	EXP 	secondChoiceLeftStimulus: autoDraw = True
198.8298 	EXP 	secondChoiceRightStimulus: autoDraw = True
199.1636 	EXP 	secondVisualStimulus: autoDraw = False
199.1636 	EXP 	secondChoiceLeftStimulus: autoDraw = False
199.1636 	EXP 	secondChoiceRightStimulus: autoDraw = False
199.1636 	EXP 	secondVisualStimulus: autoDraw = False
199.1636 	EXP 	secondChoiceLeftStimulus: autoDraw = False
199.1636 	EXP 	secondChoiceRightStimulus: autoDraw = False
199.1636 	EXP 	decisionTextProbe: autoDraw = True
199.6211 	DATA 	Keypress: 2
199.6307 	EXP 	decisionTextProbe: autoDraw = False
199.6307 	EXP 	feedbackText: text = 'Correct'
199.6307 	EXP 	feedbackText: autoDraw = True
200.6318 	EXP 	feedbackText: autoDraw = False
200.6318 	EXP 	feedbackText: autoDraw = False
200.6318 	EXP 	text_11: autoDraw = True
201.8196 	DATA 	Keypress: e
201.8497 	EXP 	text_11: autoDraw = False
201.8584 	INFO 	saved data to 'C:\\Users\\W2032175\\Documents\\GitHub\\Open-source-Auditory-Tone-Detection-Task\\Auditory Tone Detection Task\\data/_toneDetectionPlatform_V1.8_2020_Nov_09_1555.csv'
201.8678 	INFO 	saved data to C:\Users\W2032175\Documents\GitHub\Open-source-Auditory-Tone-Detection-Task\Auditory Tone Detection Task\data/_toneDetectionPlatform_V1.8_2020_Nov_09_1555.psydat
201.8965 	EXP 	window1: mouseVisible = True
201.9814 	DEBUG 	Saving data for toneDetectionPlatform_V1.8 ExperimentHandler
