1.7347 	WARNING 	We strongly recommend you activate the PTB sound engine in PsychoPy prefs as the preferred audio engine. Its timing is vastly superior. Your prefs are currently set to use ['sounddevice', 'PTB', 'pyo', 'pygame'] (in that order).
19.7023 	INFO 	Loaded monitor calibration from ['2020_10_15 13:31']
19.7132 	WARNING 	User requested fullscreen with size [1920 1080], but screen is actually [1366, 768]. Using actual size
21.2380 	EXP 	Created window1 = Window(allowGUI=False, allowStencil=False, args=UNKNOWN, autoLog=True, bitsMode=UNKNOWN, blendMode='avg', bpc=(8, 8, 8), color=array([1., 1., 1.]), colorSpace='rgb', depthBits=8, fullscr=<method-wrapper '__getattribute__' of attributeSetter object at 0x000001FEB7A64940>, gamma=None, gammaErrorPolicy='raise', kwargs=UNKNOWN, lms=UNKNOWN, monitor=<psychopy.monitors.calibTools.Monitor object at 0x000001FEB7779278>, multiSample=False, name='window1', numSamples=2, pos=[0.0, 0.0], screen=0, size=array([1366,  768]), stencilBits=0, stereo=False, units='height', useFBO=True, useRetina=False, viewOri=0.0, viewPos=None, viewScale=None, waitBlanking=True, winType='pyglet')
21.2380 	EXP 	window1: mouseVisible = True
21.2381 	EXP 	window1: recordFrameIntervals = False
21.4043 	EXP 	window1: recordFrameIntervals = True
21.5879 	DEBUG 	Screen (0) actual frame rate measured at 59.95
21.5880 	EXP 	window1: recordFrameIntervals = False
21.8280 	EXP 	Created welcomeText = TextStim(__class__=<class 'psychopy.visual.text.TextStim'>, alignHoriz=method-wrapper(...), alignText='center', alignVert=method-wrapper(...), anchorHoriz='center', anchorVert='center', antialias=True, autoLog=True, bold=False, color='black', colorSpace='named', contrast=1.0, depth=0.0, flipHoriz=False, flipVert=False, font='Arial', fontFiles=[], height=0.07, italic=False, languageStyle='LTR', name='welcomeText', opacity=1.0, ori=0, pos=array([0., 0.]), rgb=array([0., 0., 0.]), text=str(...), units='height', win=Window(...), wrapWidth=1)
21.8681 	EXP 	Created instructionsLightBulb1 = ImageStim(__class__=<class 'psychopy.visual.image.ImageStim'>, autoLog=True, color=array([1., 1., 1.]), colorSpace='rgb', contrast=1.0, depth=0.0, flipHoriz=False, flipVert=False, image='lightBulb_OFF.png', interpolate=True, mask=None, maskParams=None, name='instructionsLightBulb1', opacity=1.0, ori=0.0, pos=array([-0.5,  0. ]), size=array([0.4, 0.4]), texRes=128, units='height', win=Window(...))
21.9068 	EXP 	Created instructionsLightBulb2 = ImageStim(__class__=<class 'psychopy.visual.image.ImageStim'>, autoLog=True, color=array([1., 1., 1.]), colorSpace='rgb', contrast=1.0, depth=-1.0, flipHoriz=False, flipVert=False, image='lightBulb_OFF.png', interpolate=True, mask=None, maskParams=None, name='instructionsLightBulb2', opacity=1.0, ori=0.0, pos=array([0.5, 0. ]), size=array([0.4, 0.4]), texRes=128, units='height', win=Window(...))
21.9268 	EXP 	Created instructionsText = TextStim(__class__=<class 'psychopy.visual.text.TextStim'>, alignHoriz=method-wrapper(...), alignText='center', alignVert=method-wrapper(...), anchorHoriz='center', anchorVert='center', antialias=True, autoLog=True, bold=False, color='black', colorSpace='named', contrast=1.0, depth=-2.0, flipHoriz=False, flipVert=False, font='Arial', fontFiles=[], height=0.05, italic=False, languageStyle='LTR', name='instructionsText', opacity=1.0, ori=0, pos=array([0. , 0.3]), rgb=array([0., 0., 0.]), text=str(...), units='height', win=Window(...), wrapWidth=1)
21.9323 	EXP 	Created pressSpace = TextStim(__class__=<class 'psychopy.visual.text.TextStim'>, alignHoriz=method-wrapper(...), alignText='center', alignVert=method-wrapper(...), anchorHoriz='center', anchorVert='center', antialias=True, autoLog=True, bold=False, color='black', colorSpace='named', contrast=1.0, depth=-3.0, flipHoriz=False, flipVert=False, font='Arial', fontFiles=[], height=0.05, italic=False, languageStyle='LTR', name='pressSpace', opacity=1.0, ori=0, pos=array([ 0. , -0.3]), rgb=array([0., 0., 0.]), text='PRESS SPACE to continue', units='height', win=Window(...), wrapWidth=1)
21.9586 	EXP 	Created instructionsLightBulb1_2 = ImageStim(__class__=<class 'psychopy.visual.image.ImageStim'>, autoLog=True, color=array([1., 1., 1.]), colorSpace='rgb', contrast=1.0, depth=0.0, flipHoriz=False, flipVert=False, image='lightBulb_OFF.png', interpolate=True, mask=None, maskParams=None, name='instructionsLightBulb1_2', opacity=1.0, ori=0.0, pos=array([-0.5,  0. ]), size=array([0.4, 0.4]), texRes=128, units='height', win=Window(...))
21.9846 	EXP 	Created instructionsLightBulb2_2 = ImageStim(__class__=<class 'psychopy.visual.image.ImageStim'>, autoLog=True, color=array([1., 1., 1.]), colorSpace='rgb', contrast=1.0, depth=-1.0, flipHoriz=False, flipVert=False, image='lightBulb_OFF.png', interpolate=True, mask=None, maskParams=None, name='instructionsLightBulb2_2', opacity=1.0, ori=0.0, pos=array([0.5, 0. ]), size=array([0.4, 0.4]), texRes=128, units='height', win=Window(...))
21.9889 	EXP 	Created instructionsText_2 = TextStim(__class__=<class 'psychopy.visual.text.TextStim'>, alignHoriz=method-wrapper(...), alignText='center', alignVert=method-wrapper(...), anchorHoriz='center', anchorVert='center', antialias=True, autoLog=True, bold=False, color='black', colorSpace='named', contrast=1.0, depth=-2.0, flipHoriz=False, flipVert=False, font='Arial', fontFiles=[], height=0.05, italic=False, languageStyle='LTR', name='instructionsText_2', opacity=1.0, ori=0, pos=array([0. , 0.3]), rgb=array([0., 0., 0.]), text='In each trial, the light bulbs will blink', units='height', win=Window(...), wrapWidth=1)
21.9913 	EXP 	Created pressSpace_2 = TextStim(__class__=<class 'psychopy.visual.text.TextStim'>, alignHoriz=method-wrapper(...), alignText='center', alignVert=method-wrapper(...), anchorHoriz='center', anchorVert='center', antialias=True, autoLog=True, bold=False, color='black', colorSpace='named', contrast=1.0, depth=-3.0, flipHoriz=False, flipVert=False, font='Arial', fontFiles=[], height=0.05, italic=False, languageStyle='LTR', name='pressSpace_2', opacity=1.0, ori=0, pos=array([ 0. , -0.3]), rgb=array([0., 0., 0.]), text='PRESS SPACE to continue', units='height', win=Window(...), wrapWidth=1)
22.0173 	EXP 	Created instructionsLightBulb1_3 = ImageStim(__class__=<class 'psychopy.visual.image.ImageStim'>, autoLog=True, color=array([1., 1., 1.]), colorSpace='rgb', contrast=1.0, depth=0.0, flipHoriz=False, flipVert=False, image='lightBulb_OFF.png', interpolate=True, mask=None, maskParams=None, name='instructionsLightBulb1_3', opacity=1.0, ori=0.0, pos=array([-0.5,  0. ]), size=array([0.4, 0.4]), texRes=128, units='height', win=Window(...))
22.0433 	EXP 	Created instructionsLightBulb2_3 = ImageStim(__class__=<class 'psychopy.visual.image.ImageStim'>, autoLog=True, color=array([1., 1., 1.]), colorSpace='rgb', contrast=1.0, depth=-1.0, flipHoriz=False, flipVert=False, image='lightBulb_OFF.png', interpolate=True, mask=None, maskParams=None, name='instructionsLightBulb2_3', opacity=1.0, ori=0.0, pos=array([0.5, 0. ]), size=array([0.4, 0.4]), texRes=128, units='height', win=Window(...))
22.0495 	EXP 	Created text_3 = TextStim(__class__=<class 'psychopy.visual.text.TextStim'>, alignHoriz=method-wrapper(...), alignText='center', alignVert=method-wrapper(...), anchorHoriz='center', anchorVert='center', antialias=True, autoLog=True, bold=False, color='black', colorSpace='named', contrast=1.0, depth=-2.0, flipHoriz=False, flipVert=False, font='Arial', fontFiles=[], height=0.05, italic=False, languageStyle='LTR', name='text_3', opacity=1.0, ori=0, pos=array([0. , 0.3]), rgb=array([0., 0., 0.]), text=str(...), units='height', win=Window(...), wrapWidth=1)
22.0525 	EXP 	Created pressSpace_3 = TextStim(__class__=<class 'psychopy.visual.text.TextStim'>, alignHoriz=method-wrapper(...), alignText='center', alignVert=method-wrapper(...), anchorHoriz='center', anchorVert='center', antialias=True, autoLog=True, bold=False, color='black', colorSpace='named', contrast=1.0, depth=-3.0, flipHoriz=False, flipVert=False, font='Arial', fontFiles=[], height=0.05, italic=False, languageStyle='LTR', name='pressSpace_3', opacity=1.0, ori=0, pos=array([ 0. , -0.3]), rgb=array([0., 0., 0.]), text='Press SPACE to see light bulb 1 blink', units='height', win=Window(...), wrapWidth=1)
22.0790 	EXP 	Created instructionsLightBulb1_4 = ImageStim(__class__=<class 'psychopy.visual.image.ImageStim'>, autoLog=True, color=array([1., 1., 1.]), colorSpace='rgb', contrast=1.0, depth=0.0, flipHoriz=False, flipVert=False, image='lightBulb_ON.png', interpolate=True, mask=None, maskParams=None, name='instructionsLightBulb1_4', opacity=1.0, ori=0.0, pos=array([-0.5,  0. ]), size=array([0.4, 0.4]), texRes=128, units='height', win=Window(...))
22.1054 	EXP 	Created instructionsLightBulb2_4 = ImageStim(__class__=<class 'psychopy.visual.image.ImageStim'>, autoLog=True, color=array([1., 1., 1.]), colorSpace='rgb', contrast=1.0, depth=-1.0, flipHoriz=False, flipVert=False, image='lightBulb_OFF.png', interpolate=True, mask=None, maskParams=None, name='instructionsLightBulb2_4', opacity=1.0, ori=0.0, pos=array([0.5, 0. ]), size=array([0.4, 0.4]), texRes=128, units='height', win=Window(...))
22.1454 	EXP 	Created instructionsLightBulb1_5 = ImageStim(__class__=<class 'psychopy.visual.image.ImageStim'>, autoLog=True, color=array([1., 1., 1.]), colorSpace='rgb', contrast=1.0, depth=0.0, flipHoriz=False, flipVert=False, image='lightBulb_OFF.png', interpolate=True, mask=None, maskParams=None, name='instructionsLightBulb1_5', opacity=1.0, ori=0.0, pos=array([-0.5,  0. ]), size=array([0.4, 0.4]), texRes=128, units='height', win=Window(...))
22.1856 	EXP 	Created instructionsLightBulb2_5 = ImageStim(__class__=<class 'psychopy.visual.image.ImageStim'>, autoLog=True, color=array([1., 1., 1.]), colorSpace='rgb', contrast=1.0, depth=-1.0, flipHoriz=False, flipVert=False, image='lightBulb_OFF.png', interpolate=True, mask=None, maskParams=None, name='instructionsLightBulb2_5', opacity=1.0, ori=0.0, pos=array([0.5, 0. ]), size=array([0.4, 0.4]), texRes=128, units='height', win=Window(...))
22.2254 	EXP 	Created instructionsLightBulb2_6 = ImageStim(__class__=<class 'psychopy.visual.image.ImageStim'>, autoLog=True, color=array([1., 1., 1.]), colorSpace='rgb', contrast=1.0, depth=-2.0, flipHoriz=False, flipVert=False, image='lightBulb_ON.png', interpolate=True, mask=None, maskParams=None, name='instructionsLightBulb2_6', opacity=1.0, ori=0.0, pos=array([0.5, 0. ]), size=array([0.4, 0.4]), texRes=128, units='height', win=Window(...))
22.2321 	EXP 	Created text_4 = TextStim(__class__=<class 'psychopy.visual.text.TextStim'>, alignHoriz=method-wrapper(...), alignText='center', alignVert=method-wrapper(...), anchorHoriz='center', anchorVert='center', antialias=True, autoLog=True, bold=False, color='black', colorSpace='named', contrast=1.0, depth=-3.0, flipHoriz=False, flipVert=False, font='Arial', fontFiles=[], height=0.05, italic=False, languageStyle='LTR', name='text_4', opacity=1.0, ori=0, pos=array([0. , 0.3]), rgb=array([0., 0., 0.]), text=str(...), units='height', win=Window(...), wrapWidth=1)
22.2344 	EXP 	Created pressSpace_4 = TextStim(__class__=<class 'psychopy.visual.text.TextStim'>, alignHoriz=method-wrapper(...), alignText='center', alignVert=method-wrapper(...), anchorHoriz='center', anchorVert='center', antialias=True, autoLog=True, bold=False, color='black', colorSpace='named', contrast=1.0, depth=-4.0, flipHoriz=False, flipVert=False, font='Arial', fontFiles=[], height=0.05, italic=False, languageStyle='LTR', name='pressSpace_4', opacity=1.0, ori=0, pos=array([ 0. , -0.3]), rgb=array([0., 0., 0.]), text='Press SPACE to continue', units='height', win=Window(...), wrapWidth=1)
22.2432 	EXP 	Created text_2 = TextStim(__class__=<class 'psychopy.visual.text.TextStim'>, alignHoriz=method-wrapper(...), alignText='center', alignVert=method-wrapper(...), anchorHoriz='center', anchorVert='center', antialias=True, autoLog=True, bold=False, color='black', colorSpace='named', contrast=1.0, depth=0.0, flipHoriz=False, flipVert=False, font='Arial', fontFiles=[], height=0.07, italic=False, languageStyle='LTR', name='text_2', opacity=1.0, ori=0, pos=array([0., 0.]), rgb=array([0., 0., 0.]), text=str(...), units='height', win=Window(...), wrapWidth=1)
22.2491 	EXP 	Created text_5 = TextStim(__class__=<class 'psychopy.visual.text.TextStim'>, alignHoriz=method-wrapper(...), alignText='center', alignVert=method-wrapper(...), anchorHoriz='center', anchorVert='center', antialias=True, autoLog=True, bold=False, color='black', colorSpace='named', contrast=1.0, depth=-1.0, flipHoriz=False, flipVert=False, font='Arial', fontFiles=[], height=0.07, italic=False, languageStyle='LTR', name='text_5', opacity=1.0, ori=0, pos=array([ 0. , -0.3]), rgb=array([0., 0., 0.]), text='press SPACEBAR to hear this sound', units='height', win=Window(...), wrapWidth=1)
22.2754 	EXP 	Created lightBulbOFF = ImageStim(__class__=<class 'psychopy.visual.image.ImageStim'>, autoLog=True, color=array([1., 1., 1.]), colorSpace='rgb', contrast=1.0, depth=-1.0, flipHoriz=False, flipVert=False, image='lightBulb_OFF.png', interpolate=True, mask=None, maskParams=None, name='lightBulbOFF', opacity=1.0, ori=0.0, pos=array([0., 0.]), size=array([0.5, 0.5]), texRes=128, units='height', win=Window(...))
22.3009 	EXP 	Created lightBulbON = ImageStim(__class__=<class 'psychopy.visual.image.ImageStim'>, autoLog=True, color=array([1., 1., 1.]), colorSpace='rgb', contrast=1.0, depth=-2.0, flipHoriz=False, flipVert=False, image='lightBulb_ON.png', interpolate=True, mask=None, maskParams=None, name='lightBulbON', opacity=1.0, ori=0.0, pos=array([0., 0.]), size=array([0.5, 0.5]), texRes=128, units='height', win=Window(...))
22.3216 	EXP 	Sound sound_1 set volume 1.000
22.3452 	EXP 	Created instructions_8_firstLine = TextStim(__class__=<class 'psychopy.visual.text.TextStim'>, alignHoriz=method-wrapper(...), alignText='center', alignVert=method-wrapper(...), anchorHoriz='center', anchorVert='center', antialias=True, autoLog=True, bold=False, color='black', colorSpace='named', contrast=1.0, depth=0.0, flipHoriz=False, flipVert=False, font='Arial', fontFiles=[], height=0.04, italic=False, languageStyle='LTR', name='instructions_8_firstLine', opacity=1.0, ori=0, pos=array([0. , 0.2]), rgb=array([0., 0., 0.]), text=str(...), units='height', win=Window(...), wrapWidth=1)
22.3531 	EXP 	Created text_8 = TextStim(__class__=<class 'psychopy.visual.text.TextStim'>, alignHoriz=method-wrapper(...), alignText='center', alignVert=method-wrapper(...), anchorHoriz='center', anchorVert='center', antialias=True, autoLog=True, bold=False, color='black', colorSpace='named', contrast=1.0, depth=-1.0, flipHoriz=False, flipVert=False, font='Arial', fontFiles=[], height=0.04, italic=False, languageStyle='LTR', name='text_8', opacity=1.0, ori=0, pos=array([0. , 0.1]), rgb=array([0., 0., 0.]), text=str(...), units='height', win=Window(...), wrapWidth=1)
22.3606 	EXP 	Created text_9 = TextStim(__class__=<class 'psychopy.visual.text.TextStim'>, alignHoriz=method-wrapper(...), alignText='center', alignVert=method-wrapper(...), anchorHoriz='center', anchorVert='center', antialias=True, autoLog=True, bold=False, color='black', colorSpace='named', contrast=1.0, depth=-2.0, flipHoriz=False, flipVert=False, font='Arial', fontFiles=[], height=0.04, italic=False, languageStyle='LTR', name='text_9', opacity=1.0, ori=0, pos=array([ 0.  , -0.02]), rgb=array([0., 0., 0.]), text=str(...), units='height', win=Window(...), wrapWidth=1)
22.3637 	EXP 	Created instructions_8_pressP = TextStim(__class__=<class 'psychopy.visual.text.TextStim'>, alignHoriz=method-wrapper(...), alignText='center', alignVert=method-wrapper(...), anchorHoriz='center', anchorVert='center', antialias=True, autoLog=True, bold=False, color='black', colorSpace='named', contrast=1.0, depth=-3.0, flipHoriz=False, flipVert=False, font='Arial', fontFiles=[], height=0.04, italic=False, languageStyle='LTR', name='instructions_8_pressP', opacity=1.0, ori=0, pos=array([ 0. , -0.3]), rgb=array([0., 0., 0.]), text="press 'p' to begin the practice trials!", units='height', win=Window(...), wrapWidth=1)
22.3720 	EXP 	Created firstITI = TextStim(__class__=<class 'psychopy.visual.text.TextStim'>, alignHoriz=method-wrapper(...), alignText='center', alignVert=method-wrapper(...), anchorHoriz='center', anchorVert='center', antialias=True, autoLog=True, bold=False, color='black', colorSpace='named', contrast=1.0, depth=0.0, flipHoriz=False, flipVert=False, font='Arial', fontFiles=[], height=0.1, italic=False, languageStyle='LTR', name='firstITI', opacity=1.0, ori=0, pos=array([0., 0.]), rgb=array([0., 0., 0.]), text='+', units='height', win=Window(...), wrapWidth=1)
22.3736 	EXP 	Created text_6 = TextStim(__class__=<class 'psychopy.visual.text.TextStim'>, alignHoriz=method-wrapper(...), alignText='center', alignVert=method-wrapper(...), anchorHoriz='center', anchorVert='center', antialias=True, autoLog=True, bold=False, color='black', colorSpace='named', contrast=1.0, depth=-1.0, flipHoriz=False, flipVert=False, font='Arial', fontFiles=[], height=0.1, italic=False, languageStyle='LTR', name='text_6', opacity=1.0, ori=0, pos=array([0., 0.]), rgb=array([0., 0., 0.]), text='+', units='height', win=Window(...), wrapWidth=1)
22.7396 	EXP 	Sound firstChoiceProbeTone_2 set volume 1.000
22.7615 	EXP 	Sound firstChoice_Noise set volume 1.000
22.7645 	EXP 	Created firstVisualStimulus_2 = TextStim(__class__=<class 'psychopy.visual.text.TextStim'>, alignHoriz=method-wrapper(...), alignText='center', alignVert=method-wrapper(...), anchorHoriz='center', anchorVert='center', antialias=True, autoLog=True, bold=False, color='black', colorSpace='named', contrast=1.0, depth=-3.0, flipHoriz=False, flipVert=False, font='Arial', fontFiles=[], height=0.1, italic=False, languageStyle='LTR', name='firstVisualStimulus_2', opacity=1.0, ori=0, pos=array([0., 0.]), rgb=array([0., 0., 0.]), text='1', units='height', win=Window(...), wrapWidth=1)
22.7909 	EXP 	Created firstChoiceLeftStimulus_2 = ImageStim(__class__=<class 'psychopy.visual.image.ImageStim'>, autoLog=True, color=array([1., 1., 1.]), colorSpace='rgb', contrast=1.0, depth=-4.0, flipHoriz=False, flipVert=False, image='lightBulb_ON.png', interpolate=True, mask=None, maskParams=None, name='firstChoiceLeftStimulus_2', opacity=1.0, ori=0.0, pos=array([-0.5,  0. ]), size=array([0.4, 0.4]), texRes=128, units='height', win=Window(...))
22.8177 	EXP 	Created firstChoiceRightStimulus_2 = ImageStim(__class__=<class 'psychopy.visual.image.ImageStim'>, autoLog=True, color=array([1., 1., 1.]), colorSpace='rgb', contrast=1.0, depth=-5.0, flipHoriz=False, flipVert=False, image='lightBulb_OFF.png', interpolate=True, mask=None, maskParams=None, name='firstChoiceRightStimulus_2', opacity=1.0, ori=0.0, pos=array([0.5, 0. ]), size=array([0.4, 0.4]), texRes=128, units='height', win=Window(...))
22.8217 	EXP 	Created ISIVisualStimulus_3 = TextStim(__class__=<class 'psychopy.visual.text.TextStim'>, alignHoriz=method-wrapper(...), alignText='center', alignVert=method-wrapper(...), anchorHoriz='center', anchorVert='center', antialias=True, autoLog=True, bold=False, color='black', colorSpace='named', contrast=1.0, depth=0.0, flipHoriz=False, flipVert=False, font='Arial', fontFiles=[], height=0.1, italic=False, languageStyle='LTR', name='ISIVisualStimulus_3', opacity=1.0, ori=0, pos=array([0., 0.]), rgb=array([0., 0., 0.]), text='ISI', units='height', win=Window(...), wrapWidth=1)
22.8486 	EXP 	Created rightStimulus_3 = ImageStim(__class__=<class 'psychopy.visual.image.ImageStim'>, autoLog=True, color=array([1., 1., 1.]), colorSpace='rgb', contrast=1.0, depth=-1.0, flipHoriz=False, flipVert=False, image='lightBulb_OFF.png', interpolate=True, mask=None, maskParams=None, name='rightStimulus_3', opacity=1.0, ori=0.0, pos=array([0.5, 0. ]), size=array([0.4, 0.4]), texRes=128, units='height', win=Window(...))
22.8750 	EXP 	Created leftStimulus_3 = ImageStim(__class__=<class 'psychopy.visual.image.ImageStim'>, autoLog=True, color=array([1., 1., 1.]), colorSpace='rgb', contrast=1.0, depth=-2.0, flipHoriz=False, flipVert=False, image='lightBulb_OFF.png', interpolate=True, mask=None, maskParams=None, name='leftStimulus_3', opacity=1.0, ori=0.0, pos=array([-0.5,  0. ]), size=array([0.4, 0.4]), texRes=128, units='height', win=Window(...))
23.2404 	EXP 	Sound secondChoiceTone_2 set volume 1.000
23.2626 	EXP 	Sound secondChoice_Noise set volume 1.000
23.2656 	EXP 	Created secondVisualStimulus_2 = TextStim(__class__=<class 'psychopy.visual.text.TextStim'>, alignHoriz=method-wrapper(...), alignText='center', alignVert=method-wrapper(...), anchorHoriz='center', anchorVert='center', antialias=True, autoLog=True, bold=False, color='black', colorSpace='named', contrast=1.0, depth=-3.0, flipHoriz=False, flipVert=False, font='Arial', fontFiles=[], height=0.1, italic=False, languageStyle='LTR', name='secondVisualStimulus_2', opacity=1.0, ori=0, pos=array([0., 0.]), rgb=array([0., 0., 0.]), text='2', units='height', win=Window(...), wrapWidth=1)
23.2926 	EXP 	Created secondChoiceLeftStimulus_2 = ImageStim(__class__=<class 'psychopy.visual.image.ImageStim'>, autoLog=True, color=array([1., 1., 1.]), colorSpace='rgb', contrast=1.0, depth=-4.0, flipHoriz=False, flipVert=False, image='lightBulb_OFF.png', interpolate=True, mask=None, maskParams=None, name='secondChoiceLeftStimulus_2', opacity=1.0, ori=0.0, pos=array([-0.5,  0. ]), size=array([0.4, 0.4]), texRes=128, units='height', win=Window(...))
23.3209 	EXP 	Created secondChoiceRightStimulus_2 = ImageStim(__class__=<class 'psychopy.visual.image.ImageStim'>, autoLog=True, color=array([1., 1., 1.]), colorSpace='rgb', contrast=1.0, depth=-5.0, flipHoriz=False, flipVert=False, image='lightBulb_ON.png', interpolate=True, mask=None, maskParams=None, name='secondChoiceRightStimulus_2', opacity=1.0, ori=0.0, pos=array([0.5, 0. ]), size=array([0.4, 0.4]), texRes=128, units='height', win=Window(...))
23.3397 	EXP 	Created decisionTextProbe_2 = TextStim(__class__=<class 'psychopy.visual.text.TextStim'>, alignHoriz=method-wrapper(...), alignText='center', alignVert=method-wrapper(...), anchorHoriz='center', anchorVert='center', antialias=True, autoLog=True, bold=False, color='black', colorSpace='named', contrast=1.0, depth=-1.0, flipHoriz=False, flipVert=False, font='Arial', fontFiles=[], height=0.1, italic=False, languageStyle='LTR', name='decisionTextProbe_2', opacity=1.0, ori=0, pos=array([0., 0.]), rgb=array([0., 0., 0.]), text=str(...), units='height', win=Window(...), wrapWidth=1)
23.3453 	EXP 	Created feedbackText_2 = TextStim(__class__=<class 'psychopy.visual.text.TextStim'>, alignHoriz=method-wrapper(...), alignText='center', alignVert=method-wrapper(...), anchorHoriz='center', anchorVert='center', antialias=True, autoLog=True, bold=False, color='black', colorSpace='named', contrast=1.0, depth=-1.0, flipHoriz=False, flipVert=False, font='Arial', fontFiles=[], height=0.1, italic=False, languageStyle='LTR', name='feedbackText_2', opacity=1.0, ori=0, pos=array([0., 0.]), rgb=array([0., 0., 0.]), text='default text', units='height', win=Window(...), wrapWidth=1)
23.3634 	EXP 	Created text_7 = TextStim(__class__=<class 'psychopy.visual.text.TextStim'>, alignHoriz=method-wrapper(...), alignText='center', alignVert=method-wrapper(...), anchorHoriz='center', anchorVert='center', antialias=True, autoLog=True, bold=False, color='black', colorSpace='named', contrast=1.0, depth=0.0, flipHoriz=False, flipVert=False, font='Arial', fontFiles=[], height=0.05, italic=False, languageStyle='LTR', name='text_7', opacity=1.0, ori=0, pos=array([0., 0.]), rgb=array([0., 0., 0.]), text=str(...), units='height', win=Window(...), wrapWidth=1)
23.3840 	EXP 	Created text_10 = TextStim(__class__=<class 'psychopy.visual.text.TextStim'>, alignHoriz=method-wrapper(...), alignText='center', alignVert=method-wrapper(...), anchorHoriz='center', anchorVert='center', antialias=True, autoLog=True, bold=False, color='black', colorSpace='named', contrast=1.0, depth=0.0, flipHoriz=False, flipVert=False, font='Arial', fontFiles=[], height=0.05, italic=False, languageStyle='LTR', name='text_10', opacity=1.0, ori=0, pos=array([0., 0.]), rgb=array([0., 0., 0.]), text=str(...), units='height', win=Window(...), wrapWidth=1)
23.3856 	EXP 	Created firstITI = TextStim(__class__=<class 'psychopy.visual.text.TextStim'>, alignHoriz=method-wrapper(...), alignText='center', alignVert=method-wrapper(...), anchorHoriz='center', anchorVert='center', antialias=True, autoLog=True, bold=False, color='black', colorSpace='named', contrast=1.0, depth=0.0, flipHoriz=False, flipVert=False, font='Arial', fontFiles=[], height=0.1, italic=False, languageStyle='LTR', name='firstITI', opacity=1.0, ori=0, pos=array([0., 0.]), rgb=array([0., 0., 0.]), text='+', units='height', win=Window(...), wrapWidth=1)
23.3869 	EXP 	Created text = TextStim(__class__=<class 'psychopy.visual.text.TextStim'>, alignHoriz=method-wrapper(...), alignText='center', alignVert=method-wrapper(...), anchorHoriz='center', anchorVert='center', antialias=True, autoLog=True, bold=False, color='black', colorSpace='named', contrast=1.0, depth=0.0, flipHoriz=False, flipVert=False, font='Arial', fontFiles=[], height=0.1, italic=False, languageStyle='LTR', name='text', opacity=1.0, ori=0, pos=array([0., 0.]), rgb=array([0., 0., 0.]), text='+', units='height', win=Window(...), wrapWidth=1)
23.3885 	EXP 	Created firstVisualStimulus = TextStim(__class__=<class 'psychopy.visual.text.TextStim'>, alignHoriz=method-wrapper(...), alignText='center', alignVert=method-wrapper(...), anchorHoriz='center', anchorVert='center', antialias=True, autoLog=True, bold=False, color='black', colorSpace='named', contrast=1.0, depth=-1.0, flipHoriz=False, flipVert=False, font='Arial', fontFiles=[], height=0.1, italic=False, languageStyle='LTR', name='firstVisualStimulus', opacity=1.0, ori=0, pos=array([0., 0.]), rgb=array([0., 0., 0.]), text='1', units='height', win=Window(...), wrapWidth=1)
23.4081 	EXP 	Sound firstChoiceNoise set volume 1.000
23.7712 	EXP 	Sound firstChoiceProbeTone set volume 1.000
23.8025 	EXP 	Created firstChoiceLeftStimulus = ImageStim(__class__=<class 'psychopy.visual.image.ImageStim'>, autoLog=True, color=array([1., 1., 1.]), colorSpace='rgb', contrast=1.0, depth=-4.0, flipHoriz=False, flipVert=False, image='lightBulb_ON.png', interpolate=True, mask=None, maskParams=None, name='firstChoiceLeftStimulus', opacity=1.0, ori=0.0, pos=array([-0.5,  0. ]), size=array([0.4, 0.4]), texRes=128, units='height', win=Window(...))
23.8296 	EXP 	Created firstChoiceRightStimulus = ImageStim(__class__=<class 'psychopy.visual.image.ImageStim'>, autoLog=True, color=array([1., 1., 1.]), colorSpace='rgb', contrast=1.0, depth=-5.0, flipHoriz=False, flipVert=False, image='lightBulb_OFF.png', interpolate=True, mask=None, maskParams=None, name='firstChoiceRightStimulus', opacity=1.0, ori=0.0, pos=array([0.5, 0. ]), size=array([0.4, 0.4]), texRes=128, units='height', win=Window(...))
23.8323 	EXP 	Created ISIVisualStimulus = TextStim(__class__=<class 'psychopy.visual.text.TextStim'>, alignHoriz=method-wrapper(...), alignText='center', alignVert=method-wrapper(...), anchorHoriz='center', anchorVert='center', antialias=True, autoLog=True, bold=False, color='black', colorSpace='named', contrast=1.0, depth=0.0, flipHoriz=False, flipVert=False, font='Arial', fontFiles=[], height=0.1, italic=False, languageStyle='LTR', name='ISIVisualStimulus', opacity=1.0, ori=0, pos=array([0., 0.]), rgb=array([0., 0., 0.]), text='ISI', units='height', win=Window(...), wrapWidth=1)
23.8588 	EXP 	Created rightStimulus = ImageStim(__class__=<class 'psychopy.visual.image.ImageStim'>, autoLog=True, color=array([1., 1., 1.]), colorSpace='rgb', contrast=1.0, depth=-1.0, flipHoriz=False, flipVert=False, image='lightBulb_OFF.png', interpolate=True, mask=None, maskParams=None, name='rightStimulus', opacity=1.0, ori=0.0, pos=array([0.5, 0. ]), size=array([0.4, 0.4]), texRes=128, units='height', win=Window(...))
23.8857 	EXP 	Created leftStimulus = ImageStim(__class__=<class 'psychopy.visual.image.ImageStim'>, autoLog=True, color=array([1., 1., 1.]), colorSpace='rgb', contrast=1.0, depth=-2.0, flipHoriz=False, flipVert=False, image='lightBulb_OFF.png', interpolate=True, mask=None, maskParams=None, name='leftStimulus', opacity=1.0, ori=0.0, pos=array([-0.5,  0. ]), size=array([0.4, 0.4]), texRes=128, units='height', win=Window(...))
24.2636 	EXP 	Sound secondChoiceTone set volume 1.000
24.2852 	EXP 	Sound secondChoiceNoise set volume 1.000
24.2880 	EXP 	Created secondVisualStimulus = TextStim(__class__=<class 'psychopy.visual.text.TextStim'>, alignHoriz=method-wrapper(...), alignText='center', alignVert=method-wrapper(...), anchorHoriz='center', anchorVert='center', antialias=True, autoLog=True, bold=False, color='black', colorSpace='named', contrast=1.0, depth=-3.0, flipHoriz=False, flipVert=False, font='Arial', fontFiles=[], height=0.1, italic=False, languageStyle='LTR', name='secondVisualStimulus', opacity=1.0, ori=0, pos=array([0., 0.]), rgb=array([0., 0., 0.]), text='2', units='height', win=Window(...), wrapWidth=1)
24.3148 	EXP 	Created secondChoiceLeftStimulus = ImageStim(__class__=<class 'psychopy.visual.image.ImageStim'>, autoLog=True, color=array([1., 1., 1.]), colorSpace='rgb', contrast=1.0, depth=-4.0, flipHoriz=False, flipVert=False, image='lightBulb_OFF.png', interpolate=True, mask=None, maskParams=None, name='secondChoiceLeftStimulus', opacity=1.0, ori=0.0, pos=array([-0.5,  0. ]), size=array([0.4, 0.4]), texRes=128, units='height', win=Window(...))
24.3412 	EXP 	Created secondChoiceRightStimulus = ImageStim(__class__=<class 'psychopy.visual.image.ImageStim'>, autoLog=True, color=array([1., 1., 1.]), colorSpace='rgb', contrast=1.0, depth=-5.0, flipHoriz=False, flipVert=False, image='lightBulb_ON.png', interpolate=True, mask=None, maskParams=None, name='secondChoiceRightStimulus', opacity=1.0, ori=0.0, pos=array([0.5, 0. ]), size=array([0.4, 0.4]), texRes=128, units='height', win=Window(...))
24.3468 	EXP 	Created decisionTextProbe = TextStim(__class__=<class 'psychopy.visual.text.TextStim'>, alignHoriz=method-wrapper(...), alignText='center', alignVert=method-wrapper(...), anchorHoriz='center', anchorVert='center', antialias=True, autoLog=True, bold=False, color='black', colorSpace='named', contrast=1.0, depth=-1.0, flipHoriz=False, flipVert=False, font='Arial', fontFiles=[], height=0.1, italic=False, languageStyle='LTR', name='decisionTextProbe', opacity=1.0, ori=0, pos=array([0., 0.]), rgb=array([0., 0., 0.]), text=str(...), units='height', win=Window(...), wrapWidth=1)
24.3499 	EXP 	Created feedbackText = TextStim(__class__=<class 'psychopy.visual.text.TextStim'>, alignHoriz=method-wrapper(...), alignText='center', alignVert=method-wrapper(...), anchorHoriz='center', anchorVert='center', antialias=True, autoLog=True, bold=False, color='black', colorSpace='named', contrast=1.0, depth=-1.0, flipHoriz=False, flipVert=False, font='Arial', fontFiles=[], height=0.1, italic=False, languageStyle='LTR', name='feedbackText', opacity=1.0, ori=0, pos=array([0., 0.]), rgb=array([0., 0., 0.]), text='default text', units='height', win=Window(...), wrapWidth=1)
24.3625 	EXP 	Created text_11 = TextStim(__class__=<class 'psychopy.visual.text.TextStim'>, alignHoriz=method-wrapper(...), alignText='center', alignVert=method-wrapper(...), anchorHoriz='center', anchorVert='center', antialias=True, autoLog=True, bold=False, color='black', colorSpace='named', contrast=1.0, depth=0.0, flipHoriz=False, flipVert=False, font='Arial', fontFiles=[], height=0.1, italic=False, languageStyle='LTR', name='text_11', opacity=1.0, ori=0, pos=array([0., 0.]), rgb=array([0., 0., 0.]), text=str(...), units='height', win=Window(...), wrapWidth=1)
24.3924 	EXP 	welcomeText: autoDraw = True
25.0108 	EXP 	Created sequence: sequential, trialTypes=1, nReps=0, seed=None
25.0139 	DATA 	Keypress: space
25.0244 	EXP 	welcomeText: autoDraw = False
25.0244 	EXP 	firstITI: autoDraw = True
30.0594 	DEBUG 	Read Excel file with pandas: practiceConditionsFile.xlsx
30.0609 	DEBUG 	Clearing unnamed columns from practiceConditionsFile.xlsx
30.0611 	EXP 	Imported practiceConditionsFile.xlsx as conditions, 6 conditions, 1 params
30.0613 	EXP 	Created sequence: sequential, trialTypes=6, nReps=0, seed=None
30.0615 	EXP 	Created sequence: random, trialTypes=1, nReps=0, seed=None
30.0670 	EXP 	firstITI: autoDraw = False
30.0670 	EXP 	text_10: autoDraw = True
31.6871 	DATA 	Keypress: b
31.6976 	EXP 	text_10: autoDraw = False
31.6976 	EXP 	firstITI: autoDraw = True
36.6931 	DEBUG 	Read Excel file with pandas: questConditionsFile.xlsx
36.6941 	DEBUG 	Clearing unnamed columns from questConditionsFile.xlsx
36.6946 	EXP 	Imported questConditionsFile.xlsx as conditions, 1 conditions, 11 params
37.1295 	DEBUG 	Using C:\Program Files\PsychoPy3\lib\site-packages\psychopy\data\staircase.py as origin file
37.1359 	DEBUG 	Using C:\Program Files\PsychoPy3\lib\site-packages\psychopy\data\staircase.py as origin file
37.1417 	EXP 	firstITI: autoDraw = False
37.1417 	EXP 	text: autoDraw = True
38.1403 	EXP 	text: autoDraw = False
38.1403 	EXP 	firstVisualStimulus: autoDraw = True
38.1403 	EXP 	firstChoiceLeftStimulus: autoDraw = True
38.1403 	EXP 	firstChoiceRightStimulus: autoDraw = True
38.4890 	EXP 	firstVisualStimulus: autoDraw = False
38.4890 	EXP 	firstChoiceLeftStimulus: autoDraw = False
38.4890 	EXP 	firstChoiceRightStimulus: autoDraw = False
38.4890 	EXP 	firstVisualStimulus: autoDraw = False
38.4890 	EXP 	firstChoiceLeftStimulus: autoDraw = False
38.4890 	EXP 	firstChoiceRightStimulus: autoDraw = False
38.4890 	EXP 	ISIVisualStimulus: autoDraw = True
38.4890 	EXP 	rightStimulus: autoDraw = True
38.4890 	EXP 	leftStimulus: autoDraw = True
39.9039 	EXP 	ISIVisualStimulus: autoDraw = False
39.9039 	EXP 	rightStimulus: autoDraw = False
39.9039 	EXP 	leftStimulus: autoDraw = False
39.9609 	EXP 	secondVisualStimulus: autoDraw = True
39.9609 	EXP 	secondChoiceLeftStimulus: autoDraw = True
39.9609 	EXP 	secondChoiceRightStimulus: autoDraw = True
40.2896 	EXP 	secondVisualStimulus: autoDraw = False
40.2896 	EXP 	secondChoiceLeftStimulus: autoDraw = False
40.2896 	EXP 	secondChoiceRightStimulus: autoDraw = False
40.2896 	EXP 	secondVisualStimulus: autoDraw = False
40.2896 	EXP 	secondChoiceLeftStimulus: autoDraw = False
40.2896 	EXP 	secondChoiceRightStimulus: autoDraw = False
40.2896 	EXP 	decisionTextProbe: autoDraw = True
40.6354 	DATA 	Keypress: 2
40.6398 	EXP 	decisionTextProbe: autoDraw = False
40.6398 	EXP 	feedbackText: text = 'Correct'
40.6398 	EXP 	feedbackText: autoDraw = True
41.6409 	EXP 	feedbackText: autoDraw = False
41.6409 	EXP 	feedbackText: autoDraw = False
41.6409 	EXP 	text: autoDraw = True
43.0660 	EXP 	text: autoDraw = False
43.0660 	EXP 	text: autoDraw = False
43.0660 	EXP 	firstVisualStimulus: autoDraw = True
43.0660 	EXP 	firstChoiceLeftStimulus: autoDraw = True
43.0660 	EXP 	firstChoiceRightStimulus: autoDraw = True
43.3930 	EXP 	firstVisualStimulus: autoDraw = False
43.3930 	EXP 	firstChoiceLeftStimulus: autoDraw = False
43.3930 	EXP 	firstChoiceRightStimulus: autoDraw = False
43.4092 	EXP 	firstVisualStimulus: autoDraw = False
43.4092 	EXP 	firstChoiceLeftStimulus: autoDraw = False
43.4092 	EXP 	firstChoiceRightStimulus: autoDraw = False
43.4092 	EXP 	ISIVisualStimulus: autoDraw = True
43.4092 	EXP 	rightStimulus: autoDraw = True
43.4092 	EXP 	leftStimulus: autoDraw = True
44.8267 	EXP 	ISIVisualStimulus: autoDraw = False
44.8267 	EXP 	rightStimulus: autoDraw = False
44.8267 	EXP 	leftStimulus: autoDraw = False
44.8267 	EXP 	ISIVisualStimulus: autoDraw = False
44.8267 	EXP 	rightStimulus: autoDraw = False
44.8267 	EXP 	leftStimulus: autoDraw = False
44.8440 	EXP 	secondVisualStimulus: autoDraw = True
44.8440 	EXP 	secondChoiceLeftStimulus: autoDraw = True
44.8440 	EXP 	secondChoiceRightStimulus: autoDraw = True
45.1792 	EXP 	secondVisualStimulus: autoDraw = False
45.1792 	EXP 	secondChoiceLeftStimulus: autoDraw = False
45.1792 	EXP 	secondChoiceRightStimulus: autoDraw = False
45.1792 	EXP 	secondVisualStimulus: autoDraw = False
45.1792 	EXP 	secondChoiceLeftStimulus: autoDraw = False
45.1792 	EXP 	secondChoiceRightStimulus: autoDraw = False
45.1792 	EXP 	decisionTextProbe: autoDraw = True
45.5674 	DATA 	Keypress: 2
45.5782 	EXP 	decisionTextProbe: autoDraw = False
45.5782 	EXP 	feedbackText: text = 'Correct'
45.5782 	EXP 	feedbackText: autoDraw = True
46.5792 	EXP 	feedbackText: autoDraw = False
46.5792 	EXP 	feedbackText: autoDraw = False
46.5792 	EXP 	text: autoDraw = True
47.9916 	EXP 	text: autoDraw = False
47.9916 	EXP 	text: autoDraw = False
47.9916 	EXP 	firstVisualStimulus: autoDraw = True
47.9916 	EXP 	firstChoiceLeftStimulus: autoDraw = True
47.9916 	EXP 	firstChoiceRightStimulus: autoDraw = True
48.3145 	EXP 	firstVisualStimulus: autoDraw = False
48.3145 	EXP 	firstChoiceLeftStimulus: autoDraw = False
48.3145 	EXP 	firstChoiceRightStimulus: autoDraw = False
48.3310 	EXP 	firstVisualStimulus: autoDraw = False
48.3310 	EXP 	firstChoiceLeftStimulus: autoDraw = False
48.3310 	EXP 	firstChoiceRightStimulus: autoDraw = False
48.3310 	EXP 	ISIVisualStimulus: autoDraw = True
48.3310 	EXP 	rightStimulus: autoDraw = True
48.3310 	EXP 	leftStimulus: autoDraw = True
49.7461 	EXP 	ISIVisualStimulus: autoDraw = False
49.7461 	EXP 	rightStimulus: autoDraw = False
49.7461 	EXP 	leftStimulus: autoDraw = False
49.7461 	EXP 	ISIVisualStimulus: autoDraw = False
49.7461 	EXP 	rightStimulus: autoDraw = False
49.7461 	EXP 	leftStimulus: autoDraw = False
49.7657 	EXP 	secondVisualStimulus: autoDraw = True
49.7657 	EXP 	secondChoiceLeftStimulus: autoDraw = True
49.7657 	EXP 	secondChoiceRightStimulus: autoDraw = True
50.0994 	EXP 	secondVisualStimulus: autoDraw = False
50.0994 	EXP 	secondChoiceLeftStimulus: autoDraw = False
50.0994 	EXP 	secondChoiceRightStimulus: autoDraw = False
50.0994 	EXP 	secondVisualStimulus: autoDraw = False
50.0994 	EXP 	secondChoiceLeftStimulus: autoDraw = False
50.0994 	EXP 	secondChoiceRightStimulus: autoDraw = False
50.0994 	EXP 	decisionTextProbe: autoDraw = True
50.5897 	DATA 	Keypress: 2
50.6000 	EXP 	decisionTextProbe: autoDraw = False
50.6000 	EXP 	feedbackText: text = 'Correct'
50.6000 	EXP 	feedbackText: autoDraw = True
51.6009 	EXP 	feedbackText: autoDraw = False
51.6009 	EXP 	feedbackText: autoDraw = False
51.6009 	EXP 	text: autoDraw = True
53.0156 	EXP 	text: autoDraw = False
53.0156 	EXP 	text: autoDraw = False
53.0343 	EXP 	firstVisualStimulus: autoDraw = True
53.0343 	EXP 	firstChoiceLeftStimulus: autoDraw = True
53.0343 	EXP 	firstChoiceRightStimulus: autoDraw = True
53.3693 	EXP 	firstVisualStimulus: autoDraw = False
53.3693 	EXP 	firstChoiceLeftStimulus: autoDraw = False
53.3693 	EXP 	firstChoiceRightStimulus: autoDraw = False
53.3693 	EXP 	firstVisualStimulus: autoDraw = False
53.3693 	EXP 	firstChoiceLeftStimulus: autoDraw = False
53.3693 	EXP 	firstChoiceRightStimulus: autoDraw = False
53.3693 	EXP 	ISIVisualStimulus: autoDraw = True
53.3693 	EXP 	rightStimulus: autoDraw = True
53.3693 	EXP 	leftStimulus: autoDraw = True
54.7920 	EXP 	ISIVisualStimulus: autoDraw = False
54.7920 	EXP 	rightStimulus: autoDraw = False
54.7920 	EXP 	leftStimulus: autoDraw = False
54.7920 	EXP 	ISIVisualStimulus: autoDraw = False
54.7920 	EXP 	rightStimulus: autoDraw = False
54.7920 	EXP 	leftStimulus: autoDraw = False
54.8042 	EXP 	secondVisualStimulus: autoDraw = True
54.8042 	EXP 	secondChoiceLeftStimulus: autoDraw = True
54.8042 	EXP 	secondChoiceRightStimulus: autoDraw = True
55.1378 	EXP 	secondVisualStimulus: autoDraw = False
55.1378 	EXP 	secondChoiceLeftStimulus: autoDraw = False
55.1378 	EXP 	secondChoiceRightStimulus: autoDraw = False
55.1378 	EXP 	secondVisualStimulus: autoDraw = False
55.1378 	EXP 	secondChoiceLeftStimulus: autoDraw = False
55.1378 	EXP 	secondChoiceRightStimulus: autoDraw = False
55.1378 	EXP 	decisionTextProbe: autoDraw = True
55.5102 	DATA 	Keypress: 2
55.5214 	EXP 	decisionTextProbe: autoDraw = False
55.5214 	EXP 	feedbackText: text = 'Correct'
55.5214 	EXP 	feedbackText: autoDraw = True
56.5223 	EXP 	feedbackText: autoDraw = False
56.5223 	EXP 	feedbackText: autoDraw = False
56.5223 	EXP 	text: autoDraw = True
57.9363 	EXP 	text: autoDraw = False
57.9363 	EXP 	text: autoDraw = False
57.9559 	EXP 	firstVisualStimulus: autoDraw = True
57.9559 	EXP 	firstChoiceLeftStimulus: autoDraw = True
57.9559 	EXP 	firstChoiceRightStimulus: autoDraw = True
58.2909 	EXP 	firstVisualStimulus: autoDraw = False
58.2909 	EXP 	firstChoiceLeftStimulus: autoDraw = False
58.2909 	EXP 	firstChoiceRightStimulus: autoDraw = False
58.2909 	EXP 	firstVisualStimulus: autoDraw = False
58.2909 	EXP 	firstChoiceLeftStimulus: autoDraw = False
58.2909 	EXP 	firstChoiceRightStimulus: autoDraw = False
58.2909 	EXP 	ISIVisualStimulus: autoDraw = True
58.2909 	EXP 	rightStimulus: autoDraw = True
58.2909 	EXP 	leftStimulus: autoDraw = True
59.7079 	EXP 	ISIVisualStimulus: autoDraw = False
59.7079 	EXP 	rightStimulus: autoDraw = False
59.7079 	EXP 	leftStimulus: autoDraw = False
59.7079 	EXP 	ISIVisualStimulus: autoDraw = False
59.7079 	EXP 	rightStimulus: autoDraw = False
59.7079 	EXP 	leftStimulus: autoDraw = False
59.7257 	EXP 	secondVisualStimulus: autoDraw = True
59.7257 	EXP 	secondChoiceLeftStimulus: autoDraw = True
59.7257 	EXP 	secondChoiceRightStimulus: autoDraw = True
60.0595 	EXP 	secondVisualStimulus: autoDraw = False
60.0595 	EXP 	secondChoiceLeftStimulus: autoDraw = False
60.0595 	EXP 	secondChoiceRightStimulus: autoDraw = False
60.0595 	EXP 	secondVisualStimulus: autoDraw = False
60.0595 	EXP 	secondChoiceLeftStimulus: autoDraw = False
60.0595 	EXP 	secondChoiceRightStimulus: autoDraw = False
60.0595 	EXP 	decisionTextProbe: autoDraw = True
60.4005 	DATA 	Keypress: 2
60.4091 	EXP 	decisionTextProbe: autoDraw = False
60.4091 	EXP 	feedbackText: text = 'Correct'
60.4091 	EXP 	feedbackText: autoDraw = True
61.4106 	EXP 	feedbackText: autoDraw = False
61.4106 	EXP 	feedbackText: autoDraw = False
61.4106 	EXP 	text: autoDraw = True
62.8245 	EXP 	text: autoDraw = False
62.8245 	EXP 	text: autoDraw = False
62.8245 	EXP 	firstVisualStimulus: autoDraw = True
62.8245 	EXP 	firstChoiceLeftStimulus: autoDraw = True
62.8245 	EXP 	firstChoiceRightStimulus: autoDraw = True
63.1458 	EXP 	firstVisualStimulus: autoDraw = False
63.1458 	EXP 	firstChoiceLeftStimulus: autoDraw = False
63.1458 	EXP 	firstChoiceRightStimulus: autoDraw = False
63.1626 	EXP 	firstVisualStimulus: autoDraw = False
63.1626 	EXP 	firstChoiceLeftStimulus: autoDraw = False
63.1626 	EXP 	firstChoiceRightStimulus: autoDraw = False
63.1626 	EXP 	ISIVisualStimulus: autoDraw = True
63.1626 	EXP 	rightStimulus: autoDraw = True
63.1626 	EXP 	leftStimulus: autoDraw = True
64.5797 	EXP 	ISIVisualStimulus: autoDraw = False
64.5797 	EXP 	rightStimulus: autoDraw = False
64.5797 	EXP 	leftStimulus: autoDraw = False
64.5797 	EXP 	ISIVisualStimulus: autoDraw = False
64.5797 	EXP 	rightStimulus: autoDraw = False
64.5797 	EXP 	leftStimulus: autoDraw = False
64.5968 	EXP 	secondVisualStimulus: autoDraw = True
64.5968 	EXP 	secondChoiceLeftStimulus: autoDraw = True
64.5968 	EXP 	secondChoiceRightStimulus: autoDraw = True
64.9310 	EXP 	secondVisualStimulus: autoDraw = False
64.9310 	EXP 	secondChoiceLeftStimulus: autoDraw = False
64.9310 	EXP 	secondChoiceRightStimulus: autoDraw = False
64.9310 	EXP 	secondVisualStimulus: autoDraw = False
64.9310 	EXP 	secondChoiceLeftStimulus: autoDraw = False
64.9310 	EXP 	secondChoiceRightStimulus: autoDraw = False
64.9310 	EXP 	decisionTextProbe: autoDraw = True
65.1522 	DATA 	Keypress: 1
65.1808 	EXP 	decisionTextProbe: autoDraw = False
65.1808 	EXP 	feedbackText: text = 'Correct'
65.1808 	EXP 	feedbackText: autoDraw = True
66.1819 	EXP 	feedbackText: autoDraw = False
66.1819 	EXP 	feedbackText: autoDraw = False
66.1819 	EXP 	text: autoDraw = True
67.5954 	EXP 	text: autoDraw = False
67.5954 	EXP 	text: autoDraw = False
67.5954 	EXP 	firstVisualStimulus: autoDraw = True
67.5954 	EXP 	firstChoiceLeftStimulus: autoDraw = True
67.5954 	EXP 	firstChoiceRightStimulus: autoDraw = True
67.9171 	EXP 	firstVisualStimulus: autoDraw = False
67.9171 	EXP 	firstChoiceLeftStimulus: autoDraw = False
67.9171 	EXP 	firstChoiceRightStimulus: autoDraw = False
67.9338 	EXP 	firstVisualStimulus: autoDraw = False
67.9338 	EXP 	firstChoiceLeftStimulus: autoDraw = False
67.9338 	EXP 	firstChoiceRightStimulus: autoDraw = False
67.9338 	EXP 	ISIVisualStimulus: autoDraw = True
67.9338 	EXP 	rightStimulus: autoDraw = True
67.9338 	EXP 	leftStimulus: autoDraw = True
69.3486 	EXP 	ISIVisualStimulus: autoDraw = False
69.3486 	EXP 	rightStimulus: autoDraw = False
69.3486 	EXP 	leftStimulus: autoDraw = False
69.3486 	EXP 	ISIVisualStimulus: autoDraw = False
69.3486 	EXP 	rightStimulus: autoDraw = False
69.3486 	EXP 	leftStimulus: autoDraw = False
69.3674 	EXP 	secondVisualStimulus: autoDraw = True
69.3674 	EXP 	secondChoiceLeftStimulus: autoDraw = True
69.3674 	EXP 	secondChoiceRightStimulus: autoDraw = True
69.7025 	EXP 	secondVisualStimulus: autoDraw = False
69.7025 	EXP 	secondChoiceLeftStimulus: autoDraw = False
69.7025 	EXP 	secondChoiceRightStimulus: autoDraw = False
69.7025 	EXP 	secondVisualStimulus: autoDraw = False
69.7025 	EXP 	secondChoiceLeftStimulus: autoDraw = False
69.7025 	EXP 	secondChoiceRightStimulus: autoDraw = False
69.7025 	EXP 	decisionTextProbe: autoDraw = True
70.1126 	DATA 	Keypress: 2
70.1194 	EXP 	decisionTextProbe: autoDraw = False
70.1194 	EXP 	feedbackText: text = 'Incorrect'
70.1194 	EXP 	feedbackText: autoDraw = True
71.1202 	EXP 	feedbackText: autoDraw = False
71.1202 	EXP 	feedbackText: autoDraw = False
71.1202 	EXP 	text: autoDraw = True
72.5364 	EXP 	text: autoDraw = False
72.5364 	EXP 	text: autoDraw = False
72.5553 	EXP 	firstVisualStimulus: autoDraw = True
72.5553 	EXP 	firstChoiceLeftStimulus: autoDraw = True
72.5553 	EXP 	firstChoiceRightStimulus: autoDraw = True
72.8888 	EXP 	firstVisualStimulus: autoDraw = False
72.8888 	EXP 	firstChoiceLeftStimulus: autoDraw = False
72.8888 	EXP 	firstChoiceRightStimulus: autoDraw = False
72.8888 	EXP 	firstVisualStimulus: autoDraw = False
72.8888 	EXP 	firstChoiceLeftStimulus: autoDraw = False
72.8888 	EXP 	firstChoiceRightStimulus: autoDraw = False
72.8888 	EXP 	ISIVisualStimulus: autoDraw = True
72.8888 	EXP 	rightStimulus: autoDraw = True
72.8888 	EXP 	leftStimulus: autoDraw = True
74.3046 	EXP 	ISIVisualStimulus: autoDraw = False
74.3046 	EXP 	rightStimulus: autoDraw = False
74.3046 	EXP 	leftStimulus: autoDraw = False
74.3046 	EXP 	ISIVisualStimulus: autoDraw = False
74.3046 	EXP 	rightStimulus: autoDraw = False
74.3046 	EXP 	leftStimulus: autoDraw = False
74.3236 	EXP 	secondVisualStimulus: autoDraw = True
74.3236 	EXP 	secondChoiceLeftStimulus: autoDraw = True
74.3236 	EXP 	secondChoiceRightStimulus: autoDraw = True
74.6572 	EXP 	secondVisualStimulus: autoDraw = False
74.6572 	EXP 	secondChoiceLeftStimulus: autoDraw = False
74.6572 	EXP 	secondChoiceRightStimulus: autoDraw = False
74.6572 	EXP 	secondVisualStimulus: autoDraw = False
74.6572 	EXP 	secondChoiceLeftStimulus: autoDraw = False
74.6572 	EXP 	secondChoiceRightStimulus: autoDraw = False
74.6572 	EXP 	decisionTextProbe: autoDraw = True
75.7318 	DATA 	Keypress: 2
75.7416 	EXP 	decisionTextProbe: autoDraw = False
75.7416 	EXP 	feedbackText: text = 'Incorrect'
75.7416 	EXP 	feedbackText: autoDraw = True
76.7425 	EXP 	feedbackText: autoDraw = False
76.7425 	EXP 	feedbackText: autoDraw = False
76.7425 	EXP 	text: autoDraw = True
78.1571 	EXP 	text: autoDraw = False
78.1571 	EXP 	text: autoDraw = False
78.1761 	EXP 	firstVisualStimulus: autoDraw = True
78.1761 	EXP 	firstChoiceLeftStimulus: autoDraw = True
78.1761 	EXP 	firstChoiceRightStimulus: autoDraw = True
78.5112 	EXP 	firstVisualStimulus: autoDraw = False
78.5112 	EXP 	firstChoiceLeftStimulus: autoDraw = False
78.5112 	EXP 	firstChoiceRightStimulus: autoDraw = False
78.5112 	EXP 	firstVisualStimulus: autoDraw = False
78.5112 	EXP 	firstChoiceLeftStimulus: autoDraw = False
78.5112 	EXP 	firstChoiceRightStimulus: autoDraw = False
78.5112 	EXP 	ISIVisualStimulus: autoDraw = True
78.5112 	EXP 	rightStimulus: autoDraw = True
78.5112 	EXP 	leftStimulus: autoDraw = True
79.9283 	EXP 	ISIVisualStimulus: autoDraw = False
79.9283 	EXP 	rightStimulus: autoDraw = False
79.9283 	EXP 	leftStimulus: autoDraw = False
79.9283 	EXP 	ISIVisualStimulus: autoDraw = False
79.9283 	EXP 	rightStimulus: autoDraw = False
79.9283 	EXP 	leftStimulus: autoDraw = False
79.9458 	EXP 	secondVisualStimulus: autoDraw = True
79.9458 	EXP 	secondChoiceLeftStimulus: autoDraw = True
79.9458 	EXP 	secondChoiceRightStimulus: autoDraw = True
80.2802 	EXP 	secondVisualStimulus: autoDraw = False
80.2802 	EXP 	secondChoiceLeftStimulus: autoDraw = False
80.2802 	EXP 	secondChoiceRightStimulus: autoDraw = False
80.2802 	EXP 	secondVisualStimulus: autoDraw = False
80.2802 	EXP 	secondChoiceLeftStimulus: autoDraw = False
80.2802 	EXP 	secondChoiceRightStimulus: autoDraw = False
80.2802 	EXP 	decisionTextProbe: autoDraw = True
80.6723 	DATA 	Keypress: 2
80.6801 	EXP 	decisionTextProbe: autoDraw = False
80.6801 	EXP 	feedbackText: text = 'Correct'
80.6801 	EXP 	feedbackText: autoDraw = True
81.6809 	EXP 	feedbackText: autoDraw = False
81.6809 	EXP 	feedbackText: autoDraw = False
81.6809 	EXP 	text: autoDraw = True
83.0943 	EXP 	text: autoDraw = False
83.0943 	EXP 	text: autoDraw = False
83.0943 	EXP 	firstVisualStimulus: autoDraw = True
83.0943 	EXP 	firstChoiceLeftStimulus: autoDraw = True
83.0943 	EXP 	firstChoiceRightStimulus: autoDraw = True
83.4161 	EXP 	firstVisualStimulus: autoDraw = False
83.4161 	EXP 	firstChoiceLeftStimulus: autoDraw = False
83.4161 	EXP 	firstChoiceRightStimulus: autoDraw = False
83.4327 	EXP 	firstVisualStimulus: autoDraw = False
83.4327 	EXP 	firstChoiceLeftStimulus: autoDraw = False
83.4327 	EXP 	firstChoiceRightStimulus: autoDraw = False
83.4327 	EXP 	ISIVisualStimulus: autoDraw = True
83.4327 	EXP 	rightStimulus: autoDraw = True
83.4327 	EXP 	leftStimulus: autoDraw = True
84.8540 	EXP 	ISIVisualStimulus: autoDraw = False
84.8540 	EXP 	rightStimulus: autoDraw = False
84.8540 	EXP 	leftStimulus: autoDraw = False
84.8540 	EXP 	ISIVisualStimulus: autoDraw = False
84.8540 	EXP 	rightStimulus: autoDraw = False
84.8540 	EXP 	leftStimulus: autoDraw = False
84.8674 	EXP 	secondVisualStimulus: autoDraw = True
84.8674 	EXP 	secondChoiceLeftStimulus: autoDraw = True
84.8674 	EXP 	secondChoiceRightStimulus: autoDraw = True
85.2011 	EXP 	secondVisualStimulus: autoDraw = False
85.2011 	EXP 	secondChoiceLeftStimulus: autoDraw = False
85.2011 	EXP 	secondChoiceRightStimulus: autoDraw = False
85.2011 	EXP 	secondVisualStimulus: autoDraw = False
85.2011 	EXP 	secondChoiceLeftStimulus: autoDraw = False
85.2011 	EXP 	secondChoiceRightStimulus: autoDraw = False
85.2011 	EXP 	decisionTextProbe: autoDraw = True
85.4066 	DATA 	Keypress: 2
85.4178 	EXP 	decisionTextProbe: autoDraw = False
85.4178 	EXP 	feedbackText: text = 'Correct'
85.4178 	EXP 	feedbackText: autoDraw = True
86.4193 	EXP 	feedbackText: autoDraw = False
86.4193 	EXP 	feedbackText: autoDraw = False
86.4193 	EXP 	text: autoDraw = True
87.8337 	EXP 	text: autoDraw = False
87.8337 	EXP 	text: autoDraw = False
87.8337 	EXP 	firstVisualStimulus: autoDraw = True
87.8337 	EXP 	firstChoiceLeftStimulus: autoDraw = True
87.8337 	EXP 	firstChoiceRightStimulus: autoDraw = True
88.1542 	EXP 	firstVisualStimulus: autoDraw = False
88.1542 	EXP 	firstChoiceLeftStimulus: autoDraw = False
88.1542 	EXP 	firstChoiceRightStimulus: autoDraw = False
88.1708 	EXP 	firstVisualStimulus: autoDraw = False
88.1708 	EXP 	firstChoiceLeftStimulus: autoDraw = False
88.1708 	EXP 	firstChoiceRightStimulus: autoDraw = False
88.1708 	EXP 	ISIVisualStimulus: autoDraw = True
88.1708 	EXP 	rightStimulus: autoDraw = True
88.1708 	EXP 	leftStimulus: autoDraw = True
89.5856 	EXP 	ISIVisualStimulus: autoDraw = False
89.5856 	EXP 	rightStimulus: autoDraw = False
89.5856 	EXP 	leftStimulus: autoDraw = False
89.5856 	EXP 	ISIVisualStimulus: autoDraw = False
89.5856 	EXP 	rightStimulus: autoDraw = False
89.5856 	EXP 	leftStimulus: autoDraw = False
89.6043 	EXP 	secondVisualStimulus: autoDraw = True
89.6043 	EXP 	secondChoiceLeftStimulus: autoDraw = True
89.6043 	EXP 	secondChoiceRightStimulus: autoDraw = True
89.9392 	EXP 	secondVisualStimulus: autoDraw = False
89.9392 	EXP 	secondChoiceLeftStimulus: autoDraw = False
89.9392 	EXP 	secondChoiceRightStimulus: autoDraw = False
89.9392 	EXP 	secondVisualStimulus: autoDraw = False
89.9392 	EXP 	secondChoiceLeftStimulus: autoDraw = False
89.9392 	EXP 	secondChoiceRightStimulus: autoDraw = False
89.9392 	EXP 	decisionTextProbe: autoDraw = True
90.1957 	DATA 	Keypress: 2
90.2059 	EXP 	decisionTextProbe: autoDraw = False
90.2059 	EXP 	feedbackText: text = 'Correct'
90.2059 	EXP 	feedbackText: autoDraw = True
91.2073 	EXP 	feedbackText: autoDraw = False
91.2073 	EXP 	feedbackText: autoDraw = False
91.2073 	EXP 	text: autoDraw = True
92.6214 	EXP 	text: autoDraw = False
92.6214 	EXP 	text: autoDraw = False
92.6405 	EXP 	firstVisualStimulus: autoDraw = True
92.6405 	EXP 	firstChoiceLeftStimulus: autoDraw = True
92.6405 	EXP 	firstChoiceRightStimulus: autoDraw = True
92.9755 	EXP 	firstVisualStimulus: autoDraw = False
92.9755 	EXP 	firstChoiceLeftStimulus: autoDraw = False
92.9755 	EXP 	firstChoiceRightStimulus: autoDraw = False
92.9755 	EXP 	firstVisualStimulus: autoDraw = False
92.9755 	EXP 	firstChoiceLeftStimulus: autoDraw = False
92.9755 	EXP 	firstChoiceRightStimulus: autoDraw = False
92.9755 	EXP 	ISIVisualStimulus: autoDraw = True
92.9755 	EXP 	rightStimulus: autoDraw = True
92.9755 	EXP 	leftStimulus: autoDraw = True
94.3927 	EXP 	ISIVisualStimulus: autoDraw = False
94.3927 	EXP 	rightStimulus: autoDraw = False
94.3927 	EXP 	leftStimulus: autoDraw = False
94.3927 	EXP 	ISIVisualStimulus: autoDraw = False
94.3927 	EXP 	rightStimulus: autoDraw = False
94.3927 	EXP 	leftStimulus: autoDraw = False
94.4102 	EXP 	secondVisualStimulus: autoDraw = True
94.4102 	EXP 	secondChoiceLeftStimulus: autoDraw = True
94.4102 	EXP 	secondChoiceRightStimulus: autoDraw = True
94.7442 	EXP 	secondVisualStimulus: autoDraw = False
94.7442 	EXP 	secondChoiceLeftStimulus: autoDraw = False
94.7442 	EXP 	secondChoiceRightStimulus: autoDraw = False
94.7442 	EXP 	secondVisualStimulus: autoDraw = False
94.7442 	EXP 	secondChoiceLeftStimulus: autoDraw = False
94.7442 	EXP 	secondChoiceRightStimulus: autoDraw = False
94.7442 	EXP 	decisionTextProbe: autoDraw = True
94.9840 	DATA 	Keypress: 2
94.9942 	EXP 	decisionTextProbe: autoDraw = False
94.9942 	EXP 	feedbackText: text = 'Correct'
94.9942 	EXP 	feedbackText: autoDraw = True
95.9953 	EXP 	feedbackText: autoDraw = False
95.9953 	EXP 	feedbackText: autoDraw = False
95.9953 	EXP 	text: autoDraw = True
97.4103 	EXP 	text: autoDraw = False
97.4103 	EXP 	text: autoDraw = False
97.4287 	EXP 	firstVisualStimulus: autoDraw = True
97.4287 	EXP 	firstChoiceLeftStimulus: autoDraw = True
97.4287 	EXP 	firstChoiceRightStimulus: autoDraw = True
97.7637 	EXP 	firstVisualStimulus: autoDraw = False
97.7637 	EXP 	firstChoiceLeftStimulus: autoDraw = False
97.7637 	EXP 	firstChoiceRightStimulus: autoDraw = False
97.7637 	EXP 	firstVisualStimulus: autoDraw = False
97.7637 	EXP 	firstChoiceLeftStimulus: autoDraw = False
97.7637 	EXP 	firstChoiceRightStimulus: autoDraw = False
97.7637 	EXP 	ISIVisualStimulus: autoDraw = True
97.7637 	EXP 	rightStimulus: autoDraw = True
97.7637 	EXP 	leftStimulus: autoDraw = True
99.1796 	EXP 	ISIVisualStimulus: autoDraw = False
99.1796 	EXP 	rightStimulus: autoDraw = False
99.1796 	EXP 	leftStimulus: autoDraw = False
99.1796 	EXP 	ISIVisualStimulus: autoDraw = False
99.1796 	EXP 	rightStimulus: autoDraw = False
99.1796 	EXP 	leftStimulus: autoDraw = False
99.1984 	EXP 	secondVisualStimulus: autoDraw = True
99.1984 	EXP 	secondChoiceLeftStimulus: autoDraw = True
99.1984 	EXP 	secondChoiceRightStimulus: autoDraw = True
99.5321 	EXP 	secondVisualStimulus: autoDraw = False
99.5321 	EXP 	secondChoiceLeftStimulus: autoDraw = False
99.5321 	EXP 	secondChoiceRightStimulus: autoDraw = False
99.5321 	EXP 	secondVisualStimulus: autoDraw = False
99.5321 	EXP 	secondChoiceLeftStimulus: autoDraw = False
99.5321 	EXP 	secondChoiceRightStimulus: autoDraw = False
99.5321 	EXP 	decisionTextProbe: autoDraw = True
100.5055 	DATA 	Keypress: 1
100.5164 	EXP 	decisionTextProbe: autoDraw = False
100.5164 	EXP 	feedbackText: text = 'Correct'
100.5164 	EXP 	feedbackText: autoDraw = True
101.5176 	EXP 	feedbackText: autoDraw = False
101.5176 	EXP 	feedbackText: autoDraw = False
101.5176 	EXP 	text: autoDraw = True
102.9313 	EXP 	text: autoDraw = False
102.9313 	EXP 	text: autoDraw = False
102.9508 	EXP 	firstVisualStimulus: autoDraw = True
102.9508 	EXP 	firstChoiceLeftStimulus: autoDraw = True
102.9508 	EXP 	firstChoiceRightStimulus: autoDraw = True
103.2858 	EXP 	firstVisualStimulus: autoDraw = False
103.2858 	EXP 	firstChoiceLeftStimulus: autoDraw = False
103.2858 	EXP 	firstChoiceRightStimulus: autoDraw = False
103.2858 	EXP 	firstVisualStimulus: autoDraw = False
103.2858 	EXP 	firstChoiceLeftStimulus: autoDraw = False
103.2858 	EXP 	firstChoiceRightStimulus: autoDraw = False
103.2858 	EXP 	ISIVisualStimulus: autoDraw = True
103.2858 	EXP 	rightStimulus: autoDraw = True
103.2858 	EXP 	leftStimulus: autoDraw = True
104.7003 	EXP 	ISIVisualStimulus: autoDraw = False
104.7003 	EXP 	rightStimulus: autoDraw = False
104.7003 	EXP 	leftStimulus: autoDraw = False
104.7003 	EXP 	ISIVisualStimulus: autoDraw = False
104.7003 	EXP 	rightStimulus: autoDraw = False
104.7003 	EXP 	leftStimulus: autoDraw = False
104.7194 	EXP 	secondVisualStimulus: autoDraw = True
104.7194 	EXP 	secondChoiceLeftStimulus: autoDraw = True
104.7194 	EXP 	secondChoiceRightStimulus: autoDraw = True
105.0541 	EXP 	secondVisualStimulus: autoDraw = False
105.0541 	EXP 	secondChoiceLeftStimulus: autoDraw = False
105.0541 	EXP 	secondChoiceRightStimulus: autoDraw = False
105.0541 	EXP 	secondVisualStimulus: autoDraw = False
105.0541 	EXP 	secondChoiceLeftStimulus: autoDraw = False
105.0541 	EXP 	secondChoiceRightStimulus: autoDraw = False
105.0541 	EXP 	decisionTextProbe: autoDraw = True
105.2773 	DATA 	Keypress: 2
105.2880 	EXP 	decisionTextProbe: autoDraw = False
105.2880 	EXP 	feedbackText: text = 'Correct'
105.2880 	EXP 	feedbackText: autoDraw = True
106.2890 	EXP 	feedbackText: autoDraw = False
106.2890 	EXP 	feedbackText: autoDraw = False
106.2890 	EXP 	text: autoDraw = True
107.7286 	EXP 	text: autoDraw = False
107.7286 	EXP 	text: autoDraw = False
107.7406 	EXP 	firstVisualStimulus: autoDraw = True
107.7406 	EXP 	firstChoiceLeftStimulus: autoDraw = True
107.7406 	EXP 	firstChoiceRightStimulus: autoDraw = True
108.0739 	EXP 	firstVisualStimulus: autoDraw = False
108.0739 	EXP 	firstChoiceLeftStimulus: autoDraw = False
108.0739 	EXP 	firstChoiceRightStimulus: autoDraw = False
108.0739 	EXP 	firstVisualStimulus: autoDraw = False
108.0739 	EXP 	firstChoiceLeftStimulus: autoDraw = False
108.0739 	EXP 	firstChoiceRightStimulus: autoDraw = False
108.0739 	EXP 	ISIVisualStimulus: autoDraw = True
108.0739 	EXP 	rightStimulus: autoDraw = True
108.0739 	EXP 	leftStimulus: autoDraw = True
109.4931 	EXP 	ISIVisualStimulus: autoDraw = False
109.4931 	EXP 	rightStimulus: autoDraw = False
109.4931 	EXP 	leftStimulus: autoDraw = False
109.4931 	EXP 	ISIVisualStimulus: autoDraw = False
109.4931 	EXP 	rightStimulus: autoDraw = False
109.4931 	EXP 	leftStimulus: autoDraw = False
109.5089 	EXP 	secondVisualStimulus: autoDraw = True
109.5089 	EXP 	secondChoiceLeftStimulus: autoDraw = True
109.5089 	EXP 	secondChoiceRightStimulus: autoDraw = True
109.8424 	EXP 	secondVisualStimulus: autoDraw = False
109.8424 	EXP 	secondChoiceLeftStimulus: autoDraw = False
109.8424 	EXP 	secondChoiceRightStimulus: autoDraw = False
109.8424 	EXP 	secondVisualStimulus: autoDraw = False
109.8424 	EXP 	secondChoiceLeftStimulus: autoDraw = False
109.8424 	EXP 	secondChoiceRightStimulus: autoDraw = False
109.8424 	EXP 	decisionTextProbe: autoDraw = True
110.4352 	DATA 	Keypress: 2
110.4430 	EXP 	decisionTextProbe: autoDraw = False
110.4430 	EXP 	feedbackText: text = 'Incorrect'
110.4430 	EXP 	feedbackText: autoDraw = True
111.4441 	EXP 	feedbackText: autoDraw = False
111.4441 	EXP 	feedbackText: autoDraw = False
111.4441 	EXP 	text: autoDraw = True
112.8567 	EXP 	text: autoDraw = False
112.8567 	EXP 	text: autoDraw = False
112.8567 	EXP 	firstVisualStimulus: autoDraw = True
112.8567 	EXP 	firstChoiceLeftStimulus: autoDraw = True
112.8567 	EXP 	firstChoiceRightStimulus: autoDraw = True
113.1788 	EXP 	firstVisualStimulus: autoDraw = False
113.1788 	EXP 	firstChoiceLeftStimulus: autoDraw = False
113.1788 	EXP 	firstChoiceRightStimulus: autoDraw = False
113.1960 	EXP 	firstVisualStimulus: autoDraw = False
113.1960 	EXP 	firstChoiceLeftStimulus: autoDraw = False
113.1960 	EXP 	firstChoiceRightStimulus: autoDraw = False
113.1960 	EXP 	ISIVisualStimulus: autoDraw = True
113.1960 	EXP 	rightStimulus: autoDraw = True
113.1960 	EXP 	leftStimulus: autoDraw = True
114.6105 	EXP 	ISIVisualStimulus: autoDraw = False
114.6105 	EXP 	rightStimulus: autoDraw = False
114.6105 	EXP 	leftStimulus: autoDraw = False
114.6105 	EXP 	ISIVisualStimulus: autoDraw = False
114.6105 	EXP 	rightStimulus: autoDraw = False
114.6105 	EXP 	leftStimulus: autoDraw = False
114.6105 	EXP 	secondVisualStimulus: autoDraw = True
114.6105 	EXP 	secondChoiceLeftStimulus: autoDraw = True
114.6105 	EXP 	secondChoiceRightStimulus: autoDraw = True
114.9308 	EXP 	secondVisualStimulus: autoDraw = False
114.9308 	EXP 	secondChoiceLeftStimulus: autoDraw = False
114.9308 	EXP 	secondChoiceRightStimulus: autoDraw = False
114.9475 	EXP 	secondVisualStimulus: autoDraw = False
114.9475 	EXP 	secondChoiceLeftStimulus: autoDraw = False
114.9475 	EXP 	secondChoiceRightStimulus: autoDraw = False
114.9475 	EXP 	decisionTextProbe: autoDraw = True
115.2538 	DATA 	Keypress: 2
115.2647 	EXP 	decisionTextProbe: autoDraw = False
115.2647 	EXP 	feedbackText: text = 'Incorrect'
115.2647 	EXP 	feedbackText: autoDraw = True
116.2653 	EXP 	feedbackText: autoDraw = False
116.2653 	EXP 	feedbackText: autoDraw = False
116.2653 	EXP 	text: autoDraw = True
117.6792 	EXP 	text: autoDraw = False
117.6792 	EXP 	text: autoDraw = False
117.6989 	EXP 	firstVisualStimulus: autoDraw = True
117.6989 	EXP 	firstChoiceLeftStimulus: autoDraw = True
117.6989 	EXP 	firstChoiceRightStimulus: autoDraw = True
118.0339 	EXP 	firstVisualStimulus: autoDraw = False
118.0339 	EXP 	firstChoiceLeftStimulus: autoDraw = False
118.0339 	EXP 	firstChoiceRightStimulus: autoDraw = False
118.0339 	EXP 	firstVisualStimulus: autoDraw = False
118.0339 	EXP 	firstChoiceLeftStimulus: autoDraw = False
118.0339 	EXP 	firstChoiceRightStimulus: autoDraw = False
118.0339 	EXP 	ISIVisualStimulus: autoDraw = True
118.0339 	EXP 	rightStimulus: autoDraw = True
118.0339 	EXP 	leftStimulus: autoDraw = True
119.4566 	EXP 	ISIVisualStimulus: autoDraw = False
119.4566 	EXP 	rightStimulus: autoDraw = False
119.4566 	EXP 	leftStimulus: autoDraw = False
119.4566 	EXP 	ISIVisualStimulus: autoDraw = False
119.4566 	EXP 	rightStimulus: autoDraw = False
119.4566 	EXP 	leftStimulus: autoDraw = False
119.4688 	EXP 	secondVisualStimulus: autoDraw = True
119.4688 	EXP 	secondChoiceLeftStimulus: autoDraw = True
119.4688 	EXP 	secondChoiceRightStimulus: autoDraw = True
119.8022 	EXP 	secondVisualStimulus: autoDraw = False
119.8022 	EXP 	secondChoiceLeftStimulus: autoDraw = False
119.8022 	EXP 	secondChoiceRightStimulus: autoDraw = False
119.8022 	EXP 	secondVisualStimulus: autoDraw = False
119.8022 	EXP 	secondChoiceLeftStimulus: autoDraw = False
119.8022 	EXP 	secondChoiceRightStimulus: autoDraw = False
119.8022 	EXP 	decisionTextProbe: autoDraw = True
119.9901 	DATA 	Keypress: 2
120.0192 	EXP 	decisionTextProbe: autoDraw = False
120.0192 	EXP 	feedbackText: text = 'Correct'
120.0192 	EXP 	feedbackText: autoDraw = True
121.0203 	EXP 	feedbackText: autoDraw = False
121.0203 	EXP 	feedbackText: autoDraw = False
121.0203 	EXP 	text: autoDraw = True
122.4392 	EXP 	text: autoDraw = False
122.4392 	EXP 	text: autoDraw = False
122.4552 	EXP 	firstVisualStimulus: autoDraw = True
122.4552 	EXP 	firstChoiceLeftStimulus: autoDraw = True
122.4552 	EXP 	firstChoiceRightStimulus: autoDraw = True
122.7887 	EXP 	firstVisualStimulus: autoDraw = False
122.7887 	EXP 	firstChoiceLeftStimulus: autoDraw = False
122.7887 	EXP 	firstChoiceRightStimulus: autoDraw = False
122.7887 	EXP 	firstVisualStimulus: autoDraw = False
122.7887 	EXP 	firstChoiceLeftStimulus: autoDraw = False
122.7887 	EXP 	firstChoiceRightStimulus: autoDraw = False
122.7887 	EXP 	ISIVisualStimulus: autoDraw = True
122.7887 	EXP 	rightStimulus: autoDraw = True
122.7887 	EXP 	leftStimulus: autoDraw = True
124.2023 	EXP 	ISIVisualStimulus: autoDraw = False
124.2023 	EXP 	rightStimulus: autoDraw = False
124.2023 	EXP 	leftStimulus: autoDraw = False
124.2023 	EXP 	ISIVisualStimulus: autoDraw = False
124.2023 	EXP 	rightStimulus: autoDraw = False
124.2023 	EXP 	leftStimulus: autoDraw = False
124.2220 	EXP 	secondVisualStimulus: autoDraw = True
124.2220 	EXP 	secondChoiceLeftStimulus: autoDraw = True
124.2220 	EXP 	secondChoiceRightStimulus: autoDraw = True
124.5573 	EXP 	secondVisualStimulus: autoDraw = False
124.5573 	EXP 	secondChoiceLeftStimulus: autoDraw = False
124.5573 	EXP 	secondChoiceRightStimulus: autoDraw = False
124.5573 	EXP 	secondVisualStimulus: autoDraw = False
124.5573 	EXP 	secondChoiceLeftStimulus: autoDraw = False
124.5573 	EXP 	secondChoiceRightStimulus: autoDraw = False
124.5573 	EXP 	decisionTextProbe: autoDraw = True
125.1779 	DATA 	Keypress: 1
125.2078 	EXP 	decisionTextProbe: autoDraw = False
125.2078 	EXP 	feedbackText: text = 'Correct'
125.2078 	EXP 	feedbackText: autoDraw = True
126.2088 	EXP 	feedbackText: autoDraw = False
126.2088 	EXP 	feedbackText: autoDraw = False
126.2088 	EXP 	text: autoDraw = True
127.6287 	EXP 	text: autoDraw = False
127.6287 	EXP 	text: autoDraw = False
127.6436 	EXP 	firstVisualStimulus: autoDraw = True
127.6436 	EXP 	firstChoiceLeftStimulus: autoDraw = True
127.6436 	EXP 	firstChoiceRightStimulus: autoDraw = True
127.9769 	EXP 	firstVisualStimulus: autoDraw = False
127.9769 	EXP 	firstChoiceLeftStimulus: autoDraw = False
127.9769 	EXP 	firstChoiceRightStimulus: autoDraw = False
127.9769 	EXP 	firstVisualStimulus: autoDraw = False
127.9769 	EXP 	firstChoiceLeftStimulus: autoDraw = False
127.9769 	EXP 	firstChoiceRightStimulus: autoDraw = False
127.9769 	EXP 	ISIVisualStimulus: autoDraw = True
127.9769 	EXP 	rightStimulus: autoDraw = True
127.9769 	EXP 	leftStimulus: autoDraw = True
129.3914 	EXP 	ISIVisualStimulus: autoDraw = False
129.3914 	EXP 	rightStimulus: autoDraw = False
129.3914 	EXP 	leftStimulus: autoDraw = False
129.3914 	EXP 	ISIVisualStimulus: autoDraw = False
129.3914 	EXP 	rightStimulus: autoDraw = False
129.3914 	EXP 	leftStimulus: autoDraw = False
129.4107 	EXP 	secondVisualStimulus: autoDraw = True
129.4107 	EXP 	secondChoiceLeftStimulus: autoDraw = True
129.4107 	EXP 	secondChoiceRightStimulus: autoDraw = True
129.7457 	EXP 	secondVisualStimulus: autoDraw = False
129.7457 	EXP 	secondChoiceLeftStimulus: autoDraw = False
129.7457 	EXP 	secondChoiceRightStimulus: autoDraw = False
129.7457 	EXP 	secondVisualStimulus: autoDraw = False
129.7457 	EXP 	secondChoiceLeftStimulus: autoDraw = False
129.7457 	EXP 	secondChoiceRightStimulus: autoDraw = False
129.7457 	EXP 	decisionTextProbe: autoDraw = True
129.9676 	DATA 	Keypress: 1
129.9959 	EXP 	decisionTextProbe: autoDraw = False
129.9959 	EXP 	feedbackText: text = 'Correct'
129.9959 	EXP 	feedbackText: autoDraw = True
130.9966 	EXP 	feedbackText: autoDraw = False
130.9966 	EXP 	feedbackText: autoDraw = False
130.9966 	EXP 	text: autoDraw = True
132.4147 	EXP 	text: autoDraw = False
132.4147 	EXP 	text: autoDraw = False
132.4316 	EXP 	firstVisualStimulus: autoDraw = True
132.4316 	EXP 	firstChoiceLeftStimulus: autoDraw = True
132.4316 	EXP 	firstChoiceRightStimulus: autoDraw = True
132.7653 	EXP 	firstVisualStimulus: autoDraw = False
132.7653 	EXP 	firstChoiceLeftStimulus: autoDraw = False
132.7653 	EXP 	firstChoiceRightStimulus: autoDraw = False
132.7653 	EXP 	firstVisualStimulus: autoDraw = False
132.7653 	EXP 	firstChoiceLeftStimulus: autoDraw = False
132.7653 	EXP 	firstChoiceRightStimulus: autoDraw = False
132.7653 	EXP 	ISIVisualStimulus: autoDraw = True
132.7653 	EXP 	rightStimulus: autoDraw = True
132.7653 	EXP 	leftStimulus: autoDraw = True
134.1846 	EXP 	ISIVisualStimulus: autoDraw = False
134.1846 	EXP 	rightStimulus: autoDraw = False
134.1846 	EXP 	leftStimulus: autoDraw = False
134.1846 	EXP 	ISIVisualStimulus: autoDraw = False
134.1846 	EXP 	rightStimulus: autoDraw = False
134.1846 	EXP 	leftStimulus: autoDraw = False
134.2002 	EXP 	secondVisualStimulus: autoDraw = True
134.2002 	EXP 	secondChoiceLeftStimulus: autoDraw = True
134.2002 	EXP 	secondChoiceRightStimulus: autoDraw = True
134.5339 	EXP 	secondVisualStimulus: autoDraw = False
134.5339 	EXP 	secondChoiceLeftStimulus: autoDraw = False
134.5339 	EXP 	secondChoiceRightStimulus: autoDraw = False
134.5339 	EXP 	secondVisualStimulus: autoDraw = False
134.5339 	EXP 	secondChoiceLeftStimulus: autoDraw = False
134.5339 	EXP 	secondChoiceRightStimulus: autoDraw = False
134.5339 	EXP 	decisionTextProbe: autoDraw = True
135.1573 	DATA 	Keypress: 2
135.1676 	EXP 	decisionTextProbe: autoDraw = False
135.1676 	EXP 	feedbackText: text = 'Correct'
135.1676 	EXP 	feedbackText: autoDraw = True
136.1687 	EXP 	feedbackText: autoDraw = False
136.1687 	EXP 	feedbackText: autoDraw = False
136.1687 	EXP 	text: autoDraw = True
137.6328 	EXP 	text: autoDraw = False
137.6328 	EXP 	text: autoDraw = False
137.6526 	EXP 	firstVisualStimulus: autoDraw = True
137.6526 	EXP 	firstChoiceLeftStimulus: autoDraw = True
137.6526 	EXP 	firstChoiceRightStimulus: autoDraw = True
137.9873 	EXP 	firstVisualStimulus: autoDraw = False
137.9873 	EXP 	firstChoiceLeftStimulus: autoDraw = False
137.9873 	EXP 	firstChoiceRightStimulus: autoDraw = False
137.9873 	EXP 	firstVisualStimulus: autoDraw = False
137.9873 	EXP 	firstChoiceLeftStimulus: autoDraw = False
137.9873 	EXP 	firstChoiceRightStimulus: autoDraw = False
137.9873 	EXP 	ISIVisualStimulus: autoDraw = True
137.9873 	EXP 	rightStimulus: autoDraw = True
137.9873 	EXP 	leftStimulus: autoDraw = True
139.4784 	EXP 	ISIVisualStimulus: autoDraw = False
139.4784 	EXP 	rightStimulus: autoDraw = False
139.4784 	EXP 	leftStimulus: autoDraw = False
139.4784 	EXP 	ISIVisualStimulus: autoDraw = False
139.4784 	EXP 	rightStimulus: autoDraw = False
139.4784 	EXP 	leftStimulus: autoDraw = False
139.4784 	EXP 	secondVisualStimulus: autoDraw = True
139.4784 	EXP 	secondChoiceLeftStimulus: autoDraw = True
139.4784 	EXP 	secondChoiceRightStimulus: autoDraw = True
139.8057 	EXP 	secondVisualStimulus: autoDraw = False
139.8057 	EXP 	secondChoiceLeftStimulus: autoDraw = False
139.8057 	EXP 	secondChoiceRightStimulus: autoDraw = False
139.8223 	EXP 	secondVisualStimulus: autoDraw = False
139.8223 	EXP 	secondChoiceLeftStimulus: autoDraw = False
139.8223 	EXP 	secondChoiceRightStimulus: autoDraw = False
139.8223 	EXP 	decisionTextProbe: autoDraw = True
140.4285 	DATA 	Keypress: 1
140.4398 	EXP 	decisionTextProbe: autoDraw = False
140.4398 	EXP 	feedbackText: text = 'Correct'
140.4398 	EXP 	feedbackText: autoDraw = True
141.4411 	EXP 	feedbackText: autoDraw = False
141.4411 	EXP 	feedbackText: autoDraw = False
141.4411 	EXP 	text: autoDraw = True
142.8690 	EXP 	text: autoDraw = False
142.8690 	EXP 	text: autoDraw = False
142.8690 	EXP 	firstVisualStimulus: autoDraw = True
142.8690 	EXP 	firstChoiceLeftStimulus: autoDraw = True
142.8690 	EXP 	firstChoiceRightStimulus: autoDraw = True
143.1925 	EXP 	firstVisualStimulus: autoDraw = False
143.1925 	EXP 	firstChoiceLeftStimulus: autoDraw = False
143.1925 	EXP 	firstChoiceRightStimulus: autoDraw = False
143.2090 	EXP 	firstVisualStimulus: autoDraw = False
143.2090 	EXP 	firstChoiceLeftStimulus: autoDraw = False
143.2090 	EXP 	firstChoiceRightStimulus: autoDraw = False
143.2090 	EXP 	ISIVisualStimulus: autoDraw = True
143.2090 	EXP 	rightStimulus: autoDraw = True
143.2090 	EXP 	leftStimulus: autoDraw = True
144.6305 	EXP 	ISIVisualStimulus: autoDraw = False
144.6305 	EXP 	rightStimulus: autoDraw = False
144.6305 	EXP 	leftStimulus: autoDraw = False
144.6305 	EXP 	ISIVisualStimulus: autoDraw = False
144.6305 	EXP 	rightStimulus: autoDraw = False
144.6305 	EXP 	leftStimulus: autoDraw = False
144.6440 	EXP 	secondVisualStimulus: autoDraw = True
144.6440 	EXP 	secondChoiceLeftStimulus: autoDraw = True
144.6440 	EXP 	secondChoiceRightStimulus: autoDraw = True
144.9774 	EXP 	secondVisualStimulus: autoDraw = False
144.9774 	EXP 	secondChoiceLeftStimulus: autoDraw = False
144.9774 	EXP 	secondChoiceRightStimulus: autoDraw = False
144.9774 	EXP 	secondVisualStimulus: autoDraw = False
144.9774 	EXP 	secondChoiceLeftStimulus: autoDraw = False
144.9774 	EXP 	secondChoiceRightStimulus: autoDraw = False
144.9774 	EXP 	decisionTextProbe: autoDraw = True
145.8184 	DATA 	Keypress: 1
145.8283 	EXP 	decisionTextProbe: autoDraw = False
145.8283 	EXP 	feedbackText: text = 'Correct'
145.8283 	EXP 	feedbackText: autoDraw = True
146.8295 	EXP 	feedbackText: autoDraw = False
146.8295 	EXP 	feedbackText: autoDraw = False
146.8295 	EXP 	text: autoDraw = True
148.3316 	EXP 	text: autoDraw = False
148.3316 	EXP 	text: autoDraw = False
148.3480 	EXP 	firstVisualStimulus: autoDraw = True
148.3480 	EXP 	firstChoiceLeftStimulus: autoDraw = True
148.3480 	EXP 	firstChoiceRightStimulus: autoDraw = True
148.6814 	EXP 	firstVisualStimulus: autoDraw = False
148.6814 	EXP 	firstChoiceLeftStimulus: autoDraw = False
148.6814 	EXP 	firstChoiceRightStimulus: autoDraw = False
148.6814 	EXP 	firstVisualStimulus: autoDraw = False
148.6814 	EXP 	firstChoiceLeftStimulus: autoDraw = False
148.6814 	EXP 	firstChoiceRightStimulus: autoDraw = False
148.6814 	EXP 	ISIVisualStimulus: autoDraw = True
148.6814 	EXP 	rightStimulus: autoDraw = True
148.6814 	EXP 	leftStimulus: autoDraw = True
150.1347 	EXP 	ISIVisualStimulus: autoDraw = False
150.1347 	EXP 	rightStimulus: autoDraw = False
150.1347 	EXP 	leftStimulus: autoDraw = False
150.1347 	EXP 	ISIVisualStimulus: autoDraw = False
150.1347 	EXP 	rightStimulus: autoDraw = False
150.1347 	EXP 	leftStimulus: autoDraw = False
150.1491 	EXP 	secondVisualStimulus: autoDraw = True
150.1491 	EXP 	secondChoiceLeftStimulus: autoDraw = True
150.1491 	EXP 	secondChoiceRightStimulus: autoDraw = True
150.4829 	EXP 	secondVisualStimulus: autoDraw = False
150.4829 	EXP 	secondChoiceLeftStimulus: autoDraw = False
150.4829 	EXP 	secondChoiceRightStimulus: autoDraw = False
150.4829 	EXP 	secondVisualStimulus: autoDraw = False
150.4829 	EXP 	secondChoiceLeftStimulus: autoDraw = False
150.4829 	EXP 	secondChoiceRightStimulus: autoDraw = False
150.4829 	EXP 	decisionTextProbe: autoDraw = True
150.7394 	DATA 	Keypress: 2
150.7497 	EXP 	decisionTextProbe: autoDraw = False
150.7497 	EXP 	feedbackText: text = 'Correct'
150.7497 	EXP 	feedbackText: autoDraw = True
151.7508 	EXP 	feedbackText: autoDraw = False
151.7508 	EXP 	feedbackText: autoDraw = False
151.7508 	EXP 	text: autoDraw = True
153.2466 	EXP 	text: autoDraw = False
153.2466 	EXP 	text: autoDraw = False
153.2466 	EXP 	firstVisualStimulus: autoDraw = True
153.2466 	EXP 	firstChoiceLeftStimulus: autoDraw = True
153.2466 	EXP 	firstChoiceRightStimulus: autoDraw = True
153.5691 	EXP 	firstVisualStimulus: autoDraw = False
153.5691 	EXP 	firstChoiceLeftStimulus: autoDraw = False
153.5691 	EXP 	firstChoiceRightStimulus: autoDraw = False
153.5863 	EXP 	firstVisualStimulus: autoDraw = False
153.5863 	EXP 	firstChoiceLeftStimulus: autoDraw = False
153.5863 	EXP 	firstChoiceRightStimulus: autoDraw = False
153.5863 	EXP 	ISIVisualStimulus: autoDraw = True
153.5863 	EXP 	rightStimulus: autoDraw = True
153.5863 	EXP 	leftStimulus: autoDraw = True
155.0620 	EXP 	ISIVisualStimulus: autoDraw = False
155.0620 	EXP 	rightStimulus: autoDraw = False
155.0620 	EXP 	leftStimulus: autoDraw = False
155.0620 	EXP 	ISIVisualStimulus: autoDraw = False
155.0620 	EXP 	rightStimulus: autoDraw = False
155.0620 	EXP 	leftStimulus: autoDraw = False
155.0620 	EXP 	secondVisualStimulus: autoDraw = True
155.0620 	EXP 	secondChoiceLeftStimulus: autoDraw = True
155.0620 	EXP 	secondChoiceRightStimulus: autoDraw = True
155.3875 	EXP 	secondVisualStimulus: autoDraw = False
155.3875 	EXP 	secondChoiceLeftStimulus: autoDraw = False
155.3875 	EXP 	secondChoiceRightStimulus: autoDraw = False
155.4044 	EXP 	secondVisualStimulus: autoDraw = False
155.4044 	EXP 	secondChoiceLeftStimulus: autoDraw = False
155.4044 	EXP 	secondChoiceRightStimulus: autoDraw = False
155.4044 	EXP 	decisionTextProbe: autoDraw = True
155.6285 	DATA 	Keypress: 2
155.6379 	EXP 	decisionTextProbe: autoDraw = False
155.6379 	EXP 	feedbackText: text = 'Correct'
155.6379 	EXP 	feedbackText: autoDraw = True
156.6387 	EXP 	feedbackText: autoDraw = False
156.6387 	EXP 	feedbackText: autoDraw = False
156.6387 	EXP 	text: autoDraw = True
158.1070 	EXP 	text: autoDraw = False
158.1070 	EXP 	text: autoDraw = False
158.1240 	EXP 	firstVisualStimulus: autoDraw = True
158.1240 	EXP 	firstChoiceLeftStimulus: autoDraw = True
158.1240 	EXP 	firstChoiceRightStimulus: autoDraw = True
158.4578 	EXP 	firstVisualStimulus: autoDraw = False
158.4578 	EXP 	firstChoiceLeftStimulus: autoDraw = False
158.4578 	EXP 	firstChoiceRightStimulus: autoDraw = False
158.4578 	EXP 	firstVisualStimulus: autoDraw = False
158.4578 	EXP 	firstChoiceLeftStimulus: autoDraw = False
158.4578 	EXP 	firstChoiceRightStimulus: autoDraw = False
158.4578 	EXP 	ISIVisualStimulus: autoDraw = True
158.4578 	EXP 	rightStimulus: autoDraw = True
158.4578 	EXP 	leftStimulus: autoDraw = True
159.9213 	EXP 	ISIVisualStimulus: autoDraw = False
159.9213 	EXP 	rightStimulus: autoDraw = False
159.9213 	EXP 	leftStimulus: autoDraw = False
159.9213 	EXP 	ISIVisualStimulus: autoDraw = False
159.9213 	EXP 	rightStimulus: autoDraw = False
159.9213 	EXP 	leftStimulus: autoDraw = False
159.9406 	EXP 	secondVisualStimulus: autoDraw = True
159.9406 	EXP 	secondChoiceLeftStimulus: autoDraw = True
159.9406 	EXP 	secondChoiceRightStimulus: autoDraw = True
160.2757 	EXP 	secondVisualStimulus: autoDraw = False
160.2757 	EXP 	secondChoiceLeftStimulus: autoDraw = False
160.2757 	EXP 	secondChoiceRightStimulus: autoDraw = False
160.2757 	EXP 	secondVisualStimulus: autoDraw = False
160.2757 	EXP 	secondChoiceLeftStimulus: autoDraw = False
160.2757 	EXP 	secondChoiceRightStimulus: autoDraw = False
160.2757 	EXP 	decisionTextProbe: autoDraw = True
160.6844 	DATA 	Keypress: 2
160.6927 	EXP 	decisionTextProbe: autoDraw = False
160.6927 	EXP 	feedbackText: text = 'Incorrect'
160.6927 	EXP 	feedbackText: autoDraw = True
161.6944 	EXP 	feedbackText: autoDraw = False
161.6944 	EXP 	feedbackText: autoDraw = False
161.6944 	EXP 	text: autoDraw = True
163.1179 	EXP 	text: autoDraw = False
163.1179 	EXP 	text: autoDraw = False
163.1179 	EXP 	firstVisualStimulus: autoDraw = True
163.1179 	EXP 	firstChoiceLeftStimulus: autoDraw = True
163.1179 	EXP 	firstChoiceRightStimulus: autoDraw = True
163.4462 	EXP 	firstVisualStimulus: autoDraw = False
163.4462 	EXP 	firstChoiceLeftStimulus: autoDraw = False
163.4462 	EXP 	firstChoiceRightStimulus: autoDraw = False
163.4627 	EXP 	firstVisualStimulus: autoDraw = False
163.4627 	EXP 	firstChoiceLeftStimulus: autoDraw = False
163.4627 	EXP 	firstChoiceRightStimulus: autoDraw = False
163.4627 	EXP 	ISIVisualStimulus: autoDraw = True
163.4627 	EXP 	rightStimulus: autoDraw = True
163.4627 	EXP 	leftStimulus: autoDraw = True
164.8814 	EXP 	ISIVisualStimulus: autoDraw = False
164.8814 	EXP 	rightStimulus: autoDraw = False
164.8814 	EXP 	leftStimulus: autoDraw = False
164.8814 	EXP 	ISIVisualStimulus: autoDraw = False
164.8814 	EXP 	rightStimulus: autoDraw = False
164.8814 	EXP 	leftStimulus: autoDraw = False
164.8973 	EXP 	secondVisualStimulus: autoDraw = True
164.8973 	EXP 	secondChoiceLeftStimulus: autoDraw = True
164.8973 	EXP 	secondChoiceRightStimulus: autoDraw = True
165.2312 	EXP 	secondVisualStimulus: autoDraw = False
165.2312 	EXP 	secondChoiceLeftStimulus: autoDraw = False
165.2312 	EXP 	secondChoiceRightStimulus: autoDraw = False
165.2312 	EXP 	secondVisualStimulus: autoDraw = False
165.2312 	EXP 	secondChoiceLeftStimulus: autoDraw = False
165.2312 	EXP 	secondChoiceRightStimulus: autoDraw = False
165.2312 	EXP 	decisionTextProbe: autoDraw = True
165.4877 	DATA 	Keypress: 2
165.4979 	EXP 	decisionTextProbe: autoDraw = False
165.4979 	EXP 	feedbackText: text = 'Incorrect'
165.4979 	EXP 	feedbackText: autoDraw = True
166.4991 	EXP 	feedbackText: autoDraw = False
166.4991 	EXP 	feedbackText: autoDraw = False
166.4991 	EXP 	text: autoDraw = True
167.9484 	EXP 	text: autoDraw = False
167.9484 	EXP 	text: autoDraw = False
167.9672 	EXP 	firstVisualStimulus: autoDraw = True
167.9672 	EXP 	firstChoiceLeftStimulus: autoDraw = True
167.9672 	EXP 	firstChoiceRightStimulus: autoDraw = True
168.3007 	EXP 	firstVisualStimulus: autoDraw = False
168.3007 	EXP 	firstChoiceLeftStimulus: autoDraw = False
168.3007 	EXP 	firstChoiceRightStimulus: autoDraw = False
168.3007 	EXP 	firstVisualStimulus: autoDraw = False
168.3007 	EXP 	firstChoiceLeftStimulus: autoDraw = False
168.3007 	EXP 	firstChoiceRightStimulus: autoDraw = False
168.3007 	EXP 	ISIVisualStimulus: autoDraw = True
168.3007 	EXP 	rightStimulus: autoDraw = True
168.3007 	EXP 	leftStimulus: autoDraw = True
169.7266 	EXP 	ISIVisualStimulus: autoDraw = False
169.7266 	EXP 	rightStimulus: autoDraw = False
169.7266 	EXP 	leftStimulus: autoDraw = False
169.7266 	EXP 	ISIVisualStimulus: autoDraw = False
169.7266 	EXP 	rightStimulus: autoDraw = False
169.7266 	EXP 	leftStimulus: autoDraw = False
169.7266 	EXP 	secondVisualStimulus: autoDraw = True
169.7266 	EXP 	secondChoiceLeftStimulus: autoDraw = True
169.7266 	EXP 	secondChoiceRightStimulus: autoDraw = True
170.0528 	EXP 	secondVisualStimulus: autoDraw = False
170.0528 	EXP 	secondChoiceLeftStimulus: autoDraw = False
170.0528 	EXP 	secondChoiceRightStimulus: autoDraw = False
170.0694 	EXP 	secondVisualStimulus: autoDraw = False
170.0694 	EXP 	secondChoiceLeftStimulus: autoDraw = False
170.0694 	EXP 	secondChoiceRightStimulus: autoDraw = False
170.0694 	EXP 	decisionTextProbe: autoDraw = True
170.5903 	DATA 	Keypress: 2
170.6199 	EXP 	decisionTextProbe: autoDraw = False
170.6199 	EXP 	feedbackText: text = 'Incorrect'
170.6199 	EXP 	feedbackText: autoDraw = True
171.6208 	EXP 	feedbackText: autoDraw = False
171.6208 	EXP 	feedbackText: autoDraw = False
171.6208 	EXP 	text: autoDraw = True
173.0405 	EXP 	text: autoDraw = False
173.0405 	EXP 	text: autoDraw = False
173.0557 	EXP 	firstVisualStimulus: autoDraw = True
173.0557 	EXP 	firstChoiceLeftStimulus: autoDraw = True
173.0557 	EXP 	firstChoiceRightStimulus: autoDraw = True
173.3893 	EXP 	firstVisualStimulus: autoDraw = False
173.3893 	EXP 	firstChoiceLeftStimulus: autoDraw = False
173.3893 	EXP 	firstChoiceRightStimulus: autoDraw = False
173.3893 	EXP 	firstVisualStimulus: autoDraw = False
173.3893 	EXP 	firstChoiceLeftStimulus: autoDraw = False
173.3893 	EXP 	firstChoiceRightStimulus: autoDraw = False
173.3893 	EXP 	ISIVisualStimulus: autoDraw = True
173.3893 	EXP 	rightStimulus: autoDraw = True
173.3893 	EXP 	leftStimulus: autoDraw = True
174.8030 	EXP 	ISIVisualStimulus: autoDraw = False
174.8030 	EXP 	rightStimulus: autoDraw = False
174.8030 	EXP 	leftStimulus: autoDraw = False
174.8030 	EXP 	ISIVisualStimulus: autoDraw = False
174.8030 	EXP 	rightStimulus: autoDraw = False
174.8030 	EXP 	leftStimulus: autoDraw = False
174.8030 	EXP 	secondVisualStimulus: autoDraw = True
174.8030 	EXP 	secondChoiceLeftStimulus: autoDraw = True
174.8030 	EXP 	secondChoiceRightStimulus: autoDraw = True
175.1242 	EXP 	secondVisualStimulus: autoDraw = False
175.1242 	EXP 	secondChoiceLeftStimulus: autoDraw = False
175.1242 	EXP 	secondChoiceRightStimulus: autoDraw = False
175.1409 	EXP 	secondVisualStimulus: autoDraw = False
175.1409 	EXP 	secondChoiceLeftStimulus: autoDraw = False
175.1409 	EXP 	secondChoiceRightStimulus: autoDraw = False
175.1409 	EXP 	decisionTextProbe: autoDraw = True
175.3338 	DATA 	Keypress: 1
175.3412 	EXP 	decisionTextProbe: autoDraw = False
175.3412 	EXP 	feedbackText: text = 'Correct'
175.3412 	EXP 	feedbackText: autoDraw = True
176.3420 	EXP 	feedbackText: autoDraw = False
176.3420 	EXP 	feedbackText: autoDraw = False
176.3420 	EXP 	text: autoDraw = True
177.7679 	EXP 	text: autoDraw = False
177.7679 	EXP 	text: autoDraw = False
177.7679 	EXP 	firstVisualStimulus: autoDraw = True
177.7679 	EXP 	firstChoiceLeftStimulus: autoDraw = True
177.7679 	EXP 	firstChoiceRightStimulus: autoDraw = True
178.0937 	EXP 	firstVisualStimulus: autoDraw = False
178.0937 	EXP 	firstChoiceLeftStimulus: autoDraw = False
178.0937 	EXP 	firstChoiceRightStimulus: autoDraw = False
178.1106 	EXP 	firstVisualStimulus: autoDraw = False
178.1106 	EXP 	firstChoiceLeftStimulus: autoDraw = False
178.1106 	EXP 	firstChoiceRightStimulus: autoDraw = False
178.1106 	EXP 	ISIVisualStimulus: autoDraw = True
178.1106 	EXP 	rightStimulus: autoDraw = True
178.1106 	EXP 	leftStimulus: autoDraw = True
179.5301 	EXP 	ISIVisualStimulus: autoDraw = False
179.5301 	EXP 	rightStimulus: autoDraw = False
179.5301 	EXP 	leftStimulus: autoDraw = False
179.5301 	EXP 	ISIVisualStimulus: autoDraw = False
179.5301 	EXP 	rightStimulus: autoDraw = False
179.5301 	EXP 	leftStimulus: autoDraw = False
179.5454 	EXP 	secondVisualStimulus: autoDraw = True
179.5454 	EXP 	secondChoiceLeftStimulus: autoDraw = True
179.5454 	EXP 	secondChoiceRightStimulus: autoDraw = True
179.8792 	EXP 	secondVisualStimulus: autoDraw = False
179.8792 	EXP 	secondChoiceLeftStimulus: autoDraw = False
179.8792 	EXP 	secondChoiceRightStimulus: autoDraw = False
179.8792 	EXP 	secondVisualStimulus: autoDraw = False
179.8792 	EXP 	secondChoiceLeftStimulus: autoDraw = False
179.8792 	EXP 	secondChoiceRightStimulus: autoDraw = False
179.8792 	EXP 	decisionTextProbe: autoDraw = True
180.0718 	DATA 	Keypress: 2
180.0792 	EXP 	decisionTextProbe: autoDraw = False
180.0792 	EXP 	feedbackText: text = 'Incorrect'
180.0792 	EXP 	feedbackText: autoDraw = True
181.0804 	EXP 	feedbackText: autoDraw = False
181.0804 	EXP 	feedbackText: autoDraw = False
181.0804 	EXP 	text: autoDraw = True
182.4937 	EXP 	text: autoDraw = False
182.4937 	EXP 	text: autoDraw = False
182.4937 	EXP 	firstVisualStimulus: autoDraw = True
182.4937 	EXP 	firstChoiceLeftStimulus: autoDraw = True
182.4937 	EXP 	firstChoiceRightStimulus: autoDraw = True
182.8151 	EXP 	firstVisualStimulus: autoDraw = False
182.8151 	EXP 	firstChoiceLeftStimulus: autoDraw = False
182.8151 	EXP 	firstChoiceRightStimulus: autoDraw = False
182.8321 	EXP 	firstVisualStimulus: autoDraw = False
182.8321 	EXP 	firstChoiceLeftStimulus: autoDraw = False
182.8321 	EXP 	firstChoiceRightStimulus: autoDraw = False
182.8321 	EXP 	ISIVisualStimulus: autoDraw = True
182.8321 	EXP 	rightStimulus: autoDraw = True
182.8321 	EXP 	leftStimulus: autoDraw = True
184.2513 	EXP 	ISIVisualStimulus: autoDraw = False
184.2513 	EXP 	rightStimulus: autoDraw = False
184.2513 	EXP 	leftStimulus: autoDraw = False
184.2513 	EXP 	ISIVisualStimulus: autoDraw = False
184.2513 	EXP 	rightStimulus: autoDraw = False
184.2513 	EXP 	leftStimulus: autoDraw = False
184.2667 	EXP 	secondVisualStimulus: autoDraw = True
184.2667 	EXP 	secondChoiceLeftStimulus: autoDraw = True
184.2667 	EXP 	secondChoiceRightStimulus: autoDraw = True
184.6002 	EXP 	secondVisualStimulus: autoDraw = False
184.6002 	EXP 	secondChoiceLeftStimulus: autoDraw = False
184.6002 	EXP 	secondChoiceRightStimulus: autoDraw = False
184.6002 	EXP 	secondVisualStimulus: autoDraw = False
184.6002 	EXP 	secondChoiceLeftStimulus: autoDraw = False
184.6002 	EXP 	secondChoiceRightStimulus: autoDraw = False
184.6002 	EXP 	decisionTextProbe: autoDraw = True
184.7725 	DATA 	Keypress: 2
184.8004 	EXP 	decisionTextProbe: autoDraw = False
184.8004 	EXP 	feedbackText: text = 'Correct'
184.8004 	EXP 	feedbackText: autoDraw = True
185.8018 	EXP 	feedbackText: autoDraw = False
185.8018 	EXP 	feedbackText: autoDraw = False
185.8018 	EXP 	text_11: autoDraw = True
187.3238 	DATA 	Keypress: e
187.3363 	EXP 	text_11: autoDraw = False
187.3450 	INFO 	saved data to 'C:\\Users\\W2032175\\Documents\\GitHub\\Open-source-Auditory-Tone-Detection-Task\\Auditory Tone Detection Task\\data/_toneDetectionPlatform_V1.8_2020_Nov_09_1546.csv'
187.3542 	INFO 	saved data to C:\Users\W2032175\Documents\GitHub\Open-source-Auditory-Tone-Detection-Task\Auditory Tone Detection Task\data/_toneDetectionPlatform_V1.8_2020_Nov_09_1546.psydat
187.3819 	EXP 	window1: mouseVisible = True
187.4684 	DEBUG 	Saving data for toneDetectionPlatform_V1.8 ExperimentHandler
